<?xml version="1.0" encoding="UTF-8" ?>
<testsuite failures="0" time="16.686" errors="5" skipped="0" tests="5" name="org.ssoup.denv.server.test.BasicTest">
  <properties>
    <property name="java.runtime.name" value="Java(TM) SE Runtime Environment"/>
    <property name="sun.boot.library.path" value="C:\myDeveloper\jdk1.7.0_21\jre\bin"/>
    <property name="java.vm.version" value="23.21-b01"/>
    <property name="java.vm.vendor" value="Oracle Corporation"/>
    <property name="java.vendor.url" value="http://java.oracle.com/"/>
    <property name="path.separator" value=";"/>
    <property name="java.vm.name" value="Java HotSpot(TM) 64-Bit Server VM"/>
    <property name="file.encoding.pkg" value="sun.io"/>
    <property name="user.script" value=""/>
    <property name="user.country" value="GB"/>
    <property name="sun.java.launcher" value="SUN_STANDARD"/>
    <property name="sun.os.patch.level" value="Service Pack 1"/>
    <property name="java.vm.specification.name" value="Java Virtual Machine Specification"/>
    <property name="user.dir" value="C:\workspaces\denv\denv-server-integration-test"/>
    <property name="PID" value="9700"/>
    <property name="java.runtime.version" value="1.7.0_21-b11"/>
    <property name="java.awt.graphicsenv" value="sun.awt.Win32GraphicsEnvironment"/>
    <property name="basedir" value="C:\workspaces\denv\denv-server-integration-test"/>
    <property name="java.endorsed.dirs" value="C:\myDeveloper\jdk1.7.0_21\jre\lib\endorsed"/>
    <property name="os.arch" value="amd64"/>
    <property name="surefire.real.class.path" value="C:\Users\ALB\AppData\Local\Temp\surefirebooter6941556018687466244.jar"/>
    <property name="java.io.tmpdir" value="C:\Users\ALB\AppData\Local\Temp\"/>
    <property name="line.separator" value="
"/>
    <property name="java.vm.specification.vendor" value="Oracle Corporation"/>
    <property name="LOG_TEMP" value="C:/Users/ALB/AppData/Local/Temp"/>
    <property name="user.variant" value=""/>
    <property name="os.name" value="Windows 7"/>
    <property name="sun.jnu.encoding" value="Cp1252"/>
    <property name="java.library.path" value="C:\myDeveloper\jdk1.7.0_21\jre\bin;C:\windows\Sun\Java\bin;C:\windows\system32;C:\windows;C:\Program Files (x86)\PC Connectivity Solution\;C:\Program Files\Common Files\Microsoft Shared\Windows Live;C:\windows\system32;C:\windows;C:\windows\System32\Wbem;C:\windows\System32\WindowsPowerShell\v1.0\;C:\Program Files (x86)\Common Files\Roxio Shared\DLLShared\;C:\Program Files\WIDCOMM\Bluetooth Software\;C:\Program Files\WIDCOMM\Bluetooth Software\syswow64;C:\Program Files\Broadcom\Broadcom 802.11;C:\Program Files (x86)\ATI Technologies\ATI.ACE\Core-Static;C:\Program Files (x86)\Common Files\Roxio Shared\OEM\DLLShared\;C:\Program Files (x86)\Common Files\Roxio Shared\OEM\DLLShared\;C:\Program Files (x86)\Common Files\Roxio Shared\OEM\12.0\DLLShared\;C:\Program Files (x86)\Roxio\OEM\AudioCore\;C:\Program Files (x86)\Intel\Services\IPT\;C:\Program Files (x86)\Common Files\Acronis\SnapAPI\;C:\myDeveloper\jdk1.6.0_30\bin;C:\myDeveloper\apache-maven-2.2.1\bin;C:\myDeveloper\mySQL\MySQL Server 5.5\bin;C:\Program Files (x86)\Heroku\bin;C:\Program Files (x86)\ruby-1.9.3\bin;C:\Program Files (x86)\git\bin;C:\Program Files (x86)\git\cmd;C:\myDeveloper\apache-ant-1.8.4\bin;C:\myDeveloper\grails-2.0.4\bin;C:\Program Files (x86)\QuickTime\QTSystem\;C:\Program Files\TortoiseHg\;c:\svn;C:\Program Files\TortoiseSVN\bin;C:\librerie\android-sdk\sdk\platform-tools;C:\librerie\android-sdk\sdk\tools;C:\Program Files\nodejs\;C:\Program Files (x86)\Git\cmd;C:\Program Files (x86)\Vagrant\bin;C:\Go\bin;C:\Users\ALB\AppData\Roaming\npm;C:\myDeveloper\nginx-1.6.0;C:\Program Files\MySQL\MySQL Server 5.6\bin;C:\Program Files\Oracle\VirtualBox;c:\workspaces\go\bin;."/>
    <property name="surefire.test.class.path" value="C:\workspaces\denv\denv-server-integration-test\target\test-classes;C:\workspaces\denv\denv-server-integration-test\target\classes;C:\workspaces\denv\denv-server-docker\target\denv-server-docker-0.1.0.jar;C:\workspaces\denv\denv-server\target\denv-server-0.1.0.jar;C:\workspaces\denv\denv-common\target\denv-common-0.1.0.jar;C:\Users\ALB\.m2\repository\org\springframework\boot\spring-boot-starter-web\1.1.4.RELEASE\spring-boot-starter-web-1.1.4.RELEASE.jar;C:\Users\ALB\.m2\repository\org\springframework\boot\spring-boot-starter\1.1.4.RELEASE\spring-boot-starter-1.1.4.RELEASE.jar;C:\Users\ALB\.m2\repository\org\springframework\boot\spring-boot\1.1.4.RELEASE\spring-boot-1.1.4.RELEASE.jar;C:\Users\ALB\.m2\repository\org\springframework\spring-core\4.0.6.RELEASE\spring-core-4.0.6.RELEASE.jar;C:\Users\ALB\.m2\repository\org\springframework\spring-context\4.0.6.RELEASE\spring-context-4.0.6.RELEASE.jar;C:\Users\ALB\.m2\repository\org\springframework\spring-aop\4.0.6.RELEASE\spring-aop-4.0.6.RELEASE.jar;C:\Users\ALB\.m2\repository\aopalliance\aopalliance\1.0\aopalliance-1.0.jar;C:\Users\ALB\.m2\repository\org\springframework\spring-beans\4.0.6.RELEASE\spring-beans-4.0.6.RELEASE.jar;C:\Users\ALB\.m2\repository\org\springframework\spring-expression\4.0.6.RELEASE\spring-expression-4.0.6.RELEASE.jar;C:\Users\ALB\.m2\repository\org\springframework\boot\spring-boot-autoconfigure\1.1.4.RELEASE\spring-boot-autoconfigure-1.1.4.RELEASE.jar;C:\Users\ALB\.m2\repository\org\springframework\boot\spring-boot-starter-logging\1.1.4.RELEASE\spring-boot-starter-logging-1.1.4.RELEASE.jar;C:\Users\ALB\.m2\repository\org\slf4j\jcl-over-slf4j\1.7.7\jcl-over-slf4j-1.7.7.jar;C:\Users\ALB\.m2\repository\org\slf4j\slf4j-api\1.7.7\slf4j-api-1.7.7.jar;C:\Users\ALB\.m2\repository\org\slf4j\jul-to-slf4j\1.7.7\jul-to-slf4j-1.7.7.jar;C:\Users\ALB\.m2\repository\org\slf4j\log4j-over-slf4j\1.7.7\log4j-over-slf4j-1.7.7.jar;C:\Users\ALB\.m2\repository\ch\qos\logback\logback-classic\1.1.2\logback-classic-1.1.2.jar;C:\Users\ALB\.m2\repository\ch\qos\logback\logback-core\1.1.2\logback-core-1.1.2.jar;C:\Users\ALB\.m2\repository\org\yaml\snakeyaml\1.13\snakeyaml-1.13.jar;C:\Users\ALB\.m2\repository\org\springframework\boot\spring-boot-starter-tomcat\1.1.4.RELEASE\spring-boot-starter-tomcat-1.1.4.RELEASE.jar;C:\Users\ALB\.m2\repository\org\apache\tomcat\embed\tomcat-embed-core\7.0.54\tomcat-embed-core-7.0.54.jar;C:\Users\ALB\.m2\repository\org\apache\tomcat\embed\tomcat-embed-el\7.0.54\tomcat-embed-el-7.0.54.jar;C:\Users\ALB\.m2\repository\org\apache\tomcat\embed\tomcat-embed-logging-juli\7.0.54\tomcat-embed-logging-juli-7.0.54.jar;C:\Users\ALB\.m2\repository\com\fasterxml\jackson\core\jackson-databind\2.3.3\jackson-databind-2.3.3.jar;C:\Users\ALB\.m2\repository\com\fasterxml\jackson\core\jackson-annotations\2.3.3\jackson-annotations-2.3.3.jar;C:\Users\ALB\.m2\repository\com\fasterxml\jackson\core\jackson-core\2.3.3\jackson-core-2.3.3.jar;C:\Users\ALB\.m2\repository\org\hibernate\hibernate-validator\5.0.3.Final\hibernate-validator-5.0.3.Final.jar;C:\Users\ALB\.m2\repository\javax\validation\validation-api\1.1.0.Final\validation-api-1.1.0.Final.jar;C:\Users\ALB\.m2\repository\org\jboss\logging\jboss-logging\3.1.1.GA\jboss-logging-3.1.1.GA.jar;C:\Users\ALB\.m2\repository\com\fasterxml\classmate\1.0.0\classmate-1.0.0.jar;C:\Users\ALB\.m2\repository\org\springframework\spring-web\4.0.6.RELEASE\spring-web-4.0.6.RELEASE.jar;C:\Users\ALB\.m2\repository\org\springframework\spring-webmvc\4.0.6.RELEASE\spring-webmvc-4.0.6.RELEASE.jar;C:\Users\ALB\.m2\repository\org\springframework\boot\spring-boot-starter-security\1.1.4.RELEASE\spring-boot-starter-security-1.1.4.RELEASE.jar;C:\Users\ALB\.m2\repository\org\springframework\security\spring-security-config\3.2.4.RELEASE\spring-security-config-3.2.4.RELEASE.jar;C:\Users\ALB\.m2\repository\org\springframework\security\spring-security-core\3.2.4.RELEASE\spring-security-core-3.2.4.RELEASE.jar;C:\Users\ALB\.m2\repository\org\springframework\security\spring-security-web\3.2.4.RELEASE\spring-security-web-3.2.4.RELEASE.jar;C:\Users\ALB\.m2\repository\org\springframework\boot\spring-boot-starter-actuator\1.1.4.RELEASE\spring-boot-starter-actuator-1.1.4.RELEASE.jar;C:\Users\ALB\.m2\repository\org\springframework\boot\spring-boot-actuator\1.1.4.RELEASE\spring-boot-actuator-1.1.4.RELEASE.jar;C:\Users\ALB\.m2\repository\org\springframework\boot\spring-boot-starter-test\1.1.4.RELEASE\spring-boot-starter-test-1.1.4.RELEASE.jar;C:\Users\ALB\.m2\repository\junit\junit\4.11\junit-4.11.jar;C:\Users\ALB\.m2\repository\org\hamcrest\hamcrest-core\1.3\hamcrest-core-1.3.jar;C:\Users\ALB\.m2\repository\org\mockito\mockito-core\1.9.5\mockito-core-1.9.5.jar;C:\Users\ALB\.m2\repository\org\objenesis\objenesis\1.0\objenesis-1.0.jar;C:\Users\ALB\.m2\repository\org\hamcrest\hamcrest-library\1.3\hamcrest-library-1.3.jar;C:\Users\ALB\.m2\repository\org\springframework\spring-test\4.0.6.RELEASE\spring-test-4.0.6.RELEASE.jar;C:\Users\ALB\.m2\repository\com\github\docker-java\docker-java\0.10.0\docker-java-0.10.0.jar;C:\Users\ALB\.m2\repository\com\fasterxml\jackson\jaxrs\jackson-jaxrs-json-provider\2.3.3\jackson-jaxrs-json-provider-2.3.3.jar;C:\Users\ALB\.m2\repository\com\fasterxml\jackson\jaxrs\jackson-jaxrs-base\2.3.3\jackson-jaxrs-base-2.3.3.jar;C:\Users\ALB\.m2\repository\com\fasterxml\jackson\module\jackson-module-jaxb-annotations\2.3.3\jackson-module-jaxb-annotations-2.3.3.jar;C:\Users\ALB\.m2\repository\org\glassfish\jersey\connectors\jersey-jetty-connector\2.11\jersey-jetty-connector-2.11.jar;C:\Users\ALB\.m2\repository\org\eclipse\jetty\jetty-client\9.1.1.v20140108\jetty-client-9.1.1.v20140108.jar;C:\Users\ALB\.m2\repository\org\eclipse\jetty\jetty-http\9.1.1.v20140108\jetty-http-9.1.1.v20140108.jar;C:\Users\ALB\.m2\repository\org\eclipse\jetty\jetty-util\8.1.15.v20140411\jetty-util-8.1.15.v20140411.jar;C:\Users\ALB\.m2\repository\org\eclipse\jetty\jetty-io\9.1.1.v20140108\jetty-io-9.1.1.v20140108.jar;C:\Users\ALB\.m2\repository\org\glassfish\jersey\core\jersey-common\2.11\jersey-common-2.11.jar;C:\Users\ALB\.m2\repository\javax\ws\rs\javax.ws.rs-api\2.0\javax.ws.rs-api-2.0.jar;C:\Users\ALB\.m2\repository\javax\annotation\javax.annotation-api\1.2\javax.annotation-api-1.2.jar;C:\Users\ALB\.m2\repository\org\glassfish\jersey\bundles\repackaged\jersey-guava\2.11\jersey-guava-2.11.jar;C:\Users\ALB\.m2\repository\org\glassfish\hk2\hk2-api\2.3.0-b05\hk2-api-2.3.0-b05.jar;C:\Users\ALB\.m2\repository\org\glassfish\hk2\hk2-utils\2.3.0-b05\hk2-utils-2.3.0-b05.jar;C:\Users\ALB\.m2\repository\org\glassfish\hk2\external\aopalliance-repackaged\2.3.0-b05\aopalliance-repackaged-2.3.0-b05.jar;C:\Users\ALB\.m2\repository\org\glassfish\hk2\external\javax.inject\2.3.0-b05\javax.inject-2.3.0-b05.jar;C:\Users\ALB\.m2\repository\org\glassfish\hk2\hk2-locator\2.3.0-b05\hk2-locator-2.3.0-b05.jar;C:\Users\ALB\.m2\repository\org\javassist\javassist\3.18.1-GA\javassist-3.18.1-GA.jar;C:\Users\ALB\.m2\repository\org\glassfish\hk2\osgi-resource-locator\1.0.1\osgi-resource-locator-1.0.1.jar;C:\Users\ALB\.m2\repository\org\glassfish\jersey\core\jersey-client\2.11\jersey-client-2.11.jar;C:\Users\ALB\.m2\repository\org\apache\commons\commons-compress\1.5\commons-compress-1.5.jar;C:\Users\ALB\.m2\repository\org\tukaani\xz\1.2\xz-1.2.jar;C:\Users\ALB\.m2\repository\commons-codec\commons-codec\1.8\commons-codec-1.8.jar;C:\Users\ALB\.m2\repository\commons-lang\commons-lang\2.6\commons-lang-2.6.jar;C:\Users\ALB\.m2\repository\commons-io\commons-io\2.3\commons-io-2.3.jar;C:\Users\ALB\.m2\repository\com\github\jnr\jnr-unixsocket\0.3\jnr-unixsocket-0.3.jar;C:\Users\ALB\.m2\repository\com\github\jnr\jnr-ffi\1.0.3\jnr-ffi-1.0.3.jar;C:\Users\ALB\.m2\repository\com\github\jnr\jffi\1.2.7\jffi-1.2.7.jar;C:\Users\ALB\.m2\repository\com\github\jnr\jffi\1.2.7\jffi-1.2.7-native.jar;C:\Users\ALB\.m2\repository\org\ow2\asm\asm\4.0\asm-4.0.jar;C:\Users\ALB\.m2\repository\org\ow2\asm\asm-commons\4.0\asm-commons-4.0.jar;C:\Users\ALB\.m2\repository\org\ow2\asm\asm-tree\4.0\asm-tree-4.0.jar;C:\Users\ALB\.m2\repository\org\ow2\asm\asm-analysis\4.0\asm-analysis-4.0.jar;C:\Users\ALB\.m2\repository\org\ow2\asm\asm-util\4.0\asm-util-4.0.jar;C:\Users\ALB\.m2\repository\com\github\jnr\jnr-x86asm\1.0.2\jnr-x86asm-1.0.2.jar;C:\Users\ALB\.m2\repository\com\github\jnr\jnr-constants\0.8.4\jnr-constants-0.8.4.jar;C:\Users\ALB\.m2\repository\com\github\jnr\jnr-enxio\0.4\jnr-enxio-0.4.jar;C:\Users\ALB\.m2\repository\com\google\guava\guava\11.0.1\guava-11.0.1.jar;C:\Users\ALB\.m2\repository\com\google\code\findbugs\jsr305\1.3.9\jsr305-1.3.9.jar;C:\workspaces\denv\denv-server-rundeck\target\denv-server-rundeck-0.1.0.jar;C:\workspaces\denv\denv-server-panamax\target\denv-server-panamax-0.1.0.jar;C:\workspaces\denv\denv-server-fig\target\denv-server-fig-0.1.0.jar;C:\workspaces\denv\denv-client\target\denv-client-0.1.0.jar;"/>
    <property name="java.specification.name" value="Java Platform API Specification"/>
    <property name="java.class.version" value="51.0"/>
    <property name="sun.management.compiler" value="HotSpot 64-Bit Tiered Compilers"/>
    <property name="os.version" value="6.1"/>
    <property name="user.home" value="C:\Users\ALB"/>
    <property name="user.timezone" value="Europe/Paris"/>
    <property name="catalina.useNaming" value="false"/>
    <property name="java.awt.printerjob" value="sun.awt.windows.WPrinterJob"/>
    <property name="java.specification.version" value="1.7"/>
    <property name="file.encoding" value="Cp1252"/>
    <property name="catalina.home" value="C:\Users\ALB\AppData\Local\Temp\tomcat.4283079542991770376.8080"/>
    <property name="user.name" value="ALB"/>
    <property name="java.class.path" value="C:\workspaces\denv\denv-server-integration-test\target\test-classes;C:\workspaces\denv\denv-server-integration-test\target\classes;C:\workspaces\denv\denv-server-docker\target\denv-server-docker-0.1.0.jar;C:\workspaces\denv\denv-server\target\denv-server-0.1.0.jar;C:\workspaces\denv\denv-common\target\denv-common-0.1.0.jar;C:\Users\ALB\.m2\repository\org\springframework\boot\spring-boot-starter-web\1.1.4.RELEASE\spring-boot-starter-web-1.1.4.RELEASE.jar;C:\Users\ALB\.m2\repository\org\springframework\boot\spring-boot-starter\1.1.4.RELEASE\spring-boot-starter-1.1.4.RELEASE.jar;C:\Users\ALB\.m2\repository\org\springframework\boot\spring-boot\1.1.4.RELEASE\spring-boot-1.1.4.RELEASE.jar;C:\Users\ALB\.m2\repository\org\springframework\spring-core\4.0.6.RELEASE\spring-core-4.0.6.RELEASE.jar;C:\Users\ALB\.m2\repository\org\springframework\spring-context\4.0.6.RELEASE\spring-context-4.0.6.RELEASE.jar;C:\Users\ALB\.m2\repository\org\springframework\spring-aop\4.0.6.RELEASE\spring-aop-4.0.6.RELEASE.jar;C:\Users\ALB\.m2\repository\aopalliance\aopalliance\1.0\aopalliance-1.0.jar;C:\Users\ALB\.m2\repository\org\springframework\spring-beans\4.0.6.RELEASE\spring-beans-4.0.6.RELEASE.jar;C:\Users\ALB\.m2\repository\org\springframework\spring-expression\4.0.6.RELEASE\spring-expression-4.0.6.RELEASE.jar;C:\Users\ALB\.m2\repository\org\springframework\boot\spring-boot-autoconfigure\1.1.4.RELEASE\spring-boot-autoconfigure-1.1.4.RELEASE.jar;C:\Users\ALB\.m2\repository\org\springframework\boot\spring-boot-starter-logging\1.1.4.RELEASE\spring-boot-starter-logging-1.1.4.RELEASE.jar;C:\Users\ALB\.m2\repository\org\slf4j\jcl-over-slf4j\1.7.7\jcl-over-slf4j-1.7.7.jar;C:\Users\ALB\.m2\repository\org\slf4j\slf4j-api\1.7.7\slf4j-api-1.7.7.jar;C:\Users\ALB\.m2\repository\org\slf4j\jul-to-slf4j\1.7.7\jul-to-slf4j-1.7.7.jar;C:\Users\ALB\.m2\repository\org\slf4j\log4j-over-slf4j\1.7.7\log4j-over-slf4j-1.7.7.jar;C:\Users\ALB\.m2\repository\ch\qos\logback\logback-classic\1.1.2\logback-classic-1.1.2.jar;C:\Users\ALB\.m2\repository\ch\qos\logback\logback-core\1.1.2\logback-core-1.1.2.jar;C:\Users\ALB\.m2\repository\org\yaml\snakeyaml\1.13\snakeyaml-1.13.jar;C:\Users\ALB\.m2\repository\org\springframework\boot\spring-boot-starter-tomcat\1.1.4.RELEASE\spring-boot-starter-tomcat-1.1.4.RELEASE.jar;C:\Users\ALB\.m2\repository\org\apache\tomcat\embed\tomcat-embed-core\7.0.54\tomcat-embed-core-7.0.54.jar;C:\Users\ALB\.m2\repository\org\apache\tomcat\embed\tomcat-embed-el\7.0.54\tomcat-embed-el-7.0.54.jar;C:\Users\ALB\.m2\repository\org\apache\tomcat\embed\tomcat-embed-logging-juli\7.0.54\tomcat-embed-logging-juli-7.0.54.jar;C:\Users\ALB\.m2\repository\com\fasterxml\jackson\core\jackson-databind\2.3.3\jackson-databind-2.3.3.jar;C:\Users\ALB\.m2\repository\com\fasterxml\jackson\core\jackson-annotations\2.3.3\jackson-annotations-2.3.3.jar;C:\Users\ALB\.m2\repository\com\fasterxml\jackson\core\jackson-core\2.3.3\jackson-core-2.3.3.jar;C:\Users\ALB\.m2\repository\org\hibernate\hibernate-validator\5.0.3.Final\hibernate-validator-5.0.3.Final.jar;C:\Users\ALB\.m2\repository\javax\validation\validation-api\1.1.0.Final\validation-api-1.1.0.Final.jar;C:\Users\ALB\.m2\repository\org\jboss\logging\jboss-logging\3.1.1.GA\jboss-logging-3.1.1.GA.jar;C:\Users\ALB\.m2\repository\com\fasterxml\classmate\1.0.0\classmate-1.0.0.jar;C:\Users\ALB\.m2\repository\org\springframework\spring-web\4.0.6.RELEASE\spring-web-4.0.6.RELEASE.jar;C:\Users\ALB\.m2\repository\org\springframework\spring-webmvc\4.0.6.RELEASE\spring-webmvc-4.0.6.RELEASE.jar;C:\Users\ALB\.m2\repository\org\springframework\boot\spring-boot-starter-security\1.1.4.RELEASE\spring-boot-starter-security-1.1.4.RELEASE.jar;C:\Users\ALB\.m2\repository\org\springframework\security\spring-security-config\3.2.4.RELEASE\spring-security-config-3.2.4.RELEASE.jar;C:\Users\ALB\.m2\repository\org\springframework\security\spring-security-core\3.2.4.RELEASE\spring-security-core-3.2.4.RELEASE.jar;C:\Users\ALB\.m2\repository\org\springframework\security\spring-security-web\3.2.4.RELEASE\spring-security-web-3.2.4.RELEASE.jar;C:\Users\ALB\.m2\repository\org\springframework\boot\spring-boot-starter-actuator\1.1.4.RELEASE\spring-boot-starter-actuator-1.1.4.RELEASE.jar;C:\Users\ALB\.m2\repository\org\springframework\boot\spring-boot-actuator\1.1.4.RELEASE\spring-boot-actuator-1.1.4.RELEASE.jar;C:\Users\ALB\.m2\repository\org\springframework\boot\spring-boot-starter-test\1.1.4.RELEASE\spring-boot-starter-test-1.1.4.RELEASE.jar;C:\Users\ALB\.m2\repository\junit\junit\4.11\junit-4.11.jar;C:\Users\ALB\.m2\repository\org\hamcrest\hamcrest-core\1.3\hamcrest-core-1.3.jar;C:\Users\ALB\.m2\repository\org\mockito\mockito-core\1.9.5\mockito-core-1.9.5.jar;C:\Users\ALB\.m2\repository\org\objenesis\objenesis\1.0\objenesis-1.0.jar;C:\Users\ALB\.m2\repository\org\hamcrest\hamcrest-library\1.3\hamcrest-library-1.3.jar;C:\Users\ALB\.m2\repository\org\springframework\spring-test\4.0.6.RELEASE\spring-test-4.0.6.RELEASE.jar;C:\Users\ALB\.m2\repository\com\github\docker-java\docker-java\0.10.0\docker-java-0.10.0.jar;C:\Users\ALB\.m2\repository\com\fasterxml\jackson\jaxrs\jackson-jaxrs-json-provider\2.3.3\jackson-jaxrs-json-provider-2.3.3.jar;C:\Users\ALB\.m2\repository\com\fasterxml\jackson\jaxrs\jackson-jaxrs-base\2.3.3\jackson-jaxrs-base-2.3.3.jar;C:\Users\ALB\.m2\repository\com\fasterxml\jackson\module\jackson-module-jaxb-annotations\2.3.3\jackson-module-jaxb-annotations-2.3.3.jar;C:\Users\ALB\.m2\repository\org\glassfish\jersey\connectors\jersey-jetty-connector\2.11\jersey-jetty-connector-2.11.jar;C:\Users\ALB\.m2\repository\org\eclipse\jetty\jetty-client\9.1.1.v20140108\jetty-client-9.1.1.v20140108.jar;C:\Users\ALB\.m2\repository\org\eclipse\jetty\jetty-http\9.1.1.v20140108\jetty-http-9.1.1.v20140108.jar;C:\Users\ALB\.m2\repository\org\eclipse\jetty\jetty-util\8.1.15.v20140411\jetty-util-8.1.15.v20140411.jar;C:\Users\ALB\.m2\repository\org\eclipse\jetty\jetty-io\9.1.1.v20140108\jetty-io-9.1.1.v20140108.jar;C:\Users\ALB\.m2\repository\org\glassfish\jersey\core\jersey-common\2.11\jersey-common-2.11.jar;C:\Users\ALB\.m2\repository\javax\ws\rs\javax.ws.rs-api\2.0\javax.ws.rs-api-2.0.jar;C:\Users\ALB\.m2\repository\javax\annotation\javax.annotation-api\1.2\javax.annotation-api-1.2.jar;C:\Users\ALB\.m2\repository\org\glassfish\jersey\bundles\repackaged\jersey-guava\2.11\jersey-guava-2.11.jar;C:\Users\ALB\.m2\repository\org\glassfish\hk2\hk2-api\2.3.0-b05\hk2-api-2.3.0-b05.jar;C:\Users\ALB\.m2\repository\org\glassfish\hk2\hk2-utils\2.3.0-b05\hk2-utils-2.3.0-b05.jar;C:\Users\ALB\.m2\repository\org\glassfish\hk2\external\aopalliance-repackaged\2.3.0-b05\aopalliance-repackaged-2.3.0-b05.jar;C:\Users\ALB\.m2\repository\org\glassfish\hk2\external\javax.inject\2.3.0-b05\javax.inject-2.3.0-b05.jar;C:\Users\ALB\.m2\repository\org\glassfish\hk2\hk2-locator\2.3.0-b05\hk2-locator-2.3.0-b05.jar;C:\Users\ALB\.m2\repository\org\javassist\javassist\3.18.1-GA\javassist-3.18.1-GA.jar;C:\Users\ALB\.m2\repository\org\glassfish\hk2\osgi-resource-locator\1.0.1\osgi-resource-locator-1.0.1.jar;C:\Users\ALB\.m2\repository\org\glassfish\jersey\core\jersey-client\2.11\jersey-client-2.11.jar;C:\Users\ALB\.m2\repository\org\apache\commons\commons-compress\1.5\commons-compress-1.5.jar;C:\Users\ALB\.m2\repository\org\tukaani\xz\1.2\xz-1.2.jar;C:\Users\ALB\.m2\repository\commons-codec\commons-codec\1.8\commons-codec-1.8.jar;C:\Users\ALB\.m2\repository\commons-lang\commons-lang\2.6\commons-lang-2.6.jar;C:\Users\ALB\.m2\repository\commons-io\commons-io\2.3\commons-io-2.3.jar;C:\Users\ALB\.m2\repository\com\github\jnr\jnr-unixsocket\0.3\jnr-unixsocket-0.3.jar;C:\Users\ALB\.m2\repository\com\github\jnr\jnr-ffi\1.0.3\jnr-ffi-1.0.3.jar;C:\Users\ALB\.m2\repository\com\github\jnr\jffi\1.2.7\jffi-1.2.7.jar;C:\Users\ALB\.m2\repository\com\github\jnr\jffi\1.2.7\jffi-1.2.7-native.jar;C:\Users\ALB\.m2\repository\org\ow2\asm\asm\4.0\asm-4.0.jar;C:\Users\ALB\.m2\repository\org\ow2\asm\asm-commons\4.0\asm-commons-4.0.jar;C:\Users\ALB\.m2\repository\org\ow2\asm\asm-tree\4.0\asm-tree-4.0.jar;C:\Users\ALB\.m2\repository\org\ow2\asm\asm-analysis\4.0\asm-analysis-4.0.jar;C:\Users\ALB\.m2\repository\org\ow2\asm\asm-util\4.0\asm-util-4.0.jar;C:\Users\ALB\.m2\repository\com\github\jnr\jnr-x86asm\1.0.2\jnr-x86asm-1.0.2.jar;C:\Users\ALB\.m2\repository\com\github\jnr\jnr-constants\0.8.4\jnr-constants-0.8.4.jar;C:\Users\ALB\.m2\repository\com\github\jnr\jnr-enxio\0.4\jnr-enxio-0.4.jar;C:\Users\ALB\.m2\repository\com\google\guava\guava\11.0.1\guava-11.0.1.jar;C:\Users\ALB\.m2\repository\com\google\code\findbugs\jsr305\1.3.9\jsr305-1.3.9.jar;C:\workspaces\denv\denv-server-rundeck\target\denv-server-rundeck-0.1.0.jar;C:\workspaces\denv\denv-server-panamax\target\denv-server-panamax-0.1.0.jar;C:\workspaces\denv\denv-server-fig\target\denv-server-fig-0.1.0.jar;C:\workspaces\denv\denv-client\target\denv-client-0.1.0.jar;"/>
    <property name="java.vm.specification.version" value="1.7"/>
    <property name="sun.arch.data.model" value="64"/>
    <property name="java.home" value="C:\myDeveloper\jdk1.7.0_21\jre"/>
    <property name="sun.java.command" value="C:\Users\ALB\AppData\Local\Temp\surefirebooter6941556018687466244.jar C:\Users\ALB\AppData\Local\Temp\surefire267818070268134627tmp C:\Users\ALB\AppData\Local\Temp\surefire2698566745704068221tmp"/>
    <property name="java.specification.vendor" value="Oracle Corporation"/>
    <property name="user.language" value="en"/>
    <property name="awt.toolkit" value="sun.awt.windows.WToolkit"/>
    <property name="java.vm.info" value="mixed mode"/>
    <property name="java.version" value="1.7.0_21"/>
    <property name="java.ext.dirs" value="C:\myDeveloper\jdk1.7.0_21\jre\lib\ext;C:\windows\Sun\Java\lib\ext"/>
    <property name="sun.boot.class.path" value="C:\myDeveloper\jdk1.7.0_21\jre\lib\resources.jar;C:\myDeveloper\jdk1.7.0_21\jre\lib\rt.jar;C:\myDeveloper\jdk1.7.0_21\jre\lib\sunrsasign.jar;C:\myDeveloper\jdk1.7.0_21\jre\lib\jsse.jar;C:\myDeveloper\jdk1.7.0_21\jre\lib\jce.jar;C:\myDeveloper\jdk1.7.0_21\jre\lib\charsets.jar;C:\myDeveloper\jdk1.7.0_21\jre\lib\jfr.jar;C:\myDeveloper\jdk1.7.0_21\jre\classes"/>
    <property name="java.vendor" value="Oracle Corporation"/>
    <property name="java.awt.headless" value="true"/>
    <property name="catalina.base" value="C:\Users\ALB\AppData\Local\Temp\tomcat.6521070973043042613.8080"/>
    <property name="localRepository" value="C:\Users\ALB\.m2\repository"/>
    <property name="file.separator" value="\"/>
    <property name="java.vendor.url.bug" value="http://bugreport.sun.com/bugreport/"/>
    <property name="sun.cpu.endian" value="little"/>
    <property name="sun.io.unicode.encoding" value="UnicodeLittle"/>
    <property name="sun.desktop" value="windows"/>
    <property name="sun.cpu.isalist" value="amd64"/>
  </properties>
  <testcase time="8.654" classname="org.ssoup.denv.server.test.BasicTest" name="runFigAndPanamaxApps">
    <error message="Failed to load ApplicationContext" type="java.lang.IllegalStateException">java.lang.IllegalStateException: Failed to load ApplicationContext
	at org.springframework.test.context.CacheAwareContextLoaderDelegate.loadContext(CacheAwareContextLoaderDelegate.java:99)
	at org.springframework.test.context.DefaultTestContext.getApplicationContext(DefaultTestContext.java:101)
	at org.springframework.test.context.support.DependencyInjectionTestExecutionListener.injectDependencies(DependencyInjectionTestExecutionListener.java:109)
	at org.springframework.test.context.support.DependencyInjectionTestExecutionListener.prepareTestInstance(DependencyInjectionTestExecutionListener.java:75)
	at org.springframework.test.context.TestContextManager.prepareTestInstance(TestContextManager.java:331)
	at org.springframework.test.context.junit4.SpringJUnit4ClassRunner.createTest(SpringJUnit4ClassRunner.java:213)
	at org.springframework.test.context.junit4.SpringJUnit4ClassRunner$1.runReflectiveCall(SpringJUnit4ClassRunner.java:290)
	at org.junit.internal.runners.model.ReflectiveCallable.run(ReflectiveCallable.java:12)
	at org.springframework.test.context.junit4.SpringJUnit4ClassRunner.methodBlock(SpringJUnit4ClassRunner.java:292)
	at org.springframework.test.context.junit4.SpringJUnit4ClassRunner.runChild(SpringJUnit4ClassRunner.java:233)
	at org.springframework.test.context.junit4.SpringJUnit4ClassRunner.runChild(SpringJUnit4ClassRunner.java:87)
	at org.junit.runners.ParentRunner$3.run(ParentRunner.java:238)
	at org.junit.runners.ParentRunner$1.schedule(ParentRunner.java:63)
	at org.junit.runners.ParentRunner.runChildren(ParentRunner.java:236)
	at org.junit.runners.ParentRunner.access$000(ParentRunner.java:53)
	at org.junit.runners.ParentRunner$2.evaluate(ParentRunner.java:229)
	at org.springframework.test.context.junit4.statements.RunBeforeTestClassCallbacks.evaluate(RunBeforeTestClassCallbacks.java:61)
	at org.springframework.test.context.junit4.statements.RunAfterTestClassCallbacks.evaluate(RunAfterTestClassCallbacks.java:71)
	at org.junit.runners.ParentRunner.run(ParentRunner.java:309)
	at org.springframework.test.context.junit4.SpringJUnit4ClassRunner.run(SpringJUnit4ClassRunner.java:176)
	at org.apache.maven.surefire.junit4.JUnit4TestSet.execute(JUnit4TestSet.java:62)
	at org.apache.maven.surefire.suite.AbstractDirectoryTestSuite.executeTestSet(AbstractDirectoryTestSuite.java:140)
	at org.apache.maven.surefire.suite.AbstractDirectoryTestSuite.execute(AbstractDirectoryTestSuite.java:127)
	at org.apache.maven.surefire.Surefire.run(Surefire.java:177)
	at sun.reflect.NativeMethodAccessorImpl.invoke0(Native Method)
	at sun.reflect.NativeMethodAccessorImpl.invoke(NativeMethodAccessorImpl.java:57)
	at sun.reflect.DelegatingMethodAccessorImpl.invoke(DelegatingMethodAccessorImpl.java:43)
	at java.lang.reflect.Method.invoke(Method.java:601)
	at org.apache.maven.surefire.booter.SurefireBooter.runSuitesInProcess(SurefireBooter.java:345)
	at org.apache.maven.surefire.booter.SurefireBooter.main(SurefireBooter.java:1009)
Caused by: org.springframework.context.ApplicationContextException: Unable to start embedded container; nested exception is org.springframework.boot.context.embedded.EmbeddedServletContainerException: Unable to start embedded Tomcat
	at org.springframework.boot.context.embedded.EmbeddedWebApplicationContext.onRefresh(EmbeddedWebApplicationContext.java:135)
	at org.springframework.context.support.AbstractApplicationContext.refresh(AbstractApplicationContext.java:476)
	at org.springframework.boot.context.embedded.EmbeddedWebApplicationContext.refresh(EmbeddedWebApplicationContext.java:120)
	at org.springframework.boot.SpringApplication.refresh(SpringApplication.java:691)
	at org.springframework.boot.SpringApplication.run(SpringApplication.java:320)
	at org.springframework.boot.test.SpringApplicationContextLoader.loadContext(SpringApplicationContextLoader.java:107)
	at org.springframework.test.context.CacheAwareContextLoaderDelegate.loadContextInternal(CacheAwareContextLoaderDelegate.java:64)
	at org.springframework.test.context.CacheAwareContextLoaderDelegate.loadContext(CacheAwareContextLoaderDelegate.java:91)
	... 29 more
Caused by: org.springframework.boot.context.embedded.EmbeddedServletContainerException: Unable to start embedded Tomcat
	at org.springframework.boot.context.embedded.tomcat.TomcatEmbeddedServletContainer.initialize(TomcatEmbeddedServletContainer.java:100)
	at org.springframework.boot.context.embedded.tomcat.TomcatEmbeddedServletContainer.&lt;init&gt;(TomcatEmbeddedServletContainer.java:74)
	at org.springframework.boot.context.embedded.tomcat.TomcatEmbeddedServletContainerFactory.getTomcatEmbeddedServletContainer(TomcatEmbeddedServletContainerFactory.java:289)
	at org.springframework.boot.context.embedded.tomcat.TomcatEmbeddedServletContainerFactory.getEmbeddedServletContainer(TomcatEmbeddedServletContainerFactory.java:146)
	at org.springframework.boot.context.embedded.EmbeddedWebApplicationContext.createEmbeddedServletContainer(EmbeddedWebApplicationContext.java:159)
	at org.springframework.boot.context.embedded.EmbeddedWebApplicationContext.onRefresh(EmbeddedWebApplicationContext.java:132)
	... 36 more
Caused by: org.springframework.beans.factory.BeanCreationException: Error creating bean with name &apos;org.springframework.security.config.annotation.web.configuration.WebSecurityConfiguration&apos;: Injection of autowired dependencies failed; nested exception is org.springframework.beans.factory.BeanCreationException: Could not autowire method: public void org.springframework.security.config.annotation.web.configuration.WebSecurityConfiguration.setFilterChainProxySecurityConfigurer(org.springframework.security.config.annotation.ObjectPostProcessor,java.util.List) throws java.lang.Exception; nested exception is org.springframework.beans.factory.BeanExpressionException: Expression parsing failed; nested exception is org.springframework.beans.factory.BeanCreationException: Error creating bean with name &apos;securityConfig&apos;: Injection of autowired dependencies failed; nested exception is org.springframework.beans.factory.BeanCreationException: Could not autowire method: public void org.springframework.security.config.annotation.web.configuration.WebSecurityConfigurerAdapter.setContentNegotationStrategy(org.springframework.web.accept.ContentNegotiationStrategy); nested exception is org.springframework.beans.factory.BeanCreationException: Error creating bean with name &apos;org.springframework.web.servlet.config.annotation.DelegatingWebMvcConfiguration&apos;: Injection of autowired dependencies failed; nested exception is org.springframework.beans.factory.BeanCreationException: Could not autowire method: public void org.springframework.web.servlet.config.annotation.DelegatingWebMvcConfiguration.setConfigurers(java.util.List); nested exception is org.springframework.beans.factory.BeanCreationException: Error creating bean with name &apos;apiConfig&apos; defined in URL [jar:file:/C:/workspaces/denv/denv-server/target/denv-server-0.1.0.jar!/org/ssoup/denv/server/api/ApiConfig.class]: Instantiation of bean failed; nested exception is org.springframework.beans.BeanInstantiationException: Could not instantiate bean class [org.ssoup.denv.server.api.ApiConfig$$EnhancerBySpringCGLIB$$10719c70]: No default constructor found; nested exception is java.lang.NoSuchMethodException: org.ssoup.denv.server.api.ApiConfig$$EnhancerBySpringCGLIB$$10719c70.&lt;init&gt;()
	at org.springframework.beans.factory.annotation.AutowiredAnnotationBeanPostProcessor.postProcessPropertyValues(AutowiredAnnotationBeanPostProcessor.java:292)
	at org.springframework.beans.factory.support.AbstractAutowireCapableBeanFactory.populateBean(AbstractAutowireCapableBeanFactory.java:1185)
	at org.springframework.beans.factory.support.AbstractAutowireCapableBeanFactory.doCreateBean(AbstractAutowireCapableBeanFactory.java:537)
	at org.springframework.beans.factory.support.AbstractAutowireCapableBeanFactory.createBean(AbstractAutowireCapableBeanFactory.java:475)
	at org.springframework.beans.factory.support.AbstractBeanFactory$1.getObject(AbstractBeanFactory.java:302)
	at org.springframework.beans.factory.support.DefaultSingletonBeanRegistry.getSingleton(DefaultSingletonBeanRegistry.java:228)
	at org.springframework.beans.factory.support.AbstractBeanFactory.doGetBean(AbstractBeanFactory.java:298)
	at org.springframework.beans.factory.support.AbstractBeanFactory.getBean(AbstractBeanFactory.java:193)
	at org.springframework.beans.factory.support.ConstructorResolver.instantiateUsingFactoryMethod(ConstructorResolver.java:370)
	at org.springframework.beans.factory.support.AbstractAutowireCapableBeanFactory.instantiateUsingFactoryMethod(AbstractAutowireCapableBeanFactory.java:1094)
	at org.springframework.beans.factory.support.AbstractAutowireCapableBeanFactory.createBeanInstance(AbstractAutowireCapableBeanFactory.java:989)
	at org.springframework.beans.factory.support.AbstractAutowireCapableBeanFactory.doCreateBean(AbstractAutowireCapableBeanFactory.java:504)
	at org.springframework.beans.factory.support.AbstractAutowireCapableBeanFactory.createBean(AbstractAutowireCapableBeanFactory.java:475)
	at org.springframework.beans.factory.support.AbstractBeanFactory$1.getObject(AbstractBeanFactory.java:302)
	at org.springframework.beans.factory.support.DefaultSingletonBeanRegistry.getSingleton(DefaultSingletonBeanRegistry.java:228)
	at org.springframework.beans.factory.support.AbstractBeanFactory.doGetBean(AbstractBeanFactory.java:298)
	at org.springframework.beans.factory.support.AbstractBeanFactory.getBean(AbstractBeanFactory.java:198)
	at org.springframework.boot.context.embedded.EmbeddedWebApplicationContext.getOrderedBeansOfType(EmbeddedWebApplicationContext.java:367)
	at org.springframework.boot.context.embedded.EmbeddedWebApplicationContext.getServletContextInitializerBeans(EmbeddedWebApplicationContext.java:268)
	at org.springframework.boot.context.embedded.EmbeddedWebApplicationContext$1.onStartup(EmbeddedWebApplicationContext.java:213)
	at org.springframework.boot.context.embedded.tomcat.ServletContextInitializerLifecycleListener.lifecycleEvent(ServletContextInitializerLifecycleListener.java:64)
	at org.apache.catalina.util.LifecycleSupport.fireLifecycleEvent(LifecycleSupport.java:117)
	at org.apache.catalina.util.LifecycleBase.fireLifecycleEvent(LifecycleBase.java:90)
	at org.apache.catalina.core.StandardContext.startInternal(StandardContext.java:5355)
	at org.apache.catalina.util.LifecycleBase.start(LifecycleBase.java:150)
	at org.apache.catalina.core.ContainerBase$StartChild.call(ContainerBase.java:1559)
	at org.apache.catalina.core.ContainerBase$StartChild.call(ContainerBase.java:1549)
	at java.util.concurrent.FutureTask$Sync.innerRun(FutureTask.java:334)
	at java.util.concurrent.FutureTask.run(FutureTask.java:166)
	at java.util.concurrent.ThreadPoolExecutor.runWorker(ThreadPoolExecutor.java:1145)
	at java.util.concurrent.ThreadPoolExecutor$Worker.run(ThreadPoolExecutor.java:615)
	at java.lang.Thread.run(Thread.java:722)
Caused by: org.springframework.beans.factory.BeanCreationException: Could not autowire method: public void org.springframework.security.config.annotation.web.configuration.WebSecurityConfiguration.setFilterChainProxySecurityConfigurer(org.springframework.security.config.annotation.ObjectPostProcessor,java.util.List) throws java.lang.Exception; nested exception is org.springframework.beans.factory.BeanExpressionException: Expression parsing failed; nested exception is org.springframework.beans.factory.BeanCreationException: Error creating bean with name &apos;securityConfig&apos;: Injection of autowired dependencies failed; nested exception is org.springframework.beans.factory.BeanCreationException: Could not autowire method: public void org.springframework.security.config.annotation.web.configuration.WebSecurityConfigurerAdapter.setContentNegotationStrategy(org.springframework.web.accept.ContentNegotiationStrategy); nested exception is org.springframework.beans.factory.BeanCreationException: Error creating bean with name &apos;org.springframework.web.servlet.config.annotation.DelegatingWebMvcConfiguration&apos;: Injection of autowired dependencies failed; nested exception is org.springframework.beans.factory.BeanCreationException: Could not autowire method: public void org.springframework.web.servlet.config.annotation.DelegatingWebMvcConfiguration.setConfigurers(java.util.List); nested exception is org.springframework.beans.factory.BeanCreationException: Error creating bean with name &apos;apiConfig&apos; defined in URL [jar:file:/C:/workspaces/denv/denv-server/target/denv-server-0.1.0.jar!/org/ssoup/denv/server/api/ApiConfig.class]: Instantiation of bean failed; nested exception is org.springframework.beans.BeanInstantiationException: Could not instantiate bean class [org.ssoup.denv.server.api.ApiConfig$$EnhancerBySpringCGLIB$$10719c70]: No default constructor found; nested exception is java.lang.NoSuchMethodException: org.ssoup.denv.server.api.ApiConfig$$EnhancerBySpringCGLIB$$10719c70.&lt;init&gt;()
	at org.springframework.beans.factory.annotation.AutowiredAnnotationBeanPostProcessor$AutowiredMethodElement.inject(AutowiredAnnotationBeanPostProcessor.java:596)
	at org.springframework.beans.factory.annotation.InjectionMetadata.inject(InjectionMetadata.java:87)
	at org.springframework.beans.factory.annotation.AutowiredAnnotationBeanPostProcessor.postProcessPropertyValues(AutowiredAnnotationBeanPostProcessor.java:289)
	... 31 more
Caused by: org.springframework.beans.factory.BeanExpressionException: Expression parsing failed; nested exception is org.springframework.beans.factory.BeanCreationException: Error creating bean with name &apos;securityConfig&apos;: Injection of autowired dependencies failed; nested exception is org.springframework.beans.factory.BeanCreationException: Could not autowire method: public void org.springframework.security.config.annotation.web.configuration.WebSecurityConfigurerAdapter.setContentNegotationStrategy(org.springframework.web.accept.ContentNegotiationStrategy); nested exception is org.springframework.beans.factory.BeanCreationException: Error creating bean with name &apos;org.springframework.web.servlet.config.annotation.DelegatingWebMvcConfiguration&apos;: Injection of autowired dependencies failed; nested exception is org.springframework.beans.factory.BeanCreationException: Could not autowire method: public void org.springframework.web.servlet.config.annotation.DelegatingWebMvcConfiguration.setConfigurers(java.util.List); nested exception is org.springframework.beans.factory.BeanCreationException: Error creating bean with name &apos;apiConfig&apos; defined in URL [jar:file:/C:/workspaces/denv/denv-server/target/denv-server-0.1.0.jar!/org/ssoup/denv/server/api/ApiConfig.class]: Instantiation of bean failed; nested exception is org.springframework.beans.BeanInstantiationException: Could not instantiate bean class [org.ssoup.denv.server.api.ApiConfig$$EnhancerBySpringCGLIB$$10719c70]: No default constructor found; nested exception is java.lang.NoSuchMethodException: org.ssoup.denv.server.api.ApiConfig$$EnhancerBySpringCGLIB$$10719c70.&lt;init&gt;()
	at org.springframework.context.expression.StandardBeanExpressionResolver.evaluate(StandardBeanExpressionResolver.java:146)
	at org.springframework.beans.factory.support.AbstractBeanFactory.evaluateBeanDefinitionString(AbstractBeanFactory.java:1362)
	at org.springframework.beans.factory.support.DefaultListableBeanFactory.doResolveDependency(DefaultListableBeanFactory.java:873)
	at org.springframework.beans.factory.support.DefaultListableBeanFactory.resolveDependency(DefaultListableBeanFactory.java:858)
	at org.springframework.beans.factory.annotation.AutowiredAnnotationBeanPostProcessor$AutowiredMethodElement.inject(AutowiredAnnotationBeanPostProcessor.java:553)
	... 33 more
Caused by: org.springframework.beans.factory.BeanCreationException: Error creating bean with name &apos;securityConfig&apos;: Injection of autowired dependencies failed; nested exception is org.springframework.beans.factory.BeanCreationException: Could not autowire method: public void org.springframework.security.config.annotation.web.configuration.WebSecurityConfigurerAdapter.setContentNegotationStrategy(org.springframework.web.accept.ContentNegotiationStrategy); nested exception is org.springframework.beans.factory.BeanCreationException: Error creating bean with name &apos;org.springframework.web.servlet.config.annotation.DelegatingWebMvcConfiguration&apos;: Injection of autowired dependencies failed; nested exception is org.springframework.beans.factory.BeanCreationException: Could not autowire method: public void org.springframework.web.servlet.config.annotation.DelegatingWebMvcConfiguration.setConfigurers(java.util.List); nested exception is org.springframework.beans.factory.BeanCreationException: Error creating bean with name &apos;apiConfig&apos; defined in URL [jar:file:/C:/workspaces/denv/denv-server/target/denv-server-0.1.0.jar!/org/ssoup/denv/server/api/ApiConfig.class]: Instantiation of bean failed; nested exception is org.springframework.beans.BeanInstantiationException: Could not instantiate bean class [org.ssoup.denv.server.api.ApiConfig$$EnhancerBySpringCGLIB$$10719c70]: No default constructor found; nested exception is java.lang.NoSuchMethodException: org.ssoup.denv.server.api.ApiConfig$$EnhancerBySpringCGLIB$$10719c70.&lt;init&gt;()
	at org.springframework.beans.factory.annotation.AutowiredAnnotationBeanPostProcessor.postProcessPropertyValues(AutowiredAnnotationBeanPostProcessor.java:292)
	at org.springframework.beans.factory.support.AbstractAutowireCapableBeanFactory.populateBean(AbstractAutowireCapableBeanFactory.java:1185)
	at org.springframework.beans.factory.support.AbstractAutowireCapableBeanFactory.doCreateBean(AbstractAutowireCapableBeanFactory.java:537)
	at org.springframework.beans.factory.support.AbstractAutowireCapableBeanFactory.createBean(AbstractAutowireCapableBeanFactory.java:475)
	at org.springframework.beans.factory.support.AbstractBeanFactory$1.getObject(AbstractBeanFactory.java:302)
	at org.springframework.beans.factory.support.DefaultSingletonBeanRegistry.getSingleton(DefaultSingletonBeanRegistry.java:228)
	at org.springframework.beans.factory.support.AbstractBeanFactory.doGetBean(AbstractBeanFactory.java:298)
	at org.springframework.beans.factory.support.AbstractBeanFactory.getBean(AbstractBeanFactory.java:198)
	at org.springframework.beans.factory.support.DefaultListableBeanFactory.getBeansOfType(DefaultListableBeanFactory.java:470)
	at org.springframework.beans.factory.support.DefaultListableBeanFactory.getBeansOfType(DefaultListableBeanFactory.java:459)
	at org.springframework.security.config.annotation.web.configuration.AutowiredWebSecurityConfigurersIgnoreParents.getWebSecurityConfigurers(AutowiredWebSecurityConfigurersIgnoreParents.java:52)
	at sun.reflect.NativeMethodAccessorImpl.invoke0(Native Method)
	at sun.reflect.NativeMethodAccessorImpl.invoke(NativeMethodAccessorImpl.java:57)
	at sun.reflect.DelegatingMethodAccessorImpl.invoke(DelegatingMethodAccessorImpl.java:43)
	at java.lang.reflect.Method.invoke(Method.java:601)
	at org.springframework.expression.spel.support.ReflectiveMethodExecutor.execute(ReflectiveMethodExecutor.java:63)
	at org.springframework.expression.spel.ast.MethodReference.getValueInternal(MethodReference.java:122)
	at org.springframework.expression.spel.ast.MethodReference.access$000(MethodReference.java:44)
	at org.springframework.expression.spel.ast.MethodReference$MethodValueRef.getValue(MethodReference.java:258)
	at org.springframework.expression.spel.ast.CompoundExpression.getValueInternal(CompoundExpression.java:84)
	at org.springframework.expression.spel.ast.SpelNodeImpl.getValue(SpelNodeImpl.java:103)
	at org.springframework.expression.spel.standard.SpelExpression.getValue(SpelExpression.java:94)
	at org.springframework.context.expression.StandardBeanExpressionResolver.evaluate(StandardBeanExpressionResolver.java:143)
	... 37 more
Caused by: org.springframework.beans.factory.BeanCreationException: Could not autowire method: public void org.springframework.security.config.annotation.web.configuration.WebSecurityConfigurerAdapter.setContentNegotationStrategy(org.springframework.web.accept.ContentNegotiationStrategy); nested exception is org.springframework.beans.factory.BeanCreationException: Error creating bean with name &apos;org.springframework.web.servlet.config.annotation.DelegatingWebMvcConfiguration&apos;: Injection of autowired dependencies failed; nested exception is org.springframework.beans.factory.BeanCreationException: Could not autowire method: public void org.springframework.web.servlet.config.annotation.DelegatingWebMvcConfiguration.setConfigurers(java.util.List); nested exception is org.springframework.beans.factory.BeanCreationException: Error creating bean with name &apos;apiConfig&apos; defined in URL [jar:file:/C:/workspaces/denv/denv-server/target/denv-server-0.1.0.jar!/org/ssoup/denv/server/api/ApiConfig.class]: Instantiation of bean failed; nested exception is org.springframework.beans.BeanInstantiationException: Could not instantiate bean class [org.ssoup.denv.server.api.ApiConfig$$EnhancerBySpringCGLIB$$10719c70]: No default constructor found; nested exception is java.lang.NoSuchMethodException: org.ssoup.denv.server.api.ApiConfig$$EnhancerBySpringCGLIB$$10719c70.&lt;init&gt;()
	at org.springframework.beans.factory.annotation.AutowiredAnnotationBeanPostProcessor$AutowiredMethodElement.inject(AutowiredAnnotationBeanPostProcessor.java:596)
	at org.springframework.beans.factory.annotation.InjectionMetadata.inject(InjectionMetadata.java:87)
	at org.springframework.beans.factory.annotation.AutowiredAnnotationBeanPostProcessor.postProcessPropertyValues(AutowiredAnnotationBeanPostProcessor.java:289)
	... 59 more
Caused by: org.springframework.beans.factory.BeanCreationException: Error creating bean with name &apos;org.springframework.web.servlet.config.annotation.DelegatingWebMvcConfiguration&apos;: Injection of autowired dependencies failed; nested exception is org.springframework.beans.factory.BeanCreationException: Could not autowire method: public void org.springframework.web.servlet.config.annotation.DelegatingWebMvcConfiguration.setConfigurers(java.util.List); nested exception is org.springframework.beans.factory.BeanCreationException: Error creating bean with name &apos;apiConfig&apos; defined in URL [jar:file:/C:/workspaces/denv/denv-server/target/denv-server-0.1.0.jar!/org/ssoup/denv/server/api/ApiConfig.class]: Instantiation of bean failed; nested exception is org.springframework.beans.BeanInstantiationException: Could not instantiate bean class [org.ssoup.denv.server.api.ApiConfig$$EnhancerBySpringCGLIB$$10719c70]: No default constructor found; nested exception is java.lang.NoSuchMethodException: org.ssoup.denv.server.api.ApiConfig$$EnhancerBySpringCGLIB$$10719c70.&lt;init&gt;()
	at org.springframework.beans.factory.annotation.AutowiredAnnotationBeanPostProcessor.postProcessPropertyValues(AutowiredAnnotationBeanPostProcessor.java:292)
	at org.springframework.beans.factory.support.AbstractAutowireCapableBeanFactory.populateBean(AbstractAutowireCapableBeanFactory.java:1185)
	at org.springframework.beans.factory.support.AbstractAutowireCapableBeanFactory.doCreateBean(AbstractAutowireCapableBeanFactory.java:537)
	at org.springframework.beans.factory.support.AbstractAutowireCapableBeanFactory.createBean(AbstractAutowireCapableBeanFactory.java:475)
	at org.springframework.beans.factory.support.AbstractBeanFactory$1.getObject(AbstractBeanFactory.java:302)
	at org.springframework.beans.factory.support.DefaultSingletonBeanRegistry.getSingleton(DefaultSingletonBeanRegistry.java:228)
	at org.springframework.beans.factory.support.AbstractBeanFactory.doGetBean(AbstractBeanFactory.java:298)
	at org.springframework.beans.factory.support.AbstractBeanFactory.getBean(AbstractBeanFactory.java:193)
	at org.springframework.beans.factory.support.ConstructorResolver.instantiateUsingFactoryMethod(ConstructorResolver.java:370)
	at org.springframework.beans.factory.support.AbstractAutowireCapableBeanFactory.instantiateUsingFactoryMethod(AbstractAutowireCapableBeanFactory.java:1094)
	at org.springframework.beans.factory.support.AbstractAutowireCapableBeanFactory.createBeanInstance(AbstractAutowireCapableBeanFactory.java:989)
	at org.springframework.beans.factory.support.AbstractAutowireCapableBeanFactory.doCreateBean(AbstractAutowireCapableBeanFactory.java:504)
	at org.springframework.beans.factory.support.AbstractAutowireCapableBeanFactory.createBean(AbstractAutowireCapableBeanFactory.java:475)
	at org.springframework.beans.factory.support.AbstractBeanFactory$1.getObject(AbstractBeanFactory.java:302)
	at org.springframework.beans.factory.support.DefaultSingletonBeanRegistry.getSingleton(DefaultSingletonBeanRegistry.java:228)
	at org.springframework.beans.factory.support.AbstractBeanFactory.doGetBean(AbstractBeanFactory.java:298)
	at org.springframework.beans.factory.support.AbstractBeanFactory.getBean(AbstractBeanFactory.java:193)
	at org.springframework.beans.factory.support.DefaultListableBeanFactory.findAutowireCandidates(DefaultListableBeanFactory.java:1017)
	at org.springframework.beans.factory.support.DefaultListableBeanFactory.doResolveDependency(DefaultListableBeanFactory.java:960)
	at org.springframework.beans.factory.support.DefaultListableBeanFactory.resolveDependency(DefaultListableBeanFactory.java:858)
	at org.springframework.beans.factory.annotation.AutowiredAnnotationBeanPostProcessor$AutowiredMethodElement.inject(AutowiredAnnotationBeanPostProcessor.java:553)
	... 61 more
Caused by: org.springframework.beans.factory.BeanCreationException: Could not autowire method: public void org.springframework.web.servlet.config.annotation.DelegatingWebMvcConfiguration.setConfigurers(java.util.List); nested exception is org.springframework.beans.factory.BeanCreationException: Error creating bean with name &apos;apiConfig&apos; defined in URL [jar:file:/C:/workspaces/denv/denv-server/target/denv-server-0.1.0.jar!/org/ssoup/denv/server/api/ApiConfig.class]: Instantiation of bean failed; nested exception is org.springframework.beans.BeanInstantiationException: Could not instantiate bean class [org.ssoup.denv.server.api.ApiConfig$$EnhancerBySpringCGLIB$$10719c70]: No default constructor found; nested exception is java.lang.NoSuchMethodException: org.ssoup.denv.server.api.ApiConfig$$EnhancerBySpringCGLIB$$10719c70.&lt;init&gt;()
	at org.springframework.beans.factory.annotation.AutowiredAnnotationBeanPostProcessor$AutowiredMethodElement.inject(AutowiredAnnotationBeanPostProcessor.java:596)
	at org.springframework.beans.factory.annotation.InjectionMetadata.inject(InjectionMetadata.java:87)
	at org.springframework.beans.factory.annotation.AutowiredAnnotationBeanPostProcessor.postProcessPropertyValues(AutowiredAnnotationBeanPostProcessor.java:289)
	... 81 more
Caused by: org.springframework.beans.factory.BeanCreationException: Error creating bean with name &apos;apiConfig&apos; defined in URL [jar:file:/C:/workspaces/denv/denv-server/target/denv-server-0.1.0.jar!/org/ssoup/denv/server/api/ApiConfig.class]: Instantiation of bean failed; nested exception is org.springframework.beans.BeanInstantiationException: Could not instantiate bean class [org.ssoup.denv.server.api.ApiConfig$$EnhancerBySpringCGLIB$$10719c70]: No default constructor found; nested exception is java.lang.NoSuchMethodException: org.ssoup.denv.server.api.ApiConfig$$EnhancerBySpringCGLIB$$10719c70.&lt;init&gt;()
	at org.springframework.beans.factory.support.AbstractAutowireCapableBeanFactory.instantiateBean(AbstractAutowireCapableBeanFactory.java:1076)
	at org.springframework.beans.factory.support.AbstractAutowireCapableBeanFactory.createBeanInstance(AbstractAutowireCapableBeanFactory.java:1021)
	at org.springframework.beans.factory.support.AbstractAutowireCapableBeanFactory.doCreateBean(AbstractAutowireCapableBeanFactory.java:504)
	at org.springframework.beans.factory.support.AbstractAutowireCapableBeanFactory.createBean(AbstractAutowireCapableBeanFactory.java:475)
	at org.springframework.beans.factory.support.AbstractBeanFactory$1.getObject(AbstractBeanFactory.java:302)
	at org.springframework.beans.factory.support.DefaultSingletonBeanRegistry.getSingleton(DefaultSingletonBeanRegistry.java:228)
	at org.springframework.beans.factory.support.AbstractBeanFactory.doGetBean(AbstractBeanFactory.java:298)
	at org.springframework.beans.factory.support.AbstractBeanFactory.getBean(AbstractBeanFactory.java:193)
	at org.springframework.beans.factory.support.DefaultListableBeanFactory.findAutowireCandidates(DefaultListableBeanFactory.java:1017)
	at org.springframework.beans.factory.support.DefaultListableBeanFactory.doResolveDependency(DefaultListableBeanFactory.java:912)
	at org.springframework.beans.factory.support.DefaultListableBeanFactory.resolveDependency(DefaultListableBeanFactory.java:858)
	at org.springframework.beans.factory.annotation.AutowiredAnnotationBeanPostProcessor$AutowiredMethodElement.inject(AutowiredAnnotationBeanPostProcessor.java:553)
	... 83 more
Caused by: org.springframework.beans.BeanInstantiationException: Could not instantiate bean class [org.ssoup.denv.server.api.ApiConfig$$EnhancerBySpringCGLIB$$10719c70]: No default constructor found; nested exception is java.lang.NoSuchMethodException: org.ssoup.denv.server.api.ApiConfig$$EnhancerBySpringCGLIB$$10719c70.&lt;init&gt;()
	at org.springframework.beans.factory.support.SimpleInstantiationStrategy.instantiate(SimpleInstantiationStrategy.java:85)
	at org.springframework.beans.factory.support.AbstractAutowireCapableBeanFactory.instantiateBean(AbstractAutowireCapableBeanFactory.java:1069)
	... 94 more
Caused by: java.lang.NoSuchMethodException: org.ssoup.denv.server.api.ApiConfig$$EnhancerBySpringCGLIB$$10719c70.&lt;init&gt;()
	at java.lang.Class.getConstructor0(Class.java:2730)
	at java.lang.Class.getDeclaredConstructor(Class.java:2004)
	at org.springframework.beans.factory.support.SimpleInstantiationStrategy.instantiate(SimpleInstantiationStrategy.java:80)
	... 95 more
</error>
    <system-out>2014-08-28 16:58:22.735 DEBUG   --- [           main] o.s.w.c.s.StandardServletEnvironment     : Adding [servletConfigInitParams] PropertySource with lowest search precedence
2014-08-28 16:58:22.735 DEBUG   --- [           main] o.s.w.c.s.StandardServletEnvironment     : Adding [servletContextInitParams] PropertySource with lowest search precedence
2014-08-28 16:58:22.793 DEBUG   --- [           main] o.s.w.c.s.StandardServletEnvironment     : Adding [jndiProperties] PropertySource with lowest search precedence
2014-08-28 16:58:22.794 DEBUG   --- [           main] o.s.w.c.s.StandardServletEnvironment     : Adding [systemProperties] PropertySource with lowest search precedence
2014-08-28 16:58:22.795 DEBUG   --- [           main] o.s.w.c.s.StandardServletEnvironment     : Adding [systemEnvironment] PropertySource with lowest search precedence
2014-08-28 16:58:22.798 DEBUG   --- [           main] o.s.w.c.s.StandardServletEnvironment     : Initialized StandardServletEnvironment with PropertySources [servletConfigInitParams,servletContextInitParams,jndiProperties,systemProperties,systemEnvironment]
2014-08-28 16:58:22.800 DEBUG   --- [           main] o.s.w.c.s.StandardServletEnvironment     : Adding [integrationTest] PropertySource with search precedence immediately lower than [systemEnvironment]

  .   ____          _            __ _ _
 /\\ / ___&apos;_ __ _ _(_)_ __  __ _ \ \ \ \
( ( )\___ | &apos;_ | &apos;_| | &apos;_ \/ _` | \ \ \ \
 \\/  ___)| |_)| | | | | || (_| |  ) ) ) )
  &apos;  |____| .__|_| |_|_| |_\__, | / / / /
 =========|_|==============|___/=/_/_/_/
 :: Spring Boot ::        (v1.1.4.RELEASE)

2014-08-28 16:58:23.523 DEBUG 9700 --- [           main] o.s.w.c.s.StandardServletEnvironment     : Adding [servletConfigInitParams] PropertySource with lowest search precedence
2014-08-28 16:58:23.523 DEBUG 9700 --- [           main] o.s.w.c.s.StandardServletEnvironment     : Adding [servletContextInitParams] PropertySource with lowest search precedence
2014-08-28 16:58:23.524 DEBUG 9700 --- [           main] o.s.w.c.s.StandardServletEnvironment     : Adding [jndiProperties] PropertySource with lowest search precedence
2014-08-28 16:58:23.525 DEBUG 9700 --- [           main] o.s.w.c.s.StandardServletEnvironment     : Adding [systemProperties] PropertySource with lowest search precedence
2014-08-28 16:58:23.526 DEBUG 9700 --- [           main] o.s.w.c.s.StandardServletEnvironment     : Adding [systemEnvironment] PropertySource with lowest search precedence
2014-08-28 16:58:23.527 DEBUG 9700 --- [           main] o.s.w.c.s.StandardServletEnvironment     : Initialized StandardServletEnvironment with PropertySources [servletConfigInitParams,servletContextInitParams,jndiProperties,systemProperties,systemEnvironment]
2014-08-28 16:58:23.607  INFO 9700 --- [           main] o.a.m.surefire.booter.SurefireBooter     : Starting SurefireBooter v2.4.3 on Alderai with PID 9700 (C:\Users\ALB\.m2\repository\org\apache\maven\surefire\surefire-booter\2.4.3\surefire-booter-2.4.3.jar started by ALB in C:\workspaces\denv\denv-server-integration-test)
2014-08-28 16:58:23.670  INFO 9700 --- [           main] ationConfigEmbeddedWebApplicationContext : Refreshing org.springframework.boot.context.embedded.AnnotationConfigEmbeddedWebApplicationContext@71282b42: startup date [Thu Aug 28 16:58:23 CEST 2014]; root of context hierarchy
2014-08-28 16:58:24.735 DEBUG 9700 --- [           main] o.s.w.c.s.StandardServletEnvironment     : Adding [class path resource [application.properties]] PropertySource with lowest search precedence
2014-08-28 16:58:25.018  INFO 9700 --- [           main] o.s.b.f.s.DefaultListableBeanFactory     : Overriding bean definition for bean &apos;beanNameViewResolver&apos;: replacing [Root bean: class [null]; scope=; abstract=false; lazyInit=false; autowireMode=3; dependencyCheck=0; autowireCandidate=true; primary=false; factoryBeanName=org.springframework.boot.autoconfigure.web.ErrorMvcAutoConfiguration$WhitelabelErrorViewConfiguration; factoryMethodName=beanNameViewResolver; initMethodName=null; destroyMethodName=(inferred); defined in class path resource [org/springframework/boot/autoconfigure/web/ErrorMvcAutoConfiguration$WhitelabelErrorViewConfiguration.class]] with [Root bean: class [null]; scope=; abstract=false; lazyInit=false; autowireMode=3; dependencyCheck=0; autowireCandidate=true; primary=false; factoryBeanName=org.springframework.boot.autoconfigure.web.WebMvcAutoConfiguration$WebMvcAutoConfigurationAdapter; factoryMethodName=beanNameViewResolver; initMethodName=null; destroyMethodName=(inferred); defined in class path resource [org/springframework/boot/autoconfigure/web/WebMvcAutoConfiguration$WebMvcAutoConfigurationAdapter.class]]
2014-08-28 16:58:26.074 DEBUG 9700 --- [           main] o.s.w.c.s.StandardServletEnvironment     : Adding [applicationConfig: [classpath:/application.properties]] PropertySource with search precedence immediately lower than [applicationConfigurationProperties]
2014-08-28 16:58:26.074 DEBUG 9700 --- [           main] o.s.w.c.s.StandardServletEnvironment     : Removing [applicationConfigurationProperties] PropertySource
2014-08-28 16:58:26.075 DEBUG 9700 --- [           main] o.s.w.c.s.StandardServletEnvironment     : Removing [defaultProperties] PropertySource
2014-08-28 16:58:26.158  INFO 9700 --- [           main] f.a.AutowiredAnnotationBeanPostProcessor : JSR-330 &apos;javax.inject.Inject&apos; annotation found and supported for autowiring
2014-08-28 16:58:27.818  INFO 9700 --- [           main] .t.TomcatEmbeddedServletContainerFactory : Server initialized with port: 8080
2014-08-28 16:58:29.036  INFO 9700 --- [           main] o.apache.catalina.core.StandardService   : Starting service Tomcat
2014-08-28 16:58:29.040  INFO 9700 --- [           main] org.apache.catalina.core.StandardEngine  : Starting Servlet Engine: Apache Tomcat/7.0.54
2014-08-28 16:58:29.400  INFO 9700 --- [ost-startStop-1] o.a.c.c.C.[Tomcat].[localhost].[/]       : Initializing Spring embedded WebApplicationContext
2014-08-28 16:58:29.401 DEBUG 9700 --- [ost-startStop-1] o.s.web.context.ContextLoader            : Published root WebApplicationContext as ServletContext attribute with name [org.springframework.web.context.WebApplicationContext.ROOT]
2014-08-28 16:58:29.401  INFO 9700 --- [ost-startStop-1] o.s.web.context.ContextLoader            : Root WebApplicationContext: initialization completed in 5734 ms
2014-08-28 16:58:29.874 ERROR 9700 --- [ost-startStop-1] rvletContextInitializerLifecycleListener : Error starting Tomcat context: org.springframework.beans.factory.BeanCreationException
2014-08-28 16:58:29.941  INFO 9700 --- [           main] .b.l.ClasspathLoggingApplicationListener : Application failed to start with classpath: [file:/C:/Users/ALB/AppData/Local/Temp/surefirebooter6941556018687466244.jar]
2014-08-28 16:58:29.977 ERROR 9700 --- [           main] o.s.boot.SpringApplication               : Application startup failed

org.springframework.context.ApplicationContextException: Unable to start embedded container; nested exception is org.springframework.boot.context.embedded.EmbeddedServletContainerException: Unable to start embedded Tomcat
	at org.springframework.boot.context.embedded.EmbeddedWebApplicationContext.onRefresh(EmbeddedWebApplicationContext.java:135)
	at org.springframework.context.support.AbstractApplicationContext.refresh(AbstractApplicationContext.java:476)
	at org.springframework.boot.context.embedded.EmbeddedWebApplicationContext.refresh(EmbeddedWebApplicationContext.java:120)
	at org.springframework.boot.SpringApplication.refresh(SpringApplication.java:691)
	at org.springframework.boot.SpringApplication.run(SpringApplication.java:320)
	at org.springframework.boot.test.SpringApplicationContextLoader.loadContext(SpringApplicationContextLoader.java:107)
	at org.springframework.test.context.CacheAwareContextLoaderDelegate.loadContextInternal(CacheAwareContextLoaderDelegate.java:64)
	at org.springframework.test.context.CacheAwareContextLoaderDelegate.loadContext(CacheAwareContextLoaderDelegate.java:91)
	at org.springframework.test.context.DefaultTestContext.getApplicationContext(DefaultTestContext.java:101)
	at org.springframework.test.context.support.DependencyInjectionTestExecutionListener.injectDependencies(DependencyInjectionTestExecutionListener.java:109)
	at org.springframework.test.context.support.DependencyInjectionTestExecutionListener.prepareTestInstance(DependencyInjectionTestExecutionListener.java:75)
	at org.springframework.test.context.TestContextManager.prepareTestInstance(TestContextManager.java:331)
	at org.springframework.test.context.junit4.SpringJUnit4ClassRunner.createTest(SpringJUnit4ClassRunner.java:213)
	at org.springframework.test.context.junit4.SpringJUnit4ClassRunner$1.runReflectiveCall(SpringJUnit4ClassRunner.java:290)
	at org.junit.internal.runners.model.ReflectiveCallable.run(ReflectiveCallable.java:12)
	at org.springframework.test.context.junit4.SpringJUnit4ClassRunner.methodBlock(SpringJUnit4ClassRunner.java:292)
	at org.springframework.test.context.junit4.SpringJUnit4ClassRunner.runChild(SpringJUnit4ClassRunner.java:233)
	at org.springframework.test.context.junit4.SpringJUnit4ClassRunner.runChild(SpringJUnit4ClassRunner.java:87)
	at org.junit.runners.ParentRunner$3.run(ParentRunner.java:238)
	at org.junit.runners.ParentRunner$1.schedule(ParentRunner.java:63)
	at org.junit.runners.ParentRunner.runChildren(ParentRunner.java:236)
	at org.junit.runners.ParentRunner.access$000(ParentRunner.java:53)
	at org.junit.runners.ParentRunner$2.evaluate(ParentRunner.java:229)
	at org.springframework.test.context.junit4.statements.RunBeforeTestClassCallbacks.evaluate(RunBeforeTestClassCallbacks.java:61)
	at org.springframework.test.context.junit4.statements.RunAfterTestClassCallbacks.evaluate(RunAfterTestClassCallbacks.java:71)
	at org.junit.runners.ParentRunner.run(ParentRunner.java:309)
	at org.springframework.test.context.junit4.SpringJUnit4ClassRunner.run(SpringJUnit4ClassRunner.java:176)
	at org.apache.maven.surefire.junit4.JUnit4TestSet.execute(JUnit4TestSet.java:62)
	at org.apache.maven.surefire.suite.AbstractDirectoryTestSuite.executeTestSet(AbstractDirectoryTestSuite.java:140)
	at org.apache.maven.surefire.suite.AbstractDirectoryTestSuite.execute(AbstractDirectoryTestSuite.java:127)
	at org.apache.maven.surefire.Surefire.run(Surefire.java:177)
	at sun.reflect.NativeMethodAccessorImpl.invoke0(Native Method)
	at sun.reflect.NativeMethodAccessorImpl.invoke(NativeMethodAccessorImpl.java:57)
	at sun.reflect.DelegatingMethodAccessorImpl.invoke(DelegatingMethodAccessorImpl.java:43)
	at java.lang.reflect.Method.invoke(Method.java:601)
	at org.apache.maven.surefire.booter.SurefireBooter.runSuitesInProcess(SurefireBooter.java:345)
	at org.apache.maven.surefire.booter.SurefireBooter.main(SurefireBooter.java:1009)
Caused by: org.springframework.boot.context.embedded.EmbeddedServletContainerException: Unable to start embedded Tomcat
	at org.springframework.boot.context.embedded.tomcat.TomcatEmbeddedServletContainer.initialize(TomcatEmbeddedServletContainer.java:100)
	at org.springframework.boot.context.embedded.tomcat.TomcatEmbeddedServletContainer.&lt;init&gt;(TomcatEmbeddedServletContainer.java:74)
	at org.springframework.boot.context.embedded.tomcat.TomcatEmbeddedServletContainerFactory.getTomcatEmbeddedServletContainer(TomcatEmbeddedServletContainerFactory.java:289)
	at org.springframework.boot.context.embedded.tomcat.TomcatEmbeddedServletContainerFactory.getEmbeddedServletContainer(TomcatEmbeddedServletContainerFactory.java:146)
	at org.springframework.boot.context.embedded.EmbeddedWebApplicationContext.createEmbeddedServletContainer(EmbeddedWebApplicationContext.java:159)
	at org.springframework.boot.context.embedded.EmbeddedWebApplicationContext.onRefresh(EmbeddedWebApplicationContext.java:132)
	... 36 common frames omitted
Caused by: org.springframework.beans.factory.BeanCreationException: Error creating bean with name &apos;org.springframework.security.config.annotation.web.configuration.WebSecurityConfiguration&apos;: Injection of autowired dependencies failed; nested exception is org.springframework.beans.factory.BeanCreationException: Could not autowire method: public void org.springframework.security.config.annotation.web.configuration.WebSecurityConfiguration.setFilterChainProxySecurityConfigurer(org.springframework.security.config.annotation.ObjectPostProcessor,java.util.List) throws java.lang.Exception; nested exception is org.springframework.beans.factory.BeanExpressionException: Expression parsing failed; nested exception is org.springframework.beans.factory.BeanCreationException: Error creating bean with name &apos;securityConfig&apos;: Injection of autowired dependencies failed; nested exception is org.springframework.beans.factory.BeanCreationException: Could not autowire method: public void org.springframework.security.config.annotation.web.configuration.WebSecurityConfigurerAdapter.setContentNegotationStrategy(org.springframework.web.accept.ContentNegotiationStrategy); nested exception is org.springframework.beans.factory.BeanCreationException: Error creating bean with name &apos;org.springframework.web.servlet.config.annotation.DelegatingWebMvcConfiguration&apos;: Injection of autowired dependencies failed; nested exception is org.springframework.beans.factory.BeanCreationException: Could not autowire method: public void org.springframework.web.servlet.config.annotation.DelegatingWebMvcConfiguration.setConfigurers(java.util.List); nested exception is org.springframework.beans.factory.BeanCreationException: Error creating bean with name &apos;apiConfig&apos; defined in URL [jar:file:/C:/workspaces/denv/denv-server/target/denv-server-0.1.0.jar!/org/ssoup/denv/server/api/ApiConfig.class]: Instantiation of bean failed; nested exception is org.springframework.beans.BeanInstantiationException: Could not instantiate bean class [org.ssoup.denv.server.api.ApiConfig$$EnhancerBySpringCGLIB$$10719c70]: No default constructor found; nested exception is java.lang.NoSuchMethodException: org.ssoup.denv.server.api.ApiConfig$$EnhancerBySpringCGLIB$$10719c70.&lt;init&gt;()
	at org.springframework.beans.factory.annotation.AutowiredAnnotationBeanPostProcessor.postProcessPropertyValues(AutowiredAnnotationBeanPostProcessor.java:292)
	at org.springframework.beans.factory.support.AbstractAutowireCapableBeanFactory.populateBean(AbstractAutowireCapableBeanFactory.java:1185)
	at org.springframework.beans.factory.support.AbstractAutowireCapableBeanFactory.doCreateBean(AbstractAutowireCapableBeanFactory.java:537)
	at org.springframework.beans.factory.support.AbstractAutowireCapableBeanFactory.createBean(AbstractAutowireCapableBeanFactory.java:475)
	at org.springframework.beans.factory.support.AbstractBeanFactory$1.getObject(AbstractBeanFactory.java:302)
	at org.springframework.beans.factory.support.DefaultSingletonBeanRegistry.getSingleton(DefaultSingletonBeanRegistry.java:228)
	at org.springframework.beans.factory.support.AbstractBeanFactory.doGetBean(AbstractBeanFactory.java:298)
	at org.springframework.beans.factory.support.AbstractBeanFactory.getBean(AbstractBeanFactory.java:193)
	at org.springframework.beans.factory.support.ConstructorResolver.instantiateUsingFactoryMethod(ConstructorResolver.java:370)
	at org.springframework.beans.factory.support.AbstractAutowireCapableBeanFactory.instantiateUsingFactoryMethod(AbstractAutowireCapableBeanFactory.java:1094)
	at org.springframework.beans.factory.support.AbstractAutowireCapableBeanFactory.createBeanInstance(AbstractAutowireCapableBeanFactory.java:989)
	at org.springframework.beans.factory.support.AbstractAutowireCapableBeanFactory.doCreateBean(AbstractAutowireCapableBeanFactory.java:504)
	at org.springframework.beans.factory.support.AbstractAutowireCapableBeanFactory.createBean(AbstractAutowireCapableBeanFactory.java:475)
	at org.springframework.beans.factory.support.AbstractBeanFactory$1.getObject(AbstractBeanFactory.java:302)
	at org.springframework.beans.factory.support.DefaultSingletonBeanRegistry.getSingleton(DefaultSingletonBeanRegistry.java:228)
	at org.springframework.beans.factory.support.AbstractBeanFactory.doGetBean(AbstractBeanFactory.java:298)
	at org.springframework.beans.factory.support.AbstractBeanFactory.getBean(AbstractBeanFactory.java:198)
	at org.springframework.boot.context.embedded.EmbeddedWebApplicationContext.getOrderedBeansOfType(EmbeddedWebApplicationContext.java:367)
	at org.springframework.boot.context.embedded.EmbeddedWebApplicationContext.getServletContextInitializerBeans(EmbeddedWebApplicationContext.java:268)
	at org.springframework.boot.context.embedded.EmbeddedWebApplicationContext$1.onStartup(EmbeddedWebApplicationContext.java:213)
	at org.springframework.boot.context.embedded.tomcat.ServletContextInitializerLifecycleListener.lifecycleEvent(ServletContextInitializerLifecycleListener.java:64)
	at org.apache.catalina.util.LifecycleSupport.fireLifecycleEvent(LifecycleSupport.java:117)
	at org.apache.catalina.util.LifecycleBase.fireLifecycleEvent(LifecycleBase.java:90)
	at org.apache.catalina.core.StandardContext.startInternal(StandardContext.java:5355)
	at org.apache.catalina.util.LifecycleBase.start(LifecycleBase.java:150)
	at org.apache.catalina.core.ContainerBase$StartChild.call(ContainerBase.java:1559)
	at org.apache.catalina.core.ContainerBase$StartChild.call(ContainerBase.java:1549)
	at java.util.concurrent.FutureTask$Sync.innerRun(FutureTask.java:334)
	at java.util.concurrent.FutureTask.run(FutureTask.java:166)
	at java.util.concurrent.ThreadPoolExecutor.runWorker(ThreadPoolExecutor.java:1145)
	at java.util.concurrent.ThreadPoolExecutor$Worker.run(ThreadPoolExecutor.java:615)
	at java.lang.Thread.run(Thread.java:722)
Caused by: org.springframework.beans.factory.BeanCreationException: Could not autowire method: public void org.springframework.security.config.annotation.web.configuration.WebSecurityConfiguration.setFilterChainProxySecurityConfigurer(org.springframework.security.config.annotation.ObjectPostProcessor,java.util.List) throws java.lang.Exception; nested exception is org.springframework.beans.factory.BeanExpressionException: Expression parsing failed; nested exception is org.springframework.beans.factory.BeanCreationException: Error creating bean with name &apos;securityConfig&apos;: Injection of autowired dependencies failed; nested exception is org.springframework.beans.factory.BeanCreationException: Could not autowire method: public void org.springframework.security.config.annotation.web.configuration.WebSecurityConfigurerAdapter.setContentNegotationStrategy(org.springframework.web.accept.ContentNegotiationStrategy); nested exception is org.springframework.beans.factory.BeanCreationException: Error creating bean with name &apos;org.springframework.web.servlet.config.annotation.DelegatingWebMvcConfiguration&apos;: Injection of autowired dependencies failed; nested exception is org.springframework.beans.factory.BeanCreationException: Could not autowire method: public void org.springframework.web.servlet.config.annotation.DelegatingWebMvcConfiguration.setConfigurers(java.util.List); nested exception is org.springframework.beans.factory.BeanCreationException: Error creating bean with name &apos;apiConfig&apos; defined in URL [jar:file:/C:/workspaces/denv/denv-server/target/denv-server-0.1.0.jar!/org/ssoup/denv/server/api/ApiConfig.class]: Instantiation of bean failed; nested exception is org.springframework.beans.BeanInstantiationException: Could not instantiate bean class [org.ssoup.denv.server.api.ApiConfig$$EnhancerBySpringCGLIB$$10719c70]: No default constructor found; nested exception is java.lang.NoSuchMethodException: org.ssoup.denv.server.api.ApiConfig$$EnhancerBySpringCGLIB$$10719c70.&lt;init&gt;()
	at org.springframework.beans.factory.annotation.AutowiredAnnotationBeanPostProcessor$AutowiredMethodElement.inject(AutowiredAnnotationBeanPostProcessor.java:596)
	at org.springframework.beans.factory.annotation.InjectionMetadata.inject(InjectionMetadata.java:87)
	at org.springframework.beans.factory.annotation.AutowiredAnnotationBeanPostProcessor.postProcessPropertyValues(AutowiredAnnotationBeanPostProcessor.java:289)
	... 31 common frames omitted
Caused by: org.springframework.beans.factory.BeanExpressionException: Expression parsing failed; nested exception is org.springframework.beans.factory.BeanCreationException: Error creating bean with name &apos;securityConfig&apos;: Injection of autowired dependencies failed; nested exception is org.springframework.beans.factory.BeanCreationException: Could not autowire method: public void org.springframework.security.config.annotation.web.configuration.WebSecurityConfigurerAdapter.setContentNegotationStrategy(org.springframework.web.accept.ContentNegotiationStrategy); nested exception is org.springframework.beans.factory.BeanCreationException: Error creating bean with name &apos;org.springframework.web.servlet.config.annotation.DelegatingWebMvcConfiguration&apos;: Injection of autowired dependencies failed; nested exception is org.springframework.beans.factory.BeanCreationException: Could not autowire method: public void org.springframework.web.servlet.config.annotation.DelegatingWebMvcConfiguration.setConfigurers(java.util.List); nested exception is org.springframework.beans.factory.BeanCreationException: Error creating bean with name &apos;apiConfig&apos; defined in URL [jar:file:/C:/workspaces/denv/denv-server/target/denv-server-0.1.0.jar!/org/ssoup/denv/server/api/ApiConfig.class]: Instantiation of bean failed; nested exception is org.springframework.beans.BeanInstantiationException: Could not instantiate bean class [org.ssoup.denv.server.api.ApiConfig$$EnhancerBySpringCGLIB$$10719c70]: No default constructor found; nested exception is java.lang.NoSuchMethodException: org.ssoup.denv.server.api.ApiConfig$$EnhancerBySpringCGLIB$$10719c70.&lt;init&gt;()
	at org.springframework.context.expression.StandardBeanExpressionResolver.evaluate(StandardBeanExpressionResolver.java:146)
	at org.springframework.beans.factory.support.AbstractBeanFactory.evaluateBeanDefinitionString(AbstractBeanFactory.java:1362)
	at org.springframework.beans.factory.support.DefaultListableBeanFactory.doResolveDependency(DefaultListableBeanFactory.java:873)
	at org.springframework.beans.factory.support.DefaultListableBeanFactory.resolveDependency(DefaultListableBeanFactory.java:858)
	at org.springframework.beans.factory.annotation.AutowiredAnnotationBeanPostProcessor$AutowiredMethodElement.inject(AutowiredAnnotationBeanPostProcessor.java:553)
	... 33 common frames omitted
Caused by: org.springframework.beans.factory.BeanCreationException: Error creating bean with name &apos;securityConfig&apos;: Injection of autowired dependencies failed; nested exception is org.springframework.beans.factory.BeanCreationException: Could not autowire method: public void org.springframework.security.config.annotation.web.configuration.WebSecurityConfigurerAdapter.setContentNegotationStrategy(org.springframework.web.accept.ContentNegotiationStrategy); nested exception is org.springframework.beans.factory.BeanCreationException: Error creating bean with name &apos;org.springframework.web.servlet.config.annotation.DelegatingWebMvcConfiguration&apos;: Injection of autowired dependencies failed; nested exception is org.springframework.beans.factory.BeanCreationException: Could not autowire method: public void org.springframework.web.servlet.config.annotation.DelegatingWebMvcConfiguration.setConfigurers(java.util.List); nested exception is org.springframework.beans.factory.BeanCreationException: Error creating bean with name &apos;apiConfig&apos; defined in URL [jar:file:/C:/workspaces/denv/denv-server/target/denv-server-0.1.0.jar!/org/ssoup/denv/server/api/ApiConfig.class]: Instantiation of bean failed; nested exception is org.springframework.beans.BeanInstantiationException: Could not instantiate bean class [org.ssoup.denv.server.api.ApiConfig$$EnhancerBySpringCGLIB$$10719c70]: No default constructor found; nested exception is java.lang.NoSuchMethodException: org.ssoup.denv.server.api.ApiConfig$$EnhancerBySpringCGLIB$$10719c70.&lt;init&gt;()
	at org.springframework.beans.factory.annotation.AutowiredAnnotationBeanPostProcessor.postProcessPropertyValues(AutowiredAnnotationBeanPostProcessor.java:292)
	at org.springframework.beans.factory.support.AbstractAutowireCapableBeanFactory.populateBean(AbstractAutowireCapableBeanFactory.java:1185)
	at org.springframework.beans.factory.support.AbstractAutowireCapableBeanFactory.doCreateBean(AbstractAutowireCapableBeanFactory.java:537)
	at org.springframework.beans.factory.support.AbstractAutowireCapableBeanFactory.createBean(AbstractAutowireCapableBeanFactory.java:475)
	at org.springframework.beans.factory.support.AbstractBeanFactory$1.getObject(AbstractBeanFactory.java:302)
	at org.springframework.beans.factory.support.DefaultSingletonBeanRegistry.getSingleton(DefaultSingletonBeanRegistry.java:228)
	at org.springframework.beans.factory.support.AbstractBeanFactory.doGetBean(AbstractBeanFactory.java:298)
	at org.springframework.beans.factory.support.AbstractBeanFactory.getBean(AbstractBeanFactory.java:198)
	at org.springframework.beans.factory.support.DefaultListableBeanFactory.getBeansOfType(DefaultListableBeanFactory.java:470)
	at org.springframework.beans.factory.support.DefaultListableBeanFactory.getBeansOfType(DefaultListableBeanFactory.java:459)
	at org.springframework.security.config.annotation.web.configuration.AutowiredWebSecurityConfigurersIgnoreParents.getWebSecurityConfigurers(AutowiredWebSecurityConfigurersIgnoreParents.java:52)
	at sun.reflect.NativeMethodAccessorImpl.invoke0(Native Method)
	at sun.reflect.NativeMethodAccessorImpl.invoke(NativeMethodAccessorImpl.java:57)
	at sun.reflect.DelegatingMethodAccessorImpl.invoke(DelegatingMethodAccessorImpl.java:43)
	at java.lang.reflect.Method.invoke(Method.java:601)
	at org.springframework.expression.spel.support.ReflectiveMethodExecutor.execute(ReflectiveMethodExecutor.java:63)
	at org.springframework.expression.spel.ast.MethodReference.getValueInternal(MethodReference.java:122)
	at org.springframework.expression.spel.ast.MethodReference.access$000(MethodReference.java:44)
	at org.springframework.expression.spel.ast.MethodReference$MethodValueRef.getValue(MethodReference.java:258)
	at org.springframework.expression.spel.ast.CompoundExpression.getValueInternal(CompoundExpression.java:84)
	at org.springframework.expression.spel.ast.SpelNodeImpl.getValue(SpelNodeImpl.java:103)
	at org.springframework.expression.spel.standard.SpelExpression.getValue(SpelExpression.java:94)
	at org.springframework.context.expression.StandardBeanExpressionResolver.evaluate(StandardBeanExpressionResolver.java:143)
	... 37 common frames omitted
Caused by: org.springframework.beans.factory.BeanCreationException: Could not autowire method: public void org.springframework.security.config.annotation.web.configuration.WebSecurityConfigurerAdapter.setContentNegotationStrategy(org.springframework.web.accept.ContentNegotiationStrategy); nested exception is org.springframework.beans.factory.BeanCreationException: Error creating bean with name &apos;org.springframework.web.servlet.config.annotation.DelegatingWebMvcConfiguration&apos;: Injection of autowired dependencies failed; nested exception is org.springframework.beans.factory.BeanCreationException: Could not autowire method: public void org.springframework.web.servlet.config.annotation.DelegatingWebMvcConfiguration.setConfigurers(java.util.List); nested exception is org.springframework.beans.factory.BeanCreationException: Error creating bean with name &apos;apiConfig&apos; defined in URL [jar:file:/C:/workspaces/denv/denv-server/target/denv-server-0.1.0.jar!/org/ssoup/denv/server/api/ApiConfig.class]: Instantiation of bean failed; nested exception is org.springframework.beans.BeanInstantiationException: Could not instantiate bean class [org.ssoup.denv.server.api.ApiConfig$$EnhancerBySpringCGLIB$$10719c70]: No default constructor found; nested exception is java.lang.NoSuchMethodException: org.ssoup.denv.server.api.ApiConfig$$EnhancerBySpringCGLIB$$10719c70.&lt;init&gt;()
	at org.springframework.beans.factory.annotation.AutowiredAnnotationBeanPostProcessor$AutowiredMethodElement.inject(AutowiredAnnotationBeanPostProcessor.java:596)
	at org.springframework.beans.factory.annotation.InjectionMetadata.inject(InjectionMetadata.java:87)
	at org.springframework.beans.factory.annotation.AutowiredAnnotationBeanPostProcessor.postProcessPropertyValues(AutowiredAnnotationBeanPostProcessor.java:289)
	... 59 common frames omitted
Caused by: org.springframework.beans.factory.BeanCreationException: Error creating bean with name &apos;org.springframework.web.servlet.config.annotation.DelegatingWebMvcConfiguration&apos;: Injection of autowired dependencies failed; nested exception is org.springframework.beans.factory.BeanCreationException: Could not autowire method: public void org.springframework.web.servlet.config.annotation.DelegatingWebMvcConfiguration.setConfigurers(java.util.List); nested exception is org.springframework.beans.factory.BeanCreationException: Error creating bean with name &apos;apiConfig&apos; defined in URL [jar:file:/C:/workspaces/denv/denv-server/target/denv-server-0.1.0.jar!/org/ssoup/denv/server/api/ApiConfig.class]: Instantiation of bean failed; nested exception is org.springframework.beans.BeanInstantiationException: Could not instantiate bean class [org.ssoup.denv.server.api.ApiConfig$$EnhancerBySpringCGLIB$$10719c70]: No default constructor found; nested exception is java.lang.NoSuchMethodException: org.ssoup.denv.server.api.ApiConfig$$EnhancerBySpringCGLIB$$10719c70.&lt;init&gt;()
	at org.springframework.beans.factory.annotation.AutowiredAnnotationBeanPostProcessor.postProcessPropertyValues(AutowiredAnnotationBeanPostProcessor.java:292)
	at org.springframework.beans.factory.support.AbstractAutowireCapableBeanFactory.populateBean(AbstractAutowireCapableBeanFactory.java:1185)
	at org.springframework.beans.factory.support.AbstractAutowireCapableBeanFactory.doCreateBean(AbstractAutowireCapableBeanFactory.java:537)
	at org.springframework.beans.factory.support.AbstractAutowireCapableBeanFactory.createBean(AbstractAutowireCapableBeanFactory.java:475)
	at org.springframework.beans.factory.support.AbstractBeanFactory$1.getObject(AbstractBeanFactory.java:302)
	at org.springframework.beans.factory.support.DefaultSingletonBeanRegistry.getSingleton(DefaultSingletonBeanRegistry.java:228)
	at org.springframework.beans.factory.support.AbstractBeanFactory.doGetBean(AbstractBeanFactory.java:298)
	at org.springframework.beans.factory.support.AbstractBeanFactory.getBean(AbstractBeanFactory.java:193)
	at org.springframework.beans.factory.support.ConstructorResolver.instantiateUsingFactoryMethod(ConstructorResolver.java:370)
	at org.springframework.beans.factory.support.AbstractAutowireCapableBeanFactory.instantiateUsingFactoryMethod(AbstractAutowireCapableBeanFactory.java:1094)
	at org.springframework.beans.factory.support.AbstractAutowireCapableBeanFactory.createBeanInstance(AbstractAutowireCapableBeanFactory.java:989)
	at org.springframework.beans.factory.support.AbstractAutowireCapableBeanFactory.doCreateBean(AbstractAutowireCapableBeanFactory.java:504)
	at org.springframework.beans.factory.support.AbstractAutowireCapableBeanFactory.createBean(AbstractAutowireCapableBeanFactory.java:475)
	at org.springframework.beans.factory.support.AbstractBeanFactory$1.getObject(AbstractBeanFactory.java:302)
	at org.springframework.beans.factory.support.DefaultSingletonBeanRegistry.getSingleton(DefaultSingletonBeanRegistry.java:228)
	at org.springframework.beans.factory.support.AbstractBeanFactory.doGetBean(AbstractBeanFactory.java:298)
	at org.springframework.beans.factory.support.AbstractBeanFactory.getBean(AbstractBeanFactory.java:193)
	at org.springframework.beans.factory.support.DefaultListableBeanFactory.findAutowireCandidates(DefaultListableBeanFactory.java:1017)
	at org.springframework.beans.factory.support.DefaultListableBeanFactory.doResolveDependency(DefaultListableBeanFactory.java:960)
	at org.springframework.beans.factory.support.DefaultListableBeanFactory.resolveDependency(DefaultListableBeanFactory.java:858)
	at org.springframework.beans.factory.annotation.AutowiredAnnotationBeanPostProcessor$AutowiredMethodElement.inject(AutowiredAnnotationBeanPostProcessor.java:553)
	... 61 common frames omitted
Caused by: org.springframework.beans.factory.BeanCreationException: Could not autowire method: public void org.springframework.web.servlet.config.annotation.DelegatingWebMvcConfiguration.setConfigurers(java.util.List); nested exception is org.springframework.beans.factory.BeanCreationException: Error creating bean with name &apos;apiConfig&apos; defined in URL [jar:file:/C:/workspaces/denv/denv-server/target/denv-server-0.1.0.jar!/org/ssoup/denv/server/api/ApiConfig.class]: Instantiation of bean failed; nested exception is org.springframework.beans.BeanInstantiationException: Could not instantiate bean class [org.ssoup.denv.server.api.ApiConfig$$EnhancerBySpringCGLIB$$10719c70]: No default constructor found; nested exception is java.lang.NoSuchMethodException: org.ssoup.denv.server.api.ApiConfig$$EnhancerBySpringCGLIB$$10719c70.&lt;init&gt;()
	at org.springframework.beans.factory.annotation.AutowiredAnnotationBeanPostProcessor$AutowiredMethodElement.inject(AutowiredAnnotationBeanPostProcessor.java:596)
	at org.springframework.beans.factory.annotation.InjectionMetadata.inject(InjectionMetadata.java:87)
	at org.springframework.beans.factory.annotation.AutowiredAnnotationBeanPostProcessor.postProcessPropertyValues(AutowiredAnnotationBeanPostProcessor.java:289)
	... 81 common frames omitted
Caused by: org.springframework.beans.factory.BeanCreationException: Error creating bean with name &apos;apiConfig&apos; defined in URL [jar:file:/C:/workspaces/denv/denv-server/target/denv-server-0.1.0.jar!/org/ssoup/denv/server/api/ApiConfig.class]: Instantiation of bean failed; nested exception is org.springframework.beans.BeanInstantiationException: Could not instantiate bean class [org.ssoup.denv.server.api.ApiConfig$$EnhancerBySpringCGLIB$$10719c70]: No default constructor found; nested exception is java.lang.NoSuchMethodException: org.ssoup.denv.server.api.ApiConfig$$EnhancerBySpringCGLIB$$10719c70.&lt;init&gt;()
	at org.springframework.beans.factory.support.AbstractAutowireCapableBeanFactory.instantiateBean(AbstractAutowireCapableBeanFactory.java:1076)
	at org.springframework.beans.factory.support.AbstractAutowireCapableBeanFactory.createBeanInstance(AbstractAutowireCapableBeanFactory.java:1021)
	at org.springframework.beans.factory.support.AbstractAutowireCapableBeanFactory.doCreateBean(AbstractAutowireCapableBeanFactory.java:504)
	at org.springframework.beans.factory.support.AbstractAutowireCapableBeanFactory.createBean(AbstractAutowireCapableBeanFactory.java:475)
	at org.springframework.beans.factory.support.AbstractBeanFactory$1.getObject(AbstractBeanFactory.java:302)
	at org.springframework.beans.factory.support.DefaultSingletonBeanRegistry.getSingleton(DefaultSingletonBeanRegistry.java:228)
	at org.springframework.beans.factory.support.AbstractBeanFactory.doGetBean(AbstractBeanFactory.java:298)
	at org.springframework.beans.factory.support.AbstractBeanFactory.getBean(AbstractBeanFactory.java:193)
	at org.springframework.beans.factory.support.DefaultListableBeanFactory.findAutowireCandidates(DefaultListableBeanFactory.java:1017)
	at org.springframework.beans.factory.support.DefaultListableBeanFactory.doResolveDependency(DefaultListableBeanFactory.java:912)
	at org.springframework.beans.factory.support.DefaultListableBeanFactory.resolveDependency(DefaultListableBeanFactory.java:858)
	at org.springframework.beans.factory.annotation.AutowiredAnnotationBeanPostProcessor$AutowiredMethodElement.inject(AutowiredAnnotationBeanPostProcessor.java:553)
	... 83 common frames omitted
Caused by: org.springframework.beans.BeanInstantiationException: Could not instantiate bean class [org.ssoup.denv.server.api.ApiConfig$$EnhancerBySpringCGLIB$$10719c70]: No default constructor found; nested exception is java.lang.NoSuchMethodException: org.ssoup.denv.server.api.ApiConfig$$EnhancerBySpringCGLIB$$10719c70.&lt;init&gt;()
	at org.springframework.beans.factory.support.SimpleInstantiationStrategy.instantiate(SimpleInstantiationStrategy.java:85)
	at org.springframework.beans.factory.support.AbstractAutowireCapableBeanFactory.instantiateBean(AbstractAutowireCapableBeanFactory.java:1069)
	... 94 common frames omitted
Caused by: java.lang.NoSuchMethodException: org.ssoup.denv.server.api.ApiConfig$$EnhancerBySpringCGLIB$$10719c70.&lt;init&gt;()
	at java.lang.Class.getConstructor0(Class.java:2730)
	at java.lang.Class.getDeclaredConstructor(Class.java:2004)
	at org.springframework.beans.factory.support.SimpleInstantiationStrategy.instantiate(SimpleInstantiationStrategy.java:80)
	... 95 common frames omitted

2014-08-28 16:58:30.385 ERROR 9700 --- [           main] o.s.test.context.TestContextManager      : Caught exception while allowing TestExecutionListener [org.springframework.test.context.support.DependencyInjectionTestExecutionListener@e45a028] to prepare test instance [org.ssoup.denv.server.test.BasicTest@7d15a969]

java.lang.IllegalStateException: Failed to load ApplicationContext
	at org.springframework.test.context.CacheAwareContextLoaderDelegate.loadContext(CacheAwareContextLoaderDelegate.java:99)
	at org.springframework.test.context.DefaultTestContext.getApplicationContext(DefaultTestContext.java:101)
	at org.springframework.test.context.support.DependencyInjectionTestExecutionListener.injectDependencies(DependencyInjectionTestExecutionListener.java:109)
	at org.springframework.test.context.support.DependencyInjectionTestExecutionListener.prepareTestInstance(DependencyInjectionTestExecutionListener.java:75)
	at org.springframework.test.context.TestContextManager.prepareTestInstance(TestContextManager.java:331)
	at org.springframework.test.context.junit4.SpringJUnit4ClassRunner.createTest(SpringJUnit4ClassRunner.java:213)
	at org.springframework.test.context.junit4.SpringJUnit4ClassRunner$1.runReflectiveCall(SpringJUnit4ClassRunner.java:290)
	at org.junit.internal.runners.model.ReflectiveCallable.run(ReflectiveCallable.java:12)
	at org.springframework.test.context.junit4.SpringJUnit4ClassRunner.methodBlock(SpringJUnit4ClassRunner.java:292)
	at org.springframework.test.context.junit4.SpringJUnit4ClassRunner.runChild(SpringJUnit4ClassRunner.java:233)
	at org.springframework.test.context.junit4.SpringJUnit4ClassRunner.runChild(SpringJUnit4ClassRunner.java:87)
	at org.junit.runners.ParentRunner$3.run(ParentRunner.java:238)
	at org.junit.runners.ParentRunner$1.schedule(ParentRunner.java:63)
	at org.junit.runners.ParentRunner.runChildren(ParentRunner.java:236)
	at org.junit.runners.ParentRunner.access$000(ParentRunner.java:53)
	at org.junit.runners.ParentRunner$2.evaluate(ParentRunner.java:229)
	at org.springframework.test.context.junit4.statements.RunBeforeTestClassCallbacks.evaluate(RunBeforeTestClassCallbacks.java:61)
	at org.springframework.test.context.junit4.statements.RunAfterTestClassCallbacks.evaluate(RunAfterTestClassCallbacks.java:71)
	at org.junit.runners.ParentRunner.run(ParentRunner.java:309)
	at org.springframework.test.context.junit4.SpringJUnit4ClassRunner.run(SpringJUnit4ClassRunner.java:176)
	at org.apache.maven.surefire.junit4.JUnit4TestSet.execute(JUnit4TestSet.java:62)
	at org.apache.maven.surefire.suite.AbstractDirectoryTestSuite.executeTestSet(AbstractDirectoryTestSuite.java:140)
	at org.apache.maven.surefire.suite.AbstractDirectoryTestSuite.execute(AbstractDirectoryTestSuite.java:127)
	at org.apache.maven.surefire.Surefire.run(Surefire.java:177)
	at sun.reflect.NativeMethodAccessorImpl.invoke0(Native Method)
	at sun.reflect.NativeMethodAccessorImpl.invoke(NativeMethodAccessorImpl.java:57)
	at sun.reflect.DelegatingMethodAccessorImpl.invoke(DelegatingMethodAccessorImpl.java:43)
	at java.lang.reflect.Method.invoke(Method.java:601)
	at org.apache.maven.surefire.booter.SurefireBooter.runSuitesInProcess(SurefireBooter.java:345)
	at org.apache.maven.surefire.booter.SurefireBooter.main(SurefireBooter.java:1009)
Caused by: org.springframework.context.ApplicationContextException: Unable to start embedded container; nested exception is org.springframework.boot.context.embedded.EmbeddedServletContainerException: Unable to start embedded Tomcat
	at org.springframework.boot.context.embedded.EmbeddedWebApplicationContext.onRefresh(EmbeddedWebApplicationContext.java:135)
	at org.springframework.context.support.AbstractApplicationContext.refresh(AbstractApplicationContext.java:476)
	at org.springframework.boot.context.embedded.EmbeddedWebApplicationContext.refresh(EmbeddedWebApplicationContext.java:120)
	at org.springframework.boot.SpringApplication.refresh(SpringApplication.java:691)
	at org.springframework.boot.SpringApplication.run(SpringApplication.java:320)
	at org.springframework.boot.test.SpringApplicationContextLoader.loadContext(SpringApplicationContextLoader.java:107)
	at org.springframework.test.context.CacheAwareContextLoaderDelegate.loadContextInternal(CacheAwareContextLoaderDelegate.java:64)
	at org.springframework.test.context.CacheAwareContextLoaderDelegate.loadContext(CacheAwareContextLoaderDelegate.java:91)
	... 29 common frames omitted
Caused by: org.springframework.boot.context.embedded.EmbeddedServletContainerException: Unable to start embedded Tomcat
	at org.springframework.boot.context.embedded.tomcat.TomcatEmbeddedServletContainer.initialize(TomcatEmbeddedServletContainer.java:100)
	at org.springframework.boot.context.embedded.tomcat.TomcatEmbeddedServletContainer.&lt;init&gt;(TomcatEmbeddedServletContainer.java:74)
	at org.springframework.boot.context.embedded.tomcat.TomcatEmbeddedServletContainerFactory.getTomcatEmbeddedServletContainer(TomcatEmbeddedServletContainerFactory.java:289)
	at org.springframework.boot.context.embedded.tomcat.TomcatEmbeddedServletContainerFactory.getEmbeddedServletContainer(TomcatEmbeddedServletContainerFactory.java:146)
	at org.springframework.boot.context.embedded.EmbeddedWebApplicationContext.createEmbeddedServletContainer(EmbeddedWebApplicationContext.java:159)
	at org.springframework.boot.context.embedded.EmbeddedWebApplicationContext.onRefresh(EmbeddedWebApplicationContext.java:132)
	... 36 common frames omitted
Caused by: org.springframework.beans.factory.BeanCreationException: Error creating bean with name &apos;org.springframework.security.config.annotation.web.configuration.WebSecurityConfiguration&apos;: Injection of autowired dependencies failed; nested exception is org.springframework.beans.factory.BeanCreationException: Could not autowire method: public void org.springframework.security.config.annotation.web.configuration.WebSecurityConfiguration.setFilterChainProxySecurityConfigurer(org.springframework.security.config.annotation.ObjectPostProcessor,java.util.List) throws java.lang.Exception; nested exception is org.springframework.beans.factory.BeanExpressionException: Expression parsing failed; nested exception is org.springframework.beans.factory.BeanCreationException: Error creating bean with name &apos;securityConfig&apos;: Injection of autowired dependencies failed; nested exception is org.springframework.beans.factory.BeanCreationException: Could not autowire method: public void org.springframework.security.config.annotation.web.configuration.WebSecurityConfigurerAdapter.setContentNegotationStrategy(org.springframework.web.accept.ContentNegotiationStrategy); nested exception is org.springframework.beans.factory.BeanCreationException: Error creating bean with name &apos;org.springframework.web.servlet.config.annotation.DelegatingWebMvcConfiguration&apos;: Injection of autowired dependencies failed; nested exception is org.springframework.beans.factory.BeanCreationException: Could not autowire method: public void org.springframework.web.servlet.config.annotation.DelegatingWebMvcConfiguration.setConfigurers(java.util.List); nested exception is org.springframework.beans.factory.BeanCreationException: Error creating bean with name &apos;apiConfig&apos; defined in URL [jar:file:/C:/workspaces/denv/denv-server/target/denv-server-0.1.0.jar!/org/ssoup/denv/server/api/ApiConfig.class]: Instantiation of bean failed; nested exception is org.springframework.beans.BeanInstantiationException: Could not instantiate bean class [org.ssoup.denv.server.api.ApiConfig$$EnhancerBySpringCGLIB$$10719c70]: No default constructor found; nested exception is java.lang.NoSuchMethodException: org.ssoup.denv.server.api.ApiConfig$$EnhancerBySpringCGLIB$$10719c70.&lt;init&gt;()
	at org.springframework.beans.factory.annotation.AutowiredAnnotationBeanPostProcessor.postProcessPropertyValues(AutowiredAnnotationBeanPostProcessor.java:292)
	at org.springframework.beans.factory.support.AbstractAutowireCapableBeanFactory.populateBean(AbstractAutowireCapableBeanFactory.java:1185)
	at org.springframework.beans.factory.support.AbstractAutowireCapableBeanFactory.doCreateBean(AbstractAutowireCapableBeanFactory.java:537)
	at org.springframework.beans.factory.support.AbstractAutowireCapableBeanFactory.createBean(AbstractAutowireCapableBeanFactory.java:475)
	at org.springframework.beans.factory.support.AbstractBeanFactory$1.getObject(AbstractBeanFactory.java:302)
	at org.springframework.beans.factory.support.DefaultSingletonBeanRegistry.getSingleton(DefaultSingletonBeanRegistry.java:228)
	at org.springframework.beans.factory.support.AbstractBeanFactory.doGetBean(AbstractBeanFactory.java:298)
	at org.springframework.beans.factory.support.AbstractBeanFactory.getBean(AbstractBeanFactory.java:193)
	at org.springframework.beans.factory.support.ConstructorResolver.instantiateUsingFactoryMethod(ConstructorResolver.java:370)
	at org.springframework.beans.factory.support.AbstractAutowireCapableBeanFactory.instantiateUsingFactoryMethod(AbstractAutowireCapableBeanFactory.java:1094)
	at org.springframework.beans.factory.support.AbstractAutowireCapableBeanFactory.createBeanInstance(AbstractAutowireCapableBeanFactory.java:989)
	at org.springframework.beans.factory.support.AbstractAutowireCapableBeanFactory.doCreateBean(AbstractAutowireCapableBeanFactory.java:504)
	at org.springframework.beans.factory.support.AbstractAutowireCapableBeanFactory.createBean(AbstractAutowireCapableBeanFactory.java:475)
	at org.springframework.beans.factory.support.AbstractBeanFactory$1.getObject(AbstractBeanFactory.java:302)
	at org.springframework.beans.factory.support.DefaultSingletonBeanRegistry.getSingleton(DefaultSingletonBeanRegistry.java:228)
	at org.springframework.beans.factory.support.AbstractBeanFactory.doGetBean(AbstractBeanFactory.java:298)
	at org.springframework.beans.factory.support.AbstractBeanFactory.getBean(AbstractBeanFactory.java:198)
	at org.springframework.boot.context.embedded.EmbeddedWebApplicationContext.getOrderedBeansOfType(EmbeddedWebApplicationContext.java:367)
	at org.springframework.boot.context.embedded.EmbeddedWebApplicationContext.getServletContextInitializerBeans(EmbeddedWebApplicationContext.java:268)
	at org.springframework.boot.context.embedded.EmbeddedWebApplicationContext$1.onStartup(EmbeddedWebApplicationContext.java:213)
	at org.springframework.boot.context.embedded.tomcat.ServletContextInitializerLifecycleListener.lifecycleEvent(ServletContextInitializerLifecycleListener.java:64)
	at org.apache.catalina.util.LifecycleSupport.fireLifecycleEvent(LifecycleSupport.java:117)
	at org.apache.catalina.util.LifecycleBase.fireLifecycleEvent(LifecycleBase.java:90)
	at org.apache.catalina.core.StandardContext.startInternal(StandardContext.java:5355)
	at org.apache.catalina.util.LifecycleBase.start(LifecycleBase.java:150)
	at org.apache.catalina.core.ContainerBase$StartChild.call(ContainerBase.java:1559)
	at org.apache.catalina.core.ContainerBase$StartChild.call(ContainerBase.java:1549)
	at java.util.concurrent.FutureTask$Sync.innerRun(FutureTask.java:334)
	at java.util.concurrent.FutureTask.run(FutureTask.java:166)
	at java.util.concurrent.ThreadPoolExecutor.runWorker(ThreadPoolExecutor.java:1145)
	at java.util.concurrent.ThreadPoolExecutor$Worker.run(ThreadPoolExecutor.java:615)
	at java.lang.Thread.run(Thread.java:722)
Caused by: org.springframework.beans.factory.BeanCreationException: Could not autowire method: public void org.springframework.security.config.annotation.web.configuration.WebSecurityConfiguration.setFilterChainProxySecurityConfigurer(org.springframework.security.config.annotation.ObjectPostProcessor,java.util.List) throws java.lang.Exception; nested exception is org.springframework.beans.factory.BeanExpressionException: Expression parsing failed; nested exception is org.springframework.beans.factory.BeanCreationException: Error creating bean with name &apos;securityConfig&apos;: Injection of autowired dependencies failed; nested exception is org.springframework.beans.factory.BeanCreationException: Could not autowire method: public void org.springframework.security.config.annotation.web.configuration.WebSecurityConfigurerAdapter.setContentNegotationStrategy(org.springframework.web.accept.ContentNegotiationStrategy); nested exception is org.springframework.beans.factory.BeanCreationException: Error creating bean with name &apos;org.springframework.web.servlet.config.annotation.DelegatingWebMvcConfiguration&apos;: Injection of autowired dependencies failed; nested exception is org.springframework.beans.factory.BeanCreationException: Could not autowire method: public void org.springframework.web.servlet.config.annotation.DelegatingWebMvcConfiguration.setConfigurers(java.util.List); nested exception is org.springframework.beans.factory.BeanCreationException: Error creating bean with name &apos;apiConfig&apos; defined in URL [jar:file:/C:/workspaces/denv/denv-server/target/denv-server-0.1.0.jar!/org/ssoup/denv/server/api/ApiConfig.class]: Instantiation of bean failed; nested exception is org.springframework.beans.BeanInstantiationException: Could not instantiate bean class [org.ssoup.denv.server.api.ApiConfig$$EnhancerBySpringCGLIB$$10719c70]: No default constructor found; nested exception is java.lang.NoSuchMethodException: org.ssoup.denv.server.api.ApiConfig$$EnhancerBySpringCGLIB$$10719c70.&lt;init&gt;()
	at org.springframework.beans.factory.annotation.AutowiredAnnotationBeanPostProcessor$AutowiredMethodElement.inject(AutowiredAnnotationBeanPostProcessor.java:596)
	at org.springframework.beans.factory.annotation.InjectionMetadata.inject(InjectionMetadata.java:87)
	at org.springframework.beans.factory.annotation.AutowiredAnnotationBeanPostProcessor.postProcessPropertyValues(AutowiredAnnotationBeanPostProcessor.java:289)
	... 31 common frames omitted
Caused by: org.springframework.beans.factory.BeanExpressionException: Expression parsing failed; nested exception is org.springframework.beans.factory.BeanCreationException: Error creating bean with name &apos;securityConfig&apos;: Injection of autowired dependencies failed; nested exception is org.springframework.beans.factory.BeanCreationException: Could not autowire method: public void org.springframework.security.config.annotation.web.configuration.WebSecurityConfigurerAdapter.setContentNegotationStrategy(org.springframework.web.accept.ContentNegotiationStrategy); nested exception is org.springframework.beans.factory.BeanCreationException: Error creating bean with name &apos;org.springframework.web.servlet.config.annotation.DelegatingWebMvcConfiguration&apos;: Injection of autowired dependencies failed; nested exception is org.springframework.beans.factory.BeanCreationException: Could not autowire method: public void org.springframework.web.servlet.config.annotation.DelegatingWebMvcConfiguration.setConfigurers(java.util.List); nested exception is org.springframework.beans.factory.BeanCreationException: Error creating bean with name &apos;apiConfig&apos; defined in URL [jar:file:/C:/workspaces/denv/denv-server/target/denv-server-0.1.0.jar!/org/ssoup/denv/server/api/ApiConfig.class]: Instantiation of bean failed; nested exception is org.springframework.beans.BeanInstantiationException: Could not instantiate bean class [org.ssoup.denv.server.api.ApiConfig$$EnhancerBySpringCGLIB$$10719c70]: No default constructor found; nested exception is java.lang.NoSuchMethodException: org.ssoup.denv.server.api.ApiConfig$$EnhancerBySpringCGLIB$$10719c70.&lt;init&gt;()
	at org.springframework.context.expression.StandardBeanExpressionResolver.evaluate(StandardBeanExpressionResolver.java:146)
	at org.springframework.beans.factory.support.AbstractBeanFactory.evaluateBeanDefinitionString(AbstractBeanFactory.java:1362)
	at org.springframework.beans.factory.support.DefaultListableBeanFactory.doResolveDependency(DefaultListableBeanFactory.java:873)
	at org.springframework.beans.factory.support.DefaultListableBeanFactory.resolveDependency(DefaultListableBeanFactory.java:858)
	at org.springframework.beans.factory.annotation.AutowiredAnnotationBeanPostProcessor$AutowiredMethodElement.inject(AutowiredAnnotationBeanPostProcessor.java:553)
	... 33 common frames omitted
Caused by: org.springframework.beans.factory.BeanCreationException: Error creating bean with name &apos;securityConfig&apos;: Injection of autowired dependencies failed; nested exception is org.springframework.beans.factory.BeanCreationException: Could not autowire method: public void org.springframework.security.config.annotation.web.configuration.WebSecurityConfigurerAdapter.setContentNegotationStrategy(org.springframework.web.accept.ContentNegotiationStrategy); nested exception is org.springframework.beans.factory.BeanCreationException: Error creating bean with name &apos;org.springframework.web.servlet.config.annotation.DelegatingWebMvcConfiguration&apos;: Injection of autowired dependencies failed; nested exception is org.springframework.beans.factory.BeanCreationException: Could not autowire method: public void org.springframework.web.servlet.config.annotation.DelegatingWebMvcConfiguration.setConfigurers(java.util.List); nested exception is org.springframework.beans.factory.BeanCreationException: Error creating bean with name &apos;apiConfig&apos; defined in URL [jar:file:/C:/workspaces/denv/denv-server/target/denv-server-0.1.0.jar!/org/ssoup/denv/server/api/ApiConfig.class]: Instantiation of bean failed; nested exception is org.springframework.beans.BeanInstantiationException: Could not instantiate bean class [org.ssoup.denv.server.api.ApiConfig$$EnhancerBySpringCGLIB$$10719c70]: No default constructor found; nested exception is java.lang.NoSuchMethodException: org.ssoup.denv.server.api.ApiConfig$$EnhancerBySpringCGLIB$$10719c70.&lt;init&gt;()
	at org.springframework.beans.factory.annotation.AutowiredAnnotationBeanPostProcessor.postProcessPropertyValues(AutowiredAnnotationBeanPostProcessor.java:292)
	at org.springframework.beans.factory.support.AbstractAutowireCapableBeanFactory.populateBean(AbstractAutowireCapableBeanFactory.java:1185)
	at org.springframework.beans.factory.support.AbstractAutowireCapableBeanFactory.doCreateBean(AbstractAutowireCapableBeanFactory.java:537)
	at org.springframework.beans.factory.support.AbstractAutowireCapableBeanFactory.createBean(AbstractAutowireCapableBeanFactory.java:475)
	at org.springframework.beans.factory.support.AbstractBeanFactory$1.getObject(AbstractBeanFactory.java:302)
	at org.springframework.beans.factory.support.DefaultSingletonBeanRegistry.getSingleton(DefaultSingletonBeanRegistry.java:228)
	at org.springframework.beans.factory.support.AbstractBeanFactory.doGetBean(AbstractBeanFactory.java:298)
	at org.springframework.beans.factory.support.AbstractBeanFactory.getBean(AbstractBeanFactory.java:198)
	at org.springframework.beans.factory.support.DefaultListableBeanFactory.getBeansOfType(DefaultListableBeanFactory.java:470)
	at org.springframework.beans.factory.support.DefaultListableBeanFactory.getBeansOfType(DefaultListableBeanFactory.java:459)
	at org.springframework.security.config.annotation.web.configuration.AutowiredWebSecurityConfigurersIgnoreParents.getWebSecurityConfigurers(AutowiredWebSecurityConfigurersIgnoreParents.java:52)
	at sun.reflect.NativeMethodAccessorImpl.invoke0(Native Method)
	at sun.reflect.NativeMethodAccessorImpl.invoke(NativeMethodAccessorImpl.java:57)
	at sun.reflect.DelegatingMethodAccessorImpl.invoke(DelegatingMethodAccessorImpl.java:43)
	at java.lang.reflect.Method.invoke(Method.java:601)
	at org.springframework.expression.spel.support.ReflectiveMethodExecutor.execute(ReflectiveMethodExecutor.java:63)
	at org.springframework.expression.spel.ast.MethodReference.getValueInternal(MethodReference.java:122)
	at org.springframework.expression.spel.ast.MethodReference.access$000(MethodReference.java:44)
	at org.springframework.expression.spel.ast.MethodReference$MethodValueRef.getValue(MethodReference.java:258)
	at org.springframework.expression.spel.ast.CompoundExpression.getValueInternal(CompoundExpression.java:84)
	at org.springframework.expression.spel.ast.SpelNodeImpl.getValue(SpelNodeImpl.java:103)
	at org.springframework.expression.spel.standard.SpelExpression.getValue(SpelExpression.java:94)
	at org.springframework.context.expression.StandardBeanExpressionResolver.evaluate(StandardBeanExpressionResolver.java:143)
	... 37 common frames omitted
Caused by: org.springframework.beans.factory.BeanCreationException: Could not autowire method: public void org.springframework.security.config.annotation.web.configuration.WebSecurityConfigurerAdapter.setContentNegotationStrategy(org.springframework.web.accept.ContentNegotiationStrategy); nested exception is org.springframework.beans.factory.BeanCreationException: Error creating bean with name &apos;org.springframework.web.servlet.config.annotation.DelegatingWebMvcConfiguration&apos;: Injection of autowired dependencies failed; nested exception is org.springframework.beans.factory.BeanCreationException: Could not autowire method: public void org.springframework.web.servlet.config.annotation.DelegatingWebMvcConfiguration.setConfigurers(java.util.List); nested exception is org.springframework.beans.factory.BeanCreationException: Error creating bean with name &apos;apiConfig&apos; defined in URL [jar:file:/C:/workspaces/denv/denv-server/target/denv-server-0.1.0.jar!/org/ssoup/denv/server/api/ApiConfig.class]: Instantiation of bean failed; nested exception is org.springframework.beans.BeanInstantiationException: Could not instantiate bean class [org.ssoup.denv.server.api.ApiConfig$$EnhancerBySpringCGLIB$$10719c70]: No default constructor found; nested exception is java.lang.NoSuchMethodException: org.ssoup.denv.server.api.ApiConfig$$EnhancerBySpringCGLIB$$10719c70.&lt;init&gt;()
	at org.springframework.beans.factory.annotation.AutowiredAnnotationBeanPostProcessor$AutowiredMethodElement.inject(AutowiredAnnotationBeanPostProcessor.java:596)
	at org.springframework.beans.factory.annotation.InjectionMetadata.inject(InjectionMetadata.java:87)
	at org.springframework.beans.factory.annotation.AutowiredAnnotationBeanPostProcessor.postProcessPropertyValues(AutowiredAnnotationBeanPostProcessor.java:289)
	... 59 common frames omitted
Caused by: org.springframework.beans.factory.BeanCreationException: Error creating bean with name &apos;org.springframework.web.servlet.config.annotation.DelegatingWebMvcConfiguration&apos;: Injection of autowired dependencies failed; nested exception is org.springframework.beans.factory.BeanCreationException: Could not autowire method: public void org.springframework.web.servlet.config.annotation.DelegatingWebMvcConfiguration.setConfigurers(java.util.List); nested exception is org.springframework.beans.factory.BeanCreationException: Error creating bean with name &apos;apiConfig&apos; defined in URL [jar:file:/C:/workspaces/denv/denv-server/target/denv-server-0.1.0.jar!/org/ssoup/denv/server/api/ApiConfig.class]: Instantiation of bean failed; nested exception is org.springframework.beans.BeanInstantiationException: Could not instantiate bean class [org.ssoup.denv.server.api.ApiConfig$$EnhancerBySpringCGLIB$$10719c70]: No default constructor found; nested exception is java.lang.NoSuchMethodException: org.ssoup.denv.server.api.ApiConfig$$EnhancerBySpringCGLIB$$10719c70.&lt;init&gt;()
	at org.springframework.beans.factory.annotation.AutowiredAnnotationBeanPostProcessor.postProcessPropertyValues(AutowiredAnnotationBeanPostProcessor.java:292)
	at org.springframework.beans.factory.support.AbstractAutowireCapableBeanFactory.populateBean(AbstractAutowireCapableBeanFactory.java:1185)
	at org.springframework.beans.factory.support.AbstractAutowireCapableBeanFactory.doCreateBean(AbstractAutowireCapableBeanFactory.java:537)
	at org.springframework.beans.factory.support.AbstractAutowireCapableBeanFactory.createBean(AbstractAutowireCapableBeanFactory.java:475)
	at org.springframework.beans.factory.support.AbstractBeanFactory$1.getObject(AbstractBeanFactory.java:302)
	at org.springframework.beans.factory.support.DefaultSingletonBeanRegistry.getSingleton(DefaultSingletonBeanRegistry.java:228)
	at org.springframework.beans.factory.support.AbstractBeanFactory.doGetBean(AbstractBeanFactory.java:298)
	at org.springframework.beans.factory.support.AbstractBeanFactory.getBean(AbstractBeanFactory.java:193)
	at org.springframework.beans.factory.support.ConstructorResolver.instantiateUsingFactoryMethod(ConstructorResolver.java:370)
	at org.springframework.beans.factory.support.AbstractAutowireCapableBeanFactory.instantiateUsingFactoryMethod(AbstractAutowireCapableBeanFactory.java:1094)
	at org.springframework.beans.factory.support.AbstractAutowireCapableBeanFactory.createBeanInstance(AbstractAutowireCapableBeanFactory.java:989)
	at org.springframework.beans.factory.support.AbstractAutowireCapableBeanFactory.doCreateBean(AbstractAutowireCapableBeanFactory.java:504)
	at org.springframework.beans.factory.support.AbstractAutowireCapableBeanFactory.createBean(AbstractAutowireCapableBeanFactory.java:475)
	at org.springframework.beans.factory.support.AbstractBeanFactory$1.getObject(AbstractBeanFactory.java:302)
	at org.springframework.beans.factory.support.DefaultSingletonBeanRegistry.getSingleton(DefaultSingletonBeanRegistry.java:228)
	at org.springframework.beans.factory.support.AbstractBeanFactory.doGetBean(AbstractBeanFactory.java:298)
	at org.springframework.beans.factory.support.AbstractBeanFactory.getBean(AbstractBeanFactory.java:193)
	at org.springframework.beans.factory.support.DefaultListableBeanFactory.findAutowireCandidates(DefaultListableBeanFactory.java:1017)
	at org.springframework.beans.factory.support.DefaultListableBeanFactory.doResolveDependency(DefaultListableBeanFactory.java:960)
	at org.springframework.beans.factory.support.DefaultListableBeanFactory.resolveDependency(DefaultListableBeanFactory.java:858)
	at org.springframework.beans.factory.annotation.AutowiredAnnotationBeanPostProcessor$AutowiredMethodElement.inject(AutowiredAnnotationBeanPostProcessor.java:553)
	... 61 common frames omitted
Caused by: org.springframework.beans.factory.BeanCreationException: Could not autowire method: public void org.springframework.web.servlet.config.annotation.DelegatingWebMvcConfiguration.setConfigurers(java.util.List); nested exception is org.springframework.beans.factory.BeanCreationException: Error creating bean with name &apos;apiConfig&apos; defined in URL [jar:file:/C:/workspaces/denv/denv-server/target/denv-server-0.1.0.jar!/org/ssoup/denv/server/api/ApiConfig.class]: Instantiation of bean failed; nested exception is org.springframework.beans.BeanInstantiationException: Could not instantiate bean class [org.ssoup.denv.server.api.ApiConfig$$EnhancerBySpringCGLIB$$10719c70]: No default constructor found; nested exception is java.lang.NoSuchMethodException: org.ssoup.denv.server.api.ApiConfig$$EnhancerBySpringCGLIB$$10719c70.&lt;init&gt;()
	at org.springframework.beans.factory.annotation.AutowiredAnnotationBeanPostProcessor$AutowiredMethodElement.inject(AutowiredAnnotationBeanPostProcessor.java:596)
	at org.springframework.beans.factory.annotation.InjectionMetadata.inject(InjectionMetadata.java:87)
	at org.springframework.beans.factory.annotation.AutowiredAnnotationBeanPostProcessor.postProcessPropertyValues(AutowiredAnnotationBeanPostProcessor.java:289)
	... 81 common frames omitted
Caused by: org.springframework.beans.factory.BeanCreationException: Error creating bean with name &apos;apiConfig&apos; defined in URL [jar:file:/C:/workspaces/denv/denv-server/target/denv-server-0.1.0.jar!/org/ssoup/denv/server/api/ApiConfig.class]: Instantiation of bean failed; nested exception is org.springframework.beans.BeanInstantiationException: Could not instantiate bean class [org.ssoup.denv.server.api.ApiConfig$$EnhancerBySpringCGLIB$$10719c70]: No default constructor found; nested exception is java.lang.NoSuchMethodException: org.ssoup.denv.server.api.ApiConfig$$EnhancerBySpringCGLIB$$10719c70.&lt;init&gt;()
	at org.springframework.beans.factory.support.AbstractAutowireCapableBeanFactory.instantiateBean(AbstractAutowireCapableBeanFactory.java:1076)
	at org.springframework.beans.factory.support.AbstractAutowireCapableBeanFactory.createBeanInstance(AbstractAutowireCapableBeanFactory.java:1021)
	at org.springframework.beans.factory.support.AbstractAutowireCapableBeanFactory.doCreateBean(AbstractAutowireCapableBeanFactory.java:504)
	at org.springframework.beans.factory.support.AbstractAutowireCapableBeanFactory.createBean(AbstractAutowireCapableBeanFactory.java:475)
	at org.springframework.beans.factory.support.AbstractBeanFactory$1.getObject(AbstractBeanFactory.java:302)
	at org.springframework.beans.factory.support.DefaultSingletonBeanRegistry.getSingleton(DefaultSingletonBeanRegistry.java:228)
	at org.springframework.beans.factory.support.AbstractBeanFactory.doGetBean(AbstractBeanFactory.java:298)
	at org.springframework.beans.factory.support.AbstractBeanFactory.getBean(AbstractBeanFactory.java:193)
	at org.springframework.beans.factory.support.DefaultListableBeanFactory.findAutowireCandidates(DefaultListableBeanFactory.java:1017)
	at org.springframework.beans.factory.support.DefaultListableBeanFactory.doResolveDependency(DefaultListableBeanFactory.java:912)
	at org.springframework.beans.factory.support.DefaultListableBeanFactory.resolveDependency(DefaultListableBeanFactory.java:858)
	at org.springframework.beans.factory.annotation.AutowiredAnnotationBeanPostProcessor$AutowiredMethodElement.inject(AutowiredAnnotationBeanPostProcessor.java:553)
	... 83 common frames omitted
Caused by: org.springframework.beans.BeanInstantiationException: Could not instantiate bean class [org.ssoup.denv.server.api.ApiConfig$$EnhancerBySpringCGLIB$$10719c70]: No default constructor found; nested exception is java.lang.NoSuchMethodException: org.ssoup.denv.server.api.ApiConfig$$EnhancerBySpringCGLIB$$10719c70.&lt;init&gt;()
	at org.springframework.beans.factory.support.SimpleInstantiationStrategy.instantiate(SimpleInstantiationStrategy.java:85)
	at org.springframework.beans.factory.support.AbstractAutowireCapableBeanFactory.instantiateBean(AbstractAutowireCapableBeanFactory.java:1069)
	... 94 common frames omitted
Caused by: java.lang.NoSuchMethodException: org.ssoup.denv.server.api.ApiConfig$$EnhancerBySpringCGLIB$$10719c70.&lt;init&gt;()
	at java.lang.Class.getConstructor0(Class.java:2730)
	at java.lang.Class.getDeclaredConstructor(Class.java:2004)
	at org.springframework.beans.factory.support.SimpleInstantiationStrategy.instantiate(SimpleInstantiationStrategy.java:80)
	... 95 common frames omitted

</system-out>
  </testcase>
  <testcase time="2.335" classname="org.ssoup.denv.server.test.BasicTest" name="runPanamaxApp">
    <error message="Failed to load ApplicationContext" type="java.lang.IllegalStateException">java.lang.IllegalStateException: Failed to load ApplicationContext
	at org.springframework.test.context.CacheAwareContextLoaderDelegate.loadContext(CacheAwareContextLoaderDelegate.java:99)
	at org.springframework.test.context.DefaultTestContext.getApplicationContext(DefaultTestContext.java:101)
	at org.springframework.test.context.support.DependencyInjectionTestExecutionListener.injectDependencies(DependencyInjectionTestExecutionListener.java:109)
	at org.springframework.test.context.support.DependencyInjectionTestExecutionListener.prepareTestInstance(DependencyInjectionTestExecutionListener.java:75)
	at org.springframework.test.context.TestContextManager.prepareTestInstance(TestContextManager.java:331)
	at org.springframework.test.context.junit4.SpringJUnit4ClassRunner.createTest(SpringJUnit4ClassRunner.java:213)
	at org.springframework.test.context.junit4.SpringJUnit4ClassRunner$1.runReflectiveCall(SpringJUnit4ClassRunner.java:290)
	at org.junit.internal.runners.model.ReflectiveCallable.run(ReflectiveCallable.java:12)
	at org.springframework.test.context.junit4.SpringJUnit4ClassRunner.methodBlock(SpringJUnit4ClassRunner.java:292)
	at org.springframework.test.context.junit4.SpringJUnit4ClassRunner.runChild(SpringJUnit4ClassRunner.java:233)
	at org.springframework.test.context.junit4.SpringJUnit4ClassRunner.runChild(SpringJUnit4ClassRunner.java:87)
	at org.junit.runners.ParentRunner$3.run(ParentRunner.java:238)
	at org.junit.runners.ParentRunner$1.schedule(ParentRunner.java:63)
	at org.junit.runners.ParentRunner.runChildren(ParentRunner.java:236)
	at org.junit.runners.ParentRunner.access$000(ParentRunner.java:53)
	at org.junit.runners.ParentRunner$2.evaluate(ParentRunner.java:229)
	at org.springframework.test.context.junit4.statements.RunBeforeTestClassCallbacks.evaluate(RunBeforeTestClassCallbacks.java:61)
	at org.springframework.test.context.junit4.statements.RunAfterTestClassCallbacks.evaluate(RunAfterTestClassCallbacks.java:71)
	at org.junit.runners.ParentRunner.run(ParentRunner.java:309)
	at org.springframework.test.context.junit4.SpringJUnit4ClassRunner.run(SpringJUnit4ClassRunner.java:176)
	at org.apache.maven.surefire.junit4.JUnit4TestSet.execute(JUnit4TestSet.java:62)
	at org.apache.maven.surefire.suite.AbstractDirectoryTestSuite.executeTestSet(AbstractDirectoryTestSuite.java:140)
	at org.apache.maven.surefire.suite.AbstractDirectoryTestSuite.execute(AbstractDirectoryTestSuite.java:127)
	at org.apache.maven.surefire.Surefire.run(Surefire.java:177)
	at sun.reflect.NativeMethodAccessorImpl.invoke0(Native Method)
	at sun.reflect.NativeMethodAccessorImpl.invoke(NativeMethodAccessorImpl.java:57)
	at sun.reflect.DelegatingMethodAccessorImpl.invoke(DelegatingMethodAccessorImpl.java:43)
	at java.lang.reflect.Method.invoke(Method.java:601)
	at org.apache.maven.surefire.booter.SurefireBooter.runSuitesInProcess(SurefireBooter.java:345)
	at org.apache.maven.surefire.booter.SurefireBooter.main(SurefireBooter.java:1009)
Caused by: org.springframework.context.ApplicationContextException: Unable to start embedded container; nested exception is org.springframework.boot.context.embedded.EmbeddedServletContainerException: Unable to start embedded Tomcat
	at org.springframework.boot.context.embedded.EmbeddedWebApplicationContext.onRefresh(EmbeddedWebApplicationContext.java:135)
	at org.springframework.context.support.AbstractApplicationContext.refresh(AbstractApplicationContext.java:476)
	at org.springframework.boot.context.embedded.EmbeddedWebApplicationContext.refresh(EmbeddedWebApplicationContext.java:120)
	at org.springframework.boot.SpringApplication.refresh(SpringApplication.java:691)
	at org.springframework.boot.SpringApplication.run(SpringApplication.java:320)
	at org.springframework.boot.test.SpringApplicationContextLoader.loadContext(SpringApplicationContextLoader.java:107)
	at org.springframework.test.context.CacheAwareContextLoaderDelegate.loadContextInternal(CacheAwareContextLoaderDelegate.java:64)
	at org.springframework.test.context.CacheAwareContextLoaderDelegate.loadContext(CacheAwareContextLoaderDelegate.java:91)
	... 29 more
Caused by: org.springframework.boot.context.embedded.EmbeddedServletContainerException: Unable to start embedded Tomcat
	at org.springframework.boot.context.embedded.tomcat.TomcatEmbeddedServletContainer.initialize(TomcatEmbeddedServletContainer.java:100)
	at org.springframework.boot.context.embedded.tomcat.TomcatEmbeddedServletContainer.&lt;init&gt;(TomcatEmbeddedServletContainer.java:74)
	at org.springframework.boot.context.embedded.tomcat.TomcatEmbeddedServletContainerFactory.getTomcatEmbeddedServletContainer(TomcatEmbeddedServletContainerFactory.java:289)
	at org.springframework.boot.context.embedded.tomcat.TomcatEmbeddedServletContainerFactory.getEmbeddedServletContainer(TomcatEmbeddedServletContainerFactory.java:146)
	at org.springframework.boot.context.embedded.EmbeddedWebApplicationContext.createEmbeddedServletContainer(EmbeddedWebApplicationContext.java:159)
	at org.springframework.boot.context.embedded.EmbeddedWebApplicationContext.onRefresh(EmbeddedWebApplicationContext.java:132)
	... 36 more
Caused by: org.springframework.beans.factory.BeanCreationException: Error creating bean with name &apos;org.springframework.security.config.annotation.web.configuration.WebSecurityConfiguration&apos;: Injection of autowired dependencies failed; nested exception is org.springframework.beans.factory.BeanCreationException: Could not autowire method: public void org.springframework.security.config.annotation.web.configuration.WebSecurityConfiguration.setFilterChainProxySecurityConfigurer(org.springframework.security.config.annotation.ObjectPostProcessor,java.util.List) throws java.lang.Exception; nested exception is org.springframework.beans.factory.BeanExpressionException: Expression parsing failed; nested exception is org.springframework.beans.factory.BeanCreationException: Error creating bean with name &apos;securityConfig&apos;: Injection of autowired dependencies failed; nested exception is org.springframework.beans.factory.BeanCreationException: Could not autowire method: public void org.springframework.security.config.annotation.web.configuration.WebSecurityConfigurerAdapter.setContentNegotationStrategy(org.springframework.web.accept.ContentNegotiationStrategy); nested exception is org.springframework.beans.factory.BeanCreationException: Error creating bean with name &apos;org.springframework.web.servlet.config.annotation.DelegatingWebMvcConfiguration&apos;: Injection of autowired dependencies failed; nested exception is org.springframework.beans.factory.BeanCreationException: Could not autowire method: public void org.springframework.web.servlet.config.annotation.DelegatingWebMvcConfiguration.setConfigurers(java.util.List); nested exception is org.springframework.beans.factory.BeanCreationException: Error creating bean with name &apos;apiConfig&apos; defined in URL [jar:file:/C:/workspaces/denv/denv-server/target/denv-server-0.1.0.jar!/org/ssoup/denv/server/api/ApiConfig.class]: Instantiation of bean failed; nested exception is org.springframework.beans.BeanInstantiationException: Could not instantiate bean class [org.ssoup.denv.server.api.ApiConfig$$EnhancerBySpringCGLIB$$10719c70]: No default constructor found; nested exception is java.lang.NoSuchMethodException: org.ssoup.denv.server.api.ApiConfig$$EnhancerBySpringCGLIB$$10719c70.&lt;init&gt;()
	at org.springframework.beans.factory.annotation.AutowiredAnnotationBeanPostProcessor.postProcessPropertyValues(AutowiredAnnotationBeanPostProcessor.java:292)
	at org.springframework.beans.factory.support.AbstractAutowireCapableBeanFactory.populateBean(AbstractAutowireCapableBeanFactory.java:1185)
	at org.springframework.beans.factory.support.AbstractAutowireCapableBeanFactory.doCreateBean(AbstractAutowireCapableBeanFactory.java:537)
	at org.springframework.beans.factory.support.AbstractAutowireCapableBeanFactory.createBean(AbstractAutowireCapableBeanFactory.java:475)
	at org.springframework.beans.factory.support.AbstractBeanFactory$1.getObject(AbstractBeanFactory.java:302)
	at org.springframework.beans.factory.support.DefaultSingletonBeanRegistry.getSingleton(DefaultSingletonBeanRegistry.java:228)
	at org.springframework.beans.factory.support.AbstractBeanFactory.doGetBean(AbstractBeanFactory.java:298)
	at org.springframework.beans.factory.support.AbstractBeanFactory.getBean(AbstractBeanFactory.java:193)
	at org.springframework.beans.factory.support.ConstructorResolver.instantiateUsingFactoryMethod(ConstructorResolver.java:370)
	at org.springframework.beans.factory.support.AbstractAutowireCapableBeanFactory.instantiateUsingFactoryMethod(AbstractAutowireCapableBeanFactory.java:1094)
	at org.springframework.beans.factory.support.AbstractAutowireCapableBeanFactory.createBeanInstance(AbstractAutowireCapableBeanFactory.java:989)
	at org.springframework.beans.factory.support.AbstractAutowireCapableBeanFactory.doCreateBean(AbstractAutowireCapableBeanFactory.java:504)
	at org.springframework.beans.factory.support.AbstractAutowireCapableBeanFactory.createBean(AbstractAutowireCapableBeanFactory.java:475)
	at org.springframework.beans.factory.support.AbstractBeanFactory$1.getObject(AbstractBeanFactory.java:302)
	at org.springframework.beans.factory.support.DefaultSingletonBeanRegistry.getSingleton(DefaultSingletonBeanRegistry.java:228)
	at org.springframework.beans.factory.support.AbstractBeanFactory.doGetBean(AbstractBeanFactory.java:298)
	at org.springframework.beans.factory.support.AbstractBeanFactory.getBean(AbstractBeanFactory.java:198)
	at org.springframework.boot.context.embedded.EmbeddedWebApplicationContext.getOrderedBeansOfType(EmbeddedWebApplicationContext.java:367)
	at org.springframework.boot.context.embedded.EmbeddedWebApplicationContext.getServletContextInitializerBeans(EmbeddedWebApplicationContext.java:268)
	at org.springframework.boot.context.embedded.EmbeddedWebApplicationContext$1.onStartup(EmbeddedWebApplicationContext.java:213)
	at org.springframework.boot.context.embedded.tomcat.ServletContextInitializerLifecycleListener.lifecycleEvent(ServletContextInitializerLifecycleListener.java:64)
	at org.apache.catalina.util.LifecycleSupport.fireLifecycleEvent(LifecycleSupport.java:117)
	at org.apache.catalina.util.LifecycleBase.fireLifecycleEvent(LifecycleBase.java:90)
	at org.apache.catalina.core.StandardContext.startInternal(StandardContext.java:5355)
	at org.apache.catalina.util.LifecycleBase.start(LifecycleBase.java:150)
	at org.apache.catalina.core.ContainerBase$StartChild.call(ContainerBase.java:1559)
	at org.apache.catalina.core.ContainerBase$StartChild.call(ContainerBase.java:1549)
	at java.util.concurrent.FutureTask$Sync.innerRun(FutureTask.java:334)
	at java.util.concurrent.FutureTask.run(FutureTask.java:166)
	at java.util.concurrent.ThreadPoolExecutor.runWorker(ThreadPoolExecutor.java:1145)
	at java.util.concurrent.ThreadPoolExecutor$Worker.run(ThreadPoolExecutor.java:615)
	at java.lang.Thread.run(Thread.java:722)
Caused by: org.springframework.beans.factory.BeanCreationException: Could not autowire method: public void org.springframework.security.config.annotation.web.configuration.WebSecurityConfiguration.setFilterChainProxySecurityConfigurer(org.springframework.security.config.annotation.ObjectPostProcessor,java.util.List) throws java.lang.Exception; nested exception is org.springframework.beans.factory.BeanExpressionException: Expression parsing failed; nested exception is org.springframework.beans.factory.BeanCreationException: Error creating bean with name &apos;securityConfig&apos;: Injection of autowired dependencies failed; nested exception is org.springframework.beans.factory.BeanCreationException: Could not autowire method: public void org.springframework.security.config.annotation.web.configuration.WebSecurityConfigurerAdapter.setContentNegotationStrategy(org.springframework.web.accept.ContentNegotiationStrategy); nested exception is org.springframework.beans.factory.BeanCreationException: Error creating bean with name &apos;org.springframework.web.servlet.config.annotation.DelegatingWebMvcConfiguration&apos;: Injection of autowired dependencies failed; nested exception is org.springframework.beans.factory.BeanCreationException: Could not autowire method: public void org.springframework.web.servlet.config.annotation.DelegatingWebMvcConfiguration.setConfigurers(java.util.List); nested exception is org.springframework.beans.factory.BeanCreationException: Error creating bean with name &apos;apiConfig&apos; defined in URL [jar:file:/C:/workspaces/denv/denv-server/target/denv-server-0.1.0.jar!/org/ssoup/denv/server/api/ApiConfig.class]: Instantiation of bean failed; nested exception is org.springframework.beans.BeanInstantiationException: Could not instantiate bean class [org.ssoup.denv.server.api.ApiConfig$$EnhancerBySpringCGLIB$$10719c70]: No default constructor found; nested exception is java.lang.NoSuchMethodException: org.ssoup.denv.server.api.ApiConfig$$EnhancerBySpringCGLIB$$10719c70.&lt;init&gt;()
	at org.springframework.beans.factory.annotation.AutowiredAnnotationBeanPostProcessor$AutowiredMethodElement.inject(AutowiredAnnotationBeanPostProcessor.java:596)
	at org.springframework.beans.factory.annotation.InjectionMetadata.inject(InjectionMetadata.java:87)
	at org.springframework.beans.factory.annotation.AutowiredAnnotationBeanPostProcessor.postProcessPropertyValues(AutowiredAnnotationBeanPostProcessor.java:289)
	... 31 more
Caused by: org.springframework.beans.factory.BeanExpressionException: Expression parsing failed; nested exception is org.springframework.beans.factory.BeanCreationException: Error creating bean with name &apos;securityConfig&apos;: Injection of autowired dependencies failed; nested exception is org.springframework.beans.factory.BeanCreationException: Could not autowire method: public void org.springframework.security.config.annotation.web.configuration.WebSecurityConfigurerAdapter.setContentNegotationStrategy(org.springframework.web.accept.ContentNegotiationStrategy); nested exception is org.springframework.beans.factory.BeanCreationException: Error creating bean with name &apos;org.springframework.web.servlet.config.annotation.DelegatingWebMvcConfiguration&apos;: Injection of autowired dependencies failed; nested exception is org.springframework.beans.factory.BeanCreationException: Could not autowire method: public void org.springframework.web.servlet.config.annotation.DelegatingWebMvcConfiguration.setConfigurers(java.util.List); nested exception is org.springframework.beans.factory.BeanCreationException: Error creating bean with name &apos;apiConfig&apos; defined in URL [jar:file:/C:/workspaces/denv/denv-server/target/denv-server-0.1.0.jar!/org/ssoup/denv/server/api/ApiConfig.class]: Instantiation of bean failed; nested exception is org.springframework.beans.BeanInstantiationException: Could not instantiate bean class [org.ssoup.denv.server.api.ApiConfig$$EnhancerBySpringCGLIB$$10719c70]: No default constructor found; nested exception is java.lang.NoSuchMethodException: org.ssoup.denv.server.api.ApiConfig$$EnhancerBySpringCGLIB$$10719c70.&lt;init&gt;()
	at org.springframework.context.expression.StandardBeanExpressionResolver.evaluate(StandardBeanExpressionResolver.java:146)
	at org.springframework.beans.factory.support.AbstractBeanFactory.evaluateBeanDefinitionString(AbstractBeanFactory.java:1362)
	at org.springframework.beans.factory.support.DefaultListableBeanFactory.doResolveDependency(DefaultListableBeanFactory.java:873)
	at org.springframework.beans.factory.support.DefaultListableBeanFactory.resolveDependency(DefaultListableBeanFactory.java:858)
	at org.springframework.beans.factory.annotation.AutowiredAnnotationBeanPostProcessor$AutowiredMethodElement.inject(AutowiredAnnotationBeanPostProcessor.java:553)
	... 33 more
Caused by: org.springframework.beans.factory.BeanCreationException: Error creating bean with name &apos;securityConfig&apos;: Injection of autowired dependencies failed; nested exception is org.springframework.beans.factory.BeanCreationException: Could not autowire method: public void org.springframework.security.config.annotation.web.configuration.WebSecurityConfigurerAdapter.setContentNegotationStrategy(org.springframework.web.accept.ContentNegotiationStrategy); nested exception is org.springframework.beans.factory.BeanCreationException: Error creating bean with name &apos;org.springframework.web.servlet.config.annotation.DelegatingWebMvcConfiguration&apos;: Injection of autowired dependencies failed; nested exception is org.springframework.beans.factory.BeanCreationException: Could not autowire method: public void org.springframework.web.servlet.config.annotation.DelegatingWebMvcConfiguration.setConfigurers(java.util.List); nested exception is org.springframework.beans.factory.BeanCreationException: Error creating bean with name &apos;apiConfig&apos; defined in URL [jar:file:/C:/workspaces/denv/denv-server/target/denv-server-0.1.0.jar!/org/ssoup/denv/server/api/ApiConfig.class]: Instantiation of bean failed; nested exception is org.springframework.beans.BeanInstantiationException: Could not instantiate bean class [org.ssoup.denv.server.api.ApiConfig$$EnhancerBySpringCGLIB$$10719c70]: No default constructor found; nested exception is java.lang.NoSuchMethodException: org.ssoup.denv.server.api.ApiConfig$$EnhancerBySpringCGLIB$$10719c70.&lt;init&gt;()
	at org.springframework.beans.factory.annotation.AutowiredAnnotationBeanPostProcessor.postProcessPropertyValues(AutowiredAnnotationBeanPostProcessor.java:292)
	at org.springframework.beans.factory.support.AbstractAutowireCapableBeanFactory.populateBean(AbstractAutowireCapableBeanFactory.java:1185)
	at org.springframework.beans.factory.support.AbstractAutowireCapableBeanFactory.doCreateBean(AbstractAutowireCapableBeanFactory.java:537)
	at org.springframework.beans.factory.support.AbstractAutowireCapableBeanFactory.createBean(AbstractAutowireCapableBeanFactory.java:475)
	at org.springframework.beans.factory.support.AbstractBeanFactory$1.getObject(AbstractBeanFactory.java:302)
	at org.springframework.beans.factory.support.DefaultSingletonBeanRegistry.getSingleton(DefaultSingletonBeanRegistry.java:228)
	at org.springframework.beans.factory.support.AbstractBeanFactory.doGetBean(AbstractBeanFactory.java:298)
	at org.springframework.beans.factory.support.AbstractBeanFactory.getBean(AbstractBeanFactory.java:198)
	at org.springframework.beans.factory.support.DefaultListableBeanFactory.getBeansOfType(DefaultListableBeanFactory.java:470)
	at org.springframework.beans.factory.support.DefaultListableBeanFactory.getBeansOfType(DefaultListableBeanFactory.java:459)
	at org.springframework.security.config.annotation.web.configuration.AutowiredWebSecurityConfigurersIgnoreParents.getWebSecurityConfigurers(AutowiredWebSecurityConfigurersIgnoreParents.java:52)
	at sun.reflect.NativeMethodAccessorImpl.invoke0(Native Method)
	at sun.reflect.NativeMethodAccessorImpl.invoke(NativeMethodAccessorImpl.java:57)
	at sun.reflect.DelegatingMethodAccessorImpl.invoke(DelegatingMethodAccessorImpl.java:43)
	at java.lang.reflect.Method.invoke(Method.java:601)
	at org.springframework.expression.spel.support.ReflectiveMethodExecutor.execute(ReflectiveMethodExecutor.java:63)
	at org.springframework.expression.spel.ast.MethodReference.getValueInternal(MethodReference.java:122)
	at org.springframework.expression.spel.ast.MethodReference.access$000(MethodReference.java:44)
	at org.springframework.expression.spel.ast.MethodReference$MethodValueRef.getValue(MethodReference.java:258)
	at org.springframework.expression.spel.ast.CompoundExpression.getValueInternal(CompoundExpression.java:84)
	at org.springframework.expression.spel.ast.SpelNodeImpl.getValue(SpelNodeImpl.java:103)
	at org.springframework.expression.spel.standard.SpelExpression.getValue(SpelExpression.java:94)
	at org.springframework.context.expression.StandardBeanExpressionResolver.evaluate(StandardBeanExpressionResolver.java:143)
	... 37 more
Caused by: org.springframework.beans.factory.BeanCreationException: Could not autowire method: public void org.springframework.security.config.annotation.web.configuration.WebSecurityConfigurerAdapter.setContentNegotationStrategy(org.springframework.web.accept.ContentNegotiationStrategy); nested exception is org.springframework.beans.factory.BeanCreationException: Error creating bean with name &apos;org.springframework.web.servlet.config.annotation.DelegatingWebMvcConfiguration&apos;: Injection of autowired dependencies failed; nested exception is org.springframework.beans.factory.BeanCreationException: Could not autowire method: public void org.springframework.web.servlet.config.annotation.DelegatingWebMvcConfiguration.setConfigurers(java.util.List); nested exception is org.springframework.beans.factory.BeanCreationException: Error creating bean with name &apos;apiConfig&apos; defined in URL [jar:file:/C:/workspaces/denv/denv-server/target/denv-server-0.1.0.jar!/org/ssoup/denv/server/api/ApiConfig.class]: Instantiation of bean failed; nested exception is org.springframework.beans.BeanInstantiationException: Could not instantiate bean class [org.ssoup.denv.server.api.ApiConfig$$EnhancerBySpringCGLIB$$10719c70]: No default constructor found; nested exception is java.lang.NoSuchMethodException: org.ssoup.denv.server.api.ApiConfig$$EnhancerBySpringCGLIB$$10719c70.&lt;init&gt;()
	at org.springframework.beans.factory.annotation.AutowiredAnnotationBeanPostProcessor$AutowiredMethodElement.inject(AutowiredAnnotationBeanPostProcessor.java:596)
	at org.springframework.beans.factory.annotation.InjectionMetadata.inject(InjectionMetadata.java:87)
	at org.springframework.beans.factory.annotation.AutowiredAnnotationBeanPostProcessor.postProcessPropertyValues(AutowiredAnnotationBeanPostProcessor.java:289)
	... 59 more
Caused by: org.springframework.beans.factory.BeanCreationException: Error creating bean with name &apos;org.springframework.web.servlet.config.annotation.DelegatingWebMvcConfiguration&apos;: Injection of autowired dependencies failed; nested exception is org.springframework.beans.factory.BeanCreationException: Could not autowire method: public void org.springframework.web.servlet.config.annotation.DelegatingWebMvcConfiguration.setConfigurers(java.util.List); nested exception is org.springframework.beans.factory.BeanCreationException: Error creating bean with name &apos;apiConfig&apos; defined in URL [jar:file:/C:/workspaces/denv/denv-server/target/denv-server-0.1.0.jar!/org/ssoup/denv/server/api/ApiConfig.class]: Instantiation of bean failed; nested exception is org.springframework.beans.BeanInstantiationException: Could not instantiate bean class [org.ssoup.denv.server.api.ApiConfig$$EnhancerBySpringCGLIB$$10719c70]: No default constructor found; nested exception is java.lang.NoSuchMethodException: org.ssoup.denv.server.api.ApiConfig$$EnhancerBySpringCGLIB$$10719c70.&lt;init&gt;()
	at org.springframework.beans.factory.annotation.AutowiredAnnotationBeanPostProcessor.postProcessPropertyValues(AutowiredAnnotationBeanPostProcessor.java:292)
	at org.springframework.beans.factory.support.AbstractAutowireCapableBeanFactory.populateBean(AbstractAutowireCapableBeanFactory.java:1185)
	at org.springframework.beans.factory.support.AbstractAutowireCapableBeanFactory.doCreateBean(AbstractAutowireCapableBeanFactory.java:537)
	at org.springframework.beans.factory.support.AbstractAutowireCapableBeanFactory.createBean(AbstractAutowireCapableBeanFactory.java:475)
	at org.springframework.beans.factory.support.AbstractBeanFactory$1.getObject(AbstractBeanFactory.java:302)
	at org.springframework.beans.factory.support.DefaultSingletonBeanRegistry.getSingleton(DefaultSingletonBeanRegistry.java:228)
	at org.springframework.beans.factory.support.AbstractBeanFactory.doGetBean(AbstractBeanFactory.java:298)
	at org.springframework.beans.factory.support.AbstractBeanFactory.getBean(AbstractBeanFactory.java:193)
	at org.springframework.beans.factory.support.ConstructorResolver.instantiateUsingFactoryMethod(ConstructorResolver.java:370)
	at org.springframework.beans.factory.support.AbstractAutowireCapableBeanFactory.instantiateUsingFactoryMethod(AbstractAutowireCapableBeanFactory.java:1094)
	at org.springframework.beans.factory.support.AbstractAutowireCapableBeanFactory.createBeanInstance(AbstractAutowireCapableBeanFactory.java:989)
	at org.springframework.beans.factory.support.AbstractAutowireCapableBeanFactory.doCreateBean(AbstractAutowireCapableBeanFactory.java:504)
	at org.springframework.beans.factory.support.AbstractAutowireCapableBeanFactory.createBean(AbstractAutowireCapableBeanFactory.java:475)
	at org.springframework.beans.factory.support.AbstractBeanFactory$1.getObject(AbstractBeanFactory.java:302)
	at org.springframework.beans.factory.support.DefaultSingletonBeanRegistry.getSingleton(DefaultSingletonBeanRegistry.java:228)
	at org.springframework.beans.factory.support.AbstractBeanFactory.doGetBean(AbstractBeanFactory.java:298)
	at org.springframework.beans.factory.support.AbstractBeanFactory.getBean(AbstractBeanFactory.java:193)
	at org.springframework.beans.factory.support.DefaultListableBeanFactory.findAutowireCandidates(DefaultListableBeanFactory.java:1017)
	at org.springframework.beans.factory.support.DefaultListableBeanFactory.doResolveDependency(DefaultListableBeanFactory.java:960)
	at org.springframework.beans.factory.support.DefaultListableBeanFactory.resolveDependency(DefaultListableBeanFactory.java:858)
	at org.springframework.beans.factory.annotation.AutowiredAnnotationBeanPostProcessor$AutowiredMethodElement.inject(AutowiredAnnotationBeanPostProcessor.java:553)
	... 61 more
Caused by: org.springframework.beans.factory.BeanCreationException: Could not autowire method: public void org.springframework.web.servlet.config.annotation.DelegatingWebMvcConfiguration.setConfigurers(java.util.List); nested exception is org.springframework.beans.factory.BeanCreationException: Error creating bean with name &apos;apiConfig&apos; defined in URL [jar:file:/C:/workspaces/denv/denv-server/target/denv-server-0.1.0.jar!/org/ssoup/denv/server/api/ApiConfig.class]: Instantiation of bean failed; nested exception is org.springframework.beans.BeanInstantiationException: Could not instantiate bean class [org.ssoup.denv.server.api.ApiConfig$$EnhancerBySpringCGLIB$$10719c70]: No default constructor found; nested exception is java.lang.NoSuchMethodException: org.ssoup.denv.server.api.ApiConfig$$EnhancerBySpringCGLIB$$10719c70.&lt;init&gt;()
	at org.springframework.beans.factory.annotation.AutowiredAnnotationBeanPostProcessor$AutowiredMethodElement.inject(AutowiredAnnotationBeanPostProcessor.java:596)
	at org.springframework.beans.factory.annotation.InjectionMetadata.inject(InjectionMetadata.java:87)
	at org.springframework.beans.factory.annotation.AutowiredAnnotationBeanPostProcessor.postProcessPropertyValues(AutowiredAnnotationBeanPostProcessor.java:289)
	... 81 more
Caused by: org.springframework.beans.factory.BeanCreationException: Error creating bean with name &apos;apiConfig&apos; defined in URL [jar:file:/C:/workspaces/denv/denv-server/target/denv-server-0.1.0.jar!/org/ssoup/denv/server/api/ApiConfig.class]: Instantiation of bean failed; nested exception is org.springframework.beans.BeanInstantiationException: Could not instantiate bean class [org.ssoup.denv.server.api.ApiConfig$$EnhancerBySpringCGLIB$$10719c70]: No default constructor found; nested exception is java.lang.NoSuchMethodException: org.ssoup.denv.server.api.ApiConfig$$EnhancerBySpringCGLIB$$10719c70.&lt;init&gt;()
	at org.springframework.beans.factory.support.AbstractAutowireCapableBeanFactory.instantiateBean(AbstractAutowireCapableBeanFactory.java:1076)
	at org.springframework.beans.factory.support.AbstractAutowireCapableBeanFactory.createBeanInstance(AbstractAutowireCapableBeanFactory.java:1021)
	at org.springframework.beans.factory.support.AbstractAutowireCapableBeanFactory.doCreateBean(AbstractAutowireCapableBeanFactory.java:504)
	at org.springframework.beans.factory.support.AbstractAutowireCapableBeanFactory.createBean(AbstractAutowireCapableBeanFactory.java:475)
	at org.springframework.beans.factory.support.AbstractBeanFactory$1.getObject(AbstractBeanFactory.java:302)
	at org.springframework.beans.factory.support.DefaultSingletonBeanRegistry.getSingleton(DefaultSingletonBeanRegistry.java:228)
	at org.springframework.beans.factory.support.AbstractBeanFactory.doGetBean(AbstractBeanFactory.java:298)
	at org.springframework.beans.factory.support.AbstractBeanFactory.getBean(AbstractBeanFactory.java:193)
	at org.springframework.beans.factory.support.DefaultListableBeanFactory.findAutowireCandidates(DefaultListableBeanFactory.java:1017)
	at org.springframework.beans.factory.support.DefaultListableBeanFactory.doResolveDependency(DefaultListableBeanFactory.java:912)
	at org.springframework.beans.factory.support.DefaultListableBeanFactory.resolveDependency(DefaultListableBeanFactory.java:858)
	at org.springframework.beans.factory.annotation.AutowiredAnnotationBeanPostProcessor$AutowiredMethodElement.inject(AutowiredAnnotationBeanPostProcessor.java:553)
	... 83 more
Caused by: org.springframework.beans.BeanInstantiationException: Could not instantiate bean class [org.ssoup.denv.server.api.ApiConfig$$EnhancerBySpringCGLIB$$10719c70]: No default constructor found; nested exception is java.lang.NoSuchMethodException: org.ssoup.denv.server.api.ApiConfig$$EnhancerBySpringCGLIB$$10719c70.&lt;init&gt;()
	at org.springframework.beans.factory.support.SimpleInstantiationStrategy.instantiate(SimpleInstantiationStrategy.java:85)
	at org.springframework.beans.factory.support.AbstractAutowireCapableBeanFactory.instantiateBean(AbstractAutowireCapableBeanFactory.java:1069)
	... 94 more
Caused by: java.lang.NoSuchMethodException: org.ssoup.denv.server.api.ApiConfig$$EnhancerBySpringCGLIB$$10719c70.&lt;init&gt;()
	at java.lang.Class.getConstructor0(Class.java:2730)
	at java.lang.Class.getDeclaredConstructor(Class.java:2004)
	at org.springframework.beans.factory.support.SimpleInstantiationStrategy.instantiate(SimpleInstantiationStrategy.java:80)
	... 95 more
</error>
    <system-out>2014-08-28 16:58:31.095 DEBUG 9700 --- [           main] o.s.w.c.s.StandardServletEnvironment     : Adding [servletConfigInitParams] PropertySource with lowest search precedence
2014-08-28 16:58:31.095 DEBUG 9700 --- [           main] o.s.w.c.s.StandardServletEnvironment     : Adding [servletContextInitParams] PropertySource with lowest search precedence
2014-08-28 16:58:31.095 DEBUG 9700 --- [           main] o.s.w.c.s.StandardServletEnvironment     : Adding [jndiProperties] PropertySource with lowest search precedence
2014-08-28 16:58:31.095 DEBUG 9700 --- [           main] o.s.w.c.s.StandardServletEnvironment     : Adding [systemProperties] PropertySource with lowest search precedence
2014-08-28 16:58:31.096 DEBUG 9700 --- [           main] o.s.w.c.s.StandardServletEnvironment     : Adding [systemEnvironment] PropertySource with lowest search precedence
2014-08-28 16:58:31.096 DEBUG 9700 --- [           main] o.s.w.c.s.StandardServletEnvironment     : Initialized StandardServletEnvironment with PropertySources [servletConfigInitParams,servletContextInitParams,jndiProperties,systemProperties,systemEnvironment]
2014-08-28 16:58:31.096 DEBUG 9700 --- [           main] o.s.w.c.s.StandardServletEnvironment     : Adding [integrationTest] PropertySource with search precedence immediately lower than [systemEnvironment]

  .   ____          _            __ _ _
 /\\ / ___&apos;_ __ _ _(_)_ __  __ _ \ \ \ \
( ( )\___ | &apos;_ | &apos;_| | &apos;_ \/ _` | \ \ \ \
 \\/  ___)| |_)| | | | | || (_| |  ) ) ) )
  &apos;  |____| .__|_| |_|_| |_\__, | / / / /
 =========|_|==============|___/=/_/_/_/
 :: Spring Boot ::        (v1.1.4.RELEASE)

2014-08-28 16:58:31.270 DEBUG 9700 --- [           main] o.s.w.c.s.StandardServletEnvironment     : Adding [servletConfigInitParams] PropertySource with lowest search precedence
2014-08-28 16:58:31.272 DEBUG 9700 --- [           main] o.s.w.c.s.StandardServletEnvironment     : Adding [servletContextInitParams] PropertySource with lowest search precedence
2014-08-28 16:58:31.272 DEBUG 9700 --- [           main] o.s.w.c.s.StandardServletEnvironment     : Adding [jndiProperties] PropertySource with lowest search precedence
2014-08-28 16:58:31.273 DEBUG 9700 --- [           main] o.s.w.c.s.StandardServletEnvironment     : Adding [systemProperties] PropertySource with lowest search precedence
2014-08-28 16:58:31.274 DEBUG 9700 --- [           main] o.s.w.c.s.StandardServletEnvironment     : Adding [systemEnvironment] PropertySource with lowest search precedence
2014-08-28 16:58:31.275 DEBUG 9700 --- [           main] o.s.w.c.s.StandardServletEnvironment     : Initialized StandardServletEnvironment with PropertySources [servletConfigInitParams,servletContextInitParams,jndiProperties,systemProperties,systemEnvironment]
2014-08-28 16:58:31.281  INFO 9700 --- [           main] o.a.m.surefire.booter.SurefireBooter     : Starting SurefireBooter v2.4.3 on Alderai with PID 9700 (C:\Users\ALB\.m2\repository\org\apache\maven\surefire\surefire-booter\2.4.3\surefire-booter-2.4.3.jar started by ALB in C:\workspaces\denv\denv-server-integration-test)
2014-08-28 16:58:31.293  INFO 9700 --- [           main] ationConfigEmbeddedWebApplicationContext : Refreshing org.springframework.boot.context.embedded.AnnotationConfigEmbeddedWebApplicationContext@7955424a: startup date [Thu Aug 28 16:58:31 CEST 2014]; root of context hierarchy
2014-08-28 16:58:31.729 DEBUG 9700 --- [           main] o.s.w.c.s.StandardServletEnvironment     : Adding [class path resource [application.properties]] PropertySource with lowest search precedence
2014-08-28 16:58:31.827  INFO 9700 --- [           main] o.s.b.f.s.DefaultListableBeanFactory     : Overriding bean definition for bean &apos;beanNameViewResolver&apos;: replacing [Root bean: class [null]; scope=; abstract=false; lazyInit=false; autowireMode=3; dependencyCheck=0; autowireCandidate=true; primary=false; factoryBeanName=org.springframework.boot.autoconfigure.web.ErrorMvcAutoConfiguration$WhitelabelErrorViewConfiguration; factoryMethodName=beanNameViewResolver; initMethodName=null; destroyMethodName=(inferred); defined in class path resource [org/springframework/boot/autoconfigure/web/ErrorMvcAutoConfiguration$WhitelabelErrorViewConfiguration.class]] with [Root bean: class [null]; scope=; abstract=false; lazyInit=false; autowireMode=3; dependencyCheck=0; autowireCandidate=true; primary=false; factoryBeanName=org.springframework.boot.autoconfigure.web.WebMvcAutoConfiguration$WebMvcAutoConfigurationAdapter; factoryMethodName=beanNameViewResolver; initMethodName=null; destroyMethodName=(inferred); defined in class path resource [org/springframework/boot/autoconfigure/web/WebMvcAutoConfiguration$WebMvcAutoConfigurationAdapter.class]]
2014-08-28 16:58:32.243 DEBUG 9700 --- [           main] o.s.w.c.s.StandardServletEnvironment     : Adding [applicationConfig: [classpath:/application.properties]] PropertySource with search precedence immediately lower than [applicationConfigurationProperties]
2014-08-28 16:58:32.243 DEBUG 9700 --- [           main] o.s.w.c.s.StandardServletEnvironment     : Removing [applicationConfigurationProperties] PropertySource
2014-08-28 16:58:32.244 DEBUG 9700 --- [           main] o.s.w.c.s.StandardServletEnvironment     : Removing [defaultProperties] PropertySource
2014-08-28 16:58:32.261  INFO 9700 --- [           main] f.a.AutowiredAnnotationBeanPostProcessor : JSR-330 &apos;javax.inject.Inject&apos; annotation found and supported for autowiring
2014-08-28 16:58:32.390  INFO 9700 --- [           main] .t.TomcatEmbeddedServletContainerFactory : Server initialized with port: 8080
2014-08-28 16:58:32.393  INFO 9700 --- [           main] o.apache.catalina.core.StandardService   : Starting service Tomcat
2014-08-28 16:58:32.395  INFO 9700 --- [           main] org.apache.catalina.core.StandardEngine  : Starting Servlet Engine: Apache Tomcat/7.0.54
2014-08-28 16:58:32.434  INFO 9700 --- [ost-startStop-1] o.a.c.c.C.[Tomcat-1].[localhost].[/]     : Initializing Spring embedded WebApplicationContext
2014-08-28 16:58:32.436 DEBUG 9700 --- [ost-startStop-1] o.s.web.context.ContextLoader            : Published root WebApplicationContext as ServletContext attribute with name [org.springframework.web.context.WebApplicationContext.ROOT]
2014-08-28 16:58:32.436  INFO 9700 --- [ost-startStop-1] o.s.web.context.ContextLoader            : Root WebApplicationContext: initialization completed in 1143 ms
2014-08-28 16:58:32.544 ERROR 9700 --- [ost-startStop-1] rvletContextInitializerLifecycleListener : Error starting Tomcat context: org.springframework.beans.factory.BeanCreationException
2014-08-28 16:58:32.552  INFO 9700 --- [           main] .b.l.ClasspathLoggingApplicationListener : Application failed to start with classpath: [file:/C:/Users/ALB/AppData/Local/Temp/surefirebooter6941556018687466244.jar]
2014-08-28 16:58:32.559 ERROR 9700 --- [           main] o.s.boot.SpringApplication               : Application startup failed

org.springframework.context.ApplicationContextException: Unable to start embedded container; nested exception is org.springframework.boot.context.embedded.EmbeddedServletContainerException: Unable to start embedded Tomcat
	at org.springframework.boot.context.embedded.EmbeddedWebApplicationContext.onRefresh(EmbeddedWebApplicationContext.java:135)
	at org.springframework.context.support.AbstractApplicationContext.refresh(AbstractApplicationContext.java:476)
	at org.springframework.boot.context.embedded.EmbeddedWebApplicationContext.refresh(EmbeddedWebApplicationContext.java:120)
	at org.springframework.boot.SpringApplication.refresh(SpringApplication.java:691)
	at org.springframework.boot.SpringApplication.run(SpringApplication.java:320)
	at org.springframework.boot.test.SpringApplicationContextLoader.loadContext(SpringApplicationContextLoader.java:107)
	at org.springframework.test.context.CacheAwareContextLoaderDelegate.loadContextInternal(CacheAwareContextLoaderDelegate.java:64)
	at org.springframework.test.context.CacheAwareContextLoaderDelegate.loadContext(CacheAwareContextLoaderDelegate.java:91)
	at org.springframework.test.context.DefaultTestContext.getApplicationContext(DefaultTestContext.java:101)
	at org.springframework.test.context.support.DependencyInjectionTestExecutionListener.injectDependencies(DependencyInjectionTestExecutionListener.java:109)
	at org.springframework.test.context.support.DependencyInjectionTestExecutionListener.prepareTestInstance(DependencyInjectionTestExecutionListener.java:75)
	at org.springframework.test.context.TestContextManager.prepareTestInstance(TestContextManager.java:331)
	at org.springframework.test.context.junit4.SpringJUnit4ClassRunner.createTest(SpringJUnit4ClassRunner.java:213)
	at org.springframework.test.context.junit4.SpringJUnit4ClassRunner$1.runReflectiveCall(SpringJUnit4ClassRunner.java:290)
	at org.junit.internal.runners.model.ReflectiveCallable.run(ReflectiveCallable.java:12)
	at org.springframework.test.context.junit4.SpringJUnit4ClassRunner.methodBlock(SpringJUnit4ClassRunner.java:292)
	at org.springframework.test.context.junit4.SpringJUnit4ClassRunner.runChild(SpringJUnit4ClassRunner.java:233)
	at org.springframework.test.context.junit4.SpringJUnit4ClassRunner.runChild(SpringJUnit4ClassRunner.java:87)
	at org.junit.runners.ParentRunner$3.run(ParentRunner.java:238)
	at org.junit.runners.ParentRunner$1.schedule(ParentRunner.java:63)
	at org.junit.runners.ParentRunner.runChildren(ParentRunner.java:236)
	at org.junit.runners.ParentRunner.access$000(ParentRunner.java:53)
	at org.junit.runners.ParentRunner$2.evaluate(ParentRunner.java:229)
	at org.springframework.test.context.junit4.statements.RunBeforeTestClassCallbacks.evaluate(RunBeforeTestClassCallbacks.java:61)
	at org.springframework.test.context.junit4.statements.RunAfterTestClassCallbacks.evaluate(RunAfterTestClassCallbacks.java:71)
	at org.junit.runners.ParentRunner.run(ParentRunner.java:309)
	at org.springframework.test.context.junit4.SpringJUnit4ClassRunner.run(SpringJUnit4ClassRunner.java:176)
	at org.apache.maven.surefire.junit4.JUnit4TestSet.execute(JUnit4TestSet.java:62)
	at org.apache.maven.surefire.suite.AbstractDirectoryTestSuite.executeTestSet(AbstractDirectoryTestSuite.java:140)
	at org.apache.maven.surefire.suite.AbstractDirectoryTestSuite.execute(AbstractDirectoryTestSuite.java:127)
	at org.apache.maven.surefire.Surefire.run(Surefire.java:177)
	at sun.reflect.NativeMethodAccessorImpl.invoke0(Native Method)
	at sun.reflect.NativeMethodAccessorImpl.invoke(NativeMethodAccessorImpl.java:57)
	at sun.reflect.DelegatingMethodAccessorImpl.invoke(DelegatingMethodAccessorImpl.java:43)
	at java.lang.reflect.Method.invoke(Method.java:601)
	at org.apache.maven.surefire.booter.SurefireBooter.runSuitesInProcess(SurefireBooter.java:345)
	at org.apache.maven.surefire.booter.SurefireBooter.main(SurefireBooter.java:1009)
Caused by: org.springframework.boot.context.embedded.EmbeddedServletContainerException: Unable to start embedded Tomcat
	at org.springframework.boot.context.embedded.tomcat.TomcatEmbeddedServletContainer.initialize(TomcatEmbeddedServletContainer.java:100)
	at org.springframework.boot.context.embedded.tomcat.TomcatEmbeddedServletContainer.&lt;init&gt;(TomcatEmbeddedServletContainer.java:74)
	at org.springframework.boot.context.embedded.tomcat.TomcatEmbeddedServletContainerFactory.getTomcatEmbeddedServletContainer(TomcatEmbeddedServletContainerFactory.java:289)
	at org.springframework.boot.context.embedded.tomcat.TomcatEmbeddedServletContainerFactory.getEmbeddedServletContainer(TomcatEmbeddedServletContainerFactory.java:146)
	at org.springframework.boot.context.embedded.EmbeddedWebApplicationContext.createEmbeddedServletContainer(EmbeddedWebApplicationContext.java:159)
	at org.springframework.boot.context.embedded.EmbeddedWebApplicationContext.onRefresh(EmbeddedWebApplicationContext.java:132)
	... 36 common frames omitted
Caused by: org.springframework.beans.factory.BeanCreationException: Error creating bean with name &apos;org.springframework.security.config.annotation.web.configuration.WebSecurityConfiguration&apos;: Injection of autowired dependencies failed; nested exception is org.springframework.beans.factory.BeanCreationException: Could not autowire method: public void org.springframework.security.config.annotation.web.configuration.WebSecurityConfiguration.setFilterChainProxySecurityConfigurer(org.springframework.security.config.annotation.ObjectPostProcessor,java.util.List) throws java.lang.Exception; nested exception is org.springframework.beans.factory.BeanExpressionException: Expression parsing failed; nested exception is org.springframework.beans.factory.BeanCreationException: Error creating bean with name &apos;securityConfig&apos;: Injection of autowired dependencies failed; nested exception is org.springframework.beans.factory.BeanCreationException: Could not autowire method: public void org.springframework.security.config.annotation.web.configuration.WebSecurityConfigurerAdapter.setContentNegotationStrategy(org.springframework.web.accept.ContentNegotiationStrategy); nested exception is org.springframework.beans.factory.BeanCreationException: Error creating bean with name &apos;org.springframework.web.servlet.config.annotation.DelegatingWebMvcConfiguration&apos;: Injection of autowired dependencies failed; nested exception is org.springframework.beans.factory.BeanCreationException: Could not autowire method: public void org.springframework.web.servlet.config.annotation.DelegatingWebMvcConfiguration.setConfigurers(java.util.List); nested exception is org.springframework.beans.factory.BeanCreationException: Error creating bean with name &apos;apiConfig&apos; defined in URL [jar:file:/C:/workspaces/denv/denv-server/target/denv-server-0.1.0.jar!/org/ssoup/denv/server/api/ApiConfig.class]: Instantiation of bean failed; nested exception is org.springframework.beans.BeanInstantiationException: Could not instantiate bean class [org.ssoup.denv.server.api.ApiConfig$$EnhancerBySpringCGLIB$$10719c70]: No default constructor found; nested exception is java.lang.NoSuchMethodException: org.ssoup.denv.server.api.ApiConfig$$EnhancerBySpringCGLIB$$10719c70.&lt;init&gt;()
	at org.springframework.beans.factory.annotation.AutowiredAnnotationBeanPostProcessor.postProcessPropertyValues(AutowiredAnnotationBeanPostProcessor.java:292)
	at org.springframework.beans.factory.support.AbstractAutowireCapableBeanFactory.populateBean(AbstractAutowireCapableBeanFactory.java:1185)
	at org.springframework.beans.factory.support.AbstractAutowireCapableBeanFactory.doCreateBean(AbstractAutowireCapableBeanFactory.java:537)
	at org.springframework.beans.factory.support.AbstractAutowireCapableBeanFactory.createBean(AbstractAutowireCapableBeanFactory.java:475)
	at org.springframework.beans.factory.support.AbstractBeanFactory$1.getObject(AbstractBeanFactory.java:302)
	at org.springframework.beans.factory.support.DefaultSingletonBeanRegistry.getSingleton(DefaultSingletonBeanRegistry.java:228)
	at org.springframework.beans.factory.support.AbstractBeanFactory.doGetBean(AbstractBeanFactory.java:298)
	at org.springframework.beans.factory.support.AbstractBeanFactory.getBean(AbstractBeanFactory.java:193)
	at org.springframework.beans.factory.support.ConstructorResolver.instantiateUsingFactoryMethod(ConstructorResolver.java:370)
	at org.springframework.beans.factory.support.AbstractAutowireCapableBeanFactory.instantiateUsingFactoryMethod(AbstractAutowireCapableBeanFactory.java:1094)
	at org.springframework.beans.factory.support.AbstractAutowireCapableBeanFactory.createBeanInstance(AbstractAutowireCapableBeanFactory.java:989)
	at org.springframework.beans.factory.support.AbstractAutowireCapableBeanFactory.doCreateBean(AbstractAutowireCapableBeanFactory.java:504)
	at org.springframework.beans.factory.support.AbstractAutowireCapableBeanFactory.createBean(AbstractAutowireCapableBeanFactory.java:475)
	at org.springframework.beans.factory.support.AbstractBeanFactory$1.getObject(AbstractBeanFactory.java:302)
	at org.springframework.beans.factory.support.DefaultSingletonBeanRegistry.getSingleton(DefaultSingletonBeanRegistry.java:228)
	at org.springframework.beans.factory.support.AbstractBeanFactory.doGetBean(AbstractBeanFactory.java:298)
	at org.springframework.beans.factory.support.AbstractBeanFactory.getBean(AbstractBeanFactory.java:198)
	at org.springframework.boot.context.embedded.EmbeddedWebApplicationContext.getOrderedBeansOfType(EmbeddedWebApplicationContext.java:367)
	at org.springframework.boot.context.embedded.EmbeddedWebApplicationContext.getServletContextInitializerBeans(EmbeddedWebApplicationContext.java:268)
	at org.springframework.boot.context.embedded.EmbeddedWebApplicationContext$1.onStartup(EmbeddedWebApplicationContext.java:213)
	at org.springframework.boot.context.embedded.tomcat.ServletContextInitializerLifecycleListener.lifecycleEvent(ServletContextInitializerLifecycleListener.java:64)
	at org.apache.catalina.util.LifecycleSupport.fireLifecycleEvent(LifecycleSupport.java:117)
	at org.apache.catalina.util.LifecycleBase.fireLifecycleEvent(LifecycleBase.java:90)
	at org.apache.catalina.core.StandardContext.startInternal(StandardContext.java:5355)
	at org.apache.catalina.util.LifecycleBase.start(LifecycleBase.java:150)
	at org.apache.catalina.core.ContainerBase$StartChild.call(ContainerBase.java:1559)
	at org.apache.catalina.core.ContainerBase$StartChild.call(ContainerBase.java:1549)
	at java.util.concurrent.FutureTask$Sync.innerRun(FutureTask.java:334)
	at java.util.concurrent.FutureTask.run(FutureTask.java:166)
	at java.util.concurrent.ThreadPoolExecutor.runWorker(ThreadPoolExecutor.java:1145)
	at java.util.concurrent.ThreadPoolExecutor$Worker.run(ThreadPoolExecutor.java:615)
	at java.lang.Thread.run(Thread.java:722)
Caused by: org.springframework.beans.factory.BeanCreationException: Could not autowire method: public void org.springframework.security.config.annotation.web.configuration.WebSecurityConfiguration.setFilterChainProxySecurityConfigurer(org.springframework.security.config.annotation.ObjectPostProcessor,java.util.List) throws java.lang.Exception; nested exception is org.springframework.beans.factory.BeanExpressionException: Expression parsing failed; nested exception is org.springframework.beans.factory.BeanCreationException: Error creating bean with name &apos;securityConfig&apos;: Injection of autowired dependencies failed; nested exception is org.springframework.beans.factory.BeanCreationException: Could not autowire method: public void org.springframework.security.config.annotation.web.configuration.WebSecurityConfigurerAdapter.setContentNegotationStrategy(org.springframework.web.accept.ContentNegotiationStrategy); nested exception is org.springframework.beans.factory.BeanCreationException: Error creating bean with name &apos;org.springframework.web.servlet.config.annotation.DelegatingWebMvcConfiguration&apos;: Injection of autowired dependencies failed; nested exception is org.springframework.beans.factory.BeanCreationException: Could not autowire method: public void org.springframework.web.servlet.config.annotation.DelegatingWebMvcConfiguration.setConfigurers(java.util.List); nested exception is org.springframework.beans.factory.BeanCreationException: Error creating bean with name &apos;apiConfig&apos; defined in URL [jar:file:/C:/workspaces/denv/denv-server/target/denv-server-0.1.0.jar!/org/ssoup/denv/server/api/ApiConfig.class]: Instantiation of bean failed; nested exception is org.springframework.beans.BeanInstantiationException: Could not instantiate bean class [org.ssoup.denv.server.api.ApiConfig$$EnhancerBySpringCGLIB$$10719c70]: No default constructor found; nested exception is java.lang.NoSuchMethodException: org.ssoup.denv.server.api.ApiConfig$$EnhancerBySpringCGLIB$$10719c70.&lt;init&gt;()
	at org.springframework.beans.factory.annotation.AutowiredAnnotationBeanPostProcessor$AutowiredMethodElement.inject(AutowiredAnnotationBeanPostProcessor.java:596)
	at org.springframework.beans.factory.annotation.InjectionMetadata.inject(InjectionMetadata.java:87)
	at org.springframework.beans.factory.annotation.AutowiredAnnotationBeanPostProcessor.postProcessPropertyValues(AutowiredAnnotationBeanPostProcessor.java:289)
	... 31 common frames omitted
Caused by: org.springframework.beans.factory.BeanExpressionException: Expression parsing failed; nested exception is org.springframework.beans.factory.BeanCreationException: Error creating bean with name &apos;securityConfig&apos;: Injection of autowired dependencies failed; nested exception is org.springframework.beans.factory.BeanCreationException: Could not autowire method: public void org.springframework.security.config.annotation.web.configuration.WebSecurityConfigurerAdapter.setContentNegotationStrategy(org.springframework.web.accept.ContentNegotiationStrategy); nested exception is org.springframework.beans.factory.BeanCreationException: Error creating bean with name &apos;org.springframework.web.servlet.config.annotation.DelegatingWebMvcConfiguration&apos;: Injection of autowired dependencies failed; nested exception is org.springframework.beans.factory.BeanCreationException: Could not autowire method: public void org.springframework.web.servlet.config.annotation.DelegatingWebMvcConfiguration.setConfigurers(java.util.List); nested exception is org.springframework.beans.factory.BeanCreationException: Error creating bean with name &apos;apiConfig&apos; defined in URL [jar:file:/C:/workspaces/denv/denv-server/target/denv-server-0.1.0.jar!/org/ssoup/denv/server/api/ApiConfig.class]: Instantiation of bean failed; nested exception is org.springframework.beans.BeanInstantiationException: Could not instantiate bean class [org.ssoup.denv.server.api.ApiConfig$$EnhancerBySpringCGLIB$$10719c70]: No default constructor found; nested exception is java.lang.NoSuchMethodException: org.ssoup.denv.server.api.ApiConfig$$EnhancerBySpringCGLIB$$10719c70.&lt;init&gt;()
	at org.springframework.context.expression.StandardBeanExpressionResolver.evaluate(StandardBeanExpressionResolver.java:146)
	at org.springframework.beans.factory.support.AbstractBeanFactory.evaluateBeanDefinitionString(AbstractBeanFactory.java:1362)
	at org.springframework.beans.factory.support.DefaultListableBeanFactory.doResolveDependency(DefaultListableBeanFactory.java:873)
	at org.springframework.beans.factory.support.DefaultListableBeanFactory.resolveDependency(DefaultListableBeanFactory.java:858)
	at org.springframework.beans.factory.annotation.AutowiredAnnotationBeanPostProcessor$AutowiredMethodElement.inject(AutowiredAnnotationBeanPostProcessor.java:553)
	... 33 common frames omitted
Caused by: org.springframework.beans.factory.BeanCreationException: Error creating bean with name &apos;securityConfig&apos;: Injection of autowired dependencies failed; nested exception is org.springframework.beans.factory.BeanCreationException: Could not autowire method: public void org.springframework.security.config.annotation.web.configuration.WebSecurityConfigurerAdapter.setContentNegotationStrategy(org.springframework.web.accept.ContentNegotiationStrategy); nested exception is org.springframework.beans.factory.BeanCreationException: Error creating bean with name &apos;org.springframework.web.servlet.config.annotation.DelegatingWebMvcConfiguration&apos;: Injection of autowired dependencies failed; nested exception is org.springframework.beans.factory.BeanCreationException: Could not autowire method: public void org.springframework.web.servlet.config.annotation.DelegatingWebMvcConfiguration.setConfigurers(java.util.List); nested exception is org.springframework.beans.factory.BeanCreationException: Error creating bean with name &apos;apiConfig&apos; defined in URL [jar:file:/C:/workspaces/denv/denv-server/target/denv-server-0.1.0.jar!/org/ssoup/denv/server/api/ApiConfig.class]: Instantiation of bean failed; nested exception is org.springframework.beans.BeanInstantiationException: Could not instantiate bean class [org.ssoup.denv.server.api.ApiConfig$$EnhancerBySpringCGLIB$$10719c70]: No default constructor found; nested exception is java.lang.NoSuchMethodException: org.ssoup.denv.server.api.ApiConfig$$EnhancerBySpringCGLIB$$10719c70.&lt;init&gt;()
	at org.springframework.beans.factory.annotation.AutowiredAnnotationBeanPostProcessor.postProcessPropertyValues(AutowiredAnnotationBeanPostProcessor.java:292)
	at org.springframework.beans.factory.support.AbstractAutowireCapableBeanFactory.populateBean(AbstractAutowireCapableBeanFactory.java:1185)
	at org.springframework.beans.factory.support.AbstractAutowireCapableBeanFactory.doCreateBean(AbstractAutowireCapableBeanFactory.java:537)
	at org.springframework.beans.factory.support.AbstractAutowireCapableBeanFactory.createBean(AbstractAutowireCapableBeanFactory.java:475)
	at org.springframework.beans.factory.support.AbstractBeanFactory$1.getObject(AbstractBeanFactory.java:302)
	at org.springframework.beans.factory.support.DefaultSingletonBeanRegistry.getSingleton(DefaultSingletonBeanRegistry.java:228)
	at org.springframework.beans.factory.support.AbstractBeanFactory.doGetBean(AbstractBeanFactory.java:298)
	at org.springframework.beans.factory.support.AbstractBeanFactory.getBean(AbstractBeanFactory.java:198)
	at org.springframework.beans.factory.support.DefaultListableBeanFactory.getBeansOfType(DefaultListableBeanFactory.java:470)
	at org.springframework.beans.factory.support.DefaultListableBeanFactory.getBeansOfType(DefaultListableBeanFactory.java:459)
	at org.springframework.security.config.annotation.web.configuration.AutowiredWebSecurityConfigurersIgnoreParents.getWebSecurityConfigurers(AutowiredWebSecurityConfigurersIgnoreParents.java:52)
	at sun.reflect.NativeMethodAccessorImpl.invoke0(Native Method)
	at sun.reflect.NativeMethodAccessorImpl.invoke(NativeMethodAccessorImpl.java:57)
	at sun.reflect.DelegatingMethodAccessorImpl.invoke(DelegatingMethodAccessorImpl.java:43)
	at java.lang.reflect.Method.invoke(Method.java:601)
	at org.springframework.expression.spel.support.ReflectiveMethodExecutor.execute(ReflectiveMethodExecutor.java:63)
	at org.springframework.expression.spel.ast.MethodReference.getValueInternal(MethodReference.java:122)
	at org.springframework.expression.spel.ast.MethodReference.access$000(MethodReference.java:44)
	at org.springframework.expression.spel.ast.MethodReference$MethodValueRef.getValue(MethodReference.java:258)
	at org.springframework.expression.spel.ast.CompoundExpression.getValueInternal(CompoundExpression.java:84)
	at org.springframework.expression.spel.ast.SpelNodeImpl.getValue(SpelNodeImpl.java:103)
	at org.springframework.expression.spel.standard.SpelExpression.getValue(SpelExpression.java:94)
	at org.springframework.context.expression.StandardBeanExpressionResolver.evaluate(StandardBeanExpressionResolver.java:143)
	... 37 common frames omitted
Caused by: org.springframework.beans.factory.BeanCreationException: Could not autowire method: public void org.springframework.security.config.annotation.web.configuration.WebSecurityConfigurerAdapter.setContentNegotationStrategy(org.springframework.web.accept.ContentNegotiationStrategy); nested exception is org.springframework.beans.factory.BeanCreationException: Error creating bean with name &apos;org.springframework.web.servlet.config.annotation.DelegatingWebMvcConfiguration&apos;: Injection of autowired dependencies failed; nested exception is org.springframework.beans.factory.BeanCreationException: Could not autowire method: public void org.springframework.web.servlet.config.annotation.DelegatingWebMvcConfiguration.setConfigurers(java.util.List); nested exception is org.springframework.beans.factory.BeanCreationException: Error creating bean with name &apos;apiConfig&apos; defined in URL [jar:file:/C:/workspaces/denv/denv-server/target/denv-server-0.1.0.jar!/org/ssoup/denv/server/api/ApiConfig.class]: Instantiation of bean failed; nested exception is org.springframework.beans.BeanInstantiationException: Could not instantiate bean class [org.ssoup.denv.server.api.ApiConfig$$EnhancerBySpringCGLIB$$10719c70]: No default constructor found; nested exception is java.lang.NoSuchMethodException: org.ssoup.denv.server.api.ApiConfig$$EnhancerBySpringCGLIB$$10719c70.&lt;init&gt;()
	at org.springframework.beans.factory.annotation.AutowiredAnnotationBeanPostProcessor$AutowiredMethodElement.inject(AutowiredAnnotationBeanPostProcessor.java:596)
	at org.springframework.beans.factory.annotation.InjectionMetadata.inject(InjectionMetadata.java:87)
	at org.springframework.beans.factory.annotation.AutowiredAnnotationBeanPostProcessor.postProcessPropertyValues(AutowiredAnnotationBeanPostProcessor.java:289)
	... 59 common frames omitted
Caused by: org.springframework.beans.factory.BeanCreationException: Error creating bean with name &apos;org.springframework.web.servlet.config.annotation.DelegatingWebMvcConfiguration&apos;: Injection of autowired dependencies failed; nested exception is org.springframework.beans.factory.BeanCreationException: Could not autowire method: public void org.springframework.web.servlet.config.annotation.DelegatingWebMvcConfiguration.setConfigurers(java.util.List); nested exception is org.springframework.beans.factory.BeanCreationException: Error creating bean with name &apos;apiConfig&apos; defined in URL [jar:file:/C:/workspaces/denv/denv-server/target/denv-server-0.1.0.jar!/org/ssoup/denv/server/api/ApiConfig.class]: Instantiation of bean failed; nested exception is org.springframework.beans.BeanInstantiationException: Could not instantiate bean class [org.ssoup.denv.server.api.ApiConfig$$EnhancerBySpringCGLIB$$10719c70]: No default constructor found; nested exception is java.lang.NoSuchMethodException: org.ssoup.denv.server.api.ApiConfig$$EnhancerBySpringCGLIB$$10719c70.&lt;init&gt;()
	at org.springframework.beans.factory.annotation.AutowiredAnnotationBeanPostProcessor.postProcessPropertyValues(AutowiredAnnotationBeanPostProcessor.java:292)
	at org.springframework.beans.factory.support.AbstractAutowireCapableBeanFactory.populateBean(AbstractAutowireCapableBeanFactory.java:1185)
	at org.springframework.beans.factory.support.AbstractAutowireCapableBeanFactory.doCreateBean(AbstractAutowireCapableBeanFactory.java:537)
	at org.springframework.beans.factory.support.AbstractAutowireCapableBeanFactory.createBean(AbstractAutowireCapableBeanFactory.java:475)
	at org.springframework.beans.factory.support.AbstractBeanFactory$1.getObject(AbstractBeanFactory.java:302)
	at org.springframework.beans.factory.support.DefaultSingletonBeanRegistry.getSingleton(DefaultSingletonBeanRegistry.java:228)
	at org.springframework.beans.factory.support.AbstractBeanFactory.doGetBean(AbstractBeanFactory.java:298)
	at org.springframework.beans.factory.support.AbstractBeanFactory.getBean(AbstractBeanFactory.java:193)
	at org.springframework.beans.factory.support.ConstructorResolver.instantiateUsingFactoryMethod(ConstructorResolver.java:370)
	at org.springframework.beans.factory.support.AbstractAutowireCapableBeanFactory.instantiateUsingFactoryMethod(AbstractAutowireCapableBeanFactory.java:1094)
	at org.springframework.beans.factory.support.AbstractAutowireCapableBeanFactory.createBeanInstance(AbstractAutowireCapableBeanFactory.java:989)
	at org.springframework.beans.factory.support.AbstractAutowireCapableBeanFactory.doCreateBean(AbstractAutowireCapableBeanFactory.java:504)
	at org.springframework.beans.factory.support.AbstractAutowireCapableBeanFactory.createBean(AbstractAutowireCapableBeanFactory.java:475)
	at org.springframework.beans.factory.support.AbstractBeanFactory$1.getObject(AbstractBeanFactory.java:302)
	at org.springframework.beans.factory.support.DefaultSingletonBeanRegistry.getSingleton(DefaultSingletonBeanRegistry.java:228)
	at org.springframework.beans.factory.support.AbstractBeanFactory.doGetBean(AbstractBeanFactory.java:298)
	at org.springframework.beans.factory.support.AbstractBeanFactory.getBean(AbstractBeanFactory.java:193)
	at org.springframework.beans.factory.support.DefaultListableBeanFactory.findAutowireCandidates(DefaultListableBeanFactory.java:1017)
	at org.springframework.beans.factory.support.DefaultListableBeanFactory.doResolveDependency(DefaultListableBeanFactory.java:960)
	at org.springframework.beans.factory.support.DefaultListableBeanFactory.resolveDependency(DefaultListableBeanFactory.java:858)
	at org.springframework.beans.factory.annotation.AutowiredAnnotationBeanPostProcessor$AutowiredMethodElement.inject(AutowiredAnnotationBeanPostProcessor.java:553)
	... 61 common frames omitted
Caused by: org.springframework.beans.factory.BeanCreationException: Could not autowire method: public void org.springframework.web.servlet.config.annotation.DelegatingWebMvcConfiguration.setConfigurers(java.util.List); nested exception is org.springframework.beans.factory.BeanCreationException: Error creating bean with name &apos;apiConfig&apos; defined in URL [jar:file:/C:/workspaces/denv/denv-server/target/denv-server-0.1.0.jar!/org/ssoup/denv/server/api/ApiConfig.class]: Instantiation of bean failed; nested exception is org.springframework.beans.BeanInstantiationException: Could not instantiate bean class [org.ssoup.denv.server.api.ApiConfig$$EnhancerBySpringCGLIB$$10719c70]: No default constructor found; nested exception is java.lang.NoSuchMethodException: org.ssoup.denv.server.api.ApiConfig$$EnhancerBySpringCGLIB$$10719c70.&lt;init&gt;()
	at org.springframework.beans.factory.annotation.AutowiredAnnotationBeanPostProcessor$AutowiredMethodElement.inject(AutowiredAnnotationBeanPostProcessor.java:596)
	at org.springframework.beans.factory.annotation.InjectionMetadata.inject(InjectionMetadata.java:87)
	at org.springframework.beans.factory.annotation.AutowiredAnnotationBeanPostProcessor.postProcessPropertyValues(AutowiredAnnotationBeanPostProcessor.java:289)
	... 81 common frames omitted
Caused by: org.springframework.beans.factory.BeanCreationException: Error creating bean with name &apos;apiConfig&apos; defined in URL [jar:file:/C:/workspaces/denv/denv-server/target/denv-server-0.1.0.jar!/org/ssoup/denv/server/api/ApiConfig.class]: Instantiation of bean failed; nested exception is org.springframework.beans.BeanInstantiationException: Could not instantiate bean class [org.ssoup.denv.server.api.ApiConfig$$EnhancerBySpringCGLIB$$10719c70]: No default constructor found; nested exception is java.lang.NoSuchMethodException: org.ssoup.denv.server.api.ApiConfig$$EnhancerBySpringCGLIB$$10719c70.&lt;init&gt;()
	at org.springframework.beans.factory.support.AbstractAutowireCapableBeanFactory.instantiateBean(AbstractAutowireCapableBeanFactory.java:1076)
	at org.springframework.beans.factory.support.AbstractAutowireCapableBeanFactory.createBeanInstance(AbstractAutowireCapableBeanFactory.java:1021)
	at org.springframework.beans.factory.support.AbstractAutowireCapableBeanFactory.doCreateBean(AbstractAutowireCapableBeanFactory.java:504)
	at org.springframework.beans.factory.support.AbstractAutowireCapableBeanFactory.createBean(AbstractAutowireCapableBeanFactory.java:475)
	at org.springframework.beans.factory.support.AbstractBeanFactory$1.getObject(AbstractBeanFactory.java:302)
	at org.springframework.beans.factory.support.DefaultSingletonBeanRegistry.getSingleton(DefaultSingletonBeanRegistry.java:228)
	at org.springframework.beans.factory.support.AbstractBeanFactory.doGetBean(AbstractBeanFactory.java:298)
	at org.springframework.beans.factory.support.AbstractBeanFactory.getBean(AbstractBeanFactory.java:193)
	at org.springframework.beans.factory.support.DefaultListableBeanFactory.findAutowireCandidates(DefaultListableBeanFactory.java:1017)
	at org.springframework.beans.factory.support.DefaultListableBeanFactory.doResolveDependency(DefaultListableBeanFactory.java:912)
	at org.springframework.beans.factory.support.DefaultListableBeanFactory.resolveDependency(DefaultListableBeanFactory.java:858)
	at org.springframework.beans.factory.annotation.AutowiredAnnotationBeanPostProcessor$AutowiredMethodElement.inject(AutowiredAnnotationBeanPostProcessor.java:553)
	... 83 common frames omitted
Caused by: org.springframework.beans.BeanInstantiationException: Could not instantiate bean class [org.ssoup.denv.server.api.ApiConfig$$EnhancerBySpringCGLIB$$10719c70]: No default constructor found; nested exception is java.lang.NoSuchMethodException: org.ssoup.denv.server.api.ApiConfig$$EnhancerBySpringCGLIB$$10719c70.&lt;init&gt;()
	at org.springframework.beans.factory.support.SimpleInstantiationStrategy.instantiate(SimpleInstantiationStrategy.java:85)
	at org.springframework.beans.factory.support.AbstractAutowireCapableBeanFactory.instantiateBean(AbstractAutowireCapableBeanFactory.java:1069)
	... 94 common frames omitted
Caused by: java.lang.NoSuchMethodException: org.ssoup.denv.server.api.ApiConfig$$EnhancerBySpringCGLIB$$10719c70.&lt;init&gt;()
	at java.lang.Class.getConstructor0(Class.java:2730)
	at java.lang.Class.getDeclaredConstructor(Class.java:2004)
	at org.springframework.beans.factory.support.SimpleInstantiationStrategy.instantiate(SimpleInstantiationStrategy.java:80)
	... 95 common frames omitted

2014-08-28 16:58:32.960 ERROR 9700 --- [           main] o.s.test.context.TestContextManager      : Caught exception while allowing TestExecutionListener [org.springframework.test.context.support.DependencyInjectionTestExecutionListener@e45a028] to prepare test instance [org.ssoup.denv.server.test.BasicTest@7171ff47]

java.lang.IllegalStateException: Failed to load ApplicationContext
	at org.springframework.test.context.CacheAwareContextLoaderDelegate.loadContext(CacheAwareContextLoaderDelegate.java:99)
	at org.springframework.test.context.DefaultTestContext.getApplicationContext(DefaultTestContext.java:101)
	at org.springframework.test.context.support.DependencyInjectionTestExecutionListener.injectDependencies(DependencyInjectionTestExecutionListener.java:109)
	at org.springframework.test.context.support.DependencyInjectionTestExecutionListener.prepareTestInstance(DependencyInjectionTestExecutionListener.java:75)
	at org.springframework.test.context.TestContextManager.prepareTestInstance(TestContextManager.java:331)
	at org.springframework.test.context.junit4.SpringJUnit4ClassRunner.createTest(SpringJUnit4ClassRunner.java:213)
	at org.springframework.test.context.junit4.SpringJUnit4ClassRunner$1.runReflectiveCall(SpringJUnit4ClassRunner.java:290)
	at org.junit.internal.runners.model.ReflectiveCallable.run(ReflectiveCallable.java:12)
	at org.springframework.test.context.junit4.SpringJUnit4ClassRunner.methodBlock(SpringJUnit4ClassRunner.java:292)
	at org.springframework.test.context.junit4.SpringJUnit4ClassRunner.runChild(SpringJUnit4ClassRunner.java:233)
	at org.springframework.test.context.junit4.SpringJUnit4ClassRunner.runChild(SpringJUnit4ClassRunner.java:87)
	at org.junit.runners.ParentRunner$3.run(ParentRunner.java:238)
	at org.junit.runners.ParentRunner$1.schedule(ParentRunner.java:63)
	at org.junit.runners.ParentRunner.runChildren(ParentRunner.java:236)
	at org.junit.runners.ParentRunner.access$000(ParentRunner.java:53)
	at org.junit.runners.ParentRunner$2.evaluate(ParentRunner.java:229)
	at org.springframework.test.context.junit4.statements.RunBeforeTestClassCallbacks.evaluate(RunBeforeTestClassCallbacks.java:61)
	at org.springframework.test.context.junit4.statements.RunAfterTestClassCallbacks.evaluate(RunAfterTestClassCallbacks.java:71)
	at org.junit.runners.ParentRunner.run(ParentRunner.java:309)
	at org.springframework.test.context.junit4.SpringJUnit4ClassRunner.run(SpringJUnit4ClassRunner.java:176)
	at org.apache.maven.surefire.junit4.JUnit4TestSet.execute(JUnit4TestSet.java:62)
	at org.apache.maven.surefire.suite.AbstractDirectoryTestSuite.executeTestSet(AbstractDirectoryTestSuite.java:140)
	at org.apache.maven.surefire.suite.AbstractDirectoryTestSuite.execute(AbstractDirectoryTestSuite.java:127)
	at org.apache.maven.surefire.Surefire.run(Surefire.java:177)
	at sun.reflect.NativeMethodAccessorImpl.invoke0(Native Method)
	at sun.reflect.NativeMethodAccessorImpl.invoke(NativeMethodAccessorImpl.java:57)
	at sun.reflect.DelegatingMethodAccessorImpl.invoke(DelegatingMethodAccessorImpl.java:43)
	at java.lang.reflect.Method.invoke(Method.java:601)
	at org.apache.maven.surefire.booter.SurefireBooter.runSuitesInProcess(SurefireBooter.java:345)
	at org.apache.maven.surefire.booter.SurefireBooter.main(SurefireBooter.java:1009)
Caused by: org.springframework.context.ApplicationContextException: Unable to start embedded container; nested exception is org.springframework.boot.context.embedded.EmbeddedServletContainerException: Unable to start embedded Tomcat
	at org.springframework.boot.context.embedded.EmbeddedWebApplicationContext.onRefresh(EmbeddedWebApplicationContext.java:135)
	at org.springframework.context.support.AbstractApplicationContext.refresh(AbstractApplicationContext.java:476)
	at org.springframework.boot.context.embedded.EmbeddedWebApplicationContext.refresh(EmbeddedWebApplicationContext.java:120)
	at org.springframework.boot.SpringApplication.refresh(SpringApplication.java:691)
	at org.springframework.boot.SpringApplication.run(SpringApplication.java:320)
	at org.springframework.boot.test.SpringApplicationContextLoader.loadContext(SpringApplicationContextLoader.java:107)
	at org.springframework.test.context.CacheAwareContextLoaderDelegate.loadContextInternal(CacheAwareContextLoaderDelegate.java:64)
	at org.springframework.test.context.CacheAwareContextLoaderDelegate.loadContext(CacheAwareContextLoaderDelegate.java:91)
	... 29 common frames omitted
Caused by: org.springframework.boot.context.embedded.EmbeddedServletContainerException: Unable to start embedded Tomcat
	at org.springframework.boot.context.embedded.tomcat.TomcatEmbeddedServletContainer.initialize(TomcatEmbeddedServletContainer.java:100)
	at org.springframework.boot.context.embedded.tomcat.TomcatEmbeddedServletContainer.&lt;init&gt;(TomcatEmbeddedServletContainer.java:74)
	at org.springframework.boot.context.embedded.tomcat.TomcatEmbeddedServletContainerFactory.getTomcatEmbeddedServletContainer(TomcatEmbeddedServletContainerFactory.java:289)
	at org.springframework.boot.context.embedded.tomcat.TomcatEmbeddedServletContainerFactory.getEmbeddedServletContainer(TomcatEmbeddedServletContainerFactory.java:146)
	at org.springframework.boot.context.embedded.EmbeddedWebApplicationContext.createEmbeddedServletContainer(EmbeddedWebApplicationContext.java:159)
	at org.springframework.boot.context.embedded.EmbeddedWebApplicationContext.onRefresh(EmbeddedWebApplicationContext.java:132)
	... 36 common frames omitted
Caused by: org.springframework.beans.factory.BeanCreationException: Error creating bean with name &apos;org.springframework.security.config.annotation.web.configuration.WebSecurityConfiguration&apos;: Injection of autowired dependencies failed; nested exception is org.springframework.beans.factory.BeanCreationException: Could not autowire method: public void org.springframework.security.config.annotation.web.configuration.WebSecurityConfiguration.setFilterChainProxySecurityConfigurer(org.springframework.security.config.annotation.ObjectPostProcessor,java.util.List) throws java.lang.Exception; nested exception is org.springframework.beans.factory.BeanExpressionException: Expression parsing failed; nested exception is org.springframework.beans.factory.BeanCreationException: Error creating bean with name &apos;securityConfig&apos;: Injection of autowired dependencies failed; nested exception is org.springframework.beans.factory.BeanCreationException: Could not autowire method: public void org.springframework.security.config.annotation.web.configuration.WebSecurityConfigurerAdapter.setContentNegotationStrategy(org.springframework.web.accept.ContentNegotiationStrategy); nested exception is org.springframework.beans.factory.BeanCreationException: Error creating bean with name &apos;org.springframework.web.servlet.config.annotation.DelegatingWebMvcConfiguration&apos;: Injection of autowired dependencies failed; nested exception is org.springframework.beans.factory.BeanCreationException: Could not autowire method: public void org.springframework.web.servlet.config.annotation.DelegatingWebMvcConfiguration.setConfigurers(java.util.List); nested exception is org.springframework.beans.factory.BeanCreationException: Error creating bean with name &apos;apiConfig&apos; defined in URL [jar:file:/C:/workspaces/denv/denv-server/target/denv-server-0.1.0.jar!/org/ssoup/denv/server/api/ApiConfig.class]: Instantiation of bean failed; nested exception is org.springframework.beans.BeanInstantiationException: Could not instantiate bean class [org.ssoup.denv.server.api.ApiConfig$$EnhancerBySpringCGLIB$$10719c70]: No default constructor found; nested exception is java.lang.NoSuchMethodException: org.ssoup.denv.server.api.ApiConfig$$EnhancerBySpringCGLIB$$10719c70.&lt;init&gt;()
	at org.springframework.beans.factory.annotation.AutowiredAnnotationBeanPostProcessor.postProcessPropertyValues(AutowiredAnnotationBeanPostProcessor.java:292)
	at org.springframework.beans.factory.support.AbstractAutowireCapableBeanFactory.populateBean(AbstractAutowireCapableBeanFactory.java:1185)
	at org.springframework.beans.factory.support.AbstractAutowireCapableBeanFactory.doCreateBean(AbstractAutowireCapableBeanFactory.java:537)
	at org.springframework.beans.factory.support.AbstractAutowireCapableBeanFactory.createBean(AbstractAutowireCapableBeanFactory.java:475)
	at org.springframework.beans.factory.support.AbstractBeanFactory$1.getObject(AbstractBeanFactory.java:302)
	at org.springframework.beans.factory.support.DefaultSingletonBeanRegistry.getSingleton(DefaultSingletonBeanRegistry.java:228)
	at org.springframework.beans.factory.support.AbstractBeanFactory.doGetBean(AbstractBeanFactory.java:298)
	at org.springframework.beans.factory.support.AbstractBeanFactory.getBean(AbstractBeanFactory.java:193)
	at org.springframework.beans.factory.support.ConstructorResolver.instantiateUsingFactoryMethod(ConstructorResolver.java:370)
	at org.springframework.beans.factory.support.AbstractAutowireCapableBeanFactory.instantiateUsingFactoryMethod(AbstractAutowireCapableBeanFactory.java:1094)
	at org.springframework.beans.factory.support.AbstractAutowireCapableBeanFactory.createBeanInstance(AbstractAutowireCapableBeanFactory.java:989)
	at org.springframework.beans.factory.support.AbstractAutowireCapableBeanFactory.doCreateBean(AbstractAutowireCapableBeanFactory.java:504)
	at org.springframework.beans.factory.support.AbstractAutowireCapableBeanFactory.createBean(AbstractAutowireCapableBeanFactory.java:475)
	at org.springframework.beans.factory.support.AbstractBeanFactory$1.getObject(AbstractBeanFactory.java:302)
	at org.springframework.beans.factory.support.DefaultSingletonBeanRegistry.getSingleton(DefaultSingletonBeanRegistry.java:228)
	at org.springframework.beans.factory.support.AbstractBeanFactory.doGetBean(AbstractBeanFactory.java:298)
	at org.springframework.beans.factory.support.AbstractBeanFactory.getBean(AbstractBeanFactory.java:198)
	at org.springframework.boot.context.embedded.EmbeddedWebApplicationContext.getOrderedBeansOfType(EmbeddedWebApplicationContext.java:367)
	at org.springframework.boot.context.embedded.EmbeddedWebApplicationContext.getServletContextInitializerBeans(EmbeddedWebApplicationContext.java:268)
	at org.springframework.boot.context.embedded.EmbeddedWebApplicationContext$1.onStartup(EmbeddedWebApplicationContext.java:213)
	at org.springframework.boot.context.embedded.tomcat.ServletContextInitializerLifecycleListener.lifecycleEvent(ServletContextInitializerLifecycleListener.java:64)
	at org.apache.catalina.util.LifecycleSupport.fireLifecycleEvent(LifecycleSupport.java:117)
	at org.apache.catalina.util.LifecycleBase.fireLifecycleEvent(LifecycleBase.java:90)
	at org.apache.catalina.core.StandardContext.startInternal(StandardContext.java:5355)
	at org.apache.catalina.util.LifecycleBase.start(LifecycleBase.java:150)
	at org.apache.catalina.core.ContainerBase$StartChild.call(ContainerBase.java:1559)
	at org.apache.catalina.core.ContainerBase$StartChild.call(ContainerBase.java:1549)
	at java.util.concurrent.FutureTask$Sync.innerRun(FutureTask.java:334)
	at java.util.concurrent.FutureTask.run(FutureTask.java:166)
	at java.util.concurrent.ThreadPoolExecutor.runWorker(ThreadPoolExecutor.java:1145)
	at java.util.concurrent.ThreadPoolExecutor$Worker.run(ThreadPoolExecutor.java:615)
	at java.lang.Thread.run(Thread.java:722)
Caused by: org.springframework.beans.factory.BeanCreationException: Could not autowire method: public void org.springframework.security.config.annotation.web.configuration.WebSecurityConfiguration.setFilterChainProxySecurityConfigurer(org.springframework.security.config.annotation.ObjectPostProcessor,java.util.List) throws java.lang.Exception; nested exception is org.springframework.beans.factory.BeanExpressionException: Expression parsing failed; nested exception is org.springframework.beans.factory.BeanCreationException: Error creating bean with name &apos;securityConfig&apos;: Injection of autowired dependencies failed; nested exception is org.springframework.beans.factory.BeanCreationException: Could not autowire method: public void org.springframework.security.config.annotation.web.configuration.WebSecurityConfigurerAdapter.setContentNegotationStrategy(org.springframework.web.accept.ContentNegotiationStrategy); nested exception is org.springframework.beans.factory.BeanCreationException: Error creating bean with name &apos;org.springframework.web.servlet.config.annotation.DelegatingWebMvcConfiguration&apos;: Injection of autowired dependencies failed; nested exception is org.springframework.beans.factory.BeanCreationException: Could not autowire method: public void org.springframework.web.servlet.config.annotation.DelegatingWebMvcConfiguration.setConfigurers(java.util.List); nested exception is org.springframework.beans.factory.BeanCreationException: Error creating bean with name &apos;apiConfig&apos; defined in URL [jar:file:/C:/workspaces/denv/denv-server/target/denv-server-0.1.0.jar!/org/ssoup/denv/server/api/ApiConfig.class]: Instantiation of bean failed; nested exception is org.springframework.beans.BeanInstantiationException: Could not instantiate bean class [org.ssoup.denv.server.api.ApiConfig$$EnhancerBySpringCGLIB$$10719c70]: No default constructor found; nested exception is java.lang.NoSuchMethodException: org.ssoup.denv.server.api.ApiConfig$$EnhancerBySpringCGLIB$$10719c70.&lt;init&gt;()
	at org.springframework.beans.factory.annotation.AutowiredAnnotationBeanPostProcessor$AutowiredMethodElement.inject(AutowiredAnnotationBeanPostProcessor.java:596)
	at org.springframework.beans.factory.annotation.InjectionMetadata.inject(InjectionMetadata.java:87)
	at org.springframework.beans.factory.annotation.AutowiredAnnotationBeanPostProcessor.postProcessPropertyValues(AutowiredAnnotationBeanPostProcessor.java:289)
	... 31 common frames omitted
Caused by: org.springframework.beans.factory.BeanExpressionException: Expression parsing failed; nested exception is org.springframework.beans.factory.BeanCreationException: Error creating bean with name &apos;securityConfig&apos;: Injection of autowired dependencies failed; nested exception is org.springframework.beans.factory.BeanCreationException: Could not autowire method: public void org.springframework.security.config.annotation.web.configuration.WebSecurityConfigurerAdapter.setContentNegotationStrategy(org.springframework.web.accept.ContentNegotiationStrategy); nested exception is org.springframework.beans.factory.BeanCreationException: Error creating bean with name &apos;org.springframework.web.servlet.config.annotation.DelegatingWebMvcConfiguration&apos;: Injection of autowired dependencies failed; nested exception is org.springframework.beans.factory.BeanCreationException: Could not autowire method: public void org.springframework.web.servlet.config.annotation.DelegatingWebMvcConfiguration.setConfigurers(java.util.List); nested exception is org.springframework.beans.factory.BeanCreationException: Error creating bean with name &apos;apiConfig&apos; defined in URL [jar:file:/C:/workspaces/denv/denv-server/target/denv-server-0.1.0.jar!/org/ssoup/denv/server/api/ApiConfig.class]: Instantiation of bean failed; nested exception is org.springframework.beans.BeanInstantiationException: Could not instantiate bean class [org.ssoup.denv.server.api.ApiConfig$$EnhancerBySpringCGLIB$$10719c70]: No default constructor found; nested exception is java.lang.NoSuchMethodException: org.ssoup.denv.server.api.ApiConfig$$EnhancerBySpringCGLIB$$10719c70.&lt;init&gt;()
	at org.springframework.context.expression.StandardBeanExpressionResolver.evaluate(StandardBeanExpressionResolver.java:146)
	at org.springframework.beans.factory.support.AbstractBeanFactory.evaluateBeanDefinitionString(AbstractBeanFactory.java:1362)
	at org.springframework.beans.factory.support.DefaultListableBeanFactory.doResolveDependency(DefaultListableBeanFactory.java:873)
	at org.springframework.beans.factory.support.DefaultListableBeanFactory.resolveDependency(DefaultListableBeanFactory.java:858)
	at org.springframework.beans.factory.annotation.AutowiredAnnotationBeanPostProcessor$AutowiredMethodElement.inject(AutowiredAnnotationBeanPostProcessor.java:553)
	... 33 common frames omitted
Caused by: org.springframework.beans.factory.BeanCreationException: Error creating bean with name &apos;securityConfig&apos;: Injection of autowired dependencies failed; nested exception is org.springframework.beans.factory.BeanCreationException: Could not autowire method: public void org.springframework.security.config.annotation.web.configuration.WebSecurityConfigurerAdapter.setContentNegotationStrategy(org.springframework.web.accept.ContentNegotiationStrategy); nested exception is org.springframework.beans.factory.BeanCreationException: Error creating bean with name &apos;org.springframework.web.servlet.config.annotation.DelegatingWebMvcConfiguration&apos;: Injection of autowired dependencies failed; nested exception is org.springframework.beans.factory.BeanCreationException: Could not autowire method: public void org.springframework.web.servlet.config.annotation.DelegatingWebMvcConfiguration.setConfigurers(java.util.List); nested exception is org.springframework.beans.factory.BeanCreationException: Error creating bean with name &apos;apiConfig&apos; defined in URL [jar:file:/C:/workspaces/denv/denv-server/target/denv-server-0.1.0.jar!/org/ssoup/denv/server/api/ApiConfig.class]: Instantiation of bean failed; nested exception is org.springframework.beans.BeanInstantiationException: Could not instantiate bean class [org.ssoup.denv.server.api.ApiConfig$$EnhancerBySpringCGLIB$$10719c70]: No default constructor found; nested exception is java.lang.NoSuchMethodException: org.ssoup.denv.server.api.ApiConfig$$EnhancerBySpringCGLIB$$10719c70.&lt;init&gt;()
	at org.springframework.beans.factory.annotation.AutowiredAnnotationBeanPostProcessor.postProcessPropertyValues(AutowiredAnnotationBeanPostProcessor.java:292)
	at org.springframework.beans.factory.support.AbstractAutowireCapableBeanFactory.populateBean(AbstractAutowireCapableBeanFactory.java:1185)
	at org.springframework.beans.factory.support.AbstractAutowireCapableBeanFactory.doCreateBean(AbstractAutowireCapableBeanFactory.java:537)
	at org.springframework.beans.factory.support.AbstractAutowireCapableBeanFactory.createBean(AbstractAutowireCapableBeanFactory.java:475)
	at org.springframework.beans.factory.support.AbstractBeanFactory$1.getObject(AbstractBeanFactory.java:302)
	at org.springframework.beans.factory.support.DefaultSingletonBeanRegistry.getSingleton(DefaultSingletonBeanRegistry.java:228)
	at org.springframework.beans.factory.support.AbstractBeanFactory.doGetBean(AbstractBeanFactory.java:298)
	at org.springframework.beans.factory.support.AbstractBeanFactory.getBean(AbstractBeanFactory.java:198)
	at org.springframework.beans.factory.support.DefaultListableBeanFactory.getBeansOfType(DefaultListableBeanFactory.java:470)
	at org.springframework.beans.factory.support.DefaultListableBeanFactory.getBeansOfType(DefaultListableBeanFactory.java:459)
	at org.springframework.security.config.annotation.web.configuration.AutowiredWebSecurityConfigurersIgnoreParents.getWebSecurityConfigurers(AutowiredWebSecurityConfigurersIgnoreParents.java:52)
	at sun.reflect.NativeMethodAccessorImpl.invoke0(Native Method)
	at sun.reflect.NativeMethodAccessorImpl.invoke(NativeMethodAccessorImpl.java:57)
	at sun.reflect.DelegatingMethodAccessorImpl.invoke(DelegatingMethodAccessorImpl.java:43)
	at java.lang.reflect.Method.invoke(Method.java:601)
	at org.springframework.expression.spel.support.ReflectiveMethodExecutor.execute(ReflectiveMethodExecutor.java:63)
	at org.springframework.expression.spel.ast.MethodReference.getValueInternal(MethodReference.java:122)
	at org.springframework.expression.spel.ast.MethodReference.access$000(MethodReference.java:44)
	at org.springframework.expression.spel.ast.MethodReference$MethodValueRef.getValue(MethodReference.java:258)
	at org.springframework.expression.spel.ast.CompoundExpression.getValueInternal(CompoundExpression.java:84)
	at org.springframework.expression.spel.ast.SpelNodeImpl.getValue(SpelNodeImpl.java:103)
	at org.springframework.expression.spel.standard.SpelExpression.getValue(SpelExpression.java:94)
	at org.springframework.context.expression.StandardBeanExpressionResolver.evaluate(StandardBeanExpressionResolver.java:143)
	... 37 common frames omitted
Caused by: org.springframework.beans.factory.BeanCreationException: Could not autowire method: public void org.springframework.security.config.annotation.web.configuration.WebSecurityConfigurerAdapter.setContentNegotationStrategy(org.springframework.web.accept.ContentNegotiationStrategy); nested exception is org.springframework.beans.factory.BeanCreationException: Error creating bean with name &apos;org.springframework.web.servlet.config.annotation.DelegatingWebMvcConfiguration&apos;: Injection of autowired dependencies failed; nested exception is org.springframework.beans.factory.BeanCreationException: Could not autowire method: public void org.springframework.web.servlet.config.annotation.DelegatingWebMvcConfiguration.setConfigurers(java.util.List); nested exception is org.springframework.beans.factory.BeanCreationException: Error creating bean with name &apos;apiConfig&apos; defined in URL [jar:file:/C:/workspaces/denv/denv-server/target/denv-server-0.1.0.jar!/org/ssoup/denv/server/api/ApiConfig.class]: Instantiation of bean failed; nested exception is org.springframework.beans.BeanInstantiationException: Could not instantiate bean class [org.ssoup.denv.server.api.ApiConfig$$EnhancerBySpringCGLIB$$10719c70]: No default constructor found; nested exception is java.lang.NoSuchMethodException: org.ssoup.denv.server.api.ApiConfig$$EnhancerBySpringCGLIB$$10719c70.&lt;init&gt;()
	at org.springframework.beans.factory.annotation.AutowiredAnnotationBeanPostProcessor$AutowiredMethodElement.inject(AutowiredAnnotationBeanPostProcessor.java:596)
	at org.springframework.beans.factory.annotation.InjectionMetadata.inject(InjectionMetadata.java:87)
	at org.springframework.beans.factory.annotation.AutowiredAnnotationBeanPostProcessor.postProcessPropertyValues(AutowiredAnnotationBeanPostProcessor.java:289)
	... 59 common frames omitted
Caused by: org.springframework.beans.factory.BeanCreationException: Error creating bean with name &apos;org.springframework.web.servlet.config.annotation.DelegatingWebMvcConfiguration&apos;: Injection of autowired dependencies failed; nested exception is org.springframework.beans.factory.BeanCreationException: Could not autowire method: public void org.springframework.web.servlet.config.annotation.DelegatingWebMvcConfiguration.setConfigurers(java.util.List); nested exception is org.springframework.beans.factory.BeanCreationException: Error creating bean with name &apos;apiConfig&apos; defined in URL [jar:file:/C:/workspaces/denv/denv-server/target/denv-server-0.1.0.jar!/org/ssoup/denv/server/api/ApiConfig.class]: Instantiation of bean failed; nested exception is org.springframework.beans.BeanInstantiationException: Could not instantiate bean class [org.ssoup.denv.server.api.ApiConfig$$EnhancerBySpringCGLIB$$10719c70]: No default constructor found; nested exception is java.lang.NoSuchMethodException: org.ssoup.denv.server.api.ApiConfig$$EnhancerBySpringCGLIB$$10719c70.&lt;init&gt;()
	at org.springframework.beans.factory.annotation.AutowiredAnnotationBeanPostProcessor.postProcessPropertyValues(AutowiredAnnotationBeanPostProcessor.java:292)
	at org.springframework.beans.factory.support.AbstractAutowireCapableBeanFactory.populateBean(AbstractAutowireCapableBeanFactory.java:1185)
	at org.springframework.beans.factory.support.AbstractAutowireCapableBeanFactory.doCreateBean(AbstractAutowireCapableBeanFactory.java:537)
	at org.springframework.beans.factory.support.AbstractAutowireCapableBeanFactory.createBean(AbstractAutowireCapableBeanFactory.java:475)
	at org.springframework.beans.factory.support.AbstractBeanFactory$1.getObject(AbstractBeanFactory.java:302)
	at org.springframework.beans.factory.support.DefaultSingletonBeanRegistry.getSingleton(DefaultSingletonBeanRegistry.java:228)
	at org.springframework.beans.factory.support.AbstractBeanFactory.doGetBean(AbstractBeanFactory.java:298)
	at org.springframework.beans.factory.support.AbstractBeanFactory.getBean(AbstractBeanFactory.java:193)
	at org.springframework.beans.factory.support.ConstructorResolver.instantiateUsingFactoryMethod(ConstructorResolver.java:370)
	at org.springframework.beans.factory.support.AbstractAutowireCapableBeanFactory.instantiateUsingFactoryMethod(AbstractAutowireCapableBeanFactory.java:1094)
	at org.springframework.beans.factory.support.AbstractAutowireCapableBeanFactory.createBeanInstance(AbstractAutowireCapableBeanFactory.java:989)
	at org.springframework.beans.factory.support.AbstractAutowireCapableBeanFactory.doCreateBean(AbstractAutowireCapableBeanFactory.java:504)
	at org.springframework.beans.factory.support.AbstractAutowireCapableBeanFactory.createBean(AbstractAutowireCapableBeanFactory.java:475)
	at org.springframework.beans.factory.support.AbstractBeanFactory$1.getObject(AbstractBeanFactory.java:302)
	at org.springframework.beans.factory.support.DefaultSingletonBeanRegistry.getSingleton(DefaultSingletonBeanRegistry.java:228)
	at org.springframework.beans.factory.support.AbstractBeanFactory.doGetBean(AbstractBeanFactory.java:298)
	at org.springframework.beans.factory.support.AbstractBeanFactory.getBean(AbstractBeanFactory.java:193)
	at org.springframework.beans.factory.support.DefaultListableBeanFactory.findAutowireCandidates(DefaultListableBeanFactory.java:1017)
	at org.springframework.beans.factory.support.DefaultListableBeanFactory.doResolveDependency(DefaultListableBeanFactory.java:960)
	at org.springframework.beans.factory.support.DefaultListableBeanFactory.resolveDependency(DefaultListableBeanFactory.java:858)
	at org.springframework.beans.factory.annotation.AutowiredAnnotationBeanPostProcessor$AutowiredMethodElement.inject(AutowiredAnnotationBeanPostProcessor.java:553)
	... 61 common frames omitted
Caused by: org.springframework.beans.factory.BeanCreationException: Could not autowire method: public void org.springframework.web.servlet.config.annotation.DelegatingWebMvcConfiguration.setConfigurers(java.util.List); nested exception is org.springframework.beans.factory.BeanCreationException: Error creating bean with name &apos;apiConfig&apos; defined in URL [jar:file:/C:/workspaces/denv/denv-server/target/denv-server-0.1.0.jar!/org/ssoup/denv/server/api/ApiConfig.class]: Instantiation of bean failed; nested exception is org.springframework.beans.BeanInstantiationException: Could not instantiate bean class [org.ssoup.denv.server.api.ApiConfig$$EnhancerBySpringCGLIB$$10719c70]: No default constructor found; nested exception is java.lang.NoSuchMethodException: org.ssoup.denv.server.api.ApiConfig$$EnhancerBySpringCGLIB$$10719c70.&lt;init&gt;()
	at org.springframework.beans.factory.annotation.AutowiredAnnotationBeanPostProcessor$AutowiredMethodElement.inject(AutowiredAnnotationBeanPostProcessor.java:596)
	at org.springframework.beans.factory.annotation.InjectionMetadata.inject(InjectionMetadata.java:87)
	at org.springframework.beans.factory.annotation.AutowiredAnnotationBeanPostProcessor.postProcessPropertyValues(AutowiredAnnotationBeanPostProcessor.java:289)
	... 81 common frames omitted
Caused by: org.springframework.beans.factory.BeanCreationException: Error creating bean with name &apos;apiConfig&apos; defined in URL [jar:file:/C:/workspaces/denv/denv-server/target/denv-server-0.1.0.jar!/org/ssoup/denv/server/api/ApiConfig.class]: Instantiation of bean failed; nested exception is org.springframework.beans.BeanInstantiationException: Could not instantiate bean class [org.ssoup.denv.server.api.ApiConfig$$EnhancerBySpringCGLIB$$10719c70]: No default constructor found; nested exception is java.lang.NoSuchMethodException: org.ssoup.denv.server.api.ApiConfig$$EnhancerBySpringCGLIB$$10719c70.&lt;init&gt;()
	at org.springframework.beans.factory.support.AbstractAutowireCapableBeanFactory.instantiateBean(AbstractAutowireCapableBeanFactory.java:1076)
	at org.springframework.beans.factory.support.AbstractAutowireCapableBeanFactory.createBeanInstance(AbstractAutowireCapableBeanFactory.java:1021)
	at org.springframework.beans.factory.support.AbstractAutowireCapableBeanFactory.doCreateBean(AbstractAutowireCapableBeanFactory.java:504)
	at org.springframework.beans.factory.support.AbstractAutowireCapableBeanFactory.createBean(AbstractAutowireCapableBeanFactory.java:475)
	at org.springframework.beans.factory.support.AbstractBeanFactory$1.getObject(AbstractBeanFactory.java:302)
	at org.springframework.beans.factory.support.DefaultSingletonBeanRegistry.getSingleton(DefaultSingletonBeanRegistry.java:228)
	at org.springframework.beans.factory.support.AbstractBeanFactory.doGetBean(AbstractBeanFactory.java:298)
	at org.springframework.beans.factory.support.AbstractBeanFactory.getBean(AbstractBeanFactory.java:193)
	at org.springframework.beans.factory.support.DefaultListableBeanFactory.findAutowireCandidates(DefaultListableBeanFactory.java:1017)
	at org.springframework.beans.factory.support.DefaultListableBeanFactory.doResolveDependency(DefaultListableBeanFactory.java:912)
	at org.springframework.beans.factory.support.DefaultListableBeanFactory.resolveDependency(DefaultListableBeanFactory.java:858)
	at org.springframework.beans.factory.annotation.AutowiredAnnotationBeanPostProcessor$AutowiredMethodElement.inject(AutowiredAnnotationBeanPostProcessor.java:553)
	... 83 common frames omitted
Caused by: org.springframework.beans.BeanInstantiationException: Could not instantiate bean class [org.ssoup.denv.server.api.ApiConfig$$EnhancerBySpringCGLIB$$10719c70]: No default constructor found; nested exception is java.lang.NoSuchMethodException: org.ssoup.denv.server.api.ApiConfig$$EnhancerBySpringCGLIB$$10719c70.&lt;init&gt;()
	at org.springframework.beans.factory.support.SimpleInstantiationStrategy.instantiate(SimpleInstantiationStrategy.java:85)
	at org.springframework.beans.factory.support.AbstractAutowireCapableBeanFactory.instantiateBean(AbstractAutowireCapableBeanFactory.java:1069)
	... 94 common frames omitted
Caused by: java.lang.NoSuchMethodException: org.ssoup.denv.server.api.ApiConfig$$EnhancerBySpringCGLIB$$10719c70.&lt;init&gt;()
	at java.lang.Class.getConstructor0(Class.java:2730)
	at java.lang.Class.getDeclaredConstructor(Class.java:2004)
	at org.springframework.beans.factory.support.SimpleInstantiationStrategy.instantiate(SimpleInstantiationStrategy.java:80)
	... 95 common frames omitted

</system-out>
  </testcase>
  <testcase time="1.886" classname="org.ssoup.denv.server.test.BasicTest" name="runFigApp">
    <error message="Failed to load ApplicationContext" type="java.lang.IllegalStateException">java.lang.IllegalStateException: Failed to load ApplicationContext
	at org.springframework.test.context.CacheAwareContextLoaderDelegate.loadContext(CacheAwareContextLoaderDelegate.java:99)
	at org.springframework.test.context.DefaultTestContext.getApplicationContext(DefaultTestContext.java:101)
	at org.springframework.test.context.support.DependencyInjectionTestExecutionListener.injectDependencies(DependencyInjectionTestExecutionListener.java:109)
	at org.springframework.test.context.support.DependencyInjectionTestExecutionListener.prepareTestInstance(DependencyInjectionTestExecutionListener.java:75)
	at org.springframework.test.context.TestContextManager.prepareTestInstance(TestContextManager.java:331)
	at org.springframework.test.context.junit4.SpringJUnit4ClassRunner.createTest(SpringJUnit4ClassRunner.java:213)
	at org.springframework.test.context.junit4.SpringJUnit4ClassRunner$1.runReflectiveCall(SpringJUnit4ClassRunner.java:290)
	at org.junit.internal.runners.model.ReflectiveCallable.run(ReflectiveCallable.java:12)
	at org.springframework.test.context.junit4.SpringJUnit4ClassRunner.methodBlock(SpringJUnit4ClassRunner.java:292)
	at org.springframework.test.context.junit4.SpringJUnit4ClassRunner.runChild(SpringJUnit4ClassRunner.java:233)
	at org.springframework.test.context.junit4.SpringJUnit4ClassRunner.runChild(SpringJUnit4ClassRunner.java:87)
	at org.junit.runners.ParentRunner$3.run(ParentRunner.java:238)
	at org.junit.runners.ParentRunner$1.schedule(ParentRunner.java:63)
	at org.junit.runners.ParentRunner.runChildren(ParentRunner.java:236)
	at org.junit.runners.ParentRunner.access$000(ParentRunner.java:53)
	at org.junit.runners.ParentRunner$2.evaluate(ParentRunner.java:229)
	at org.springframework.test.context.junit4.statements.RunBeforeTestClassCallbacks.evaluate(RunBeforeTestClassCallbacks.java:61)
	at org.springframework.test.context.junit4.statements.RunAfterTestClassCallbacks.evaluate(RunAfterTestClassCallbacks.java:71)
	at org.junit.runners.ParentRunner.run(ParentRunner.java:309)
	at org.springframework.test.context.junit4.SpringJUnit4ClassRunner.run(SpringJUnit4ClassRunner.java:176)
	at org.apache.maven.surefire.junit4.JUnit4TestSet.execute(JUnit4TestSet.java:62)
	at org.apache.maven.surefire.suite.AbstractDirectoryTestSuite.executeTestSet(AbstractDirectoryTestSuite.java:140)
	at org.apache.maven.surefire.suite.AbstractDirectoryTestSuite.execute(AbstractDirectoryTestSuite.java:127)
	at org.apache.maven.surefire.Surefire.run(Surefire.java:177)
	at sun.reflect.NativeMethodAccessorImpl.invoke0(Native Method)
	at sun.reflect.NativeMethodAccessorImpl.invoke(NativeMethodAccessorImpl.java:57)
	at sun.reflect.DelegatingMethodAccessorImpl.invoke(DelegatingMethodAccessorImpl.java:43)
	at java.lang.reflect.Method.invoke(Method.java:601)
	at org.apache.maven.surefire.booter.SurefireBooter.runSuitesInProcess(SurefireBooter.java:345)
	at org.apache.maven.surefire.booter.SurefireBooter.main(SurefireBooter.java:1009)
Caused by: org.springframework.context.ApplicationContextException: Unable to start embedded container; nested exception is org.springframework.boot.context.embedded.EmbeddedServletContainerException: Unable to start embedded Tomcat
	at org.springframework.boot.context.embedded.EmbeddedWebApplicationContext.onRefresh(EmbeddedWebApplicationContext.java:135)
	at org.springframework.context.support.AbstractApplicationContext.refresh(AbstractApplicationContext.java:476)
	at org.springframework.boot.context.embedded.EmbeddedWebApplicationContext.refresh(EmbeddedWebApplicationContext.java:120)
	at org.springframework.boot.SpringApplication.refresh(SpringApplication.java:691)
	at org.springframework.boot.SpringApplication.run(SpringApplication.java:320)
	at org.springframework.boot.test.SpringApplicationContextLoader.loadContext(SpringApplicationContextLoader.java:107)
	at org.springframework.test.context.CacheAwareContextLoaderDelegate.loadContextInternal(CacheAwareContextLoaderDelegate.java:64)
	at org.springframework.test.context.CacheAwareContextLoaderDelegate.loadContext(CacheAwareContextLoaderDelegate.java:91)
	... 29 more
Caused by: org.springframework.boot.context.embedded.EmbeddedServletContainerException: Unable to start embedded Tomcat
	at org.springframework.boot.context.embedded.tomcat.TomcatEmbeddedServletContainer.initialize(TomcatEmbeddedServletContainer.java:100)
	at org.springframework.boot.context.embedded.tomcat.TomcatEmbeddedServletContainer.&lt;init&gt;(TomcatEmbeddedServletContainer.java:74)
	at org.springframework.boot.context.embedded.tomcat.TomcatEmbeddedServletContainerFactory.getTomcatEmbeddedServletContainer(TomcatEmbeddedServletContainerFactory.java:289)
	at org.springframework.boot.context.embedded.tomcat.TomcatEmbeddedServletContainerFactory.getEmbeddedServletContainer(TomcatEmbeddedServletContainerFactory.java:146)
	at org.springframework.boot.context.embedded.EmbeddedWebApplicationContext.createEmbeddedServletContainer(EmbeddedWebApplicationContext.java:159)
	at org.springframework.boot.context.embedded.EmbeddedWebApplicationContext.onRefresh(EmbeddedWebApplicationContext.java:132)
	... 36 more
Caused by: org.springframework.beans.factory.BeanCreationException: Error creating bean with name &apos;org.springframework.security.config.annotation.web.configuration.WebSecurityConfiguration&apos;: Injection of autowired dependencies failed; nested exception is org.springframework.beans.factory.BeanCreationException: Could not autowire method: public void org.springframework.security.config.annotation.web.configuration.WebSecurityConfiguration.setFilterChainProxySecurityConfigurer(org.springframework.security.config.annotation.ObjectPostProcessor,java.util.List) throws java.lang.Exception; nested exception is org.springframework.beans.factory.BeanExpressionException: Expression parsing failed; nested exception is org.springframework.beans.factory.BeanCreationException: Error creating bean with name &apos;securityConfig&apos;: Injection of autowired dependencies failed; nested exception is org.springframework.beans.factory.BeanCreationException: Could not autowire method: public void org.springframework.security.config.annotation.web.configuration.WebSecurityConfigurerAdapter.setContentNegotationStrategy(org.springframework.web.accept.ContentNegotiationStrategy); nested exception is org.springframework.beans.factory.BeanCreationException: Error creating bean with name &apos;org.springframework.web.servlet.config.annotation.DelegatingWebMvcConfiguration&apos;: Injection of autowired dependencies failed; nested exception is org.springframework.beans.factory.BeanCreationException: Could not autowire method: public void org.springframework.web.servlet.config.annotation.DelegatingWebMvcConfiguration.setConfigurers(java.util.List); nested exception is org.springframework.beans.factory.BeanCreationException: Error creating bean with name &apos;apiConfig&apos; defined in URL [jar:file:/C:/workspaces/denv/denv-server/target/denv-server-0.1.0.jar!/org/ssoup/denv/server/api/ApiConfig.class]: Instantiation of bean failed; nested exception is org.springframework.beans.BeanInstantiationException: Could not instantiate bean class [org.ssoup.denv.server.api.ApiConfig$$EnhancerBySpringCGLIB$$10719c70]: No default constructor found; nested exception is java.lang.NoSuchMethodException: org.ssoup.denv.server.api.ApiConfig$$EnhancerBySpringCGLIB$$10719c70.&lt;init&gt;()
	at org.springframework.beans.factory.annotation.AutowiredAnnotationBeanPostProcessor.postProcessPropertyValues(AutowiredAnnotationBeanPostProcessor.java:292)
	at org.springframework.beans.factory.support.AbstractAutowireCapableBeanFactory.populateBean(AbstractAutowireCapableBeanFactory.java:1185)
	at org.springframework.beans.factory.support.AbstractAutowireCapableBeanFactory.doCreateBean(AbstractAutowireCapableBeanFactory.java:537)
	at org.springframework.beans.factory.support.AbstractAutowireCapableBeanFactory.createBean(AbstractAutowireCapableBeanFactory.java:475)
	at org.springframework.beans.factory.support.AbstractBeanFactory$1.getObject(AbstractBeanFactory.java:302)
	at org.springframework.beans.factory.support.DefaultSingletonBeanRegistry.getSingleton(DefaultSingletonBeanRegistry.java:228)
	at org.springframework.beans.factory.support.AbstractBeanFactory.doGetBean(AbstractBeanFactory.java:298)
	at org.springframework.beans.factory.support.AbstractBeanFactory.getBean(AbstractBeanFactory.java:193)
	at org.springframework.beans.factory.support.ConstructorResolver.instantiateUsingFactoryMethod(ConstructorResolver.java:370)
	at org.springframework.beans.factory.support.AbstractAutowireCapableBeanFactory.instantiateUsingFactoryMethod(AbstractAutowireCapableBeanFactory.java:1094)
	at org.springframework.beans.factory.support.AbstractAutowireCapableBeanFactory.createBeanInstance(AbstractAutowireCapableBeanFactory.java:989)
	at org.springframework.beans.factory.support.AbstractAutowireCapableBeanFactory.doCreateBean(AbstractAutowireCapableBeanFactory.java:504)
	at org.springframework.beans.factory.support.AbstractAutowireCapableBeanFactory.createBean(AbstractAutowireCapableBeanFactory.java:475)
	at org.springframework.beans.factory.support.AbstractBeanFactory$1.getObject(AbstractBeanFactory.java:302)
	at org.springframework.beans.factory.support.DefaultSingletonBeanRegistry.getSingleton(DefaultSingletonBeanRegistry.java:228)
	at org.springframework.beans.factory.support.AbstractBeanFactory.doGetBean(AbstractBeanFactory.java:298)
	at org.springframework.beans.factory.support.AbstractBeanFactory.getBean(AbstractBeanFactory.java:198)
	at org.springframework.boot.context.embedded.EmbeddedWebApplicationContext.getOrderedBeansOfType(EmbeddedWebApplicationContext.java:367)
	at org.springframework.boot.context.embedded.EmbeddedWebApplicationContext.getServletContextInitializerBeans(EmbeddedWebApplicationContext.java:268)
	at org.springframework.boot.context.embedded.EmbeddedWebApplicationContext$1.onStartup(EmbeddedWebApplicationContext.java:213)
	at org.springframework.boot.context.embedded.tomcat.ServletContextInitializerLifecycleListener.lifecycleEvent(ServletContextInitializerLifecycleListener.java:64)
	at org.apache.catalina.util.LifecycleSupport.fireLifecycleEvent(LifecycleSupport.java:117)
	at org.apache.catalina.util.LifecycleBase.fireLifecycleEvent(LifecycleBase.java:90)
	at org.apache.catalina.core.StandardContext.startInternal(StandardContext.java:5355)
	at org.apache.catalina.util.LifecycleBase.start(LifecycleBase.java:150)
	at org.apache.catalina.core.ContainerBase$StartChild.call(ContainerBase.java:1559)
	at org.apache.catalina.core.ContainerBase$StartChild.call(ContainerBase.java:1549)
	at java.util.concurrent.FutureTask$Sync.innerRun(FutureTask.java:334)
	at java.util.concurrent.FutureTask.run(FutureTask.java:166)
	at java.util.concurrent.ThreadPoolExecutor.runWorker(ThreadPoolExecutor.java:1145)
	at java.util.concurrent.ThreadPoolExecutor$Worker.run(ThreadPoolExecutor.java:615)
	at java.lang.Thread.run(Thread.java:722)
Caused by: org.springframework.beans.factory.BeanCreationException: Could not autowire method: public void org.springframework.security.config.annotation.web.configuration.WebSecurityConfiguration.setFilterChainProxySecurityConfigurer(org.springframework.security.config.annotation.ObjectPostProcessor,java.util.List) throws java.lang.Exception; nested exception is org.springframework.beans.factory.BeanExpressionException: Expression parsing failed; nested exception is org.springframework.beans.factory.BeanCreationException: Error creating bean with name &apos;securityConfig&apos;: Injection of autowired dependencies failed; nested exception is org.springframework.beans.factory.BeanCreationException: Could not autowire method: public void org.springframework.security.config.annotation.web.configuration.WebSecurityConfigurerAdapter.setContentNegotationStrategy(org.springframework.web.accept.ContentNegotiationStrategy); nested exception is org.springframework.beans.factory.BeanCreationException: Error creating bean with name &apos;org.springframework.web.servlet.config.annotation.DelegatingWebMvcConfiguration&apos;: Injection of autowired dependencies failed; nested exception is org.springframework.beans.factory.BeanCreationException: Could not autowire method: public void org.springframework.web.servlet.config.annotation.DelegatingWebMvcConfiguration.setConfigurers(java.util.List); nested exception is org.springframework.beans.factory.BeanCreationException: Error creating bean with name &apos;apiConfig&apos; defined in URL [jar:file:/C:/workspaces/denv/denv-server/target/denv-server-0.1.0.jar!/org/ssoup/denv/server/api/ApiConfig.class]: Instantiation of bean failed; nested exception is org.springframework.beans.BeanInstantiationException: Could not instantiate bean class [org.ssoup.denv.server.api.ApiConfig$$EnhancerBySpringCGLIB$$10719c70]: No default constructor found; nested exception is java.lang.NoSuchMethodException: org.ssoup.denv.server.api.ApiConfig$$EnhancerBySpringCGLIB$$10719c70.&lt;init&gt;()
	at org.springframework.beans.factory.annotation.AutowiredAnnotationBeanPostProcessor$AutowiredMethodElement.inject(AutowiredAnnotationBeanPostProcessor.java:596)
	at org.springframework.beans.factory.annotation.InjectionMetadata.inject(InjectionMetadata.java:87)
	at org.springframework.beans.factory.annotation.AutowiredAnnotationBeanPostProcessor.postProcessPropertyValues(AutowiredAnnotationBeanPostProcessor.java:289)
	... 31 more
Caused by: org.springframework.beans.factory.BeanExpressionException: Expression parsing failed; nested exception is org.springframework.beans.factory.BeanCreationException: Error creating bean with name &apos;securityConfig&apos;: Injection of autowired dependencies failed; nested exception is org.springframework.beans.factory.BeanCreationException: Could not autowire method: public void org.springframework.security.config.annotation.web.configuration.WebSecurityConfigurerAdapter.setContentNegotationStrategy(org.springframework.web.accept.ContentNegotiationStrategy); nested exception is org.springframework.beans.factory.BeanCreationException: Error creating bean with name &apos;org.springframework.web.servlet.config.annotation.DelegatingWebMvcConfiguration&apos;: Injection of autowired dependencies failed; nested exception is org.springframework.beans.factory.BeanCreationException: Could not autowire method: public void org.springframework.web.servlet.config.annotation.DelegatingWebMvcConfiguration.setConfigurers(java.util.List); nested exception is org.springframework.beans.factory.BeanCreationException: Error creating bean with name &apos;apiConfig&apos; defined in URL [jar:file:/C:/workspaces/denv/denv-server/target/denv-server-0.1.0.jar!/org/ssoup/denv/server/api/ApiConfig.class]: Instantiation of bean failed; nested exception is org.springframework.beans.BeanInstantiationException: Could not instantiate bean class [org.ssoup.denv.server.api.ApiConfig$$EnhancerBySpringCGLIB$$10719c70]: No default constructor found; nested exception is java.lang.NoSuchMethodException: org.ssoup.denv.server.api.ApiConfig$$EnhancerBySpringCGLIB$$10719c70.&lt;init&gt;()
	at org.springframework.context.expression.StandardBeanExpressionResolver.evaluate(StandardBeanExpressionResolver.java:146)
	at org.springframework.beans.factory.support.AbstractBeanFactory.evaluateBeanDefinitionString(AbstractBeanFactory.java:1362)
	at org.springframework.beans.factory.support.DefaultListableBeanFactory.doResolveDependency(DefaultListableBeanFactory.java:873)
	at org.springframework.beans.factory.support.DefaultListableBeanFactory.resolveDependency(DefaultListableBeanFactory.java:858)
	at org.springframework.beans.factory.annotation.AutowiredAnnotationBeanPostProcessor$AutowiredMethodElement.inject(AutowiredAnnotationBeanPostProcessor.java:553)
	... 33 more
Caused by: org.springframework.beans.factory.BeanCreationException: Error creating bean with name &apos;securityConfig&apos;: Injection of autowired dependencies failed; nested exception is org.springframework.beans.factory.BeanCreationException: Could not autowire method: public void org.springframework.security.config.annotation.web.configuration.WebSecurityConfigurerAdapter.setContentNegotationStrategy(org.springframework.web.accept.ContentNegotiationStrategy); nested exception is org.springframework.beans.factory.BeanCreationException: Error creating bean with name &apos;org.springframework.web.servlet.config.annotation.DelegatingWebMvcConfiguration&apos;: Injection of autowired dependencies failed; nested exception is org.springframework.beans.factory.BeanCreationException: Could not autowire method: public void org.springframework.web.servlet.config.annotation.DelegatingWebMvcConfiguration.setConfigurers(java.util.List); nested exception is org.springframework.beans.factory.BeanCreationException: Error creating bean with name &apos;apiConfig&apos; defined in URL [jar:file:/C:/workspaces/denv/denv-server/target/denv-server-0.1.0.jar!/org/ssoup/denv/server/api/ApiConfig.class]: Instantiation of bean failed; nested exception is org.springframework.beans.BeanInstantiationException: Could not instantiate bean class [org.ssoup.denv.server.api.ApiConfig$$EnhancerBySpringCGLIB$$10719c70]: No default constructor found; nested exception is java.lang.NoSuchMethodException: org.ssoup.denv.server.api.ApiConfig$$EnhancerBySpringCGLIB$$10719c70.&lt;init&gt;()
	at org.springframework.beans.factory.annotation.AutowiredAnnotationBeanPostProcessor.postProcessPropertyValues(AutowiredAnnotationBeanPostProcessor.java:292)
	at org.springframework.beans.factory.support.AbstractAutowireCapableBeanFactory.populateBean(AbstractAutowireCapableBeanFactory.java:1185)
	at org.springframework.beans.factory.support.AbstractAutowireCapableBeanFactory.doCreateBean(AbstractAutowireCapableBeanFactory.java:537)
	at org.springframework.beans.factory.support.AbstractAutowireCapableBeanFactory.createBean(AbstractAutowireCapableBeanFactory.java:475)
	at org.springframework.beans.factory.support.AbstractBeanFactory$1.getObject(AbstractBeanFactory.java:302)
	at org.springframework.beans.factory.support.DefaultSingletonBeanRegistry.getSingleton(DefaultSingletonBeanRegistry.java:228)
	at org.springframework.beans.factory.support.AbstractBeanFactory.doGetBean(AbstractBeanFactory.java:298)
	at org.springframework.beans.factory.support.AbstractBeanFactory.getBean(AbstractBeanFactory.java:198)
	at org.springframework.beans.factory.support.DefaultListableBeanFactory.getBeansOfType(DefaultListableBeanFactory.java:470)
	at org.springframework.beans.factory.support.DefaultListableBeanFactory.getBeansOfType(DefaultListableBeanFactory.java:459)
	at org.springframework.security.config.annotation.web.configuration.AutowiredWebSecurityConfigurersIgnoreParents.getWebSecurityConfigurers(AutowiredWebSecurityConfigurersIgnoreParents.java:52)
	at sun.reflect.NativeMethodAccessorImpl.invoke0(Native Method)
	at sun.reflect.NativeMethodAccessorImpl.invoke(NativeMethodAccessorImpl.java:57)
	at sun.reflect.DelegatingMethodAccessorImpl.invoke(DelegatingMethodAccessorImpl.java:43)
	at java.lang.reflect.Method.invoke(Method.java:601)
	at org.springframework.expression.spel.support.ReflectiveMethodExecutor.execute(ReflectiveMethodExecutor.java:63)
	at org.springframework.expression.spel.ast.MethodReference.getValueInternal(MethodReference.java:122)
	at org.springframework.expression.spel.ast.MethodReference.access$000(MethodReference.java:44)
	at org.springframework.expression.spel.ast.MethodReference$MethodValueRef.getValue(MethodReference.java:258)
	at org.springframework.expression.spel.ast.CompoundExpression.getValueInternal(CompoundExpression.java:84)
	at org.springframework.expression.spel.ast.SpelNodeImpl.getValue(SpelNodeImpl.java:103)
	at org.springframework.expression.spel.standard.SpelExpression.getValue(SpelExpression.java:94)
	at org.springframework.context.expression.StandardBeanExpressionResolver.evaluate(StandardBeanExpressionResolver.java:143)
	... 37 more
Caused by: org.springframework.beans.factory.BeanCreationException: Could not autowire method: public void org.springframework.security.config.annotation.web.configuration.WebSecurityConfigurerAdapter.setContentNegotationStrategy(org.springframework.web.accept.ContentNegotiationStrategy); nested exception is org.springframework.beans.factory.BeanCreationException: Error creating bean with name &apos;org.springframework.web.servlet.config.annotation.DelegatingWebMvcConfiguration&apos;: Injection of autowired dependencies failed; nested exception is org.springframework.beans.factory.BeanCreationException: Could not autowire method: public void org.springframework.web.servlet.config.annotation.DelegatingWebMvcConfiguration.setConfigurers(java.util.List); nested exception is org.springframework.beans.factory.BeanCreationException: Error creating bean with name &apos;apiConfig&apos; defined in URL [jar:file:/C:/workspaces/denv/denv-server/target/denv-server-0.1.0.jar!/org/ssoup/denv/server/api/ApiConfig.class]: Instantiation of bean failed; nested exception is org.springframework.beans.BeanInstantiationException: Could not instantiate bean class [org.ssoup.denv.server.api.ApiConfig$$EnhancerBySpringCGLIB$$10719c70]: No default constructor found; nested exception is java.lang.NoSuchMethodException: org.ssoup.denv.server.api.ApiConfig$$EnhancerBySpringCGLIB$$10719c70.&lt;init&gt;()
	at org.springframework.beans.factory.annotation.AutowiredAnnotationBeanPostProcessor$AutowiredMethodElement.inject(AutowiredAnnotationBeanPostProcessor.java:596)
	at org.springframework.beans.factory.annotation.InjectionMetadata.inject(InjectionMetadata.java:87)
	at org.springframework.beans.factory.annotation.AutowiredAnnotationBeanPostProcessor.postProcessPropertyValues(AutowiredAnnotationBeanPostProcessor.java:289)
	... 59 more
Caused by: org.springframework.beans.factory.BeanCreationException: Error creating bean with name &apos;org.springframework.web.servlet.config.annotation.DelegatingWebMvcConfiguration&apos;: Injection of autowired dependencies failed; nested exception is org.springframework.beans.factory.BeanCreationException: Could not autowire method: public void org.springframework.web.servlet.config.annotation.DelegatingWebMvcConfiguration.setConfigurers(java.util.List); nested exception is org.springframework.beans.factory.BeanCreationException: Error creating bean with name &apos;apiConfig&apos; defined in URL [jar:file:/C:/workspaces/denv/denv-server/target/denv-server-0.1.0.jar!/org/ssoup/denv/server/api/ApiConfig.class]: Instantiation of bean failed; nested exception is org.springframework.beans.BeanInstantiationException: Could not instantiate bean class [org.ssoup.denv.server.api.ApiConfig$$EnhancerBySpringCGLIB$$10719c70]: No default constructor found; nested exception is java.lang.NoSuchMethodException: org.ssoup.denv.server.api.ApiConfig$$EnhancerBySpringCGLIB$$10719c70.&lt;init&gt;()
	at org.springframework.beans.factory.annotation.AutowiredAnnotationBeanPostProcessor.postProcessPropertyValues(AutowiredAnnotationBeanPostProcessor.java:292)
	at org.springframework.beans.factory.support.AbstractAutowireCapableBeanFactory.populateBean(AbstractAutowireCapableBeanFactory.java:1185)
	at org.springframework.beans.factory.support.AbstractAutowireCapableBeanFactory.doCreateBean(AbstractAutowireCapableBeanFactory.java:537)
	at org.springframework.beans.factory.support.AbstractAutowireCapableBeanFactory.createBean(AbstractAutowireCapableBeanFactory.java:475)
	at org.springframework.beans.factory.support.AbstractBeanFactory$1.getObject(AbstractBeanFactory.java:302)
	at org.springframework.beans.factory.support.DefaultSingletonBeanRegistry.getSingleton(DefaultSingletonBeanRegistry.java:228)
	at org.springframework.beans.factory.support.AbstractBeanFactory.doGetBean(AbstractBeanFactory.java:298)
	at org.springframework.beans.factory.support.AbstractBeanFactory.getBean(AbstractBeanFactory.java:193)
	at org.springframework.beans.factory.support.ConstructorResolver.instantiateUsingFactoryMethod(ConstructorResolver.java:370)
	at org.springframework.beans.factory.support.AbstractAutowireCapableBeanFactory.instantiateUsingFactoryMethod(AbstractAutowireCapableBeanFactory.java:1094)
	at org.springframework.beans.factory.support.AbstractAutowireCapableBeanFactory.createBeanInstance(AbstractAutowireCapableBeanFactory.java:989)
	at org.springframework.beans.factory.support.AbstractAutowireCapableBeanFactory.doCreateBean(AbstractAutowireCapableBeanFactory.java:504)
	at org.springframework.beans.factory.support.AbstractAutowireCapableBeanFactory.createBean(AbstractAutowireCapableBeanFactory.java:475)
	at org.springframework.beans.factory.support.AbstractBeanFactory$1.getObject(AbstractBeanFactory.java:302)
	at org.springframework.beans.factory.support.DefaultSingletonBeanRegistry.getSingleton(DefaultSingletonBeanRegistry.java:228)
	at org.springframework.beans.factory.support.AbstractBeanFactory.doGetBean(AbstractBeanFactory.java:298)
	at org.springframework.beans.factory.support.AbstractBeanFactory.getBean(AbstractBeanFactory.java:193)
	at org.springframework.beans.factory.support.DefaultListableBeanFactory.findAutowireCandidates(DefaultListableBeanFactory.java:1017)
	at org.springframework.beans.factory.support.DefaultListableBeanFactory.doResolveDependency(DefaultListableBeanFactory.java:960)
	at org.springframework.beans.factory.support.DefaultListableBeanFactory.resolveDependency(DefaultListableBeanFactory.java:858)
	at org.springframework.beans.factory.annotation.AutowiredAnnotationBeanPostProcessor$AutowiredMethodElement.inject(AutowiredAnnotationBeanPostProcessor.java:553)
	... 61 more
Caused by: org.springframework.beans.factory.BeanCreationException: Could not autowire method: public void org.springframework.web.servlet.config.annotation.DelegatingWebMvcConfiguration.setConfigurers(java.util.List); nested exception is org.springframework.beans.factory.BeanCreationException: Error creating bean with name &apos;apiConfig&apos; defined in URL [jar:file:/C:/workspaces/denv/denv-server/target/denv-server-0.1.0.jar!/org/ssoup/denv/server/api/ApiConfig.class]: Instantiation of bean failed; nested exception is org.springframework.beans.BeanInstantiationException: Could not instantiate bean class [org.ssoup.denv.server.api.ApiConfig$$EnhancerBySpringCGLIB$$10719c70]: No default constructor found; nested exception is java.lang.NoSuchMethodException: org.ssoup.denv.server.api.ApiConfig$$EnhancerBySpringCGLIB$$10719c70.&lt;init&gt;()
	at org.springframework.beans.factory.annotation.AutowiredAnnotationBeanPostProcessor$AutowiredMethodElement.inject(AutowiredAnnotationBeanPostProcessor.java:596)
	at org.springframework.beans.factory.annotation.InjectionMetadata.inject(InjectionMetadata.java:87)
	at org.springframework.beans.factory.annotation.AutowiredAnnotationBeanPostProcessor.postProcessPropertyValues(AutowiredAnnotationBeanPostProcessor.java:289)
	... 81 more
Caused by: org.springframework.beans.factory.BeanCreationException: Error creating bean with name &apos;apiConfig&apos; defined in URL [jar:file:/C:/workspaces/denv/denv-server/target/denv-server-0.1.0.jar!/org/ssoup/denv/server/api/ApiConfig.class]: Instantiation of bean failed; nested exception is org.springframework.beans.BeanInstantiationException: Could not instantiate bean class [org.ssoup.denv.server.api.ApiConfig$$EnhancerBySpringCGLIB$$10719c70]: No default constructor found; nested exception is java.lang.NoSuchMethodException: org.ssoup.denv.server.api.ApiConfig$$EnhancerBySpringCGLIB$$10719c70.&lt;init&gt;()
	at org.springframework.beans.factory.support.AbstractAutowireCapableBeanFactory.instantiateBean(AbstractAutowireCapableBeanFactory.java:1076)
	at org.springframework.beans.factory.support.AbstractAutowireCapableBeanFactory.createBeanInstance(AbstractAutowireCapableBeanFactory.java:1021)
	at org.springframework.beans.factory.support.AbstractAutowireCapableBeanFactory.doCreateBean(AbstractAutowireCapableBeanFactory.java:504)
	at org.springframework.beans.factory.support.AbstractAutowireCapableBeanFactory.createBean(AbstractAutowireCapableBeanFactory.java:475)
	at org.springframework.beans.factory.support.AbstractBeanFactory$1.getObject(AbstractBeanFactory.java:302)
	at org.springframework.beans.factory.support.DefaultSingletonBeanRegistry.getSingleton(DefaultSingletonBeanRegistry.java:228)
	at org.springframework.beans.factory.support.AbstractBeanFactory.doGetBean(AbstractBeanFactory.java:298)
	at org.springframework.beans.factory.support.AbstractBeanFactory.getBean(AbstractBeanFactory.java:193)
	at org.springframework.beans.factory.support.DefaultListableBeanFactory.findAutowireCandidates(DefaultListableBeanFactory.java:1017)
	at org.springframework.beans.factory.support.DefaultListableBeanFactory.doResolveDependency(DefaultListableBeanFactory.java:912)
	at org.springframework.beans.factory.support.DefaultListableBeanFactory.resolveDependency(DefaultListableBeanFactory.java:858)
	at org.springframework.beans.factory.annotation.AutowiredAnnotationBeanPostProcessor$AutowiredMethodElement.inject(AutowiredAnnotationBeanPostProcessor.java:553)
	... 83 more
Caused by: org.springframework.beans.BeanInstantiationException: Could not instantiate bean class [org.ssoup.denv.server.api.ApiConfig$$EnhancerBySpringCGLIB$$10719c70]: No default constructor found; nested exception is java.lang.NoSuchMethodException: org.ssoup.denv.server.api.ApiConfig$$EnhancerBySpringCGLIB$$10719c70.&lt;init&gt;()
	at org.springframework.beans.factory.support.SimpleInstantiationStrategy.instantiate(SimpleInstantiationStrategy.java:85)
	at org.springframework.beans.factory.support.AbstractAutowireCapableBeanFactory.instantiateBean(AbstractAutowireCapableBeanFactory.java:1069)
	... 94 more
Caused by: java.lang.NoSuchMethodException: org.ssoup.denv.server.api.ApiConfig$$EnhancerBySpringCGLIB$$10719c70.&lt;init&gt;()
	at java.lang.Class.getConstructor0(Class.java:2730)
	at java.lang.Class.getDeclaredConstructor(Class.java:2004)
	at org.springframework.beans.factory.support.SimpleInstantiationStrategy.instantiate(SimpleInstantiationStrategy.java:80)
	... 95 more
</error>
    <system-out>2014-08-28 16:58:33.449 DEBUG 9700 --- [           main] o.s.w.c.s.StandardServletEnvironment     : Adding [servletConfigInitParams] PropertySource with lowest search precedence
2014-08-28 16:58:33.450 DEBUG 9700 --- [           main] o.s.w.c.s.StandardServletEnvironment     : Adding [servletContextInitParams] PropertySource with lowest search precedence
2014-08-28 16:58:33.451 DEBUG 9700 --- [           main] o.s.w.c.s.StandardServletEnvironment     : Adding [jndiProperties] PropertySource with lowest search precedence
2014-08-28 16:58:33.452 DEBUG 9700 --- [           main] o.s.w.c.s.StandardServletEnvironment     : Adding [systemProperties] PropertySource with lowest search precedence
2014-08-28 16:58:33.453 DEBUG 9700 --- [           main] o.s.w.c.s.StandardServletEnvironment     : Adding [systemEnvironment] PropertySource with lowest search precedence
2014-08-28 16:58:33.454 DEBUG 9700 --- [           main] o.s.w.c.s.StandardServletEnvironment     : Initialized StandardServletEnvironment with PropertySources [servletConfigInitParams,servletContextInitParams,jndiProperties,systemProperties,systemEnvironment]
2014-08-28 16:58:33.455 DEBUG 9700 --- [           main] o.s.w.c.s.StandardServletEnvironment     : Adding [integrationTest] PropertySource with search precedence immediately lower than [systemEnvironment]

  .   ____          _            __ _ _
 /\\ / ___&apos;_ __ _ _(_)_ __  __ _ \ \ \ \
( ( )\___ | &apos;_ | &apos;_| | &apos;_ \/ _` | \ \ \ \
 \\/  ___)| |_)| | | | | || (_| |  ) ) ) )
  &apos;  |____| .__|_| |_|_| |_\__, | / / / /
 =========|_|==============|___/=/_/_/_/
 :: Spring Boot ::        (v1.1.4.RELEASE)

2014-08-28 16:58:33.642 DEBUG 9700 --- [           main] o.s.w.c.s.StandardServletEnvironment     : Adding [servletConfigInitParams] PropertySource with lowest search precedence
2014-08-28 16:58:33.644 DEBUG 9700 --- [           main] o.s.w.c.s.StandardServletEnvironment     : Adding [servletContextInitParams] PropertySource with lowest search precedence
2014-08-28 16:58:33.646 DEBUG 9700 --- [           main] o.s.w.c.s.StandardServletEnvironment     : Adding [jndiProperties] PropertySource with lowest search precedence
2014-08-28 16:58:33.646 DEBUG 9700 --- [           main] o.s.w.c.s.StandardServletEnvironment     : Adding [systemProperties] PropertySource with lowest search precedence
2014-08-28 16:58:33.646 DEBUG 9700 --- [           main] o.s.w.c.s.StandardServletEnvironment     : Adding [systemEnvironment] PropertySource with lowest search precedence
2014-08-28 16:58:33.647 DEBUG 9700 --- [           main] o.s.w.c.s.StandardServletEnvironment     : Initialized StandardServletEnvironment with PropertySources [servletConfigInitParams,servletContextInitParams,jndiProperties,systemProperties,systemEnvironment]
2014-08-28 16:58:33.653  INFO 9700 --- [           main] o.a.m.surefire.booter.SurefireBooter     : Starting SurefireBooter v2.4.3 on Alderai with PID 9700 (C:\Users\ALB\.m2\repository\org\apache\maven\surefire\surefire-booter\2.4.3\surefire-booter-2.4.3.jar started by ALB in C:\workspaces\denv\denv-server-integration-test)
2014-08-28 16:58:33.663  INFO 9700 --- [           main] ationConfigEmbeddedWebApplicationContext : Refreshing org.springframework.boot.context.embedded.AnnotationConfigEmbeddedWebApplicationContext@26d9ab87: startup date [Thu Aug 28 16:58:33 CEST 2014]; root of context hierarchy
2014-08-28 16:58:33.950 DEBUG 9700 --- [           main] o.s.w.c.s.StandardServletEnvironment     : Adding [class path resource [application.properties]] PropertySource with lowest search precedence
2014-08-28 16:58:33.988  INFO 9700 --- [           main] o.s.b.f.s.DefaultListableBeanFactory     : Overriding bean definition for bean &apos;beanNameViewResolver&apos;: replacing [Root bean: class [null]; scope=; abstract=false; lazyInit=false; autowireMode=3; dependencyCheck=0; autowireCandidate=true; primary=false; factoryBeanName=org.springframework.boot.autoconfigure.web.ErrorMvcAutoConfiguration$WhitelabelErrorViewConfiguration; factoryMethodName=beanNameViewResolver; initMethodName=null; destroyMethodName=(inferred); defined in class path resource [org/springframework/boot/autoconfigure/web/ErrorMvcAutoConfiguration$WhitelabelErrorViewConfiguration.class]] with [Root bean: class [null]; scope=; abstract=false; lazyInit=false; autowireMode=3; dependencyCheck=0; autowireCandidate=true; primary=false; factoryBeanName=org.springframework.boot.autoconfigure.web.WebMvcAutoConfiguration$WebMvcAutoConfigurationAdapter; factoryMethodName=beanNameViewResolver; initMethodName=null; destroyMethodName=(inferred); defined in class path resource [org/springframework/boot/autoconfigure/web/WebMvcAutoConfiguration$WebMvcAutoConfigurationAdapter.class]]
2014-08-28 16:58:34.170 DEBUG 9700 --- [           main] o.s.w.c.s.StandardServletEnvironment     : Adding [applicationConfig: [classpath:/application.properties]] PropertySource with search precedence immediately lower than [applicationConfigurationProperties]
2014-08-28 16:58:34.171 DEBUG 9700 --- [           main] o.s.w.c.s.StandardServletEnvironment     : Removing [applicationConfigurationProperties] PropertySource
2014-08-28 16:58:34.171 DEBUG 9700 --- [           main] o.s.w.c.s.StandardServletEnvironment     : Removing [defaultProperties] PropertySource
2014-08-28 16:58:34.189  INFO 9700 --- [           main] f.a.AutowiredAnnotationBeanPostProcessor : JSR-330 &apos;javax.inject.Inject&apos; annotation found and supported for autowiring
2014-08-28 16:58:34.310  INFO 9700 --- [           main] .t.TomcatEmbeddedServletContainerFactory : Server initialized with port: 8080
2014-08-28 16:58:34.312  INFO 9700 --- [           main] o.apache.catalina.core.StandardService   : Starting service Tomcat
2014-08-28 16:58:34.314  INFO 9700 --- [           main] org.apache.catalina.core.StandardEngine  : Starting Servlet Engine: Apache Tomcat/7.0.54
2014-08-28 16:58:34.326  INFO 9700 --- [ost-startStop-1] o.a.c.c.C.[Tomcat-2].[localhost].[/]     : Initializing Spring embedded WebApplicationContext
2014-08-28 16:58:34.327 DEBUG 9700 --- [ost-startStop-1] o.s.web.context.ContextLoader            : Published root WebApplicationContext as ServletContext attribute with name [org.springframework.web.context.WebApplicationContext.ROOT]
2014-08-28 16:58:34.327  INFO 9700 --- [ost-startStop-1] o.s.web.context.ContextLoader            : Root WebApplicationContext: initialization completed in 665 ms
2014-08-28 16:58:34.428 ERROR 9700 --- [ost-startStop-1] rvletContextInitializerLifecycleListener : Error starting Tomcat context: org.springframework.beans.factory.BeanCreationException
2014-08-28 16:58:34.436  INFO 9700 --- [           main] .b.l.ClasspathLoggingApplicationListener : Application failed to start with classpath: [file:/C:/Users/ALB/AppData/Local/Temp/surefirebooter6941556018687466244.jar]
2014-08-28 16:58:34.444 ERROR 9700 --- [           main] o.s.boot.SpringApplication               : Application startup failed

org.springframework.context.ApplicationContextException: Unable to start embedded container; nested exception is org.springframework.boot.context.embedded.EmbeddedServletContainerException: Unable to start embedded Tomcat
	at org.springframework.boot.context.embedded.EmbeddedWebApplicationContext.onRefresh(EmbeddedWebApplicationContext.java:135)
	at org.springframework.context.support.AbstractApplicationContext.refresh(AbstractApplicationContext.java:476)
	at org.springframework.boot.context.embedded.EmbeddedWebApplicationContext.refresh(EmbeddedWebApplicationContext.java:120)
	at org.springframework.boot.SpringApplication.refresh(SpringApplication.java:691)
	at org.springframework.boot.SpringApplication.run(SpringApplication.java:320)
	at org.springframework.boot.test.SpringApplicationContextLoader.loadContext(SpringApplicationContextLoader.java:107)
	at org.springframework.test.context.CacheAwareContextLoaderDelegate.loadContextInternal(CacheAwareContextLoaderDelegate.java:64)
	at org.springframework.test.context.CacheAwareContextLoaderDelegate.loadContext(CacheAwareContextLoaderDelegate.java:91)
	at org.springframework.test.context.DefaultTestContext.getApplicationContext(DefaultTestContext.java:101)
	at org.springframework.test.context.support.DependencyInjectionTestExecutionListener.injectDependencies(DependencyInjectionTestExecutionListener.java:109)
	at org.springframework.test.context.support.DependencyInjectionTestExecutionListener.prepareTestInstance(DependencyInjectionTestExecutionListener.java:75)
	at org.springframework.test.context.TestContextManager.prepareTestInstance(TestContextManager.java:331)
	at org.springframework.test.context.junit4.SpringJUnit4ClassRunner.createTest(SpringJUnit4ClassRunner.java:213)
	at org.springframework.test.context.junit4.SpringJUnit4ClassRunner$1.runReflectiveCall(SpringJUnit4ClassRunner.java:290)
	at org.junit.internal.runners.model.ReflectiveCallable.run(ReflectiveCallable.java:12)
	at org.springframework.test.context.junit4.SpringJUnit4ClassRunner.methodBlock(SpringJUnit4ClassRunner.java:292)
	at org.springframework.test.context.junit4.SpringJUnit4ClassRunner.runChild(SpringJUnit4ClassRunner.java:233)
	at org.springframework.test.context.junit4.SpringJUnit4ClassRunner.runChild(SpringJUnit4ClassRunner.java:87)
	at org.junit.runners.ParentRunner$3.run(ParentRunner.java:238)
	at org.junit.runners.ParentRunner$1.schedule(ParentRunner.java:63)
	at org.junit.runners.ParentRunner.runChildren(ParentRunner.java:236)
	at org.junit.runners.ParentRunner.access$000(ParentRunner.java:53)
	at org.junit.runners.ParentRunner$2.evaluate(ParentRunner.java:229)
	at org.springframework.test.context.junit4.statements.RunBeforeTestClassCallbacks.evaluate(RunBeforeTestClassCallbacks.java:61)
	at org.springframework.test.context.junit4.statements.RunAfterTestClassCallbacks.evaluate(RunAfterTestClassCallbacks.java:71)
	at org.junit.runners.ParentRunner.run(ParentRunner.java:309)
	at org.springframework.test.context.junit4.SpringJUnit4ClassRunner.run(SpringJUnit4ClassRunner.java:176)
	at org.apache.maven.surefire.junit4.JUnit4TestSet.execute(JUnit4TestSet.java:62)
	at org.apache.maven.surefire.suite.AbstractDirectoryTestSuite.executeTestSet(AbstractDirectoryTestSuite.java:140)
	at org.apache.maven.surefire.suite.AbstractDirectoryTestSuite.execute(AbstractDirectoryTestSuite.java:127)
	at org.apache.maven.surefire.Surefire.run(Surefire.java:177)
	at sun.reflect.NativeMethodAccessorImpl.invoke0(Native Method)
	at sun.reflect.NativeMethodAccessorImpl.invoke(NativeMethodAccessorImpl.java:57)
	at sun.reflect.DelegatingMethodAccessorImpl.invoke(DelegatingMethodAccessorImpl.java:43)
	at java.lang.reflect.Method.invoke(Method.java:601)
	at org.apache.maven.surefire.booter.SurefireBooter.runSuitesInProcess(SurefireBooter.java:345)
	at org.apache.maven.surefire.booter.SurefireBooter.main(SurefireBooter.java:1009)
Caused by: org.springframework.boot.context.embedded.EmbeddedServletContainerException: Unable to start embedded Tomcat
	at org.springframework.boot.context.embedded.tomcat.TomcatEmbeddedServletContainer.initialize(TomcatEmbeddedServletContainer.java:100)
	at org.springframework.boot.context.embedded.tomcat.TomcatEmbeddedServletContainer.&lt;init&gt;(TomcatEmbeddedServletContainer.java:74)
	at org.springframework.boot.context.embedded.tomcat.TomcatEmbeddedServletContainerFactory.getTomcatEmbeddedServletContainer(TomcatEmbeddedServletContainerFactory.java:289)
	at org.springframework.boot.context.embedded.tomcat.TomcatEmbeddedServletContainerFactory.getEmbeddedServletContainer(TomcatEmbeddedServletContainerFactory.java:146)
	at org.springframework.boot.context.embedded.EmbeddedWebApplicationContext.createEmbeddedServletContainer(EmbeddedWebApplicationContext.java:159)
	at org.springframework.boot.context.embedded.EmbeddedWebApplicationContext.onRefresh(EmbeddedWebApplicationContext.java:132)
	... 36 common frames omitted
Caused by: org.springframework.beans.factory.BeanCreationException: Error creating bean with name &apos;org.springframework.security.config.annotation.web.configuration.WebSecurityConfiguration&apos;: Injection of autowired dependencies failed; nested exception is org.springframework.beans.factory.BeanCreationException: Could not autowire method: public void org.springframework.security.config.annotation.web.configuration.WebSecurityConfiguration.setFilterChainProxySecurityConfigurer(org.springframework.security.config.annotation.ObjectPostProcessor,java.util.List) throws java.lang.Exception; nested exception is org.springframework.beans.factory.BeanExpressionException: Expression parsing failed; nested exception is org.springframework.beans.factory.BeanCreationException: Error creating bean with name &apos;securityConfig&apos;: Injection of autowired dependencies failed; nested exception is org.springframework.beans.factory.BeanCreationException: Could not autowire method: public void org.springframework.security.config.annotation.web.configuration.WebSecurityConfigurerAdapter.setContentNegotationStrategy(org.springframework.web.accept.ContentNegotiationStrategy); nested exception is org.springframework.beans.factory.BeanCreationException: Error creating bean with name &apos;org.springframework.web.servlet.config.annotation.DelegatingWebMvcConfiguration&apos;: Injection of autowired dependencies failed; nested exception is org.springframework.beans.factory.BeanCreationException: Could not autowire method: public void org.springframework.web.servlet.config.annotation.DelegatingWebMvcConfiguration.setConfigurers(java.util.List); nested exception is org.springframework.beans.factory.BeanCreationException: Error creating bean with name &apos;apiConfig&apos; defined in URL [jar:file:/C:/workspaces/denv/denv-server/target/denv-server-0.1.0.jar!/org/ssoup/denv/server/api/ApiConfig.class]: Instantiation of bean failed; nested exception is org.springframework.beans.BeanInstantiationException: Could not instantiate bean class [org.ssoup.denv.server.api.ApiConfig$$EnhancerBySpringCGLIB$$10719c70]: No default constructor found; nested exception is java.lang.NoSuchMethodException: org.ssoup.denv.server.api.ApiConfig$$EnhancerBySpringCGLIB$$10719c70.&lt;init&gt;()
	at org.springframework.beans.factory.annotation.AutowiredAnnotationBeanPostProcessor.postProcessPropertyValues(AutowiredAnnotationBeanPostProcessor.java:292)
	at org.springframework.beans.factory.support.AbstractAutowireCapableBeanFactory.populateBean(AbstractAutowireCapableBeanFactory.java:1185)
	at org.springframework.beans.factory.support.AbstractAutowireCapableBeanFactory.doCreateBean(AbstractAutowireCapableBeanFactory.java:537)
	at org.springframework.beans.factory.support.AbstractAutowireCapableBeanFactory.createBean(AbstractAutowireCapableBeanFactory.java:475)
	at org.springframework.beans.factory.support.AbstractBeanFactory$1.getObject(AbstractBeanFactory.java:302)
	at org.springframework.beans.factory.support.DefaultSingletonBeanRegistry.getSingleton(DefaultSingletonBeanRegistry.java:228)
	at org.springframework.beans.factory.support.AbstractBeanFactory.doGetBean(AbstractBeanFactory.java:298)
	at org.springframework.beans.factory.support.AbstractBeanFactory.getBean(AbstractBeanFactory.java:193)
	at org.springframework.beans.factory.support.ConstructorResolver.instantiateUsingFactoryMethod(ConstructorResolver.java:370)
	at org.springframework.beans.factory.support.AbstractAutowireCapableBeanFactory.instantiateUsingFactoryMethod(AbstractAutowireCapableBeanFactory.java:1094)
	at org.springframework.beans.factory.support.AbstractAutowireCapableBeanFactory.createBeanInstance(AbstractAutowireCapableBeanFactory.java:989)
	at org.springframework.beans.factory.support.AbstractAutowireCapableBeanFactory.doCreateBean(AbstractAutowireCapableBeanFactory.java:504)
	at org.springframework.beans.factory.support.AbstractAutowireCapableBeanFactory.createBean(AbstractAutowireCapableBeanFactory.java:475)
	at org.springframework.beans.factory.support.AbstractBeanFactory$1.getObject(AbstractBeanFactory.java:302)
	at org.springframework.beans.factory.support.DefaultSingletonBeanRegistry.getSingleton(DefaultSingletonBeanRegistry.java:228)
	at org.springframework.beans.factory.support.AbstractBeanFactory.doGetBean(AbstractBeanFactory.java:298)
	at org.springframework.beans.factory.support.AbstractBeanFactory.getBean(AbstractBeanFactory.java:198)
	at org.springframework.boot.context.embedded.EmbeddedWebApplicationContext.getOrderedBeansOfType(EmbeddedWebApplicationContext.java:367)
	at org.springframework.boot.context.embedded.EmbeddedWebApplicationContext.getServletContextInitializerBeans(EmbeddedWebApplicationContext.java:268)
	at org.springframework.boot.context.embedded.EmbeddedWebApplicationContext$1.onStartup(EmbeddedWebApplicationContext.java:213)
	at org.springframework.boot.context.embedded.tomcat.ServletContextInitializerLifecycleListener.lifecycleEvent(ServletContextInitializerLifecycleListener.java:64)
	at org.apache.catalina.util.LifecycleSupport.fireLifecycleEvent(LifecycleSupport.java:117)
	at org.apache.catalina.util.LifecycleBase.fireLifecycleEvent(LifecycleBase.java:90)
	at org.apache.catalina.core.StandardContext.startInternal(StandardContext.java:5355)
	at org.apache.catalina.util.LifecycleBase.start(LifecycleBase.java:150)
	at org.apache.catalina.core.ContainerBase$StartChild.call(ContainerBase.java:1559)
	at org.apache.catalina.core.ContainerBase$StartChild.call(ContainerBase.java:1549)
	at java.util.concurrent.FutureTask$Sync.innerRun(FutureTask.java:334)
	at java.util.concurrent.FutureTask.run(FutureTask.java:166)
	at java.util.concurrent.ThreadPoolExecutor.runWorker(ThreadPoolExecutor.java:1145)
	at java.util.concurrent.ThreadPoolExecutor$Worker.run(ThreadPoolExecutor.java:615)
	at java.lang.Thread.run(Thread.java:722)
Caused by: org.springframework.beans.factory.BeanCreationException: Could not autowire method: public void org.springframework.security.config.annotation.web.configuration.WebSecurityConfiguration.setFilterChainProxySecurityConfigurer(org.springframework.security.config.annotation.ObjectPostProcessor,java.util.List) throws java.lang.Exception; nested exception is org.springframework.beans.factory.BeanExpressionException: Expression parsing failed; nested exception is org.springframework.beans.factory.BeanCreationException: Error creating bean with name &apos;securityConfig&apos;: Injection of autowired dependencies failed; nested exception is org.springframework.beans.factory.BeanCreationException: Could not autowire method: public void org.springframework.security.config.annotation.web.configuration.WebSecurityConfigurerAdapter.setContentNegotationStrategy(org.springframework.web.accept.ContentNegotiationStrategy); nested exception is org.springframework.beans.factory.BeanCreationException: Error creating bean with name &apos;org.springframework.web.servlet.config.annotation.DelegatingWebMvcConfiguration&apos;: Injection of autowired dependencies failed; nested exception is org.springframework.beans.factory.BeanCreationException: Could not autowire method: public void org.springframework.web.servlet.config.annotation.DelegatingWebMvcConfiguration.setConfigurers(java.util.List); nested exception is org.springframework.beans.factory.BeanCreationException: Error creating bean with name &apos;apiConfig&apos; defined in URL [jar:file:/C:/workspaces/denv/denv-server/target/denv-server-0.1.0.jar!/org/ssoup/denv/server/api/ApiConfig.class]: Instantiation of bean failed; nested exception is org.springframework.beans.BeanInstantiationException: Could not instantiate bean class [org.ssoup.denv.server.api.ApiConfig$$EnhancerBySpringCGLIB$$10719c70]: No default constructor found; nested exception is java.lang.NoSuchMethodException: org.ssoup.denv.server.api.ApiConfig$$EnhancerBySpringCGLIB$$10719c70.&lt;init&gt;()
	at org.springframework.beans.factory.annotation.AutowiredAnnotationBeanPostProcessor$AutowiredMethodElement.inject(AutowiredAnnotationBeanPostProcessor.java:596)
	at org.springframework.beans.factory.annotation.InjectionMetadata.inject(InjectionMetadata.java:87)
	at org.springframework.beans.factory.annotation.AutowiredAnnotationBeanPostProcessor.postProcessPropertyValues(AutowiredAnnotationBeanPostProcessor.java:289)
	... 31 common frames omitted
Caused by: org.springframework.beans.factory.BeanExpressionException: Expression parsing failed; nested exception is org.springframework.beans.factory.BeanCreationException: Error creating bean with name &apos;securityConfig&apos;: Injection of autowired dependencies failed; nested exception is org.springframework.beans.factory.BeanCreationException: Could not autowire method: public void org.springframework.security.config.annotation.web.configuration.WebSecurityConfigurerAdapter.setContentNegotationStrategy(org.springframework.web.accept.ContentNegotiationStrategy); nested exception is org.springframework.beans.factory.BeanCreationException: Error creating bean with name &apos;org.springframework.web.servlet.config.annotation.DelegatingWebMvcConfiguration&apos;: Injection of autowired dependencies failed; nested exception is org.springframework.beans.factory.BeanCreationException: Could not autowire method: public void org.springframework.web.servlet.config.annotation.DelegatingWebMvcConfiguration.setConfigurers(java.util.List); nested exception is org.springframework.beans.factory.BeanCreationException: Error creating bean with name &apos;apiConfig&apos; defined in URL [jar:file:/C:/workspaces/denv/denv-server/target/denv-server-0.1.0.jar!/org/ssoup/denv/server/api/ApiConfig.class]: Instantiation of bean failed; nested exception is org.springframework.beans.BeanInstantiationException: Could not instantiate bean class [org.ssoup.denv.server.api.ApiConfig$$EnhancerBySpringCGLIB$$10719c70]: No default constructor found; nested exception is java.lang.NoSuchMethodException: org.ssoup.denv.server.api.ApiConfig$$EnhancerBySpringCGLIB$$10719c70.&lt;init&gt;()
	at org.springframework.context.expression.StandardBeanExpressionResolver.evaluate(StandardBeanExpressionResolver.java:146)
	at org.springframework.beans.factory.support.AbstractBeanFactory.evaluateBeanDefinitionString(AbstractBeanFactory.java:1362)
	at org.springframework.beans.factory.support.DefaultListableBeanFactory.doResolveDependency(DefaultListableBeanFactory.java:873)
	at org.springframework.beans.factory.support.DefaultListableBeanFactory.resolveDependency(DefaultListableBeanFactory.java:858)
	at org.springframework.beans.factory.annotation.AutowiredAnnotationBeanPostProcessor$AutowiredMethodElement.inject(AutowiredAnnotationBeanPostProcessor.java:553)
	... 33 common frames omitted
Caused by: org.springframework.beans.factory.BeanCreationException: Error creating bean with name &apos;securityConfig&apos;: Injection of autowired dependencies failed; nested exception is org.springframework.beans.factory.BeanCreationException: Could not autowire method: public void org.springframework.security.config.annotation.web.configuration.WebSecurityConfigurerAdapter.setContentNegotationStrategy(org.springframework.web.accept.ContentNegotiationStrategy); nested exception is org.springframework.beans.factory.BeanCreationException: Error creating bean with name &apos;org.springframework.web.servlet.config.annotation.DelegatingWebMvcConfiguration&apos;: Injection of autowired dependencies failed; nested exception is org.springframework.beans.factory.BeanCreationException: Could not autowire method: public void org.springframework.web.servlet.config.annotation.DelegatingWebMvcConfiguration.setConfigurers(java.util.List); nested exception is org.springframework.beans.factory.BeanCreationException: Error creating bean with name &apos;apiConfig&apos; defined in URL [jar:file:/C:/workspaces/denv/denv-server/target/denv-server-0.1.0.jar!/org/ssoup/denv/server/api/ApiConfig.class]: Instantiation of bean failed; nested exception is org.springframework.beans.BeanInstantiationException: Could not instantiate bean class [org.ssoup.denv.server.api.ApiConfig$$EnhancerBySpringCGLIB$$10719c70]: No default constructor found; nested exception is java.lang.NoSuchMethodException: org.ssoup.denv.server.api.ApiConfig$$EnhancerBySpringCGLIB$$10719c70.&lt;init&gt;()
	at org.springframework.beans.factory.annotation.AutowiredAnnotationBeanPostProcessor.postProcessPropertyValues(AutowiredAnnotationBeanPostProcessor.java:292)
	at org.springframework.beans.factory.support.AbstractAutowireCapableBeanFactory.populateBean(AbstractAutowireCapableBeanFactory.java:1185)
	at org.springframework.beans.factory.support.AbstractAutowireCapableBeanFactory.doCreateBean(AbstractAutowireCapableBeanFactory.java:537)
	at org.springframework.beans.factory.support.AbstractAutowireCapableBeanFactory.createBean(AbstractAutowireCapableBeanFactory.java:475)
	at org.springframework.beans.factory.support.AbstractBeanFactory$1.getObject(AbstractBeanFactory.java:302)
	at org.springframework.beans.factory.support.DefaultSingletonBeanRegistry.getSingleton(DefaultSingletonBeanRegistry.java:228)
	at org.springframework.beans.factory.support.AbstractBeanFactory.doGetBean(AbstractBeanFactory.java:298)
	at org.springframework.beans.factory.support.AbstractBeanFactory.getBean(AbstractBeanFactory.java:198)
	at org.springframework.beans.factory.support.DefaultListableBeanFactory.getBeansOfType(DefaultListableBeanFactory.java:470)
	at org.springframework.beans.factory.support.DefaultListableBeanFactory.getBeansOfType(DefaultListableBeanFactory.java:459)
	at org.springframework.security.config.annotation.web.configuration.AutowiredWebSecurityConfigurersIgnoreParents.getWebSecurityConfigurers(AutowiredWebSecurityConfigurersIgnoreParents.java:52)
	at sun.reflect.NativeMethodAccessorImpl.invoke0(Native Method)
	at sun.reflect.NativeMethodAccessorImpl.invoke(NativeMethodAccessorImpl.java:57)
	at sun.reflect.DelegatingMethodAccessorImpl.invoke(DelegatingMethodAccessorImpl.java:43)
	at java.lang.reflect.Method.invoke(Method.java:601)
	at org.springframework.expression.spel.support.ReflectiveMethodExecutor.execute(ReflectiveMethodExecutor.java:63)
	at org.springframework.expression.spel.ast.MethodReference.getValueInternal(MethodReference.java:122)
	at org.springframework.expression.spel.ast.MethodReference.access$000(MethodReference.java:44)
	at org.springframework.expression.spel.ast.MethodReference$MethodValueRef.getValue(MethodReference.java:258)
	at org.springframework.expression.spel.ast.CompoundExpression.getValueInternal(CompoundExpression.java:84)
	at org.springframework.expression.spel.ast.SpelNodeImpl.getValue(SpelNodeImpl.java:103)
	at org.springframework.expression.spel.standard.SpelExpression.getValue(SpelExpression.java:94)
	at org.springframework.context.expression.StandardBeanExpressionResolver.evaluate(StandardBeanExpressionResolver.java:143)
	... 37 common frames omitted
Caused by: org.springframework.beans.factory.BeanCreationException: Could not autowire method: public void org.springframework.security.config.annotation.web.configuration.WebSecurityConfigurerAdapter.setContentNegotationStrategy(org.springframework.web.accept.ContentNegotiationStrategy); nested exception is org.springframework.beans.factory.BeanCreationException: Error creating bean with name &apos;org.springframework.web.servlet.config.annotation.DelegatingWebMvcConfiguration&apos;: Injection of autowired dependencies failed; nested exception is org.springframework.beans.factory.BeanCreationException: Could not autowire method: public void org.springframework.web.servlet.config.annotation.DelegatingWebMvcConfiguration.setConfigurers(java.util.List); nested exception is org.springframework.beans.factory.BeanCreationException: Error creating bean with name &apos;apiConfig&apos; defined in URL [jar:file:/C:/workspaces/denv/denv-server/target/denv-server-0.1.0.jar!/org/ssoup/denv/server/api/ApiConfig.class]: Instantiation of bean failed; nested exception is org.springframework.beans.BeanInstantiationException: Could not instantiate bean class [org.ssoup.denv.server.api.ApiConfig$$EnhancerBySpringCGLIB$$10719c70]: No default constructor found; nested exception is java.lang.NoSuchMethodException: org.ssoup.denv.server.api.ApiConfig$$EnhancerBySpringCGLIB$$10719c70.&lt;init&gt;()
	at org.springframework.beans.factory.annotation.AutowiredAnnotationBeanPostProcessor$AutowiredMethodElement.inject(AutowiredAnnotationBeanPostProcessor.java:596)
	at org.springframework.beans.factory.annotation.InjectionMetadata.inject(InjectionMetadata.java:87)
	at org.springframework.beans.factory.annotation.AutowiredAnnotationBeanPostProcessor.postProcessPropertyValues(AutowiredAnnotationBeanPostProcessor.java:289)
	... 59 common frames omitted
Caused by: org.springframework.beans.factory.BeanCreationException: Error creating bean with name &apos;org.springframework.web.servlet.config.annotation.DelegatingWebMvcConfiguration&apos;: Injection of autowired dependencies failed; nested exception is org.springframework.beans.factory.BeanCreationException: Could not autowire method: public void org.springframework.web.servlet.config.annotation.DelegatingWebMvcConfiguration.setConfigurers(java.util.List); nested exception is org.springframework.beans.factory.BeanCreationException: Error creating bean with name &apos;apiConfig&apos; defined in URL [jar:file:/C:/workspaces/denv/denv-server/target/denv-server-0.1.0.jar!/org/ssoup/denv/server/api/ApiConfig.class]: Instantiation of bean failed; nested exception is org.springframework.beans.BeanInstantiationException: Could not instantiate bean class [org.ssoup.denv.server.api.ApiConfig$$EnhancerBySpringCGLIB$$10719c70]: No default constructor found; nested exception is java.lang.NoSuchMethodException: org.ssoup.denv.server.api.ApiConfig$$EnhancerBySpringCGLIB$$10719c70.&lt;init&gt;()
	at org.springframework.beans.factory.annotation.AutowiredAnnotationBeanPostProcessor.postProcessPropertyValues(AutowiredAnnotationBeanPostProcessor.java:292)
	at org.springframework.beans.factory.support.AbstractAutowireCapableBeanFactory.populateBean(AbstractAutowireCapableBeanFactory.java:1185)
	at org.springframework.beans.factory.support.AbstractAutowireCapableBeanFactory.doCreateBean(AbstractAutowireCapableBeanFactory.java:537)
	at org.springframework.beans.factory.support.AbstractAutowireCapableBeanFactory.createBean(AbstractAutowireCapableBeanFactory.java:475)
	at org.springframework.beans.factory.support.AbstractBeanFactory$1.getObject(AbstractBeanFactory.java:302)
	at org.springframework.beans.factory.support.DefaultSingletonBeanRegistry.getSingleton(DefaultSingletonBeanRegistry.java:228)
	at org.springframework.beans.factory.support.AbstractBeanFactory.doGetBean(AbstractBeanFactory.java:298)
	at org.springframework.beans.factory.support.AbstractBeanFactory.getBean(AbstractBeanFactory.java:193)
	at org.springframework.beans.factory.support.ConstructorResolver.instantiateUsingFactoryMethod(ConstructorResolver.java:370)
	at org.springframework.beans.factory.support.AbstractAutowireCapableBeanFactory.instantiateUsingFactoryMethod(AbstractAutowireCapableBeanFactory.java:1094)
	at org.springframework.beans.factory.support.AbstractAutowireCapableBeanFactory.createBeanInstance(AbstractAutowireCapableBeanFactory.java:989)
	at org.springframework.beans.factory.support.AbstractAutowireCapableBeanFactory.doCreateBean(AbstractAutowireCapableBeanFactory.java:504)
	at org.springframework.beans.factory.support.AbstractAutowireCapableBeanFactory.createBean(AbstractAutowireCapableBeanFactory.java:475)
	at org.springframework.beans.factory.support.AbstractBeanFactory$1.getObject(AbstractBeanFactory.java:302)
	at org.springframework.beans.factory.support.DefaultSingletonBeanRegistry.getSingleton(DefaultSingletonBeanRegistry.java:228)
	at org.springframework.beans.factory.support.AbstractBeanFactory.doGetBean(AbstractBeanFactory.java:298)
	at org.springframework.beans.factory.support.AbstractBeanFactory.getBean(AbstractBeanFactory.java:193)
	at org.springframework.beans.factory.support.DefaultListableBeanFactory.findAutowireCandidates(DefaultListableBeanFactory.java:1017)
	at org.springframework.beans.factory.support.DefaultListableBeanFactory.doResolveDependency(DefaultListableBeanFactory.java:960)
	at org.springframework.beans.factory.support.DefaultListableBeanFactory.resolveDependency(DefaultListableBeanFactory.java:858)
	at org.springframework.beans.factory.annotation.AutowiredAnnotationBeanPostProcessor$AutowiredMethodElement.inject(AutowiredAnnotationBeanPostProcessor.java:553)
	... 61 common frames omitted
Caused by: org.springframework.beans.factory.BeanCreationException: Could not autowire method: public void org.springframework.web.servlet.config.annotation.DelegatingWebMvcConfiguration.setConfigurers(java.util.List); nested exception is org.springframework.beans.factory.BeanCreationException: Error creating bean with name &apos;apiConfig&apos; defined in URL [jar:file:/C:/workspaces/denv/denv-server/target/denv-server-0.1.0.jar!/org/ssoup/denv/server/api/ApiConfig.class]: Instantiation of bean failed; nested exception is org.springframework.beans.BeanInstantiationException: Could not instantiate bean class [org.ssoup.denv.server.api.ApiConfig$$EnhancerBySpringCGLIB$$10719c70]: No default constructor found; nested exception is java.lang.NoSuchMethodException: org.ssoup.denv.server.api.ApiConfig$$EnhancerBySpringCGLIB$$10719c70.&lt;init&gt;()
	at org.springframework.beans.factory.annotation.AutowiredAnnotationBeanPostProcessor$AutowiredMethodElement.inject(AutowiredAnnotationBeanPostProcessor.java:596)
	at org.springframework.beans.factory.annotation.InjectionMetadata.inject(InjectionMetadata.java:87)
	at org.springframework.beans.factory.annotation.AutowiredAnnotationBeanPostProcessor.postProcessPropertyValues(AutowiredAnnotationBeanPostProcessor.java:289)
	... 81 common frames omitted
Caused by: org.springframework.beans.factory.BeanCreationException: Error creating bean with name &apos;apiConfig&apos; defined in URL [jar:file:/C:/workspaces/denv/denv-server/target/denv-server-0.1.0.jar!/org/ssoup/denv/server/api/ApiConfig.class]: Instantiation of bean failed; nested exception is org.springframework.beans.BeanInstantiationException: Could not instantiate bean class [org.ssoup.denv.server.api.ApiConfig$$EnhancerBySpringCGLIB$$10719c70]: No default constructor found; nested exception is java.lang.NoSuchMethodException: org.ssoup.denv.server.api.ApiConfig$$EnhancerBySpringCGLIB$$10719c70.&lt;init&gt;()
	at org.springframework.beans.factory.support.AbstractAutowireCapableBeanFactory.instantiateBean(AbstractAutowireCapableBeanFactory.java:1076)
	at org.springframework.beans.factory.support.AbstractAutowireCapableBeanFactory.createBeanInstance(AbstractAutowireCapableBeanFactory.java:1021)
	at org.springframework.beans.factory.support.AbstractAutowireCapableBeanFactory.doCreateBean(AbstractAutowireCapableBeanFactory.java:504)
	at org.springframework.beans.factory.support.AbstractAutowireCapableBeanFactory.createBean(AbstractAutowireCapableBeanFactory.java:475)
	at org.springframework.beans.factory.support.AbstractBeanFactory$1.getObject(AbstractBeanFactory.java:302)
	at org.springframework.beans.factory.support.DefaultSingletonBeanRegistry.getSingleton(DefaultSingletonBeanRegistry.java:228)
	at org.springframework.beans.factory.support.AbstractBeanFactory.doGetBean(AbstractBeanFactory.java:298)
	at org.springframework.beans.factory.support.AbstractBeanFactory.getBean(AbstractBeanFactory.java:193)
	at org.springframework.beans.factory.support.DefaultListableBeanFactory.findAutowireCandidates(DefaultListableBeanFactory.java:1017)
	at org.springframework.beans.factory.support.DefaultListableBeanFactory.doResolveDependency(DefaultListableBeanFactory.java:912)
	at org.springframework.beans.factory.support.DefaultListableBeanFactory.resolveDependency(DefaultListableBeanFactory.java:858)
	at org.springframework.beans.factory.annotation.AutowiredAnnotationBeanPostProcessor$AutowiredMethodElement.inject(AutowiredAnnotationBeanPostProcessor.java:553)
	... 83 common frames omitted
Caused by: org.springframework.beans.BeanInstantiationException: Could not instantiate bean class [org.ssoup.denv.server.api.ApiConfig$$EnhancerBySpringCGLIB$$10719c70]: No default constructor found; nested exception is java.lang.NoSuchMethodException: org.ssoup.denv.server.api.ApiConfig$$EnhancerBySpringCGLIB$$10719c70.&lt;init&gt;()
	at org.springframework.beans.factory.support.SimpleInstantiationStrategy.instantiate(SimpleInstantiationStrategy.java:85)
	at org.springframework.beans.factory.support.AbstractAutowireCapableBeanFactory.instantiateBean(AbstractAutowireCapableBeanFactory.java:1069)
	... 94 common frames omitted
Caused by: java.lang.NoSuchMethodException: org.ssoup.denv.server.api.ApiConfig$$EnhancerBySpringCGLIB$$10719c70.&lt;init&gt;()
	at java.lang.Class.getConstructor0(Class.java:2730)
	at java.lang.Class.getDeclaredConstructor(Class.java:2004)
	at org.springframework.beans.factory.support.SimpleInstantiationStrategy.instantiate(SimpleInstantiationStrategy.java:80)
	... 95 common frames omitted

2014-08-28 16:58:34.840 ERROR 9700 --- [           main] o.s.test.context.TestContextManager      : Caught exception while allowing TestExecutionListener [org.springframework.test.context.support.DependencyInjectionTestExecutionListener@e45a028] to prepare test instance [org.ssoup.denv.server.test.BasicTest@3017aff3]

java.lang.IllegalStateException: Failed to load ApplicationContext
	at org.springframework.test.context.CacheAwareContextLoaderDelegate.loadContext(CacheAwareContextLoaderDelegate.java:99)
	at org.springframework.test.context.DefaultTestContext.getApplicationContext(DefaultTestContext.java:101)
	at org.springframework.test.context.support.DependencyInjectionTestExecutionListener.injectDependencies(DependencyInjectionTestExecutionListener.java:109)
	at org.springframework.test.context.support.DependencyInjectionTestExecutionListener.prepareTestInstance(DependencyInjectionTestExecutionListener.java:75)
	at org.springframework.test.context.TestContextManager.prepareTestInstance(TestContextManager.java:331)
	at org.springframework.test.context.junit4.SpringJUnit4ClassRunner.createTest(SpringJUnit4ClassRunner.java:213)
	at org.springframework.test.context.junit4.SpringJUnit4ClassRunner$1.runReflectiveCall(SpringJUnit4ClassRunner.java:290)
	at org.junit.internal.runners.model.ReflectiveCallable.run(ReflectiveCallable.java:12)
	at org.springframework.test.context.junit4.SpringJUnit4ClassRunner.methodBlock(SpringJUnit4ClassRunner.java:292)
	at org.springframework.test.context.junit4.SpringJUnit4ClassRunner.runChild(SpringJUnit4ClassRunner.java:233)
	at org.springframework.test.context.junit4.SpringJUnit4ClassRunner.runChild(SpringJUnit4ClassRunner.java:87)
	at org.junit.runners.ParentRunner$3.run(ParentRunner.java:238)
	at org.junit.runners.ParentRunner$1.schedule(ParentRunner.java:63)
	at org.junit.runners.ParentRunner.runChildren(ParentRunner.java:236)
	at org.junit.runners.ParentRunner.access$000(ParentRunner.java:53)
	at org.junit.runners.ParentRunner$2.evaluate(ParentRunner.java:229)
	at org.springframework.test.context.junit4.statements.RunBeforeTestClassCallbacks.evaluate(RunBeforeTestClassCallbacks.java:61)
	at org.springframework.test.context.junit4.statements.RunAfterTestClassCallbacks.evaluate(RunAfterTestClassCallbacks.java:71)
	at org.junit.runners.ParentRunner.run(ParentRunner.java:309)
	at org.springframework.test.context.junit4.SpringJUnit4ClassRunner.run(SpringJUnit4ClassRunner.java:176)
	at org.apache.maven.surefire.junit4.JUnit4TestSet.execute(JUnit4TestSet.java:62)
	at org.apache.maven.surefire.suite.AbstractDirectoryTestSuite.executeTestSet(AbstractDirectoryTestSuite.java:140)
	at org.apache.maven.surefire.suite.AbstractDirectoryTestSuite.execute(AbstractDirectoryTestSuite.java:127)
	at org.apache.maven.surefire.Surefire.run(Surefire.java:177)
	at sun.reflect.NativeMethodAccessorImpl.invoke0(Native Method)
	at sun.reflect.NativeMethodAccessorImpl.invoke(NativeMethodAccessorImpl.java:57)
	at sun.reflect.DelegatingMethodAccessorImpl.invoke(DelegatingMethodAccessorImpl.java:43)
	at java.lang.reflect.Method.invoke(Method.java:601)
	at org.apache.maven.surefire.booter.SurefireBooter.runSuitesInProcess(SurefireBooter.java:345)
	at org.apache.maven.surefire.booter.SurefireBooter.main(SurefireBooter.java:1009)
Caused by: org.springframework.context.ApplicationContextException: Unable to start embedded container; nested exception is org.springframework.boot.context.embedded.EmbeddedServletContainerException: Unable to start embedded Tomcat
	at org.springframework.boot.context.embedded.EmbeddedWebApplicationContext.onRefresh(EmbeddedWebApplicationContext.java:135)
	at org.springframework.context.support.AbstractApplicationContext.refresh(AbstractApplicationContext.java:476)
	at org.springframework.boot.context.embedded.EmbeddedWebApplicationContext.refresh(EmbeddedWebApplicationContext.java:120)
	at org.springframework.boot.SpringApplication.refresh(SpringApplication.java:691)
	at org.springframework.boot.SpringApplication.run(SpringApplication.java:320)
	at org.springframework.boot.test.SpringApplicationContextLoader.loadContext(SpringApplicationContextLoader.java:107)
	at org.springframework.test.context.CacheAwareContextLoaderDelegate.loadContextInternal(CacheAwareContextLoaderDelegate.java:64)
	at org.springframework.test.context.CacheAwareContextLoaderDelegate.loadContext(CacheAwareContextLoaderDelegate.java:91)
	... 29 common frames omitted
Caused by: org.springframework.boot.context.embedded.EmbeddedServletContainerException: Unable to start embedded Tomcat
	at org.springframework.boot.context.embedded.tomcat.TomcatEmbeddedServletContainer.initialize(TomcatEmbeddedServletContainer.java:100)
	at org.springframework.boot.context.embedded.tomcat.TomcatEmbeddedServletContainer.&lt;init&gt;(TomcatEmbeddedServletContainer.java:74)
	at org.springframework.boot.context.embedded.tomcat.TomcatEmbeddedServletContainerFactory.getTomcatEmbeddedServletContainer(TomcatEmbeddedServletContainerFactory.java:289)
	at org.springframework.boot.context.embedded.tomcat.TomcatEmbeddedServletContainerFactory.getEmbeddedServletContainer(TomcatEmbeddedServletContainerFactory.java:146)
	at org.springframework.boot.context.embedded.EmbeddedWebApplicationContext.createEmbeddedServletContainer(EmbeddedWebApplicationContext.java:159)
	at org.springframework.boot.context.embedded.EmbeddedWebApplicationContext.onRefresh(EmbeddedWebApplicationContext.java:132)
	... 36 common frames omitted
Caused by: org.springframework.beans.factory.BeanCreationException: Error creating bean with name &apos;org.springframework.security.config.annotation.web.configuration.WebSecurityConfiguration&apos;: Injection of autowired dependencies failed; nested exception is org.springframework.beans.factory.BeanCreationException: Could not autowire method: public void org.springframework.security.config.annotation.web.configuration.WebSecurityConfiguration.setFilterChainProxySecurityConfigurer(org.springframework.security.config.annotation.ObjectPostProcessor,java.util.List) throws java.lang.Exception; nested exception is org.springframework.beans.factory.BeanExpressionException: Expression parsing failed; nested exception is org.springframework.beans.factory.BeanCreationException: Error creating bean with name &apos;securityConfig&apos;: Injection of autowired dependencies failed; nested exception is org.springframework.beans.factory.BeanCreationException: Could not autowire method: public void org.springframework.security.config.annotation.web.configuration.WebSecurityConfigurerAdapter.setContentNegotationStrategy(org.springframework.web.accept.ContentNegotiationStrategy); nested exception is org.springframework.beans.factory.BeanCreationException: Error creating bean with name &apos;org.springframework.web.servlet.config.annotation.DelegatingWebMvcConfiguration&apos;: Injection of autowired dependencies failed; nested exception is org.springframework.beans.factory.BeanCreationException: Could not autowire method: public void org.springframework.web.servlet.config.annotation.DelegatingWebMvcConfiguration.setConfigurers(java.util.List); nested exception is org.springframework.beans.factory.BeanCreationException: Error creating bean with name &apos;apiConfig&apos; defined in URL [jar:file:/C:/workspaces/denv/denv-server/target/denv-server-0.1.0.jar!/org/ssoup/denv/server/api/ApiConfig.class]: Instantiation of bean failed; nested exception is org.springframework.beans.BeanInstantiationException: Could not instantiate bean class [org.ssoup.denv.server.api.ApiConfig$$EnhancerBySpringCGLIB$$10719c70]: No default constructor found; nested exception is java.lang.NoSuchMethodException: org.ssoup.denv.server.api.ApiConfig$$EnhancerBySpringCGLIB$$10719c70.&lt;init&gt;()
	at org.springframework.beans.factory.annotation.AutowiredAnnotationBeanPostProcessor.postProcessPropertyValues(AutowiredAnnotationBeanPostProcessor.java:292)
	at org.springframework.beans.factory.support.AbstractAutowireCapableBeanFactory.populateBean(AbstractAutowireCapableBeanFactory.java:1185)
	at org.springframework.beans.factory.support.AbstractAutowireCapableBeanFactory.doCreateBean(AbstractAutowireCapableBeanFactory.java:537)
	at org.springframework.beans.factory.support.AbstractAutowireCapableBeanFactory.createBean(AbstractAutowireCapableBeanFactory.java:475)
	at org.springframework.beans.factory.support.AbstractBeanFactory$1.getObject(AbstractBeanFactory.java:302)
	at org.springframework.beans.factory.support.DefaultSingletonBeanRegistry.getSingleton(DefaultSingletonBeanRegistry.java:228)
	at org.springframework.beans.factory.support.AbstractBeanFactory.doGetBean(AbstractBeanFactory.java:298)
	at org.springframework.beans.factory.support.AbstractBeanFactory.getBean(AbstractBeanFactory.java:193)
	at org.springframework.beans.factory.support.ConstructorResolver.instantiateUsingFactoryMethod(ConstructorResolver.java:370)
	at org.springframework.beans.factory.support.AbstractAutowireCapableBeanFactory.instantiateUsingFactoryMethod(AbstractAutowireCapableBeanFactory.java:1094)
	at org.springframework.beans.factory.support.AbstractAutowireCapableBeanFactory.createBeanInstance(AbstractAutowireCapableBeanFactory.java:989)
	at org.springframework.beans.factory.support.AbstractAutowireCapableBeanFactory.doCreateBean(AbstractAutowireCapableBeanFactory.java:504)
	at org.springframework.beans.factory.support.AbstractAutowireCapableBeanFactory.createBean(AbstractAutowireCapableBeanFactory.java:475)
	at org.springframework.beans.factory.support.AbstractBeanFactory$1.getObject(AbstractBeanFactory.java:302)
	at org.springframework.beans.factory.support.DefaultSingletonBeanRegistry.getSingleton(DefaultSingletonBeanRegistry.java:228)
	at org.springframework.beans.factory.support.AbstractBeanFactory.doGetBean(AbstractBeanFactory.java:298)
	at org.springframework.beans.factory.support.AbstractBeanFactory.getBean(AbstractBeanFactory.java:198)
	at org.springframework.boot.context.embedded.EmbeddedWebApplicationContext.getOrderedBeansOfType(EmbeddedWebApplicationContext.java:367)
	at org.springframework.boot.context.embedded.EmbeddedWebApplicationContext.getServletContextInitializerBeans(EmbeddedWebApplicationContext.java:268)
	at org.springframework.boot.context.embedded.EmbeddedWebApplicationContext$1.onStartup(EmbeddedWebApplicationContext.java:213)
	at org.springframework.boot.context.embedded.tomcat.ServletContextInitializerLifecycleListener.lifecycleEvent(ServletContextInitializerLifecycleListener.java:64)
	at org.apache.catalina.util.LifecycleSupport.fireLifecycleEvent(LifecycleSupport.java:117)
	at org.apache.catalina.util.LifecycleBase.fireLifecycleEvent(LifecycleBase.java:90)
	at org.apache.catalina.core.StandardContext.startInternal(StandardContext.java:5355)
	at org.apache.catalina.util.LifecycleBase.start(LifecycleBase.java:150)
	at org.apache.catalina.core.ContainerBase$StartChild.call(ContainerBase.java:1559)
	at org.apache.catalina.core.ContainerBase$StartChild.call(ContainerBase.java:1549)
	at java.util.concurrent.FutureTask$Sync.innerRun(FutureTask.java:334)
	at java.util.concurrent.FutureTask.run(FutureTask.java:166)
	at java.util.concurrent.ThreadPoolExecutor.runWorker(ThreadPoolExecutor.java:1145)
	at java.util.concurrent.ThreadPoolExecutor$Worker.run(ThreadPoolExecutor.java:615)
	at java.lang.Thread.run(Thread.java:722)
Caused by: org.springframework.beans.factory.BeanCreationException: Could not autowire method: public void org.springframework.security.config.annotation.web.configuration.WebSecurityConfiguration.setFilterChainProxySecurityConfigurer(org.springframework.security.config.annotation.ObjectPostProcessor,java.util.List) throws java.lang.Exception; nested exception is org.springframework.beans.factory.BeanExpressionException: Expression parsing failed; nested exception is org.springframework.beans.factory.BeanCreationException: Error creating bean with name &apos;securityConfig&apos;: Injection of autowired dependencies failed; nested exception is org.springframework.beans.factory.BeanCreationException: Could not autowire method: public void org.springframework.security.config.annotation.web.configuration.WebSecurityConfigurerAdapter.setContentNegotationStrategy(org.springframework.web.accept.ContentNegotiationStrategy); nested exception is org.springframework.beans.factory.BeanCreationException: Error creating bean with name &apos;org.springframework.web.servlet.config.annotation.DelegatingWebMvcConfiguration&apos;: Injection of autowired dependencies failed; nested exception is org.springframework.beans.factory.BeanCreationException: Could not autowire method: public void org.springframework.web.servlet.config.annotation.DelegatingWebMvcConfiguration.setConfigurers(java.util.List); nested exception is org.springframework.beans.factory.BeanCreationException: Error creating bean with name &apos;apiConfig&apos; defined in URL [jar:file:/C:/workspaces/denv/denv-server/target/denv-server-0.1.0.jar!/org/ssoup/denv/server/api/ApiConfig.class]: Instantiation of bean failed; nested exception is org.springframework.beans.BeanInstantiationException: Could not instantiate bean class [org.ssoup.denv.server.api.ApiConfig$$EnhancerBySpringCGLIB$$10719c70]: No default constructor found; nested exception is java.lang.NoSuchMethodException: org.ssoup.denv.server.api.ApiConfig$$EnhancerBySpringCGLIB$$10719c70.&lt;init&gt;()
	at org.springframework.beans.factory.annotation.AutowiredAnnotationBeanPostProcessor$AutowiredMethodElement.inject(AutowiredAnnotationBeanPostProcessor.java:596)
	at org.springframework.beans.factory.annotation.InjectionMetadata.inject(InjectionMetadata.java:87)
	at org.springframework.beans.factory.annotation.AutowiredAnnotationBeanPostProcessor.postProcessPropertyValues(AutowiredAnnotationBeanPostProcessor.java:289)
	... 31 common frames omitted
Caused by: org.springframework.beans.factory.BeanExpressionException: Expression parsing failed; nested exception is org.springframework.beans.factory.BeanCreationException: Error creating bean with name &apos;securityConfig&apos;: Injection of autowired dependencies failed; nested exception is org.springframework.beans.factory.BeanCreationException: Could not autowire method: public void org.springframework.security.config.annotation.web.configuration.WebSecurityConfigurerAdapter.setContentNegotationStrategy(org.springframework.web.accept.ContentNegotiationStrategy); nested exception is org.springframework.beans.factory.BeanCreationException: Error creating bean with name &apos;org.springframework.web.servlet.config.annotation.DelegatingWebMvcConfiguration&apos;: Injection of autowired dependencies failed; nested exception is org.springframework.beans.factory.BeanCreationException: Could not autowire method: public void org.springframework.web.servlet.config.annotation.DelegatingWebMvcConfiguration.setConfigurers(java.util.List); nested exception is org.springframework.beans.factory.BeanCreationException: Error creating bean with name &apos;apiConfig&apos; defined in URL [jar:file:/C:/workspaces/denv/denv-server/target/denv-server-0.1.0.jar!/org/ssoup/denv/server/api/ApiConfig.class]: Instantiation of bean failed; nested exception is org.springframework.beans.BeanInstantiationException: Could not instantiate bean class [org.ssoup.denv.server.api.ApiConfig$$EnhancerBySpringCGLIB$$10719c70]: No default constructor found; nested exception is java.lang.NoSuchMethodException: org.ssoup.denv.server.api.ApiConfig$$EnhancerBySpringCGLIB$$10719c70.&lt;init&gt;()
	at org.springframework.context.expression.StandardBeanExpressionResolver.evaluate(StandardBeanExpressionResolver.java:146)
	at org.springframework.beans.factory.support.AbstractBeanFactory.evaluateBeanDefinitionString(AbstractBeanFactory.java:1362)
	at org.springframework.beans.factory.support.DefaultListableBeanFactory.doResolveDependency(DefaultListableBeanFactory.java:873)
	at org.springframework.beans.factory.support.DefaultListableBeanFactory.resolveDependency(DefaultListableBeanFactory.java:858)
	at org.springframework.beans.factory.annotation.AutowiredAnnotationBeanPostProcessor$AutowiredMethodElement.inject(AutowiredAnnotationBeanPostProcessor.java:553)
	... 33 common frames omitted
Caused by: org.springframework.beans.factory.BeanCreationException: Error creating bean with name &apos;securityConfig&apos;: Injection of autowired dependencies failed; nested exception is org.springframework.beans.factory.BeanCreationException: Could not autowire method: public void org.springframework.security.config.annotation.web.configuration.WebSecurityConfigurerAdapter.setContentNegotationStrategy(org.springframework.web.accept.ContentNegotiationStrategy); nested exception is org.springframework.beans.factory.BeanCreationException: Error creating bean with name &apos;org.springframework.web.servlet.config.annotation.DelegatingWebMvcConfiguration&apos;: Injection of autowired dependencies failed; nested exception is org.springframework.beans.factory.BeanCreationException: Could not autowire method: public void org.springframework.web.servlet.config.annotation.DelegatingWebMvcConfiguration.setConfigurers(java.util.List); nested exception is org.springframework.beans.factory.BeanCreationException: Error creating bean with name &apos;apiConfig&apos; defined in URL [jar:file:/C:/workspaces/denv/denv-server/target/denv-server-0.1.0.jar!/org/ssoup/denv/server/api/ApiConfig.class]: Instantiation of bean failed; nested exception is org.springframework.beans.BeanInstantiationException: Could not instantiate bean class [org.ssoup.denv.server.api.ApiConfig$$EnhancerBySpringCGLIB$$10719c70]: No default constructor found; nested exception is java.lang.NoSuchMethodException: org.ssoup.denv.server.api.ApiConfig$$EnhancerBySpringCGLIB$$10719c70.&lt;init&gt;()
	at org.springframework.beans.factory.annotation.AutowiredAnnotationBeanPostProcessor.postProcessPropertyValues(AutowiredAnnotationBeanPostProcessor.java:292)
	at org.springframework.beans.factory.support.AbstractAutowireCapableBeanFactory.populateBean(AbstractAutowireCapableBeanFactory.java:1185)
	at org.springframework.beans.factory.support.AbstractAutowireCapableBeanFactory.doCreateBean(AbstractAutowireCapableBeanFactory.java:537)
	at org.springframework.beans.factory.support.AbstractAutowireCapableBeanFactory.createBean(AbstractAutowireCapableBeanFactory.java:475)
	at org.springframework.beans.factory.support.AbstractBeanFactory$1.getObject(AbstractBeanFactory.java:302)
	at org.springframework.beans.factory.support.DefaultSingletonBeanRegistry.getSingleton(DefaultSingletonBeanRegistry.java:228)
	at org.springframework.beans.factory.support.AbstractBeanFactory.doGetBean(AbstractBeanFactory.java:298)
	at org.springframework.beans.factory.support.AbstractBeanFactory.getBean(AbstractBeanFactory.java:198)
	at org.springframework.beans.factory.support.DefaultListableBeanFactory.getBeansOfType(DefaultListableBeanFactory.java:470)
	at org.springframework.beans.factory.support.DefaultListableBeanFactory.getBeansOfType(DefaultListableBeanFactory.java:459)
	at org.springframework.security.config.annotation.web.configuration.AutowiredWebSecurityConfigurersIgnoreParents.getWebSecurityConfigurers(AutowiredWebSecurityConfigurersIgnoreParents.java:52)
	at sun.reflect.NativeMethodAccessorImpl.invoke0(Native Method)
	at sun.reflect.NativeMethodAccessorImpl.invoke(NativeMethodAccessorImpl.java:57)
	at sun.reflect.DelegatingMethodAccessorImpl.invoke(DelegatingMethodAccessorImpl.java:43)
	at java.lang.reflect.Method.invoke(Method.java:601)
	at org.springframework.expression.spel.support.ReflectiveMethodExecutor.execute(ReflectiveMethodExecutor.java:63)
	at org.springframework.expression.spel.ast.MethodReference.getValueInternal(MethodReference.java:122)
	at org.springframework.expression.spel.ast.MethodReference.access$000(MethodReference.java:44)
	at org.springframework.expression.spel.ast.MethodReference$MethodValueRef.getValue(MethodReference.java:258)
	at org.springframework.expression.spel.ast.CompoundExpression.getValueInternal(CompoundExpression.java:84)
	at org.springframework.expression.spel.ast.SpelNodeImpl.getValue(SpelNodeImpl.java:103)
	at org.springframework.expression.spel.standard.SpelExpression.getValue(SpelExpression.java:94)
	at org.springframework.context.expression.StandardBeanExpressionResolver.evaluate(StandardBeanExpressionResolver.java:143)
	... 37 common frames omitted
Caused by: org.springframework.beans.factory.BeanCreationException: Could not autowire method: public void org.springframework.security.config.annotation.web.configuration.WebSecurityConfigurerAdapter.setContentNegotationStrategy(org.springframework.web.accept.ContentNegotiationStrategy); nested exception is org.springframework.beans.factory.BeanCreationException: Error creating bean with name &apos;org.springframework.web.servlet.config.annotation.DelegatingWebMvcConfiguration&apos;: Injection of autowired dependencies failed; nested exception is org.springframework.beans.factory.BeanCreationException: Could not autowire method: public void org.springframework.web.servlet.config.annotation.DelegatingWebMvcConfiguration.setConfigurers(java.util.List); nested exception is org.springframework.beans.factory.BeanCreationException: Error creating bean with name &apos;apiConfig&apos; defined in URL [jar:file:/C:/workspaces/denv/denv-server/target/denv-server-0.1.0.jar!/org/ssoup/denv/server/api/ApiConfig.class]: Instantiation of bean failed; nested exception is org.springframework.beans.BeanInstantiationException: Could not instantiate bean class [org.ssoup.denv.server.api.ApiConfig$$EnhancerBySpringCGLIB$$10719c70]: No default constructor found; nested exception is java.lang.NoSuchMethodException: org.ssoup.denv.server.api.ApiConfig$$EnhancerBySpringCGLIB$$10719c70.&lt;init&gt;()
	at org.springframework.beans.factory.annotation.AutowiredAnnotationBeanPostProcessor$AutowiredMethodElement.inject(AutowiredAnnotationBeanPostProcessor.java:596)
	at org.springframework.beans.factory.annotation.InjectionMetadata.inject(InjectionMetadata.java:87)
	at org.springframework.beans.factory.annotation.AutowiredAnnotationBeanPostProcessor.postProcessPropertyValues(AutowiredAnnotationBeanPostProcessor.java:289)
	... 59 common frames omitted
Caused by: org.springframework.beans.factory.BeanCreationException: Error creating bean with name &apos;org.springframework.web.servlet.config.annotation.DelegatingWebMvcConfiguration&apos;: Injection of autowired dependencies failed; nested exception is org.springframework.beans.factory.BeanCreationException: Could not autowire method: public void org.springframework.web.servlet.config.annotation.DelegatingWebMvcConfiguration.setConfigurers(java.util.List); nested exception is org.springframework.beans.factory.BeanCreationException: Error creating bean with name &apos;apiConfig&apos; defined in URL [jar:file:/C:/workspaces/denv/denv-server/target/denv-server-0.1.0.jar!/org/ssoup/denv/server/api/ApiConfig.class]: Instantiation of bean failed; nested exception is org.springframework.beans.BeanInstantiationException: Could not instantiate bean class [org.ssoup.denv.server.api.ApiConfig$$EnhancerBySpringCGLIB$$10719c70]: No default constructor found; nested exception is java.lang.NoSuchMethodException: org.ssoup.denv.server.api.ApiConfig$$EnhancerBySpringCGLIB$$10719c70.&lt;init&gt;()
	at org.springframework.beans.factory.annotation.AutowiredAnnotationBeanPostProcessor.postProcessPropertyValues(AutowiredAnnotationBeanPostProcessor.java:292)
	at org.springframework.beans.factory.support.AbstractAutowireCapableBeanFactory.populateBean(AbstractAutowireCapableBeanFactory.java:1185)
	at org.springframework.beans.factory.support.AbstractAutowireCapableBeanFactory.doCreateBean(AbstractAutowireCapableBeanFactory.java:537)
	at org.springframework.beans.factory.support.AbstractAutowireCapableBeanFactory.createBean(AbstractAutowireCapableBeanFactory.java:475)
	at org.springframework.beans.factory.support.AbstractBeanFactory$1.getObject(AbstractBeanFactory.java:302)
	at org.springframework.beans.factory.support.DefaultSingletonBeanRegistry.getSingleton(DefaultSingletonBeanRegistry.java:228)
	at org.springframework.beans.factory.support.AbstractBeanFactory.doGetBean(AbstractBeanFactory.java:298)
	at org.springframework.beans.factory.support.AbstractBeanFactory.getBean(AbstractBeanFactory.java:193)
	at org.springframework.beans.factory.support.ConstructorResolver.instantiateUsingFactoryMethod(ConstructorResolver.java:370)
	at org.springframework.beans.factory.support.AbstractAutowireCapableBeanFactory.instantiateUsingFactoryMethod(AbstractAutowireCapableBeanFactory.java:1094)
	at org.springframework.beans.factory.support.AbstractAutowireCapableBeanFactory.createBeanInstance(AbstractAutowireCapableBeanFactory.java:989)
	at org.springframework.beans.factory.support.AbstractAutowireCapableBeanFactory.doCreateBean(AbstractAutowireCapableBeanFactory.java:504)
	at org.springframework.beans.factory.support.AbstractAutowireCapableBeanFactory.createBean(AbstractAutowireCapableBeanFactory.java:475)
	at org.springframework.beans.factory.support.AbstractBeanFactory$1.getObject(AbstractBeanFactory.java:302)
	at org.springframework.beans.factory.support.DefaultSingletonBeanRegistry.getSingleton(DefaultSingletonBeanRegistry.java:228)
	at org.springframework.beans.factory.support.AbstractBeanFactory.doGetBean(AbstractBeanFactory.java:298)
	at org.springframework.beans.factory.support.AbstractBeanFactory.getBean(AbstractBeanFactory.java:193)
	at org.springframework.beans.factory.support.DefaultListableBeanFactory.findAutowireCandidates(DefaultListableBeanFactory.java:1017)
	at org.springframework.beans.factory.support.DefaultListableBeanFactory.doResolveDependency(DefaultListableBeanFactory.java:960)
	at org.springframework.beans.factory.support.DefaultListableBeanFactory.resolveDependency(DefaultListableBeanFactory.java:858)
	at org.springframework.beans.factory.annotation.AutowiredAnnotationBeanPostProcessor$AutowiredMethodElement.inject(AutowiredAnnotationBeanPostProcessor.java:553)
	... 61 common frames omitted
Caused by: org.springframework.beans.factory.BeanCreationException: Could not autowire method: public void org.springframework.web.servlet.config.annotation.DelegatingWebMvcConfiguration.setConfigurers(java.util.List); nested exception is org.springframework.beans.factory.BeanCreationException: Error creating bean with name &apos;apiConfig&apos; defined in URL [jar:file:/C:/workspaces/denv/denv-server/target/denv-server-0.1.0.jar!/org/ssoup/denv/server/api/ApiConfig.class]: Instantiation of bean failed; nested exception is org.springframework.beans.BeanInstantiationException: Could not instantiate bean class [org.ssoup.denv.server.api.ApiConfig$$EnhancerBySpringCGLIB$$10719c70]: No default constructor found; nested exception is java.lang.NoSuchMethodException: org.ssoup.denv.server.api.ApiConfig$$EnhancerBySpringCGLIB$$10719c70.&lt;init&gt;()
	at org.springframework.beans.factory.annotation.AutowiredAnnotationBeanPostProcessor$AutowiredMethodElement.inject(AutowiredAnnotationBeanPostProcessor.java:596)
	at org.springframework.beans.factory.annotation.InjectionMetadata.inject(InjectionMetadata.java:87)
	at org.springframework.beans.factory.annotation.AutowiredAnnotationBeanPostProcessor.postProcessPropertyValues(AutowiredAnnotationBeanPostProcessor.java:289)
	... 81 common frames omitted
Caused by: org.springframework.beans.factory.BeanCreationException: Error creating bean with name &apos;apiConfig&apos; defined in URL [jar:file:/C:/workspaces/denv/denv-server/target/denv-server-0.1.0.jar!/org/ssoup/denv/server/api/ApiConfig.class]: Instantiation of bean failed; nested exception is org.springframework.beans.BeanInstantiationException: Could not instantiate bean class [org.ssoup.denv.server.api.ApiConfig$$EnhancerBySpringCGLIB$$10719c70]: No default constructor found; nested exception is java.lang.NoSuchMethodException: org.ssoup.denv.server.api.ApiConfig$$EnhancerBySpringCGLIB$$10719c70.&lt;init&gt;()
	at org.springframework.beans.factory.support.AbstractAutowireCapableBeanFactory.instantiateBean(AbstractAutowireCapableBeanFactory.java:1076)
	at org.springframework.beans.factory.support.AbstractAutowireCapableBeanFactory.createBeanInstance(AbstractAutowireCapableBeanFactory.java:1021)
	at org.springframework.beans.factory.support.AbstractAutowireCapableBeanFactory.doCreateBean(AbstractAutowireCapableBeanFactory.java:504)
	at org.springframework.beans.factory.support.AbstractAutowireCapableBeanFactory.createBean(AbstractAutowireCapableBeanFactory.java:475)
	at org.springframework.beans.factory.support.AbstractBeanFactory$1.getObject(AbstractBeanFactory.java:302)
	at org.springframework.beans.factory.support.DefaultSingletonBeanRegistry.getSingleton(DefaultSingletonBeanRegistry.java:228)
	at org.springframework.beans.factory.support.AbstractBeanFactory.doGetBean(AbstractBeanFactory.java:298)
	at org.springframework.beans.factory.support.AbstractBeanFactory.getBean(AbstractBeanFactory.java:193)
	at org.springframework.beans.factory.support.DefaultListableBeanFactory.findAutowireCandidates(DefaultListableBeanFactory.java:1017)
	at org.springframework.beans.factory.support.DefaultListableBeanFactory.doResolveDependency(DefaultListableBeanFactory.java:912)
	at org.springframework.beans.factory.support.DefaultListableBeanFactory.resolveDependency(DefaultListableBeanFactory.java:858)
	at org.springframework.beans.factory.annotation.AutowiredAnnotationBeanPostProcessor$AutowiredMethodElement.inject(AutowiredAnnotationBeanPostProcessor.java:553)
	... 83 common frames omitted
Caused by: org.springframework.beans.BeanInstantiationException: Could not instantiate bean class [org.ssoup.denv.server.api.ApiConfig$$EnhancerBySpringCGLIB$$10719c70]: No default constructor found; nested exception is java.lang.NoSuchMethodException: org.ssoup.denv.server.api.ApiConfig$$EnhancerBySpringCGLIB$$10719c70.&lt;init&gt;()
	at org.springframework.beans.factory.support.SimpleInstantiationStrategy.instantiate(SimpleInstantiationStrategy.java:85)
	at org.springframework.beans.factory.support.AbstractAutowireCapableBeanFactory.instantiateBean(AbstractAutowireCapableBeanFactory.java:1069)
	... 94 common frames omitted
Caused by: java.lang.NoSuchMethodException: org.ssoup.denv.server.api.ApiConfig$$EnhancerBySpringCGLIB$$10719c70.&lt;init&gt;()
	at java.lang.Class.getConstructor0(Class.java:2730)
	at java.lang.Class.getDeclaredConstructor(Class.java:2004)
	at org.springframework.beans.factory.support.SimpleInstantiationStrategy.instantiate(SimpleInstantiationStrategy.java:80)
	... 95 common frames omitted

</system-out>
  </testcase>
  <testcase time="1.888" classname="org.ssoup.denv.server.test.BasicTest" name="registerPanamaxApp">
    <error message="Failed to load ApplicationContext" type="java.lang.IllegalStateException">java.lang.IllegalStateException: Failed to load ApplicationContext
	at org.springframework.test.context.CacheAwareContextLoaderDelegate.loadContext(CacheAwareContextLoaderDelegate.java:99)
	at org.springframework.test.context.DefaultTestContext.getApplicationContext(DefaultTestContext.java:101)
	at org.springframework.test.context.support.DependencyInjectionTestExecutionListener.injectDependencies(DependencyInjectionTestExecutionListener.java:109)
	at org.springframework.test.context.support.DependencyInjectionTestExecutionListener.prepareTestInstance(DependencyInjectionTestExecutionListener.java:75)
	at org.springframework.test.context.TestContextManager.prepareTestInstance(TestContextManager.java:331)
	at org.springframework.test.context.junit4.SpringJUnit4ClassRunner.createTest(SpringJUnit4ClassRunner.java:213)
	at org.springframework.test.context.junit4.SpringJUnit4ClassRunner$1.runReflectiveCall(SpringJUnit4ClassRunner.java:290)
	at org.junit.internal.runners.model.ReflectiveCallable.run(ReflectiveCallable.java:12)
	at org.springframework.test.context.junit4.SpringJUnit4ClassRunner.methodBlock(SpringJUnit4ClassRunner.java:292)
	at org.springframework.test.context.junit4.SpringJUnit4ClassRunner.runChild(SpringJUnit4ClassRunner.java:233)
	at org.springframework.test.context.junit4.SpringJUnit4ClassRunner.runChild(SpringJUnit4ClassRunner.java:87)
	at org.junit.runners.ParentRunner$3.run(ParentRunner.java:238)
	at org.junit.runners.ParentRunner$1.schedule(ParentRunner.java:63)
	at org.junit.runners.ParentRunner.runChildren(ParentRunner.java:236)
	at org.junit.runners.ParentRunner.access$000(ParentRunner.java:53)
	at org.junit.runners.ParentRunner$2.evaluate(ParentRunner.java:229)
	at org.springframework.test.context.junit4.statements.RunBeforeTestClassCallbacks.evaluate(RunBeforeTestClassCallbacks.java:61)
	at org.springframework.test.context.junit4.statements.RunAfterTestClassCallbacks.evaluate(RunAfterTestClassCallbacks.java:71)
	at org.junit.runners.ParentRunner.run(ParentRunner.java:309)
	at org.springframework.test.context.junit4.SpringJUnit4ClassRunner.run(SpringJUnit4ClassRunner.java:176)
	at org.apache.maven.surefire.junit4.JUnit4TestSet.execute(JUnit4TestSet.java:62)
	at org.apache.maven.surefire.suite.AbstractDirectoryTestSuite.executeTestSet(AbstractDirectoryTestSuite.java:140)
	at org.apache.maven.surefire.suite.AbstractDirectoryTestSuite.execute(AbstractDirectoryTestSuite.java:127)
	at org.apache.maven.surefire.Surefire.run(Surefire.java:177)
	at sun.reflect.NativeMethodAccessorImpl.invoke0(Native Method)
	at sun.reflect.NativeMethodAccessorImpl.invoke(NativeMethodAccessorImpl.java:57)
	at sun.reflect.DelegatingMethodAccessorImpl.invoke(DelegatingMethodAccessorImpl.java:43)
	at java.lang.reflect.Method.invoke(Method.java:601)
	at org.apache.maven.surefire.booter.SurefireBooter.runSuitesInProcess(SurefireBooter.java:345)
	at org.apache.maven.surefire.booter.SurefireBooter.main(SurefireBooter.java:1009)
Caused by: org.springframework.context.ApplicationContextException: Unable to start embedded container; nested exception is org.springframework.boot.context.embedded.EmbeddedServletContainerException: Unable to start embedded Tomcat
	at org.springframework.boot.context.embedded.EmbeddedWebApplicationContext.onRefresh(EmbeddedWebApplicationContext.java:135)
	at org.springframework.context.support.AbstractApplicationContext.refresh(AbstractApplicationContext.java:476)
	at org.springframework.boot.context.embedded.EmbeddedWebApplicationContext.refresh(EmbeddedWebApplicationContext.java:120)
	at org.springframework.boot.SpringApplication.refresh(SpringApplication.java:691)
	at org.springframework.boot.SpringApplication.run(SpringApplication.java:320)
	at org.springframework.boot.test.SpringApplicationContextLoader.loadContext(SpringApplicationContextLoader.java:107)
	at org.springframework.test.context.CacheAwareContextLoaderDelegate.loadContextInternal(CacheAwareContextLoaderDelegate.java:64)
	at org.springframework.test.context.CacheAwareContextLoaderDelegate.loadContext(CacheAwareContextLoaderDelegate.java:91)
	... 29 more
Caused by: org.springframework.boot.context.embedded.EmbeddedServletContainerException: Unable to start embedded Tomcat
	at org.springframework.boot.context.embedded.tomcat.TomcatEmbeddedServletContainer.initialize(TomcatEmbeddedServletContainer.java:100)
	at org.springframework.boot.context.embedded.tomcat.TomcatEmbeddedServletContainer.&lt;init&gt;(TomcatEmbeddedServletContainer.java:74)
	at org.springframework.boot.context.embedded.tomcat.TomcatEmbeddedServletContainerFactory.getTomcatEmbeddedServletContainer(TomcatEmbeddedServletContainerFactory.java:289)
	at org.springframework.boot.context.embedded.tomcat.TomcatEmbeddedServletContainerFactory.getEmbeddedServletContainer(TomcatEmbeddedServletContainerFactory.java:146)
	at org.springframework.boot.context.embedded.EmbeddedWebApplicationContext.createEmbeddedServletContainer(EmbeddedWebApplicationContext.java:159)
	at org.springframework.boot.context.embedded.EmbeddedWebApplicationContext.onRefresh(EmbeddedWebApplicationContext.java:132)
	... 36 more
Caused by: org.springframework.beans.factory.BeanCreationException: Error creating bean with name &apos;org.springframework.security.config.annotation.web.configuration.WebSecurityConfiguration&apos;: Injection of autowired dependencies failed; nested exception is org.springframework.beans.factory.BeanCreationException: Could not autowire method: public void org.springframework.security.config.annotation.web.configuration.WebSecurityConfiguration.setFilterChainProxySecurityConfigurer(org.springframework.security.config.annotation.ObjectPostProcessor,java.util.List) throws java.lang.Exception; nested exception is org.springframework.beans.factory.BeanExpressionException: Expression parsing failed; nested exception is org.springframework.beans.factory.BeanCreationException: Error creating bean with name &apos;securityConfig&apos;: Injection of autowired dependencies failed; nested exception is org.springframework.beans.factory.BeanCreationException: Could not autowire method: public void org.springframework.security.config.annotation.web.configuration.WebSecurityConfigurerAdapter.setContentNegotationStrategy(org.springframework.web.accept.ContentNegotiationStrategy); nested exception is org.springframework.beans.factory.BeanCreationException: Error creating bean with name &apos;org.springframework.web.servlet.config.annotation.DelegatingWebMvcConfiguration&apos;: Injection of autowired dependencies failed; nested exception is org.springframework.beans.factory.BeanCreationException: Could not autowire method: public void org.springframework.web.servlet.config.annotation.DelegatingWebMvcConfiguration.setConfigurers(java.util.List); nested exception is org.springframework.beans.factory.BeanCreationException: Error creating bean with name &apos;apiConfig&apos; defined in URL [jar:file:/C:/workspaces/denv/denv-server/target/denv-server-0.1.0.jar!/org/ssoup/denv/server/api/ApiConfig.class]: Instantiation of bean failed; nested exception is org.springframework.beans.BeanInstantiationException: Could not instantiate bean class [org.ssoup.denv.server.api.ApiConfig$$EnhancerBySpringCGLIB$$10719c70]: No default constructor found; nested exception is java.lang.NoSuchMethodException: org.ssoup.denv.server.api.ApiConfig$$EnhancerBySpringCGLIB$$10719c70.&lt;init&gt;()
	at org.springframework.beans.factory.annotation.AutowiredAnnotationBeanPostProcessor.postProcessPropertyValues(AutowiredAnnotationBeanPostProcessor.java:292)
	at org.springframework.beans.factory.support.AbstractAutowireCapableBeanFactory.populateBean(AbstractAutowireCapableBeanFactory.java:1185)
	at org.springframework.beans.factory.support.AbstractAutowireCapableBeanFactory.doCreateBean(AbstractAutowireCapableBeanFactory.java:537)
	at org.springframework.beans.factory.support.AbstractAutowireCapableBeanFactory.createBean(AbstractAutowireCapableBeanFactory.java:475)
	at org.springframework.beans.factory.support.AbstractBeanFactory$1.getObject(AbstractBeanFactory.java:302)
	at org.springframework.beans.factory.support.DefaultSingletonBeanRegistry.getSingleton(DefaultSingletonBeanRegistry.java:228)
	at org.springframework.beans.factory.support.AbstractBeanFactory.doGetBean(AbstractBeanFactory.java:298)
	at org.springframework.beans.factory.support.AbstractBeanFactory.getBean(AbstractBeanFactory.java:193)
	at org.springframework.beans.factory.support.ConstructorResolver.instantiateUsingFactoryMethod(ConstructorResolver.java:370)
	at org.springframework.beans.factory.support.AbstractAutowireCapableBeanFactory.instantiateUsingFactoryMethod(AbstractAutowireCapableBeanFactory.java:1094)
	at org.springframework.beans.factory.support.AbstractAutowireCapableBeanFactory.createBeanInstance(AbstractAutowireCapableBeanFactory.java:989)
	at org.springframework.beans.factory.support.AbstractAutowireCapableBeanFactory.doCreateBean(AbstractAutowireCapableBeanFactory.java:504)
	at org.springframework.beans.factory.support.AbstractAutowireCapableBeanFactory.createBean(AbstractAutowireCapableBeanFactory.java:475)
	at org.springframework.beans.factory.support.AbstractBeanFactory$1.getObject(AbstractBeanFactory.java:302)
	at org.springframework.beans.factory.support.DefaultSingletonBeanRegistry.getSingleton(DefaultSingletonBeanRegistry.java:228)
	at org.springframework.beans.factory.support.AbstractBeanFactory.doGetBean(AbstractBeanFactory.java:298)
	at org.springframework.beans.factory.support.AbstractBeanFactory.getBean(AbstractBeanFactory.java:198)
	at org.springframework.boot.context.embedded.EmbeddedWebApplicationContext.getOrderedBeansOfType(EmbeddedWebApplicationContext.java:367)
	at org.springframework.boot.context.embedded.EmbeddedWebApplicationContext.getServletContextInitializerBeans(EmbeddedWebApplicationContext.java:268)
	at org.springframework.boot.context.embedded.EmbeddedWebApplicationContext$1.onStartup(EmbeddedWebApplicationContext.java:213)
	at org.springframework.boot.context.embedded.tomcat.ServletContextInitializerLifecycleListener.lifecycleEvent(ServletContextInitializerLifecycleListener.java:64)
	at org.apache.catalina.util.LifecycleSupport.fireLifecycleEvent(LifecycleSupport.java:117)
	at org.apache.catalina.util.LifecycleBase.fireLifecycleEvent(LifecycleBase.java:90)
	at org.apache.catalina.core.StandardContext.startInternal(StandardContext.java:5355)
	at org.apache.catalina.util.LifecycleBase.start(LifecycleBase.java:150)
	at org.apache.catalina.core.ContainerBase$StartChild.call(ContainerBase.java:1559)
	at org.apache.catalina.core.ContainerBase$StartChild.call(ContainerBase.java:1549)
	at java.util.concurrent.FutureTask$Sync.innerRun(FutureTask.java:334)
	at java.util.concurrent.FutureTask.run(FutureTask.java:166)
	at java.util.concurrent.ThreadPoolExecutor.runWorker(ThreadPoolExecutor.java:1145)
	at java.util.concurrent.ThreadPoolExecutor$Worker.run(ThreadPoolExecutor.java:615)
	at java.lang.Thread.run(Thread.java:722)
Caused by: org.springframework.beans.factory.BeanCreationException: Could not autowire method: public void org.springframework.security.config.annotation.web.configuration.WebSecurityConfiguration.setFilterChainProxySecurityConfigurer(org.springframework.security.config.annotation.ObjectPostProcessor,java.util.List) throws java.lang.Exception; nested exception is org.springframework.beans.factory.BeanExpressionException: Expression parsing failed; nested exception is org.springframework.beans.factory.BeanCreationException: Error creating bean with name &apos;securityConfig&apos;: Injection of autowired dependencies failed; nested exception is org.springframework.beans.factory.BeanCreationException: Could not autowire method: public void org.springframework.security.config.annotation.web.configuration.WebSecurityConfigurerAdapter.setContentNegotationStrategy(org.springframework.web.accept.ContentNegotiationStrategy); nested exception is org.springframework.beans.factory.BeanCreationException: Error creating bean with name &apos;org.springframework.web.servlet.config.annotation.DelegatingWebMvcConfiguration&apos;: Injection of autowired dependencies failed; nested exception is org.springframework.beans.factory.BeanCreationException: Could not autowire method: public void org.springframework.web.servlet.config.annotation.DelegatingWebMvcConfiguration.setConfigurers(java.util.List); nested exception is org.springframework.beans.factory.BeanCreationException: Error creating bean with name &apos;apiConfig&apos; defined in URL [jar:file:/C:/workspaces/denv/denv-server/target/denv-server-0.1.0.jar!/org/ssoup/denv/server/api/ApiConfig.class]: Instantiation of bean failed; nested exception is org.springframework.beans.BeanInstantiationException: Could not instantiate bean class [org.ssoup.denv.server.api.ApiConfig$$EnhancerBySpringCGLIB$$10719c70]: No default constructor found; nested exception is java.lang.NoSuchMethodException: org.ssoup.denv.server.api.ApiConfig$$EnhancerBySpringCGLIB$$10719c70.&lt;init&gt;()
	at org.springframework.beans.factory.annotation.AutowiredAnnotationBeanPostProcessor$AutowiredMethodElement.inject(AutowiredAnnotationBeanPostProcessor.java:596)
	at org.springframework.beans.factory.annotation.InjectionMetadata.inject(InjectionMetadata.java:87)
	at org.springframework.beans.factory.annotation.AutowiredAnnotationBeanPostProcessor.postProcessPropertyValues(AutowiredAnnotationBeanPostProcessor.java:289)
	... 31 more
Caused by: org.springframework.beans.factory.BeanExpressionException: Expression parsing failed; nested exception is org.springframework.beans.factory.BeanCreationException: Error creating bean with name &apos;securityConfig&apos;: Injection of autowired dependencies failed; nested exception is org.springframework.beans.factory.BeanCreationException: Could not autowire method: public void org.springframework.security.config.annotation.web.configuration.WebSecurityConfigurerAdapter.setContentNegotationStrategy(org.springframework.web.accept.ContentNegotiationStrategy); nested exception is org.springframework.beans.factory.BeanCreationException: Error creating bean with name &apos;org.springframework.web.servlet.config.annotation.DelegatingWebMvcConfiguration&apos;: Injection of autowired dependencies failed; nested exception is org.springframework.beans.factory.BeanCreationException: Could not autowire method: public void org.springframework.web.servlet.config.annotation.DelegatingWebMvcConfiguration.setConfigurers(java.util.List); nested exception is org.springframework.beans.factory.BeanCreationException: Error creating bean with name &apos;apiConfig&apos; defined in URL [jar:file:/C:/workspaces/denv/denv-server/target/denv-server-0.1.0.jar!/org/ssoup/denv/server/api/ApiConfig.class]: Instantiation of bean failed; nested exception is org.springframework.beans.BeanInstantiationException: Could not instantiate bean class [org.ssoup.denv.server.api.ApiConfig$$EnhancerBySpringCGLIB$$10719c70]: No default constructor found; nested exception is java.lang.NoSuchMethodException: org.ssoup.denv.server.api.ApiConfig$$EnhancerBySpringCGLIB$$10719c70.&lt;init&gt;()
	at org.springframework.context.expression.StandardBeanExpressionResolver.evaluate(StandardBeanExpressionResolver.java:146)
	at org.springframework.beans.factory.support.AbstractBeanFactory.evaluateBeanDefinitionString(AbstractBeanFactory.java:1362)
	at org.springframework.beans.factory.support.DefaultListableBeanFactory.doResolveDependency(DefaultListableBeanFactory.java:873)
	at org.springframework.beans.factory.support.DefaultListableBeanFactory.resolveDependency(DefaultListableBeanFactory.java:858)
	at org.springframework.beans.factory.annotation.AutowiredAnnotationBeanPostProcessor$AutowiredMethodElement.inject(AutowiredAnnotationBeanPostProcessor.java:553)
	... 33 more
Caused by: org.springframework.beans.factory.BeanCreationException: Error creating bean with name &apos;securityConfig&apos;: Injection of autowired dependencies failed; nested exception is org.springframework.beans.factory.BeanCreationException: Could not autowire method: public void org.springframework.security.config.annotation.web.configuration.WebSecurityConfigurerAdapter.setContentNegotationStrategy(org.springframework.web.accept.ContentNegotiationStrategy); nested exception is org.springframework.beans.factory.BeanCreationException: Error creating bean with name &apos;org.springframework.web.servlet.config.annotation.DelegatingWebMvcConfiguration&apos;: Injection of autowired dependencies failed; nested exception is org.springframework.beans.factory.BeanCreationException: Could not autowire method: public void org.springframework.web.servlet.config.annotation.DelegatingWebMvcConfiguration.setConfigurers(java.util.List); nested exception is org.springframework.beans.factory.BeanCreationException: Error creating bean with name &apos;apiConfig&apos; defined in URL [jar:file:/C:/workspaces/denv/denv-server/target/denv-server-0.1.0.jar!/org/ssoup/denv/server/api/ApiConfig.class]: Instantiation of bean failed; nested exception is org.springframework.beans.BeanInstantiationException: Could not instantiate bean class [org.ssoup.denv.server.api.ApiConfig$$EnhancerBySpringCGLIB$$10719c70]: No default constructor found; nested exception is java.lang.NoSuchMethodException: org.ssoup.denv.server.api.ApiConfig$$EnhancerBySpringCGLIB$$10719c70.&lt;init&gt;()
	at org.springframework.beans.factory.annotation.AutowiredAnnotationBeanPostProcessor.postProcessPropertyValues(AutowiredAnnotationBeanPostProcessor.java:292)
	at org.springframework.beans.factory.support.AbstractAutowireCapableBeanFactory.populateBean(AbstractAutowireCapableBeanFactory.java:1185)
	at org.springframework.beans.factory.support.AbstractAutowireCapableBeanFactory.doCreateBean(AbstractAutowireCapableBeanFactory.java:537)
	at org.springframework.beans.factory.support.AbstractAutowireCapableBeanFactory.createBean(AbstractAutowireCapableBeanFactory.java:475)
	at org.springframework.beans.factory.support.AbstractBeanFactory$1.getObject(AbstractBeanFactory.java:302)
	at org.springframework.beans.factory.support.DefaultSingletonBeanRegistry.getSingleton(DefaultSingletonBeanRegistry.java:228)
	at org.springframework.beans.factory.support.AbstractBeanFactory.doGetBean(AbstractBeanFactory.java:298)
	at org.springframework.beans.factory.support.AbstractBeanFactory.getBean(AbstractBeanFactory.java:198)
	at org.springframework.beans.factory.support.DefaultListableBeanFactory.getBeansOfType(DefaultListableBeanFactory.java:470)
	at org.springframework.beans.factory.support.DefaultListableBeanFactory.getBeansOfType(DefaultListableBeanFactory.java:459)
	at org.springframework.security.config.annotation.web.configuration.AutowiredWebSecurityConfigurersIgnoreParents.getWebSecurityConfigurers(AutowiredWebSecurityConfigurersIgnoreParents.java:52)
	at sun.reflect.NativeMethodAccessorImpl.invoke0(Native Method)
	at sun.reflect.NativeMethodAccessorImpl.invoke(NativeMethodAccessorImpl.java:57)
	at sun.reflect.DelegatingMethodAccessorImpl.invoke(DelegatingMethodAccessorImpl.java:43)
	at java.lang.reflect.Method.invoke(Method.java:601)
	at org.springframework.expression.spel.support.ReflectiveMethodExecutor.execute(ReflectiveMethodExecutor.java:63)
	at org.springframework.expression.spel.ast.MethodReference.getValueInternal(MethodReference.java:122)
	at org.springframework.expression.spel.ast.MethodReference.access$000(MethodReference.java:44)
	at org.springframework.expression.spel.ast.MethodReference$MethodValueRef.getValue(MethodReference.java:258)
	at org.springframework.expression.spel.ast.CompoundExpression.getValueInternal(CompoundExpression.java:84)
	at org.springframework.expression.spel.ast.SpelNodeImpl.getValue(SpelNodeImpl.java:103)
	at org.springframework.expression.spel.standard.SpelExpression.getValue(SpelExpression.java:94)
	at org.springframework.context.expression.StandardBeanExpressionResolver.evaluate(StandardBeanExpressionResolver.java:143)
	... 37 more
Caused by: org.springframework.beans.factory.BeanCreationException: Could not autowire method: public void org.springframework.security.config.annotation.web.configuration.WebSecurityConfigurerAdapter.setContentNegotationStrategy(org.springframework.web.accept.ContentNegotiationStrategy); nested exception is org.springframework.beans.factory.BeanCreationException: Error creating bean with name &apos;org.springframework.web.servlet.config.annotation.DelegatingWebMvcConfiguration&apos;: Injection of autowired dependencies failed; nested exception is org.springframework.beans.factory.BeanCreationException: Could not autowire method: public void org.springframework.web.servlet.config.annotation.DelegatingWebMvcConfiguration.setConfigurers(java.util.List); nested exception is org.springframework.beans.factory.BeanCreationException: Error creating bean with name &apos;apiConfig&apos; defined in URL [jar:file:/C:/workspaces/denv/denv-server/target/denv-server-0.1.0.jar!/org/ssoup/denv/server/api/ApiConfig.class]: Instantiation of bean failed; nested exception is org.springframework.beans.BeanInstantiationException: Could not instantiate bean class [org.ssoup.denv.server.api.ApiConfig$$EnhancerBySpringCGLIB$$10719c70]: No default constructor found; nested exception is java.lang.NoSuchMethodException: org.ssoup.denv.server.api.ApiConfig$$EnhancerBySpringCGLIB$$10719c70.&lt;init&gt;()
	at org.springframework.beans.factory.annotation.AutowiredAnnotationBeanPostProcessor$AutowiredMethodElement.inject(AutowiredAnnotationBeanPostProcessor.java:596)
	at org.springframework.beans.factory.annotation.InjectionMetadata.inject(InjectionMetadata.java:87)
	at org.springframework.beans.factory.annotation.AutowiredAnnotationBeanPostProcessor.postProcessPropertyValues(AutowiredAnnotationBeanPostProcessor.java:289)
	... 59 more
Caused by: org.springframework.beans.factory.BeanCreationException: Error creating bean with name &apos;org.springframework.web.servlet.config.annotation.DelegatingWebMvcConfiguration&apos;: Injection of autowired dependencies failed; nested exception is org.springframework.beans.factory.BeanCreationException: Could not autowire method: public void org.springframework.web.servlet.config.annotation.DelegatingWebMvcConfiguration.setConfigurers(java.util.List); nested exception is org.springframework.beans.factory.BeanCreationException: Error creating bean with name &apos;apiConfig&apos; defined in URL [jar:file:/C:/workspaces/denv/denv-server/target/denv-server-0.1.0.jar!/org/ssoup/denv/server/api/ApiConfig.class]: Instantiation of bean failed; nested exception is org.springframework.beans.BeanInstantiationException: Could not instantiate bean class [org.ssoup.denv.server.api.ApiConfig$$EnhancerBySpringCGLIB$$10719c70]: No default constructor found; nested exception is java.lang.NoSuchMethodException: org.ssoup.denv.server.api.ApiConfig$$EnhancerBySpringCGLIB$$10719c70.&lt;init&gt;()
	at org.springframework.beans.factory.annotation.AutowiredAnnotationBeanPostProcessor.postProcessPropertyValues(AutowiredAnnotationBeanPostProcessor.java:292)
	at org.springframework.beans.factory.support.AbstractAutowireCapableBeanFactory.populateBean(AbstractAutowireCapableBeanFactory.java:1185)
	at org.springframework.beans.factory.support.AbstractAutowireCapableBeanFactory.doCreateBean(AbstractAutowireCapableBeanFactory.java:537)
	at org.springframework.beans.factory.support.AbstractAutowireCapableBeanFactory.createBean(AbstractAutowireCapableBeanFactory.java:475)
	at org.springframework.beans.factory.support.AbstractBeanFactory$1.getObject(AbstractBeanFactory.java:302)
	at org.springframework.beans.factory.support.DefaultSingletonBeanRegistry.getSingleton(DefaultSingletonBeanRegistry.java:228)
	at org.springframework.beans.factory.support.AbstractBeanFactory.doGetBean(AbstractBeanFactory.java:298)
	at org.springframework.beans.factory.support.AbstractBeanFactory.getBean(AbstractBeanFactory.java:193)
	at org.springframework.beans.factory.support.ConstructorResolver.instantiateUsingFactoryMethod(ConstructorResolver.java:370)
	at org.springframework.beans.factory.support.AbstractAutowireCapableBeanFactory.instantiateUsingFactoryMethod(AbstractAutowireCapableBeanFactory.java:1094)
	at org.springframework.beans.factory.support.AbstractAutowireCapableBeanFactory.createBeanInstance(AbstractAutowireCapableBeanFactory.java:989)
	at org.springframework.beans.factory.support.AbstractAutowireCapableBeanFactory.doCreateBean(AbstractAutowireCapableBeanFactory.java:504)
	at org.springframework.beans.factory.support.AbstractAutowireCapableBeanFactory.createBean(AbstractAutowireCapableBeanFactory.java:475)
	at org.springframework.beans.factory.support.AbstractBeanFactory$1.getObject(AbstractBeanFactory.java:302)
	at org.springframework.beans.factory.support.DefaultSingletonBeanRegistry.getSingleton(DefaultSingletonBeanRegistry.java:228)
	at org.springframework.beans.factory.support.AbstractBeanFactory.doGetBean(AbstractBeanFactory.java:298)
	at org.springframework.beans.factory.support.AbstractBeanFactory.getBean(AbstractBeanFactory.java:193)
	at org.springframework.beans.factory.support.DefaultListableBeanFactory.findAutowireCandidates(DefaultListableBeanFactory.java:1017)
	at org.springframework.beans.factory.support.DefaultListableBeanFactory.doResolveDependency(DefaultListableBeanFactory.java:960)
	at org.springframework.beans.factory.support.DefaultListableBeanFactory.resolveDependency(DefaultListableBeanFactory.java:858)
	at org.springframework.beans.factory.annotation.AutowiredAnnotationBeanPostProcessor$AutowiredMethodElement.inject(AutowiredAnnotationBeanPostProcessor.java:553)
	... 61 more
Caused by: org.springframework.beans.factory.BeanCreationException: Could not autowire method: public void org.springframework.web.servlet.config.annotation.DelegatingWebMvcConfiguration.setConfigurers(java.util.List); nested exception is org.springframework.beans.factory.BeanCreationException: Error creating bean with name &apos;apiConfig&apos; defined in URL [jar:file:/C:/workspaces/denv/denv-server/target/denv-server-0.1.0.jar!/org/ssoup/denv/server/api/ApiConfig.class]: Instantiation of bean failed; nested exception is org.springframework.beans.BeanInstantiationException: Could not instantiate bean class [org.ssoup.denv.server.api.ApiConfig$$EnhancerBySpringCGLIB$$10719c70]: No default constructor found; nested exception is java.lang.NoSuchMethodException: org.ssoup.denv.server.api.ApiConfig$$EnhancerBySpringCGLIB$$10719c70.&lt;init&gt;()
	at org.springframework.beans.factory.annotation.AutowiredAnnotationBeanPostProcessor$AutowiredMethodElement.inject(AutowiredAnnotationBeanPostProcessor.java:596)
	at org.springframework.beans.factory.annotation.InjectionMetadata.inject(InjectionMetadata.java:87)
	at org.springframework.beans.factory.annotation.AutowiredAnnotationBeanPostProcessor.postProcessPropertyValues(AutowiredAnnotationBeanPostProcessor.java:289)
	... 81 more
Caused by: org.springframework.beans.factory.BeanCreationException: Error creating bean with name &apos;apiConfig&apos; defined in URL [jar:file:/C:/workspaces/denv/denv-server/target/denv-server-0.1.0.jar!/org/ssoup/denv/server/api/ApiConfig.class]: Instantiation of bean failed; nested exception is org.springframework.beans.BeanInstantiationException: Could not instantiate bean class [org.ssoup.denv.server.api.ApiConfig$$EnhancerBySpringCGLIB$$10719c70]: No default constructor found; nested exception is java.lang.NoSuchMethodException: org.ssoup.denv.server.api.ApiConfig$$EnhancerBySpringCGLIB$$10719c70.&lt;init&gt;()
	at org.springframework.beans.factory.support.AbstractAutowireCapableBeanFactory.instantiateBean(AbstractAutowireCapableBeanFactory.java:1076)
	at org.springframework.beans.factory.support.AbstractAutowireCapableBeanFactory.createBeanInstance(AbstractAutowireCapableBeanFactory.java:1021)
	at org.springframework.beans.factory.support.AbstractAutowireCapableBeanFactory.doCreateBean(AbstractAutowireCapableBeanFactory.java:504)
	at org.springframework.beans.factory.support.AbstractAutowireCapableBeanFactory.createBean(AbstractAutowireCapableBeanFactory.java:475)
	at org.springframework.beans.factory.support.AbstractBeanFactory$1.getObject(AbstractBeanFactory.java:302)
	at org.springframework.beans.factory.support.DefaultSingletonBeanRegistry.getSingleton(DefaultSingletonBeanRegistry.java:228)
	at org.springframework.beans.factory.support.AbstractBeanFactory.doGetBean(AbstractBeanFactory.java:298)
	at org.springframework.beans.factory.support.AbstractBeanFactory.getBean(AbstractBeanFactory.java:193)
	at org.springframework.beans.factory.support.DefaultListableBeanFactory.findAutowireCandidates(DefaultListableBeanFactory.java:1017)
	at org.springframework.beans.factory.support.DefaultListableBeanFactory.doResolveDependency(DefaultListableBeanFactory.java:912)
	at org.springframework.beans.factory.support.DefaultListableBeanFactory.resolveDependency(DefaultListableBeanFactory.java:858)
	at org.springframework.beans.factory.annotation.AutowiredAnnotationBeanPostProcessor$AutowiredMethodElement.inject(AutowiredAnnotationBeanPostProcessor.java:553)
	... 83 more
Caused by: org.springframework.beans.BeanInstantiationException: Could not instantiate bean class [org.ssoup.denv.server.api.ApiConfig$$EnhancerBySpringCGLIB$$10719c70]: No default constructor found; nested exception is java.lang.NoSuchMethodException: org.ssoup.denv.server.api.ApiConfig$$EnhancerBySpringCGLIB$$10719c70.&lt;init&gt;()
	at org.springframework.beans.factory.support.SimpleInstantiationStrategy.instantiate(SimpleInstantiationStrategy.java:85)
	at org.springframework.beans.factory.support.AbstractAutowireCapableBeanFactory.instantiateBean(AbstractAutowireCapableBeanFactory.java:1069)
	... 94 more
Caused by: java.lang.NoSuchMethodException: org.ssoup.denv.server.api.ApiConfig$$EnhancerBySpringCGLIB$$10719c70.&lt;init&gt;()
	at java.lang.Class.getConstructor0(Class.java:2730)
	at java.lang.Class.getDeclaredConstructor(Class.java:2004)
	at org.springframework.beans.factory.support.SimpleInstantiationStrategy.instantiate(SimpleInstantiationStrategy.java:80)
	... 95 more
</error>
    <system-out>2014-08-28 16:58:35.364 DEBUG 9700 --- [           main] o.s.w.c.s.StandardServletEnvironment     : Adding [servletConfigInitParams] PropertySource with lowest search precedence
2014-08-28 16:58:35.365 DEBUG 9700 --- [           main] o.s.w.c.s.StandardServletEnvironment     : Adding [servletContextInitParams] PropertySource with lowest search precedence
2014-08-28 16:58:35.365 DEBUG 9700 --- [           main] o.s.w.c.s.StandardServletEnvironment     : Adding [jndiProperties] PropertySource with lowest search precedence
2014-08-28 16:58:35.366 DEBUG 9700 --- [           main] o.s.w.c.s.StandardServletEnvironment     : Adding [systemProperties] PropertySource with lowest search precedence
2014-08-28 16:58:35.366 DEBUG 9700 --- [           main] o.s.w.c.s.StandardServletEnvironment     : Adding [systemEnvironment] PropertySource with lowest search precedence
2014-08-28 16:58:35.367 DEBUG 9700 --- [           main] o.s.w.c.s.StandardServletEnvironment     : Initialized StandardServletEnvironment with PropertySources [servletConfigInitParams,servletContextInitParams,jndiProperties,systemProperties,systemEnvironment]
2014-08-28 16:58:35.368 DEBUG 9700 --- [           main] o.s.w.c.s.StandardServletEnvironment     : Adding [integrationTest] PropertySource with search precedence immediately lower than [systemEnvironment]

  .   ____          _            __ _ _
 /\\ / ___&apos;_ __ _ _(_)_ __  __ _ \ \ \ \
( ( )\___ | &apos;_ | &apos;_| | &apos;_ \/ _` | \ \ \ \
 \\/  ___)| |_)| | | | | || (_| |  ) ) ) )
  &apos;  |____| .__|_| |_|_| |_\__, | / / / /
 =========|_|==============|___/=/_/_/_/
 :: Spring Boot ::        (v1.1.4.RELEASE)

2014-08-28 16:58:35.518 DEBUG 9700 --- [           main] o.s.w.c.s.StandardServletEnvironment     : Adding [servletConfigInitParams] PropertySource with lowest search precedence
2014-08-28 16:58:35.519 DEBUG 9700 --- [           main] o.s.w.c.s.StandardServletEnvironment     : Adding [servletContextInitParams] PropertySource with lowest search precedence
2014-08-28 16:58:35.519 DEBUG 9700 --- [           main] o.s.w.c.s.StandardServletEnvironment     : Adding [jndiProperties] PropertySource with lowest search precedence
2014-08-28 16:58:35.520 DEBUG 9700 --- [           main] o.s.w.c.s.StandardServletEnvironment     : Adding [systemProperties] PropertySource with lowest search precedence
2014-08-28 16:58:35.521 DEBUG 9700 --- [           main] o.s.w.c.s.StandardServletEnvironment     : Adding [systemEnvironment] PropertySource with lowest search precedence
2014-08-28 16:58:35.522 DEBUG 9700 --- [           main] o.s.w.c.s.StandardServletEnvironment     : Initialized StandardServletEnvironment with PropertySources [servletConfigInitParams,servletContextInitParams,jndiProperties,systemProperties,systemEnvironment]
2014-08-28 16:58:35.528  INFO 9700 --- [           main] o.a.m.surefire.booter.SurefireBooter     : Starting SurefireBooter v2.4.3 on Alderai with PID 9700 (C:\Users\ALB\.m2\repository\org\apache\maven\surefire\surefire-booter\2.4.3\surefire-booter-2.4.3.jar started by ALB in C:\workspaces\denv\denv-server-integration-test)
2014-08-28 16:58:35.535  INFO 9700 --- [           main] ationConfigEmbeddedWebApplicationContext : Refreshing org.springframework.boot.context.embedded.AnnotationConfigEmbeddedWebApplicationContext@353beae7: startup date [Thu Aug 28 16:58:35 CEST 2014]; root of context hierarchy
2014-08-28 16:58:35.754 DEBUG 9700 --- [           main] o.s.w.c.s.StandardServletEnvironment     : Adding [class path resource [application.properties]] PropertySource with lowest search precedence
2014-08-28 16:58:35.781  INFO 9700 --- [           main] o.s.b.f.s.DefaultListableBeanFactory     : Overriding bean definition for bean &apos;beanNameViewResolver&apos;: replacing [Root bean: class [null]; scope=; abstract=false; lazyInit=false; autowireMode=3; dependencyCheck=0; autowireCandidate=true; primary=false; factoryBeanName=org.springframework.boot.autoconfigure.web.ErrorMvcAutoConfiguration$WhitelabelErrorViewConfiguration; factoryMethodName=beanNameViewResolver; initMethodName=null; destroyMethodName=(inferred); defined in class path resource [org/springframework/boot/autoconfigure/web/ErrorMvcAutoConfiguration$WhitelabelErrorViewConfiguration.class]] with [Root bean: class [null]; scope=; abstract=false; lazyInit=false; autowireMode=3; dependencyCheck=0; autowireCandidate=true; primary=false; factoryBeanName=org.springframework.boot.autoconfigure.web.WebMvcAutoConfiguration$WebMvcAutoConfigurationAdapter; factoryMethodName=beanNameViewResolver; initMethodName=null; destroyMethodName=(inferred); defined in class path resource [org/springframework/boot/autoconfigure/web/WebMvcAutoConfiguration$WebMvcAutoConfigurationAdapter.class]]
2014-08-28 16:58:35.955 DEBUG 9700 --- [           main] o.s.w.c.s.StandardServletEnvironment     : Adding [applicationConfig: [classpath:/application.properties]] PropertySource with search precedence immediately lower than [applicationConfigurationProperties]
2014-08-28 16:58:35.956 DEBUG 9700 --- [           main] o.s.w.c.s.StandardServletEnvironment     : Removing [applicationConfigurationProperties] PropertySource
2014-08-28 16:58:35.956 DEBUG 9700 --- [           main] o.s.w.c.s.StandardServletEnvironment     : Removing [defaultProperties] PropertySource
2014-08-28 16:58:35.970  INFO 9700 --- [           main] f.a.AutowiredAnnotationBeanPostProcessor : JSR-330 &apos;javax.inject.Inject&apos; annotation found and supported for autowiring
2014-08-28 16:58:36.094  INFO 9700 --- [           main] .t.TomcatEmbeddedServletContainerFactory : Server initialized with port: 8080
2014-08-28 16:58:36.096  INFO 9700 --- [           main] o.apache.catalina.core.StandardService   : Starting service Tomcat
2014-08-28 16:58:36.099  INFO 9700 --- [           main] org.apache.catalina.core.StandardEngine  : Starting Servlet Engine: Apache Tomcat/7.0.54
2014-08-28 16:58:36.120  INFO 9700 --- [ost-startStop-1] o.a.c.c.C.[Tomcat-3].[localhost].[/]     : Initializing Spring embedded WebApplicationContext
2014-08-28 16:58:36.122 DEBUG 9700 --- [ost-startStop-1] o.s.web.context.ContextLoader            : Published root WebApplicationContext as ServletContext attribute with name [org.springframework.web.context.WebApplicationContext.ROOT]
2014-08-28 16:58:36.123  INFO 9700 --- [ost-startStop-1] o.s.web.context.ContextLoader            : Root WebApplicationContext: initialization completed in 588 ms
2014-08-28 16:58:36.226 ERROR 9700 --- [ost-startStop-1] rvletContextInitializerLifecycleListener : Error starting Tomcat context: org.springframework.beans.factory.BeanCreationException
2014-08-28 16:58:36.234  INFO 9700 --- [           main] .b.l.ClasspathLoggingApplicationListener : Application failed to start with classpath: [file:/C:/Users/ALB/AppData/Local/Temp/surefirebooter6941556018687466244.jar]
2014-08-28 16:58:36.242 ERROR 9700 --- [           main] o.s.boot.SpringApplication               : Application startup failed

org.springframework.context.ApplicationContextException: Unable to start embedded container; nested exception is org.springframework.boot.context.embedded.EmbeddedServletContainerException: Unable to start embedded Tomcat
	at org.springframework.boot.context.embedded.EmbeddedWebApplicationContext.onRefresh(EmbeddedWebApplicationContext.java:135)
	at org.springframework.context.support.AbstractApplicationContext.refresh(AbstractApplicationContext.java:476)
	at org.springframework.boot.context.embedded.EmbeddedWebApplicationContext.refresh(EmbeddedWebApplicationContext.java:120)
	at org.springframework.boot.SpringApplication.refresh(SpringApplication.java:691)
	at org.springframework.boot.SpringApplication.run(SpringApplication.java:320)
	at org.springframework.boot.test.SpringApplicationContextLoader.loadContext(SpringApplicationContextLoader.java:107)
	at org.springframework.test.context.CacheAwareContextLoaderDelegate.loadContextInternal(CacheAwareContextLoaderDelegate.java:64)
	at org.springframework.test.context.CacheAwareContextLoaderDelegate.loadContext(CacheAwareContextLoaderDelegate.java:91)
	at org.springframework.test.context.DefaultTestContext.getApplicationContext(DefaultTestContext.java:101)
	at org.springframework.test.context.support.DependencyInjectionTestExecutionListener.injectDependencies(DependencyInjectionTestExecutionListener.java:109)
	at org.springframework.test.context.support.DependencyInjectionTestExecutionListener.prepareTestInstance(DependencyInjectionTestExecutionListener.java:75)
	at org.springframework.test.context.TestContextManager.prepareTestInstance(TestContextManager.java:331)
	at org.springframework.test.context.junit4.SpringJUnit4ClassRunner.createTest(SpringJUnit4ClassRunner.java:213)
	at org.springframework.test.context.junit4.SpringJUnit4ClassRunner$1.runReflectiveCall(SpringJUnit4ClassRunner.java:290)
	at org.junit.internal.runners.model.ReflectiveCallable.run(ReflectiveCallable.java:12)
	at org.springframework.test.context.junit4.SpringJUnit4ClassRunner.methodBlock(SpringJUnit4ClassRunner.java:292)
	at org.springframework.test.context.junit4.SpringJUnit4ClassRunner.runChild(SpringJUnit4ClassRunner.java:233)
	at org.springframework.test.context.junit4.SpringJUnit4ClassRunner.runChild(SpringJUnit4ClassRunner.java:87)
	at org.junit.runners.ParentRunner$3.run(ParentRunner.java:238)
	at org.junit.runners.ParentRunner$1.schedule(ParentRunner.java:63)
	at org.junit.runners.ParentRunner.runChildren(ParentRunner.java:236)
	at org.junit.runners.ParentRunner.access$000(ParentRunner.java:53)
	at org.junit.runners.ParentRunner$2.evaluate(ParentRunner.java:229)
	at org.springframework.test.context.junit4.statements.RunBeforeTestClassCallbacks.evaluate(RunBeforeTestClassCallbacks.java:61)
	at org.springframework.test.context.junit4.statements.RunAfterTestClassCallbacks.evaluate(RunAfterTestClassCallbacks.java:71)
	at org.junit.runners.ParentRunner.run(ParentRunner.java:309)
	at org.springframework.test.context.junit4.SpringJUnit4ClassRunner.run(SpringJUnit4ClassRunner.java:176)
	at org.apache.maven.surefire.junit4.JUnit4TestSet.execute(JUnit4TestSet.java:62)
	at org.apache.maven.surefire.suite.AbstractDirectoryTestSuite.executeTestSet(AbstractDirectoryTestSuite.java:140)
	at org.apache.maven.surefire.suite.AbstractDirectoryTestSuite.execute(AbstractDirectoryTestSuite.java:127)
	at org.apache.maven.surefire.Surefire.run(Surefire.java:177)
	at sun.reflect.NativeMethodAccessorImpl.invoke0(Native Method)
	at sun.reflect.NativeMethodAccessorImpl.invoke(NativeMethodAccessorImpl.java:57)
	at sun.reflect.DelegatingMethodAccessorImpl.invoke(DelegatingMethodAccessorImpl.java:43)
	at java.lang.reflect.Method.invoke(Method.java:601)
	at org.apache.maven.surefire.booter.SurefireBooter.runSuitesInProcess(SurefireBooter.java:345)
	at org.apache.maven.surefire.booter.SurefireBooter.main(SurefireBooter.java:1009)
Caused by: org.springframework.boot.context.embedded.EmbeddedServletContainerException: Unable to start embedded Tomcat
	at org.springframework.boot.context.embedded.tomcat.TomcatEmbeddedServletContainer.initialize(TomcatEmbeddedServletContainer.java:100)
	at org.springframework.boot.context.embedded.tomcat.TomcatEmbeddedServletContainer.&lt;init&gt;(TomcatEmbeddedServletContainer.java:74)
	at org.springframework.boot.context.embedded.tomcat.TomcatEmbeddedServletContainerFactory.getTomcatEmbeddedServletContainer(TomcatEmbeddedServletContainerFactory.java:289)
	at org.springframework.boot.context.embedded.tomcat.TomcatEmbeddedServletContainerFactory.getEmbeddedServletContainer(TomcatEmbeddedServletContainerFactory.java:146)
	at org.springframework.boot.context.embedded.EmbeddedWebApplicationContext.createEmbeddedServletContainer(EmbeddedWebApplicationContext.java:159)
	at org.springframework.boot.context.embedded.EmbeddedWebApplicationContext.onRefresh(EmbeddedWebApplicationContext.java:132)
	... 36 common frames omitted
Caused by: org.springframework.beans.factory.BeanCreationException: Error creating bean with name &apos;org.springframework.security.config.annotation.web.configuration.WebSecurityConfiguration&apos;: Injection of autowired dependencies failed; nested exception is org.springframework.beans.factory.BeanCreationException: Could not autowire method: public void org.springframework.security.config.annotation.web.configuration.WebSecurityConfiguration.setFilterChainProxySecurityConfigurer(org.springframework.security.config.annotation.ObjectPostProcessor,java.util.List) throws java.lang.Exception; nested exception is org.springframework.beans.factory.BeanExpressionException: Expression parsing failed; nested exception is org.springframework.beans.factory.BeanCreationException: Error creating bean with name &apos;securityConfig&apos;: Injection of autowired dependencies failed; nested exception is org.springframework.beans.factory.BeanCreationException: Could not autowire method: public void org.springframework.security.config.annotation.web.configuration.WebSecurityConfigurerAdapter.setContentNegotationStrategy(org.springframework.web.accept.ContentNegotiationStrategy); nested exception is org.springframework.beans.factory.BeanCreationException: Error creating bean with name &apos;org.springframework.web.servlet.config.annotation.DelegatingWebMvcConfiguration&apos;: Injection of autowired dependencies failed; nested exception is org.springframework.beans.factory.BeanCreationException: Could not autowire method: public void org.springframework.web.servlet.config.annotation.DelegatingWebMvcConfiguration.setConfigurers(java.util.List); nested exception is org.springframework.beans.factory.BeanCreationException: Error creating bean with name &apos;apiConfig&apos; defined in URL [jar:file:/C:/workspaces/denv/denv-server/target/denv-server-0.1.0.jar!/org/ssoup/denv/server/api/ApiConfig.class]: Instantiation of bean failed; nested exception is org.springframework.beans.BeanInstantiationException: Could not instantiate bean class [org.ssoup.denv.server.api.ApiConfig$$EnhancerBySpringCGLIB$$10719c70]: No default constructor found; nested exception is java.lang.NoSuchMethodException: org.ssoup.denv.server.api.ApiConfig$$EnhancerBySpringCGLIB$$10719c70.&lt;init&gt;()
	at org.springframework.beans.factory.annotation.AutowiredAnnotationBeanPostProcessor.postProcessPropertyValues(AutowiredAnnotationBeanPostProcessor.java:292)
	at org.springframework.beans.factory.support.AbstractAutowireCapableBeanFactory.populateBean(AbstractAutowireCapableBeanFactory.java:1185)
	at org.springframework.beans.factory.support.AbstractAutowireCapableBeanFactory.doCreateBean(AbstractAutowireCapableBeanFactory.java:537)
	at org.springframework.beans.factory.support.AbstractAutowireCapableBeanFactory.createBean(AbstractAutowireCapableBeanFactory.java:475)
	at org.springframework.beans.factory.support.AbstractBeanFactory$1.getObject(AbstractBeanFactory.java:302)
	at org.springframework.beans.factory.support.DefaultSingletonBeanRegistry.getSingleton(DefaultSingletonBeanRegistry.java:228)
	at org.springframework.beans.factory.support.AbstractBeanFactory.doGetBean(AbstractBeanFactory.java:298)
	at org.springframework.beans.factory.support.AbstractBeanFactory.getBean(AbstractBeanFactory.java:193)
	at org.springframework.beans.factory.support.ConstructorResolver.instantiateUsingFactoryMethod(ConstructorResolver.java:370)
	at org.springframework.beans.factory.support.AbstractAutowireCapableBeanFactory.instantiateUsingFactoryMethod(AbstractAutowireCapableBeanFactory.java:1094)
	at org.springframework.beans.factory.support.AbstractAutowireCapableBeanFactory.createBeanInstance(AbstractAutowireCapableBeanFactory.java:989)
	at org.springframework.beans.factory.support.AbstractAutowireCapableBeanFactory.doCreateBean(AbstractAutowireCapableBeanFactory.java:504)
	at org.springframework.beans.factory.support.AbstractAutowireCapableBeanFactory.createBean(AbstractAutowireCapableBeanFactory.java:475)
	at org.springframework.beans.factory.support.AbstractBeanFactory$1.getObject(AbstractBeanFactory.java:302)
	at org.springframework.beans.factory.support.DefaultSingletonBeanRegistry.getSingleton(DefaultSingletonBeanRegistry.java:228)
	at org.springframework.beans.factory.support.AbstractBeanFactory.doGetBean(AbstractBeanFactory.java:298)
	at org.springframework.beans.factory.support.AbstractBeanFactory.getBean(AbstractBeanFactory.java:198)
	at org.springframework.boot.context.embedded.EmbeddedWebApplicationContext.getOrderedBeansOfType(EmbeddedWebApplicationContext.java:367)
	at org.springframework.boot.context.embedded.EmbeddedWebApplicationContext.getServletContextInitializerBeans(EmbeddedWebApplicationContext.java:268)
	at org.springframework.boot.context.embedded.EmbeddedWebApplicationContext$1.onStartup(EmbeddedWebApplicationContext.java:213)
	at org.springframework.boot.context.embedded.tomcat.ServletContextInitializerLifecycleListener.lifecycleEvent(ServletContextInitializerLifecycleListener.java:64)
	at org.apache.catalina.util.LifecycleSupport.fireLifecycleEvent(LifecycleSupport.java:117)
	at org.apache.catalina.util.LifecycleBase.fireLifecycleEvent(LifecycleBase.java:90)
	at org.apache.catalina.core.StandardContext.startInternal(StandardContext.java:5355)
	at org.apache.catalina.util.LifecycleBase.start(LifecycleBase.java:150)
	at org.apache.catalina.core.ContainerBase$StartChild.call(ContainerBase.java:1559)
	at org.apache.catalina.core.ContainerBase$StartChild.call(ContainerBase.java:1549)
	at java.util.concurrent.FutureTask$Sync.innerRun(FutureTask.java:334)
	at java.util.concurrent.FutureTask.run(FutureTask.java:166)
	at java.util.concurrent.ThreadPoolExecutor.runWorker(ThreadPoolExecutor.java:1145)
	at java.util.concurrent.ThreadPoolExecutor$Worker.run(ThreadPoolExecutor.java:615)
	at java.lang.Thread.run(Thread.java:722)
Caused by: org.springframework.beans.factory.BeanCreationException: Could not autowire method: public void org.springframework.security.config.annotation.web.configuration.WebSecurityConfiguration.setFilterChainProxySecurityConfigurer(org.springframework.security.config.annotation.ObjectPostProcessor,java.util.List) throws java.lang.Exception; nested exception is org.springframework.beans.factory.BeanExpressionException: Expression parsing failed; nested exception is org.springframework.beans.factory.BeanCreationException: Error creating bean with name &apos;securityConfig&apos;: Injection of autowired dependencies failed; nested exception is org.springframework.beans.factory.BeanCreationException: Could not autowire method: public void org.springframework.security.config.annotation.web.configuration.WebSecurityConfigurerAdapter.setContentNegotationStrategy(org.springframework.web.accept.ContentNegotiationStrategy); nested exception is org.springframework.beans.factory.BeanCreationException: Error creating bean with name &apos;org.springframework.web.servlet.config.annotation.DelegatingWebMvcConfiguration&apos;: Injection of autowired dependencies failed; nested exception is org.springframework.beans.factory.BeanCreationException: Could not autowire method: public void org.springframework.web.servlet.config.annotation.DelegatingWebMvcConfiguration.setConfigurers(java.util.List); nested exception is org.springframework.beans.factory.BeanCreationException: Error creating bean with name &apos;apiConfig&apos; defined in URL [jar:file:/C:/workspaces/denv/denv-server/target/denv-server-0.1.0.jar!/org/ssoup/denv/server/api/ApiConfig.class]: Instantiation of bean failed; nested exception is org.springframework.beans.BeanInstantiationException: Could not instantiate bean class [org.ssoup.denv.server.api.ApiConfig$$EnhancerBySpringCGLIB$$10719c70]: No default constructor found; nested exception is java.lang.NoSuchMethodException: org.ssoup.denv.server.api.ApiConfig$$EnhancerBySpringCGLIB$$10719c70.&lt;init&gt;()
	at org.springframework.beans.factory.annotation.AutowiredAnnotationBeanPostProcessor$AutowiredMethodElement.inject(AutowiredAnnotationBeanPostProcessor.java:596)
	at org.springframework.beans.factory.annotation.InjectionMetadata.inject(InjectionMetadata.java:87)
	at org.springframework.beans.factory.annotation.AutowiredAnnotationBeanPostProcessor.postProcessPropertyValues(AutowiredAnnotationBeanPostProcessor.java:289)
	... 31 common frames omitted
Caused by: org.springframework.beans.factory.BeanExpressionException: Expression parsing failed; nested exception is org.springframework.beans.factory.BeanCreationException: Error creating bean with name &apos;securityConfig&apos;: Injection of autowired dependencies failed; nested exception is org.springframework.beans.factory.BeanCreationException: Could not autowire method: public void org.springframework.security.config.annotation.web.configuration.WebSecurityConfigurerAdapter.setContentNegotationStrategy(org.springframework.web.accept.ContentNegotiationStrategy); nested exception is org.springframework.beans.factory.BeanCreationException: Error creating bean with name &apos;org.springframework.web.servlet.config.annotation.DelegatingWebMvcConfiguration&apos;: Injection of autowired dependencies failed; nested exception is org.springframework.beans.factory.BeanCreationException: Could not autowire method: public void org.springframework.web.servlet.config.annotation.DelegatingWebMvcConfiguration.setConfigurers(java.util.List); nested exception is org.springframework.beans.factory.BeanCreationException: Error creating bean with name &apos;apiConfig&apos; defined in URL [jar:file:/C:/workspaces/denv/denv-server/target/denv-server-0.1.0.jar!/org/ssoup/denv/server/api/ApiConfig.class]: Instantiation of bean failed; nested exception is org.springframework.beans.BeanInstantiationException: Could not instantiate bean class [org.ssoup.denv.server.api.ApiConfig$$EnhancerBySpringCGLIB$$10719c70]: No default constructor found; nested exception is java.lang.NoSuchMethodException: org.ssoup.denv.server.api.ApiConfig$$EnhancerBySpringCGLIB$$10719c70.&lt;init&gt;()
	at org.springframework.context.expression.StandardBeanExpressionResolver.evaluate(StandardBeanExpressionResolver.java:146)
	at org.springframework.beans.factory.support.AbstractBeanFactory.evaluateBeanDefinitionString(AbstractBeanFactory.java:1362)
	at org.springframework.beans.factory.support.DefaultListableBeanFactory.doResolveDependency(DefaultListableBeanFactory.java:873)
	at org.springframework.beans.factory.support.DefaultListableBeanFactory.resolveDependency(DefaultListableBeanFactory.java:858)
	at org.springframework.beans.factory.annotation.AutowiredAnnotationBeanPostProcessor$AutowiredMethodElement.inject(AutowiredAnnotationBeanPostProcessor.java:553)
	... 33 common frames omitted
Caused by: org.springframework.beans.factory.BeanCreationException: Error creating bean with name &apos;securityConfig&apos;: Injection of autowired dependencies failed; nested exception is org.springframework.beans.factory.BeanCreationException: Could not autowire method: public void org.springframework.security.config.annotation.web.configuration.WebSecurityConfigurerAdapter.setContentNegotationStrategy(org.springframework.web.accept.ContentNegotiationStrategy); nested exception is org.springframework.beans.factory.BeanCreationException: Error creating bean with name &apos;org.springframework.web.servlet.config.annotation.DelegatingWebMvcConfiguration&apos;: Injection of autowired dependencies failed; nested exception is org.springframework.beans.factory.BeanCreationException: Could not autowire method: public void org.springframework.web.servlet.config.annotation.DelegatingWebMvcConfiguration.setConfigurers(java.util.List); nested exception is org.springframework.beans.factory.BeanCreationException: Error creating bean with name &apos;apiConfig&apos; defined in URL [jar:file:/C:/workspaces/denv/denv-server/target/denv-server-0.1.0.jar!/org/ssoup/denv/server/api/ApiConfig.class]: Instantiation of bean failed; nested exception is org.springframework.beans.BeanInstantiationException: Could not instantiate bean class [org.ssoup.denv.server.api.ApiConfig$$EnhancerBySpringCGLIB$$10719c70]: No default constructor found; nested exception is java.lang.NoSuchMethodException: org.ssoup.denv.server.api.ApiConfig$$EnhancerBySpringCGLIB$$10719c70.&lt;init&gt;()
	at org.springframework.beans.factory.annotation.AutowiredAnnotationBeanPostProcessor.postProcessPropertyValues(AutowiredAnnotationBeanPostProcessor.java:292)
	at org.springframework.beans.factory.support.AbstractAutowireCapableBeanFactory.populateBean(AbstractAutowireCapableBeanFactory.java:1185)
	at org.springframework.beans.factory.support.AbstractAutowireCapableBeanFactory.doCreateBean(AbstractAutowireCapableBeanFactory.java:537)
	at org.springframework.beans.factory.support.AbstractAutowireCapableBeanFactory.createBean(AbstractAutowireCapableBeanFactory.java:475)
	at org.springframework.beans.factory.support.AbstractBeanFactory$1.getObject(AbstractBeanFactory.java:302)
	at org.springframework.beans.factory.support.DefaultSingletonBeanRegistry.getSingleton(DefaultSingletonBeanRegistry.java:228)
	at org.springframework.beans.factory.support.AbstractBeanFactory.doGetBean(AbstractBeanFactory.java:298)
	at org.springframework.beans.factory.support.AbstractBeanFactory.getBean(AbstractBeanFactory.java:198)
	at org.springframework.beans.factory.support.DefaultListableBeanFactory.getBeansOfType(DefaultListableBeanFactory.java:470)
	at org.springframework.beans.factory.support.DefaultListableBeanFactory.getBeansOfType(DefaultListableBeanFactory.java:459)
	at org.springframework.security.config.annotation.web.configuration.AutowiredWebSecurityConfigurersIgnoreParents.getWebSecurityConfigurers(AutowiredWebSecurityConfigurersIgnoreParents.java:52)
	at sun.reflect.NativeMethodAccessorImpl.invoke0(Native Method)
	at sun.reflect.NativeMethodAccessorImpl.invoke(NativeMethodAccessorImpl.java:57)
	at sun.reflect.DelegatingMethodAccessorImpl.invoke(DelegatingMethodAccessorImpl.java:43)
	at java.lang.reflect.Method.invoke(Method.java:601)
	at org.springframework.expression.spel.support.ReflectiveMethodExecutor.execute(ReflectiveMethodExecutor.java:63)
	at org.springframework.expression.spel.ast.MethodReference.getValueInternal(MethodReference.java:122)
	at org.springframework.expression.spel.ast.MethodReference.access$000(MethodReference.java:44)
	at org.springframework.expression.spel.ast.MethodReference$MethodValueRef.getValue(MethodReference.java:258)
	at org.springframework.expression.spel.ast.CompoundExpression.getValueInternal(CompoundExpression.java:84)
	at org.springframework.expression.spel.ast.SpelNodeImpl.getValue(SpelNodeImpl.java:103)
	at org.springframework.expression.spel.standard.SpelExpression.getValue(SpelExpression.java:94)
	at org.springframework.context.expression.StandardBeanExpressionResolver.evaluate(StandardBeanExpressionResolver.java:143)
	... 37 common frames omitted
Caused by: org.springframework.beans.factory.BeanCreationException: Could not autowire method: public void org.springframework.security.config.annotation.web.configuration.WebSecurityConfigurerAdapter.setContentNegotationStrategy(org.springframework.web.accept.ContentNegotiationStrategy); nested exception is org.springframework.beans.factory.BeanCreationException: Error creating bean with name &apos;org.springframework.web.servlet.config.annotation.DelegatingWebMvcConfiguration&apos;: Injection of autowired dependencies failed; nested exception is org.springframework.beans.factory.BeanCreationException: Could not autowire method: public void org.springframework.web.servlet.config.annotation.DelegatingWebMvcConfiguration.setConfigurers(java.util.List); nested exception is org.springframework.beans.factory.BeanCreationException: Error creating bean with name &apos;apiConfig&apos; defined in URL [jar:file:/C:/workspaces/denv/denv-server/target/denv-server-0.1.0.jar!/org/ssoup/denv/server/api/ApiConfig.class]: Instantiation of bean failed; nested exception is org.springframework.beans.BeanInstantiationException: Could not instantiate bean class [org.ssoup.denv.server.api.ApiConfig$$EnhancerBySpringCGLIB$$10719c70]: No default constructor found; nested exception is java.lang.NoSuchMethodException: org.ssoup.denv.server.api.ApiConfig$$EnhancerBySpringCGLIB$$10719c70.&lt;init&gt;()
	at org.springframework.beans.factory.annotation.AutowiredAnnotationBeanPostProcessor$AutowiredMethodElement.inject(AutowiredAnnotationBeanPostProcessor.java:596)
	at org.springframework.beans.factory.annotation.InjectionMetadata.inject(InjectionMetadata.java:87)
	at org.springframework.beans.factory.annotation.AutowiredAnnotationBeanPostProcessor.postProcessPropertyValues(AutowiredAnnotationBeanPostProcessor.java:289)
	... 59 common frames omitted
Caused by: org.springframework.beans.factory.BeanCreationException: Error creating bean with name &apos;org.springframework.web.servlet.config.annotation.DelegatingWebMvcConfiguration&apos;: Injection of autowired dependencies failed; nested exception is org.springframework.beans.factory.BeanCreationException: Could not autowire method: public void org.springframework.web.servlet.config.annotation.DelegatingWebMvcConfiguration.setConfigurers(java.util.List); nested exception is org.springframework.beans.factory.BeanCreationException: Error creating bean with name &apos;apiConfig&apos; defined in URL [jar:file:/C:/workspaces/denv/denv-server/target/denv-server-0.1.0.jar!/org/ssoup/denv/server/api/ApiConfig.class]: Instantiation of bean failed; nested exception is org.springframework.beans.BeanInstantiationException: Could not instantiate bean class [org.ssoup.denv.server.api.ApiConfig$$EnhancerBySpringCGLIB$$10719c70]: No default constructor found; nested exception is java.lang.NoSuchMethodException: org.ssoup.denv.server.api.ApiConfig$$EnhancerBySpringCGLIB$$10719c70.&lt;init&gt;()
	at org.springframework.beans.factory.annotation.AutowiredAnnotationBeanPostProcessor.postProcessPropertyValues(AutowiredAnnotationBeanPostProcessor.java:292)
	at org.springframework.beans.factory.support.AbstractAutowireCapableBeanFactory.populateBean(AbstractAutowireCapableBeanFactory.java:1185)
	at org.springframework.beans.factory.support.AbstractAutowireCapableBeanFactory.doCreateBean(AbstractAutowireCapableBeanFactory.java:537)
	at org.springframework.beans.factory.support.AbstractAutowireCapableBeanFactory.createBean(AbstractAutowireCapableBeanFactory.java:475)
	at org.springframework.beans.factory.support.AbstractBeanFactory$1.getObject(AbstractBeanFactory.java:302)
	at org.springframework.beans.factory.support.DefaultSingletonBeanRegistry.getSingleton(DefaultSingletonBeanRegistry.java:228)
	at org.springframework.beans.factory.support.AbstractBeanFactory.doGetBean(AbstractBeanFactory.java:298)
	at org.springframework.beans.factory.support.AbstractBeanFactory.getBean(AbstractBeanFactory.java:193)
	at org.springframework.beans.factory.support.ConstructorResolver.instantiateUsingFactoryMethod(ConstructorResolver.java:370)
	at org.springframework.beans.factory.support.AbstractAutowireCapableBeanFactory.instantiateUsingFactoryMethod(AbstractAutowireCapableBeanFactory.java:1094)
	at org.springframework.beans.factory.support.AbstractAutowireCapableBeanFactory.createBeanInstance(AbstractAutowireCapableBeanFactory.java:989)
	at org.springframework.beans.factory.support.AbstractAutowireCapableBeanFactory.doCreateBean(AbstractAutowireCapableBeanFactory.java:504)
	at org.springframework.beans.factory.support.AbstractAutowireCapableBeanFactory.createBean(AbstractAutowireCapableBeanFactory.java:475)
	at org.springframework.beans.factory.support.AbstractBeanFactory$1.getObject(AbstractBeanFactory.java:302)
	at org.springframework.beans.factory.support.DefaultSingletonBeanRegistry.getSingleton(DefaultSingletonBeanRegistry.java:228)
	at org.springframework.beans.factory.support.AbstractBeanFactory.doGetBean(AbstractBeanFactory.java:298)
	at org.springframework.beans.factory.support.AbstractBeanFactory.getBean(AbstractBeanFactory.java:193)
	at org.springframework.beans.factory.support.DefaultListableBeanFactory.findAutowireCandidates(DefaultListableBeanFactory.java:1017)
	at org.springframework.beans.factory.support.DefaultListableBeanFactory.doResolveDependency(DefaultListableBeanFactory.java:960)
	at org.springframework.beans.factory.support.DefaultListableBeanFactory.resolveDependency(DefaultListableBeanFactory.java:858)
	at org.springframework.beans.factory.annotation.AutowiredAnnotationBeanPostProcessor$AutowiredMethodElement.inject(AutowiredAnnotationBeanPostProcessor.java:553)
	... 61 common frames omitted
Caused by: org.springframework.beans.factory.BeanCreationException: Could not autowire method: public void org.springframework.web.servlet.config.annotation.DelegatingWebMvcConfiguration.setConfigurers(java.util.List); nested exception is org.springframework.beans.factory.BeanCreationException: Error creating bean with name &apos;apiConfig&apos; defined in URL [jar:file:/C:/workspaces/denv/denv-server/target/denv-server-0.1.0.jar!/org/ssoup/denv/server/api/ApiConfig.class]: Instantiation of bean failed; nested exception is org.springframework.beans.BeanInstantiationException: Could not instantiate bean class [org.ssoup.denv.server.api.ApiConfig$$EnhancerBySpringCGLIB$$10719c70]: No default constructor found; nested exception is java.lang.NoSuchMethodException: org.ssoup.denv.server.api.ApiConfig$$EnhancerBySpringCGLIB$$10719c70.&lt;init&gt;()
	at org.springframework.beans.factory.annotation.AutowiredAnnotationBeanPostProcessor$AutowiredMethodElement.inject(AutowiredAnnotationBeanPostProcessor.java:596)
	at org.springframework.beans.factory.annotation.InjectionMetadata.inject(InjectionMetadata.java:87)
	at org.springframework.beans.factory.annotation.AutowiredAnnotationBeanPostProcessor.postProcessPropertyValues(AutowiredAnnotationBeanPostProcessor.java:289)
	... 81 common frames omitted
Caused by: org.springframework.beans.factory.BeanCreationException: Error creating bean with name &apos;apiConfig&apos; defined in URL [jar:file:/C:/workspaces/denv/denv-server/target/denv-server-0.1.0.jar!/org/ssoup/denv/server/api/ApiConfig.class]: Instantiation of bean failed; nested exception is org.springframework.beans.BeanInstantiationException: Could not instantiate bean class [org.ssoup.denv.server.api.ApiConfig$$EnhancerBySpringCGLIB$$10719c70]: No default constructor found; nested exception is java.lang.NoSuchMethodException: org.ssoup.denv.server.api.ApiConfig$$EnhancerBySpringCGLIB$$10719c70.&lt;init&gt;()
	at org.springframework.beans.factory.support.AbstractAutowireCapableBeanFactory.instantiateBean(AbstractAutowireCapableBeanFactory.java:1076)
	at org.springframework.beans.factory.support.AbstractAutowireCapableBeanFactory.createBeanInstance(AbstractAutowireCapableBeanFactory.java:1021)
	at org.springframework.beans.factory.support.AbstractAutowireCapableBeanFactory.doCreateBean(AbstractAutowireCapableBeanFactory.java:504)
	at org.springframework.beans.factory.support.AbstractAutowireCapableBeanFactory.createBean(AbstractAutowireCapableBeanFactory.java:475)
	at org.springframework.beans.factory.support.AbstractBeanFactory$1.getObject(AbstractBeanFactory.java:302)
	at org.springframework.beans.factory.support.DefaultSingletonBeanRegistry.getSingleton(DefaultSingletonBeanRegistry.java:228)
	at org.springframework.beans.factory.support.AbstractBeanFactory.doGetBean(AbstractBeanFactory.java:298)
	at org.springframework.beans.factory.support.AbstractBeanFactory.getBean(AbstractBeanFactory.java:193)
	at org.springframework.beans.factory.support.DefaultListableBeanFactory.findAutowireCandidates(DefaultListableBeanFactory.java:1017)
	at org.springframework.beans.factory.support.DefaultListableBeanFactory.doResolveDependency(DefaultListableBeanFactory.java:912)
	at org.springframework.beans.factory.support.DefaultListableBeanFactory.resolveDependency(DefaultListableBeanFactory.java:858)
	at org.springframework.beans.factory.annotation.AutowiredAnnotationBeanPostProcessor$AutowiredMethodElement.inject(AutowiredAnnotationBeanPostProcessor.java:553)
	... 83 common frames omitted
Caused by: org.springframework.beans.BeanInstantiationException: Could not instantiate bean class [org.ssoup.denv.server.api.ApiConfig$$EnhancerBySpringCGLIB$$10719c70]: No default constructor found; nested exception is java.lang.NoSuchMethodException: org.ssoup.denv.server.api.ApiConfig$$EnhancerBySpringCGLIB$$10719c70.&lt;init&gt;()
	at org.springframework.beans.factory.support.SimpleInstantiationStrategy.instantiate(SimpleInstantiationStrategy.java:85)
	at org.springframework.beans.factory.support.AbstractAutowireCapableBeanFactory.instantiateBean(AbstractAutowireCapableBeanFactory.java:1069)
	... 94 common frames omitted
Caused by: java.lang.NoSuchMethodException: org.ssoup.denv.server.api.ApiConfig$$EnhancerBySpringCGLIB$$10719c70.&lt;init&gt;()
	at java.lang.Class.getConstructor0(Class.java:2730)
	at java.lang.Class.getDeclaredConstructor(Class.java:2004)
	at org.springframework.beans.factory.support.SimpleInstantiationStrategy.instantiate(SimpleInstantiationStrategy.java:80)
	... 95 common frames omitted

2014-08-28 16:58:36.671 ERROR 9700 --- [           main] o.s.test.context.TestContextManager      : Caught exception while allowing TestExecutionListener [org.springframework.test.context.support.DependencyInjectionTestExecutionListener@e45a028] to prepare test instance [org.ssoup.denv.server.test.BasicTest@2760b402]

java.lang.IllegalStateException: Failed to load ApplicationContext
	at org.springframework.test.context.CacheAwareContextLoaderDelegate.loadContext(CacheAwareContextLoaderDelegate.java:99)
	at org.springframework.test.context.DefaultTestContext.getApplicationContext(DefaultTestContext.java:101)
	at org.springframework.test.context.support.DependencyInjectionTestExecutionListener.injectDependencies(DependencyInjectionTestExecutionListener.java:109)
	at org.springframework.test.context.support.DependencyInjectionTestExecutionListener.prepareTestInstance(DependencyInjectionTestExecutionListener.java:75)
	at org.springframework.test.context.TestContextManager.prepareTestInstance(TestContextManager.java:331)
	at org.springframework.test.context.junit4.SpringJUnit4ClassRunner.createTest(SpringJUnit4ClassRunner.java:213)
	at org.springframework.test.context.junit4.SpringJUnit4ClassRunner$1.runReflectiveCall(SpringJUnit4ClassRunner.java:290)
	at org.junit.internal.runners.model.ReflectiveCallable.run(ReflectiveCallable.java:12)
	at org.springframework.test.context.junit4.SpringJUnit4ClassRunner.methodBlock(SpringJUnit4ClassRunner.java:292)
	at org.springframework.test.context.junit4.SpringJUnit4ClassRunner.runChild(SpringJUnit4ClassRunner.java:233)
	at org.springframework.test.context.junit4.SpringJUnit4ClassRunner.runChild(SpringJUnit4ClassRunner.java:87)
	at org.junit.runners.ParentRunner$3.run(ParentRunner.java:238)
	at org.junit.runners.ParentRunner$1.schedule(ParentRunner.java:63)
	at org.junit.runners.ParentRunner.runChildren(ParentRunner.java:236)
	at org.junit.runners.ParentRunner.access$000(ParentRunner.java:53)
	at org.junit.runners.ParentRunner$2.evaluate(ParentRunner.java:229)
	at org.springframework.test.context.junit4.statements.RunBeforeTestClassCallbacks.evaluate(RunBeforeTestClassCallbacks.java:61)
	at org.springframework.test.context.junit4.statements.RunAfterTestClassCallbacks.evaluate(RunAfterTestClassCallbacks.java:71)
	at org.junit.runners.ParentRunner.run(ParentRunner.java:309)
	at org.springframework.test.context.junit4.SpringJUnit4ClassRunner.run(SpringJUnit4ClassRunner.java:176)
	at org.apache.maven.surefire.junit4.JUnit4TestSet.execute(JUnit4TestSet.java:62)
	at org.apache.maven.surefire.suite.AbstractDirectoryTestSuite.executeTestSet(AbstractDirectoryTestSuite.java:140)
	at org.apache.maven.surefire.suite.AbstractDirectoryTestSuite.execute(AbstractDirectoryTestSuite.java:127)
	at org.apache.maven.surefire.Surefire.run(Surefire.java:177)
	at sun.reflect.NativeMethodAccessorImpl.invoke0(Native Method)
	at sun.reflect.NativeMethodAccessorImpl.invoke(NativeMethodAccessorImpl.java:57)
	at sun.reflect.DelegatingMethodAccessorImpl.invoke(DelegatingMethodAccessorImpl.java:43)
	at java.lang.reflect.Method.invoke(Method.java:601)
	at org.apache.maven.surefire.booter.SurefireBooter.runSuitesInProcess(SurefireBooter.java:345)
	at org.apache.maven.surefire.booter.SurefireBooter.main(SurefireBooter.java:1009)
Caused by: org.springframework.context.ApplicationContextException: Unable to start embedded container; nested exception is org.springframework.boot.context.embedded.EmbeddedServletContainerException: Unable to start embedded Tomcat
	at org.springframework.boot.context.embedded.EmbeddedWebApplicationContext.onRefresh(EmbeddedWebApplicationContext.java:135)
	at org.springframework.context.support.AbstractApplicationContext.refresh(AbstractApplicationContext.java:476)
	at org.springframework.boot.context.embedded.EmbeddedWebApplicationContext.refresh(EmbeddedWebApplicationContext.java:120)
	at org.springframework.boot.SpringApplication.refresh(SpringApplication.java:691)
	at org.springframework.boot.SpringApplication.run(SpringApplication.java:320)
	at org.springframework.boot.test.SpringApplicationContextLoader.loadContext(SpringApplicationContextLoader.java:107)
	at org.springframework.test.context.CacheAwareContextLoaderDelegate.loadContextInternal(CacheAwareContextLoaderDelegate.java:64)
	at org.springframework.test.context.CacheAwareContextLoaderDelegate.loadContext(CacheAwareContextLoaderDelegate.java:91)
	... 29 common frames omitted
Caused by: org.springframework.boot.context.embedded.EmbeddedServletContainerException: Unable to start embedded Tomcat
	at org.springframework.boot.context.embedded.tomcat.TomcatEmbeddedServletContainer.initialize(TomcatEmbeddedServletContainer.java:100)
	at org.springframework.boot.context.embedded.tomcat.TomcatEmbeddedServletContainer.&lt;init&gt;(TomcatEmbeddedServletContainer.java:74)
	at org.springframework.boot.context.embedded.tomcat.TomcatEmbeddedServletContainerFactory.getTomcatEmbeddedServletContainer(TomcatEmbeddedServletContainerFactory.java:289)
	at org.springframework.boot.context.embedded.tomcat.TomcatEmbeddedServletContainerFactory.getEmbeddedServletContainer(TomcatEmbeddedServletContainerFactory.java:146)
	at org.springframework.boot.context.embedded.EmbeddedWebApplicationContext.createEmbeddedServletContainer(EmbeddedWebApplicationContext.java:159)
	at org.springframework.boot.context.embedded.EmbeddedWebApplicationContext.onRefresh(EmbeddedWebApplicationContext.java:132)
	... 36 common frames omitted
Caused by: org.springframework.beans.factory.BeanCreationException: Error creating bean with name &apos;org.springframework.security.config.annotation.web.configuration.WebSecurityConfiguration&apos;: Injection of autowired dependencies failed; nested exception is org.springframework.beans.factory.BeanCreationException: Could not autowire method: public void org.springframework.security.config.annotation.web.configuration.WebSecurityConfiguration.setFilterChainProxySecurityConfigurer(org.springframework.security.config.annotation.ObjectPostProcessor,java.util.List) throws java.lang.Exception; nested exception is org.springframework.beans.factory.BeanExpressionException: Expression parsing failed; nested exception is org.springframework.beans.factory.BeanCreationException: Error creating bean with name &apos;securityConfig&apos;: Injection of autowired dependencies failed; nested exception is org.springframework.beans.factory.BeanCreationException: Could not autowire method: public void org.springframework.security.config.annotation.web.configuration.WebSecurityConfigurerAdapter.setContentNegotationStrategy(org.springframework.web.accept.ContentNegotiationStrategy); nested exception is org.springframework.beans.factory.BeanCreationException: Error creating bean with name &apos;org.springframework.web.servlet.config.annotation.DelegatingWebMvcConfiguration&apos;: Injection of autowired dependencies failed; nested exception is org.springframework.beans.factory.BeanCreationException: Could not autowire method: public void org.springframework.web.servlet.config.annotation.DelegatingWebMvcConfiguration.setConfigurers(java.util.List); nested exception is org.springframework.beans.factory.BeanCreationException: Error creating bean with name &apos;apiConfig&apos; defined in URL [jar:file:/C:/workspaces/denv/denv-server/target/denv-server-0.1.0.jar!/org/ssoup/denv/server/api/ApiConfig.class]: Instantiation of bean failed; nested exception is org.springframework.beans.BeanInstantiationException: Could not instantiate bean class [org.ssoup.denv.server.api.ApiConfig$$EnhancerBySpringCGLIB$$10719c70]: No default constructor found; nested exception is java.lang.NoSuchMethodException: org.ssoup.denv.server.api.ApiConfig$$EnhancerBySpringCGLIB$$10719c70.&lt;init&gt;()
	at org.springframework.beans.factory.annotation.AutowiredAnnotationBeanPostProcessor.postProcessPropertyValues(AutowiredAnnotationBeanPostProcessor.java:292)
	at org.springframework.beans.factory.support.AbstractAutowireCapableBeanFactory.populateBean(AbstractAutowireCapableBeanFactory.java:1185)
	at org.springframework.beans.factory.support.AbstractAutowireCapableBeanFactory.doCreateBean(AbstractAutowireCapableBeanFactory.java:537)
	at org.springframework.beans.factory.support.AbstractAutowireCapableBeanFactory.createBean(AbstractAutowireCapableBeanFactory.java:475)
	at org.springframework.beans.factory.support.AbstractBeanFactory$1.getObject(AbstractBeanFactory.java:302)
	at org.springframework.beans.factory.support.DefaultSingletonBeanRegistry.getSingleton(DefaultSingletonBeanRegistry.java:228)
	at org.springframework.beans.factory.support.AbstractBeanFactory.doGetBean(AbstractBeanFactory.java:298)
	at org.springframework.beans.factory.support.AbstractBeanFactory.getBean(AbstractBeanFactory.java:193)
	at org.springframework.beans.factory.support.ConstructorResolver.instantiateUsingFactoryMethod(ConstructorResolver.java:370)
	at org.springframework.beans.factory.support.AbstractAutowireCapableBeanFactory.instantiateUsingFactoryMethod(AbstractAutowireCapableBeanFactory.java:1094)
	at org.springframework.beans.factory.support.AbstractAutowireCapableBeanFactory.createBeanInstance(AbstractAutowireCapableBeanFactory.java:989)
	at org.springframework.beans.factory.support.AbstractAutowireCapableBeanFactory.doCreateBean(AbstractAutowireCapableBeanFactory.java:504)
	at org.springframework.beans.factory.support.AbstractAutowireCapableBeanFactory.createBean(AbstractAutowireCapableBeanFactory.java:475)
	at org.springframework.beans.factory.support.AbstractBeanFactory$1.getObject(AbstractBeanFactory.java:302)
	at org.springframework.beans.factory.support.DefaultSingletonBeanRegistry.getSingleton(DefaultSingletonBeanRegistry.java:228)
	at org.springframework.beans.factory.support.AbstractBeanFactory.doGetBean(AbstractBeanFactory.java:298)
	at org.springframework.beans.factory.support.AbstractBeanFactory.getBean(AbstractBeanFactory.java:198)
	at org.springframework.boot.context.embedded.EmbeddedWebApplicationContext.getOrderedBeansOfType(EmbeddedWebApplicationContext.java:367)
	at org.springframework.boot.context.embedded.EmbeddedWebApplicationContext.getServletContextInitializerBeans(EmbeddedWebApplicationContext.java:268)
	at org.springframework.boot.context.embedded.EmbeddedWebApplicationContext$1.onStartup(EmbeddedWebApplicationContext.java:213)
	at org.springframework.boot.context.embedded.tomcat.ServletContextInitializerLifecycleListener.lifecycleEvent(ServletContextInitializerLifecycleListener.java:64)
	at org.apache.catalina.util.LifecycleSupport.fireLifecycleEvent(LifecycleSupport.java:117)
	at org.apache.catalina.util.LifecycleBase.fireLifecycleEvent(LifecycleBase.java:90)
	at org.apache.catalina.core.StandardContext.startInternal(StandardContext.java:5355)
	at org.apache.catalina.util.LifecycleBase.start(LifecycleBase.java:150)
	at org.apache.catalina.core.ContainerBase$StartChild.call(ContainerBase.java:1559)
	at org.apache.catalina.core.ContainerBase$StartChild.call(ContainerBase.java:1549)
	at java.util.concurrent.FutureTask$Sync.innerRun(FutureTask.java:334)
	at java.util.concurrent.FutureTask.run(FutureTask.java:166)
	at java.util.concurrent.ThreadPoolExecutor.runWorker(ThreadPoolExecutor.java:1145)
	at java.util.concurrent.ThreadPoolExecutor$Worker.run(ThreadPoolExecutor.java:615)
	at java.lang.Thread.run(Thread.java:722)
Caused by: org.springframework.beans.factory.BeanCreationException: Could not autowire method: public void org.springframework.security.config.annotation.web.configuration.WebSecurityConfiguration.setFilterChainProxySecurityConfigurer(org.springframework.security.config.annotation.ObjectPostProcessor,java.util.List) throws java.lang.Exception; nested exception is org.springframework.beans.factory.BeanExpressionException: Expression parsing failed; nested exception is org.springframework.beans.factory.BeanCreationException: Error creating bean with name &apos;securityConfig&apos;: Injection of autowired dependencies failed; nested exception is org.springframework.beans.factory.BeanCreationException: Could not autowire method: public void org.springframework.security.config.annotation.web.configuration.WebSecurityConfigurerAdapter.setContentNegotationStrategy(org.springframework.web.accept.ContentNegotiationStrategy); nested exception is org.springframework.beans.factory.BeanCreationException: Error creating bean with name &apos;org.springframework.web.servlet.config.annotation.DelegatingWebMvcConfiguration&apos;: Injection of autowired dependencies failed; nested exception is org.springframework.beans.factory.BeanCreationException: Could not autowire method: public void org.springframework.web.servlet.config.annotation.DelegatingWebMvcConfiguration.setConfigurers(java.util.List); nested exception is org.springframework.beans.factory.BeanCreationException: Error creating bean with name &apos;apiConfig&apos; defined in URL [jar:file:/C:/workspaces/denv/denv-server/target/denv-server-0.1.0.jar!/org/ssoup/denv/server/api/ApiConfig.class]: Instantiation of bean failed; nested exception is org.springframework.beans.BeanInstantiationException: Could not instantiate bean class [org.ssoup.denv.server.api.ApiConfig$$EnhancerBySpringCGLIB$$10719c70]: No default constructor found; nested exception is java.lang.NoSuchMethodException: org.ssoup.denv.server.api.ApiConfig$$EnhancerBySpringCGLIB$$10719c70.&lt;init&gt;()
	at org.springframework.beans.factory.annotation.AutowiredAnnotationBeanPostProcessor$AutowiredMethodElement.inject(AutowiredAnnotationBeanPostProcessor.java:596)
	at org.springframework.beans.factory.annotation.InjectionMetadata.inject(InjectionMetadata.java:87)
	at org.springframework.beans.factory.annotation.AutowiredAnnotationBeanPostProcessor.postProcessPropertyValues(AutowiredAnnotationBeanPostProcessor.java:289)
	... 31 common frames omitted
Caused by: org.springframework.beans.factory.BeanExpressionException: Expression parsing failed; nested exception is org.springframework.beans.factory.BeanCreationException: Error creating bean with name &apos;securityConfig&apos;: Injection of autowired dependencies failed; nested exception is org.springframework.beans.factory.BeanCreationException: Could not autowire method: public void org.springframework.security.config.annotation.web.configuration.WebSecurityConfigurerAdapter.setContentNegotationStrategy(org.springframework.web.accept.ContentNegotiationStrategy); nested exception is org.springframework.beans.factory.BeanCreationException: Error creating bean with name &apos;org.springframework.web.servlet.config.annotation.DelegatingWebMvcConfiguration&apos;: Injection of autowired dependencies failed; nested exception is org.springframework.beans.factory.BeanCreationException: Could not autowire method: public void org.springframework.web.servlet.config.annotation.DelegatingWebMvcConfiguration.setConfigurers(java.util.List); nested exception is org.springframework.beans.factory.BeanCreationException: Error creating bean with name &apos;apiConfig&apos; defined in URL [jar:file:/C:/workspaces/denv/denv-server/target/denv-server-0.1.0.jar!/org/ssoup/denv/server/api/ApiConfig.class]: Instantiation of bean failed; nested exception is org.springframework.beans.BeanInstantiationException: Could not instantiate bean class [org.ssoup.denv.server.api.ApiConfig$$EnhancerBySpringCGLIB$$10719c70]: No default constructor found; nested exception is java.lang.NoSuchMethodException: org.ssoup.denv.server.api.ApiConfig$$EnhancerBySpringCGLIB$$10719c70.&lt;init&gt;()
	at org.springframework.context.expression.StandardBeanExpressionResolver.evaluate(StandardBeanExpressionResolver.java:146)
	at org.springframework.beans.factory.support.AbstractBeanFactory.evaluateBeanDefinitionString(AbstractBeanFactory.java:1362)
	at org.springframework.beans.factory.support.DefaultListableBeanFactory.doResolveDependency(DefaultListableBeanFactory.java:873)
	at org.springframework.beans.factory.support.DefaultListableBeanFactory.resolveDependency(DefaultListableBeanFactory.java:858)
	at org.springframework.beans.factory.annotation.AutowiredAnnotationBeanPostProcessor$AutowiredMethodElement.inject(AutowiredAnnotationBeanPostProcessor.java:553)
	... 33 common frames omitted
Caused by: org.springframework.beans.factory.BeanCreationException: Error creating bean with name &apos;securityConfig&apos;: Injection of autowired dependencies failed; nested exception is org.springframework.beans.factory.BeanCreationException: Could not autowire method: public void org.springframework.security.config.annotation.web.configuration.WebSecurityConfigurerAdapter.setContentNegotationStrategy(org.springframework.web.accept.ContentNegotiationStrategy); nested exception is org.springframework.beans.factory.BeanCreationException: Error creating bean with name &apos;org.springframework.web.servlet.config.annotation.DelegatingWebMvcConfiguration&apos;: Injection of autowired dependencies failed; nested exception is org.springframework.beans.factory.BeanCreationException: Could not autowire method: public void org.springframework.web.servlet.config.annotation.DelegatingWebMvcConfiguration.setConfigurers(java.util.List); nested exception is org.springframework.beans.factory.BeanCreationException: Error creating bean with name &apos;apiConfig&apos; defined in URL [jar:file:/C:/workspaces/denv/denv-server/target/denv-server-0.1.0.jar!/org/ssoup/denv/server/api/ApiConfig.class]: Instantiation of bean failed; nested exception is org.springframework.beans.BeanInstantiationException: Could not instantiate bean class [org.ssoup.denv.server.api.ApiConfig$$EnhancerBySpringCGLIB$$10719c70]: No default constructor found; nested exception is java.lang.NoSuchMethodException: org.ssoup.denv.server.api.ApiConfig$$EnhancerBySpringCGLIB$$10719c70.&lt;init&gt;()
	at org.springframework.beans.factory.annotation.AutowiredAnnotationBeanPostProcessor.postProcessPropertyValues(AutowiredAnnotationBeanPostProcessor.java:292)
	at org.springframework.beans.factory.support.AbstractAutowireCapableBeanFactory.populateBean(AbstractAutowireCapableBeanFactory.java:1185)
	at org.springframework.beans.factory.support.AbstractAutowireCapableBeanFactory.doCreateBean(AbstractAutowireCapableBeanFactory.java:537)
	at org.springframework.beans.factory.support.AbstractAutowireCapableBeanFactory.createBean(AbstractAutowireCapableBeanFactory.java:475)
	at org.springframework.beans.factory.support.AbstractBeanFactory$1.getObject(AbstractBeanFactory.java:302)
	at org.springframework.beans.factory.support.DefaultSingletonBeanRegistry.getSingleton(DefaultSingletonBeanRegistry.java:228)
	at org.springframework.beans.factory.support.AbstractBeanFactory.doGetBean(AbstractBeanFactory.java:298)
	at org.springframework.beans.factory.support.AbstractBeanFactory.getBean(AbstractBeanFactory.java:198)
	at org.springframework.beans.factory.support.DefaultListableBeanFactory.getBeansOfType(DefaultListableBeanFactory.java:470)
	at org.springframework.beans.factory.support.DefaultListableBeanFactory.getBeansOfType(DefaultListableBeanFactory.java:459)
	at org.springframework.security.config.annotation.web.configuration.AutowiredWebSecurityConfigurersIgnoreParents.getWebSecurityConfigurers(AutowiredWebSecurityConfigurersIgnoreParents.java:52)
	at sun.reflect.NativeMethodAccessorImpl.invoke0(Native Method)
	at sun.reflect.NativeMethodAccessorImpl.invoke(NativeMethodAccessorImpl.java:57)
	at sun.reflect.DelegatingMethodAccessorImpl.invoke(DelegatingMethodAccessorImpl.java:43)
	at java.lang.reflect.Method.invoke(Method.java:601)
	at org.springframework.expression.spel.support.ReflectiveMethodExecutor.execute(ReflectiveMethodExecutor.java:63)
	at org.springframework.expression.spel.ast.MethodReference.getValueInternal(MethodReference.java:122)
	at org.springframework.expression.spel.ast.MethodReference.access$000(MethodReference.java:44)
	at org.springframework.expression.spel.ast.MethodReference$MethodValueRef.getValue(MethodReference.java:258)
	at org.springframework.expression.spel.ast.CompoundExpression.getValueInternal(CompoundExpression.java:84)
	at org.springframework.expression.spel.ast.SpelNodeImpl.getValue(SpelNodeImpl.java:103)
	at org.springframework.expression.spel.standard.SpelExpression.getValue(SpelExpression.java:94)
	at org.springframework.context.expression.StandardBeanExpressionResolver.evaluate(StandardBeanExpressionResolver.java:143)
	... 37 common frames omitted
Caused by: org.springframework.beans.factory.BeanCreationException: Could not autowire method: public void org.springframework.security.config.annotation.web.configuration.WebSecurityConfigurerAdapter.setContentNegotationStrategy(org.springframework.web.accept.ContentNegotiationStrategy); nested exception is org.springframework.beans.factory.BeanCreationException: Error creating bean with name &apos;org.springframework.web.servlet.config.annotation.DelegatingWebMvcConfiguration&apos;: Injection of autowired dependencies failed; nested exception is org.springframework.beans.factory.BeanCreationException: Could not autowire method: public void org.springframework.web.servlet.config.annotation.DelegatingWebMvcConfiguration.setConfigurers(java.util.List); nested exception is org.springframework.beans.factory.BeanCreationException: Error creating bean with name &apos;apiConfig&apos; defined in URL [jar:file:/C:/workspaces/denv/denv-server/target/denv-server-0.1.0.jar!/org/ssoup/denv/server/api/ApiConfig.class]: Instantiation of bean failed; nested exception is org.springframework.beans.BeanInstantiationException: Could not instantiate bean class [org.ssoup.denv.server.api.ApiConfig$$EnhancerBySpringCGLIB$$10719c70]: No default constructor found; nested exception is java.lang.NoSuchMethodException: org.ssoup.denv.server.api.ApiConfig$$EnhancerBySpringCGLIB$$10719c70.&lt;init&gt;()
	at org.springframework.beans.factory.annotation.AutowiredAnnotationBeanPostProcessor$AutowiredMethodElement.inject(AutowiredAnnotationBeanPostProcessor.java:596)
	at org.springframework.beans.factory.annotation.InjectionMetadata.inject(InjectionMetadata.java:87)
	at org.springframework.beans.factory.annotation.AutowiredAnnotationBeanPostProcessor.postProcessPropertyValues(AutowiredAnnotationBeanPostProcessor.java:289)
	... 59 common frames omitted
Caused by: org.springframework.beans.factory.BeanCreationException: Error creating bean with name &apos;org.springframework.web.servlet.config.annotation.DelegatingWebMvcConfiguration&apos;: Injection of autowired dependencies failed; nested exception is org.springframework.beans.factory.BeanCreationException: Could not autowire method: public void org.springframework.web.servlet.config.annotation.DelegatingWebMvcConfiguration.setConfigurers(java.util.List); nested exception is org.springframework.beans.factory.BeanCreationException: Error creating bean with name &apos;apiConfig&apos; defined in URL [jar:file:/C:/workspaces/denv/denv-server/target/denv-server-0.1.0.jar!/org/ssoup/denv/server/api/ApiConfig.class]: Instantiation of bean failed; nested exception is org.springframework.beans.BeanInstantiationException: Could not instantiate bean class [org.ssoup.denv.server.api.ApiConfig$$EnhancerBySpringCGLIB$$10719c70]: No default constructor found; nested exception is java.lang.NoSuchMethodException: org.ssoup.denv.server.api.ApiConfig$$EnhancerBySpringCGLIB$$10719c70.&lt;init&gt;()
	at org.springframework.beans.factory.annotation.AutowiredAnnotationBeanPostProcessor.postProcessPropertyValues(AutowiredAnnotationBeanPostProcessor.java:292)
	at org.springframework.beans.factory.support.AbstractAutowireCapableBeanFactory.populateBean(AbstractAutowireCapableBeanFactory.java:1185)
	at org.springframework.beans.factory.support.AbstractAutowireCapableBeanFactory.doCreateBean(AbstractAutowireCapableBeanFactory.java:537)
	at org.springframework.beans.factory.support.AbstractAutowireCapableBeanFactory.createBean(AbstractAutowireCapableBeanFactory.java:475)
	at org.springframework.beans.factory.support.AbstractBeanFactory$1.getObject(AbstractBeanFactory.java:302)
	at org.springframework.beans.factory.support.DefaultSingletonBeanRegistry.getSingleton(DefaultSingletonBeanRegistry.java:228)
	at org.springframework.beans.factory.support.AbstractBeanFactory.doGetBean(AbstractBeanFactory.java:298)
	at org.springframework.beans.factory.support.AbstractBeanFactory.getBean(AbstractBeanFactory.java:193)
	at org.springframework.beans.factory.support.ConstructorResolver.instantiateUsingFactoryMethod(ConstructorResolver.java:370)
	at org.springframework.beans.factory.support.AbstractAutowireCapableBeanFactory.instantiateUsingFactoryMethod(AbstractAutowireCapableBeanFactory.java:1094)
	at org.springframework.beans.factory.support.AbstractAutowireCapableBeanFactory.createBeanInstance(AbstractAutowireCapableBeanFactory.java:989)
	at org.springframework.beans.factory.support.AbstractAutowireCapableBeanFactory.doCreateBean(AbstractAutowireCapableBeanFactory.java:504)
	at org.springframework.beans.factory.support.AbstractAutowireCapableBeanFactory.createBean(AbstractAutowireCapableBeanFactory.java:475)
	at org.springframework.beans.factory.support.AbstractBeanFactory$1.getObject(AbstractBeanFactory.java:302)
	at org.springframework.beans.factory.support.DefaultSingletonBeanRegistry.getSingleton(DefaultSingletonBeanRegistry.java:228)
	at org.springframework.beans.factory.support.AbstractBeanFactory.doGetBean(AbstractBeanFactory.java:298)
	at org.springframework.beans.factory.support.AbstractBeanFactory.getBean(AbstractBeanFactory.java:193)
	at org.springframework.beans.factory.support.DefaultListableBeanFactory.findAutowireCandidates(DefaultListableBeanFactory.java:1017)
	at org.springframework.beans.factory.support.DefaultListableBeanFactory.doResolveDependency(DefaultListableBeanFactory.java:960)
	at org.springframework.beans.factory.support.DefaultListableBeanFactory.resolveDependency(DefaultListableBeanFactory.java:858)
	at org.springframework.beans.factory.annotation.AutowiredAnnotationBeanPostProcessor$AutowiredMethodElement.inject(AutowiredAnnotationBeanPostProcessor.java:553)
	... 61 common frames omitted
Caused by: org.springframework.beans.factory.BeanCreationException: Could not autowire method: public void org.springframework.web.servlet.config.annotation.DelegatingWebMvcConfiguration.setConfigurers(java.util.List); nested exception is org.springframework.beans.factory.BeanCreationException: Error creating bean with name &apos;apiConfig&apos; defined in URL [jar:file:/C:/workspaces/denv/denv-server/target/denv-server-0.1.0.jar!/org/ssoup/denv/server/api/ApiConfig.class]: Instantiation of bean failed; nested exception is org.springframework.beans.BeanInstantiationException: Could not instantiate bean class [org.ssoup.denv.server.api.ApiConfig$$EnhancerBySpringCGLIB$$10719c70]: No default constructor found; nested exception is java.lang.NoSuchMethodException: org.ssoup.denv.server.api.ApiConfig$$EnhancerBySpringCGLIB$$10719c70.&lt;init&gt;()
	at org.springframework.beans.factory.annotation.AutowiredAnnotationBeanPostProcessor$AutowiredMethodElement.inject(AutowiredAnnotationBeanPostProcessor.java:596)
	at org.springframework.beans.factory.annotation.InjectionMetadata.inject(InjectionMetadata.java:87)
	at org.springframework.beans.factory.annotation.AutowiredAnnotationBeanPostProcessor.postProcessPropertyValues(AutowiredAnnotationBeanPostProcessor.java:289)
	... 81 common frames omitted
Caused by: org.springframework.beans.factory.BeanCreationException: Error creating bean with name &apos;apiConfig&apos; defined in URL [jar:file:/C:/workspaces/denv/denv-server/target/denv-server-0.1.0.jar!/org/ssoup/denv/server/api/ApiConfig.class]: Instantiation of bean failed; nested exception is org.springframework.beans.BeanInstantiationException: Could not instantiate bean class [org.ssoup.denv.server.api.ApiConfig$$EnhancerBySpringCGLIB$$10719c70]: No default constructor found; nested exception is java.lang.NoSuchMethodException: org.ssoup.denv.server.api.ApiConfig$$EnhancerBySpringCGLIB$$10719c70.&lt;init&gt;()
	at org.springframework.beans.factory.support.AbstractAutowireCapableBeanFactory.instantiateBean(AbstractAutowireCapableBeanFactory.java:1076)
	at org.springframework.beans.factory.support.AbstractAutowireCapableBeanFactory.createBeanInstance(AbstractAutowireCapableBeanFactory.java:1021)
	at org.springframework.beans.factory.support.AbstractAutowireCapableBeanFactory.doCreateBean(AbstractAutowireCapableBeanFactory.java:504)
	at org.springframework.beans.factory.support.AbstractAutowireCapableBeanFactory.createBean(AbstractAutowireCapableBeanFactory.java:475)
	at org.springframework.beans.factory.support.AbstractBeanFactory$1.getObject(AbstractBeanFactory.java:302)
	at org.springframework.beans.factory.support.DefaultSingletonBeanRegistry.getSingleton(DefaultSingletonBeanRegistry.java:228)
	at org.springframework.beans.factory.support.AbstractBeanFactory.doGetBean(AbstractBeanFactory.java:298)
	at org.springframework.beans.factory.support.AbstractBeanFactory.getBean(AbstractBeanFactory.java:193)
	at org.springframework.beans.factory.support.DefaultListableBeanFactory.findAutowireCandidates(DefaultListableBeanFactory.java:1017)
	at org.springframework.beans.factory.support.DefaultListableBeanFactory.doResolveDependency(DefaultListableBeanFactory.java:912)
	at org.springframework.beans.factory.support.DefaultListableBeanFactory.resolveDependency(DefaultListableBeanFactory.java:858)
	at org.springframework.beans.factory.annotation.AutowiredAnnotationBeanPostProcessor$AutowiredMethodElement.inject(AutowiredAnnotationBeanPostProcessor.java:553)
	... 83 common frames omitted
Caused by: org.springframework.beans.BeanInstantiationException: Could not instantiate bean class [org.ssoup.denv.server.api.ApiConfig$$EnhancerBySpringCGLIB$$10719c70]: No default constructor found; nested exception is java.lang.NoSuchMethodException: org.ssoup.denv.server.api.ApiConfig$$EnhancerBySpringCGLIB$$10719c70.&lt;init&gt;()
	at org.springframework.beans.factory.support.SimpleInstantiationStrategy.instantiate(SimpleInstantiationStrategy.java:85)
	at org.springframework.beans.factory.support.AbstractAutowireCapableBeanFactory.instantiateBean(AbstractAutowireCapableBeanFactory.java:1069)
	... 94 common frames omitted
Caused by: java.lang.NoSuchMethodException: org.ssoup.denv.server.api.ApiConfig$$EnhancerBySpringCGLIB$$10719c70.&lt;init&gt;()
	at java.lang.Class.getConstructor0(Class.java:2730)
	at java.lang.Class.getDeclaredConstructor(Class.java:2004)
	at org.springframework.beans.factory.support.SimpleInstantiationStrategy.instantiate(SimpleInstantiationStrategy.java:80)
	... 95 common frames omitted

</system-out>
  </testcase>
  <testcase time="1.656" classname="org.ssoup.denv.server.test.BasicTest" name="registerFigApp">
    <error message="Failed to load ApplicationContext" type="java.lang.IllegalStateException">java.lang.IllegalStateException: Failed to load ApplicationContext
	at org.springframework.test.context.CacheAwareContextLoaderDelegate.loadContext(CacheAwareContextLoaderDelegate.java:99)
	at org.springframework.test.context.DefaultTestContext.getApplicationContext(DefaultTestContext.java:101)
	at org.springframework.test.context.support.DependencyInjectionTestExecutionListener.injectDependencies(DependencyInjectionTestExecutionListener.java:109)
	at org.springframework.test.context.support.DependencyInjectionTestExecutionListener.prepareTestInstance(DependencyInjectionTestExecutionListener.java:75)
	at org.springframework.test.context.TestContextManager.prepareTestInstance(TestContextManager.java:331)
	at org.springframework.test.context.junit4.SpringJUnit4ClassRunner.createTest(SpringJUnit4ClassRunner.java:213)
	at org.springframework.test.context.junit4.SpringJUnit4ClassRunner$1.runReflectiveCall(SpringJUnit4ClassRunner.java:290)
	at org.junit.internal.runners.model.ReflectiveCallable.run(ReflectiveCallable.java:12)
	at org.springframework.test.context.junit4.SpringJUnit4ClassRunner.methodBlock(SpringJUnit4ClassRunner.java:292)
	at org.springframework.test.context.junit4.SpringJUnit4ClassRunner.runChild(SpringJUnit4ClassRunner.java:233)
	at org.springframework.test.context.junit4.SpringJUnit4ClassRunner.runChild(SpringJUnit4ClassRunner.java:87)
	at org.junit.runners.ParentRunner$3.run(ParentRunner.java:238)
	at org.junit.runners.ParentRunner$1.schedule(ParentRunner.java:63)
	at org.junit.runners.ParentRunner.runChildren(ParentRunner.java:236)
	at org.junit.runners.ParentRunner.access$000(ParentRunner.java:53)
	at org.junit.runners.ParentRunner$2.evaluate(ParentRunner.java:229)
	at org.springframework.test.context.junit4.statements.RunBeforeTestClassCallbacks.evaluate(RunBeforeTestClassCallbacks.java:61)
	at org.springframework.test.context.junit4.statements.RunAfterTestClassCallbacks.evaluate(RunAfterTestClassCallbacks.java:71)
	at org.junit.runners.ParentRunner.run(ParentRunner.java:309)
	at org.springframework.test.context.junit4.SpringJUnit4ClassRunner.run(SpringJUnit4ClassRunner.java:176)
	at org.apache.maven.surefire.junit4.JUnit4TestSet.execute(JUnit4TestSet.java:62)
	at org.apache.maven.surefire.suite.AbstractDirectoryTestSuite.executeTestSet(AbstractDirectoryTestSuite.java:140)
	at org.apache.maven.surefire.suite.AbstractDirectoryTestSuite.execute(AbstractDirectoryTestSuite.java:127)
	at org.apache.maven.surefire.Surefire.run(Surefire.java:177)
	at sun.reflect.NativeMethodAccessorImpl.invoke0(Native Method)
	at sun.reflect.NativeMethodAccessorImpl.invoke(NativeMethodAccessorImpl.java:57)
	at sun.reflect.DelegatingMethodAccessorImpl.invoke(DelegatingMethodAccessorImpl.java:43)
	at java.lang.reflect.Method.invoke(Method.java:601)
	at org.apache.maven.surefire.booter.SurefireBooter.runSuitesInProcess(SurefireBooter.java:345)
	at org.apache.maven.surefire.booter.SurefireBooter.main(SurefireBooter.java:1009)
Caused by: org.springframework.context.ApplicationContextException: Unable to start embedded container; nested exception is org.springframework.boot.context.embedded.EmbeddedServletContainerException: Unable to start embedded Tomcat
	at org.springframework.boot.context.embedded.EmbeddedWebApplicationContext.onRefresh(EmbeddedWebApplicationContext.java:135)
	at org.springframework.context.support.AbstractApplicationContext.refresh(AbstractApplicationContext.java:476)
	at org.springframework.boot.context.embedded.EmbeddedWebApplicationContext.refresh(EmbeddedWebApplicationContext.java:120)
	at org.springframework.boot.SpringApplication.refresh(SpringApplication.java:691)
	at org.springframework.boot.SpringApplication.run(SpringApplication.java:320)
	at org.springframework.boot.test.SpringApplicationContextLoader.loadContext(SpringApplicationContextLoader.java:107)
	at org.springframework.test.context.CacheAwareContextLoaderDelegate.loadContextInternal(CacheAwareContextLoaderDelegate.java:64)
	at org.springframework.test.context.CacheAwareContextLoaderDelegate.loadContext(CacheAwareContextLoaderDelegate.java:91)
	... 29 more
Caused by: org.springframework.boot.context.embedded.EmbeddedServletContainerException: Unable to start embedded Tomcat
	at org.springframework.boot.context.embedded.tomcat.TomcatEmbeddedServletContainer.initialize(TomcatEmbeddedServletContainer.java:100)
	at org.springframework.boot.context.embedded.tomcat.TomcatEmbeddedServletContainer.&lt;init&gt;(TomcatEmbeddedServletContainer.java:74)
	at org.springframework.boot.context.embedded.tomcat.TomcatEmbeddedServletContainerFactory.getTomcatEmbeddedServletContainer(TomcatEmbeddedServletContainerFactory.java:289)
	at org.springframework.boot.context.embedded.tomcat.TomcatEmbeddedServletContainerFactory.getEmbeddedServletContainer(TomcatEmbeddedServletContainerFactory.java:146)
	at org.springframework.boot.context.embedded.EmbeddedWebApplicationContext.createEmbeddedServletContainer(EmbeddedWebApplicationContext.java:159)
	at org.springframework.boot.context.embedded.EmbeddedWebApplicationContext.onRefresh(EmbeddedWebApplicationContext.java:132)
	... 36 more
Caused by: org.springframework.beans.factory.BeanCreationException: Error creating bean with name &apos;org.springframework.security.config.annotation.web.configuration.WebSecurityConfiguration&apos;: Injection of autowired dependencies failed; nested exception is org.springframework.beans.factory.BeanCreationException: Could not autowire method: public void org.springframework.security.config.annotation.web.configuration.WebSecurityConfiguration.setFilterChainProxySecurityConfigurer(org.springframework.security.config.annotation.ObjectPostProcessor,java.util.List) throws java.lang.Exception; nested exception is org.springframework.beans.factory.BeanExpressionException: Expression parsing failed; nested exception is org.springframework.beans.factory.BeanCreationException: Error creating bean with name &apos;securityConfig&apos;: Injection of autowired dependencies failed; nested exception is org.springframework.beans.factory.BeanCreationException: Could not autowire method: public void org.springframework.security.config.annotation.web.configuration.WebSecurityConfigurerAdapter.setContentNegotationStrategy(org.springframework.web.accept.ContentNegotiationStrategy); nested exception is org.springframework.beans.factory.BeanCreationException: Error creating bean with name &apos;org.springframework.web.servlet.config.annotation.DelegatingWebMvcConfiguration&apos;: Injection of autowired dependencies failed; nested exception is org.springframework.beans.factory.BeanCreationException: Could not autowire method: public void org.springframework.web.servlet.config.annotation.DelegatingWebMvcConfiguration.setConfigurers(java.util.List); nested exception is org.springframework.beans.factory.BeanCreationException: Error creating bean with name &apos;apiConfig&apos; defined in URL [jar:file:/C:/workspaces/denv/denv-server/target/denv-server-0.1.0.jar!/org/ssoup/denv/server/api/ApiConfig.class]: Instantiation of bean failed; nested exception is org.springframework.beans.BeanInstantiationException: Could not instantiate bean class [org.ssoup.denv.server.api.ApiConfig$$EnhancerBySpringCGLIB$$10719c70]: No default constructor found; nested exception is java.lang.NoSuchMethodException: org.ssoup.denv.server.api.ApiConfig$$EnhancerBySpringCGLIB$$10719c70.&lt;init&gt;()
	at org.springframework.beans.factory.annotation.AutowiredAnnotationBeanPostProcessor.postProcessPropertyValues(AutowiredAnnotationBeanPostProcessor.java:292)
	at org.springframework.beans.factory.support.AbstractAutowireCapableBeanFactory.populateBean(AbstractAutowireCapableBeanFactory.java:1185)
	at org.springframework.beans.factory.support.AbstractAutowireCapableBeanFactory.doCreateBean(AbstractAutowireCapableBeanFactory.java:537)
	at org.springframework.beans.factory.support.AbstractAutowireCapableBeanFactory.createBean(AbstractAutowireCapableBeanFactory.java:475)
	at org.springframework.beans.factory.support.AbstractBeanFactory$1.getObject(AbstractBeanFactory.java:302)
	at org.springframework.beans.factory.support.DefaultSingletonBeanRegistry.getSingleton(DefaultSingletonBeanRegistry.java:228)
	at org.springframework.beans.factory.support.AbstractBeanFactory.doGetBean(AbstractBeanFactory.java:298)
	at org.springframework.beans.factory.support.AbstractBeanFactory.getBean(AbstractBeanFactory.java:193)
	at org.springframework.beans.factory.support.ConstructorResolver.instantiateUsingFactoryMethod(ConstructorResolver.java:370)
	at org.springframework.beans.factory.support.AbstractAutowireCapableBeanFactory.instantiateUsingFactoryMethod(AbstractAutowireCapableBeanFactory.java:1094)
	at org.springframework.beans.factory.support.AbstractAutowireCapableBeanFactory.createBeanInstance(AbstractAutowireCapableBeanFactory.java:989)
	at org.springframework.beans.factory.support.AbstractAutowireCapableBeanFactory.doCreateBean(AbstractAutowireCapableBeanFactory.java:504)
	at org.springframework.beans.factory.support.AbstractAutowireCapableBeanFactory.createBean(AbstractAutowireCapableBeanFactory.java:475)
	at org.springframework.beans.factory.support.AbstractBeanFactory$1.getObject(AbstractBeanFactory.java:302)
	at org.springframework.beans.factory.support.DefaultSingletonBeanRegistry.getSingleton(DefaultSingletonBeanRegistry.java:228)
	at org.springframework.beans.factory.support.AbstractBeanFactory.doGetBean(AbstractBeanFactory.java:298)
	at org.springframework.beans.factory.support.AbstractBeanFactory.getBean(AbstractBeanFactory.java:198)
	at org.springframework.boot.context.embedded.EmbeddedWebApplicationContext.getOrderedBeansOfType(EmbeddedWebApplicationContext.java:367)
	at org.springframework.boot.context.embedded.EmbeddedWebApplicationContext.getServletContextInitializerBeans(EmbeddedWebApplicationContext.java:268)
	at org.springframework.boot.context.embedded.EmbeddedWebApplicationContext$1.onStartup(EmbeddedWebApplicationContext.java:213)
	at org.springframework.boot.context.embedded.tomcat.ServletContextInitializerLifecycleListener.lifecycleEvent(ServletContextInitializerLifecycleListener.java:64)
	at org.apache.catalina.util.LifecycleSupport.fireLifecycleEvent(LifecycleSupport.java:117)
	at org.apache.catalina.util.LifecycleBase.fireLifecycleEvent(LifecycleBase.java:90)
	at org.apache.catalina.core.StandardContext.startInternal(StandardContext.java:5355)
	at org.apache.catalina.util.LifecycleBase.start(LifecycleBase.java:150)
	at org.apache.catalina.core.ContainerBase$StartChild.call(ContainerBase.java:1559)
	at org.apache.catalina.core.ContainerBase$StartChild.call(ContainerBase.java:1549)
	at java.util.concurrent.FutureTask$Sync.innerRun(FutureTask.java:334)
	at java.util.concurrent.FutureTask.run(FutureTask.java:166)
	at java.util.concurrent.ThreadPoolExecutor.runWorker(ThreadPoolExecutor.java:1145)
	at java.util.concurrent.ThreadPoolExecutor$Worker.run(ThreadPoolExecutor.java:615)
	at java.lang.Thread.run(Thread.java:722)
Caused by: org.springframework.beans.factory.BeanCreationException: Could not autowire method: public void org.springframework.security.config.annotation.web.configuration.WebSecurityConfiguration.setFilterChainProxySecurityConfigurer(org.springframework.security.config.annotation.ObjectPostProcessor,java.util.List) throws java.lang.Exception; nested exception is org.springframework.beans.factory.BeanExpressionException: Expression parsing failed; nested exception is org.springframework.beans.factory.BeanCreationException: Error creating bean with name &apos;securityConfig&apos;: Injection of autowired dependencies failed; nested exception is org.springframework.beans.factory.BeanCreationException: Could not autowire method: public void org.springframework.security.config.annotation.web.configuration.WebSecurityConfigurerAdapter.setContentNegotationStrategy(org.springframework.web.accept.ContentNegotiationStrategy); nested exception is org.springframework.beans.factory.BeanCreationException: Error creating bean with name &apos;org.springframework.web.servlet.config.annotation.DelegatingWebMvcConfiguration&apos;: Injection of autowired dependencies failed; nested exception is org.springframework.beans.factory.BeanCreationException: Could not autowire method: public void org.springframework.web.servlet.config.annotation.DelegatingWebMvcConfiguration.setConfigurers(java.util.List); nested exception is org.springframework.beans.factory.BeanCreationException: Error creating bean with name &apos;apiConfig&apos; defined in URL [jar:file:/C:/workspaces/denv/denv-server/target/denv-server-0.1.0.jar!/org/ssoup/denv/server/api/ApiConfig.class]: Instantiation of bean failed; nested exception is org.springframework.beans.BeanInstantiationException: Could not instantiate bean class [org.ssoup.denv.server.api.ApiConfig$$EnhancerBySpringCGLIB$$10719c70]: No default constructor found; nested exception is java.lang.NoSuchMethodException: org.ssoup.denv.server.api.ApiConfig$$EnhancerBySpringCGLIB$$10719c70.&lt;init&gt;()
	at org.springframework.beans.factory.annotation.AutowiredAnnotationBeanPostProcessor$AutowiredMethodElement.inject(AutowiredAnnotationBeanPostProcessor.java:596)
	at org.springframework.beans.factory.annotation.InjectionMetadata.inject(InjectionMetadata.java:87)
	at org.springframework.beans.factory.annotation.AutowiredAnnotationBeanPostProcessor.postProcessPropertyValues(AutowiredAnnotationBeanPostProcessor.java:289)
	... 31 more
Caused by: org.springframework.beans.factory.BeanExpressionException: Expression parsing failed; nested exception is org.springframework.beans.factory.BeanCreationException: Error creating bean with name &apos;securityConfig&apos;: Injection of autowired dependencies failed; nested exception is org.springframework.beans.factory.BeanCreationException: Could not autowire method: public void org.springframework.security.config.annotation.web.configuration.WebSecurityConfigurerAdapter.setContentNegotationStrategy(org.springframework.web.accept.ContentNegotiationStrategy); nested exception is org.springframework.beans.factory.BeanCreationException: Error creating bean with name &apos;org.springframework.web.servlet.config.annotation.DelegatingWebMvcConfiguration&apos;: Injection of autowired dependencies failed; nested exception is org.springframework.beans.factory.BeanCreationException: Could not autowire method: public void org.springframework.web.servlet.config.annotation.DelegatingWebMvcConfiguration.setConfigurers(java.util.List); nested exception is org.springframework.beans.factory.BeanCreationException: Error creating bean with name &apos;apiConfig&apos; defined in URL [jar:file:/C:/workspaces/denv/denv-server/target/denv-server-0.1.0.jar!/org/ssoup/denv/server/api/ApiConfig.class]: Instantiation of bean failed; nested exception is org.springframework.beans.BeanInstantiationException: Could not instantiate bean class [org.ssoup.denv.server.api.ApiConfig$$EnhancerBySpringCGLIB$$10719c70]: No default constructor found; nested exception is java.lang.NoSuchMethodException: org.ssoup.denv.server.api.ApiConfig$$EnhancerBySpringCGLIB$$10719c70.&lt;init&gt;()
	at org.springframework.context.expression.StandardBeanExpressionResolver.evaluate(StandardBeanExpressionResolver.java:146)
	at org.springframework.beans.factory.support.AbstractBeanFactory.evaluateBeanDefinitionString(AbstractBeanFactory.java:1362)
	at org.springframework.beans.factory.support.DefaultListableBeanFactory.doResolveDependency(DefaultListableBeanFactory.java:873)
	at org.springframework.beans.factory.support.DefaultListableBeanFactory.resolveDependency(DefaultListableBeanFactory.java:858)
	at org.springframework.beans.factory.annotation.AutowiredAnnotationBeanPostProcessor$AutowiredMethodElement.inject(AutowiredAnnotationBeanPostProcessor.java:553)
	... 33 more
Caused by: org.springframework.beans.factory.BeanCreationException: Error creating bean with name &apos;securityConfig&apos;: Injection of autowired dependencies failed; nested exception is org.springframework.beans.factory.BeanCreationException: Could not autowire method: public void org.springframework.security.config.annotation.web.configuration.WebSecurityConfigurerAdapter.setContentNegotationStrategy(org.springframework.web.accept.ContentNegotiationStrategy); nested exception is org.springframework.beans.factory.BeanCreationException: Error creating bean with name &apos;org.springframework.web.servlet.config.annotation.DelegatingWebMvcConfiguration&apos;: Injection of autowired dependencies failed; nested exception is org.springframework.beans.factory.BeanCreationException: Could not autowire method: public void org.springframework.web.servlet.config.annotation.DelegatingWebMvcConfiguration.setConfigurers(java.util.List); nested exception is org.springframework.beans.factory.BeanCreationException: Error creating bean with name &apos;apiConfig&apos; defined in URL [jar:file:/C:/workspaces/denv/denv-server/target/denv-server-0.1.0.jar!/org/ssoup/denv/server/api/ApiConfig.class]: Instantiation of bean failed; nested exception is org.springframework.beans.BeanInstantiationException: Could not instantiate bean class [org.ssoup.denv.server.api.ApiConfig$$EnhancerBySpringCGLIB$$10719c70]: No default constructor found; nested exception is java.lang.NoSuchMethodException: org.ssoup.denv.server.api.ApiConfig$$EnhancerBySpringCGLIB$$10719c70.&lt;init&gt;()
	at org.springframework.beans.factory.annotation.AutowiredAnnotationBeanPostProcessor.postProcessPropertyValues(AutowiredAnnotationBeanPostProcessor.java:292)
	at org.springframework.beans.factory.support.AbstractAutowireCapableBeanFactory.populateBean(AbstractAutowireCapableBeanFactory.java:1185)
	at org.springframework.beans.factory.support.AbstractAutowireCapableBeanFactory.doCreateBean(AbstractAutowireCapableBeanFactory.java:537)
	at org.springframework.beans.factory.support.AbstractAutowireCapableBeanFactory.createBean(AbstractAutowireCapableBeanFactory.java:475)
	at org.springframework.beans.factory.support.AbstractBeanFactory$1.getObject(AbstractBeanFactory.java:302)
	at org.springframework.beans.factory.support.DefaultSingletonBeanRegistry.getSingleton(DefaultSingletonBeanRegistry.java:228)
	at org.springframework.beans.factory.support.AbstractBeanFactory.doGetBean(AbstractBeanFactory.java:298)
	at org.springframework.beans.factory.support.AbstractBeanFactory.getBean(AbstractBeanFactory.java:198)
	at org.springframework.beans.factory.support.DefaultListableBeanFactory.getBeansOfType(DefaultListableBeanFactory.java:470)
	at org.springframework.beans.factory.support.DefaultListableBeanFactory.getBeansOfType(DefaultListableBeanFactory.java:459)
	at org.springframework.security.config.annotation.web.configuration.AutowiredWebSecurityConfigurersIgnoreParents.getWebSecurityConfigurers(AutowiredWebSecurityConfigurersIgnoreParents.java:52)
	at sun.reflect.NativeMethodAccessorImpl.invoke0(Native Method)
	at sun.reflect.NativeMethodAccessorImpl.invoke(NativeMethodAccessorImpl.java:57)
	at sun.reflect.DelegatingMethodAccessorImpl.invoke(DelegatingMethodAccessorImpl.java:43)
	at java.lang.reflect.Method.invoke(Method.java:601)
	at org.springframework.expression.spel.support.ReflectiveMethodExecutor.execute(ReflectiveMethodExecutor.java:63)
	at org.springframework.expression.spel.ast.MethodReference.getValueInternal(MethodReference.java:122)
	at org.springframework.expression.spel.ast.MethodReference.access$000(MethodReference.java:44)
	at org.springframework.expression.spel.ast.MethodReference$MethodValueRef.getValue(MethodReference.java:258)
	at org.springframework.expression.spel.ast.CompoundExpression.getValueInternal(CompoundExpression.java:84)
	at org.springframework.expression.spel.ast.SpelNodeImpl.getValue(SpelNodeImpl.java:103)
	at org.springframework.expression.spel.standard.SpelExpression.getValue(SpelExpression.java:94)
	at org.springframework.context.expression.StandardBeanExpressionResolver.evaluate(StandardBeanExpressionResolver.java:143)
	... 37 more
Caused by: org.springframework.beans.factory.BeanCreationException: Could not autowire method: public void org.springframework.security.config.annotation.web.configuration.WebSecurityConfigurerAdapter.setContentNegotationStrategy(org.springframework.web.accept.ContentNegotiationStrategy); nested exception is org.springframework.beans.factory.BeanCreationException: Error creating bean with name &apos;org.springframework.web.servlet.config.annotation.DelegatingWebMvcConfiguration&apos;: Injection of autowired dependencies failed; nested exception is org.springframework.beans.factory.BeanCreationException: Could not autowire method: public void org.springframework.web.servlet.config.annotation.DelegatingWebMvcConfiguration.setConfigurers(java.util.List); nested exception is org.springframework.beans.factory.BeanCreationException: Error creating bean with name &apos;apiConfig&apos; defined in URL [jar:file:/C:/workspaces/denv/denv-server/target/denv-server-0.1.0.jar!/org/ssoup/denv/server/api/ApiConfig.class]: Instantiation of bean failed; nested exception is org.springframework.beans.BeanInstantiationException: Could not instantiate bean class [org.ssoup.denv.server.api.ApiConfig$$EnhancerBySpringCGLIB$$10719c70]: No default constructor found; nested exception is java.lang.NoSuchMethodException: org.ssoup.denv.server.api.ApiConfig$$EnhancerBySpringCGLIB$$10719c70.&lt;init&gt;()
	at org.springframework.beans.factory.annotation.AutowiredAnnotationBeanPostProcessor$AutowiredMethodElement.inject(AutowiredAnnotationBeanPostProcessor.java:596)
	at org.springframework.beans.factory.annotation.InjectionMetadata.inject(InjectionMetadata.java:87)
	at org.springframework.beans.factory.annotation.AutowiredAnnotationBeanPostProcessor.postProcessPropertyValues(AutowiredAnnotationBeanPostProcessor.java:289)
	... 59 more
Caused by: org.springframework.beans.factory.BeanCreationException: Error creating bean with name &apos;org.springframework.web.servlet.config.annotation.DelegatingWebMvcConfiguration&apos;: Injection of autowired dependencies failed; nested exception is org.springframework.beans.factory.BeanCreationException: Could not autowire method: public void org.springframework.web.servlet.config.annotation.DelegatingWebMvcConfiguration.setConfigurers(java.util.List); nested exception is org.springframework.beans.factory.BeanCreationException: Error creating bean with name &apos;apiConfig&apos; defined in URL [jar:file:/C:/workspaces/denv/denv-server/target/denv-server-0.1.0.jar!/org/ssoup/denv/server/api/ApiConfig.class]: Instantiation of bean failed; nested exception is org.springframework.beans.BeanInstantiationException: Could not instantiate bean class [org.ssoup.denv.server.api.ApiConfig$$EnhancerBySpringCGLIB$$10719c70]: No default constructor found; nested exception is java.lang.NoSuchMethodException: org.ssoup.denv.server.api.ApiConfig$$EnhancerBySpringCGLIB$$10719c70.&lt;init&gt;()
	at org.springframework.beans.factory.annotation.AutowiredAnnotationBeanPostProcessor.postProcessPropertyValues(AutowiredAnnotationBeanPostProcessor.java:292)
	at org.springframework.beans.factory.support.AbstractAutowireCapableBeanFactory.populateBean(AbstractAutowireCapableBeanFactory.java:1185)
	at org.springframework.beans.factory.support.AbstractAutowireCapableBeanFactory.doCreateBean(AbstractAutowireCapableBeanFactory.java:537)
	at org.springframework.beans.factory.support.AbstractAutowireCapableBeanFactory.createBean(AbstractAutowireCapableBeanFactory.java:475)
	at org.springframework.beans.factory.support.AbstractBeanFactory$1.getObject(AbstractBeanFactory.java:302)
	at org.springframework.beans.factory.support.DefaultSingletonBeanRegistry.getSingleton(DefaultSingletonBeanRegistry.java:228)
	at org.springframework.beans.factory.support.AbstractBeanFactory.doGetBean(AbstractBeanFactory.java:298)
	at org.springframework.beans.factory.support.AbstractBeanFactory.getBean(AbstractBeanFactory.java:193)
	at org.springframework.beans.factory.support.ConstructorResolver.instantiateUsingFactoryMethod(ConstructorResolver.java:370)
	at org.springframework.beans.factory.support.AbstractAutowireCapableBeanFactory.instantiateUsingFactoryMethod(AbstractAutowireCapableBeanFactory.java:1094)
	at org.springframework.beans.factory.support.AbstractAutowireCapableBeanFactory.createBeanInstance(AbstractAutowireCapableBeanFactory.java:989)
	at org.springframework.beans.factory.support.AbstractAutowireCapableBeanFactory.doCreateBean(AbstractAutowireCapableBeanFactory.java:504)
	at org.springframework.beans.factory.support.AbstractAutowireCapableBeanFactory.createBean(AbstractAutowireCapableBeanFactory.java:475)
	at org.springframework.beans.factory.support.AbstractBeanFactory$1.getObject(AbstractBeanFactory.java:302)
	at org.springframework.beans.factory.support.DefaultSingletonBeanRegistry.getSingleton(DefaultSingletonBeanRegistry.java:228)
	at org.springframework.beans.factory.support.AbstractBeanFactory.doGetBean(AbstractBeanFactory.java:298)
	at org.springframework.beans.factory.support.AbstractBeanFactory.getBean(AbstractBeanFactory.java:193)
	at org.springframework.beans.factory.support.DefaultListableBeanFactory.findAutowireCandidates(DefaultListableBeanFactory.java:1017)
	at org.springframework.beans.factory.support.DefaultListableBeanFactory.doResolveDependency(DefaultListableBeanFactory.java:960)
	at org.springframework.beans.factory.support.DefaultListableBeanFactory.resolveDependency(DefaultListableBeanFactory.java:858)
	at org.springframework.beans.factory.annotation.AutowiredAnnotationBeanPostProcessor$AutowiredMethodElement.inject(AutowiredAnnotationBeanPostProcessor.java:553)
	... 61 more
Caused by: org.springframework.beans.factory.BeanCreationException: Could not autowire method: public void org.springframework.web.servlet.config.annotation.DelegatingWebMvcConfiguration.setConfigurers(java.util.List); nested exception is org.springframework.beans.factory.BeanCreationException: Error creating bean with name &apos;apiConfig&apos; defined in URL [jar:file:/C:/workspaces/denv/denv-server/target/denv-server-0.1.0.jar!/org/ssoup/denv/server/api/ApiConfig.class]: Instantiation of bean failed; nested exception is org.springframework.beans.BeanInstantiationException: Could not instantiate bean class [org.ssoup.denv.server.api.ApiConfig$$EnhancerBySpringCGLIB$$10719c70]: No default constructor found; nested exception is java.lang.NoSuchMethodException: org.ssoup.denv.server.api.ApiConfig$$EnhancerBySpringCGLIB$$10719c70.&lt;init&gt;()
	at org.springframework.beans.factory.annotation.AutowiredAnnotationBeanPostProcessor$AutowiredMethodElement.inject(AutowiredAnnotationBeanPostProcessor.java:596)
	at org.springframework.beans.factory.annotation.InjectionMetadata.inject(InjectionMetadata.java:87)
	at org.springframework.beans.factory.annotation.AutowiredAnnotationBeanPostProcessor.postProcessPropertyValues(AutowiredAnnotationBeanPostProcessor.java:289)
	... 81 more
Caused by: org.springframework.beans.factory.BeanCreationException: Error creating bean with name &apos;apiConfig&apos; defined in URL [jar:file:/C:/workspaces/denv/denv-server/target/denv-server-0.1.0.jar!/org/ssoup/denv/server/api/ApiConfig.class]: Instantiation of bean failed; nested exception is org.springframework.beans.BeanInstantiationException: Could not instantiate bean class [org.ssoup.denv.server.api.ApiConfig$$EnhancerBySpringCGLIB$$10719c70]: No default constructor found; nested exception is java.lang.NoSuchMethodException: org.ssoup.denv.server.api.ApiConfig$$EnhancerBySpringCGLIB$$10719c70.&lt;init&gt;()
	at org.springframework.beans.factory.support.AbstractAutowireCapableBeanFactory.instantiateBean(AbstractAutowireCapableBeanFactory.java:1076)
	at org.springframework.beans.factory.support.AbstractAutowireCapableBeanFactory.createBeanInstance(AbstractAutowireCapableBeanFactory.java:1021)
	at org.springframework.beans.factory.support.AbstractAutowireCapableBeanFactory.doCreateBean(AbstractAutowireCapableBeanFactory.java:504)
	at org.springframework.beans.factory.support.AbstractAutowireCapableBeanFactory.createBean(AbstractAutowireCapableBeanFactory.java:475)
	at org.springframework.beans.factory.support.AbstractBeanFactory$1.getObject(AbstractBeanFactory.java:302)
	at org.springframework.beans.factory.support.DefaultSingletonBeanRegistry.getSingleton(DefaultSingletonBeanRegistry.java:228)
	at org.springframework.beans.factory.support.AbstractBeanFactory.doGetBean(AbstractBeanFactory.java:298)
	at org.springframework.beans.factory.support.AbstractBeanFactory.getBean(AbstractBeanFactory.java:193)
	at org.springframework.beans.factory.support.DefaultListableBeanFactory.findAutowireCandidates(DefaultListableBeanFactory.java:1017)
	at org.springframework.beans.factory.support.DefaultListableBeanFactory.doResolveDependency(DefaultListableBeanFactory.java:912)
	at org.springframework.beans.factory.support.DefaultListableBeanFactory.resolveDependency(DefaultListableBeanFactory.java:858)
	at org.springframework.beans.factory.annotation.AutowiredAnnotationBeanPostProcessor$AutowiredMethodElement.inject(AutowiredAnnotationBeanPostProcessor.java:553)
	... 83 more
Caused by: org.springframework.beans.BeanInstantiationException: Could not instantiate bean class [org.ssoup.denv.server.api.ApiConfig$$EnhancerBySpringCGLIB$$10719c70]: No default constructor found; nested exception is java.lang.NoSuchMethodException: org.ssoup.denv.server.api.ApiConfig$$EnhancerBySpringCGLIB$$10719c70.&lt;init&gt;()
	at org.springframework.beans.factory.support.SimpleInstantiationStrategy.instantiate(SimpleInstantiationStrategy.java:85)
	at org.springframework.beans.factory.support.AbstractAutowireCapableBeanFactory.instantiateBean(AbstractAutowireCapableBeanFactory.java:1069)
	... 94 more
Caused by: java.lang.NoSuchMethodException: org.ssoup.denv.server.api.ApiConfig$$EnhancerBySpringCGLIB$$10719c70.&lt;init&gt;()
	at java.lang.Class.getConstructor0(Class.java:2730)
	at java.lang.Class.getDeclaredConstructor(Class.java:2004)
	at org.springframework.beans.factory.support.SimpleInstantiationStrategy.instantiate(SimpleInstantiationStrategy.java:80)
	... 95 more
</error>
    <system-out>2014-08-28 16:58:37.250 DEBUG 9700 --- [           main] o.s.w.c.s.StandardServletEnvironment     : Adding [servletConfigInitParams] PropertySource with lowest search precedence
2014-08-28 16:58:37.251 DEBUG 9700 --- [           main] o.s.w.c.s.StandardServletEnvironment     : Adding [servletContextInitParams] PropertySource with lowest search precedence
2014-08-28 16:58:37.253 DEBUG 9700 --- [           main] o.s.w.c.s.StandardServletEnvironment     : Adding [jndiProperties] PropertySource with lowest search precedence
2014-08-28 16:58:37.254 DEBUG 9700 --- [           main] o.s.w.c.s.StandardServletEnvironment     : Adding [systemProperties] PropertySource with lowest search precedence
2014-08-28 16:58:37.254 DEBUG 9700 --- [           main] o.s.w.c.s.StandardServletEnvironment     : Adding [systemEnvironment] PropertySource with lowest search precedence
2014-08-28 16:58:37.254 DEBUG 9700 --- [           main] o.s.w.c.s.StandardServletEnvironment     : Initialized StandardServletEnvironment with PropertySources [servletConfigInitParams,servletContextInitParams,jndiProperties,systemProperties,systemEnvironment]
2014-08-28 16:58:37.255 DEBUG 9700 --- [           main] o.s.w.c.s.StandardServletEnvironment     : Adding [integrationTest] PropertySource with search precedence immediately lower than [systemEnvironment]

  .   ____          _            __ _ _
 /\\ / ___&apos;_ __ _ _(_)_ __  __ _ \ \ \ \
( ( )\___ | &apos;_ | &apos;_| | &apos;_ \/ _` | \ \ \ \
 \\/  ___)| |_)| | | | | || (_| |  ) ) ) )
  &apos;  |____| .__|_| |_|_| |_\__, | / / / /
 =========|_|==============|___/=/_/_/_/
 :: Spring Boot ::        (v1.1.4.RELEASE)

2014-08-28 16:58:37.397 DEBUG 9700 --- [           main] o.s.w.c.s.StandardServletEnvironment     : Adding [servletConfigInitParams] PropertySource with lowest search precedence
2014-08-28 16:58:37.398 DEBUG 9700 --- [           main] o.s.w.c.s.StandardServletEnvironment     : Adding [servletContextInitParams] PropertySource with lowest search precedence
2014-08-28 16:58:37.400 DEBUG 9700 --- [           main] o.s.w.c.s.StandardServletEnvironment     : Adding [jndiProperties] PropertySource with lowest search precedence
2014-08-28 16:58:37.401 DEBUG 9700 --- [           main] o.s.w.c.s.StandardServletEnvironment     : Adding [systemProperties] PropertySource with lowest search precedence
2014-08-28 16:58:37.402 DEBUG 9700 --- [           main] o.s.w.c.s.StandardServletEnvironment     : Adding [systemEnvironment] PropertySource with lowest search precedence
2014-08-28 16:58:37.404 DEBUG 9700 --- [           main] o.s.w.c.s.StandardServletEnvironment     : Initialized StandardServletEnvironment with PropertySources [servletConfigInitParams,servletContextInitParams,jndiProperties,systemProperties,systemEnvironment]
2014-08-28 16:58:37.409  INFO 9700 --- [           main] o.a.m.surefire.booter.SurefireBooter     : Starting SurefireBooter v2.4.3 on Alderai with PID 9700 (C:\Users\ALB\.m2\repository\org\apache\maven\surefire\surefire-booter\2.4.3\surefire-booter-2.4.3.jar started by ALB in C:\workspaces\denv\denv-server-integration-test)
2014-08-28 16:58:37.417  INFO 9700 --- [           main] ationConfigEmbeddedWebApplicationContext : Refreshing org.springframework.boot.context.embedded.AnnotationConfigEmbeddedWebApplicationContext@4768ae23: startup date [Thu Aug 28 16:58:37 CEST 2014]; root of context hierarchy
2014-08-28 16:58:37.638 DEBUG 9700 --- [           main] o.s.w.c.s.StandardServletEnvironment     : Adding [class path resource [application.properties]] PropertySource with lowest search precedence
2014-08-28 16:58:37.664  INFO 9700 --- [           main] o.s.b.f.s.DefaultListableBeanFactory     : Overriding bean definition for bean &apos;beanNameViewResolver&apos;: replacing [Root bean: class [null]; scope=; abstract=false; lazyInit=false; autowireMode=3; dependencyCheck=0; autowireCandidate=true; primary=false; factoryBeanName=org.springframework.boot.autoconfigure.web.ErrorMvcAutoConfiguration$WhitelabelErrorViewConfiguration; factoryMethodName=beanNameViewResolver; initMethodName=null; destroyMethodName=(inferred); defined in class path resource [org/springframework/boot/autoconfigure/web/ErrorMvcAutoConfiguration$WhitelabelErrorViewConfiguration.class]] with [Root bean: class [null]; scope=; abstract=false; lazyInit=false; autowireMode=3; dependencyCheck=0; autowireCandidate=true; primary=false; factoryBeanName=org.springframework.boot.autoconfigure.web.WebMvcAutoConfiguration$WebMvcAutoConfigurationAdapter; factoryMethodName=beanNameViewResolver; initMethodName=null; destroyMethodName=(inferred); defined in class path resource [org/springframework/boot/autoconfigure/web/WebMvcAutoConfiguration$WebMvcAutoConfigurationAdapter.class]]
2014-08-28 16:58:37.836 DEBUG 9700 --- [           main] o.s.w.c.s.StandardServletEnvironment     : Adding [applicationConfig: [classpath:/application.properties]] PropertySource with search precedence immediately lower than [applicationConfigurationProperties]
2014-08-28 16:58:37.837 DEBUG 9700 --- [           main] o.s.w.c.s.StandardServletEnvironment     : Removing [applicationConfigurationProperties] PropertySource
2014-08-28 16:58:37.837 DEBUG 9700 --- [           main] o.s.w.c.s.StandardServletEnvironment     : Removing [defaultProperties] PropertySource
2014-08-28 16:58:37.853  INFO 9700 --- [           main] f.a.AutowiredAnnotationBeanPostProcessor : JSR-330 &apos;javax.inject.Inject&apos; annotation found and supported for autowiring
2014-08-28 16:58:37.913  INFO 9700 --- [           main] .t.TomcatEmbeddedServletContainerFactory : Server initialized with port: 8080
2014-08-28 16:58:37.915  INFO 9700 --- [           main] o.apache.catalina.core.StandardService   : Starting service Tomcat
2014-08-28 16:58:37.917  INFO 9700 --- [           main] org.apache.catalina.core.StandardEngine  : Starting Servlet Engine: Apache Tomcat/7.0.54
2014-08-28 16:58:37.929  INFO 9700 --- [ost-startStop-1] o.a.c.c.C.[Tomcat-4].[localhost].[/]     : Initializing Spring embedded WebApplicationContext
2014-08-28 16:58:37.929 DEBUG 9700 --- [ost-startStop-1] o.s.web.context.ContextLoader            : Published root WebApplicationContext as ServletContext attribute with name [org.springframework.web.context.WebApplicationContext.ROOT]
2014-08-28 16:58:37.930  INFO 9700 --- [ost-startStop-1] o.s.web.context.ContextLoader            : Root WebApplicationContext: initialization completed in 513 ms
2014-08-28 16:58:38.012 ERROR 9700 --- [ost-startStop-1] rvletContextInitializerLifecycleListener : Error starting Tomcat context: org.springframework.beans.factory.BeanCreationException
2014-08-28 16:58:38.022  INFO 9700 --- [           main] .b.l.ClasspathLoggingApplicationListener : Application failed to start with classpath: [file:/C:/Users/ALB/AppData/Local/Temp/surefirebooter6941556018687466244.jar]
2014-08-28 16:58:38.032 ERROR 9700 --- [           main] o.s.boot.SpringApplication               : Application startup failed

org.springframework.context.ApplicationContextException: Unable to start embedded container; nested exception is org.springframework.boot.context.embedded.EmbeddedServletContainerException: Unable to start embedded Tomcat
	at org.springframework.boot.context.embedded.EmbeddedWebApplicationContext.onRefresh(EmbeddedWebApplicationContext.java:135)
	at org.springframework.context.support.AbstractApplicationContext.refresh(AbstractApplicationContext.java:476)
	at org.springframework.boot.context.embedded.EmbeddedWebApplicationContext.refresh(EmbeddedWebApplicationContext.java:120)
	at org.springframework.boot.SpringApplication.refresh(SpringApplication.java:691)
	at org.springframework.boot.SpringApplication.run(SpringApplication.java:320)
	at org.springframework.boot.test.SpringApplicationContextLoader.loadContext(SpringApplicationContextLoader.java:107)
	at org.springframework.test.context.CacheAwareContextLoaderDelegate.loadContextInternal(CacheAwareContextLoaderDelegate.java:64)
	at org.springframework.test.context.CacheAwareContextLoaderDelegate.loadContext(CacheAwareContextLoaderDelegate.java:91)
	at org.springframework.test.context.DefaultTestContext.getApplicationContext(DefaultTestContext.java:101)
	at org.springframework.test.context.support.DependencyInjectionTestExecutionListener.injectDependencies(DependencyInjectionTestExecutionListener.java:109)
	at org.springframework.test.context.support.DependencyInjectionTestExecutionListener.prepareTestInstance(DependencyInjectionTestExecutionListener.java:75)
	at org.springframework.test.context.TestContextManager.prepareTestInstance(TestContextManager.java:331)
	at org.springframework.test.context.junit4.SpringJUnit4ClassRunner.createTest(SpringJUnit4ClassRunner.java:213)
	at org.springframework.test.context.junit4.SpringJUnit4ClassRunner$1.runReflectiveCall(SpringJUnit4ClassRunner.java:290)
	at org.junit.internal.runners.model.ReflectiveCallable.run(ReflectiveCallable.java:12)
	at org.springframework.test.context.junit4.SpringJUnit4ClassRunner.methodBlock(SpringJUnit4ClassRunner.java:292)
	at org.springframework.test.context.junit4.SpringJUnit4ClassRunner.runChild(SpringJUnit4ClassRunner.java:233)
	at org.springframework.test.context.junit4.SpringJUnit4ClassRunner.runChild(SpringJUnit4ClassRunner.java:87)
	at org.junit.runners.ParentRunner$3.run(ParentRunner.java:238)
	at org.junit.runners.ParentRunner$1.schedule(ParentRunner.java:63)
	at org.junit.runners.ParentRunner.runChildren(ParentRunner.java:236)
	at org.junit.runners.ParentRunner.access$000(ParentRunner.java:53)
	at org.junit.runners.ParentRunner$2.evaluate(ParentRunner.java:229)
	at org.springframework.test.context.junit4.statements.RunBeforeTestClassCallbacks.evaluate(RunBeforeTestClassCallbacks.java:61)
	at org.springframework.test.context.junit4.statements.RunAfterTestClassCallbacks.evaluate(RunAfterTestClassCallbacks.java:71)
	at org.junit.runners.ParentRunner.run(ParentRunner.java:309)
	at org.springframework.test.context.junit4.SpringJUnit4ClassRunner.run(SpringJUnit4ClassRunner.java:176)
	at org.apache.maven.surefire.junit4.JUnit4TestSet.execute(JUnit4TestSet.java:62)
	at org.apache.maven.surefire.suite.AbstractDirectoryTestSuite.executeTestSet(AbstractDirectoryTestSuite.java:140)
	at org.apache.maven.surefire.suite.AbstractDirectoryTestSuite.execute(AbstractDirectoryTestSuite.java:127)
	at org.apache.maven.surefire.Surefire.run(Surefire.java:177)
	at sun.reflect.NativeMethodAccessorImpl.invoke0(Native Method)
	at sun.reflect.NativeMethodAccessorImpl.invoke(NativeMethodAccessorImpl.java:57)
	at sun.reflect.DelegatingMethodAccessorImpl.invoke(DelegatingMethodAccessorImpl.java:43)
	at java.lang.reflect.Method.invoke(Method.java:601)
	at org.apache.maven.surefire.booter.SurefireBooter.runSuitesInProcess(SurefireBooter.java:345)
	at org.apache.maven.surefire.booter.SurefireBooter.main(SurefireBooter.java:1009)
Caused by: org.springframework.boot.context.embedded.EmbeddedServletContainerException: Unable to start embedded Tomcat
	at org.springframework.boot.context.embedded.tomcat.TomcatEmbeddedServletContainer.initialize(TomcatEmbeddedServletContainer.java:100)
	at org.springframework.boot.context.embedded.tomcat.TomcatEmbeddedServletContainer.&lt;init&gt;(TomcatEmbeddedServletContainer.java:74)
	at org.springframework.boot.context.embedded.tomcat.TomcatEmbeddedServletContainerFactory.getTomcatEmbeddedServletContainer(TomcatEmbeddedServletContainerFactory.java:289)
	at org.springframework.boot.context.embedded.tomcat.TomcatEmbeddedServletContainerFactory.getEmbeddedServletContainer(TomcatEmbeddedServletContainerFactory.java:146)
	at org.springframework.boot.context.embedded.EmbeddedWebApplicationContext.createEmbeddedServletContainer(EmbeddedWebApplicationContext.java:159)
	at org.springframework.boot.context.embedded.EmbeddedWebApplicationContext.onRefresh(EmbeddedWebApplicationContext.java:132)
	... 36 common frames omitted
Caused by: org.springframework.beans.factory.BeanCreationException: Error creating bean with name &apos;org.springframework.security.config.annotation.web.configuration.WebSecurityConfiguration&apos;: Injection of autowired dependencies failed; nested exception is org.springframework.beans.factory.BeanCreationException: Could not autowire method: public void org.springframework.security.config.annotation.web.configuration.WebSecurityConfiguration.setFilterChainProxySecurityConfigurer(org.springframework.security.config.annotation.ObjectPostProcessor,java.util.List) throws java.lang.Exception; nested exception is org.springframework.beans.factory.BeanExpressionException: Expression parsing failed; nested exception is org.springframework.beans.factory.BeanCreationException: Error creating bean with name &apos;securityConfig&apos;: Injection of autowired dependencies failed; nested exception is org.springframework.beans.factory.BeanCreationException: Could not autowire method: public void org.springframework.security.config.annotation.web.configuration.WebSecurityConfigurerAdapter.setContentNegotationStrategy(org.springframework.web.accept.ContentNegotiationStrategy); nested exception is org.springframework.beans.factory.BeanCreationException: Error creating bean with name &apos;org.springframework.web.servlet.config.annotation.DelegatingWebMvcConfiguration&apos;: Injection of autowired dependencies failed; nested exception is org.springframework.beans.factory.BeanCreationException: Could not autowire method: public void org.springframework.web.servlet.config.annotation.DelegatingWebMvcConfiguration.setConfigurers(java.util.List); nested exception is org.springframework.beans.factory.BeanCreationException: Error creating bean with name &apos;apiConfig&apos; defined in URL [jar:file:/C:/workspaces/denv/denv-server/target/denv-server-0.1.0.jar!/org/ssoup/denv/server/api/ApiConfig.class]: Instantiation of bean failed; nested exception is org.springframework.beans.BeanInstantiationException: Could not instantiate bean class [org.ssoup.denv.server.api.ApiConfig$$EnhancerBySpringCGLIB$$10719c70]: No default constructor found; nested exception is java.lang.NoSuchMethodException: org.ssoup.denv.server.api.ApiConfig$$EnhancerBySpringCGLIB$$10719c70.&lt;init&gt;()
	at org.springframework.beans.factory.annotation.AutowiredAnnotationBeanPostProcessor.postProcessPropertyValues(AutowiredAnnotationBeanPostProcessor.java:292)
	at org.springframework.beans.factory.support.AbstractAutowireCapableBeanFactory.populateBean(AbstractAutowireCapableBeanFactory.java:1185)
	at org.springframework.beans.factory.support.AbstractAutowireCapableBeanFactory.doCreateBean(AbstractAutowireCapableBeanFactory.java:537)
	at org.springframework.beans.factory.support.AbstractAutowireCapableBeanFactory.createBean(AbstractAutowireCapableBeanFactory.java:475)
	at org.springframework.beans.factory.support.AbstractBeanFactory$1.getObject(AbstractBeanFactory.java:302)
	at org.springframework.beans.factory.support.DefaultSingletonBeanRegistry.getSingleton(DefaultSingletonBeanRegistry.java:228)
	at org.springframework.beans.factory.support.AbstractBeanFactory.doGetBean(AbstractBeanFactory.java:298)
	at org.springframework.beans.factory.support.AbstractBeanFactory.getBean(AbstractBeanFactory.java:193)
	at org.springframework.beans.factory.support.ConstructorResolver.instantiateUsingFactoryMethod(ConstructorResolver.java:370)
	at org.springframework.beans.factory.support.AbstractAutowireCapableBeanFactory.instantiateUsingFactoryMethod(AbstractAutowireCapableBeanFactory.java:1094)
	at org.springframework.beans.factory.support.AbstractAutowireCapableBeanFactory.createBeanInstance(AbstractAutowireCapableBeanFactory.java:989)
	at org.springframework.beans.factory.support.AbstractAutowireCapableBeanFactory.doCreateBean(AbstractAutowireCapableBeanFactory.java:504)
	at org.springframework.beans.factory.support.AbstractAutowireCapableBeanFactory.createBean(AbstractAutowireCapableBeanFactory.java:475)
	at org.springframework.beans.factory.support.AbstractBeanFactory$1.getObject(AbstractBeanFactory.java:302)
	at org.springframework.beans.factory.support.DefaultSingletonBeanRegistry.getSingleton(DefaultSingletonBeanRegistry.java:228)
	at org.springframework.beans.factory.support.AbstractBeanFactory.doGetBean(AbstractBeanFactory.java:298)
	at org.springframework.beans.factory.support.AbstractBeanFactory.getBean(AbstractBeanFactory.java:198)
	at org.springframework.boot.context.embedded.EmbeddedWebApplicationContext.getOrderedBeansOfType(EmbeddedWebApplicationContext.java:367)
	at org.springframework.boot.context.embedded.EmbeddedWebApplicationContext.getServletContextInitializerBeans(EmbeddedWebApplicationContext.java:268)
	at org.springframework.boot.context.embedded.EmbeddedWebApplicationContext$1.onStartup(EmbeddedWebApplicationContext.java:213)
	at org.springframework.boot.context.embedded.tomcat.ServletContextInitializerLifecycleListener.lifecycleEvent(ServletContextInitializerLifecycleListener.java:64)
	at org.apache.catalina.util.LifecycleSupport.fireLifecycleEvent(LifecycleSupport.java:117)
	at org.apache.catalina.util.LifecycleBase.fireLifecycleEvent(LifecycleBase.java:90)
	at org.apache.catalina.core.StandardContext.startInternal(StandardContext.java:5355)
	at org.apache.catalina.util.LifecycleBase.start(LifecycleBase.java:150)
	at org.apache.catalina.core.ContainerBase$StartChild.call(ContainerBase.java:1559)
	at org.apache.catalina.core.ContainerBase$StartChild.call(ContainerBase.java:1549)
	at java.util.concurrent.FutureTask$Sync.innerRun(FutureTask.java:334)
	at java.util.concurrent.FutureTask.run(FutureTask.java:166)
	at java.util.concurrent.ThreadPoolExecutor.runWorker(ThreadPoolExecutor.java:1145)
	at java.util.concurrent.ThreadPoolExecutor$Worker.run(ThreadPoolExecutor.java:615)
	at java.lang.Thread.run(Thread.java:722)
Caused by: org.springframework.beans.factory.BeanCreationException: Could not autowire method: public void org.springframework.security.config.annotation.web.configuration.WebSecurityConfiguration.setFilterChainProxySecurityConfigurer(org.springframework.security.config.annotation.ObjectPostProcessor,java.util.List) throws java.lang.Exception; nested exception is org.springframework.beans.factory.BeanExpressionException: Expression parsing failed; nested exception is org.springframework.beans.factory.BeanCreationException: Error creating bean with name &apos;securityConfig&apos;: Injection of autowired dependencies failed; nested exception is org.springframework.beans.factory.BeanCreationException: Could not autowire method: public void org.springframework.security.config.annotation.web.configuration.WebSecurityConfigurerAdapter.setContentNegotationStrategy(org.springframework.web.accept.ContentNegotiationStrategy); nested exception is org.springframework.beans.factory.BeanCreationException: Error creating bean with name &apos;org.springframework.web.servlet.config.annotation.DelegatingWebMvcConfiguration&apos;: Injection of autowired dependencies failed; nested exception is org.springframework.beans.factory.BeanCreationException: Could not autowire method: public void org.springframework.web.servlet.config.annotation.DelegatingWebMvcConfiguration.setConfigurers(java.util.List); nested exception is org.springframework.beans.factory.BeanCreationException: Error creating bean with name &apos;apiConfig&apos; defined in URL [jar:file:/C:/workspaces/denv/denv-server/target/denv-server-0.1.0.jar!/org/ssoup/denv/server/api/ApiConfig.class]: Instantiation of bean failed; nested exception is org.springframework.beans.BeanInstantiationException: Could not instantiate bean class [org.ssoup.denv.server.api.ApiConfig$$EnhancerBySpringCGLIB$$10719c70]: No default constructor found; nested exception is java.lang.NoSuchMethodException: org.ssoup.denv.server.api.ApiConfig$$EnhancerBySpringCGLIB$$10719c70.&lt;init&gt;()
	at org.springframework.beans.factory.annotation.AutowiredAnnotationBeanPostProcessor$AutowiredMethodElement.inject(AutowiredAnnotationBeanPostProcessor.java:596)
	at org.springframework.beans.factory.annotation.InjectionMetadata.inject(InjectionMetadata.java:87)
	at org.springframework.beans.factory.annotation.AutowiredAnnotationBeanPostProcessor.postProcessPropertyValues(AutowiredAnnotationBeanPostProcessor.java:289)
	... 31 common frames omitted
Caused by: org.springframework.beans.factory.BeanExpressionException: Expression parsing failed; nested exception is org.springframework.beans.factory.BeanCreationException: Error creating bean with name &apos;securityConfig&apos;: Injection of autowired dependencies failed; nested exception is org.springframework.beans.factory.BeanCreationException: Could not autowire method: public void org.springframework.security.config.annotation.web.configuration.WebSecurityConfigurerAdapter.setContentNegotationStrategy(org.springframework.web.accept.ContentNegotiationStrategy); nested exception is org.springframework.beans.factory.BeanCreationException: Error creating bean with name &apos;org.springframework.web.servlet.config.annotation.DelegatingWebMvcConfiguration&apos;: Injection of autowired dependencies failed; nested exception is org.springframework.beans.factory.BeanCreationException: Could not autowire method: public void org.springframework.web.servlet.config.annotation.DelegatingWebMvcConfiguration.setConfigurers(java.util.List); nested exception is org.springframework.beans.factory.BeanCreationException: Error creating bean with name &apos;apiConfig&apos; defined in URL [jar:file:/C:/workspaces/denv/denv-server/target/denv-server-0.1.0.jar!/org/ssoup/denv/server/api/ApiConfig.class]: Instantiation of bean failed; nested exception is org.springframework.beans.BeanInstantiationException: Could not instantiate bean class [org.ssoup.denv.server.api.ApiConfig$$EnhancerBySpringCGLIB$$10719c70]: No default constructor found; nested exception is java.lang.NoSuchMethodException: org.ssoup.denv.server.api.ApiConfig$$EnhancerBySpringCGLIB$$10719c70.&lt;init&gt;()
	at org.springframework.context.expression.StandardBeanExpressionResolver.evaluate(StandardBeanExpressionResolver.java:146)
	at org.springframework.beans.factory.support.AbstractBeanFactory.evaluateBeanDefinitionString(AbstractBeanFactory.java:1362)
	at org.springframework.beans.factory.support.DefaultListableBeanFactory.doResolveDependency(DefaultListableBeanFactory.java:873)
	at org.springframework.beans.factory.support.DefaultListableBeanFactory.resolveDependency(DefaultListableBeanFactory.java:858)
	at org.springframework.beans.factory.annotation.AutowiredAnnotationBeanPostProcessor$AutowiredMethodElement.inject(AutowiredAnnotationBeanPostProcessor.java:553)
	... 33 common frames omitted
Caused by: org.springframework.beans.factory.BeanCreationException: Error creating bean with name &apos;securityConfig&apos;: Injection of autowired dependencies failed; nested exception is org.springframework.beans.factory.BeanCreationException: Could not autowire method: public void org.springframework.security.config.annotation.web.configuration.WebSecurityConfigurerAdapter.setContentNegotationStrategy(org.springframework.web.accept.ContentNegotiationStrategy); nested exception is org.springframework.beans.factory.BeanCreationException: Error creating bean with name &apos;org.springframework.web.servlet.config.annotation.DelegatingWebMvcConfiguration&apos;: Injection of autowired dependencies failed; nested exception is org.springframework.beans.factory.BeanCreationException: Could not autowire method: public void org.springframework.web.servlet.config.annotation.DelegatingWebMvcConfiguration.setConfigurers(java.util.List); nested exception is org.springframework.beans.factory.BeanCreationException: Error creating bean with name &apos;apiConfig&apos; defined in URL [jar:file:/C:/workspaces/denv/denv-server/target/denv-server-0.1.0.jar!/org/ssoup/denv/server/api/ApiConfig.class]: Instantiation of bean failed; nested exception is org.springframework.beans.BeanInstantiationException: Could not instantiate bean class [org.ssoup.denv.server.api.ApiConfig$$EnhancerBySpringCGLIB$$10719c70]: No default constructor found; nested exception is java.lang.NoSuchMethodException: org.ssoup.denv.server.api.ApiConfig$$EnhancerBySpringCGLIB$$10719c70.&lt;init&gt;()
	at org.springframework.beans.factory.annotation.AutowiredAnnotationBeanPostProcessor.postProcessPropertyValues(AutowiredAnnotationBeanPostProcessor.java:292)
	at org.springframework.beans.factory.support.AbstractAutowireCapableBeanFactory.populateBean(AbstractAutowireCapableBeanFactory.java:1185)
	at org.springframework.beans.factory.support.AbstractAutowireCapableBeanFactory.doCreateBean(AbstractAutowireCapableBeanFactory.java:537)
	at org.springframework.beans.factory.support.AbstractAutowireCapableBeanFactory.createBean(AbstractAutowireCapableBeanFactory.java:475)
	at org.springframework.beans.factory.support.AbstractBeanFactory$1.getObject(AbstractBeanFactory.java:302)
	at org.springframework.beans.factory.support.DefaultSingletonBeanRegistry.getSingleton(DefaultSingletonBeanRegistry.java:228)
	at org.springframework.beans.factory.support.AbstractBeanFactory.doGetBean(AbstractBeanFactory.java:298)
	at org.springframework.beans.factory.support.AbstractBeanFactory.getBean(AbstractBeanFactory.java:198)
	at org.springframework.beans.factory.support.DefaultListableBeanFactory.getBeansOfType(DefaultListableBeanFactory.java:470)
	at org.springframework.beans.factory.support.DefaultListableBeanFactory.getBeansOfType(DefaultListableBeanFactory.java:459)
	at org.springframework.security.config.annotation.web.configuration.AutowiredWebSecurityConfigurersIgnoreParents.getWebSecurityConfigurers(AutowiredWebSecurityConfigurersIgnoreParents.java:52)
	at sun.reflect.NativeMethodAccessorImpl.invoke0(Native Method)
	at sun.reflect.NativeMethodAccessorImpl.invoke(NativeMethodAccessorImpl.java:57)
	at sun.reflect.DelegatingMethodAccessorImpl.invoke(DelegatingMethodAccessorImpl.java:43)
	at java.lang.reflect.Method.invoke(Method.java:601)
	at org.springframework.expression.spel.support.ReflectiveMethodExecutor.execute(ReflectiveMethodExecutor.java:63)
	at org.springframework.expression.spel.ast.MethodReference.getValueInternal(MethodReference.java:122)
	at org.springframework.expression.spel.ast.MethodReference.access$000(MethodReference.java:44)
	at org.springframework.expression.spel.ast.MethodReference$MethodValueRef.getValue(MethodReference.java:258)
	at org.springframework.expression.spel.ast.CompoundExpression.getValueInternal(CompoundExpression.java:84)
	at org.springframework.expression.spel.ast.SpelNodeImpl.getValue(SpelNodeImpl.java:103)
	at org.springframework.expression.spel.standard.SpelExpression.getValue(SpelExpression.java:94)
	at org.springframework.context.expression.StandardBeanExpressionResolver.evaluate(StandardBeanExpressionResolver.java:143)
	... 37 common frames omitted
Caused by: org.springframework.beans.factory.BeanCreationException: Could not autowire method: public void org.springframework.security.config.annotation.web.configuration.WebSecurityConfigurerAdapter.setContentNegotationStrategy(org.springframework.web.accept.ContentNegotiationStrategy); nested exception is org.springframework.beans.factory.BeanCreationException: Error creating bean with name &apos;org.springframework.web.servlet.config.annotation.DelegatingWebMvcConfiguration&apos;: Injection of autowired dependencies failed; nested exception is org.springframework.beans.factory.BeanCreationException: Could not autowire method: public void org.springframework.web.servlet.config.annotation.DelegatingWebMvcConfiguration.setConfigurers(java.util.List); nested exception is org.springframework.beans.factory.BeanCreationException: Error creating bean with name &apos;apiConfig&apos; defined in URL [jar:file:/C:/workspaces/denv/denv-server/target/denv-server-0.1.0.jar!/org/ssoup/denv/server/api/ApiConfig.class]: Instantiation of bean failed; nested exception is org.springframework.beans.BeanInstantiationException: Could not instantiate bean class [org.ssoup.denv.server.api.ApiConfig$$EnhancerBySpringCGLIB$$10719c70]: No default constructor found; nested exception is java.lang.NoSuchMethodException: org.ssoup.denv.server.api.ApiConfig$$EnhancerBySpringCGLIB$$10719c70.&lt;init&gt;()
	at org.springframework.beans.factory.annotation.AutowiredAnnotationBeanPostProcessor$AutowiredMethodElement.inject(AutowiredAnnotationBeanPostProcessor.java:596)
	at org.springframework.beans.factory.annotation.InjectionMetadata.inject(InjectionMetadata.java:87)
	at org.springframework.beans.factory.annotation.AutowiredAnnotationBeanPostProcessor.postProcessPropertyValues(AutowiredAnnotationBeanPostProcessor.java:289)
	... 59 common frames omitted
Caused by: org.springframework.beans.factory.BeanCreationException: Error creating bean with name &apos;org.springframework.web.servlet.config.annotation.DelegatingWebMvcConfiguration&apos;: Injection of autowired dependencies failed; nested exception is org.springframework.beans.factory.BeanCreationException: Could not autowire method: public void org.springframework.web.servlet.config.annotation.DelegatingWebMvcConfiguration.setConfigurers(java.util.List); nested exception is org.springframework.beans.factory.BeanCreationException: Error creating bean with name &apos;apiConfig&apos; defined in URL [jar:file:/C:/workspaces/denv/denv-server/target/denv-server-0.1.0.jar!/org/ssoup/denv/server/api/ApiConfig.class]: Instantiation of bean failed; nested exception is org.springframework.beans.BeanInstantiationException: Could not instantiate bean class [org.ssoup.denv.server.api.ApiConfig$$EnhancerBySpringCGLIB$$10719c70]: No default constructor found; nested exception is java.lang.NoSuchMethodException: org.ssoup.denv.server.api.ApiConfig$$EnhancerBySpringCGLIB$$10719c70.&lt;init&gt;()
	at org.springframework.beans.factory.annotation.AutowiredAnnotationBeanPostProcessor.postProcessPropertyValues(AutowiredAnnotationBeanPostProcessor.java:292)
	at org.springframework.beans.factory.support.AbstractAutowireCapableBeanFactory.populateBean(AbstractAutowireCapableBeanFactory.java:1185)
	at org.springframework.beans.factory.support.AbstractAutowireCapableBeanFactory.doCreateBean(AbstractAutowireCapableBeanFactory.java:537)
	at org.springframework.beans.factory.support.AbstractAutowireCapableBeanFactory.createBean(AbstractAutowireCapableBeanFactory.java:475)
	at org.springframework.beans.factory.support.AbstractBeanFactory$1.getObject(AbstractBeanFactory.java:302)
	at org.springframework.beans.factory.support.DefaultSingletonBeanRegistry.getSingleton(DefaultSingletonBeanRegistry.java:228)
	at org.springframework.beans.factory.support.AbstractBeanFactory.doGetBean(AbstractBeanFactory.java:298)
	at org.springframework.beans.factory.support.AbstractBeanFactory.getBean(AbstractBeanFactory.java:193)
	at org.springframework.beans.factory.support.ConstructorResolver.instantiateUsingFactoryMethod(ConstructorResolver.java:370)
	at org.springframework.beans.factory.support.AbstractAutowireCapableBeanFactory.instantiateUsingFactoryMethod(AbstractAutowireCapableBeanFactory.java:1094)
	at org.springframework.beans.factory.support.AbstractAutowireCapableBeanFactory.createBeanInstance(AbstractAutowireCapableBeanFactory.java:989)
	at org.springframework.beans.factory.support.AbstractAutowireCapableBeanFactory.doCreateBean(AbstractAutowireCapableBeanFactory.java:504)
	at org.springframework.beans.factory.support.AbstractAutowireCapableBeanFactory.createBean(AbstractAutowireCapableBeanFactory.java:475)
	at org.springframework.beans.factory.support.AbstractBeanFactory$1.getObject(AbstractBeanFactory.java:302)
	at org.springframework.beans.factory.support.DefaultSingletonBeanRegistry.getSingleton(DefaultSingletonBeanRegistry.java:228)
	at org.springframework.beans.factory.support.AbstractBeanFactory.doGetBean(AbstractBeanFactory.java:298)
	at org.springframework.beans.factory.support.AbstractBeanFactory.getBean(AbstractBeanFactory.java:193)
	at org.springframework.beans.factory.support.DefaultListableBeanFactory.findAutowireCandidates(DefaultListableBeanFactory.java:1017)
	at org.springframework.beans.factory.support.DefaultListableBeanFactory.doResolveDependency(DefaultListableBeanFactory.java:960)
	at org.springframework.beans.factory.support.DefaultListableBeanFactory.resolveDependency(DefaultListableBeanFactory.java:858)
	at org.springframework.beans.factory.annotation.AutowiredAnnotationBeanPostProcessor$AutowiredMethodElement.inject(AutowiredAnnotationBeanPostProcessor.java:553)
	... 61 common frames omitted
Caused by: org.springframework.beans.factory.BeanCreationException: Could not autowire method: public void org.springframework.web.servlet.config.annotation.DelegatingWebMvcConfiguration.setConfigurers(java.util.List); nested exception is org.springframework.beans.factory.BeanCreationException: Error creating bean with name &apos;apiConfig&apos; defined in URL [jar:file:/C:/workspaces/denv/denv-server/target/denv-server-0.1.0.jar!/org/ssoup/denv/server/api/ApiConfig.class]: Instantiation of bean failed; nested exception is org.springframework.beans.BeanInstantiationException: Could not instantiate bean class [org.ssoup.denv.server.api.ApiConfig$$EnhancerBySpringCGLIB$$10719c70]: No default constructor found; nested exception is java.lang.NoSuchMethodException: org.ssoup.denv.server.api.ApiConfig$$EnhancerBySpringCGLIB$$10719c70.&lt;init&gt;()
	at org.springframework.beans.factory.annotation.AutowiredAnnotationBeanPostProcessor$AutowiredMethodElement.inject(AutowiredAnnotationBeanPostProcessor.java:596)
	at org.springframework.beans.factory.annotation.InjectionMetadata.inject(InjectionMetadata.java:87)
	at org.springframework.beans.factory.annotation.AutowiredAnnotationBeanPostProcessor.postProcessPropertyValues(AutowiredAnnotationBeanPostProcessor.java:289)
	... 81 common frames omitted
Caused by: org.springframework.beans.factory.BeanCreationException: Error creating bean with name &apos;apiConfig&apos; defined in URL [jar:file:/C:/workspaces/denv/denv-server/target/denv-server-0.1.0.jar!/org/ssoup/denv/server/api/ApiConfig.class]: Instantiation of bean failed; nested exception is org.springframework.beans.BeanInstantiationException: Could not instantiate bean class [org.ssoup.denv.server.api.ApiConfig$$EnhancerBySpringCGLIB$$10719c70]: No default constructor found; nested exception is java.lang.NoSuchMethodException: org.ssoup.denv.server.api.ApiConfig$$EnhancerBySpringCGLIB$$10719c70.&lt;init&gt;()
	at org.springframework.beans.factory.support.AbstractAutowireCapableBeanFactory.instantiateBean(AbstractAutowireCapableBeanFactory.java:1076)
	at org.springframework.beans.factory.support.AbstractAutowireCapableBeanFactory.createBeanInstance(AbstractAutowireCapableBeanFactory.java:1021)
	at org.springframework.beans.factory.support.AbstractAutowireCapableBeanFactory.doCreateBean(AbstractAutowireCapableBeanFactory.java:504)
	at org.springframework.beans.factory.support.AbstractAutowireCapableBeanFactory.createBean(AbstractAutowireCapableBeanFactory.java:475)
	at org.springframework.beans.factory.support.AbstractBeanFactory$1.getObject(AbstractBeanFactory.java:302)
	at org.springframework.beans.factory.support.DefaultSingletonBeanRegistry.getSingleton(DefaultSingletonBeanRegistry.java:228)
	at org.springframework.beans.factory.support.AbstractBeanFactory.doGetBean(AbstractBeanFactory.java:298)
	at org.springframework.beans.factory.support.AbstractBeanFactory.getBean(AbstractBeanFactory.java:193)
	at org.springframework.beans.factory.support.DefaultListableBeanFactory.findAutowireCandidates(DefaultListableBeanFactory.java:1017)
	at org.springframework.beans.factory.support.DefaultListableBeanFactory.doResolveDependency(DefaultListableBeanFactory.java:912)
	at org.springframework.beans.factory.support.DefaultListableBeanFactory.resolveDependency(DefaultListableBeanFactory.java:858)
	at org.springframework.beans.factory.annotation.AutowiredAnnotationBeanPostProcessor$AutowiredMethodElement.inject(AutowiredAnnotationBeanPostProcessor.java:553)
	... 83 common frames omitted
Caused by: org.springframework.beans.BeanInstantiationException: Could not instantiate bean class [org.ssoup.denv.server.api.ApiConfig$$EnhancerBySpringCGLIB$$10719c70]: No default constructor found; nested exception is java.lang.NoSuchMethodException: org.ssoup.denv.server.api.ApiConfig$$EnhancerBySpringCGLIB$$10719c70.&lt;init&gt;()
	at org.springframework.beans.factory.support.SimpleInstantiationStrategy.instantiate(SimpleInstantiationStrategy.java:85)
	at org.springframework.beans.factory.support.AbstractAutowireCapableBeanFactory.instantiateBean(AbstractAutowireCapableBeanFactory.java:1069)
	... 94 common frames omitted
Caused by: java.lang.NoSuchMethodException: org.ssoup.denv.server.api.ApiConfig$$EnhancerBySpringCGLIB$$10719c70.&lt;init&gt;()
	at java.lang.Class.getConstructor0(Class.java:2730)
	at java.lang.Class.getDeclaredConstructor(Class.java:2004)
	at org.springframework.beans.factory.support.SimpleInstantiationStrategy.instantiate(SimpleInstantiationStrategy.java:80)
	... 95 common frames omitted

2014-08-28 16:58:38.424 ERROR 9700 --- [           main] o.s.test.context.TestContextManager      : Caught exception while allowing TestExecutionListener [org.springframework.test.context.support.DependencyInjectionTestExecutionListener@e45a028] to prepare test instance [org.ssoup.denv.server.test.BasicTest@40372869]

java.lang.IllegalStateException: Failed to load ApplicationContext
	at org.springframework.test.context.CacheAwareContextLoaderDelegate.loadContext(CacheAwareContextLoaderDelegate.java:99)
	at org.springframework.test.context.DefaultTestContext.getApplicationContext(DefaultTestContext.java:101)
	at org.springframework.test.context.support.DependencyInjectionTestExecutionListener.injectDependencies(DependencyInjectionTestExecutionListener.java:109)
	at org.springframework.test.context.support.DependencyInjectionTestExecutionListener.prepareTestInstance(DependencyInjectionTestExecutionListener.java:75)
	at org.springframework.test.context.TestContextManager.prepareTestInstance(TestContextManager.java:331)
	at org.springframework.test.context.junit4.SpringJUnit4ClassRunner.createTest(SpringJUnit4ClassRunner.java:213)
	at org.springframework.test.context.junit4.SpringJUnit4ClassRunner$1.runReflectiveCall(SpringJUnit4ClassRunner.java:290)
	at org.junit.internal.runners.model.ReflectiveCallable.run(ReflectiveCallable.java:12)
	at org.springframework.test.context.junit4.SpringJUnit4ClassRunner.methodBlock(SpringJUnit4ClassRunner.java:292)
	at org.springframework.test.context.junit4.SpringJUnit4ClassRunner.runChild(SpringJUnit4ClassRunner.java:233)
	at org.springframework.test.context.junit4.SpringJUnit4ClassRunner.runChild(SpringJUnit4ClassRunner.java:87)
	at org.junit.runners.ParentRunner$3.run(ParentRunner.java:238)
	at org.junit.runners.ParentRunner$1.schedule(ParentRunner.java:63)
	at org.junit.runners.ParentRunner.runChildren(ParentRunner.java:236)
	at org.junit.runners.ParentRunner.access$000(ParentRunner.java:53)
	at org.junit.runners.ParentRunner$2.evaluate(ParentRunner.java:229)
	at org.springframework.test.context.junit4.statements.RunBeforeTestClassCallbacks.evaluate(RunBeforeTestClassCallbacks.java:61)
	at org.springframework.test.context.junit4.statements.RunAfterTestClassCallbacks.evaluate(RunAfterTestClassCallbacks.java:71)
	at org.junit.runners.ParentRunner.run(ParentRunner.java:309)
	at org.springframework.test.context.junit4.SpringJUnit4ClassRunner.run(SpringJUnit4ClassRunner.java:176)
	at org.apache.maven.surefire.junit4.JUnit4TestSet.execute(JUnit4TestSet.java:62)
	at org.apache.maven.surefire.suite.AbstractDirectoryTestSuite.executeTestSet(AbstractDirectoryTestSuite.java:140)
	at org.apache.maven.surefire.suite.AbstractDirectoryTestSuite.execute(AbstractDirectoryTestSuite.java:127)
	at org.apache.maven.surefire.Surefire.run(Surefire.java:177)
	at sun.reflect.NativeMethodAccessorImpl.invoke0(Native Method)
	at sun.reflect.NativeMethodAccessorImpl.invoke(NativeMethodAccessorImpl.java:57)
	at sun.reflect.DelegatingMethodAccessorImpl.invoke(DelegatingMethodAccessorImpl.java:43)
	at java.lang.reflect.Method.invoke(Method.java:601)
	at org.apache.maven.surefire.booter.SurefireBooter.runSuitesInProcess(SurefireBooter.java:345)
	at org.apache.maven.surefire.booter.SurefireBooter.main(SurefireBooter.java:1009)
Caused by: org.springframework.context.ApplicationContextException: Unable to start embedded container; nested exception is org.springframework.boot.context.embedded.EmbeddedServletContainerException: Unable to start embedded Tomcat
	at org.springframework.boot.context.embedded.EmbeddedWebApplicationContext.onRefresh(EmbeddedWebApplicationContext.java:135)
	at org.springframework.context.support.AbstractApplicationContext.refresh(AbstractApplicationContext.java:476)
	at org.springframework.boot.context.embedded.EmbeddedWebApplicationContext.refresh(EmbeddedWebApplicationContext.java:120)
	at org.springframework.boot.SpringApplication.refresh(SpringApplication.java:691)
	at org.springframework.boot.SpringApplication.run(SpringApplication.java:320)
	at org.springframework.boot.test.SpringApplicationContextLoader.loadContext(SpringApplicationContextLoader.java:107)
	at org.springframework.test.context.CacheAwareContextLoaderDelegate.loadContextInternal(CacheAwareContextLoaderDelegate.java:64)
	at org.springframework.test.context.CacheAwareContextLoaderDelegate.loadContext(CacheAwareContextLoaderDelegate.java:91)
	... 29 common frames omitted
Caused by: org.springframework.boot.context.embedded.EmbeddedServletContainerException: Unable to start embedded Tomcat
	at org.springframework.boot.context.embedded.tomcat.TomcatEmbeddedServletContainer.initialize(TomcatEmbeddedServletContainer.java:100)
	at org.springframework.boot.context.embedded.tomcat.TomcatEmbeddedServletContainer.&lt;init&gt;(TomcatEmbeddedServletContainer.java:74)
	at org.springframework.boot.context.embedded.tomcat.TomcatEmbeddedServletContainerFactory.getTomcatEmbeddedServletContainer(TomcatEmbeddedServletContainerFactory.java:289)
	at org.springframework.boot.context.embedded.tomcat.TomcatEmbeddedServletContainerFactory.getEmbeddedServletContainer(TomcatEmbeddedServletContainerFactory.java:146)
	at org.springframework.boot.context.embedded.EmbeddedWebApplicationContext.createEmbeddedServletContainer(EmbeddedWebApplicationContext.java:159)
	at org.springframework.boot.context.embedded.EmbeddedWebApplicationContext.onRefresh(EmbeddedWebApplicationContext.java:132)
	... 36 common frames omitted
Caused by: org.springframework.beans.factory.BeanCreationException: Error creating bean with name &apos;org.springframework.security.config.annotation.web.configuration.WebSecurityConfiguration&apos;: Injection of autowired dependencies failed; nested exception is org.springframework.beans.factory.BeanCreationException: Could not autowire method: public void org.springframework.security.config.annotation.web.configuration.WebSecurityConfiguration.setFilterChainProxySecurityConfigurer(org.springframework.security.config.annotation.ObjectPostProcessor,java.util.List) throws java.lang.Exception; nested exception is org.springframework.beans.factory.BeanExpressionException: Expression parsing failed; nested exception is org.springframework.beans.factory.BeanCreationException: Error creating bean with name &apos;securityConfig&apos;: Injection of autowired dependencies failed; nested exception is org.springframework.beans.factory.BeanCreationException: Could not autowire method: public void org.springframework.security.config.annotation.web.configuration.WebSecurityConfigurerAdapter.setContentNegotationStrategy(org.springframework.web.accept.ContentNegotiationStrategy); nested exception is org.springframework.beans.factory.BeanCreationException: Error creating bean with name &apos;org.springframework.web.servlet.config.annotation.DelegatingWebMvcConfiguration&apos;: Injection of autowired dependencies failed; nested exception is org.springframework.beans.factory.BeanCreationException: Could not autowire method: public void org.springframework.web.servlet.config.annotation.DelegatingWebMvcConfiguration.setConfigurers(java.util.List); nested exception is org.springframework.beans.factory.BeanCreationException: Error creating bean with name &apos;apiConfig&apos; defined in URL [jar:file:/C:/workspaces/denv/denv-server/target/denv-server-0.1.0.jar!/org/ssoup/denv/server/api/ApiConfig.class]: Instantiation of bean failed; nested exception is org.springframework.beans.BeanInstantiationException: Could not instantiate bean class [org.ssoup.denv.server.api.ApiConfig$$EnhancerBySpringCGLIB$$10719c70]: No default constructor found; nested exception is java.lang.NoSuchMethodException: org.ssoup.denv.server.api.ApiConfig$$EnhancerBySpringCGLIB$$10719c70.&lt;init&gt;()
	at org.springframework.beans.factory.annotation.AutowiredAnnotationBeanPostProcessor.postProcessPropertyValues(AutowiredAnnotationBeanPostProcessor.java:292)
	at org.springframework.beans.factory.support.AbstractAutowireCapableBeanFactory.populateBean(AbstractAutowireCapableBeanFactory.java:1185)
	at org.springframework.beans.factory.support.AbstractAutowireCapableBeanFactory.doCreateBean(AbstractAutowireCapableBeanFactory.java:537)
	at org.springframework.beans.factory.support.AbstractAutowireCapableBeanFactory.createBean(AbstractAutowireCapableBeanFactory.java:475)
	at org.springframework.beans.factory.support.AbstractBeanFactory$1.getObject(AbstractBeanFactory.java:302)
	at org.springframework.beans.factory.support.DefaultSingletonBeanRegistry.getSingleton(DefaultSingletonBeanRegistry.java:228)
	at org.springframework.beans.factory.support.AbstractBeanFactory.doGetBean(AbstractBeanFactory.java:298)
	at org.springframework.beans.factory.support.AbstractBeanFactory.getBean(AbstractBeanFactory.java:193)
	at org.springframework.beans.factory.support.ConstructorResolver.instantiateUsingFactoryMethod(ConstructorResolver.java:370)
	at org.springframework.beans.factory.support.AbstractAutowireCapableBeanFactory.instantiateUsingFactoryMethod(AbstractAutowireCapableBeanFactory.java:1094)
	at org.springframework.beans.factory.support.AbstractAutowireCapableBeanFactory.createBeanInstance(AbstractAutowireCapableBeanFactory.java:989)
	at org.springframework.beans.factory.support.AbstractAutowireCapableBeanFactory.doCreateBean(AbstractAutowireCapableBeanFactory.java:504)
	at org.springframework.beans.factory.support.AbstractAutowireCapableBeanFactory.createBean(AbstractAutowireCapableBeanFactory.java:475)
	at org.springframework.beans.factory.support.AbstractBeanFactory$1.getObject(AbstractBeanFactory.java:302)
	at org.springframework.beans.factory.support.DefaultSingletonBeanRegistry.getSingleton(DefaultSingletonBeanRegistry.java:228)
	at org.springframework.beans.factory.support.AbstractBeanFactory.doGetBean(AbstractBeanFactory.java:298)
	at org.springframework.beans.factory.support.AbstractBeanFactory.getBean(AbstractBeanFactory.java:198)
	at org.springframework.boot.context.embedded.EmbeddedWebApplicationContext.getOrderedBeansOfType(EmbeddedWebApplicationContext.java:367)
	at org.springframework.boot.context.embedded.EmbeddedWebApplicationContext.getServletContextInitializerBeans(EmbeddedWebApplicationContext.java:268)
	at org.springframework.boot.context.embedded.EmbeddedWebApplicationContext$1.onStartup(EmbeddedWebApplicationContext.java:213)
	at org.springframework.boot.context.embedded.tomcat.ServletContextInitializerLifecycleListener.lifecycleEvent(ServletContextInitializerLifecycleListener.java:64)
	at org.apache.catalina.util.LifecycleSupport.fireLifecycleEvent(LifecycleSupport.java:117)
	at org.apache.catalina.util.LifecycleBase.fireLifecycleEvent(LifecycleBase.java:90)
	at org.apache.catalina.core.StandardContext.startInternal(StandardContext.java:5355)
	at org.apache.catalina.util.LifecycleBase.start(LifecycleBase.java:150)
	at org.apache.catalina.core.ContainerBase$StartChild.call(ContainerBase.java:1559)
	at org.apache.catalina.core.ContainerBase$StartChild.call(ContainerBase.java:1549)
	at java.util.concurrent.FutureTask$Sync.innerRun(FutureTask.java:334)
	at java.util.concurrent.FutureTask.run(FutureTask.java:166)
	at java.util.concurrent.ThreadPoolExecutor.runWorker(ThreadPoolExecutor.java:1145)
	at java.util.concurrent.ThreadPoolExecutor$Worker.run(ThreadPoolExecutor.java:615)
	at java.lang.Thread.run(Thread.java:722)
Caused by: org.springframework.beans.factory.BeanCreationException: Could not autowire method: public void org.springframework.security.config.annotation.web.configuration.WebSecurityConfiguration.setFilterChainProxySecurityConfigurer(org.springframework.security.config.annotation.ObjectPostProcessor,java.util.List) throws java.lang.Exception; nested exception is org.springframework.beans.factory.BeanExpressionException: Expression parsing failed; nested exception is org.springframework.beans.factory.BeanCreationException: Error creating bean with name &apos;securityConfig&apos;: Injection of autowired dependencies failed; nested exception is org.springframework.beans.factory.BeanCreationException: Could not autowire method: public void org.springframework.security.config.annotation.web.configuration.WebSecurityConfigurerAdapter.setContentNegotationStrategy(org.springframework.web.accept.ContentNegotiationStrategy); nested exception is org.springframework.beans.factory.BeanCreationException: Error creating bean with name &apos;org.springframework.web.servlet.config.annotation.DelegatingWebMvcConfiguration&apos;: Injection of autowired dependencies failed; nested exception is org.springframework.beans.factory.BeanCreationException: Could not autowire method: public void org.springframework.web.servlet.config.annotation.DelegatingWebMvcConfiguration.setConfigurers(java.util.List); nested exception is org.springframework.beans.factory.BeanCreationException: Error creating bean with name &apos;apiConfig&apos; defined in URL [jar:file:/C:/workspaces/denv/denv-server/target/denv-server-0.1.0.jar!/org/ssoup/denv/server/api/ApiConfig.class]: Instantiation of bean failed; nested exception is org.springframework.beans.BeanInstantiationException: Could not instantiate bean class [org.ssoup.denv.server.api.ApiConfig$$EnhancerBySpringCGLIB$$10719c70]: No default constructor found; nested exception is java.lang.NoSuchMethodException: org.ssoup.denv.server.api.ApiConfig$$EnhancerBySpringCGLIB$$10719c70.&lt;init&gt;()
	at org.springframework.beans.factory.annotation.AutowiredAnnotationBeanPostProcessor$AutowiredMethodElement.inject(AutowiredAnnotationBeanPostProcessor.java:596)
	at org.springframework.beans.factory.annotation.InjectionMetadata.inject(InjectionMetadata.java:87)
	at org.springframework.beans.factory.annotation.AutowiredAnnotationBeanPostProcessor.postProcessPropertyValues(AutowiredAnnotationBeanPostProcessor.java:289)
	... 31 common frames omitted
Caused by: org.springframework.beans.factory.BeanExpressionException: Expression parsing failed; nested exception is org.springframework.beans.factory.BeanCreationException: Error creating bean with name &apos;securityConfig&apos;: Injection of autowired dependencies failed; nested exception is org.springframework.beans.factory.BeanCreationException: Could not autowire method: public void org.springframework.security.config.annotation.web.configuration.WebSecurityConfigurerAdapter.setContentNegotationStrategy(org.springframework.web.accept.ContentNegotiationStrategy); nested exception is org.springframework.beans.factory.BeanCreationException: Error creating bean with name &apos;org.springframework.web.servlet.config.annotation.DelegatingWebMvcConfiguration&apos;: Injection of autowired dependencies failed; nested exception is org.springframework.beans.factory.BeanCreationException: Could not autowire method: public void org.springframework.web.servlet.config.annotation.DelegatingWebMvcConfiguration.setConfigurers(java.util.List); nested exception is org.springframework.beans.factory.BeanCreationException: Error creating bean with name &apos;apiConfig&apos; defined in URL [jar:file:/C:/workspaces/denv/denv-server/target/denv-server-0.1.0.jar!/org/ssoup/denv/server/api/ApiConfig.class]: Instantiation of bean failed; nested exception is org.springframework.beans.BeanInstantiationException: Could not instantiate bean class [org.ssoup.denv.server.api.ApiConfig$$EnhancerBySpringCGLIB$$10719c70]: No default constructor found; nested exception is java.lang.NoSuchMethodException: org.ssoup.denv.server.api.ApiConfig$$EnhancerBySpringCGLIB$$10719c70.&lt;init&gt;()
	at org.springframework.context.expression.StandardBeanExpressionResolver.evaluate(StandardBeanExpressionResolver.java:146)
	at org.springframework.beans.factory.support.AbstractBeanFactory.evaluateBeanDefinitionString(AbstractBeanFactory.java:1362)
	at org.springframework.beans.factory.support.DefaultListableBeanFactory.doResolveDependency(DefaultListableBeanFactory.java:873)
	at org.springframework.beans.factory.support.DefaultListableBeanFactory.resolveDependency(DefaultListableBeanFactory.java:858)
	at org.springframework.beans.factory.annotation.AutowiredAnnotationBeanPostProcessor$AutowiredMethodElement.inject(AutowiredAnnotationBeanPostProcessor.java:553)
	... 33 common frames omitted
Caused by: org.springframework.beans.factory.BeanCreationException: Error creating bean with name &apos;securityConfig&apos;: Injection of autowired dependencies failed; nested exception is org.springframework.beans.factory.BeanCreationException: Could not autowire method: public void org.springframework.security.config.annotation.web.configuration.WebSecurityConfigurerAdapter.setContentNegotationStrategy(org.springframework.web.accept.ContentNegotiationStrategy); nested exception is org.springframework.beans.factory.BeanCreationException: Error creating bean with name &apos;org.springframework.web.servlet.config.annotation.DelegatingWebMvcConfiguration&apos;: Injection of autowired dependencies failed; nested exception is org.springframework.beans.factory.BeanCreationException: Could not autowire method: public void org.springframework.web.servlet.config.annotation.DelegatingWebMvcConfiguration.setConfigurers(java.util.List); nested exception is org.springframework.beans.factory.BeanCreationException: Error creating bean with name &apos;apiConfig&apos; defined in URL [jar:file:/C:/workspaces/denv/denv-server/target/denv-server-0.1.0.jar!/org/ssoup/denv/server/api/ApiConfig.class]: Instantiation of bean failed; nested exception is org.springframework.beans.BeanInstantiationException: Could not instantiate bean class [org.ssoup.denv.server.api.ApiConfig$$EnhancerBySpringCGLIB$$10719c70]: No default constructor found; nested exception is java.lang.NoSuchMethodException: org.ssoup.denv.server.api.ApiConfig$$EnhancerBySpringCGLIB$$10719c70.&lt;init&gt;()
	at org.springframework.beans.factory.annotation.AutowiredAnnotationBeanPostProcessor.postProcessPropertyValues(AutowiredAnnotationBeanPostProcessor.java:292)
	at org.springframework.beans.factory.support.AbstractAutowireCapableBeanFactory.populateBean(AbstractAutowireCapableBeanFactory.java:1185)
	at org.springframework.beans.factory.support.AbstractAutowireCapableBeanFactory.doCreateBean(AbstractAutowireCapableBeanFactory.java:537)
	at org.springframework.beans.factory.support.AbstractAutowireCapableBeanFactory.createBean(AbstractAutowireCapableBeanFactory.java:475)
	at org.springframework.beans.factory.support.AbstractBeanFactory$1.getObject(AbstractBeanFactory.java:302)
	at org.springframework.beans.factory.support.DefaultSingletonBeanRegistry.getSingleton(DefaultSingletonBeanRegistry.java:228)
	at org.springframework.beans.factory.support.AbstractBeanFactory.doGetBean(AbstractBeanFactory.java:298)
	at org.springframework.beans.factory.support.AbstractBeanFactory.getBean(AbstractBeanFactory.java:198)
	at org.springframework.beans.factory.support.DefaultListableBeanFactory.getBeansOfType(DefaultListableBeanFactory.java:470)
	at org.springframework.beans.factory.support.DefaultListableBeanFactory.getBeansOfType(DefaultListableBeanFactory.java:459)
	at org.springframework.security.config.annotation.web.configuration.AutowiredWebSecurityConfigurersIgnoreParents.getWebSecurityConfigurers(AutowiredWebSecurityConfigurersIgnoreParents.java:52)
	at sun.reflect.NativeMethodAccessorImpl.invoke0(Native Method)
	at sun.reflect.NativeMethodAccessorImpl.invoke(NativeMethodAccessorImpl.java:57)
	at sun.reflect.DelegatingMethodAccessorImpl.invoke(DelegatingMethodAccessorImpl.java:43)
	at java.lang.reflect.Method.invoke(Method.java:601)
	at org.springframework.expression.spel.support.ReflectiveMethodExecutor.execute(ReflectiveMethodExecutor.java:63)
	at org.springframework.expression.spel.ast.MethodReference.getValueInternal(MethodReference.java:122)
	at org.springframework.expression.spel.ast.MethodReference.access$000(MethodReference.java:44)
	at org.springframework.expression.spel.ast.MethodReference$MethodValueRef.getValue(MethodReference.java:258)
	at org.springframework.expression.spel.ast.CompoundExpression.getValueInternal(CompoundExpression.java:84)
	at org.springframework.expression.spel.ast.SpelNodeImpl.getValue(SpelNodeImpl.java:103)
	at org.springframework.expression.spel.standard.SpelExpression.getValue(SpelExpression.java:94)
	at org.springframework.context.expression.StandardBeanExpressionResolver.evaluate(StandardBeanExpressionResolver.java:143)
	... 37 common frames omitted
Caused by: org.springframework.beans.factory.BeanCreationException: Could not autowire method: public void org.springframework.security.config.annotation.web.configuration.WebSecurityConfigurerAdapter.setContentNegotationStrategy(org.springframework.web.accept.ContentNegotiationStrategy); nested exception is org.springframework.beans.factory.BeanCreationException: Error creating bean with name &apos;org.springframework.web.servlet.config.annotation.DelegatingWebMvcConfiguration&apos;: Injection of autowired dependencies failed; nested exception is org.springframework.beans.factory.BeanCreationException: Could not autowire method: public void org.springframework.web.servlet.config.annotation.DelegatingWebMvcConfiguration.setConfigurers(java.util.List); nested exception is org.springframework.beans.factory.BeanCreationException: Error creating bean with name &apos;apiConfig&apos; defined in URL [jar:file:/C:/workspaces/denv/denv-server/target/denv-server-0.1.0.jar!/org/ssoup/denv/server/api/ApiConfig.class]: Instantiation of bean failed; nested exception is org.springframework.beans.BeanInstantiationException: Could not instantiate bean class [org.ssoup.denv.server.api.ApiConfig$$EnhancerBySpringCGLIB$$10719c70]: No default constructor found; nested exception is java.lang.NoSuchMethodException: org.ssoup.denv.server.api.ApiConfig$$EnhancerBySpringCGLIB$$10719c70.&lt;init&gt;()
	at org.springframework.beans.factory.annotation.AutowiredAnnotationBeanPostProcessor$AutowiredMethodElement.inject(AutowiredAnnotationBeanPostProcessor.java:596)
	at org.springframework.beans.factory.annotation.InjectionMetadata.inject(InjectionMetadata.java:87)
	at org.springframework.beans.factory.annotation.AutowiredAnnotationBeanPostProcessor.postProcessPropertyValues(AutowiredAnnotationBeanPostProcessor.java:289)
	... 59 common frames omitted
Caused by: org.springframework.beans.factory.BeanCreationException: Error creating bean with name &apos;org.springframework.web.servlet.config.annotation.DelegatingWebMvcConfiguration&apos;: Injection of autowired dependencies failed; nested exception is org.springframework.beans.factory.BeanCreationException: Could not autowire method: public void org.springframework.web.servlet.config.annotation.DelegatingWebMvcConfiguration.setConfigurers(java.util.List); nested exception is org.springframework.beans.factory.BeanCreationException: Error creating bean with name &apos;apiConfig&apos; defined in URL [jar:file:/C:/workspaces/denv/denv-server/target/denv-server-0.1.0.jar!/org/ssoup/denv/server/api/ApiConfig.class]: Instantiation of bean failed; nested exception is org.springframework.beans.BeanInstantiationException: Could not instantiate bean class [org.ssoup.denv.server.api.ApiConfig$$EnhancerBySpringCGLIB$$10719c70]: No default constructor found; nested exception is java.lang.NoSuchMethodException: org.ssoup.denv.server.api.ApiConfig$$EnhancerBySpringCGLIB$$10719c70.&lt;init&gt;()
	at org.springframework.beans.factory.annotation.AutowiredAnnotationBeanPostProcessor.postProcessPropertyValues(AutowiredAnnotationBeanPostProcessor.java:292)
	at org.springframework.beans.factory.support.AbstractAutowireCapableBeanFactory.populateBean(AbstractAutowireCapableBeanFactory.java:1185)
	at org.springframework.beans.factory.support.AbstractAutowireCapableBeanFactory.doCreateBean(AbstractAutowireCapableBeanFactory.java:537)
	at org.springframework.beans.factory.support.AbstractAutowireCapableBeanFactory.createBean(AbstractAutowireCapableBeanFactory.java:475)
	at org.springframework.beans.factory.support.AbstractBeanFactory$1.getObject(AbstractBeanFactory.java:302)
	at org.springframework.beans.factory.support.DefaultSingletonBeanRegistry.getSingleton(DefaultSingletonBeanRegistry.java:228)
	at org.springframework.beans.factory.support.AbstractBeanFactory.doGetBean(AbstractBeanFactory.java:298)
	at org.springframework.beans.factory.support.AbstractBeanFactory.getBean(AbstractBeanFactory.java:193)
	at org.springframework.beans.factory.support.ConstructorResolver.instantiateUsingFactoryMethod(ConstructorResolver.java:370)
	at org.springframework.beans.factory.support.AbstractAutowireCapableBeanFactory.instantiateUsingFactoryMethod(AbstractAutowireCapableBeanFactory.java:1094)
	at org.springframework.beans.factory.support.AbstractAutowireCapableBeanFactory.createBeanInstance(AbstractAutowireCapableBeanFactory.java:989)
	at org.springframework.beans.factory.support.AbstractAutowireCapableBeanFactory.doCreateBean(AbstractAutowireCapableBeanFactory.java:504)
	at org.springframework.beans.factory.support.AbstractAutowireCapableBeanFactory.createBean(AbstractAutowireCapableBeanFactory.java:475)
	at org.springframework.beans.factory.support.AbstractBeanFactory$1.getObject(AbstractBeanFactory.java:302)
	at org.springframework.beans.factory.support.DefaultSingletonBeanRegistry.getSingleton(DefaultSingletonBeanRegistry.java:228)
	at org.springframework.beans.factory.support.AbstractBeanFactory.doGetBean(AbstractBeanFactory.java:298)
	at org.springframework.beans.factory.support.AbstractBeanFactory.getBean(AbstractBeanFactory.java:193)
	at org.springframework.beans.factory.support.DefaultListableBeanFactory.findAutowireCandidates(DefaultListableBeanFactory.java:1017)
	at org.springframework.beans.factory.support.DefaultListableBeanFactory.doResolveDependency(DefaultListableBeanFactory.java:960)
	at org.springframework.beans.factory.support.DefaultListableBeanFactory.resolveDependency(DefaultListableBeanFactory.java:858)
	at org.springframework.beans.factory.annotation.AutowiredAnnotationBeanPostProcessor$AutowiredMethodElement.inject(AutowiredAnnotationBeanPostProcessor.java:553)
	... 61 common frames omitted
Caused by: org.springframework.beans.factory.BeanCreationException: Could not autowire method: public void org.springframework.web.servlet.config.annotation.DelegatingWebMvcConfiguration.setConfigurers(java.util.List); nested exception is org.springframework.beans.factory.BeanCreationException: Error creating bean with name &apos;apiConfig&apos; defined in URL [jar:file:/C:/workspaces/denv/denv-server/target/denv-server-0.1.0.jar!/org/ssoup/denv/server/api/ApiConfig.class]: Instantiation of bean failed; nested exception is org.springframework.beans.BeanInstantiationException: Could not instantiate bean class [org.ssoup.denv.server.api.ApiConfig$$EnhancerBySpringCGLIB$$10719c70]: No default constructor found; nested exception is java.lang.NoSuchMethodException: org.ssoup.denv.server.api.ApiConfig$$EnhancerBySpringCGLIB$$10719c70.&lt;init&gt;()
	at org.springframework.beans.factory.annotation.AutowiredAnnotationBeanPostProcessor$AutowiredMethodElement.inject(AutowiredAnnotationBeanPostProcessor.java:596)
	at org.springframework.beans.factory.annotation.InjectionMetadata.inject(InjectionMetadata.java:87)
	at org.springframework.beans.factory.annotation.AutowiredAnnotationBeanPostProcessor.postProcessPropertyValues(AutowiredAnnotationBeanPostProcessor.java:289)
	... 81 common frames omitted
Caused by: org.springframework.beans.factory.BeanCreationException: Error creating bean with name &apos;apiConfig&apos; defined in URL [jar:file:/C:/workspaces/denv/denv-server/target/denv-server-0.1.0.jar!/org/ssoup/denv/server/api/ApiConfig.class]: Instantiation of bean failed; nested exception is org.springframework.beans.BeanInstantiationException: Could not instantiate bean class [org.ssoup.denv.server.api.ApiConfig$$EnhancerBySpringCGLIB$$10719c70]: No default constructor found; nested exception is java.lang.NoSuchMethodException: org.ssoup.denv.server.api.ApiConfig$$EnhancerBySpringCGLIB$$10719c70.&lt;init&gt;()
	at org.springframework.beans.factory.support.AbstractAutowireCapableBeanFactory.instantiateBean(AbstractAutowireCapableBeanFactory.java:1076)
	at org.springframework.beans.factory.support.AbstractAutowireCapableBeanFactory.createBeanInstance(AbstractAutowireCapableBeanFactory.java:1021)
	at org.springframework.beans.factory.support.AbstractAutowireCapableBeanFactory.doCreateBean(AbstractAutowireCapableBeanFactory.java:504)
	at org.springframework.beans.factory.support.AbstractAutowireCapableBeanFactory.createBean(AbstractAutowireCapableBeanFactory.java:475)
	at org.springframework.beans.factory.support.AbstractBeanFactory$1.getObject(AbstractBeanFactory.java:302)
	at org.springframework.beans.factory.support.DefaultSingletonBeanRegistry.getSingleton(DefaultSingletonBeanRegistry.java:228)
	at org.springframework.beans.factory.support.AbstractBeanFactory.doGetBean(AbstractBeanFactory.java:298)
	at org.springframework.beans.factory.support.AbstractBeanFactory.getBean(AbstractBeanFactory.java:193)
	at org.springframework.beans.factory.support.DefaultListableBeanFactory.findAutowireCandidates(DefaultListableBeanFactory.java:1017)
	at org.springframework.beans.factory.support.DefaultListableBeanFactory.doResolveDependency(DefaultListableBeanFactory.java:912)
	at org.springframework.beans.factory.support.DefaultListableBeanFactory.resolveDependency(DefaultListableBeanFactory.java:858)
	at org.springframework.beans.factory.annotation.AutowiredAnnotationBeanPostProcessor$AutowiredMethodElement.inject(AutowiredAnnotationBeanPostProcessor.java:553)
	... 83 common frames omitted
Caused by: org.springframework.beans.BeanInstantiationException: Could not instantiate bean class [org.ssoup.denv.server.api.ApiConfig$$EnhancerBySpringCGLIB$$10719c70]: No default constructor found; nested exception is java.lang.NoSuchMethodException: org.ssoup.denv.server.api.ApiConfig$$EnhancerBySpringCGLIB$$10719c70.&lt;init&gt;()
	at org.springframework.beans.factory.support.SimpleInstantiationStrategy.instantiate(SimpleInstantiationStrategy.java:85)
	at org.springframework.beans.factory.support.AbstractAutowireCapableBeanFactory.instantiateBean(AbstractAutowireCapableBeanFactory.java:1069)
	... 94 common frames omitted
Caused by: java.lang.NoSuchMethodException: org.ssoup.denv.server.api.ApiConfig$$EnhancerBySpringCGLIB$$10719c70.&lt;init&gt;()
	at java.lang.Class.getConstructor0(Class.java:2730)
	at java.lang.Class.getDeclaredConstructor(Class.java:2004)
	at org.springframework.beans.factory.support.SimpleInstantiationStrategy.instantiate(SimpleInstantiationStrategy.java:80)
	... 95 common frames omitted

</system-out>
  </testcase>
</testsuite>