<?xml version="1.0" encoding="UTF-8" ?>
<testsuite failures="0" time="21.055" errors="5" skipped="0" tests="5" name="org.ssoup.denv.server.test.DenvClientTest">
  <properties>
    <property name="java.runtime.name" value="Java(TM) SE Runtime Environment"/>
    <property name="sun.boot.library.path" value="C:\myDeveloper\jdk1.6.0_30\jre\bin"/>
    <property name="java.vm.version" value="20.5-b03"/>
    <property name="java.vm.vendor" value="Sun Microsystems Inc."/>
    <property name="java.vendor.url" value="http://java.sun.com/"/>
    <property name="path.separator" value=";"/>
    <property name="java.vm.name" value="Java HotSpot(TM) Client VM"/>
    <property name="file.encoding.pkg" value="sun.io"/>
    <property name="user.country" value="GB"/>
    <property name="sun.java.launcher" value="SUN_STANDARD"/>
    <property name="sun.os.patch.level" value="Service Pack 1"/>
    <property name="java.vm.specification.name" value="Java Virtual Machine Specification"/>
    <property name="user.dir" value="C:\workspaces\denv\denv-server-integration-test"/>
    <property name="PID" value="10216"/>
    <property name="java.runtime.version" value="1.6.0_30-b12"/>
    <property name="java.awt.graphicsenv" value="sun.awt.Win32GraphicsEnvironment"/>
    <property name="basedir" value="C:\workspaces\denv\denv-server-integration-test"/>
    <property name="java.endorsed.dirs" value="C:\myDeveloper\jdk1.6.0_30\jre\lib\endorsed"/>
    <property name="os.arch" value="x86"/>
    <property name="surefire.real.class.path" value="C:\Users\ALB\AppData\Local\Temp\surefirebooter7995350138174825736.jar"/>
    <property name="java.io.tmpdir" value="C:\Users\ALB\AppData\Local\Temp\"/>
    <property name="line.separator" value="
"/>
    <property name="java.vm.specification.vendor" value="Sun Microsystems Inc."/>
    <property name="LOG_TEMP" value="C:/Users/ALB/AppData/Local/Temp"/>
    <property name="user.variant" value=""/>
    <property name="os.name" value="Windows 7"/>
    <property name="sun.jnu.encoding" value="Cp1252"/>
    <property name="java.library.path" value="C:\myDeveloper\jdk1.6.0_30\jre\bin;C:\windows\Sun\Java\bin;C:\windows\system32;C:\windows;C:\Program Files (x86)\PC Connectivity Solution\;C:\Program Files\Common Files\Microsoft Shared\Windows Live;C:\windows\system32;C:\windows;C:\windows\System32\Wbem;C:\windows\System32\WindowsPowerShell\v1.0\;C:\Program Files (x86)\Common Files\Roxio Shared\DLLShared\;C:\Program Files\WIDCOMM\Bluetooth Software\;C:\Program Files\WIDCOMM\Bluetooth Software\syswow64;C:\Program Files\Broadcom\Broadcom 802.11;C:\Program Files (x86)\ATI Technologies\ATI.ACE\Core-Static;C:\Program Files (x86)\Common Files\Roxio Shared\OEM\DLLShared\;C:\Program Files (x86)\Common Files\Roxio Shared\OEM\DLLShared\;C:\Program Files (x86)\Common Files\Roxio Shared\OEM\12.0\DLLShared\;C:\Program Files (x86)\Roxio\OEM\AudioCore\;C:\Program Files (x86)\Intel\Services\IPT\;C:\Program Files (x86)\Common Files\Acronis\SnapAPI\;C:\myDeveloper\jdk1.6.0_30\bin;C:\myDeveloper\apache-maven-2.2.1\bin;C:\myDeveloper\mySQL\MySQL Server 5.5\bin;C:\Program Files (x86)\Heroku\bin;C:\Program Files (x86)\ruby-1.9.3\bin;C:\Program Files (x86)\git\bin;C:\Program Files (x86)\git\cmd;C:\myDeveloper\apache-ant-1.8.4\bin;C:\myDeveloper\grails-2.0.4\bin;C:\Program Files (x86)\QuickTime\QTSystem\;C:\Program Files\TortoiseHg\;c:\svn;C:\Program Files\TortoiseSVN\bin;C:\librerie\android-sdk\sdk\platform-tools;C:\librerie\android-sdk\sdk\tools;C:\Program Files\nodejs\;C:\Program Files (x86)\Git\cmd;C:\Program Files (x86)\Vagrant\bin;C:\Go\bin;C:\Program Files\MongoDB 2.6 Standard\bin;C:\Users\ALB\AppData\Roaming\npm;C:\myDeveloper\nginx-1.6.0;C:\Program Files\MySQL\MySQL Server 5.6\bin;C:\Program Files\Oracle\VirtualBox;c:\workspaces\go\bin;."/>
    <property name="surefire.test.class.path" value="C:\workspaces\denv\denv-server-integration-test\target\test-classes;C:\workspaces\denv\denv-server-integration-test\target\classes;C:\workspaces\denv\denv-server-mongodb\target\denv-server-mongodb-0.1.0.jar;C:\workspaces\denv\denv-server-containerization\target\denv-server-containerization-0.1.0.jar;C:\workspaces\denv\denv-server\target\denv-server-0.1.0.jar;C:\workspaces\denv\denv-core\target\denv-core-0.1.0.jar;C:\Users\ALB\.m2\repository\org\springframework\boot\spring-boot-starter-web\1.1.5.RELEASE\spring-boot-starter-web-1.1.5.RELEASE.jar;C:\Users\ALB\.m2\repository\org\springframework\boot\spring-boot-starter\1.1.5.RELEASE\spring-boot-starter-1.1.5.RELEASE.jar;C:\Users\ALB\.m2\repository\org\springframework\boot\spring-boot\1.1.5.RELEASE\spring-boot-1.1.5.RELEASE.jar;C:\Users\ALB\.m2\repository\org\springframework\spring-core\4.0.6.RELEASE\spring-core-4.0.6.RELEASE.jar;C:\Users\ALB\.m2\repository\org\springframework\spring-context\4.0.6.RELEASE\spring-context-4.0.6.RELEASE.jar;C:\Users\ALB\.m2\repository\org\springframework\spring-aop\4.0.6.RELEASE\spring-aop-4.0.6.RELEASE.jar;C:\Users\ALB\.m2\repository\aopalliance\aopalliance\1.0\aopalliance-1.0.jar;C:\Users\ALB\.m2\repository\org\springframework\spring-beans\4.0.6.RELEASE\spring-beans-4.0.6.RELEASE.jar;C:\Users\ALB\.m2\repository\org\springframework\spring-expression\4.0.6.RELEASE\spring-expression-4.0.6.RELEASE.jar;C:\Users\ALB\.m2\repository\org\springframework\boot\spring-boot-autoconfigure\1.1.5.RELEASE\spring-boot-autoconfigure-1.1.5.RELEASE.jar;C:\Users\ALB\.m2\repository\org\springframework\boot\spring-boot-starter-logging\1.1.5.RELEASE\spring-boot-starter-logging-1.1.5.RELEASE.jar;C:\Users\ALB\.m2\repository\org\slf4j\jcl-over-slf4j\1.7.7\jcl-over-slf4j-1.7.7.jar;C:\Users\ALB\.m2\repository\org\slf4j\slf4j-api\1.7.7\slf4j-api-1.7.7.jar;C:\Users\ALB\.m2\repository\org\slf4j\jul-to-slf4j\1.7.7\jul-to-slf4j-1.7.7.jar;C:\Users\ALB\.m2\repository\org\slf4j\log4j-over-slf4j\1.7.7\log4j-over-slf4j-1.7.7.jar;C:\Users\ALB\.m2\repository\ch\qos\logback\logback-classic\1.1.2\logback-classic-1.1.2.jar;C:\Users\ALB\.m2\repository\ch\qos\logback\logback-core\1.1.2\logback-core-1.1.2.jar;C:\Users\ALB\.m2\repository\org\yaml\snakeyaml\1.13\snakeyaml-1.13.jar;C:\Users\ALB\.m2\repository\org\springframework\boot\spring-boot-starter-tomcat\1.1.5.RELEASE\spring-boot-starter-tomcat-1.1.5.RELEASE.jar;C:\Users\ALB\.m2\repository\org\apache\tomcat\embed\tomcat-embed-core\7.0.54\tomcat-embed-core-7.0.54.jar;C:\Users\ALB\.m2\repository\org\apache\tomcat\embed\tomcat-embed-el\7.0.54\tomcat-embed-el-7.0.54.jar;C:\Users\ALB\.m2\repository\org\apache\tomcat\embed\tomcat-embed-logging-juli\7.0.54\tomcat-embed-logging-juli-7.0.54.jar;C:\Users\ALB\.m2\repository\com\fasterxml\jackson\core\jackson-databind\2.3.3\jackson-databind-2.3.3.jar;C:\Users\ALB\.m2\repository\com\fasterxml\jackson\core\jackson-annotations\2.3.3\jackson-annotations-2.3.3.jar;C:\Users\ALB\.m2\repository\com\fasterxml\jackson\core\jackson-core\2.3.3\jackson-core-2.3.3.jar;C:\Users\ALB\.m2\repository\org\hibernate\hibernate-validator\5.0.3.Final\hibernate-validator-5.0.3.Final.jar;C:\Users\ALB\.m2\repository\javax\validation\validation-api\1.1.0.Final\validation-api-1.1.0.Final.jar;C:\Users\ALB\.m2\repository\org\jboss\logging\jboss-logging\3.1.1.GA\jboss-logging-3.1.1.GA.jar;C:\Users\ALB\.m2\repository\com\fasterxml\classmate\1.0.0\classmate-1.0.0.jar;C:\Users\ALB\.m2\repository\org\springframework\spring-web\4.0.6.RELEASE\spring-web-4.0.6.RELEASE.jar;C:\Users\ALB\.m2\repository\org\springframework\spring-webmvc\4.0.6.RELEASE\spring-webmvc-4.0.6.RELEASE.jar;C:\Users\ALB\.m2\repository\org\springframework\boot\spring-boot-starter-security\1.1.5.RELEASE\spring-boot-starter-security-1.1.5.RELEASE.jar;C:\Users\ALB\.m2\repository\org\springframework\security\spring-security-config\3.2.4.RELEASE\spring-security-config-3.2.4.RELEASE.jar;C:\Users\ALB\.m2\repository\org\springframework\security\spring-security-core\3.2.4.RELEASE\spring-security-core-3.2.4.RELEASE.jar;C:\Users\ALB\.m2\repository\org\springframework\security\spring-security-web\3.2.4.RELEASE\spring-security-web-3.2.4.RELEASE.jar;C:\Users\ALB\.m2\repository\org\springframework\boot\spring-boot-starter-actuator\1.1.5.RELEASE\spring-boot-starter-actuator-1.1.5.RELEASE.jar;C:\Users\ALB\.m2\repository\org\springframework\boot\spring-boot-actuator\1.1.5.RELEASE\spring-boot-actuator-1.1.5.RELEASE.jar;C:\Users\ALB\.m2\repository\org\springframework\boot\spring-boot-starter-test\1.1.5.RELEASE\spring-boot-starter-test-1.1.5.RELEASE.jar;C:\Users\ALB\.m2\repository\junit\junit\4.11\junit-4.11.jar;C:\Users\ALB\.m2\repository\org\hamcrest\hamcrest-core\1.3\hamcrest-core-1.3.jar;C:\Users\ALB\.m2\repository\org\mockito\mockito-core\1.9.5\mockito-core-1.9.5.jar;C:\Users\ALB\.m2\repository\org\objenesis\objenesis\1.0\objenesis-1.0.jar;C:\Users\ALB\.m2\repository\org\hamcrest\hamcrest-library\1.3\hamcrest-library-1.3.jar;C:\Users\ALB\.m2\repository\org\springframework\spring-test\4.0.6.RELEASE\spring-test-4.0.6.RELEASE.jar;C:\Users\ALB\.m2\repository\org\springframework\boot\spring-boot-starter-data-rest\1.1.5.RELEASE\spring-boot-starter-data-rest-1.1.5.RELEASE.jar;C:\Users\ALB\.m2\repository\org\springframework\spring-tx\4.0.6.RELEASE\spring-tx-4.0.6.RELEASE.jar;C:\Users\ALB\.m2\repository\org\springframework\data\spring-data-rest-webmvc\2.1.2.RELEASE\spring-data-rest-webmvc-2.1.2.RELEASE.jar;C:\Users\ALB\.m2\repository\org\springframework\data\spring-data-rest-core\2.1.2.RELEASE\spring-data-rest-core-2.1.2.RELEASE.jar;C:\Users\ALB\.m2\repository\org\springframework\hateoas\spring-hateoas\0.16.0.RELEASE\spring-hateoas-0.16.0.RELEASE.jar;C:\Users\ALB\.m2\repository\org\springframework\data\spring-data-commons\1.8.2.RELEASE\spring-data-commons-1.8.2.RELEASE.jar;C:\Users\ALB\.m2\repository\org\springframework\plugin\spring-plugin-core\1.1.0.RELEASE\spring-plugin-core-1.1.0.RELEASE.jar;C:\Users\ALB\.m2\repository\org\atteo\evo-inflector\1.2\evo-inflector-1.2.jar;C:\Users\ALB\.m2\repository\org\springframework\boot\spring-boot-starter-data-mongodb\1.1.5.RELEASE\spring-boot-starter-data-mongodb-1.1.5.RELEASE.jar;C:\Users\ALB\.m2\repository\org\mongodb\mongo-java-driver\2.12.2\mongo-java-driver-2.12.2.jar;C:\Users\ALB\.m2\repository\org\springframework\data\spring-data-mongodb\1.5.2.RELEASE\spring-data-mongodb-1.5.2.RELEASE.jar;C:\workspaces\denv\denv-server-docker\target\denv-server-docker-0.1.0.jar;C:\Users\ALB\.m2\repository\com\github\docker-java\docker-java\0.10.0\docker-java-0.10.0.jar;C:\Users\ALB\.m2\repository\com\fasterxml\jackson\jaxrs\jackson-jaxrs-json-provider\2.3.3\jackson-jaxrs-json-provider-2.3.3.jar;C:\Users\ALB\.m2\repository\com\fasterxml\jackson\jaxrs\jackson-jaxrs-base\2.3.3\jackson-jaxrs-base-2.3.3.jar;C:\Users\ALB\.m2\repository\com\fasterxml\jackson\module\jackson-module-jaxb-annotations\2.3.3\jackson-module-jaxb-annotations-2.3.3.jar;C:\Users\ALB\.m2\repository\org\glassfish\jersey\connectors\jersey-jetty-connector\2.11\jersey-jetty-connector-2.11.jar;C:\Users\ALB\.m2\repository\org\eclipse\jetty\jetty-client\9.1.1.v20140108\jetty-client-9.1.1.v20140108.jar;C:\Users\ALB\.m2\repository\org\eclipse\jetty\jetty-http\9.1.1.v20140108\jetty-http-9.1.1.v20140108.jar;C:\Users\ALB\.m2\repository\org\eclipse\jetty\jetty-util\8.1.15.v20140411\jetty-util-8.1.15.v20140411.jar;C:\Users\ALB\.m2\repository\org\eclipse\jetty\jetty-io\9.1.1.v20140108\jetty-io-9.1.1.v20140108.jar;C:\Users\ALB\.m2\repository\org\glassfish\jersey\core\jersey-common\2.11\jersey-common-2.11.jar;C:\Users\ALB\.m2\repository\javax\ws\rs\javax.ws.rs-api\2.0\javax.ws.rs-api-2.0.jar;C:\Users\ALB\.m2\repository\javax\annotation\javax.annotation-api\1.2\javax.annotation-api-1.2.jar;C:\Users\ALB\.m2\repository\org\glassfish\jersey\bundles\repackaged\jersey-guava\2.11\jersey-guava-2.11.jar;C:\Users\ALB\.m2\repository\org\glassfish\hk2\hk2-api\2.3.0-b05\hk2-api-2.3.0-b05.jar;C:\Users\ALB\.m2\repository\org\glassfish\hk2\hk2-utils\2.3.0-b05\hk2-utils-2.3.0-b05.jar;C:\Users\ALB\.m2\repository\org\glassfish\hk2\external\aopalliance-repackaged\2.3.0-b05\aopalliance-repackaged-2.3.0-b05.jar;C:\Users\ALB\.m2\repository\org\glassfish\hk2\external\javax.inject\2.3.0-b05\javax.inject-2.3.0-b05.jar;C:\Users\ALB\.m2\repository\org\glassfish\hk2\hk2-locator\2.3.0-b05\hk2-locator-2.3.0-b05.jar;C:\Users\ALB\.m2\repository\org\javassist\javassist\3.18.1-GA\javassist-3.18.1-GA.jar;C:\Users\ALB\.m2\repository\org\glassfish\hk2\osgi-resource-locator\1.0.1\osgi-resource-locator-1.0.1.jar;C:\Users\ALB\.m2\repository\org\glassfish\jersey\core\jersey-client\2.11\jersey-client-2.11.jar;C:\Users\ALB\.m2\repository\org\apache\commons\commons-compress\1.5\commons-compress-1.5.jar;C:\Users\ALB\.m2\repository\org\tukaani\xz\1.2\xz-1.2.jar;C:\Users\ALB\.m2\repository\commons-codec\commons-codec\1.8\commons-codec-1.8.jar;C:\Users\ALB\.m2\repository\commons-lang\commons-lang\2.6\commons-lang-2.6.jar;C:\Users\ALB\.m2\repository\commons-io\commons-io\2.3\commons-io-2.3.jar;C:\Users\ALB\.m2\repository\com\github\jnr\jnr-unixsocket\0.3\jnr-unixsocket-0.3.jar;C:\Users\ALB\.m2\repository\com\github\jnr\jnr-ffi\1.0.3\jnr-ffi-1.0.3.jar;C:\Users\ALB\.m2\repository\com\github\jnr\jffi\1.2.7\jffi-1.2.7.jar;C:\Users\ALB\.m2\repository\com\github\jnr\jffi\1.2.7\jffi-1.2.7-native.jar;C:\Users\ALB\.m2\repository\org\ow2\asm\asm\4.0\asm-4.0.jar;C:\Users\ALB\.m2\repository\org\ow2\asm\asm-commons\4.0\asm-commons-4.0.jar;C:\Users\ALB\.m2\repository\org\ow2\asm\asm-tree\4.0\asm-tree-4.0.jar;C:\Users\ALB\.m2\repository\org\ow2\asm\asm-analysis\4.0\asm-analysis-4.0.jar;C:\Users\ALB\.m2\repository\org\ow2\asm\asm-util\4.0\asm-util-4.0.jar;C:\Users\ALB\.m2\repository\com\github\jnr\jnr-x86asm\1.0.2\jnr-x86asm-1.0.2.jar;C:\Users\ALB\.m2\repository\com\github\jnr\jnr-constants\0.8.4\jnr-constants-0.8.4.jar;C:\Users\ALB\.m2\repository\com\github\jnr\jnr-enxio\0.4\jnr-enxio-0.4.jar;C:\Users\ALB\.m2\repository\com\google\guava\guava\11.0.1\guava-11.0.1.jar;C:\Users\ALB\.m2\repository\com\google\code\findbugs\jsr305\1.3.9\jsr305-1.3.9.jar;C:\workspaces\denv\denv-server-rundeck\target\denv-server-rundeck-0.1.0.jar;C:\workspaces\denv\denv-server-panamax\target\denv-server-panamax-0.1.0.jar;C:\workspaces\denv\denv-server-fig\target\denv-server-fig-0.1.0.jar;C:\workspaces\denv\denv-client\target\denv-client-0.1.0.jar;"/>
    <property name="java.specification.name" value="Java Platform API Specification"/>
    <property name="java.class.version" value="50.0"/>
    <property name="sun.management.compiler" value="HotSpot Client Compiler"/>
    <property name="os.version" value="6.1"/>
    <property name="user.home" value="C:\Users\ALB"/>
    <property name="user.timezone" value="Europe/Paris"/>
    <property name="catalina.useNaming" value="false"/>
    <property name="java.awt.printerjob" value="sun.awt.windows.WPrinterJob"/>
    <property name="java.specification.version" value="1.6"/>
    <property name="file.encoding" value="Cp1252"/>
    <property name="catalina.home" value="C:\Users\ALB\AppData\Local\Temp\tomcat.6774866057862300963.8080"/>
    <property name="user.name" value="ALB"/>
    <property name="java.class.path" value="C:\workspaces\denv\denv-server-integration-test\target\test-classes;C:\workspaces\denv\denv-server-integration-test\target\classes;C:\workspaces\denv\denv-server-mongodb\target\denv-server-mongodb-0.1.0.jar;C:\workspaces\denv\denv-server-containerization\target\denv-server-containerization-0.1.0.jar;C:\workspaces\denv\denv-server\target\denv-server-0.1.0.jar;C:\workspaces\denv\denv-core\target\denv-core-0.1.0.jar;C:\Users\ALB\.m2\repository\org\springframework\boot\spring-boot-starter-web\1.1.5.RELEASE\spring-boot-starter-web-1.1.5.RELEASE.jar;C:\Users\ALB\.m2\repository\org\springframework\boot\spring-boot-starter\1.1.5.RELEASE\spring-boot-starter-1.1.5.RELEASE.jar;C:\Users\ALB\.m2\repository\org\springframework\boot\spring-boot\1.1.5.RELEASE\spring-boot-1.1.5.RELEASE.jar;C:\Users\ALB\.m2\repository\org\springframework\spring-core\4.0.6.RELEASE\spring-core-4.0.6.RELEASE.jar;C:\Users\ALB\.m2\repository\org\springframework\spring-context\4.0.6.RELEASE\spring-context-4.0.6.RELEASE.jar;C:\Users\ALB\.m2\repository\org\springframework\spring-aop\4.0.6.RELEASE\spring-aop-4.0.6.RELEASE.jar;C:\Users\ALB\.m2\repository\aopalliance\aopalliance\1.0\aopalliance-1.0.jar;C:\Users\ALB\.m2\repository\org\springframework\spring-beans\4.0.6.RELEASE\spring-beans-4.0.6.RELEASE.jar;C:\Users\ALB\.m2\repository\org\springframework\spring-expression\4.0.6.RELEASE\spring-expression-4.0.6.RELEASE.jar;C:\Users\ALB\.m2\repository\org\springframework\boot\spring-boot-autoconfigure\1.1.5.RELEASE\spring-boot-autoconfigure-1.1.5.RELEASE.jar;C:\Users\ALB\.m2\repository\org\springframework\boot\spring-boot-starter-logging\1.1.5.RELEASE\spring-boot-starter-logging-1.1.5.RELEASE.jar;C:\Users\ALB\.m2\repository\org\slf4j\jcl-over-slf4j\1.7.7\jcl-over-slf4j-1.7.7.jar;C:\Users\ALB\.m2\repository\org\slf4j\slf4j-api\1.7.7\slf4j-api-1.7.7.jar;C:\Users\ALB\.m2\repository\org\slf4j\jul-to-slf4j\1.7.7\jul-to-slf4j-1.7.7.jar;C:\Users\ALB\.m2\repository\org\slf4j\log4j-over-slf4j\1.7.7\log4j-over-slf4j-1.7.7.jar;C:\Users\ALB\.m2\repository\ch\qos\logback\logback-classic\1.1.2\logback-classic-1.1.2.jar;C:\Users\ALB\.m2\repository\ch\qos\logback\logback-core\1.1.2\logback-core-1.1.2.jar;C:\Users\ALB\.m2\repository\org\yaml\snakeyaml\1.13\snakeyaml-1.13.jar;C:\Users\ALB\.m2\repository\org\springframework\boot\spring-boot-starter-tomcat\1.1.5.RELEASE\spring-boot-starter-tomcat-1.1.5.RELEASE.jar;C:\Users\ALB\.m2\repository\org\apache\tomcat\embed\tomcat-embed-core\7.0.54\tomcat-embed-core-7.0.54.jar;C:\Users\ALB\.m2\repository\org\apache\tomcat\embed\tomcat-embed-el\7.0.54\tomcat-embed-el-7.0.54.jar;C:\Users\ALB\.m2\repository\org\apache\tomcat\embed\tomcat-embed-logging-juli\7.0.54\tomcat-embed-logging-juli-7.0.54.jar;C:\Users\ALB\.m2\repository\com\fasterxml\jackson\core\jackson-databind\2.3.3\jackson-databind-2.3.3.jar;C:\Users\ALB\.m2\repository\com\fasterxml\jackson\core\jackson-annotations\2.3.3\jackson-annotations-2.3.3.jar;C:\Users\ALB\.m2\repository\com\fasterxml\jackson\core\jackson-core\2.3.3\jackson-core-2.3.3.jar;C:\Users\ALB\.m2\repository\org\hibernate\hibernate-validator\5.0.3.Final\hibernate-validator-5.0.3.Final.jar;C:\Users\ALB\.m2\repository\javax\validation\validation-api\1.1.0.Final\validation-api-1.1.0.Final.jar;C:\Users\ALB\.m2\repository\org\jboss\logging\jboss-logging\3.1.1.GA\jboss-logging-3.1.1.GA.jar;C:\Users\ALB\.m2\repository\com\fasterxml\classmate\1.0.0\classmate-1.0.0.jar;C:\Users\ALB\.m2\repository\org\springframework\spring-web\4.0.6.RELEASE\spring-web-4.0.6.RELEASE.jar;C:\Users\ALB\.m2\repository\org\springframework\spring-webmvc\4.0.6.RELEASE\spring-webmvc-4.0.6.RELEASE.jar;C:\Users\ALB\.m2\repository\org\springframework\boot\spring-boot-starter-security\1.1.5.RELEASE\spring-boot-starter-security-1.1.5.RELEASE.jar;C:\Users\ALB\.m2\repository\org\springframework\security\spring-security-config\3.2.4.RELEASE\spring-security-config-3.2.4.RELEASE.jar;C:\Users\ALB\.m2\repository\org\springframework\security\spring-security-core\3.2.4.RELEASE\spring-security-core-3.2.4.RELEASE.jar;C:\Users\ALB\.m2\repository\org\springframework\security\spring-security-web\3.2.4.RELEASE\spring-security-web-3.2.4.RELEASE.jar;C:\Users\ALB\.m2\repository\org\springframework\boot\spring-boot-starter-actuator\1.1.5.RELEASE\spring-boot-starter-actuator-1.1.5.RELEASE.jar;C:\Users\ALB\.m2\repository\org\springframework\boot\spring-boot-actuator\1.1.5.RELEASE\spring-boot-actuator-1.1.5.RELEASE.jar;C:\Users\ALB\.m2\repository\org\springframework\boot\spring-boot-starter-test\1.1.5.RELEASE\spring-boot-starter-test-1.1.5.RELEASE.jar;C:\Users\ALB\.m2\repository\junit\junit\4.11\junit-4.11.jar;C:\Users\ALB\.m2\repository\org\hamcrest\hamcrest-core\1.3\hamcrest-core-1.3.jar;C:\Users\ALB\.m2\repository\org\mockito\mockito-core\1.9.5\mockito-core-1.9.5.jar;C:\Users\ALB\.m2\repository\org\objenesis\objenesis\1.0\objenesis-1.0.jar;C:\Users\ALB\.m2\repository\org\hamcrest\hamcrest-library\1.3\hamcrest-library-1.3.jar;C:\Users\ALB\.m2\repository\org\springframework\spring-test\4.0.6.RELEASE\spring-test-4.0.6.RELEASE.jar;C:\Users\ALB\.m2\repository\org\springframework\boot\spring-boot-starter-data-rest\1.1.5.RELEASE\spring-boot-starter-data-rest-1.1.5.RELEASE.jar;C:\Users\ALB\.m2\repository\org\springframework\spring-tx\4.0.6.RELEASE\spring-tx-4.0.6.RELEASE.jar;C:\Users\ALB\.m2\repository\org\springframework\data\spring-data-rest-webmvc\2.1.2.RELEASE\spring-data-rest-webmvc-2.1.2.RELEASE.jar;C:\Users\ALB\.m2\repository\org\springframework\data\spring-data-rest-core\2.1.2.RELEASE\spring-data-rest-core-2.1.2.RELEASE.jar;C:\Users\ALB\.m2\repository\org\springframework\hateoas\spring-hateoas\0.16.0.RELEASE\spring-hateoas-0.16.0.RELEASE.jar;C:\Users\ALB\.m2\repository\org\springframework\data\spring-data-commons\1.8.2.RELEASE\spring-data-commons-1.8.2.RELEASE.jar;C:\Users\ALB\.m2\repository\org\springframework\plugin\spring-plugin-core\1.1.0.RELEASE\spring-plugin-core-1.1.0.RELEASE.jar;C:\Users\ALB\.m2\repository\org\atteo\evo-inflector\1.2\evo-inflector-1.2.jar;C:\Users\ALB\.m2\repository\org\springframework\boot\spring-boot-starter-data-mongodb\1.1.5.RELEASE\spring-boot-starter-data-mongodb-1.1.5.RELEASE.jar;C:\Users\ALB\.m2\repository\org\mongodb\mongo-java-driver\2.12.2\mongo-java-driver-2.12.2.jar;C:\Users\ALB\.m2\repository\org\springframework\data\spring-data-mongodb\1.5.2.RELEASE\spring-data-mongodb-1.5.2.RELEASE.jar;C:\workspaces\denv\denv-server-docker\target\denv-server-docker-0.1.0.jar;C:\Users\ALB\.m2\repository\com\github\docker-java\docker-java\0.10.0\docker-java-0.10.0.jar;C:\Users\ALB\.m2\repository\com\fasterxml\jackson\jaxrs\jackson-jaxrs-json-provider\2.3.3\jackson-jaxrs-json-provider-2.3.3.jar;C:\Users\ALB\.m2\repository\com\fasterxml\jackson\jaxrs\jackson-jaxrs-base\2.3.3\jackson-jaxrs-base-2.3.3.jar;C:\Users\ALB\.m2\repository\com\fasterxml\jackson\module\jackson-module-jaxb-annotations\2.3.3\jackson-module-jaxb-annotations-2.3.3.jar;C:\Users\ALB\.m2\repository\org\glassfish\jersey\connectors\jersey-jetty-connector\2.11\jersey-jetty-connector-2.11.jar;C:\Users\ALB\.m2\repository\org\eclipse\jetty\jetty-client\9.1.1.v20140108\jetty-client-9.1.1.v20140108.jar;C:\Users\ALB\.m2\repository\org\eclipse\jetty\jetty-http\9.1.1.v20140108\jetty-http-9.1.1.v20140108.jar;C:\Users\ALB\.m2\repository\org\eclipse\jetty\jetty-util\8.1.15.v20140411\jetty-util-8.1.15.v20140411.jar;C:\Users\ALB\.m2\repository\org\eclipse\jetty\jetty-io\9.1.1.v20140108\jetty-io-9.1.1.v20140108.jar;C:\Users\ALB\.m2\repository\org\glassfish\jersey\core\jersey-common\2.11\jersey-common-2.11.jar;C:\Users\ALB\.m2\repository\javax\ws\rs\javax.ws.rs-api\2.0\javax.ws.rs-api-2.0.jar;C:\Users\ALB\.m2\repository\javax\annotation\javax.annotation-api\1.2\javax.annotation-api-1.2.jar;C:\Users\ALB\.m2\repository\org\glassfish\jersey\bundles\repackaged\jersey-guava\2.11\jersey-guava-2.11.jar;C:\Users\ALB\.m2\repository\org\glassfish\hk2\hk2-api\2.3.0-b05\hk2-api-2.3.0-b05.jar;C:\Users\ALB\.m2\repository\org\glassfish\hk2\hk2-utils\2.3.0-b05\hk2-utils-2.3.0-b05.jar;C:\Users\ALB\.m2\repository\org\glassfish\hk2\external\aopalliance-repackaged\2.3.0-b05\aopalliance-repackaged-2.3.0-b05.jar;C:\Users\ALB\.m2\repository\org\glassfish\hk2\external\javax.inject\2.3.0-b05\javax.inject-2.3.0-b05.jar;C:\Users\ALB\.m2\repository\org\glassfish\hk2\hk2-locator\2.3.0-b05\hk2-locator-2.3.0-b05.jar;C:\Users\ALB\.m2\repository\org\javassist\javassist\3.18.1-GA\javassist-3.18.1-GA.jar;C:\Users\ALB\.m2\repository\org\glassfish\hk2\osgi-resource-locator\1.0.1\osgi-resource-locator-1.0.1.jar;C:\Users\ALB\.m2\repository\org\glassfish\jersey\core\jersey-client\2.11\jersey-client-2.11.jar;C:\Users\ALB\.m2\repository\org\apache\commons\commons-compress\1.5\commons-compress-1.5.jar;C:\Users\ALB\.m2\repository\org\tukaani\xz\1.2\xz-1.2.jar;C:\Users\ALB\.m2\repository\commons-codec\commons-codec\1.8\commons-codec-1.8.jar;C:\Users\ALB\.m2\repository\commons-lang\commons-lang\2.6\commons-lang-2.6.jar;C:\Users\ALB\.m2\repository\commons-io\commons-io\2.3\commons-io-2.3.jar;C:\Users\ALB\.m2\repository\com\github\jnr\jnr-unixsocket\0.3\jnr-unixsocket-0.3.jar;C:\Users\ALB\.m2\repository\com\github\jnr\jnr-ffi\1.0.3\jnr-ffi-1.0.3.jar;C:\Users\ALB\.m2\repository\com\github\jnr\jffi\1.2.7\jffi-1.2.7.jar;C:\Users\ALB\.m2\repository\com\github\jnr\jffi\1.2.7\jffi-1.2.7-native.jar;C:\Users\ALB\.m2\repository\org\ow2\asm\asm\4.0\asm-4.0.jar;C:\Users\ALB\.m2\repository\org\ow2\asm\asm-commons\4.0\asm-commons-4.0.jar;C:\Users\ALB\.m2\repository\org\ow2\asm\asm-tree\4.0\asm-tree-4.0.jar;C:\Users\ALB\.m2\repository\org\ow2\asm\asm-analysis\4.0\asm-analysis-4.0.jar;C:\Users\ALB\.m2\repository\org\ow2\asm\asm-util\4.0\asm-util-4.0.jar;C:\Users\ALB\.m2\repository\com\github\jnr\jnr-x86asm\1.0.2\jnr-x86asm-1.0.2.jar;C:\Users\ALB\.m2\repository\com\github\jnr\jnr-constants\0.8.4\jnr-constants-0.8.4.jar;C:\Users\ALB\.m2\repository\com\github\jnr\jnr-enxio\0.4\jnr-enxio-0.4.jar;C:\Users\ALB\.m2\repository\com\google\guava\guava\11.0.1\guava-11.0.1.jar;C:\Users\ALB\.m2\repository\com\google\code\findbugs\jsr305\1.3.9\jsr305-1.3.9.jar;C:\workspaces\denv\denv-server-rundeck\target\denv-server-rundeck-0.1.0.jar;C:\workspaces\denv\denv-server-panamax\target\denv-server-panamax-0.1.0.jar;C:\workspaces\denv\denv-server-fig\target\denv-server-fig-0.1.0.jar;C:\workspaces\denv\denv-client\target\denv-client-0.1.0.jar;"/>
    <property name="java.vm.specification.version" value="1.0"/>
    <property name="sun.arch.data.model" value="32"/>
    <property name="java.home" value="C:\myDeveloper\jdk1.6.0_30\jre"/>
    <property name="sun.java.command" value="C:\Users\ALB\AppData\Local\Temp\surefirebooter7995350138174825736.jar C:\Users\ALB\AppData\Local\Temp\surefire8705377311782794682tmp C:\Users\ALB\AppData\Local\Temp\surefire5134303120616201285tmp"/>
    <property name="java.specification.vendor" value="Sun Microsystems Inc."/>
    <property name="user.language" value="en"/>
    <property name="awt.toolkit" value="sun.awt.windows.WToolkit"/>
    <property name="java.vm.info" value="mixed mode, sharing"/>
    <property name="java.version" value="1.6.0_30"/>
    <property name="java.ext.dirs" value="C:\myDeveloper\jdk1.6.0_30\jre\lib\ext;C:\windows\Sun\Java\lib\ext"/>
    <property name="sun.boot.class.path" value="C:\myDeveloper\jdk1.6.0_30\jre\lib\resources.jar;C:\myDeveloper\jdk1.6.0_30\jre\lib\rt.jar;C:\myDeveloper\jdk1.6.0_30\jre\lib\sunrsasign.jar;C:\myDeveloper\jdk1.6.0_30\jre\lib\jsse.jar;C:\myDeveloper\jdk1.6.0_30\jre\lib\jce.jar;C:\myDeveloper\jdk1.6.0_30\jre\lib\charsets.jar;C:\myDeveloper\jdk1.6.0_30\jre\lib\modules\jdk.boot.jar;C:\myDeveloper\jdk1.6.0_30\jre\classes"/>
    <property name="java.vendor" value="Sun Microsystems Inc."/>
    <property name="java.awt.headless" value="true"/>
    <property name="catalina.base" value="C:\Users\ALB\AppData\Local\Temp\tomcat.3301255650320442608.8080"/>
    <property name="localRepository" value="C:\Users\ALB\.m2\repository"/>
    <property name="file.separator" value="\"/>
    <property name="java.vendor.url.bug" value="http://java.sun.com/cgi-bin/bugreport.cgi"/>
    <property name="sun.cpu.endian" value="little"/>
    <property name="sun.io.unicode.encoding" value="UnicodeLittle"/>
    <property name="sun.desktop" value="windows"/>
    <property name="sun.cpu.isalist" value="pentium_pro+mmx pentium_pro pentium+mmx pentium i486 i386 i86"/>
  </properties>
  <testcase time="8.877" classname="org.ssoup.denv.server.test.DenvClientTest" name="runFigAndPanamaxApps">
    <error message="Failed to load ApplicationContext" type="java.lang.IllegalStateException">java.lang.IllegalStateException: Failed to load ApplicationContext
	at org.springframework.test.context.CacheAwareContextLoaderDelegate.loadContext(CacheAwareContextLoaderDelegate.java:99)
	at org.springframework.test.context.DefaultTestContext.getApplicationContext(DefaultTestContext.java:101)
	at org.springframework.test.context.support.DependencyInjectionTestExecutionListener.injectDependencies(DependencyInjectionTestExecutionListener.java:109)
	at org.springframework.test.context.support.DependencyInjectionTestExecutionListener.prepareTestInstance(DependencyInjectionTestExecutionListener.java:75)
	at org.springframework.test.context.TestContextManager.prepareTestInstance(TestContextManager.java:331)
	at org.springframework.test.context.junit4.SpringJUnit4ClassRunner.createTest(SpringJUnit4ClassRunner.java:213)
	at org.springframework.test.context.junit4.SpringJUnit4ClassRunner$1.runReflectiveCall(SpringJUnit4ClassRunner.java:290)
	at org.junit.internal.runners.model.ReflectiveCallable.run(ReflectiveCallable.java:12)
	at org.springframework.test.context.junit4.SpringJUnit4ClassRunner.methodBlock(SpringJUnit4ClassRunner.java:292)
	at org.springframework.test.context.junit4.SpringJUnit4ClassRunner.runChild(SpringJUnit4ClassRunner.java:233)
	at org.springframework.test.context.junit4.SpringJUnit4ClassRunner.runChild(SpringJUnit4ClassRunner.java:87)
	at org.junit.runners.ParentRunner$3.run(ParentRunner.java:238)
	at org.junit.runners.ParentRunner$1.schedule(ParentRunner.java:63)
	at org.junit.runners.ParentRunner.runChildren(ParentRunner.java:236)
	at org.junit.runners.ParentRunner.access$000(ParentRunner.java:53)
	at org.junit.runners.ParentRunner$2.evaluate(ParentRunner.java:229)
	at org.springframework.test.context.junit4.statements.RunBeforeTestClassCallbacks.evaluate(RunBeforeTestClassCallbacks.java:61)
	at org.springframework.test.context.junit4.statements.RunAfterTestClassCallbacks.evaluate(RunAfterTestClassCallbacks.java:71)
	at org.junit.runners.ParentRunner.run(ParentRunner.java:309)
	at org.springframework.test.context.junit4.SpringJUnit4ClassRunner.run(SpringJUnit4ClassRunner.java:176)
	at org.apache.maven.surefire.junit4.JUnit4TestSet.execute(JUnit4TestSet.java:62)
	at org.apache.maven.surefire.suite.AbstractDirectoryTestSuite.executeTestSet(AbstractDirectoryTestSuite.java:140)
	at org.apache.maven.surefire.suite.AbstractDirectoryTestSuite.execute(AbstractDirectoryTestSuite.java:127)
	at org.apache.maven.surefire.Surefire.run(Surefire.java:177)
	at sun.reflect.NativeMethodAccessorImpl.invoke0(Native Method)
	at sun.reflect.NativeMethodAccessorImpl.invoke(NativeMethodAccessorImpl.java:39)
	at sun.reflect.DelegatingMethodAccessorImpl.invoke(DelegatingMethodAccessorImpl.java:25)
	at java.lang.reflect.Method.invoke(Method.java:597)
	at org.apache.maven.surefire.booter.SurefireBooter.runSuitesInProcess(SurefireBooter.java:345)
	at org.apache.maven.surefire.booter.SurefireBooter.main(SurefireBooter.java:1009)
Caused by: org.springframework.context.ApplicationContextException: Unable to start embedded container; nested exception is org.springframework.boot.context.embedded.EmbeddedServletContainerException: Unable to start embedded Tomcat
	at org.springframework.boot.context.embedded.EmbeddedWebApplicationContext.onRefresh(EmbeddedWebApplicationContext.java:135)
	at org.springframework.context.support.AbstractApplicationContext.refresh(AbstractApplicationContext.java:476)
	at org.springframework.boot.context.embedded.EmbeddedWebApplicationContext.refresh(EmbeddedWebApplicationContext.java:120)
	at org.springframework.boot.SpringApplication.refresh(SpringApplication.java:691)
	at org.springframework.boot.SpringApplication.run(SpringApplication.java:320)
	at org.springframework.boot.test.SpringApplicationContextLoader.loadContext(SpringApplicationContextLoader.java:107)
	at org.springframework.test.context.CacheAwareContextLoaderDelegate.loadContextInternal(CacheAwareContextLoaderDelegate.java:64)
	at org.springframework.test.context.CacheAwareContextLoaderDelegate.loadContext(CacheAwareContextLoaderDelegate.java:91)
	... 29 more
Caused by: org.springframework.boot.context.embedded.EmbeddedServletContainerException: Unable to start embedded Tomcat
	at org.springframework.boot.context.embedded.tomcat.TomcatEmbeddedServletContainer.initialize(TomcatEmbeddedServletContainer.java:100)
	at org.springframework.boot.context.embedded.tomcat.TomcatEmbeddedServletContainer.&lt;init&gt;(TomcatEmbeddedServletContainer.java:74)
	at org.springframework.boot.context.embedded.tomcat.TomcatEmbeddedServletContainerFactory.getTomcatEmbeddedServletContainer(TomcatEmbeddedServletContainerFactory.java:289)
	at org.springframework.boot.context.embedded.tomcat.TomcatEmbeddedServletContainerFactory.getEmbeddedServletContainer(TomcatEmbeddedServletContainerFactory.java:146)
	at org.springframework.boot.context.embedded.EmbeddedWebApplicationContext.createEmbeddedServletContainer(EmbeddedWebApplicationContext.java:159)
	at org.springframework.boot.context.embedded.EmbeddedWebApplicationContext.onRefresh(EmbeddedWebApplicationContext.java:132)
	... 36 more
Caused by: org.springframework.beans.factory.BeanCreationException: Error creating bean with name &apos;org.springframework.security.config.annotation.web.configuration.WebSecurityConfiguration&apos;: Injection of autowired dependencies failed; nested exception is org.springframework.beans.factory.BeanCreationException: Could not autowire method: public void org.springframework.security.config.annotation.web.configuration.WebSecurityConfiguration.setFilterChainProxySecurityConfigurer(org.springframework.security.config.annotation.ObjectPostProcessor,java.util.List) throws java.lang.Exception; nested exception is org.springframework.beans.factory.BeanExpressionException: Expression parsing failed; nested exception is org.springframework.beans.factory.BeanCreationException: Error creating bean with name &apos;securityConfig&apos;: Injection of autowired dependencies failed; nested exception is org.springframework.beans.factory.BeanCreationException: Could not autowire method: public void org.springframework.security.config.annotation.web.configuration.WebSecurityConfigurerAdapter.setContentNegotationStrategy(org.springframework.web.accept.ContentNegotiationStrategy); nested exception is org.springframework.beans.factory.BeanCreationException: Error creating bean with name &apos;org.springframework.web.servlet.config.annotation.DelegatingWebMvcConfiguration&apos;: Injection of autowired dependencies failed; nested exception is org.springframework.beans.factory.BeanCreationException: Could not autowire method: public void org.springframework.web.servlet.config.annotation.DelegatingWebMvcConfiguration.setConfigurers(java.util.List); nested exception is org.springframework.beans.factory.BeanCreationException: Error creating bean with name &apos;org.springframework.boot.autoconfigure.web.WebMvcAutoConfiguration$WebMvcAutoConfigurationAdapter&apos;: Injection of autowired dependencies failed; nested exception is org.springframework.beans.factory.BeanCreationException: Could not autowire field: private org.springframework.boot.autoconfigure.web.HttpMessageConverters org.springframework.boot.autoconfigure.web.WebMvcAutoConfiguration$WebMvcAutoConfigurationAdapter.messageConverters; nested exception is org.springframework.beans.factory.BeanCreationException: Error creating bean with name &apos;org.springframework.boot.autoconfigure.web.HttpMessageConvertersAutoConfiguration&apos;: Injection of autowired dependencies failed; nested exception is org.springframework.beans.factory.BeanCreationException: Could not autowire field: private final java.util.List org.springframework.boot.autoconfigure.web.HttpMessageConvertersAutoConfiguration.converters; nested exception is org.springframework.beans.factory.BeanCreationException: Error creating bean with name &apos;jacksonHttpMessageConverter&apos; defined in class path resource [org/springframework/data/rest/webmvc/config/RepositoryRestMvcConfiguration.class]: Instantiation of bean failed; nested exception is org.springframework.beans.factory.BeanDefinitionStoreException: Factory method [public org.springframework.http.converter.json.MappingJackson2HttpMessageConverter org.springframework.data.rest.webmvc.config.RepositoryRestMvcConfiguration.jacksonHttpMessageConverter()] threw exception; nested exception is org.springframework.beans.factory.BeanCreationException: Error creating bean with name &apos;config&apos; defined in class path resource [org/springframework/data/rest/webmvc/config/RepositoryRestMvcConfiguration.class]: Instantiation of bean failed; nested exception is org.springframework.beans.factory.BeanDefinitionStoreException: Factory method [public org.springframework.data.rest.core.config.RepositoryRestConfiguration org.springframework.data.rest.webmvc.config.RepositoryRestMvcConfiguration.config()] threw exception; nested exception is org.springframework.beans.factory.BeanCreationException: Error creating bean with name &apos;repositories&apos; defined in class path resource [org/springframework/data/rest/webmvc/config/RepositoryRestMvcConfiguration.class]: Instantiation of bean failed; nested exception is org.springframework.beans.factory.BeanDefinitionStoreException: Factory method [public org.springframework.data.repository.support.Repositories org.springframework.data.rest.webmvc.config.RepositoryRestMvcConfiguration.repositories()] threw exception; nested exception is org.springframework.beans.factory.UnsatisfiedDependencyException: Error creating bean with name &apos;mongoDBEnvironmentRepositoryImpl&apos; defined in URL [jar:file:/C:/workspaces/denv/denv-server-mongodb/target/denv-server-mongodb-0.1.0.jar!/org/ssoup/denv/server/persistence/mongodb/repository/MongoDBEnvironmentRepositoryImpl.class]: Unsatisfied dependency expressed through constructor argument with index 1 of type [org.ssoup.denv.server.persistence.ApplicationConfigRepository]: : No qualifying bean of type [org.ssoup.denv.server.persistence.ApplicationConfigRepository] is defined: expected single matching bean but found 2: mongoDBImageRepository,mongoDBApplicationConfigRepository; nested exception is org.springframework.beans.factory.NoUniqueBeanDefinitionException: No qualifying bean of type [org.ssoup.denv.server.persistence.ApplicationConfigRepository] is defined: expected single matching bean but found 2: mongoDBImageRepository,mongoDBApplicationConfigRepository
	at org.springframework.beans.factory.annotation.AutowiredAnnotationBeanPostProcessor.postProcessPropertyValues(AutowiredAnnotationBeanPostProcessor.java:292)
	at org.springframework.beans.factory.support.AbstractAutowireCapableBeanFactory.populateBean(AbstractAutowireCapableBeanFactory.java:1185)
	at org.springframework.beans.factory.support.AbstractAutowireCapableBeanFactory.doCreateBean(AbstractAutowireCapableBeanFactory.java:537)
	at org.springframework.beans.factory.support.AbstractAutowireCapableBeanFactory.createBean(AbstractAutowireCapableBeanFactory.java:475)
	at org.springframework.beans.factory.support.AbstractBeanFactory$1.getObject(AbstractBeanFactory.java:302)
	at org.springframework.beans.factory.support.DefaultSingletonBeanRegistry.getSingleton(DefaultSingletonBeanRegistry.java:228)
	at org.springframework.beans.factory.support.AbstractBeanFactory.doGetBean(AbstractBeanFactory.java:298)
	at org.springframework.beans.factory.support.AbstractBeanFactory.getBean(AbstractBeanFactory.java:193)
	at org.springframework.beans.factory.support.ConstructorResolver.instantiateUsingFactoryMethod(ConstructorResolver.java:370)
	at org.springframework.beans.factory.support.AbstractAutowireCapableBeanFactory.instantiateUsingFactoryMethod(AbstractAutowireCapableBeanFactory.java:1094)
	at org.springframework.beans.factory.support.AbstractAutowireCapableBeanFactory.createBeanInstance(AbstractAutowireCapableBeanFactory.java:989)
	at org.springframework.beans.factory.support.AbstractAutowireCapableBeanFactory.doCreateBean(AbstractAutowireCapableBeanFactory.java:504)
	at org.springframework.beans.factory.support.AbstractAutowireCapableBeanFactory.createBean(AbstractAutowireCapableBeanFactory.java:475)
	at org.springframework.beans.factory.support.AbstractBeanFactory$1.getObject(AbstractBeanFactory.java:302)
	at org.springframework.beans.factory.support.DefaultSingletonBeanRegistry.getSingleton(DefaultSingletonBeanRegistry.java:228)
	at org.springframework.beans.factory.support.AbstractBeanFactory.doGetBean(AbstractBeanFactory.java:298)
	at org.springframework.beans.factory.support.AbstractBeanFactory.getBean(AbstractBeanFactory.java:198)
	at org.springframework.boot.context.embedded.EmbeddedWebApplicationContext.getOrderedBeansOfType(EmbeddedWebApplicationContext.java:367)
	at org.springframework.boot.context.embedded.EmbeddedWebApplicationContext.getServletContextInitializerBeans(EmbeddedWebApplicationContext.java:268)
	at org.springframework.boot.context.embedded.EmbeddedWebApplicationContext$1.onStartup(EmbeddedWebApplicationContext.java:213)
	at org.springframework.boot.context.embedded.tomcat.ServletContextInitializerLifecycleListener.lifecycleEvent(ServletContextInitializerLifecycleListener.java:64)
	at org.apache.catalina.util.LifecycleSupport.fireLifecycleEvent(LifecycleSupport.java:117)
	at org.apache.catalina.util.LifecycleBase.fireLifecycleEvent(LifecycleBase.java:90)
	at org.apache.catalina.core.StandardContext.startInternal(StandardContext.java:5355)
	at org.apache.catalina.util.LifecycleBase.start(LifecycleBase.java:150)
	at org.apache.catalina.core.ContainerBase$StartChild.call(ContainerBase.java:1559)
	at org.apache.catalina.core.ContainerBase$StartChild.call(ContainerBase.java:1549)
	at java.util.concurrent.FutureTask$Sync.innerRun(FutureTask.java:303)
	at java.util.concurrent.FutureTask.run(FutureTask.java:138)
	at java.util.concurrent.ThreadPoolExecutor$Worker.runTask(ThreadPoolExecutor.java:886)
	at java.util.concurrent.ThreadPoolExecutor$Worker.run(ThreadPoolExecutor.java:908)
	at java.lang.Thread.run(Thread.java:662)
Caused by: org.springframework.beans.factory.BeanCreationException: Could not autowire method: public void org.springframework.security.config.annotation.web.configuration.WebSecurityConfiguration.setFilterChainProxySecurityConfigurer(org.springframework.security.config.annotation.ObjectPostProcessor,java.util.List) throws java.lang.Exception; nested exception is org.springframework.beans.factory.BeanExpressionException: Expression parsing failed; nested exception is org.springframework.beans.factory.BeanCreationException: Error creating bean with name &apos;securityConfig&apos;: Injection of autowired dependencies failed; nested exception is org.springframework.beans.factory.BeanCreationException: Could not autowire method: public void org.springframework.security.config.annotation.web.configuration.WebSecurityConfigurerAdapter.setContentNegotationStrategy(org.springframework.web.accept.ContentNegotiationStrategy); nested exception is org.springframework.beans.factory.BeanCreationException: Error creating bean with name &apos;org.springframework.web.servlet.config.annotation.DelegatingWebMvcConfiguration&apos;: Injection of autowired dependencies failed; nested exception is org.springframework.beans.factory.BeanCreationException: Could not autowire method: public void org.springframework.web.servlet.config.annotation.DelegatingWebMvcConfiguration.setConfigurers(java.util.List); nested exception is org.springframework.beans.factory.BeanCreationException: Error creating bean with name &apos;org.springframework.boot.autoconfigure.web.WebMvcAutoConfiguration$WebMvcAutoConfigurationAdapter&apos;: Injection of autowired dependencies failed; nested exception is org.springframework.beans.factory.BeanCreationException: Could not autowire field: private org.springframework.boot.autoconfigure.web.HttpMessageConverters org.springframework.boot.autoconfigure.web.WebMvcAutoConfiguration$WebMvcAutoConfigurationAdapter.messageConverters; nested exception is org.springframework.beans.factory.BeanCreationException: Error creating bean with name &apos;org.springframework.boot.autoconfigure.web.HttpMessageConvertersAutoConfiguration&apos;: Injection of autowired dependencies failed; nested exception is org.springframework.beans.factory.BeanCreationException: Could not autowire field: private final java.util.List org.springframework.boot.autoconfigure.web.HttpMessageConvertersAutoConfiguration.converters; nested exception is org.springframework.beans.factory.BeanCreationException: Error creating bean with name &apos;jacksonHttpMessageConverter&apos; defined in class path resource [org/springframework/data/rest/webmvc/config/RepositoryRestMvcConfiguration.class]: Instantiation of bean failed; nested exception is org.springframework.beans.factory.BeanDefinitionStoreException: Factory method [public org.springframework.http.converter.json.MappingJackson2HttpMessageConverter org.springframework.data.rest.webmvc.config.RepositoryRestMvcConfiguration.jacksonHttpMessageConverter()] threw exception; nested exception is org.springframework.beans.factory.BeanCreationException: Error creating bean with name &apos;config&apos; defined in class path resource [org/springframework/data/rest/webmvc/config/RepositoryRestMvcConfiguration.class]: Instantiation of bean failed; nested exception is org.springframework.beans.factory.BeanDefinitionStoreException: Factory method [public org.springframework.data.rest.core.config.RepositoryRestConfiguration org.springframework.data.rest.webmvc.config.RepositoryRestMvcConfiguration.config()] threw exception; nested exception is org.springframework.beans.factory.BeanCreationException: Error creating bean with name &apos;repositories&apos; defined in class path resource [org/springframework/data/rest/webmvc/config/RepositoryRestMvcConfiguration.class]: Instantiation of bean failed; nested exception is org.springframework.beans.factory.BeanDefinitionStoreException: Factory method [public org.springframework.data.repository.support.Repositories org.springframework.data.rest.webmvc.config.RepositoryRestMvcConfiguration.repositories()] threw exception; nested exception is org.springframework.beans.factory.UnsatisfiedDependencyException: Error creating bean with name &apos;mongoDBEnvironmentRepositoryImpl&apos; defined in URL [jar:file:/C:/workspaces/denv/denv-server-mongodb/target/denv-server-mongodb-0.1.0.jar!/org/ssoup/denv/server/persistence/mongodb/repository/MongoDBEnvironmentRepositoryImpl.class]: Unsatisfied dependency expressed through constructor argument with index 1 of type [org.ssoup.denv.server.persistence.ApplicationConfigRepository]: : No qualifying bean of type [org.ssoup.denv.server.persistence.ApplicationConfigRepository] is defined: expected single matching bean but found 2: mongoDBImageRepository,mongoDBApplicationConfigRepository; nested exception is org.springframework.beans.factory.NoUniqueBeanDefinitionException: No qualifying bean of type [org.ssoup.denv.server.persistence.ApplicationConfigRepository] is defined: expected single matching bean but found 2: mongoDBImageRepository,mongoDBApplicationConfigRepository
	at org.springframework.beans.factory.annotation.AutowiredAnnotationBeanPostProcessor$AutowiredMethodElement.inject(AutowiredAnnotationBeanPostProcessor.java:596)
	at org.springframework.beans.factory.annotation.InjectionMetadata.inject(InjectionMetadata.java:87)
	at org.springframework.beans.factory.annotation.AutowiredAnnotationBeanPostProcessor.postProcessPropertyValues(AutowiredAnnotationBeanPostProcessor.java:289)
	... 31 more
Caused by: org.springframework.beans.factory.BeanExpressionException: Expression parsing failed; nested exception is org.springframework.beans.factory.BeanCreationException: Error creating bean with name &apos;securityConfig&apos;: Injection of autowired dependencies failed; nested exception is org.springframework.beans.factory.BeanCreationException: Could not autowire method: public void org.springframework.security.config.annotation.web.configuration.WebSecurityConfigurerAdapter.setContentNegotationStrategy(org.springframework.web.accept.ContentNegotiationStrategy); nested exception is org.springframework.beans.factory.BeanCreationException: Error creating bean with name &apos;org.springframework.web.servlet.config.annotation.DelegatingWebMvcConfiguration&apos;: Injection of autowired dependencies failed; nested exception is org.springframework.beans.factory.BeanCreationException: Could not autowire method: public void org.springframework.web.servlet.config.annotation.DelegatingWebMvcConfiguration.setConfigurers(java.util.List); nested exception is org.springframework.beans.factory.BeanCreationException: Error creating bean with name &apos;org.springframework.boot.autoconfigure.web.WebMvcAutoConfiguration$WebMvcAutoConfigurationAdapter&apos;: Injection of autowired dependencies failed; nested exception is org.springframework.beans.factory.BeanCreationException: Could not autowire field: private org.springframework.boot.autoconfigure.web.HttpMessageConverters org.springframework.boot.autoconfigure.web.WebMvcAutoConfiguration$WebMvcAutoConfigurationAdapter.messageConverters; nested exception is org.springframework.beans.factory.BeanCreationException: Error creating bean with name &apos;org.springframework.boot.autoconfigure.web.HttpMessageConvertersAutoConfiguration&apos;: Injection of autowired dependencies failed; nested exception is org.springframework.beans.factory.BeanCreationException: Could not autowire field: private final java.util.List org.springframework.boot.autoconfigure.web.HttpMessageConvertersAutoConfiguration.converters; nested exception is org.springframework.beans.factory.BeanCreationException: Error creating bean with name &apos;jacksonHttpMessageConverter&apos; defined in class path resource [org/springframework/data/rest/webmvc/config/RepositoryRestMvcConfiguration.class]: Instantiation of bean failed; nested exception is org.springframework.beans.factory.BeanDefinitionStoreException: Factory method [public org.springframework.http.converter.json.MappingJackson2HttpMessageConverter org.springframework.data.rest.webmvc.config.RepositoryRestMvcConfiguration.jacksonHttpMessageConverter()] threw exception; nested exception is org.springframework.beans.factory.BeanCreationException: Error creating bean with name &apos;config&apos; defined in class path resource [org/springframework/data/rest/webmvc/config/RepositoryRestMvcConfiguration.class]: Instantiation of bean failed; nested exception is org.springframework.beans.factory.BeanDefinitionStoreException: Factory method [public org.springframework.data.rest.core.config.RepositoryRestConfiguration org.springframework.data.rest.webmvc.config.RepositoryRestMvcConfiguration.config()] threw exception; nested exception is org.springframework.beans.factory.BeanCreationException: Error creating bean with name &apos;repositories&apos; defined in class path resource [org/springframework/data/rest/webmvc/config/RepositoryRestMvcConfiguration.class]: Instantiation of bean failed; nested exception is org.springframework.beans.factory.BeanDefinitionStoreException: Factory method [public org.springframework.data.repository.support.Repositories org.springframework.data.rest.webmvc.config.RepositoryRestMvcConfiguration.repositories()] threw exception; nested exception is org.springframework.beans.factory.UnsatisfiedDependencyException: Error creating bean with name &apos;mongoDBEnvironmentRepositoryImpl&apos; defined in URL [jar:file:/C:/workspaces/denv/denv-server-mongodb/target/denv-server-mongodb-0.1.0.jar!/org/ssoup/denv/server/persistence/mongodb/repository/MongoDBEnvironmentRepositoryImpl.class]: Unsatisfied dependency expressed through constructor argument with index 1 of type [org.ssoup.denv.server.persistence.ApplicationConfigRepository]: : No qualifying bean of type [org.ssoup.denv.server.persistence.ApplicationConfigRepository] is defined: expected single matching bean but found 2: mongoDBImageRepository,mongoDBApplicationConfigRepository; nested exception is org.springframework.beans.factory.NoUniqueBeanDefinitionException: No qualifying bean of type [org.ssoup.denv.server.persistence.ApplicationConfigRepository] is defined: expected single matching bean but found 2: mongoDBImageRepository,mongoDBApplicationConfigRepository
	at org.springframework.context.expression.StandardBeanExpressionResolver.evaluate(StandardBeanExpressionResolver.java:146)
	at org.springframework.beans.factory.support.AbstractBeanFactory.evaluateBeanDefinitionString(AbstractBeanFactory.java:1362)
	at org.springframework.beans.factory.support.DefaultListableBeanFactory.doResolveDependency(DefaultListableBeanFactory.java:873)
	at org.springframework.beans.factory.support.DefaultListableBeanFactory.resolveDependency(DefaultListableBeanFactory.java:858)
	at org.springframework.beans.factory.annotation.AutowiredAnnotationBeanPostProcessor$AutowiredMethodElement.inject(AutowiredAnnotationBeanPostProcessor.java:553)
	... 33 more
Caused by: org.springframework.beans.factory.BeanCreationException: Error creating bean with name &apos;securityConfig&apos;: Injection of autowired dependencies failed; nested exception is org.springframework.beans.factory.BeanCreationException: Could not autowire method: public void org.springframework.security.config.annotation.web.configuration.WebSecurityConfigurerAdapter.setContentNegotationStrategy(org.springframework.web.accept.ContentNegotiationStrategy); nested exception is org.springframework.beans.factory.BeanCreationException: Error creating bean with name &apos;org.springframework.web.servlet.config.annotation.DelegatingWebMvcConfiguration&apos;: Injection of autowired dependencies failed; nested exception is org.springframework.beans.factory.BeanCreationException: Could not autowire method: public void org.springframework.web.servlet.config.annotation.DelegatingWebMvcConfiguration.setConfigurers(java.util.List); nested exception is org.springframework.beans.factory.BeanCreationException: Error creating bean with name &apos;org.springframework.boot.autoconfigure.web.WebMvcAutoConfiguration$WebMvcAutoConfigurationAdapter&apos;: Injection of autowired dependencies failed; nested exception is org.springframework.beans.factory.BeanCreationException: Could not autowire field: private org.springframework.boot.autoconfigure.web.HttpMessageConverters org.springframework.boot.autoconfigure.web.WebMvcAutoConfiguration$WebMvcAutoConfigurationAdapter.messageConverters; nested exception is org.springframework.beans.factory.BeanCreationException: Error creating bean with name &apos;org.springframework.boot.autoconfigure.web.HttpMessageConvertersAutoConfiguration&apos;: Injection of autowired dependencies failed; nested exception is org.springframework.beans.factory.BeanCreationException: Could not autowire field: private final java.util.List org.springframework.boot.autoconfigure.web.HttpMessageConvertersAutoConfiguration.converters; nested exception is org.springframework.beans.factory.BeanCreationException: Error creating bean with name &apos;jacksonHttpMessageConverter&apos; defined in class path resource [org/springframework/data/rest/webmvc/config/RepositoryRestMvcConfiguration.class]: Instantiation of bean failed; nested exception is org.springframework.beans.factory.BeanDefinitionStoreException: Factory method [public org.springframework.http.converter.json.MappingJackson2HttpMessageConverter org.springframework.data.rest.webmvc.config.RepositoryRestMvcConfiguration.jacksonHttpMessageConverter()] threw exception; nested exception is org.springframework.beans.factory.BeanCreationException: Error creating bean with name &apos;config&apos; defined in class path resource [org/springframework/data/rest/webmvc/config/RepositoryRestMvcConfiguration.class]: Instantiation of bean failed; nested exception is org.springframework.beans.factory.BeanDefinitionStoreException: Factory method [public org.springframework.data.rest.core.config.RepositoryRestConfiguration org.springframework.data.rest.webmvc.config.RepositoryRestMvcConfiguration.config()] threw exception; nested exception is org.springframework.beans.factory.BeanCreationException: Error creating bean with name &apos;repositories&apos; defined in class path resource [org/springframework/data/rest/webmvc/config/RepositoryRestMvcConfiguration.class]: Instantiation of bean failed; nested exception is org.springframework.beans.factory.BeanDefinitionStoreException: Factory method [public org.springframework.data.repository.support.Repositories org.springframework.data.rest.webmvc.config.RepositoryRestMvcConfiguration.repositories()] threw exception; nested exception is org.springframework.beans.factory.UnsatisfiedDependencyException: Error creating bean with name &apos;mongoDBEnvironmentRepositoryImpl&apos; defined in URL [jar:file:/C:/workspaces/denv/denv-server-mongodb/target/denv-server-mongodb-0.1.0.jar!/org/ssoup/denv/server/persistence/mongodb/repository/MongoDBEnvironmentRepositoryImpl.class]: Unsatisfied dependency expressed through constructor argument with index 1 of type [org.ssoup.denv.server.persistence.ApplicationConfigRepository]: : No qualifying bean of type [org.ssoup.denv.server.persistence.ApplicationConfigRepository] is defined: expected single matching bean but found 2: mongoDBImageRepository,mongoDBApplicationConfigRepository; nested exception is org.springframework.beans.factory.NoUniqueBeanDefinitionException: No qualifying bean of type [org.ssoup.denv.server.persistence.ApplicationConfigRepository] is defined: expected single matching bean but found 2: mongoDBImageRepository,mongoDBApplicationConfigRepository
	at org.springframework.beans.factory.annotation.AutowiredAnnotationBeanPostProcessor.postProcessPropertyValues(AutowiredAnnotationBeanPostProcessor.java:292)
	at org.springframework.beans.factory.support.AbstractAutowireCapableBeanFactory.populateBean(AbstractAutowireCapableBeanFactory.java:1185)
	at org.springframework.beans.factory.support.AbstractAutowireCapableBeanFactory.doCreateBean(AbstractAutowireCapableBeanFactory.java:537)
	at org.springframework.beans.factory.support.AbstractAutowireCapableBeanFactory.createBean(AbstractAutowireCapableBeanFactory.java:475)
	at org.springframework.beans.factory.support.AbstractBeanFactory$1.getObject(AbstractBeanFactory.java:302)
	at org.springframework.beans.factory.support.DefaultSingletonBeanRegistry.getSingleton(DefaultSingletonBeanRegistry.java:228)
	at org.springframework.beans.factory.support.AbstractBeanFactory.doGetBean(AbstractBeanFactory.java:298)
	at org.springframework.beans.factory.support.AbstractBeanFactory.getBean(AbstractBeanFactory.java:198)
	at org.springframework.beans.factory.support.DefaultListableBeanFactory.getBeansOfType(DefaultListableBeanFactory.java:470)
	at org.springframework.beans.factory.support.DefaultListableBeanFactory.getBeansOfType(DefaultListableBeanFactory.java:459)
	at org.springframework.security.config.annotation.web.configuration.AutowiredWebSecurityConfigurersIgnoreParents.getWebSecurityConfigurers(AutowiredWebSecurityConfigurersIgnoreParents.java:52)
	at sun.reflect.NativeMethodAccessorImpl.invoke0(Native Method)
	at sun.reflect.NativeMethodAccessorImpl.invoke(NativeMethodAccessorImpl.java:39)
	at sun.reflect.DelegatingMethodAccessorImpl.invoke(DelegatingMethodAccessorImpl.java:25)
	at java.lang.reflect.Method.invoke(Method.java:597)
	at org.springframework.expression.spel.support.ReflectiveMethodExecutor.execute(ReflectiveMethodExecutor.java:63)
	at org.springframework.expression.spel.ast.MethodReference.getValueInternal(MethodReference.java:122)
	at org.springframework.expression.spel.ast.MethodReference.access$000(MethodReference.java:44)
	at org.springframework.expression.spel.ast.MethodReference$MethodValueRef.getValue(MethodReference.java:258)
	at org.springframework.expression.spel.ast.CompoundExpression.getValueInternal(CompoundExpression.java:84)
	at org.springframework.expression.spel.ast.SpelNodeImpl.getValue(SpelNodeImpl.java:103)
	at org.springframework.expression.spel.standard.SpelExpression.getValue(SpelExpression.java:94)
	at org.springframework.context.expression.StandardBeanExpressionResolver.evaluate(StandardBeanExpressionResolver.java:143)
	... 37 more
Caused by: org.springframework.beans.factory.BeanCreationException: Could not autowire method: public void org.springframework.security.config.annotation.web.configuration.WebSecurityConfigurerAdapter.setContentNegotationStrategy(org.springframework.web.accept.ContentNegotiationStrategy); nested exception is org.springframework.beans.factory.BeanCreationException: Error creating bean with name &apos;org.springframework.web.servlet.config.annotation.DelegatingWebMvcConfiguration&apos;: Injection of autowired dependencies failed; nested exception is org.springframework.beans.factory.BeanCreationException: Could not autowire method: public void org.springframework.web.servlet.config.annotation.DelegatingWebMvcConfiguration.setConfigurers(java.util.List); nested exception is org.springframework.beans.factory.BeanCreationException: Error creating bean with name &apos;org.springframework.boot.autoconfigure.web.WebMvcAutoConfiguration$WebMvcAutoConfigurationAdapter&apos;: Injection of autowired dependencies failed; nested exception is org.springframework.beans.factory.BeanCreationException: Could not autowire field: private org.springframework.boot.autoconfigure.web.HttpMessageConverters org.springframework.boot.autoconfigure.web.WebMvcAutoConfiguration$WebMvcAutoConfigurationAdapter.messageConverters; nested exception is org.springframework.beans.factory.BeanCreationException: Error creating bean with name &apos;org.springframework.boot.autoconfigure.web.HttpMessageConvertersAutoConfiguration&apos;: Injection of autowired dependencies failed; nested exception is org.springframework.beans.factory.BeanCreationException: Could not autowire field: private final java.util.List org.springframework.boot.autoconfigure.web.HttpMessageConvertersAutoConfiguration.converters; nested exception is org.springframework.beans.factory.BeanCreationException: Error creating bean with name &apos;jacksonHttpMessageConverter&apos; defined in class path resource [org/springframework/data/rest/webmvc/config/RepositoryRestMvcConfiguration.class]: Instantiation of bean failed; nested exception is org.springframework.beans.factory.BeanDefinitionStoreException: Factory method [public org.springframework.http.converter.json.MappingJackson2HttpMessageConverter org.springframework.data.rest.webmvc.config.RepositoryRestMvcConfiguration.jacksonHttpMessageConverter()] threw exception; nested exception is org.springframework.beans.factory.BeanCreationException: Error creating bean with name &apos;config&apos; defined in class path resource [org/springframework/data/rest/webmvc/config/RepositoryRestMvcConfiguration.class]: Instantiation of bean failed; nested exception is org.springframework.beans.factory.BeanDefinitionStoreException: Factory method [public org.springframework.data.rest.core.config.RepositoryRestConfiguration org.springframework.data.rest.webmvc.config.RepositoryRestMvcConfiguration.config()] threw exception; nested exception is org.springframework.beans.factory.BeanCreationException: Error creating bean with name &apos;repositories&apos; defined in class path resource [org/springframework/data/rest/webmvc/config/RepositoryRestMvcConfiguration.class]: Instantiation of bean failed; nested exception is org.springframework.beans.factory.BeanDefinitionStoreException: Factory method [public org.springframework.data.repository.support.Repositories org.springframework.data.rest.webmvc.config.RepositoryRestMvcConfiguration.repositories()] threw exception; nested exception is org.springframework.beans.factory.UnsatisfiedDependencyException: Error creating bean with name &apos;mongoDBEnvironmentRepositoryImpl&apos; defined in URL [jar:file:/C:/workspaces/denv/denv-server-mongodb/target/denv-server-mongodb-0.1.0.jar!/org/ssoup/denv/server/persistence/mongodb/repository/MongoDBEnvironmentRepositoryImpl.class]: Unsatisfied dependency expressed through constructor argument with index 1 of type [org.ssoup.denv.server.persistence.ApplicationConfigRepository]: : No qualifying bean of type [org.ssoup.denv.server.persistence.ApplicationConfigRepository] is defined: expected single matching bean but found 2: mongoDBImageRepository,mongoDBApplicationConfigRepository; nested exception is org.springframework.beans.factory.NoUniqueBeanDefinitionException: No qualifying bean of type [org.ssoup.denv.server.persistence.ApplicationConfigRepository] is defined: expected single matching bean but found 2: mongoDBImageRepository,mongoDBApplicationConfigRepository
	at org.springframework.beans.factory.annotation.AutowiredAnnotationBeanPostProcessor$AutowiredMethodElement.inject(AutowiredAnnotationBeanPostProcessor.java:596)
	at org.springframework.beans.factory.annotation.InjectionMetadata.inject(InjectionMetadata.java:87)
	at org.springframework.beans.factory.annotation.AutowiredAnnotationBeanPostProcessor.postProcessPropertyValues(AutowiredAnnotationBeanPostProcessor.java:289)
	... 59 more
Caused by: org.springframework.beans.factory.BeanCreationException: Error creating bean with name &apos;org.springframework.web.servlet.config.annotation.DelegatingWebMvcConfiguration&apos;: Injection of autowired dependencies failed; nested exception is org.springframework.beans.factory.BeanCreationException: Could not autowire method: public void org.springframework.web.servlet.config.annotation.DelegatingWebMvcConfiguration.setConfigurers(java.util.List); nested exception is org.springframework.beans.factory.BeanCreationException: Error creating bean with name &apos;org.springframework.boot.autoconfigure.web.WebMvcAutoConfiguration$WebMvcAutoConfigurationAdapter&apos;: Injection of autowired dependencies failed; nested exception is org.springframework.beans.factory.BeanCreationException: Could not autowire field: private org.springframework.boot.autoconfigure.web.HttpMessageConverters org.springframework.boot.autoconfigure.web.WebMvcAutoConfiguration$WebMvcAutoConfigurationAdapter.messageConverters; nested exception is org.springframework.beans.factory.BeanCreationException: Error creating bean with name &apos;org.springframework.boot.autoconfigure.web.HttpMessageConvertersAutoConfiguration&apos;: Injection of autowired dependencies failed; nested exception is org.springframework.beans.factory.BeanCreationException: Could not autowire field: private final java.util.List org.springframework.boot.autoconfigure.web.HttpMessageConvertersAutoConfiguration.converters; nested exception is org.springframework.beans.factory.BeanCreationException: Error creating bean with name &apos;jacksonHttpMessageConverter&apos; defined in class path resource [org/springframework/data/rest/webmvc/config/RepositoryRestMvcConfiguration.class]: Instantiation of bean failed; nested exception is org.springframework.beans.factory.BeanDefinitionStoreException: Factory method [public org.springframework.http.converter.json.MappingJackson2HttpMessageConverter org.springframework.data.rest.webmvc.config.RepositoryRestMvcConfiguration.jacksonHttpMessageConverter()] threw exception; nested exception is org.springframework.beans.factory.BeanCreationException: Error creating bean with name &apos;config&apos; defined in class path resource [org/springframework/data/rest/webmvc/config/RepositoryRestMvcConfiguration.class]: Instantiation of bean failed; nested exception is org.springframework.beans.factory.BeanDefinitionStoreException: Factory method [public org.springframework.data.rest.core.config.RepositoryRestConfiguration org.springframework.data.rest.webmvc.config.RepositoryRestMvcConfiguration.config()] threw exception; nested exception is org.springframework.beans.factory.BeanCreationException: Error creating bean with name &apos;repositories&apos; defined in class path resource [org/springframework/data/rest/webmvc/config/RepositoryRestMvcConfiguration.class]: Instantiation of bean failed; nested exception is org.springframework.beans.factory.BeanDefinitionStoreException: Factory method [public org.springframework.data.repository.support.Repositories org.springframework.data.rest.webmvc.config.RepositoryRestMvcConfiguration.repositories()] threw exception; nested exception is org.springframework.beans.factory.UnsatisfiedDependencyException: Error creating bean with name &apos;mongoDBEnvironmentRepositoryImpl&apos; defined in URL [jar:file:/C:/workspaces/denv/denv-server-mongodb/target/denv-server-mongodb-0.1.0.jar!/org/ssoup/denv/server/persistence/mongodb/repository/MongoDBEnvironmentRepositoryImpl.class]: Unsatisfied dependency expressed through constructor argument with index 1 of type [org.ssoup.denv.server.persistence.ApplicationConfigRepository]: : No qualifying bean of type [org.ssoup.denv.server.persistence.ApplicationConfigRepository] is defined: expected single matching bean but found 2: mongoDBImageRepository,mongoDBApplicationConfigRepository; nested exception is org.springframework.beans.factory.NoUniqueBeanDefinitionException: No qualifying bean of type [org.ssoup.denv.server.persistence.ApplicationConfigRepository] is defined: expected single matching bean but found 2: mongoDBImageRepository,mongoDBApplicationConfigRepository
	at org.springframework.beans.factory.annotation.AutowiredAnnotationBeanPostProcessor.postProcessPropertyValues(AutowiredAnnotationBeanPostProcessor.java:292)
	at org.springframework.beans.factory.support.AbstractAutowireCapableBeanFactory.populateBean(AbstractAutowireCapableBeanFactory.java:1185)
	at org.springframework.beans.factory.support.AbstractAutowireCapableBeanFactory.doCreateBean(AbstractAutowireCapableBeanFactory.java:537)
	at org.springframework.beans.factory.support.AbstractAutowireCapableBeanFactory.createBean(AbstractAutowireCapableBeanFactory.java:475)
	at org.springframework.beans.factory.support.AbstractBeanFactory$1.getObject(AbstractBeanFactory.java:302)
	at org.springframework.beans.factory.support.DefaultSingletonBeanRegistry.getSingleton(DefaultSingletonBeanRegistry.java:228)
	at org.springframework.beans.factory.support.AbstractBeanFactory.doGetBean(AbstractBeanFactory.java:298)
	at org.springframework.beans.factory.support.AbstractBeanFactory.getBean(AbstractBeanFactory.java:193)
	at org.springframework.beans.factory.support.ConstructorResolver.instantiateUsingFactoryMethod(ConstructorResolver.java:370)
	at org.springframework.beans.factory.support.AbstractAutowireCapableBeanFactory.instantiateUsingFactoryMethod(AbstractAutowireCapableBeanFactory.java:1094)
	at org.springframework.beans.factory.support.AbstractAutowireCapableBeanFactory.createBeanInstance(AbstractAutowireCapableBeanFactory.java:989)
	at org.springframework.beans.factory.support.AbstractAutowireCapableBeanFactory.doCreateBean(AbstractAutowireCapableBeanFactory.java:504)
	at org.springframework.beans.factory.support.AbstractAutowireCapableBeanFactory.createBean(AbstractAutowireCapableBeanFactory.java:475)
	at org.springframework.beans.factory.support.AbstractBeanFactory$1.getObject(AbstractBeanFactory.java:302)
	at org.springframework.beans.factory.support.DefaultSingletonBeanRegistry.getSingleton(DefaultSingletonBeanRegistry.java:228)
	at org.springframework.beans.factory.support.AbstractBeanFactory.doGetBean(AbstractBeanFactory.java:298)
	at org.springframework.beans.factory.support.AbstractBeanFactory.getBean(AbstractBeanFactory.java:193)
	at org.springframework.beans.factory.support.DefaultListableBeanFactory.findAutowireCandidates(DefaultListableBeanFactory.java:1017)
	at org.springframework.beans.factory.support.DefaultListableBeanFactory.doResolveDependency(DefaultListableBeanFactory.java:960)
	at org.springframework.beans.factory.support.DefaultListableBeanFactory.resolveDependency(DefaultListableBeanFactory.java:858)
	at org.springframework.beans.factory.annotation.AutowiredAnnotationBeanPostProcessor$AutowiredMethodElement.inject(AutowiredAnnotationBeanPostProcessor.java:553)
	... 61 more
Caused by: org.springframework.beans.factory.BeanCreationException: Could not autowire method: public void org.springframework.web.servlet.config.annotation.DelegatingWebMvcConfiguration.setConfigurers(java.util.List); nested exception is org.springframework.beans.factory.BeanCreationException: Error creating bean with name &apos;org.springframework.boot.autoconfigure.web.WebMvcAutoConfiguration$WebMvcAutoConfigurationAdapter&apos;: Injection of autowired dependencies failed; nested exception is org.springframework.beans.factory.BeanCreationException: Could not autowire field: private org.springframework.boot.autoconfigure.web.HttpMessageConverters org.springframework.boot.autoconfigure.web.WebMvcAutoConfiguration$WebMvcAutoConfigurationAdapter.messageConverters; nested exception is org.springframework.beans.factory.BeanCreationException: Error creating bean with name &apos;org.springframework.boot.autoconfigure.web.HttpMessageConvertersAutoConfiguration&apos;: Injection of autowired dependencies failed; nested exception is org.springframework.beans.factory.BeanCreationException: Could not autowire field: private final java.util.List org.springframework.boot.autoconfigure.web.HttpMessageConvertersAutoConfiguration.converters; nested exception is org.springframework.beans.factory.BeanCreationException: Error creating bean with name &apos;jacksonHttpMessageConverter&apos; defined in class path resource [org/springframework/data/rest/webmvc/config/RepositoryRestMvcConfiguration.class]: Instantiation of bean failed; nested exception is org.springframework.beans.factory.BeanDefinitionStoreException: Factory method [public org.springframework.http.converter.json.MappingJackson2HttpMessageConverter org.springframework.data.rest.webmvc.config.RepositoryRestMvcConfiguration.jacksonHttpMessageConverter()] threw exception; nested exception is org.springframework.beans.factory.BeanCreationException: Error creating bean with name &apos;config&apos; defined in class path resource [org/springframework/data/rest/webmvc/config/RepositoryRestMvcConfiguration.class]: Instantiation of bean failed; nested exception is org.springframework.beans.factory.BeanDefinitionStoreException: Factory method [public org.springframework.data.rest.core.config.RepositoryRestConfiguration org.springframework.data.rest.webmvc.config.RepositoryRestMvcConfiguration.config()] threw exception; nested exception is org.springframework.beans.factory.BeanCreationException: Error creating bean with name &apos;repositories&apos; defined in class path resource [org/springframework/data/rest/webmvc/config/RepositoryRestMvcConfiguration.class]: Instantiation of bean failed; nested exception is org.springframework.beans.factory.BeanDefinitionStoreException: Factory method [public org.springframework.data.repository.support.Repositories org.springframework.data.rest.webmvc.config.RepositoryRestMvcConfiguration.repositories()] threw exception; nested exception is org.springframework.beans.factory.UnsatisfiedDependencyException: Error creating bean with name &apos;mongoDBEnvironmentRepositoryImpl&apos; defined in URL [jar:file:/C:/workspaces/denv/denv-server-mongodb/target/denv-server-mongodb-0.1.0.jar!/org/ssoup/denv/server/persistence/mongodb/repository/MongoDBEnvironmentRepositoryImpl.class]: Unsatisfied dependency expressed through constructor argument with index 1 of type [org.ssoup.denv.server.persistence.ApplicationConfigRepository]: : No qualifying bean of type [org.ssoup.denv.server.persistence.ApplicationConfigRepository] is defined: expected single matching bean but found 2: mongoDBImageRepository,mongoDBApplicationConfigRepository; nested exception is org.springframework.beans.factory.NoUniqueBeanDefinitionException: No qualifying bean of type [org.ssoup.denv.server.persistence.ApplicationConfigRepository] is defined: expected single matching bean but found 2: mongoDBImageRepository,mongoDBApplicationConfigRepository
	at org.springframework.beans.factory.annotation.AutowiredAnnotationBeanPostProcessor$AutowiredMethodElement.inject(AutowiredAnnotationBeanPostProcessor.java:596)
	at org.springframework.beans.factory.annotation.InjectionMetadata.inject(InjectionMetadata.java:87)
	at org.springframework.beans.factory.annotation.AutowiredAnnotationBeanPostProcessor.postProcessPropertyValues(AutowiredAnnotationBeanPostProcessor.java:289)
	... 81 more
Caused by: org.springframework.beans.factory.BeanCreationException: Error creating bean with name &apos;org.springframework.boot.autoconfigure.web.WebMvcAutoConfiguration$WebMvcAutoConfigurationAdapter&apos;: Injection of autowired dependencies failed; nested exception is org.springframework.beans.factory.BeanCreationException: Could not autowire field: private org.springframework.boot.autoconfigure.web.HttpMessageConverters org.springframework.boot.autoconfigure.web.WebMvcAutoConfiguration$WebMvcAutoConfigurationAdapter.messageConverters; nested exception is org.springframework.beans.factory.BeanCreationException: Error creating bean with name &apos;org.springframework.boot.autoconfigure.web.HttpMessageConvertersAutoConfiguration&apos;: Injection of autowired dependencies failed; nested exception is org.springframework.beans.factory.BeanCreationException: Could not autowire field: private final java.util.List org.springframework.boot.autoconfigure.web.HttpMessageConvertersAutoConfiguration.converters; nested exception is org.springframework.beans.factory.BeanCreationException: Error creating bean with name &apos;jacksonHttpMessageConverter&apos; defined in class path resource [org/springframework/data/rest/webmvc/config/RepositoryRestMvcConfiguration.class]: Instantiation of bean failed; nested exception is org.springframework.beans.factory.BeanDefinitionStoreException: Factory method [public org.springframework.http.converter.json.MappingJackson2HttpMessageConverter org.springframework.data.rest.webmvc.config.RepositoryRestMvcConfiguration.jacksonHttpMessageConverter()] threw exception; nested exception is org.springframework.beans.factory.BeanCreationException: Error creating bean with name &apos;config&apos; defined in class path resource [org/springframework/data/rest/webmvc/config/RepositoryRestMvcConfiguration.class]: Instantiation of bean failed; nested exception is org.springframework.beans.factory.BeanDefinitionStoreException: Factory method [public org.springframework.data.rest.core.config.RepositoryRestConfiguration org.springframework.data.rest.webmvc.config.RepositoryRestMvcConfiguration.config()] threw exception; nested exception is org.springframework.beans.factory.BeanCreationException: Error creating bean with name &apos;repositories&apos; defined in class path resource [org/springframework/data/rest/webmvc/config/RepositoryRestMvcConfiguration.class]: Instantiation of bean failed; nested exception is org.springframework.beans.factory.BeanDefinitionStoreException: Factory method [public org.springframework.data.repository.support.Repositories org.springframework.data.rest.webmvc.config.RepositoryRestMvcConfiguration.repositories()] threw exception; nested exception is org.springframework.beans.factory.UnsatisfiedDependencyException: Error creating bean with name &apos;mongoDBEnvironmentRepositoryImpl&apos; defined in URL [jar:file:/C:/workspaces/denv/denv-server-mongodb/target/denv-server-mongodb-0.1.0.jar!/org/ssoup/denv/server/persistence/mongodb/repository/MongoDBEnvironmentRepositoryImpl.class]: Unsatisfied dependency expressed through constructor argument with index 1 of type [org.ssoup.denv.server.persistence.ApplicationConfigRepository]: : No qualifying bean of type [org.ssoup.denv.server.persistence.ApplicationConfigRepository] is defined: expected single matching bean but found 2: mongoDBImageRepository,mongoDBApplicationConfigRepository; nested exception is org.springframework.beans.factory.NoUniqueBeanDefinitionException: No qualifying bean of type [org.ssoup.denv.server.persistence.ApplicationConfigRepository] is defined: expected single matching bean but found 2: mongoDBImageRepository,mongoDBApplicationConfigRepository
	at org.springframework.beans.factory.annotation.AutowiredAnnotationBeanPostProcessor.postProcessPropertyValues(AutowiredAnnotationBeanPostProcessor.java:292)
	at org.springframework.beans.factory.support.AbstractAutowireCapableBeanFactory.populateBean(AbstractAutowireCapableBeanFactory.java:1185)
	at org.springframework.beans.factory.support.AbstractAutowireCapableBeanFactory.doCreateBean(AbstractAutowireCapableBeanFactory.java:537)
	at org.springframework.beans.factory.support.AbstractAutowireCapableBeanFactory.createBean(AbstractAutowireCapableBeanFactory.java:475)
	at org.springframework.beans.factory.support.AbstractBeanFactory$1.getObject(AbstractBeanFactory.java:302)
	at org.springframework.beans.factory.support.DefaultSingletonBeanRegistry.getSingleton(DefaultSingletonBeanRegistry.java:228)
	at org.springframework.beans.factory.support.AbstractBeanFactory.doGetBean(AbstractBeanFactory.java:298)
	at org.springframework.beans.factory.support.AbstractBeanFactory.getBean(AbstractBeanFactory.java:193)
	at org.springframework.beans.factory.support.DefaultListableBeanFactory.findAutowireCandidates(DefaultListableBeanFactory.java:1017)
	at org.springframework.beans.factory.support.DefaultListableBeanFactory.doResolveDependency(DefaultListableBeanFactory.java:912)
	at org.springframework.beans.factory.support.DefaultListableBeanFactory.resolveDependency(DefaultListableBeanFactory.java:858)
	at org.springframework.beans.factory.annotation.AutowiredAnnotationBeanPostProcessor$AutowiredMethodElement.inject(AutowiredAnnotationBeanPostProcessor.java:553)
	... 83 more
Caused by: org.springframework.beans.factory.BeanCreationException: Could not autowire field: private org.springframework.boot.autoconfigure.web.HttpMessageConverters org.springframework.boot.autoconfigure.web.WebMvcAutoConfiguration$WebMvcAutoConfigurationAdapter.messageConverters; nested exception is org.springframework.beans.factory.BeanCreationException: Error creating bean with name &apos;org.springframework.boot.autoconfigure.web.HttpMessageConvertersAutoConfiguration&apos;: Injection of autowired dependencies failed; nested exception is org.springframework.beans.factory.BeanCreationException: Could not autowire field: private final java.util.List org.springframework.boot.autoconfigure.web.HttpMessageConvertersAutoConfiguration.converters; nested exception is org.springframework.beans.factory.BeanCreationException: Error creating bean with name &apos;jacksonHttpMessageConverter&apos; defined in class path resource [org/springframework/data/rest/webmvc/config/RepositoryRestMvcConfiguration.class]: Instantiation of bean failed; nested exception is org.springframework.beans.factory.BeanDefinitionStoreException: Factory method [public org.springframework.http.converter.json.MappingJackson2HttpMessageConverter org.springframework.data.rest.webmvc.config.RepositoryRestMvcConfiguration.jacksonHttpMessageConverter()] threw exception; nested exception is org.springframework.beans.factory.BeanCreationException: Error creating bean with name &apos;config&apos; defined in class path resource [org/springframework/data/rest/webmvc/config/RepositoryRestMvcConfiguration.class]: Instantiation of bean failed; nested exception is org.springframework.beans.factory.BeanDefinitionStoreException: Factory method [public org.springframework.data.rest.core.config.RepositoryRestConfiguration org.springframework.data.rest.webmvc.config.RepositoryRestMvcConfiguration.config()] threw exception; nested exception is org.springframework.beans.factory.BeanCreationException: Error creating bean with name &apos;repositories&apos; defined in class path resource [org/springframework/data/rest/webmvc/config/RepositoryRestMvcConfiguration.class]: Instantiation of bean failed; nested exception is org.springframework.beans.factory.BeanDefinitionStoreException: Factory method [public org.springframework.data.repository.support.Repositories org.springframework.data.rest.webmvc.config.RepositoryRestMvcConfiguration.repositories()] threw exception; nested exception is org.springframework.beans.factory.UnsatisfiedDependencyException: Error creating bean with name &apos;mongoDBEnvironmentRepositoryImpl&apos; defined in URL [jar:file:/C:/workspaces/denv/denv-server-mongodb/target/denv-server-mongodb-0.1.0.jar!/org/ssoup/denv/server/persistence/mongodb/repository/MongoDBEnvironmentRepositoryImpl.class]: Unsatisfied dependency expressed through constructor argument with index 1 of type [org.ssoup.denv.server.persistence.ApplicationConfigRepository]: : No qualifying bean of type [org.ssoup.denv.server.persistence.ApplicationConfigRepository] is defined: expected single matching bean but found 2: mongoDBImageRepository,mongoDBApplicationConfigRepository; nested exception is org.springframework.beans.factory.NoUniqueBeanDefinitionException: No qualifying bean of type [org.ssoup.denv.server.persistence.ApplicationConfigRepository] is defined: expected single matching bean but found 2: mongoDBImageRepository,mongoDBApplicationConfigRepository
	at org.springframework.beans.factory.annotation.AutowiredAnnotationBeanPostProcessor$AutowiredFieldElement.inject(AutowiredAnnotationBeanPostProcessor.java:508)
	at org.springframework.beans.factory.annotation.InjectionMetadata.inject(InjectionMetadata.java:87)
	at org.springframework.beans.factory.annotation.AutowiredAnnotationBeanPostProcessor.postProcessPropertyValues(AutowiredAnnotationBeanPostProcessor.java:289)
	... 94 more
Caused by: org.springframework.beans.factory.BeanCreationException: Error creating bean with name &apos;org.springframework.boot.autoconfigure.web.HttpMessageConvertersAutoConfiguration&apos;: Injection of autowired dependencies failed; nested exception is org.springframework.beans.factory.BeanCreationException: Could not autowire field: private final java.util.List org.springframework.boot.autoconfigure.web.HttpMessageConvertersAutoConfiguration.converters; nested exception is org.springframework.beans.factory.BeanCreationException: Error creating bean with name &apos;jacksonHttpMessageConverter&apos; defined in class path resource [org/springframework/data/rest/webmvc/config/RepositoryRestMvcConfiguration.class]: Instantiation of bean failed; nested exception is org.springframework.beans.factory.BeanDefinitionStoreException: Factory method [public org.springframework.http.converter.json.MappingJackson2HttpMessageConverter org.springframework.data.rest.webmvc.config.RepositoryRestMvcConfiguration.jacksonHttpMessageConverter()] threw exception; nested exception is org.springframework.beans.factory.BeanCreationException: Error creating bean with name &apos;config&apos; defined in class path resource [org/springframework/data/rest/webmvc/config/RepositoryRestMvcConfiguration.class]: Instantiation of bean failed; nested exception is org.springframework.beans.factory.BeanDefinitionStoreException: Factory method [public org.springframework.data.rest.core.config.RepositoryRestConfiguration org.springframework.data.rest.webmvc.config.RepositoryRestMvcConfiguration.config()] threw exception; nested exception is org.springframework.beans.factory.BeanCreationException: Error creating bean with name &apos;repositories&apos; defined in class path resource [org/springframework/data/rest/webmvc/config/RepositoryRestMvcConfiguration.class]: Instantiation of bean failed; nested exception is org.springframework.beans.factory.BeanDefinitionStoreException: Factory method [public org.springframework.data.repository.support.Repositories org.springframework.data.rest.webmvc.config.RepositoryRestMvcConfiguration.repositories()] threw exception; nested exception is org.springframework.beans.factory.UnsatisfiedDependencyException: Error creating bean with name &apos;mongoDBEnvironmentRepositoryImpl&apos; defined in URL [jar:file:/C:/workspaces/denv/denv-server-mongodb/target/denv-server-mongodb-0.1.0.jar!/org/ssoup/denv/server/persistence/mongodb/repository/MongoDBEnvironmentRepositoryImpl.class]: Unsatisfied dependency expressed through constructor argument with index 1 of type [org.ssoup.denv.server.persistence.ApplicationConfigRepository]: : No qualifying bean of type [org.ssoup.denv.server.persistence.ApplicationConfigRepository] is defined: expected single matching bean but found 2: mongoDBImageRepository,mongoDBApplicationConfigRepository; nested exception is org.springframework.beans.factory.NoUniqueBeanDefinitionException: No qualifying bean of type [org.ssoup.denv.server.persistence.ApplicationConfigRepository] is defined: expected single matching bean but found 2: mongoDBImageRepository,mongoDBApplicationConfigRepository
	at org.springframework.beans.factory.annotation.AutowiredAnnotationBeanPostProcessor.postProcessPropertyValues(AutowiredAnnotationBeanPostProcessor.java:292)
	at org.springframework.beans.factory.support.AbstractAutowireCapableBeanFactory.populateBean(AbstractAutowireCapableBeanFactory.java:1185)
	at org.springframework.beans.factory.support.AbstractAutowireCapableBeanFactory.doCreateBean(AbstractAutowireCapableBeanFactory.java:537)
	at org.springframework.beans.factory.support.AbstractAutowireCapableBeanFactory.createBean(AbstractAutowireCapableBeanFactory.java:475)
	at org.springframework.beans.factory.support.AbstractBeanFactory$1.getObject(AbstractBeanFactory.java:302)
	at org.springframework.beans.factory.support.DefaultSingletonBeanRegistry.getSingleton(DefaultSingletonBeanRegistry.java:228)
	at org.springframework.beans.factory.support.AbstractBeanFactory.doGetBean(AbstractBeanFactory.java:298)
	at org.springframework.beans.factory.support.AbstractBeanFactory.getBean(AbstractBeanFactory.java:193)
	at org.springframework.beans.factory.support.ConstructorResolver.instantiateUsingFactoryMethod(ConstructorResolver.java:370)
	at org.springframework.beans.factory.support.AbstractAutowireCapableBeanFactory.instantiateUsingFactoryMethod(AbstractAutowireCapableBeanFactory.java:1094)
	at org.springframework.beans.factory.support.AbstractAutowireCapableBeanFactory.createBeanInstance(AbstractAutowireCapableBeanFactory.java:989)
	at org.springframework.beans.factory.support.AbstractAutowireCapableBeanFactory.doCreateBean(AbstractAutowireCapableBeanFactory.java:504)
	at org.springframework.beans.factory.support.AbstractAutowireCapableBeanFactory.createBean(AbstractAutowireCapableBeanFactory.java:475)
	at org.springframework.beans.factory.support.AbstractBeanFactory$1.getObject(AbstractBeanFactory.java:302)
	at org.springframework.beans.factory.support.DefaultSingletonBeanRegistry.getSingleton(DefaultSingletonBeanRegistry.java:228)
	at org.springframework.beans.factory.support.AbstractBeanFactory.doGetBean(AbstractBeanFactory.java:298)
	at org.springframework.beans.factory.support.AbstractBeanFactory.getBean(AbstractBeanFactory.java:193)
	at org.springframework.beans.factory.support.DefaultListableBeanFactory.findAutowireCandidates(DefaultListableBeanFactory.java:1017)
	at org.springframework.beans.factory.support.DefaultListableBeanFactory.doResolveDependency(DefaultListableBeanFactory.java:960)
	at org.springframework.beans.factory.support.DefaultListableBeanFactory.resolveDependency(DefaultListableBeanFactory.java:858)
	at org.springframework.beans.factory.annotation.AutowiredAnnotationBeanPostProcessor$AutowiredFieldElement.inject(AutowiredAnnotationBeanPostProcessor.java:480)
	... 96 more
Caused by: org.springframework.beans.factory.BeanCreationException: Could not autowire field: private final java.util.List org.springframework.boot.autoconfigure.web.HttpMessageConvertersAutoConfiguration.converters; nested exception is org.springframework.beans.factory.BeanCreationException: Error creating bean with name &apos;jacksonHttpMessageConverter&apos; defined in class path resource [org/springframework/data/rest/webmvc/config/RepositoryRestMvcConfiguration.class]: Instantiation of bean failed; nested exception is org.springframework.beans.factory.BeanDefinitionStoreException: Factory method [public org.springframework.http.converter.json.MappingJackson2HttpMessageConverter org.springframework.data.rest.webmvc.config.RepositoryRestMvcConfiguration.jacksonHttpMessageConverter()] threw exception; nested exception is org.springframework.beans.factory.BeanCreationException: Error creating bean with name &apos;config&apos; defined in class path resource [org/springframework/data/rest/webmvc/config/RepositoryRestMvcConfiguration.class]: Instantiation of bean failed; nested exception is org.springframework.beans.factory.BeanDefinitionStoreException: Factory method [public org.springframework.data.rest.core.config.RepositoryRestConfiguration org.springframework.data.rest.webmvc.config.RepositoryRestMvcConfiguration.config()] threw exception; nested exception is org.springframework.beans.factory.BeanCreationException: Error creating bean with name &apos;repositories&apos; defined in class path resource [org/springframework/data/rest/webmvc/config/RepositoryRestMvcConfiguration.class]: Instantiation of bean failed; nested exception is org.springframework.beans.factory.BeanDefinitionStoreException: Factory method [public org.springframework.data.repository.support.Repositories org.springframework.data.rest.webmvc.config.RepositoryRestMvcConfiguration.repositories()] threw exception; nested exception is org.springframework.beans.factory.UnsatisfiedDependencyException: Error creating bean with name &apos;mongoDBEnvironmentRepositoryImpl&apos; defined in URL [jar:file:/C:/workspaces/denv/denv-server-mongodb/target/denv-server-mongodb-0.1.0.jar!/org/ssoup/denv/server/persistence/mongodb/repository/MongoDBEnvironmentRepositoryImpl.class]: Unsatisfied dependency expressed through constructor argument with index 1 of type [org.ssoup.denv.server.persistence.ApplicationConfigRepository]: : No qualifying bean of type [org.ssoup.denv.server.persistence.ApplicationConfigRepository] is defined: expected single matching bean but found 2: mongoDBImageRepository,mongoDBApplicationConfigRepository; nested exception is org.springframework.beans.factory.NoUniqueBeanDefinitionException: No qualifying bean of type [org.ssoup.denv.server.persistence.ApplicationConfigRepository] is defined: expected single matching bean but found 2: mongoDBImageRepository,mongoDBApplicationConfigRepository
	at org.springframework.beans.factory.annotation.AutowiredAnnotationBeanPostProcessor$AutowiredFieldElement.inject(AutowiredAnnotationBeanPostProcessor.java:508)
	at org.springframework.beans.factory.annotation.InjectionMetadata.inject(InjectionMetadata.java:87)
	at org.springframework.beans.factory.annotation.AutowiredAnnotationBeanPostProcessor.postProcessPropertyValues(AutowiredAnnotationBeanPostProcessor.java:289)
	... 116 more
Caused by: org.springframework.beans.factory.BeanCreationException: Error creating bean with name &apos;jacksonHttpMessageConverter&apos; defined in class path resource [org/springframework/data/rest/webmvc/config/RepositoryRestMvcConfiguration.class]: Instantiation of bean failed; nested exception is org.springframework.beans.factory.BeanDefinitionStoreException: Factory method [public org.springframework.http.converter.json.MappingJackson2HttpMessageConverter org.springframework.data.rest.webmvc.config.RepositoryRestMvcConfiguration.jacksonHttpMessageConverter()] threw exception; nested exception is org.springframework.beans.factory.BeanCreationException: Error creating bean with name &apos;config&apos; defined in class path resource [org/springframework/data/rest/webmvc/config/RepositoryRestMvcConfiguration.class]: Instantiation of bean failed; nested exception is org.springframework.beans.factory.BeanDefinitionStoreException: Factory method [public org.springframework.data.rest.core.config.RepositoryRestConfiguration org.springframework.data.rest.webmvc.config.RepositoryRestMvcConfiguration.config()] threw exception; nested exception is org.springframework.beans.factory.BeanCreationException: Error creating bean with name &apos;repositories&apos; defined in class path resource [org/springframework/data/rest/webmvc/config/RepositoryRestMvcConfiguration.class]: Instantiation of bean failed; nested exception is org.springframework.beans.factory.BeanDefinitionStoreException: Factory method [public org.springframework.data.repository.support.Repositories org.springframework.data.rest.webmvc.config.RepositoryRestMvcConfiguration.repositories()] threw exception; nested exception is org.springframework.beans.factory.UnsatisfiedDependencyException: Error creating bean with name &apos;mongoDBEnvironmentRepositoryImpl&apos; defined in URL [jar:file:/C:/workspaces/denv/denv-server-mongodb/target/denv-server-mongodb-0.1.0.jar!/org/ssoup/denv/server/persistence/mongodb/repository/MongoDBEnvironmentRepositoryImpl.class]: Unsatisfied dependency expressed through constructor argument with index 1 of type [org.ssoup.denv.server.persistence.ApplicationConfigRepository]: : No qualifying bean of type [org.ssoup.denv.server.persistence.ApplicationConfigRepository] is defined: expected single matching bean but found 2: mongoDBImageRepository,mongoDBApplicationConfigRepository; nested exception is org.springframework.beans.factory.NoUniqueBeanDefinitionException: No qualifying bean of type [org.ssoup.denv.server.persistence.ApplicationConfigRepository] is defined: expected single matching bean but found 2: mongoDBImageRepository,mongoDBApplicationConfigRepository
	at org.springframework.beans.factory.support.ConstructorResolver.instantiateUsingFactoryMethod(ConstructorResolver.java:597)
	at org.springframework.beans.factory.support.AbstractAutowireCapableBeanFactory.instantiateUsingFactoryMethod(AbstractAutowireCapableBeanFactory.java:1094)
	at org.springframework.beans.factory.support.AbstractAutowireCapableBeanFactory.createBeanInstance(AbstractAutowireCapableBeanFactory.java:989)
	at org.springframework.beans.factory.support.AbstractAutowireCapableBeanFactory.doCreateBean(AbstractAutowireCapableBeanFactory.java:504)
	at org.springframework.beans.factory.support.AbstractAutowireCapableBeanFactory.createBean(AbstractAutowireCapableBeanFactory.java:475)
	at org.springframework.beans.factory.support.AbstractBeanFactory$1.getObject(AbstractBeanFactory.java:302)
	at org.springframework.beans.factory.support.DefaultSingletonBeanRegistry.getSingleton(DefaultSingletonBeanRegistry.java:228)
	at org.springframework.beans.factory.support.AbstractBeanFactory.doGetBean(AbstractBeanFactory.java:298)
	at org.springframework.beans.factory.support.AbstractBeanFactory.getBean(AbstractBeanFactory.java:193)
	at org.springframework.beans.factory.support.DefaultListableBeanFactory.findAutowireCandidates(DefaultListableBeanFactory.java:1017)
	at org.springframework.beans.factory.support.DefaultListableBeanFactory.doResolveDependency(DefaultListableBeanFactory.java:912)
	at org.springframework.beans.factory.support.DefaultListableBeanFactory.resolveDependency(DefaultListableBeanFactory.java:858)
	at org.springframework.beans.factory.annotation.AutowiredAnnotationBeanPostProcessor$AutowiredFieldElement.inject(AutowiredAnnotationBeanPostProcessor.java:480)
	... 118 more
Caused by: org.springframework.beans.factory.BeanDefinitionStoreException: Factory method [public org.springframework.http.converter.json.MappingJackson2HttpMessageConverter org.springframework.data.rest.webmvc.config.RepositoryRestMvcConfiguration.jacksonHttpMessageConverter()] threw exception; nested exception is org.springframework.beans.factory.BeanCreationException: Error creating bean with name &apos;config&apos; defined in class path resource [org/springframework/data/rest/webmvc/config/RepositoryRestMvcConfiguration.class]: Instantiation of bean failed; nested exception is org.springframework.beans.factory.BeanDefinitionStoreException: Factory method [public org.springframework.data.rest.core.config.RepositoryRestConfiguration org.springframework.data.rest.webmvc.config.RepositoryRestMvcConfiguration.config()] threw exception; nested exception is org.springframework.beans.factory.BeanCreationException: Error creating bean with name &apos;repositories&apos; defined in class path resource [org/springframework/data/rest/webmvc/config/RepositoryRestMvcConfiguration.class]: Instantiation of bean failed; nested exception is org.springframework.beans.factory.BeanDefinitionStoreException: Factory method [public org.springframework.data.repository.support.Repositories org.springframework.data.rest.webmvc.config.RepositoryRestMvcConfiguration.repositories()] threw exception; nested exception is org.springframework.beans.factory.UnsatisfiedDependencyException: Error creating bean with name &apos;mongoDBEnvironmentRepositoryImpl&apos; defined in URL [jar:file:/C:/workspaces/denv/denv-server-mongodb/target/denv-server-mongodb-0.1.0.jar!/org/ssoup/denv/server/persistence/mongodb/repository/MongoDBEnvironmentRepositoryImpl.class]: Unsatisfied dependency expressed through constructor argument with index 1 of type [org.ssoup.denv.server.persistence.ApplicationConfigRepository]: : No qualifying bean of type [org.ssoup.denv.server.persistence.ApplicationConfigRepository] is defined: expected single matching bean but found 2: mongoDBImageRepository,mongoDBApplicationConfigRepository; nested exception is org.springframework.beans.factory.NoUniqueBeanDefinitionException: No qualifying bean of type [org.ssoup.denv.server.persistence.ApplicationConfigRepository] is defined: expected single matching bean but found 2: mongoDBImageRepository,mongoDBApplicationConfigRepository
	at org.springframework.beans.factory.support.SimpleInstantiationStrategy.instantiate(SimpleInstantiationStrategy.java:188)
	at org.springframework.beans.factory.support.ConstructorResolver.instantiateUsingFactoryMethod(ConstructorResolver.java:586)
	... 130 more
Caused by: org.springframework.beans.factory.BeanCreationException: Error creating bean with name &apos;config&apos; defined in class path resource [org/springframework/data/rest/webmvc/config/RepositoryRestMvcConfiguration.class]: Instantiation of bean failed; nested exception is org.springframework.beans.factory.BeanDefinitionStoreException: Factory method [public org.springframework.data.rest.core.config.RepositoryRestConfiguration org.springframework.data.rest.webmvc.config.RepositoryRestMvcConfiguration.config()] threw exception; nested exception is org.springframework.beans.factory.BeanCreationException: Error creating bean with name &apos;repositories&apos; defined in class path resource [org/springframework/data/rest/webmvc/config/RepositoryRestMvcConfiguration.class]: Instantiation of bean failed; nested exception is org.springframework.beans.factory.BeanDefinitionStoreException: Factory method [public org.springframework.data.repository.support.Repositories org.springframework.data.rest.webmvc.config.RepositoryRestMvcConfiguration.repositories()] threw exception; nested exception is org.springframework.beans.factory.UnsatisfiedDependencyException: Error creating bean with name &apos;mongoDBEnvironmentRepositoryImpl&apos; defined in URL [jar:file:/C:/workspaces/denv/denv-server-mongodb/target/denv-server-mongodb-0.1.0.jar!/org/ssoup/denv/server/persistence/mongodb/repository/MongoDBEnvironmentRepositoryImpl.class]: Unsatisfied dependency expressed through constructor argument with index 1 of type [org.ssoup.denv.server.persistence.ApplicationConfigRepository]: : No qualifying bean of type [org.ssoup.denv.server.persistence.ApplicationConfigRepository] is defined: expected single matching bean but found 2: mongoDBImageRepository,mongoDBApplicationConfigRepository; nested exception is org.springframework.beans.factory.NoUniqueBeanDefinitionException: No qualifying bean of type [org.ssoup.denv.server.persistence.ApplicationConfigRepository] is defined: expected single matching bean but found 2: mongoDBImageRepository,mongoDBApplicationConfigRepository
	at org.springframework.beans.factory.support.ConstructorResolver.instantiateUsingFactoryMethod(ConstructorResolver.java:597)
	at org.springframework.beans.factory.support.AbstractAutowireCapableBeanFactory.instantiateUsingFactoryMethod(AbstractAutowireCapableBeanFactory.java:1094)
	at org.springframework.beans.factory.support.AbstractAutowireCapableBeanFactory.createBeanInstance(AbstractAutowireCapableBeanFactory.java:989)
	at org.springframework.beans.factory.support.AbstractAutowireCapableBeanFactory.doCreateBean(AbstractAutowireCapableBeanFactory.java:504)
	at org.springframework.beans.factory.support.AbstractAutowireCapableBeanFactory.createBean(AbstractAutowireCapableBeanFactory.java:475)
	at org.springframework.beans.factory.support.AbstractBeanFactory$1.getObject(AbstractBeanFactory.java:302)
	at org.springframework.beans.factory.support.DefaultSingletonBeanRegistry.getSingleton(DefaultSingletonBeanRegistry.java:228)
	at org.springframework.beans.factory.support.AbstractBeanFactory.doGetBean(AbstractBeanFactory.java:298)
	at org.springframework.beans.factory.support.AbstractBeanFactory.getBean(AbstractBeanFactory.java:193)
	at org.springframework.context.annotation.ConfigurationClassEnhancer$BeanMethodInterceptor.intercept(ConfigurationClassEnhancer.java:324)
	at org.springframework.data.rest.webmvc.config.RepositoryRestMvcConfiguration$$EnhancerBySpringCGLIB$$2cc48631.config(&lt;generated&gt;)
	at org.springframework.data.rest.webmvc.config.RepositoryRestMvcConfiguration.jacksonHttpMessageConverter(RepositoryRestMvcConfiguration.java:374)
	at org.springframework.data.rest.webmvc.config.RepositoryRestMvcConfiguration$$EnhancerBySpringCGLIB$$2cc48631.CGLIB$jacksonHttpMessageConverter$21(&lt;generated&gt;)
	at org.springframework.data.rest.webmvc.config.RepositoryRestMvcConfiguration$$EnhancerBySpringCGLIB$$2cc48631$$FastClassBySpringCGLIB$$1e60d3fc.invoke(&lt;generated&gt;)
	at org.springframework.cglib.proxy.MethodProxy.invokeSuper(MethodProxy.java:228)
	at org.springframework.context.annotation.ConfigurationClassEnhancer$BeanMethodInterceptor.intercept(ConfigurationClassEnhancer.java:312)
	at org.springframework.data.rest.webmvc.config.RepositoryRestMvcConfiguration$$EnhancerBySpringCGLIB$$2cc48631.jacksonHttpMessageConverter(&lt;generated&gt;)
	at sun.reflect.NativeMethodAccessorImpl.invoke0(Native Method)
	at sun.reflect.NativeMethodAccessorImpl.invoke(NativeMethodAccessorImpl.java:39)
	at sun.reflect.DelegatingMethodAccessorImpl.invoke(DelegatingMethodAccessorImpl.java:25)
	at java.lang.reflect.Method.invoke(Method.java:597)
	at org.springframework.beans.factory.support.SimpleInstantiationStrategy.instantiate(SimpleInstantiationStrategy.java:166)
	... 131 more
Caused by: org.springframework.beans.factory.BeanDefinitionStoreException: Factory method [public org.springframework.data.rest.core.config.RepositoryRestConfiguration org.springframework.data.rest.webmvc.config.RepositoryRestMvcConfiguration.config()] threw exception; nested exception is org.springframework.beans.factory.BeanCreationException: Error creating bean with name &apos;repositories&apos; defined in class path resource [org/springframework/data/rest/webmvc/config/RepositoryRestMvcConfiguration.class]: Instantiation of bean failed; nested exception is org.springframework.beans.factory.BeanDefinitionStoreException: Factory method [public org.springframework.data.repository.support.Repositories org.springframework.data.rest.webmvc.config.RepositoryRestMvcConfiguration.repositories()] threw exception; nested exception is org.springframework.beans.factory.UnsatisfiedDependencyException: Error creating bean with name &apos;mongoDBEnvironmentRepositoryImpl&apos; defined in URL [jar:file:/C:/workspaces/denv/denv-server-mongodb/target/denv-server-mongodb-0.1.0.jar!/org/ssoup/denv/server/persistence/mongodb/repository/MongoDBEnvironmentRepositoryImpl.class]: Unsatisfied dependency expressed through constructor argument with index 1 of type [org.ssoup.denv.server.persistence.ApplicationConfigRepository]: : No qualifying bean of type [org.ssoup.denv.server.persistence.ApplicationConfigRepository] is defined: expected single matching bean but found 2: mongoDBImageRepository,mongoDBApplicationConfigRepository; nested exception is org.springframework.beans.factory.NoUniqueBeanDefinitionException: No qualifying bean of type [org.ssoup.denv.server.persistence.ApplicationConfigRepository] is defined: expected single matching bean but found 2: mongoDBImageRepository,mongoDBApplicationConfigRepository
	at org.springframework.beans.factory.support.SimpleInstantiationStrategy.instantiate(SimpleInstantiationStrategy.java:188)
	at org.springframework.beans.factory.support.ConstructorResolver.instantiateUsingFactoryMethod(ConstructorResolver.java:586)
	... 152 more
Caused by: org.springframework.beans.factory.BeanCreationException: Error creating bean with name &apos;repositories&apos; defined in class path resource [org/springframework/data/rest/webmvc/config/RepositoryRestMvcConfiguration.class]: Instantiation of bean failed; nested exception is org.springframework.beans.factory.BeanDefinitionStoreException: Factory method [public org.springframework.data.repository.support.Repositories org.springframework.data.rest.webmvc.config.RepositoryRestMvcConfiguration.repositories()] threw exception; nested exception is org.springframework.beans.factory.UnsatisfiedDependencyException: Error creating bean with name &apos;mongoDBEnvironmentRepositoryImpl&apos; defined in URL [jar:file:/C:/workspaces/denv/denv-server-mongodb/target/denv-server-mongodb-0.1.0.jar!/org/ssoup/denv/server/persistence/mongodb/repository/MongoDBEnvironmentRepositoryImpl.class]: Unsatisfied dependency expressed through constructor argument with index 1 of type [org.ssoup.denv.server.persistence.ApplicationConfigRepository]: : No qualifying bean of type [org.ssoup.denv.server.persistence.ApplicationConfigRepository] is defined: expected single matching bean but found 2: mongoDBImageRepository,mongoDBApplicationConfigRepository; nested exception is org.springframework.beans.factory.NoUniqueBeanDefinitionException: No qualifying bean of type [org.ssoup.denv.server.persistence.ApplicationConfigRepository] is defined: expected single matching bean but found 2: mongoDBImageRepository,mongoDBApplicationConfigRepository
	at org.springframework.beans.factory.support.ConstructorResolver.instantiateUsingFactoryMethod(ConstructorResolver.java:597)
	at org.springframework.beans.factory.support.AbstractAutowireCapableBeanFactory.instantiateUsingFactoryMethod(AbstractAutowireCapableBeanFactory.java:1094)
	at org.springframework.beans.factory.support.AbstractAutowireCapableBeanFactory.createBeanInstance(AbstractAutowireCapableBeanFactory.java:989)
	at org.springframework.beans.factory.support.AbstractAutowireCapableBeanFactory.doCreateBean(AbstractAutowireCapableBeanFactory.java:504)
	at org.springframework.beans.factory.support.AbstractAutowireCapableBeanFactory.createBean(AbstractAutowireCapableBeanFactory.java:475)
	at org.springframework.beans.factory.support.AbstractBeanFactory$1.getObject(AbstractBeanFactory.java:302)
	at org.springframework.beans.factory.support.DefaultSingletonBeanRegistry.getSingleton(DefaultSingletonBeanRegistry.java:228)
	at org.springframework.beans.factory.support.AbstractBeanFactory.doGetBean(AbstractBeanFactory.java:298)
	at org.springframework.beans.factory.support.AbstractBeanFactory.getBean(AbstractBeanFactory.java:193)
	at org.springframework.context.annotation.ConfigurationClassEnhancer$BeanMethodInterceptor.intercept(ConfigurationClassEnhancer.java:324)
	at org.springframework.data.rest.webmvc.config.RepositoryRestMvcConfiguration$$EnhancerBySpringCGLIB$$2cc48631.repositories(&lt;generated&gt;)
	at org.springframework.data.rest.webmvc.config.RepositoryRestMvcConfiguration.getProjections(RepositoryRestMvcConfiguration.java:621)
	at org.springframework.data.rest.webmvc.config.RepositoryRestMvcConfiguration.config(RepositoryRestMvcConfiguration.java:224)
	at org.springframework.data.rest.webmvc.config.RepositoryRestMvcConfiguration$$EnhancerBySpringCGLIB$$2cc48631.CGLIB$config$40(&lt;generated&gt;)
	at org.springframework.data.rest.webmvc.config.RepositoryRestMvcConfiguration$$EnhancerBySpringCGLIB$$2cc48631$$FastClassBySpringCGLIB$$1e60d3fc.invoke(&lt;generated&gt;)
	at org.springframework.cglib.proxy.MethodProxy.invokeSuper(MethodProxy.java:228)
	at org.springframework.context.annotation.ConfigurationClassEnhancer$BeanMethodInterceptor.intercept(ConfigurationClassEnhancer.java:312)
	at org.springframework.data.rest.webmvc.config.RepositoryRestMvcConfiguration$$EnhancerBySpringCGLIB$$2cc48631.config(&lt;generated&gt;)
	at sun.reflect.NativeMethodAccessorImpl.invoke0(Native Method)
	at sun.reflect.NativeMethodAccessorImpl.invoke(NativeMethodAccessorImpl.java:39)
	at sun.reflect.DelegatingMethodAccessorImpl.invoke(DelegatingMethodAccessorImpl.java:25)
	at java.lang.reflect.Method.invoke(Method.java:597)
	at org.springframework.beans.factory.support.SimpleInstantiationStrategy.instantiate(SimpleInstantiationStrategy.java:166)
	... 153 more
Caused by: org.springframework.beans.factory.BeanDefinitionStoreException: Factory method [public org.springframework.data.repository.support.Repositories org.springframework.data.rest.webmvc.config.RepositoryRestMvcConfiguration.repositories()] threw exception; nested exception is org.springframework.beans.factory.UnsatisfiedDependencyException: Error creating bean with name &apos;mongoDBEnvironmentRepositoryImpl&apos; defined in URL [jar:file:/C:/workspaces/denv/denv-server-mongodb/target/denv-server-mongodb-0.1.0.jar!/org/ssoup/denv/server/persistence/mongodb/repository/MongoDBEnvironmentRepositoryImpl.class]: Unsatisfied dependency expressed through constructor argument with index 1 of type [org.ssoup.denv.server.persistence.ApplicationConfigRepository]: : No qualifying bean of type [org.ssoup.denv.server.persistence.ApplicationConfigRepository] is defined: expected single matching bean but found 2: mongoDBImageRepository,mongoDBApplicationConfigRepository; nested exception is org.springframework.beans.factory.NoUniqueBeanDefinitionException: No qualifying bean of type [org.ssoup.denv.server.persistence.ApplicationConfigRepository] is defined: expected single matching bean but found 2: mongoDBImageRepository,mongoDBApplicationConfigRepository
	at org.springframework.beans.factory.support.SimpleInstantiationStrategy.instantiate(SimpleInstantiationStrategy.java:188)
	at org.springframework.beans.factory.support.ConstructorResolver.instantiateUsingFactoryMethod(ConstructorResolver.java:586)
	... 175 more
Caused by: org.springframework.beans.factory.UnsatisfiedDependencyException: Error creating bean with name &apos;mongoDBEnvironmentRepositoryImpl&apos; defined in URL [jar:file:/C:/workspaces/denv/denv-server-mongodb/target/denv-server-mongodb-0.1.0.jar!/org/ssoup/denv/server/persistence/mongodb/repository/MongoDBEnvironmentRepositoryImpl.class]: Unsatisfied dependency expressed through constructor argument with index 1 of type [org.ssoup.denv.server.persistence.ApplicationConfigRepository]: : No qualifying bean of type [org.ssoup.denv.server.persistence.ApplicationConfigRepository] is defined: expected single matching bean but found 2: mongoDBImageRepository,mongoDBApplicationConfigRepository; nested exception is org.springframework.beans.factory.NoUniqueBeanDefinitionException: No qualifying bean of type [org.ssoup.denv.server.persistence.ApplicationConfigRepository] is defined: expected single matching bean but found 2: mongoDBImageRepository,mongoDBApplicationConfigRepository
	at org.springframework.beans.factory.support.ConstructorResolver.createArgumentArray(ConstructorResolver.java:747)
	at org.springframework.beans.factory.support.ConstructorResolver.autowireConstructor(ConstructorResolver.java:185)
	at org.springframework.beans.factory.support.AbstractAutowireCapableBeanFactory.autowireConstructor(AbstractAutowireCapableBeanFactory.java:1114)
	at org.springframework.beans.factory.support.AbstractAutowireCapableBeanFactory.createBeanInstance(AbstractAutowireCapableBeanFactory.java:1017)
	at org.springframework.beans.factory.support.AbstractAutowireCapableBeanFactory.doCreateBean(AbstractAutowireCapableBeanFactory.java:504)
	at org.springframework.beans.factory.support.AbstractAutowireCapableBeanFactory.createBean(AbstractAutowireCapableBeanFactory.java:475)
	at org.springframework.beans.factory.support.AbstractBeanFactory$1.getObject(AbstractBeanFactory.java:302)
	at org.springframework.beans.factory.support.DefaultSingletonBeanRegistry.getSingleton(DefaultSingletonBeanRegistry.java:228)
	at org.springframework.beans.factory.support.AbstractBeanFactory.doGetBean(AbstractBeanFactory.java:298)
	at org.springframework.beans.factory.support.AbstractBeanFactory.getBean(AbstractBeanFactory.java:193)
	at org.springframework.beans.factory.support.AbstractBeanFactory.doGetBean(AbstractBeanFactory.java:292)
	at org.springframework.beans.factory.support.AbstractBeanFactory.getBean(AbstractBeanFactory.java:198)
	at org.springframework.data.repository.support.Repositories.populateRepositoryFactoryInformation(Repositories.java:87)
	at org.springframework.data.repository.support.Repositories.&lt;init&gt;(Repositories.java:78)
	at org.springframework.data.rest.webmvc.config.RepositoryRestMvcConfiguration.repositories(RepositoryRestMvcConfiguration.java:146)
	at org.springframework.data.rest.webmvc.config.RepositoryRestMvcConfiguration$$EnhancerBySpringCGLIB$$2cc48631.CGLIB$repositories$2(&lt;generated&gt;)
	at org.springframework.data.rest.webmvc.config.RepositoryRestMvcConfiguration$$EnhancerBySpringCGLIB$$2cc48631$$FastClassBySpringCGLIB$$1e60d3fc.invoke(&lt;generated&gt;)
	at org.springframework.cglib.proxy.MethodProxy.invokeSuper(MethodProxy.java:228)
	at org.springframework.context.annotation.ConfigurationClassEnhancer$BeanMethodInterceptor.intercept(ConfigurationClassEnhancer.java:312)
	at org.springframework.data.rest.webmvc.config.RepositoryRestMvcConfiguration$$EnhancerBySpringCGLIB$$2cc48631.repositories(&lt;generated&gt;)
	at sun.reflect.NativeMethodAccessorImpl.invoke0(Native Method)
	at sun.reflect.NativeMethodAccessorImpl.invoke(NativeMethodAccessorImpl.java:39)
	at sun.reflect.DelegatingMethodAccessorImpl.invoke(DelegatingMethodAccessorImpl.java:25)
	at java.lang.reflect.Method.invoke(Method.java:597)
	at org.springframework.beans.factory.support.SimpleInstantiationStrategy.instantiate(SimpleInstantiationStrategy.java:166)
	... 176 more
Caused by: org.springframework.beans.factory.NoUniqueBeanDefinitionException: No qualifying bean of type [org.ssoup.denv.server.persistence.ApplicationConfigRepository] is defined: expected single matching bean but found 2: mongoDBImageRepository,mongoDBApplicationConfigRepository
	at org.springframework.beans.factory.support.DefaultListableBeanFactory.doResolveDependency(DefaultListableBeanFactory.java:970)
	at org.springframework.beans.factory.support.DefaultListableBeanFactory.resolveDependency(DefaultListableBeanFactory.java:858)
	at org.springframework.beans.factory.support.ConstructorResolver.resolveAutowiredArgument(ConstructorResolver.java:811)
	at org.springframework.beans.factory.support.ConstructorResolver.createArgumentArray(ConstructorResolver.java:739)
	... 200 more
</error>
    <system-out>2014-09-12 15:54:00.833 DEBUG   --- [           main] o.s.w.c.s.StandardServletEnvironment     : Adding [servletConfigInitParams] PropertySource with lowest search precedence
2014-09-12 15:54:00.837 DEBUG   --- [           main] o.s.w.c.s.StandardServletEnvironment     : Adding [servletContextInitParams] PropertySource with lowest search precedence
2014-09-12 15:54:00.841 DEBUG   --- [           main] o.s.w.c.s.StandardServletEnvironment     : Adding [jndiProperties] PropertySource with lowest search precedence
2014-09-12 15:54:00.841 DEBUG   --- [           main] o.s.w.c.s.StandardServletEnvironment     : Adding [systemProperties] PropertySource with lowest search precedence
2014-09-12 15:54:00.841 DEBUG   --- [           main] o.s.w.c.s.StandardServletEnvironment     : Adding [systemEnvironment] PropertySource with lowest search precedence
2014-09-12 15:54:00.842 DEBUG   --- [           main] o.s.w.c.s.StandardServletEnvironment     : Initialized StandardServletEnvironment with PropertySources [servletConfigInitParams,servletContextInitParams,jndiProperties,systemProperties,systemEnvironment]
2014-09-12 15:54:00.842 DEBUG   --- [           main] o.s.w.c.s.StandardServletEnvironment     : Adding [integrationTest] PropertySource with search precedence immediately lower than [systemEnvironment]

  .   ____          _            __ _ _
 /\\ / ___&apos;_ __ _ _(_)_ __  __ _ \ \ \ \
( ( )\___ | &apos;_ | &apos;_| | &apos;_ \/ _` | \ \ \ \
 \\/  ___)| |_)| | | | | || (_| |  ) ) ) )
  &apos;  |____| .__|_| |_|_| |_\__, | / / / /
 =========|_|==============|___/=/_/_/_/
 :: Spring Boot ::        (v1.1.5.RELEASE)

2014-09-12 15:54:01.089 DEBUG 10216 --- [           main] o.s.w.c.s.StandardServletEnvironment     : Adding [servletConfigInitParams] PropertySource with lowest search precedence
2014-09-12 15:54:01.089 DEBUG 10216 --- [           main] o.s.w.c.s.StandardServletEnvironment     : Adding [servletContextInitParams] PropertySource with lowest search precedence
2014-09-12 15:54:01.089 DEBUG 10216 --- [           main] o.s.w.c.s.StandardServletEnvironment     : Adding [jndiProperties] PropertySource with lowest search precedence
2014-09-12 15:54:01.090 DEBUG 10216 --- [           main] o.s.w.c.s.StandardServletEnvironment     : Adding [systemProperties] PropertySource with lowest search precedence
2014-09-12 15:54:01.090 DEBUG 10216 --- [           main] o.s.w.c.s.StandardServletEnvironment     : Adding [systemEnvironment] PropertySource with lowest search precedence
2014-09-12 15:54:01.090 DEBUG 10216 --- [           main] o.s.w.c.s.StandardServletEnvironment     : Initialized StandardServletEnvironment with PropertySources [servletConfigInitParams,servletContextInitParams,jndiProperties,systemProperties,systemEnvironment]
2014-09-12 15:54:01.119  INFO 10216 --- [           main] o.a.m.surefire.booter.SurefireBooter     : Starting SurefireBooter v2.4.3 on Alderai with PID 10216 (C:\Users\ALB\.m2\repository\org\apache\maven\surefire\surefire-booter\2.4.3\surefire-booter-2.4.3.jar started by ALB in C:\workspaces\denv\denv-server-integration-test)
2014-09-12 15:54:01.150  INFO 10216 --- [           main] ationConfigEmbeddedWebApplicationContext : Refreshing org.springframework.boot.context.embedded.AnnotationConfigEmbeddedWebApplicationContext@32784a: startup date [Fri Sep 12 15:54:01 CEST 2014]; root of context hierarchy
2014-09-12 15:54:01.662 DEBUG 10216 --- [           main] o.s.w.c.s.StandardServletEnvironment     : Adding [class path resource [application.properties]] PropertySource with lowest search precedence
2014-09-12 15:54:01.823  INFO 10216 --- [           main] o.s.b.f.s.DefaultListableBeanFactory     : Overriding bean definition for bean &apos;beanNameViewResolver&apos;: replacing [Root bean: class [null]; scope=; abstract=false; lazyInit=false; autowireMode=3; dependencyCheck=0; autowireCandidate=true; primary=false; factoryBeanName=org.springframework.boot.autoconfigure.web.ErrorMvcAutoConfiguration$WhitelabelErrorViewConfiguration; factoryMethodName=beanNameViewResolver; initMethodName=null; destroyMethodName=(inferred); defined in class path resource [org/springframework/boot/autoconfigure/web/ErrorMvcAutoConfiguration$WhitelabelErrorViewConfiguration.class]] with [Root bean: class [null]; scope=; abstract=false; lazyInit=false; autowireMode=3; dependencyCheck=0; autowireCandidate=true; primary=false; factoryBeanName=org.springframework.boot.autoconfigure.web.WebMvcAutoConfiguration$WebMvcAutoConfigurationAdapter; factoryMethodName=beanNameViewResolver; initMethodName=null; destroyMethodName=(inferred); defined in class path resource [org/springframework/boot/autoconfigure/web/WebMvcAutoConfiguration$WebMvcAutoConfigurationAdapter.class]]
2014-09-12 15:54:02.870 DEBUG 10216 --- [           main] o.s.w.c.s.StandardServletEnvironment     : Adding [applicationConfig: [classpath:/application.properties]] PropertySource with search precedence immediately lower than [applicationConfigurationProperties]
2014-09-12 15:54:02.870 DEBUG 10216 --- [           main] o.s.w.c.s.StandardServletEnvironment     : Removing [applicationConfigurationProperties] PropertySource
2014-09-12 15:54:02.870 DEBUG 10216 --- [           main] o.s.w.c.s.StandardServletEnvironment     : Removing [defaultProperties] PropertySource
2014-09-12 15:54:02.955  INFO 10216 --- [           main] f.a.AutowiredAnnotationBeanPostProcessor : JSR-330 &apos;javax.inject.Inject&apos; annotation found and supported for autowiring
2014-09-12 15:54:04.297  INFO 10216 --- [           main] .t.TomcatEmbeddedServletContainerFactory : Server initialized with port: 8080
2014-09-12 15:54:04.672  INFO 10216 --- [           main] o.apache.catalina.core.StandardService   : Starting service Tomcat
2014-09-12 15:54:04.673  INFO 10216 --- [           main] org.apache.catalina.core.StandardEngine  : Starting Servlet Engine: Apache Tomcat/7.0.54
2014-09-12 15:54:04.954  INFO 10216 --- [ost-startStop-1] o.a.c.c.C.[Tomcat].[localhost].[/]       : Initializing Spring embedded WebApplicationContext
2014-09-12 15:54:04.954 DEBUG 10216 --- [ost-startStop-1] o.s.web.context.ContextLoader            : Published root WebApplicationContext as ServletContext attribute with name [org.springframework.web.context.WebApplicationContext.ROOT]
2014-09-12 15:54:04.954  INFO 10216 --- [ost-startStop-1] o.s.web.context.ContextLoader            : Root WebApplicationContext: initialization completed in 3805 ms
2014-09-12 15:54:09.235  WARN 10216 --- [ost-startStop-1] o.s.d.m.c.m.BasicMongoPersistentProperty : Customizing field name for id property not allowed! Custom name will not be considered!
2014-09-12 15:54:09.397 ERROR 10216 --- [ost-startStop-1] rvletContextInitializerLifecycleListener : Error starting Tomcat context: org.springframework.beans.factory.BeanCreationException
2014-09-12 15:54:09.456  INFO 10216 --- [           main] .b.l.ClasspathLoggingApplicationListener : Application failed to start with classpath: [file:/C:/Users/ALB/AppData/Local/Temp/surefirebooter7995350138174825736.jar]
2014-09-12 15:54:09.567 ERROR 10216 --- [           main] o.s.boot.SpringApplication               : Application startup failed

org.springframework.context.ApplicationContextException: Unable to start embedded container; nested exception is org.springframework.boot.context.embedded.EmbeddedServletContainerException: Unable to start embedded Tomcat
	at org.springframework.boot.context.embedded.EmbeddedWebApplicationContext.onRefresh(EmbeddedWebApplicationContext.java:135)
	at org.springframework.context.support.AbstractApplicationContext.refresh(AbstractApplicationContext.java:476)
	at org.springframework.boot.context.embedded.EmbeddedWebApplicationContext.refresh(EmbeddedWebApplicationContext.java:120)
	at org.springframework.boot.SpringApplication.refresh(SpringApplication.java:691)
	at org.springframework.boot.SpringApplication.run(SpringApplication.java:320)
	at org.springframework.boot.test.SpringApplicationContextLoader.loadContext(SpringApplicationContextLoader.java:107)
	at org.springframework.test.context.CacheAwareContextLoaderDelegate.loadContextInternal(CacheAwareContextLoaderDelegate.java:64)
	at org.springframework.test.context.CacheAwareContextLoaderDelegate.loadContext(CacheAwareContextLoaderDelegate.java:91)
	at org.springframework.test.context.DefaultTestContext.getApplicationContext(DefaultTestContext.java:101)
	at org.springframework.test.context.support.DependencyInjectionTestExecutionListener.injectDependencies(DependencyInjectionTestExecutionListener.java:109)
	at org.springframework.test.context.support.DependencyInjectionTestExecutionListener.prepareTestInstance(DependencyInjectionTestExecutionListener.java:75)
	at org.springframework.test.context.TestContextManager.prepareTestInstance(TestContextManager.java:331)
	at org.springframework.test.context.junit4.SpringJUnit4ClassRunner.createTest(SpringJUnit4ClassRunner.java:213)
	at org.springframework.test.context.junit4.SpringJUnit4ClassRunner$1.runReflectiveCall(SpringJUnit4ClassRunner.java:290)
	at org.junit.internal.runners.model.ReflectiveCallable.run(ReflectiveCallable.java:12)
	at org.springframework.test.context.junit4.SpringJUnit4ClassRunner.methodBlock(SpringJUnit4ClassRunner.java:292)
	at org.springframework.test.context.junit4.SpringJUnit4ClassRunner.runChild(SpringJUnit4ClassRunner.java:233)
	at org.springframework.test.context.junit4.SpringJUnit4ClassRunner.runChild(SpringJUnit4ClassRunner.java:87)
	at org.junit.runners.ParentRunner$3.run(ParentRunner.java:238)
	at org.junit.runners.ParentRunner$1.schedule(ParentRunner.java:63)
	at org.junit.runners.ParentRunner.runChildren(ParentRunner.java:236)
	at org.junit.runners.ParentRunner.access$000(ParentRunner.java:53)
	at org.junit.runners.ParentRunner$2.evaluate(ParentRunner.java:229)
	at org.springframework.test.context.junit4.statements.RunBeforeTestClassCallbacks.evaluate(RunBeforeTestClassCallbacks.java:61)
	at org.springframework.test.context.junit4.statements.RunAfterTestClassCallbacks.evaluate(RunAfterTestClassCallbacks.java:71)
	at org.junit.runners.ParentRunner.run(ParentRunner.java:309)
	at org.springframework.test.context.junit4.SpringJUnit4ClassRunner.run(SpringJUnit4ClassRunner.java:176)
	at org.apache.maven.surefire.junit4.JUnit4TestSet.execute(JUnit4TestSet.java:62)
	at org.apache.maven.surefire.suite.AbstractDirectoryTestSuite.executeTestSet(AbstractDirectoryTestSuite.java:140)
	at org.apache.maven.surefire.suite.AbstractDirectoryTestSuite.execute(AbstractDirectoryTestSuite.java:127)
	at org.apache.maven.surefire.Surefire.run(Surefire.java:177)
	at sun.reflect.NativeMethodAccessorImpl.invoke0(Native Method)
	at sun.reflect.NativeMethodAccessorImpl.invoke(NativeMethodAccessorImpl.java:39)
	at sun.reflect.DelegatingMethodAccessorImpl.invoke(DelegatingMethodAccessorImpl.java:25)
	at java.lang.reflect.Method.invoke(Method.java:597)
	at org.apache.maven.surefire.booter.SurefireBooter.runSuitesInProcess(SurefireBooter.java:345)
	at org.apache.maven.surefire.booter.SurefireBooter.main(SurefireBooter.java:1009)
Caused by: org.springframework.boot.context.embedded.EmbeddedServletContainerException: Unable to start embedded Tomcat
	at org.springframework.boot.context.embedded.tomcat.TomcatEmbeddedServletContainer.initialize(TomcatEmbeddedServletContainer.java:100)
	at org.springframework.boot.context.embedded.tomcat.TomcatEmbeddedServletContainer.&lt;init&gt;(TomcatEmbeddedServletContainer.java:74)
	at org.springframework.boot.context.embedded.tomcat.TomcatEmbeddedServletContainerFactory.getTomcatEmbeddedServletContainer(TomcatEmbeddedServletContainerFactory.java:289)
	at org.springframework.boot.context.embedded.tomcat.TomcatEmbeddedServletContainerFactory.getEmbeddedServletContainer(TomcatEmbeddedServletContainerFactory.java:146)
	at org.springframework.boot.context.embedded.EmbeddedWebApplicationContext.createEmbeddedServletContainer(EmbeddedWebApplicationContext.java:159)
	at org.springframework.boot.context.embedded.EmbeddedWebApplicationContext.onRefresh(EmbeddedWebApplicationContext.java:132)
	... 36 common frames omitted
Caused by: org.springframework.beans.factory.BeanCreationException: Error creating bean with name &apos;org.springframework.security.config.annotation.web.configuration.WebSecurityConfiguration&apos;: Injection of autowired dependencies failed; nested exception is org.springframework.beans.factory.BeanCreationException: Could not autowire method: public void org.springframework.security.config.annotation.web.configuration.WebSecurityConfiguration.setFilterChainProxySecurityConfigurer(org.springframework.security.config.annotation.ObjectPostProcessor,java.util.List) throws java.lang.Exception; nested exception is org.springframework.beans.factory.BeanExpressionException: Expression parsing failed; nested exception is org.springframework.beans.factory.BeanCreationException: Error creating bean with name &apos;securityConfig&apos;: Injection of autowired dependencies failed; nested exception is org.springframework.beans.factory.BeanCreationException: Could not autowire method: public void org.springframework.security.config.annotation.web.configuration.WebSecurityConfigurerAdapter.setContentNegotationStrategy(org.springframework.web.accept.ContentNegotiationStrategy); nested exception is org.springframework.beans.factory.BeanCreationException: Error creating bean with name &apos;org.springframework.web.servlet.config.annotation.DelegatingWebMvcConfiguration&apos;: Injection of autowired dependencies failed; nested exception is org.springframework.beans.factory.BeanCreationException: Could not autowire method: public void org.springframework.web.servlet.config.annotation.DelegatingWebMvcConfiguration.setConfigurers(java.util.List); nested exception is org.springframework.beans.factory.BeanCreationException: Error creating bean with name &apos;org.springframework.boot.autoconfigure.web.WebMvcAutoConfiguration$WebMvcAutoConfigurationAdapter&apos;: Injection of autowired dependencies failed; nested exception is org.springframework.beans.factory.BeanCreationException: Could not autowire field: private org.springframework.boot.autoconfigure.web.HttpMessageConverters org.springframework.boot.autoconfigure.web.WebMvcAutoConfiguration$WebMvcAutoConfigurationAdapter.messageConverters; nested exception is org.springframework.beans.factory.BeanCreationException: Error creating bean with name &apos;org.springframework.boot.autoconfigure.web.HttpMessageConvertersAutoConfiguration&apos;: Injection of autowired dependencies failed; nested exception is org.springframework.beans.factory.BeanCreationException: Could not autowire field: private final java.util.List org.springframework.boot.autoconfigure.web.HttpMessageConvertersAutoConfiguration.converters; nested exception is org.springframework.beans.factory.BeanCreationException: Error creating bean with name &apos;jacksonHttpMessageConverter&apos; defined in class path resource [org/springframework/data/rest/webmvc/config/RepositoryRestMvcConfiguration.class]: Instantiation of bean failed; nested exception is org.springframework.beans.factory.BeanDefinitionStoreException: Factory method [public org.springframework.http.converter.json.MappingJackson2HttpMessageConverter org.springframework.data.rest.webmvc.config.RepositoryRestMvcConfiguration.jacksonHttpMessageConverter()] threw exception; nested exception is org.springframework.beans.factory.BeanCreationException: Error creating bean with name &apos;config&apos; defined in class path resource [org/springframework/data/rest/webmvc/config/RepositoryRestMvcConfiguration.class]: Instantiation of bean failed; nested exception is org.springframework.beans.factory.BeanDefinitionStoreException: Factory method [public org.springframework.data.rest.core.config.RepositoryRestConfiguration org.springframework.data.rest.webmvc.config.RepositoryRestMvcConfiguration.config()] threw exception; nested exception is org.springframework.beans.factory.BeanCreationException: Error creating bean with name &apos;repositories&apos; defined in class path resource [org/springframework/data/rest/webmvc/config/RepositoryRestMvcConfiguration.class]: Instantiation of bean failed; nested exception is org.springframework.beans.factory.BeanDefinitionStoreException: Factory method [public org.springframework.data.repository.support.Repositories org.springframework.data.rest.webmvc.config.RepositoryRestMvcConfiguration.repositories()] threw exception; nested exception is org.springframework.beans.factory.UnsatisfiedDependencyException: Error creating bean with name &apos;mongoDBEnvironmentRepositoryImpl&apos; defined in URL [jar:file:/C:/workspaces/denv/denv-server-mongodb/target/denv-server-mongodb-0.1.0.jar!/org/ssoup/denv/server/persistence/mongodb/repository/MongoDBEnvironmentRepositoryImpl.class]: Unsatisfied dependency expressed through constructor argument with index 1 of type [org.ssoup.denv.server.persistence.ApplicationConfigRepository]: : No qualifying bean of type [org.ssoup.denv.server.persistence.ApplicationConfigRepository] is defined: expected single matching bean but found 2: mongoDBImageRepository,mongoDBApplicationConfigRepository; nested exception is org.springframework.beans.factory.NoUniqueBeanDefinitionException: No qualifying bean of type [org.ssoup.denv.server.persistence.ApplicationConfigRepository] is defined: expected single matching bean but found 2: mongoDBImageRepository,mongoDBApplicationConfigRepository
	at org.springframework.beans.factory.annotation.AutowiredAnnotationBeanPostProcessor.postProcessPropertyValues(AutowiredAnnotationBeanPostProcessor.java:292)
	at org.springframework.beans.factory.support.AbstractAutowireCapableBeanFactory.populateBean(AbstractAutowireCapableBeanFactory.java:1185)
	at org.springframework.beans.factory.support.AbstractAutowireCapableBeanFactory.doCreateBean(AbstractAutowireCapableBeanFactory.java:537)
	at org.springframework.beans.factory.support.AbstractAutowireCapableBeanFactory.createBean(AbstractAutowireCapableBeanFactory.java:475)
	at org.springframework.beans.factory.support.AbstractBeanFactory$1.getObject(AbstractBeanFactory.java:302)
	at org.springframework.beans.factory.support.DefaultSingletonBeanRegistry.getSingleton(DefaultSingletonBeanRegistry.java:228)
	at org.springframework.beans.factory.support.AbstractBeanFactory.doGetBean(AbstractBeanFactory.java:298)
	at org.springframework.beans.factory.support.AbstractBeanFactory.getBean(AbstractBeanFactory.java:193)
	at org.springframework.beans.factory.support.ConstructorResolver.instantiateUsingFactoryMethod(ConstructorResolver.java:370)
	at org.springframework.beans.factory.support.AbstractAutowireCapableBeanFactory.instantiateUsingFactoryMethod(AbstractAutowireCapableBeanFactory.java:1094)
	at org.springframework.beans.factory.support.AbstractAutowireCapableBeanFactory.createBeanInstance(AbstractAutowireCapableBeanFactory.java:989)
	at org.springframework.beans.factory.support.AbstractAutowireCapableBeanFactory.doCreateBean(AbstractAutowireCapableBeanFactory.java:504)
	at org.springframework.beans.factory.support.AbstractAutowireCapableBeanFactory.createBean(AbstractAutowireCapableBeanFactory.java:475)
	at org.springframework.beans.factory.support.AbstractBeanFactory$1.getObject(AbstractBeanFactory.java:302)
	at org.springframework.beans.factory.support.DefaultSingletonBeanRegistry.getSingleton(DefaultSingletonBeanRegistry.java:228)
	at org.springframework.beans.factory.support.AbstractBeanFactory.doGetBean(AbstractBeanFactory.java:298)
	at org.springframework.beans.factory.support.AbstractBeanFactory.getBean(AbstractBeanFactory.java:198)
	at org.springframework.boot.context.embedded.EmbeddedWebApplicationContext.getOrderedBeansOfType(EmbeddedWebApplicationContext.java:367)
	at org.springframework.boot.context.embedded.EmbeddedWebApplicationContext.getServletContextInitializerBeans(EmbeddedWebApplicationContext.java:268)
	at org.springframework.boot.context.embedded.EmbeddedWebApplicationContext$1.onStartup(EmbeddedWebApplicationContext.java:213)
	at org.springframework.boot.context.embedded.tomcat.ServletContextInitializerLifecycleListener.lifecycleEvent(ServletContextInitializerLifecycleListener.java:64)
	at org.apache.catalina.util.LifecycleSupport.fireLifecycleEvent(LifecycleSupport.java:117)
	at org.apache.catalina.util.LifecycleBase.fireLifecycleEvent(LifecycleBase.java:90)
	at org.apache.catalina.core.StandardContext.startInternal(StandardContext.java:5355)
	at org.apache.catalina.util.LifecycleBase.start(LifecycleBase.java:150)
	at org.apache.catalina.core.ContainerBase$StartChild.call(ContainerBase.java:1559)
	at org.apache.catalina.core.ContainerBase$StartChild.call(ContainerBase.java:1549)
	at java.util.concurrent.FutureTask$Sync.innerRun(FutureTask.java:303)
	at java.util.concurrent.FutureTask.run(FutureTask.java:138)
	at java.util.concurrent.ThreadPoolExecutor$Worker.runTask(ThreadPoolExecutor.java:886)
	at java.util.concurrent.ThreadPoolExecutor$Worker.run(ThreadPoolExecutor.java:908)
	at java.lang.Thread.run(Thread.java:662)
Caused by: org.springframework.beans.factory.BeanCreationException: Could not autowire method: public void org.springframework.security.config.annotation.web.configuration.WebSecurityConfiguration.setFilterChainProxySecurityConfigurer(org.springframework.security.config.annotation.ObjectPostProcessor,java.util.List) throws java.lang.Exception; nested exception is org.springframework.beans.factory.BeanExpressionException: Expression parsing failed; nested exception is org.springframework.beans.factory.BeanCreationException: Error creating bean with name &apos;securityConfig&apos;: Injection of autowired dependencies failed; nested exception is org.springframework.beans.factory.BeanCreationException: Could not autowire method: public void org.springframework.security.config.annotation.web.configuration.WebSecurityConfigurerAdapter.setContentNegotationStrategy(org.springframework.web.accept.ContentNegotiationStrategy); nested exception is org.springframework.beans.factory.BeanCreationException: Error creating bean with name &apos;org.springframework.web.servlet.config.annotation.DelegatingWebMvcConfiguration&apos;: Injection of autowired dependencies failed; nested exception is org.springframework.beans.factory.BeanCreationException: Could not autowire method: public void org.springframework.web.servlet.config.annotation.DelegatingWebMvcConfiguration.setConfigurers(java.util.List); nested exception is org.springframework.beans.factory.BeanCreationException: Error creating bean with name &apos;org.springframework.boot.autoconfigure.web.WebMvcAutoConfiguration$WebMvcAutoConfigurationAdapter&apos;: Injection of autowired dependencies failed; nested exception is org.springframework.beans.factory.BeanCreationException: Could not autowire field: private org.springframework.boot.autoconfigure.web.HttpMessageConverters org.springframework.boot.autoconfigure.web.WebMvcAutoConfiguration$WebMvcAutoConfigurationAdapter.messageConverters; nested exception is org.springframework.beans.factory.BeanCreationException: Error creating bean with name &apos;org.springframework.boot.autoconfigure.web.HttpMessageConvertersAutoConfiguration&apos;: Injection of autowired dependencies failed; nested exception is org.springframework.beans.factory.BeanCreationException: Could not autowire field: private final java.util.List org.springframework.boot.autoconfigure.web.HttpMessageConvertersAutoConfiguration.converters; nested exception is org.springframework.beans.factory.BeanCreationException: Error creating bean with name &apos;jacksonHttpMessageConverter&apos; defined in class path resource [org/springframework/data/rest/webmvc/config/RepositoryRestMvcConfiguration.class]: Instantiation of bean failed; nested exception is org.springframework.beans.factory.BeanDefinitionStoreException: Factory method [public org.springframework.http.converter.json.MappingJackson2HttpMessageConverter org.springframework.data.rest.webmvc.config.RepositoryRestMvcConfiguration.jacksonHttpMessageConverter()] threw exception; nested exception is org.springframework.beans.factory.BeanCreationException: Error creating bean with name &apos;config&apos; defined in class path resource [org/springframework/data/rest/webmvc/config/RepositoryRestMvcConfiguration.class]: Instantiation of bean failed; nested exception is org.springframework.beans.factory.BeanDefinitionStoreException: Factory method [public org.springframework.data.rest.core.config.RepositoryRestConfiguration org.springframework.data.rest.webmvc.config.RepositoryRestMvcConfiguration.config()] threw exception; nested exception is org.springframework.beans.factory.BeanCreationException: Error creating bean with name &apos;repositories&apos; defined in class path resource [org/springframework/data/rest/webmvc/config/RepositoryRestMvcConfiguration.class]: Instantiation of bean failed; nested exception is org.springframework.beans.factory.BeanDefinitionStoreException: Factory method [public org.springframework.data.repository.support.Repositories org.springframework.data.rest.webmvc.config.RepositoryRestMvcConfiguration.repositories()] threw exception; nested exception is org.springframework.beans.factory.UnsatisfiedDependencyException: Error creating bean with name &apos;mongoDBEnvironmentRepositoryImpl&apos; defined in URL [jar:file:/C:/workspaces/denv/denv-server-mongodb/target/denv-server-mongodb-0.1.0.jar!/org/ssoup/denv/server/persistence/mongodb/repository/MongoDBEnvironmentRepositoryImpl.class]: Unsatisfied dependency expressed through constructor argument with index 1 of type [org.ssoup.denv.server.persistence.ApplicationConfigRepository]: : No qualifying bean of type [org.ssoup.denv.server.persistence.ApplicationConfigRepository] is defined: expected single matching bean but found 2: mongoDBImageRepository,mongoDBApplicationConfigRepository; nested exception is org.springframework.beans.factory.NoUniqueBeanDefinitionException: No qualifying bean of type [org.ssoup.denv.server.persistence.ApplicationConfigRepository] is defined: expected single matching bean but found 2: mongoDBImageRepository,mongoDBApplicationConfigRepository
	at org.springframework.beans.factory.annotation.AutowiredAnnotationBeanPostProcessor$AutowiredMethodElement.inject(AutowiredAnnotationBeanPostProcessor.java:596)
	at org.springframework.beans.factory.annotation.InjectionMetadata.inject(InjectionMetadata.java:87)
	at org.springframework.beans.factory.annotation.AutowiredAnnotationBeanPostProcessor.postProcessPropertyValues(AutowiredAnnotationBeanPostProcessor.java:289)
	... 31 common frames omitted
Caused by: org.springframework.beans.factory.BeanExpressionException: Expression parsing failed; nested exception is org.springframework.beans.factory.BeanCreationException: Error creating bean with name &apos;securityConfig&apos;: Injection of autowired dependencies failed; nested exception is org.springframework.beans.factory.BeanCreationException: Could not autowire method: public void org.springframework.security.config.annotation.web.configuration.WebSecurityConfigurerAdapter.setContentNegotationStrategy(org.springframework.web.accept.ContentNegotiationStrategy); nested exception is org.springframework.beans.factory.BeanCreationException: Error creating bean with name &apos;org.springframework.web.servlet.config.annotation.DelegatingWebMvcConfiguration&apos;: Injection of autowired dependencies failed; nested exception is org.springframework.beans.factory.BeanCreationException: Could not autowire method: public void org.springframework.web.servlet.config.annotation.DelegatingWebMvcConfiguration.setConfigurers(java.util.List); nested exception is org.springframework.beans.factory.BeanCreationException: Error creating bean with name &apos;org.springframework.boot.autoconfigure.web.WebMvcAutoConfiguration$WebMvcAutoConfigurationAdapter&apos;: Injection of autowired dependencies failed; nested exception is org.springframework.beans.factory.BeanCreationException: Could not autowire field: private org.springframework.boot.autoconfigure.web.HttpMessageConverters org.springframework.boot.autoconfigure.web.WebMvcAutoConfiguration$WebMvcAutoConfigurationAdapter.messageConverters; nested exception is org.springframework.beans.factory.BeanCreationException: Error creating bean with name &apos;org.springframework.boot.autoconfigure.web.HttpMessageConvertersAutoConfiguration&apos;: Injection of autowired dependencies failed; nested exception is org.springframework.beans.factory.BeanCreationException: Could not autowire field: private final java.util.List org.springframework.boot.autoconfigure.web.HttpMessageConvertersAutoConfiguration.converters; nested exception is org.springframework.beans.factory.BeanCreationException: Error creating bean with name &apos;jacksonHttpMessageConverter&apos; defined in class path resource [org/springframework/data/rest/webmvc/config/RepositoryRestMvcConfiguration.class]: Instantiation of bean failed; nested exception is org.springframework.beans.factory.BeanDefinitionStoreException: Factory method [public org.springframework.http.converter.json.MappingJackson2HttpMessageConverter org.springframework.data.rest.webmvc.config.RepositoryRestMvcConfiguration.jacksonHttpMessageConverter()] threw exception; nested exception is org.springframework.beans.factory.BeanCreationException: Error creating bean with name &apos;config&apos; defined in class path resource [org/springframework/data/rest/webmvc/config/RepositoryRestMvcConfiguration.class]: Instantiation of bean failed; nested exception is org.springframework.beans.factory.BeanDefinitionStoreException: Factory method [public org.springframework.data.rest.core.config.RepositoryRestConfiguration org.springframework.data.rest.webmvc.config.RepositoryRestMvcConfiguration.config()] threw exception; nested exception is org.springframework.beans.factory.BeanCreationException: Error creating bean with name &apos;repositories&apos; defined in class path resource [org/springframework/data/rest/webmvc/config/RepositoryRestMvcConfiguration.class]: Instantiation of bean failed; nested exception is org.springframework.beans.factory.BeanDefinitionStoreException: Factory method [public org.springframework.data.repository.support.Repositories org.springframework.data.rest.webmvc.config.RepositoryRestMvcConfiguration.repositories()] threw exception; nested exception is org.springframework.beans.factory.UnsatisfiedDependencyException: Error creating bean with name &apos;mongoDBEnvironmentRepositoryImpl&apos; defined in URL [jar:file:/C:/workspaces/denv/denv-server-mongodb/target/denv-server-mongodb-0.1.0.jar!/org/ssoup/denv/server/persistence/mongodb/repository/MongoDBEnvironmentRepositoryImpl.class]: Unsatisfied dependency expressed through constructor argument with index 1 of type [org.ssoup.denv.server.persistence.ApplicationConfigRepository]: : No qualifying bean of type [org.ssoup.denv.server.persistence.ApplicationConfigRepository] is defined: expected single matching bean but found 2: mongoDBImageRepository,mongoDBApplicationConfigRepository; nested exception is org.springframework.beans.factory.NoUniqueBeanDefinitionException: No qualifying bean of type [org.ssoup.denv.server.persistence.ApplicationConfigRepository] is defined: expected single matching bean but found 2: mongoDBImageRepository,mongoDBApplicationConfigRepository
	at org.springframework.context.expression.StandardBeanExpressionResolver.evaluate(StandardBeanExpressionResolver.java:146)
	at org.springframework.beans.factory.support.AbstractBeanFactory.evaluateBeanDefinitionString(AbstractBeanFactory.java:1362)
	at org.springframework.beans.factory.support.DefaultListableBeanFactory.doResolveDependency(DefaultListableBeanFactory.java:873)
	at org.springframework.beans.factory.support.DefaultListableBeanFactory.resolveDependency(DefaultListableBeanFactory.java:858)
	at org.springframework.beans.factory.annotation.AutowiredAnnotationBeanPostProcessor$AutowiredMethodElement.inject(AutowiredAnnotationBeanPostProcessor.java:553)
	... 33 common frames omitted
Caused by: org.springframework.beans.factory.BeanCreationException: Error creating bean with name &apos;securityConfig&apos;: Injection of autowired dependencies failed; nested exception is org.springframework.beans.factory.BeanCreationException: Could not autowire method: public void org.springframework.security.config.annotation.web.configuration.WebSecurityConfigurerAdapter.setContentNegotationStrategy(org.springframework.web.accept.ContentNegotiationStrategy); nested exception is org.springframework.beans.factory.BeanCreationException: Error creating bean with name &apos;org.springframework.web.servlet.config.annotation.DelegatingWebMvcConfiguration&apos;: Injection of autowired dependencies failed; nested exception is org.springframework.beans.factory.BeanCreationException: Could not autowire method: public void org.springframework.web.servlet.config.annotation.DelegatingWebMvcConfiguration.setConfigurers(java.util.List); nested exception is org.springframework.beans.factory.BeanCreationException: Error creating bean with name &apos;org.springframework.boot.autoconfigure.web.WebMvcAutoConfiguration$WebMvcAutoConfigurationAdapter&apos;: Injection of autowired dependencies failed; nested exception is org.springframework.beans.factory.BeanCreationException: Could not autowire field: private org.springframework.boot.autoconfigure.web.HttpMessageConverters org.springframework.boot.autoconfigure.web.WebMvcAutoConfiguration$WebMvcAutoConfigurationAdapter.messageConverters; nested exception is org.springframework.beans.factory.BeanCreationException: Error creating bean with name &apos;org.springframework.boot.autoconfigure.web.HttpMessageConvertersAutoConfiguration&apos;: Injection of autowired dependencies failed; nested exception is org.springframework.beans.factory.BeanCreationException: Could not autowire field: private final java.util.List org.springframework.boot.autoconfigure.web.HttpMessageConvertersAutoConfiguration.converters; nested exception is org.springframework.beans.factory.BeanCreationException: Error creating bean with name &apos;jacksonHttpMessageConverter&apos; defined in class path resource [org/springframework/data/rest/webmvc/config/RepositoryRestMvcConfiguration.class]: Instantiation of bean failed; nested exception is org.springframework.beans.factory.BeanDefinitionStoreException: Factory method [public org.springframework.http.converter.json.MappingJackson2HttpMessageConverter org.springframework.data.rest.webmvc.config.RepositoryRestMvcConfiguration.jacksonHttpMessageConverter()] threw exception; nested exception is org.springframework.beans.factory.BeanCreationException: Error creating bean with name &apos;config&apos; defined in class path resource [org/springframework/data/rest/webmvc/config/RepositoryRestMvcConfiguration.class]: Instantiation of bean failed; nested exception is org.springframework.beans.factory.BeanDefinitionStoreException: Factory method [public org.springframework.data.rest.core.config.RepositoryRestConfiguration org.springframework.data.rest.webmvc.config.RepositoryRestMvcConfiguration.config()] threw exception; nested exception is org.springframework.beans.factory.BeanCreationException: Error creating bean with name &apos;repositories&apos; defined in class path resource [org/springframework/data/rest/webmvc/config/RepositoryRestMvcConfiguration.class]: Instantiation of bean failed; nested exception is org.springframework.beans.factory.BeanDefinitionStoreException: Factory method [public org.springframework.data.repository.support.Repositories org.springframework.data.rest.webmvc.config.RepositoryRestMvcConfiguration.repositories()] threw exception; nested exception is org.springframework.beans.factory.UnsatisfiedDependencyException: Error creating bean with name &apos;mongoDBEnvironmentRepositoryImpl&apos; defined in URL [jar:file:/C:/workspaces/denv/denv-server-mongodb/target/denv-server-mongodb-0.1.0.jar!/org/ssoup/denv/server/persistence/mongodb/repository/MongoDBEnvironmentRepositoryImpl.class]: Unsatisfied dependency expressed through constructor argument with index 1 of type [org.ssoup.denv.server.persistence.ApplicationConfigRepository]: : No qualifying bean of type [org.ssoup.denv.server.persistence.ApplicationConfigRepository] is defined: expected single matching bean but found 2: mongoDBImageRepository,mongoDBApplicationConfigRepository; nested exception is org.springframework.beans.factory.NoUniqueBeanDefinitionException: No qualifying bean of type [org.ssoup.denv.server.persistence.ApplicationConfigRepository] is defined: expected single matching bean but found 2: mongoDBImageRepository,mongoDBApplicationConfigRepository
	at org.springframework.beans.factory.annotation.AutowiredAnnotationBeanPostProcessor.postProcessPropertyValues(AutowiredAnnotationBeanPostProcessor.java:292)
	at org.springframework.beans.factory.support.AbstractAutowireCapableBeanFactory.populateBean(AbstractAutowireCapableBeanFactory.java:1185)
	at org.springframework.beans.factory.support.AbstractAutowireCapableBeanFactory.doCreateBean(AbstractAutowireCapableBeanFactory.java:537)
	at org.springframework.beans.factory.support.AbstractAutowireCapableBeanFactory.createBean(AbstractAutowireCapableBeanFactory.java:475)
	at org.springframework.beans.factory.support.AbstractBeanFactory$1.getObject(AbstractBeanFactory.java:302)
	at org.springframework.beans.factory.support.DefaultSingletonBeanRegistry.getSingleton(DefaultSingletonBeanRegistry.java:228)
	at org.springframework.beans.factory.support.AbstractBeanFactory.doGetBean(AbstractBeanFactory.java:298)
	at org.springframework.beans.factory.support.AbstractBeanFactory.getBean(AbstractBeanFactory.java:198)
	at org.springframework.beans.factory.support.DefaultListableBeanFactory.getBeansOfType(DefaultListableBeanFactory.java:470)
	at org.springframework.beans.factory.support.DefaultListableBeanFactory.getBeansOfType(DefaultListableBeanFactory.java:459)
	at org.springframework.security.config.annotation.web.configuration.AutowiredWebSecurityConfigurersIgnoreParents.getWebSecurityConfigurers(AutowiredWebSecurityConfigurersIgnoreParents.java:52)
	at sun.reflect.NativeMethodAccessorImpl.invoke0(Native Method)
	at sun.reflect.NativeMethodAccessorImpl.invoke(NativeMethodAccessorImpl.java:39)
	at sun.reflect.DelegatingMethodAccessorImpl.invoke(DelegatingMethodAccessorImpl.java:25)
	at java.lang.reflect.Method.invoke(Method.java:597)
	at org.springframework.expression.spel.support.ReflectiveMethodExecutor.execute(ReflectiveMethodExecutor.java:63)
	at org.springframework.expression.spel.ast.MethodReference.getValueInternal(MethodReference.java:122)
	at org.springframework.expression.spel.ast.MethodReference.access$000(MethodReference.java:44)
	at org.springframework.expression.spel.ast.MethodReference$MethodValueRef.getValue(MethodReference.java:258)
	at org.springframework.expression.spel.ast.CompoundExpression.getValueInternal(CompoundExpression.java:84)
	at org.springframework.expression.spel.ast.SpelNodeImpl.getValue(SpelNodeImpl.java:103)
	at org.springframework.expression.spel.standard.SpelExpression.getValue(SpelExpression.java:94)
	at org.springframework.context.expression.StandardBeanExpressionResolver.evaluate(StandardBeanExpressionResolver.java:143)
	... 37 common frames omitted
Caused by: org.springframework.beans.factory.BeanCreationException: Could not autowire method: public void org.springframework.security.config.annotation.web.configuration.WebSecurityConfigurerAdapter.setContentNegotationStrategy(org.springframework.web.accept.ContentNegotiationStrategy); nested exception is org.springframework.beans.factory.BeanCreationException: Error creating bean with name &apos;org.springframework.web.servlet.config.annotation.DelegatingWebMvcConfiguration&apos;: Injection of autowired dependencies failed; nested exception is org.springframework.beans.factory.BeanCreationException: Could not autowire method: public void org.springframework.web.servlet.config.annotation.DelegatingWebMvcConfiguration.setConfigurers(java.util.List); nested exception is org.springframework.beans.factory.BeanCreationException: Error creating bean with name &apos;org.springframework.boot.autoconfigure.web.WebMvcAutoConfiguration$WebMvcAutoConfigurationAdapter&apos;: Injection of autowired dependencies failed; nested exception is org.springframework.beans.factory.BeanCreationException: Could not autowire field: private org.springframework.boot.autoconfigure.web.HttpMessageConverters org.springframework.boot.autoconfigure.web.WebMvcAutoConfiguration$WebMvcAutoConfigurationAdapter.messageConverters; nested exception is org.springframework.beans.factory.BeanCreationException: Error creating bean with name &apos;org.springframework.boot.autoconfigure.web.HttpMessageConvertersAutoConfiguration&apos;: Injection of autowired dependencies failed; nested exception is org.springframework.beans.factory.BeanCreationException: Could not autowire field: private final java.util.List org.springframework.boot.autoconfigure.web.HttpMessageConvertersAutoConfiguration.converters; nested exception is org.springframework.beans.factory.BeanCreationException: Error creating bean with name &apos;jacksonHttpMessageConverter&apos; defined in class path resource [org/springframework/data/rest/webmvc/config/RepositoryRestMvcConfiguration.class]: Instantiation of bean failed; nested exception is org.springframework.beans.factory.BeanDefinitionStoreException: Factory method [public org.springframework.http.converter.json.MappingJackson2HttpMessageConverter org.springframework.data.rest.webmvc.config.RepositoryRestMvcConfiguration.jacksonHttpMessageConverter()] threw exception; nested exception is org.springframework.beans.factory.BeanCreationException: Error creating bean with name &apos;config&apos; defined in class path resource [org/springframework/data/rest/webmvc/config/RepositoryRestMvcConfiguration.class]: Instantiation of bean failed; nested exception is org.springframework.beans.factory.BeanDefinitionStoreException: Factory method [public org.springframework.data.rest.core.config.RepositoryRestConfiguration org.springframework.data.rest.webmvc.config.RepositoryRestMvcConfiguration.config()] threw exception; nested exception is org.springframework.beans.factory.BeanCreationException: Error creating bean with name &apos;repositories&apos; defined in class path resource [org/springframework/data/rest/webmvc/config/RepositoryRestMvcConfiguration.class]: Instantiation of bean failed; nested exception is org.springframework.beans.factory.BeanDefinitionStoreException: Factory method [public org.springframework.data.repository.support.Repositories org.springframework.data.rest.webmvc.config.RepositoryRestMvcConfiguration.repositories()] threw exception; nested exception is org.springframework.beans.factory.UnsatisfiedDependencyException: Error creating bean with name &apos;mongoDBEnvironmentRepositoryImpl&apos; defined in URL [jar:file:/C:/workspaces/denv/denv-server-mongodb/target/denv-server-mongodb-0.1.0.jar!/org/ssoup/denv/server/persistence/mongodb/repository/MongoDBEnvironmentRepositoryImpl.class]: Unsatisfied dependency expressed through constructor argument with index 1 of type [org.ssoup.denv.server.persistence.ApplicationConfigRepository]: : No qualifying bean of type [org.ssoup.denv.server.persistence.ApplicationConfigRepository] is defined: expected single matching bean but found 2: mongoDBImageRepository,mongoDBApplicationConfigRepository; nested exception is org.springframework.beans.factory.NoUniqueBeanDefinitionException: No qualifying bean of type [org.ssoup.denv.server.persistence.ApplicationConfigRepository] is defined: expected single matching bean but found 2: mongoDBImageRepository,mongoDBApplicationConfigRepository
	at org.springframework.beans.factory.annotation.AutowiredAnnotationBeanPostProcessor$AutowiredMethodElement.inject(AutowiredAnnotationBeanPostProcessor.java:596)
	at org.springframework.beans.factory.annotation.InjectionMetadata.inject(InjectionMetadata.java:87)
	at org.springframework.beans.factory.annotation.AutowiredAnnotationBeanPostProcessor.postProcessPropertyValues(AutowiredAnnotationBeanPostProcessor.java:289)
	... 59 common frames omitted
Caused by: org.springframework.beans.factory.BeanCreationException: Error creating bean with name &apos;org.springframework.web.servlet.config.annotation.DelegatingWebMvcConfiguration&apos;: Injection of autowired dependencies failed; nested exception is org.springframework.beans.factory.BeanCreationException: Could not autowire method: public void org.springframework.web.servlet.config.annotation.DelegatingWebMvcConfiguration.setConfigurers(java.util.List); nested exception is org.springframework.beans.factory.BeanCreationException: Error creating bean with name &apos;org.springframework.boot.autoconfigure.web.WebMvcAutoConfiguration$WebMvcAutoConfigurationAdapter&apos;: Injection of autowired dependencies failed; nested exception is org.springframework.beans.factory.BeanCreationException: Could not autowire field: private org.springframework.boot.autoconfigure.web.HttpMessageConverters org.springframework.boot.autoconfigure.web.WebMvcAutoConfiguration$WebMvcAutoConfigurationAdapter.messageConverters; nested exception is org.springframework.beans.factory.BeanCreationException: Error creating bean with name &apos;org.springframework.boot.autoconfigure.web.HttpMessageConvertersAutoConfiguration&apos;: Injection of autowired dependencies failed; nested exception is org.springframework.beans.factory.BeanCreationException: Could not autowire field: private final java.util.List org.springframework.boot.autoconfigure.web.HttpMessageConvertersAutoConfiguration.converters; nested exception is org.springframework.beans.factory.BeanCreationException: Error creating bean with name &apos;jacksonHttpMessageConverter&apos; defined in class path resource [org/springframework/data/rest/webmvc/config/RepositoryRestMvcConfiguration.class]: Instantiation of bean failed; nested exception is org.springframework.beans.factory.BeanDefinitionStoreException: Factory method [public org.springframework.http.converter.json.MappingJackson2HttpMessageConverter org.springframework.data.rest.webmvc.config.RepositoryRestMvcConfiguration.jacksonHttpMessageConverter()] threw exception; nested exception is org.springframework.beans.factory.BeanCreationException: Error creating bean with name &apos;config&apos; defined in class path resource [org/springframework/data/rest/webmvc/config/RepositoryRestMvcConfiguration.class]: Instantiation of bean failed; nested exception is org.springframework.beans.factory.BeanDefinitionStoreException: Factory method [public org.springframework.data.rest.core.config.RepositoryRestConfiguration org.springframework.data.rest.webmvc.config.RepositoryRestMvcConfiguration.config()] threw exception; nested exception is org.springframework.beans.factory.BeanCreationException: Error creating bean with name &apos;repositories&apos; defined in class path resource [org/springframework/data/rest/webmvc/config/RepositoryRestMvcConfiguration.class]: Instantiation of bean failed; nested exception is org.springframework.beans.factory.BeanDefinitionStoreException: Factory method [public org.springframework.data.repository.support.Repositories org.springframework.data.rest.webmvc.config.RepositoryRestMvcConfiguration.repositories()] threw exception; nested exception is org.springframework.beans.factory.UnsatisfiedDependencyException: Error creating bean with name &apos;mongoDBEnvironmentRepositoryImpl&apos; defined in URL [jar:file:/C:/workspaces/denv/denv-server-mongodb/target/denv-server-mongodb-0.1.0.jar!/org/ssoup/denv/server/persistence/mongodb/repository/MongoDBEnvironmentRepositoryImpl.class]: Unsatisfied dependency expressed through constructor argument with index 1 of type [org.ssoup.denv.server.persistence.ApplicationConfigRepository]: : No qualifying bean of type [org.ssoup.denv.server.persistence.ApplicationConfigRepository] is defined: expected single matching bean but found 2: mongoDBImageRepository,mongoDBApplicationConfigRepository; nested exception is org.springframework.beans.factory.NoUniqueBeanDefinitionException: No qualifying bean of type [org.ssoup.denv.server.persistence.ApplicationConfigRepository] is defined: expected single matching bean but found 2: mongoDBImageRepository,mongoDBApplicationConfigRepository
	at org.springframework.beans.factory.annotation.AutowiredAnnotationBeanPostProcessor.postProcessPropertyValues(AutowiredAnnotationBeanPostProcessor.java:292)
	at org.springframework.beans.factory.support.AbstractAutowireCapableBeanFactory.populateBean(AbstractAutowireCapableBeanFactory.java:1185)
	at org.springframework.beans.factory.support.AbstractAutowireCapableBeanFactory.doCreateBean(AbstractAutowireCapableBeanFactory.java:537)
	at org.springframework.beans.factory.support.AbstractAutowireCapableBeanFactory.createBean(AbstractAutowireCapableBeanFactory.java:475)
	at org.springframework.beans.factory.support.AbstractBeanFactory$1.getObject(AbstractBeanFactory.java:302)
	at org.springframework.beans.factory.support.DefaultSingletonBeanRegistry.getSingleton(DefaultSingletonBeanRegistry.java:228)
	at org.springframework.beans.factory.support.AbstractBeanFactory.doGetBean(AbstractBeanFactory.java:298)
	at org.springframework.beans.factory.support.AbstractBeanFactory.getBean(AbstractBeanFactory.java:193)
	at org.springframework.beans.factory.support.ConstructorResolver.instantiateUsingFactoryMethod(ConstructorResolver.java:370)
	at org.springframework.beans.factory.support.AbstractAutowireCapableBeanFactory.instantiateUsingFactoryMethod(AbstractAutowireCapableBeanFactory.java:1094)
	at org.springframework.beans.factory.support.AbstractAutowireCapableBeanFactory.createBeanInstance(AbstractAutowireCapableBeanFactory.java:989)
	at org.springframework.beans.factory.support.AbstractAutowireCapableBeanFactory.doCreateBean(AbstractAutowireCapableBeanFactory.java:504)
	at org.springframework.beans.factory.support.AbstractAutowireCapableBeanFactory.createBean(AbstractAutowireCapableBeanFactory.java:475)
	at org.springframework.beans.factory.support.AbstractBeanFactory$1.getObject(AbstractBeanFactory.java:302)
	at org.springframework.beans.factory.support.DefaultSingletonBeanRegistry.getSingleton(DefaultSingletonBeanRegistry.java:228)
	at org.springframework.beans.factory.support.AbstractBeanFactory.doGetBean(AbstractBeanFactory.java:298)
	at org.springframework.beans.factory.support.AbstractBeanFactory.getBean(AbstractBeanFactory.java:193)
	at org.springframework.beans.factory.support.DefaultListableBeanFactory.findAutowireCandidates(DefaultListableBeanFactory.java:1017)
	at org.springframework.beans.factory.support.DefaultListableBeanFactory.doResolveDependency(DefaultListableBeanFactory.java:960)
	at org.springframework.beans.factory.support.DefaultListableBeanFactory.resolveDependency(DefaultListableBeanFactory.java:858)
	at org.springframework.beans.factory.annotation.AutowiredAnnotationBeanPostProcessor$AutowiredMethodElement.inject(AutowiredAnnotationBeanPostProcessor.java:553)
	... 61 common frames omitted
Caused by: org.springframework.beans.factory.BeanCreationException: Could not autowire method: public void org.springframework.web.servlet.config.annotation.DelegatingWebMvcConfiguration.setConfigurers(java.util.List); nested exception is org.springframework.beans.factory.BeanCreationException: Error creating bean with name &apos;org.springframework.boot.autoconfigure.web.WebMvcAutoConfiguration$WebMvcAutoConfigurationAdapter&apos;: Injection of autowired dependencies failed; nested exception is org.springframework.beans.factory.BeanCreationException: Could not autowire field: private org.springframework.boot.autoconfigure.web.HttpMessageConverters org.springframework.boot.autoconfigure.web.WebMvcAutoConfiguration$WebMvcAutoConfigurationAdapter.messageConverters; nested exception is org.springframework.beans.factory.BeanCreationException: Error creating bean with name &apos;org.springframework.boot.autoconfigure.web.HttpMessageConvertersAutoConfiguration&apos;: Injection of autowired dependencies failed; nested exception is org.springframework.beans.factory.BeanCreationException: Could not autowire field: private final java.util.List org.springframework.boot.autoconfigure.web.HttpMessageConvertersAutoConfiguration.converters; nested exception is org.springframework.beans.factory.BeanCreationException: Error creating bean with name &apos;jacksonHttpMessageConverter&apos; defined in class path resource [org/springframework/data/rest/webmvc/config/RepositoryRestMvcConfiguration.class]: Instantiation of bean failed; nested exception is org.springframework.beans.factory.BeanDefinitionStoreException: Factory method [public org.springframework.http.converter.json.MappingJackson2HttpMessageConverter org.springframework.data.rest.webmvc.config.RepositoryRestMvcConfiguration.jacksonHttpMessageConverter()] threw exception; nested exception is org.springframework.beans.factory.BeanCreationException: Error creating bean with name &apos;config&apos; defined in class path resource [org/springframework/data/rest/webmvc/config/RepositoryRestMvcConfiguration.class]: Instantiation of bean failed; nested exception is org.springframework.beans.factory.BeanDefinitionStoreException: Factory method [public org.springframework.data.rest.core.config.RepositoryRestConfiguration org.springframework.data.rest.webmvc.config.RepositoryRestMvcConfiguration.config()] threw exception; nested exception is org.springframework.beans.factory.BeanCreationException: Error creating bean with name &apos;repositories&apos; defined in class path resource [org/springframework/data/rest/webmvc/config/RepositoryRestMvcConfiguration.class]: Instantiation of bean failed; nested exception is org.springframework.beans.factory.BeanDefinitionStoreException: Factory method [public org.springframework.data.repository.support.Repositories org.springframework.data.rest.webmvc.config.RepositoryRestMvcConfiguration.repositories()] threw exception; nested exception is org.springframework.beans.factory.UnsatisfiedDependencyException: Error creating bean with name &apos;mongoDBEnvironmentRepositoryImpl&apos; defined in URL [jar:file:/C:/workspaces/denv/denv-server-mongodb/target/denv-server-mongodb-0.1.0.jar!/org/ssoup/denv/server/persistence/mongodb/repository/MongoDBEnvironmentRepositoryImpl.class]: Unsatisfied dependency expressed through constructor argument with index 1 of type [org.ssoup.denv.server.persistence.ApplicationConfigRepository]: : No qualifying bean of type [org.ssoup.denv.server.persistence.ApplicationConfigRepository] is defined: expected single matching bean but found 2: mongoDBImageRepository,mongoDBApplicationConfigRepository; nested exception is org.springframework.beans.factory.NoUniqueBeanDefinitionException: No qualifying bean of type [org.ssoup.denv.server.persistence.ApplicationConfigRepository] is defined: expected single matching bean but found 2: mongoDBImageRepository,mongoDBApplicationConfigRepository
	at org.springframework.beans.factory.annotation.AutowiredAnnotationBeanPostProcessor$AutowiredMethodElement.inject(AutowiredAnnotationBeanPostProcessor.java:596)
	at org.springframework.beans.factory.annotation.InjectionMetadata.inject(InjectionMetadata.java:87)
	at org.springframework.beans.factory.annotation.AutowiredAnnotationBeanPostProcessor.postProcessPropertyValues(AutowiredAnnotationBeanPostProcessor.java:289)
	... 81 common frames omitted
Caused by: org.springframework.beans.factory.BeanCreationException: Error creating bean with name &apos;org.springframework.boot.autoconfigure.web.WebMvcAutoConfiguration$WebMvcAutoConfigurationAdapter&apos;: Injection of autowired dependencies failed; nested exception is org.springframework.beans.factory.BeanCreationException: Could not autowire field: private org.springframework.boot.autoconfigure.web.HttpMessageConverters org.springframework.boot.autoconfigure.web.WebMvcAutoConfiguration$WebMvcAutoConfigurationAdapter.messageConverters; nested exception is org.springframework.beans.factory.BeanCreationException: Error creating bean with name &apos;org.springframework.boot.autoconfigure.web.HttpMessageConvertersAutoConfiguration&apos;: Injection of autowired dependencies failed; nested exception is org.springframework.beans.factory.BeanCreationException: Could not autowire field: private final java.util.List org.springframework.boot.autoconfigure.web.HttpMessageConvertersAutoConfiguration.converters; nested exception is org.springframework.beans.factory.BeanCreationException: Error creating bean with name &apos;jacksonHttpMessageConverter&apos; defined in class path resource [org/springframework/data/rest/webmvc/config/RepositoryRestMvcConfiguration.class]: Instantiation of bean failed; nested exception is org.springframework.beans.factory.BeanDefinitionStoreException: Factory method [public org.springframework.http.converter.json.MappingJackson2HttpMessageConverter org.springframework.data.rest.webmvc.config.RepositoryRestMvcConfiguration.jacksonHttpMessageConverter()] threw exception; nested exception is org.springframework.beans.factory.BeanCreationException: Error creating bean with name &apos;config&apos; defined in class path resource [org/springframework/data/rest/webmvc/config/RepositoryRestMvcConfiguration.class]: Instantiation of bean failed; nested exception is org.springframework.beans.factory.BeanDefinitionStoreException: Factory method [public org.springframework.data.rest.core.config.RepositoryRestConfiguration org.springframework.data.rest.webmvc.config.RepositoryRestMvcConfiguration.config()] threw exception; nested exception is org.springframework.beans.factory.BeanCreationException: Error creating bean with name &apos;repositories&apos; defined in class path resource [org/springframework/data/rest/webmvc/config/RepositoryRestMvcConfiguration.class]: Instantiation of bean failed; nested exception is org.springframework.beans.factory.BeanDefinitionStoreException: Factory method [public org.springframework.data.repository.support.Repositories org.springframework.data.rest.webmvc.config.RepositoryRestMvcConfiguration.repositories()] threw exception; nested exception is org.springframework.beans.factory.UnsatisfiedDependencyException: Error creating bean with name &apos;mongoDBEnvironmentRepositoryImpl&apos; defined in URL [jar:file:/C:/workspaces/denv/denv-server-mongodb/target/denv-server-mongodb-0.1.0.jar!/org/ssoup/denv/server/persistence/mongodb/repository/MongoDBEnvironmentRepositoryImpl.class]: Unsatisfied dependency expressed through constructor argument with index 1 of type [org.ssoup.denv.server.persistence.ApplicationConfigRepository]: : No qualifying bean of type [org.ssoup.denv.server.persistence.ApplicationConfigRepository] is defined: expected single matching bean but found 2: mongoDBImageRepository,mongoDBApplicationConfigRepository; nested exception is org.springframework.beans.factory.NoUniqueBeanDefinitionException: No qualifying bean of type [org.ssoup.denv.server.persistence.ApplicationConfigRepository] is defined: expected single matching bean but found 2: mongoDBImageRepository,mongoDBApplicationConfigRepository
	at org.springframework.beans.factory.annotation.AutowiredAnnotationBeanPostProcessor.postProcessPropertyValues(AutowiredAnnotationBeanPostProcessor.java:292)
	at org.springframework.beans.factory.support.AbstractAutowireCapableBeanFactory.populateBean(AbstractAutowireCapableBeanFactory.java:1185)
	at org.springframework.beans.factory.support.AbstractAutowireCapableBeanFactory.doCreateBean(AbstractAutowireCapableBeanFactory.java:537)
	at org.springframework.beans.factory.support.AbstractAutowireCapableBeanFactory.createBean(AbstractAutowireCapableBeanFactory.java:475)
	at org.springframework.beans.factory.support.AbstractBeanFactory$1.getObject(AbstractBeanFactory.java:302)
	at org.springframework.beans.factory.support.DefaultSingletonBeanRegistry.getSingleton(DefaultSingletonBeanRegistry.java:228)
	at org.springframework.beans.factory.support.AbstractBeanFactory.doGetBean(AbstractBeanFactory.java:298)
	at org.springframework.beans.factory.support.AbstractBeanFactory.getBean(AbstractBeanFactory.java:193)
	at org.springframework.beans.factory.support.DefaultListableBeanFactory.findAutowireCandidates(DefaultListableBeanFactory.java:1017)
	at org.springframework.beans.factory.support.DefaultListableBeanFactory.doResolveDependency(DefaultListableBeanFactory.java:912)
	at org.springframework.beans.factory.support.DefaultListableBeanFactory.resolveDependency(DefaultListableBeanFactory.java:858)
	at org.springframework.beans.factory.annotation.AutowiredAnnotationBeanPostProcessor$AutowiredMethodElement.inject(AutowiredAnnotationBeanPostProcessor.java:553)
	... 83 common frames omitted
Caused by: org.springframework.beans.factory.BeanCreationException: Could not autowire field: private org.springframework.boot.autoconfigure.web.HttpMessageConverters org.springframework.boot.autoconfigure.web.WebMvcAutoConfiguration$WebMvcAutoConfigurationAdapter.messageConverters; nested exception is org.springframework.beans.factory.BeanCreationException: Error creating bean with name &apos;org.springframework.boot.autoconfigure.web.HttpMessageConvertersAutoConfiguration&apos;: Injection of autowired dependencies failed; nested exception is org.springframework.beans.factory.BeanCreationException: Could not autowire field: private final java.util.List org.springframework.boot.autoconfigure.web.HttpMessageConvertersAutoConfiguration.converters; nested exception is org.springframework.beans.factory.BeanCreationException: Error creating bean with name &apos;jacksonHttpMessageConverter&apos; defined in class path resource [org/springframework/data/rest/webmvc/config/RepositoryRestMvcConfiguration.class]: Instantiation of bean failed; nested exception is org.springframework.beans.factory.BeanDefinitionStoreException: Factory method [public org.springframework.http.converter.json.MappingJackson2HttpMessageConverter org.springframework.data.rest.webmvc.config.RepositoryRestMvcConfiguration.jacksonHttpMessageConverter()] threw exception; nested exception is org.springframework.beans.factory.BeanCreationException: Error creating bean with name &apos;config&apos; defined in class path resource [org/springframework/data/rest/webmvc/config/RepositoryRestMvcConfiguration.class]: Instantiation of bean failed; nested exception is org.springframework.beans.factory.BeanDefinitionStoreException: Factory method [public org.springframework.data.rest.core.config.RepositoryRestConfiguration org.springframework.data.rest.webmvc.config.RepositoryRestMvcConfiguration.config()] threw exception; nested exception is org.springframework.beans.factory.BeanCreationException: Error creating bean with name &apos;repositories&apos; defined in class path resource [org/springframework/data/rest/webmvc/config/RepositoryRestMvcConfiguration.class]: Instantiation of bean failed; nested exception is org.springframework.beans.factory.BeanDefinitionStoreException: Factory method [public org.springframework.data.repository.support.Repositories org.springframework.data.rest.webmvc.config.RepositoryRestMvcConfiguration.repositories()] threw exception; nested exception is org.springframework.beans.factory.UnsatisfiedDependencyException: Error creating bean with name &apos;mongoDBEnvironmentRepositoryImpl&apos; defined in URL [jar:file:/C:/workspaces/denv/denv-server-mongodb/target/denv-server-mongodb-0.1.0.jar!/org/ssoup/denv/server/persistence/mongodb/repository/MongoDBEnvironmentRepositoryImpl.class]: Unsatisfied dependency expressed through constructor argument with index 1 of type [org.ssoup.denv.server.persistence.ApplicationConfigRepository]: : No qualifying bean of type [org.ssoup.denv.server.persistence.ApplicationConfigRepository] is defined: expected single matching bean but found 2: mongoDBImageRepository,mongoDBApplicationConfigRepository; nested exception is org.springframework.beans.factory.NoUniqueBeanDefinitionException: No qualifying bean of type [org.ssoup.denv.server.persistence.ApplicationConfigRepository] is defined: expected single matching bean but found 2: mongoDBImageRepository,mongoDBApplicationConfigRepository
	at org.springframework.beans.factory.annotation.AutowiredAnnotationBeanPostProcessor$AutowiredFieldElement.inject(AutowiredAnnotationBeanPostProcessor.java:508)
	at org.springframework.beans.factory.annotation.InjectionMetadata.inject(InjectionMetadata.java:87)
	at org.springframework.beans.factory.annotation.AutowiredAnnotationBeanPostProcessor.postProcessPropertyValues(AutowiredAnnotationBeanPostProcessor.java:289)
	... 94 common frames omitted
Caused by: org.springframework.beans.factory.BeanCreationException: Error creating bean with name &apos;org.springframework.boot.autoconfigure.web.HttpMessageConvertersAutoConfiguration&apos;: Injection of autowired dependencies failed; nested exception is org.springframework.beans.factory.BeanCreationException: Could not autowire field: private final java.util.List org.springframework.boot.autoconfigure.web.HttpMessageConvertersAutoConfiguration.converters; nested exception is org.springframework.beans.factory.BeanCreationException: Error creating bean with name &apos;jacksonHttpMessageConverter&apos; defined in class path resource [org/springframework/data/rest/webmvc/config/RepositoryRestMvcConfiguration.class]: Instantiation of bean failed; nested exception is org.springframework.beans.factory.BeanDefinitionStoreException: Factory method [public org.springframework.http.converter.json.MappingJackson2HttpMessageConverter org.springframework.data.rest.webmvc.config.RepositoryRestMvcConfiguration.jacksonHttpMessageConverter()] threw exception; nested exception is org.springframework.beans.factory.BeanCreationException: Error creating bean with name &apos;config&apos; defined in class path resource [org/springframework/data/rest/webmvc/config/RepositoryRestMvcConfiguration.class]: Instantiation of bean failed; nested exception is org.springframework.beans.factory.BeanDefinitionStoreException: Factory method [public org.springframework.data.rest.core.config.RepositoryRestConfiguration org.springframework.data.rest.webmvc.config.RepositoryRestMvcConfiguration.config()] threw exception; nested exception is org.springframework.beans.factory.BeanCreationException: Error creating bean with name &apos;repositories&apos; defined in class path resource [org/springframework/data/rest/webmvc/config/RepositoryRestMvcConfiguration.class]: Instantiation of bean failed; nested exception is org.springframework.beans.factory.BeanDefinitionStoreException: Factory method [public org.springframework.data.repository.support.Repositories org.springframework.data.rest.webmvc.config.RepositoryRestMvcConfiguration.repositories()] threw exception; nested exception is org.springframework.beans.factory.UnsatisfiedDependencyException: Error creating bean with name &apos;mongoDBEnvironmentRepositoryImpl&apos; defined in URL [jar:file:/C:/workspaces/denv/denv-server-mongodb/target/denv-server-mongodb-0.1.0.jar!/org/ssoup/denv/server/persistence/mongodb/repository/MongoDBEnvironmentRepositoryImpl.class]: Unsatisfied dependency expressed through constructor argument with index 1 of type [org.ssoup.denv.server.persistence.ApplicationConfigRepository]: : No qualifying bean of type [org.ssoup.denv.server.persistence.ApplicationConfigRepository] is defined: expected single matching bean but found 2: mongoDBImageRepository,mongoDBApplicationConfigRepository; nested exception is org.springframework.beans.factory.NoUniqueBeanDefinitionException: No qualifying bean of type [org.ssoup.denv.server.persistence.ApplicationConfigRepository] is defined: expected single matching bean but found 2: mongoDBImageRepository,mongoDBApplicationConfigRepository
	at org.springframework.beans.factory.annotation.AutowiredAnnotationBeanPostProcessor.postProcessPropertyValues(AutowiredAnnotationBeanPostProcessor.java:292)
	at org.springframework.beans.factory.support.AbstractAutowireCapableBeanFactory.populateBean(AbstractAutowireCapableBeanFactory.java:1185)
	at org.springframework.beans.factory.support.AbstractAutowireCapableBeanFactory.doCreateBean(AbstractAutowireCapableBeanFactory.java:537)
	at org.springframework.beans.factory.support.AbstractAutowireCapableBeanFactory.createBean(AbstractAutowireCapableBeanFactory.java:475)
	at org.springframework.beans.factory.support.AbstractBeanFactory$1.getObject(AbstractBeanFactory.java:302)
	at org.springframework.beans.factory.support.DefaultSingletonBeanRegistry.getSingleton(DefaultSingletonBeanRegistry.java:228)
	at org.springframework.beans.factory.support.AbstractBeanFactory.doGetBean(AbstractBeanFactory.java:298)
	at org.springframework.beans.factory.support.AbstractBeanFactory.getBean(AbstractBeanFactory.java:193)
	at org.springframework.beans.factory.support.ConstructorResolver.instantiateUsingFactoryMethod(ConstructorResolver.java:370)
	at org.springframework.beans.factory.support.AbstractAutowireCapableBeanFactory.instantiateUsingFactoryMethod(AbstractAutowireCapableBeanFactory.java:1094)
	at org.springframework.beans.factory.support.AbstractAutowireCapableBeanFactory.createBeanInstance(AbstractAutowireCapableBeanFactory.java:989)
	at org.springframework.beans.factory.support.AbstractAutowireCapableBeanFactory.doCreateBean(AbstractAutowireCapableBeanFactory.java:504)
	at org.springframework.beans.factory.support.AbstractAutowireCapableBeanFactory.createBean(AbstractAutowireCapableBeanFactory.java:475)
	at org.springframework.beans.factory.support.AbstractBeanFactory$1.getObject(AbstractBeanFactory.java:302)
	at org.springframework.beans.factory.support.DefaultSingletonBeanRegistry.getSingleton(DefaultSingletonBeanRegistry.java:228)
	at org.springframework.beans.factory.support.AbstractBeanFactory.doGetBean(AbstractBeanFactory.java:298)
	at org.springframework.beans.factory.support.AbstractBeanFactory.getBean(AbstractBeanFactory.java:193)
	at org.springframework.beans.factory.support.DefaultListableBeanFactory.findAutowireCandidates(DefaultListableBeanFactory.java:1017)
	at org.springframework.beans.factory.support.DefaultListableBeanFactory.doResolveDependency(DefaultListableBeanFactory.java:960)
	at org.springframework.beans.factory.support.DefaultListableBeanFactory.resolveDependency(DefaultListableBeanFactory.java:858)
	at org.springframework.beans.factory.annotation.AutowiredAnnotationBeanPostProcessor$AutowiredFieldElement.inject(AutowiredAnnotationBeanPostProcessor.java:480)
	... 96 common frames omitted
Caused by: org.springframework.beans.factory.BeanCreationException: Could not autowire field: private final java.util.List org.springframework.boot.autoconfigure.web.HttpMessageConvertersAutoConfiguration.converters; nested exception is org.springframework.beans.factory.BeanCreationException: Error creating bean with name &apos;jacksonHttpMessageConverter&apos; defined in class path resource [org/springframework/data/rest/webmvc/config/RepositoryRestMvcConfiguration.class]: Instantiation of bean failed; nested exception is org.springframework.beans.factory.BeanDefinitionStoreException: Factory method [public org.springframework.http.converter.json.MappingJackson2HttpMessageConverter org.springframework.data.rest.webmvc.config.RepositoryRestMvcConfiguration.jacksonHttpMessageConverter()] threw exception; nested exception is org.springframework.beans.factory.BeanCreationException: Error creating bean with name &apos;config&apos; defined in class path resource [org/springframework/data/rest/webmvc/config/RepositoryRestMvcConfiguration.class]: Instantiation of bean failed; nested exception is org.springframework.beans.factory.BeanDefinitionStoreException: Factory method [public org.springframework.data.rest.core.config.RepositoryRestConfiguration org.springframework.data.rest.webmvc.config.RepositoryRestMvcConfiguration.config()] threw exception; nested exception is org.springframework.beans.factory.BeanCreationException: Error creating bean with name &apos;repositories&apos; defined in class path resource [org/springframework/data/rest/webmvc/config/RepositoryRestMvcConfiguration.class]: Instantiation of bean failed; nested exception is org.springframework.beans.factory.BeanDefinitionStoreException: Factory method [public org.springframework.data.repository.support.Repositories org.springframework.data.rest.webmvc.config.RepositoryRestMvcConfiguration.repositories()] threw exception; nested exception is org.springframework.beans.factory.UnsatisfiedDependencyException: Error creating bean with name &apos;mongoDBEnvironmentRepositoryImpl&apos; defined in URL [jar:file:/C:/workspaces/denv/denv-server-mongodb/target/denv-server-mongodb-0.1.0.jar!/org/ssoup/denv/server/persistence/mongodb/repository/MongoDBEnvironmentRepositoryImpl.class]: Unsatisfied dependency expressed through constructor argument with index 1 of type [org.ssoup.denv.server.persistence.ApplicationConfigRepository]: : No qualifying bean of type [org.ssoup.denv.server.persistence.ApplicationConfigRepository] is defined: expected single matching bean but found 2: mongoDBImageRepository,mongoDBApplicationConfigRepository; nested exception is org.springframework.beans.factory.NoUniqueBeanDefinitionException: No qualifying bean of type [org.ssoup.denv.server.persistence.ApplicationConfigRepository] is defined: expected single matching bean but found 2: mongoDBImageRepository,mongoDBApplicationConfigRepository
	at org.springframework.beans.factory.annotation.AutowiredAnnotationBeanPostProcessor$AutowiredFieldElement.inject(AutowiredAnnotationBeanPostProcessor.java:508)
	at org.springframework.beans.factory.annotation.InjectionMetadata.inject(InjectionMetadata.java:87)
	at org.springframework.beans.factory.annotation.AutowiredAnnotationBeanPostProcessor.postProcessPropertyValues(AutowiredAnnotationBeanPostProcessor.java:289)
	... 116 common frames omitted
Caused by: org.springframework.beans.factory.BeanCreationException: Error creating bean with name &apos;jacksonHttpMessageConverter&apos; defined in class path resource [org/springframework/data/rest/webmvc/config/RepositoryRestMvcConfiguration.class]: Instantiation of bean failed; nested exception is org.springframework.beans.factory.BeanDefinitionStoreException: Factory method [public org.springframework.http.converter.json.MappingJackson2HttpMessageConverter org.springframework.data.rest.webmvc.config.RepositoryRestMvcConfiguration.jacksonHttpMessageConverter()] threw exception; nested exception is org.springframework.beans.factory.BeanCreationException: Error creating bean with name &apos;config&apos; defined in class path resource [org/springframework/data/rest/webmvc/config/RepositoryRestMvcConfiguration.class]: Instantiation of bean failed; nested exception is org.springframework.beans.factory.BeanDefinitionStoreException: Factory method [public org.springframework.data.rest.core.config.RepositoryRestConfiguration org.springframework.data.rest.webmvc.config.RepositoryRestMvcConfiguration.config()] threw exception; nested exception is org.springframework.beans.factory.BeanCreationException: Error creating bean with name &apos;repositories&apos; defined in class path resource [org/springframework/data/rest/webmvc/config/RepositoryRestMvcConfiguration.class]: Instantiation of bean failed; nested exception is org.springframework.beans.factory.BeanDefinitionStoreException: Factory method [public org.springframework.data.repository.support.Repositories org.springframework.data.rest.webmvc.config.RepositoryRestMvcConfiguration.repositories()] threw exception; nested exception is org.springframework.beans.factory.UnsatisfiedDependencyException: Error creating bean with name &apos;mongoDBEnvironmentRepositoryImpl&apos; defined in URL [jar:file:/C:/workspaces/denv/denv-server-mongodb/target/denv-server-mongodb-0.1.0.jar!/org/ssoup/denv/server/persistence/mongodb/repository/MongoDBEnvironmentRepositoryImpl.class]: Unsatisfied dependency expressed through constructor argument with index 1 of type [org.ssoup.denv.server.persistence.ApplicationConfigRepository]: : No qualifying bean of type [org.ssoup.denv.server.persistence.ApplicationConfigRepository] is defined: expected single matching bean but found 2: mongoDBImageRepository,mongoDBApplicationConfigRepository; nested exception is org.springframework.beans.factory.NoUniqueBeanDefinitionException: No qualifying bean of type [org.ssoup.denv.server.persistence.ApplicationConfigRepository] is defined: expected single matching bean but found 2: mongoDBImageRepository,mongoDBApplicationConfigRepository
	at org.springframework.beans.factory.support.ConstructorResolver.instantiateUsingFactoryMethod(ConstructorResolver.java:597)
	at org.springframework.beans.factory.support.AbstractAutowireCapableBeanFactory.instantiateUsingFactoryMethod(AbstractAutowireCapableBeanFactory.java:1094)
	at org.springframework.beans.factory.support.AbstractAutowireCapableBeanFactory.createBeanInstance(AbstractAutowireCapableBeanFactory.java:989)
	at org.springframework.beans.factory.support.AbstractAutowireCapableBeanFactory.doCreateBean(AbstractAutowireCapableBeanFactory.java:504)
	at org.springframework.beans.factory.support.AbstractAutowireCapableBeanFactory.createBean(AbstractAutowireCapableBeanFactory.java:475)
	at org.springframework.beans.factory.support.AbstractBeanFactory$1.getObject(AbstractBeanFactory.java:302)
	at org.springframework.beans.factory.support.DefaultSingletonBeanRegistry.getSingleton(DefaultSingletonBeanRegistry.java:228)
	at org.springframework.beans.factory.support.AbstractBeanFactory.doGetBean(AbstractBeanFactory.java:298)
	at org.springframework.beans.factory.support.AbstractBeanFactory.getBean(AbstractBeanFactory.java:193)
	at org.springframework.beans.factory.support.DefaultListableBeanFactory.findAutowireCandidates(DefaultListableBeanFactory.java:1017)
	at org.springframework.beans.factory.support.DefaultListableBeanFactory.doResolveDependency(DefaultListableBeanFactory.java:912)
	at org.springframework.beans.factory.support.DefaultListableBeanFactory.resolveDependency(DefaultListableBeanFactory.java:858)
	at org.springframework.beans.factory.annotation.AutowiredAnnotationBeanPostProcessor$AutowiredFieldElement.inject(AutowiredAnnotationBeanPostProcessor.java:480)
	... 118 common frames omitted
Caused by: org.springframework.beans.factory.BeanDefinitionStoreException: Factory method [public org.springframework.http.converter.json.MappingJackson2HttpMessageConverter org.springframework.data.rest.webmvc.config.RepositoryRestMvcConfiguration.jacksonHttpMessageConverter()] threw exception; nested exception is org.springframework.beans.factory.BeanCreationException: Error creating bean with name &apos;config&apos; defined in class path resource [org/springframework/data/rest/webmvc/config/RepositoryRestMvcConfiguration.class]: Instantiation of bean failed; nested exception is org.springframework.beans.factory.BeanDefinitionStoreException: Factory method [public org.springframework.data.rest.core.config.RepositoryRestConfiguration org.springframework.data.rest.webmvc.config.RepositoryRestMvcConfiguration.config()] threw exception; nested exception is org.springframework.beans.factory.BeanCreationException: Error creating bean with name &apos;repositories&apos; defined in class path resource [org/springframework/data/rest/webmvc/config/RepositoryRestMvcConfiguration.class]: Instantiation of bean failed; nested exception is org.springframework.beans.factory.BeanDefinitionStoreException: Factory method [public org.springframework.data.repository.support.Repositories org.springframework.data.rest.webmvc.config.RepositoryRestMvcConfiguration.repositories()] threw exception; nested exception is org.springframework.beans.factory.UnsatisfiedDependencyException: Error creating bean with name &apos;mongoDBEnvironmentRepositoryImpl&apos; defined in URL [jar:file:/C:/workspaces/denv/denv-server-mongodb/target/denv-server-mongodb-0.1.0.jar!/org/ssoup/denv/server/persistence/mongodb/repository/MongoDBEnvironmentRepositoryImpl.class]: Unsatisfied dependency expressed through constructor argument with index 1 of type [org.ssoup.denv.server.persistence.ApplicationConfigRepository]: : No qualifying bean of type [org.ssoup.denv.server.persistence.ApplicationConfigRepository] is defined: expected single matching bean but found 2: mongoDBImageRepository,mongoDBApplicationConfigRepository; nested exception is org.springframework.beans.factory.NoUniqueBeanDefinitionException: No qualifying bean of type [org.ssoup.denv.server.persistence.ApplicationConfigRepository] is defined: expected single matching bean but found 2: mongoDBImageRepository,mongoDBApplicationConfigRepository
	at org.springframework.beans.factory.support.SimpleInstantiationStrategy.instantiate(SimpleInstantiationStrategy.java:188)
	at org.springframework.beans.factory.support.ConstructorResolver.instantiateUsingFactoryMethod(ConstructorResolver.java:586)
	... 130 common frames omitted
Caused by: org.springframework.beans.factory.BeanCreationException: Error creating bean with name &apos;config&apos; defined in class path resource [org/springframework/data/rest/webmvc/config/RepositoryRestMvcConfiguration.class]: Instantiation of bean failed; nested exception is org.springframework.beans.factory.BeanDefinitionStoreException: Factory method [public org.springframework.data.rest.core.config.RepositoryRestConfiguration org.springframework.data.rest.webmvc.config.RepositoryRestMvcConfiguration.config()] threw exception; nested exception is org.springframework.beans.factory.BeanCreationException: Error creating bean with name &apos;repositories&apos; defined in class path resource [org/springframework/data/rest/webmvc/config/RepositoryRestMvcConfiguration.class]: Instantiation of bean failed; nested exception is org.springframework.beans.factory.BeanDefinitionStoreException: Factory method [public org.springframework.data.repository.support.Repositories org.springframework.data.rest.webmvc.config.RepositoryRestMvcConfiguration.repositories()] threw exception; nested exception is org.springframework.beans.factory.UnsatisfiedDependencyException: Error creating bean with name &apos;mongoDBEnvironmentRepositoryImpl&apos; defined in URL [jar:file:/C:/workspaces/denv/denv-server-mongodb/target/denv-server-mongodb-0.1.0.jar!/org/ssoup/denv/server/persistence/mongodb/repository/MongoDBEnvironmentRepositoryImpl.class]: Unsatisfied dependency expressed through constructor argument with index 1 of type [org.ssoup.denv.server.persistence.ApplicationConfigRepository]: : No qualifying bean of type [org.ssoup.denv.server.persistence.ApplicationConfigRepository] is defined: expected single matching bean but found 2: mongoDBImageRepository,mongoDBApplicationConfigRepository; nested exception is org.springframework.beans.factory.NoUniqueBeanDefinitionException: No qualifying bean of type [org.ssoup.denv.server.persistence.ApplicationConfigRepository] is defined: expected single matching bean but found 2: mongoDBImageRepository,mongoDBApplicationConfigRepository
	at org.springframework.beans.factory.support.ConstructorResolver.instantiateUsingFactoryMethod(ConstructorResolver.java:597)
	at org.springframework.beans.factory.support.AbstractAutowireCapableBeanFactory.instantiateUsingFactoryMethod(AbstractAutowireCapableBeanFactory.java:1094)
	at org.springframework.beans.factory.support.AbstractAutowireCapableBeanFactory.createBeanInstance(AbstractAutowireCapableBeanFactory.java:989)
	at org.springframework.beans.factory.support.AbstractAutowireCapableBeanFactory.doCreateBean(AbstractAutowireCapableBeanFactory.java:504)
	at org.springframework.beans.factory.support.AbstractAutowireCapableBeanFactory.createBean(AbstractAutowireCapableBeanFactory.java:475)
	at org.springframework.beans.factory.support.AbstractBeanFactory$1.getObject(AbstractBeanFactory.java:302)
	at org.springframework.beans.factory.support.DefaultSingletonBeanRegistry.getSingleton(DefaultSingletonBeanRegistry.java:228)
	at org.springframework.beans.factory.support.AbstractBeanFactory.doGetBean(AbstractBeanFactory.java:298)
	at org.springframework.beans.factory.support.AbstractBeanFactory.getBean(AbstractBeanFactory.java:193)
	at org.springframework.context.annotation.ConfigurationClassEnhancer$BeanMethodInterceptor.intercept(ConfigurationClassEnhancer.java:324)
	at org.springframework.data.rest.webmvc.config.RepositoryRestMvcConfiguration$$EnhancerBySpringCGLIB$$2cc48631.config(&lt;generated&gt;)
	at org.springframework.data.rest.webmvc.config.RepositoryRestMvcConfiguration.jacksonHttpMessageConverter(RepositoryRestMvcConfiguration.java:374)
	at org.springframework.data.rest.webmvc.config.RepositoryRestMvcConfiguration$$EnhancerBySpringCGLIB$$2cc48631.CGLIB$jacksonHttpMessageConverter$21(&lt;generated&gt;)
	at org.springframework.data.rest.webmvc.config.RepositoryRestMvcConfiguration$$EnhancerBySpringCGLIB$$2cc48631$$FastClassBySpringCGLIB$$1e60d3fc.invoke(&lt;generated&gt;)
	at org.springframework.cglib.proxy.MethodProxy.invokeSuper(MethodProxy.java:228)
	at org.springframework.context.annotation.ConfigurationClassEnhancer$BeanMethodInterceptor.intercept(ConfigurationClassEnhancer.java:312)
	at org.springframework.data.rest.webmvc.config.RepositoryRestMvcConfiguration$$EnhancerBySpringCGLIB$$2cc48631.jacksonHttpMessageConverter(&lt;generated&gt;)
	at sun.reflect.NativeMethodAccessorImpl.invoke0(Native Method)
	at sun.reflect.NativeMethodAccessorImpl.invoke(NativeMethodAccessorImpl.java:39)
	at sun.reflect.DelegatingMethodAccessorImpl.invoke(DelegatingMethodAccessorImpl.java:25)
	at java.lang.reflect.Method.invoke(Method.java:597)
	at org.springframework.beans.factory.support.SimpleInstantiationStrategy.instantiate(SimpleInstantiationStrategy.java:166)
	... 131 common frames omitted
Caused by: org.springframework.beans.factory.BeanDefinitionStoreException: Factory method [public org.springframework.data.rest.core.config.RepositoryRestConfiguration org.springframework.data.rest.webmvc.config.RepositoryRestMvcConfiguration.config()] threw exception; nested exception is org.springframework.beans.factory.BeanCreationException: Error creating bean with name &apos;repositories&apos; defined in class path resource [org/springframework/data/rest/webmvc/config/RepositoryRestMvcConfiguration.class]: Instantiation of bean failed; nested exception is org.springframework.beans.factory.BeanDefinitionStoreException: Factory method [public org.springframework.data.repository.support.Repositories org.springframework.data.rest.webmvc.config.RepositoryRestMvcConfiguration.repositories()] threw exception; nested exception is org.springframework.beans.factory.UnsatisfiedDependencyException: Error creating bean with name &apos;mongoDBEnvironmentRepositoryImpl&apos; defined in URL [jar:file:/C:/workspaces/denv/denv-server-mongodb/target/denv-server-mongodb-0.1.0.jar!/org/ssoup/denv/server/persistence/mongodb/repository/MongoDBEnvironmentRepositoryImpl.class]: Unsatisfied dependency expressed through constructor argument with index 1 of type [org.ssoup.denv.server.persistence.ApplicationConfigRepository]: : No qualifying bean of type [org.ssoup.denv.server.persistence.ApplicationConfigRepository] is defined: expected single matching bean but found 2: mongoDBImageRepository,mongoDBApplicationConfigRepository; nested exception is org.springframework.beans.factory.NoUniqueBeanDefinitionException: No qualifying bean of type [org.ssoup.denv.server.persistence.ApplicationConfigRepository] is defined: expected single matching bean but found 2: mongoDBImageRepository,mongoDBApplicationConfigRepository
	at org.springframework.beans.factory.support.SimpleInstantiationStrategy.instantiate(SimpleInstantiationStrategy.java:188)
	at org.springframework.beans.factory.support.ConstructorResolver.instantiateUsingFactoryMethod(ConstructorResolver.java:586)
	... 152 common frames omitted
Caused by: org.springframework.beans.factory.BeanCreationException: Error creating bean with name &apos;repositories&apos; defined in class path resource [org/springframework/data/rest/webmvc/config/RepositoryRestMvcConfiguration.class]: Instantiation of bean failed; nested exception is org.springframework.beans.factory.BeanDefinitionStoreException: Factory method [public org.springframework.data.repository.support.Repositories org.springframework.data.rest.webmvc.config.RepositoryRestMvcConfiguration.repositories()] threw exception; nested exception is org.springframework.beans.factory.UnsatisfiedDependencyException: Error creating bean with name &apos;mongoDBEnvironmentRepositoryImpl&apos; defined in URL [jar:file:/C:/workspaces/denv/denv-server-mongodb/target/denv-server-mongodb-0.1.0.jar!/org/ssoup/denv/server/persistence/mongodb/repository/MongoDBEnvironmentRepositoryImpl.class]: Unsatisfied dependency expressed through constructor argument with index 1 of type [org.ssoup.denv.server.persistence.ApplicationConfigRepository]: : No qualifying bean of type [org.ssoup.denv.server.persistence.ApplicationConfigRepository] is defined: expected single matching bean but found 2: mongoDBImageRepository,mongoDBApplicationConfigRepository; nested exception is org.springframework.beans.factory.NoUniqueBeanDefinitionException: No qualifying bean of type [org.ssoup.denv.server.persistence.ApplicationConfigRepository] is defined: expected single matching bean but found 2: mongoDBImageRepository,mongoDBApplicationConfigRepository
	at org.springframework.beans.factory.support.ConstructorResolver.instantiateUsingFactoryMethod(ConstructorResolver.java:597)
	at org.springframework.beans.factory.support.AbstractAutowireCapableBeanFactory.instantiateUsingFactoryMethod(AbstractAutowireCapableBeanFactory.java:1094)
	at org.springframework.beans.factory.support.AbstractAutowireCapableBeanFactory.createBeanInstance(AbstractAutowireCapableBeanFactory.java:989)
	at org.springframework.beans.factory.support.AbstractAutowireCapableBeanFactory.doCreateBean(AbstractAutowireCapableBeanFactory.java:504)
	at org.springframework.beans.factory.support.AbstractAutowireCapableBeanFactory.createBean(AbstractAutowireCapableBeanFactory.java:475)
	at org.springframework.beans.factory.support.AbstractBeanFactory$1.getObject(AbstractBeanFactory.java:302)
	at org.springframework.beans.factory.support.DefaultSingletonBeanRegistry.getSingleton(DefaultSingletonBeanRegistry.java:228)
	at org.springframework.beans.factory.support.AbstractBeanFactory.doGetBean(AbstractBeanFactory.java:298)
	at org.springframework.beans.factory.support.AbstractBeanFactory.getBean(AbstractBeanFactory.java:193)
	at org.springframework.context.annotation.ConfigurationClassEnhancer$BeanMethodInterceptor.intercept(ConfigurationClassEnhancer.java:324)
	at org.springframework.data.rest.webmvc.config.RepositoryRestMvcConfiguration$$EnhancerBySpringCGLIB$$2cc48631.repositories(&lt;generated&gt;)
	at org.springframework.data.rest.webmvc.config.RepositoryRestMvcConfiguration.getProjections(RepositoryRestMvcConfiguration.java:621)
	at org.springframework.data.rest.webmvc.config.RepositoryRestMvcConfiguration.config(RepositoryRestMvcConfiguration.java:224)
	at org.springframework.data.rest.webmvc.config.RepositoryRestMvcConfiguration$$EnhancerBySpringCGLIB$$2cc48631.CGLIB$config$40(&lt;generated&gt;)
	at org.springframework.data.rest.webmvc.config.RepositoryRestMvcConfiguration$$EnhancerBySpringCGLIB$$2cc48631$$FastClassBySpringCGLIB$$1e60d3fc.invoke(&lt;generated&gt;)
	at org.springframework.cglib.proxy.MethodProxy.invokeSuper(MethodProxy.java:228)
	at org.springframework.context.annotation.ConfigurationClassEnhancer$BeanMethodInterceptor.intercept(ConfigurationClassEnhancer.java:312)
	at org.springframework.data.rest.webmvc.config.RepositoryRestMvcConfiguration$$EnhancerBySpringCGLIB$$2cc48631.config(&lt;generated&gt;)
	at sun.reflect.NativeMethodAccessorImpl.invoke0(Native Method)
	at sun.reflect.NativeMethodAccessorImpl.invoke(NativeMethodAccessorImpl.java:39)
	at sun.reflect.DelegatingMethodAccessorImpl.invoke(DelegatingMethodAccessorImpl.java:25)
	at java.lang.reflect.Method.invoke(Method.java:597)
	at org.springframework.beans.factory.support.SimpleInstantiationStrategy.instantiate(SimpleInstantiationStrategy.java:166)
	... 153 common frames omitted
Caused by: org.springframework.beans.factory.BeanDefinitionStoreException: Factory method [public org.springframework.data.repository.support.Repositories org.springframework.data.rest.webmvc.config.RepositoryRestMvcConfiguration.repositories()] threw exception; nested exception is org.springframework.beans.factory.UnsatisfiedDependencyException: Error creating bean with name &apos;mongoDBEnvironmentRepositoryImpl&apos; defined in URL [jar:file:/C:/workspaces/denv/denv-server-mongodb/target/denv-server-mongodb-0.1.0.jar!/org/ssoup/denv/server/persistence/mongodb/repository/MongoDBEnvironmentRepositoryImpl.class]: Unsatisfied dependency expressed through constructor argument with index 1 of type [org.ssoup.denv.server.persistence.ApplicationConfigRepository]: : No qualifying bean of type [org.ssoup.denv.server.persistence.ApplicationConfigRepository] is defined: expected single matching bean but found 2: mongoDBImageRepository,mongoDBApplicationConfigRepository; nested exception is org.springframework.beans.factory.NoUniqueBeanDefinitionException: No qualifying bean of type [org.ssoup.denv.server.persistence.ApplicationConfigRepository] is defined: expected single matching bean but found 2: mongoDBImageRepository,mongoDBApplicationConfigRepository
	at org.springframework.beans.factory.support.SimpleInstantiationStrategy.instantiate(SimpleInstantiationStrategy.java:188)
	at org.springframework.beans.factory.support.ConstructorResolver.instantiateUsingFactoryMethod(ConstructorResolver.java:586)
	... 175 common frames omitted
Caused by: org.springframework.beans.factory.UnsatisfiedDependencyException: Error creating bean with name &apos;mongoDBEnvironmentRepositoryImpl&apos; defined in URL [jar:file:/C:/workspaces/denv/denv-server-mongodb/target/denv-server-mongodb-0.1.0.jar!/org/ssoup/denv/server/persistence/mongodb/repository/MongoDBEnvironmentRepositoryImpl.class]: Unsatisfied dependency expressed through constructor argument with index 1 of type [org.ssoup.denv.server.persistence.ApplicationConfigRepository]: : No qualifying bean of type [org.ssoup.denv.server.persistence.ApplicationConfigRepository] is defined: expected single matching bean but found 2: mongoDBImageRepository,mongoDBApplicationConfigRepository; nested exception is org.springframework.beans.factory.NoUniqueBeanDefinitionException: No qualifying bean of type [org.ssoup.denv.server.persistence.ApplicationConfigRepository] is defined: expected single matching bean but found 2: mongoDBImageRepository,mongoDBApplicationConfigRepository
	at org.springframework.beans.factory.support.ConstructorResolver.createArgumentArray(ConstructorResolver.java:747)
	at org.springframework.beans.factory.support.ConstructorResolver.autowireConstructor(ConstructorResolver.java:185)
	at org.springframework.beans.factory.support.AbstractAutowireCapableBeanFactory.autowireConstructor(AbstractAutowireCapableBeanFactory.java:1114)
	at org.springframework.beans.factory.support.AbstractAutowireCapableBeanFactory.createBeanInstance(AbstractAutowireCapableBeanFactory.java:1017)
	at org.springframework.beans.factory.support.AbstractAutowireCapableBeanFactory.doCreateBean(AbstractAutowireCapableBeanFactory.java:504)
	at org.springframework.beans.factory.support.AbstractAutowireCapableBeanFactory.createBean(AbstractAutowireCapableBeanFactory.java:475)
	at org.springframework.beans.factory.support.AbstractBeanFactory$1.getObject(AbstractBeanFactory.java:302)
	at org.springframework.beans.factory.support.DefaultSingletonBeanRegistry.getSingleton(DefaultSingletonBeanRegistry.java:228)
	at org.springframework.beans.factory.support.AbstractBeanFactory.doGetBean(AbstractBeanFactory.java:298)
	at org.springframework.beans.factory.support.AbstractBeanFactory.getBean(AbstractBeanFactory.java:193)
	at org.springframework.beans.factory.support.AbstractBeanFactory.doGetBean(AbstractBeanFactory.java:292)
	at org.springframework.beans.factory.support.AbstractBeanFactory.getBean(AbstractBeanFactory.java:198)
	at org.springframework.data.repository.support.Repositories.populateRepositoryFactoryInformation(Repositories.java:87)
	at org.springframework.data.repository.support.Repositories.&lt;init&gt;(Repositories.java:78)
	at org.springframework.data.rest.webmvc.config.RepositoryRestMvcConfiguration.repositories(RepositoryRestMvcConfiguration.java:146)
	at org.springframework.data.rest.webmvc.config.RepositoryRestMvcConfiguration$$EnhancerBySpringCGLIB$$2cc48631.CGLIB$repositories$2(&lt;generated&gt;)
	at org.springframework.data.rest.webmvc.config.RepositoryRestMvcConfiguration$$EnhancerBySpringCGLIB$$2cc48631$$FastClassBySpringCGLIB$$1e60d3fc.invoke(&lt;generated&gt;)
	at org.springframework.cglib.proxy.MethodProxy.invokeSuper(MethodProxy.java:228)
	at org.springframework.context.annotation.ConfigurationClassEnhancer$BeanMethodInterceptor.intercept(ConfigurationClassEnhancer.java:312)
	at org.springframework.data.rest.webmvc.config.RepositoryRestMvcConfiguration$$EnhancerBySpringCGLIB$$2cc48631.repositories(&lt;generated&gt;)
	at sun.reflect.NativeMethodAccessorImpl.invoke0(Native Method)
	at sun.reflect.NativeMethodAccessorImpl.invoke(NativeMethodAccessorImpl.java:39)
	at sun.reflect.DelegatingMethodAccessorImpl.invoke(DelegatingMethodAccessorImpl.java:25)
	at java.lang.reflect.Method.invoke(Method.java:597)
	at org.springframework.beans.factory.support.SimpleInstantiationStrategy.instantiate(SimpleInstantiationStrategy.java:166)
	... 176 common frames omitted
Caused by: org.springframework.beans.factory.NoUniqueBeanDefinitionException: No qualifying bean of type [org.ssoup.denv.server.persistence.ApplicationConfigRepository] is defined: expected single matching bean but found 2: mongoDBImageRepository,mongoDBApplicationConfigRepository
	at org.springframework.beans.factory.support.DefaultListableBeanFactory.doResolveDependency(DefaultListableBeanFactory.java:970)
	at org.springframework.beans.factory.support.DefaultListableBeanFactory.resolveDependency(DefaultListableBeanFactory.java:858)
	at org.springframework.beans.factory.support.ConstructorResolver.resolveAutowiredArgument(ConstructorResolver.java:811)
	at org.springframework.beans.factory.support.ConstructorResolver.createArgumentArray(ConstructorResolver.java:739)
	... 200 common frames omitted

2014-09-12 15:54:09.608 ERROR 10216 --- [           main] o.s.test.context.TestContextManager      : Caught exception while allowing TestExecutionListener [org.springframework.test.context.support.DependencyInjectionTestExecutionListener@e9493a] to prepare test instance [org.ssoup.denv.server.test.DenvClientTest@1c6bbd3]

java.lang.IllegalStateException: Failed to load ApplicationContext
	at org.springframework.test.context.CacheAwareContextLoaderDelegate.loadContext(CacheAwareContextLoaderDelegate.java:99)
	at org.springframework.test.context.DefaultTestContext.getApplicationContext(DefaultTestContext.java:101)
	at org.springframework.test.context.support.DependencyInjectionTestExecutionListener.injectDependencies(DependencyInjectionTestExecutionListener.java:109)
	at org.springframework.test.context.support.DependencyInjectionTestExecutionListener.prepareTestInstance(DependencyInjectionTestExecutionListener.java:75)
	at org.springframework.test.context.TestContextManager.prepareTestInstance(TestContextManager.java:331)
	at org.springframework.test.context.junit4.SpringJUnit4ClassRunner.createTest(SpringJUnit4ClassRunner.java:213)
	at org.springframework.test.context.junit4.SpringJUnit4ClassRunner$1.runReflectiveCall(SpringJUnit4ClassRunner.java:290)
	at org.junit.internal.runners.model.ReflectiveCallable.run(ReflectiveCallable.java:12)
	at org.springframework.test.context.junit4.SpringJUnit4ClassRunner.methodBlock(SpringJUnit4ClassRunner.java:292)
	at org.springframework.test.context.junit4.SpringJUnit4ClassRunner.runChild(SpringJUnit4ClassRunner.java:233)
	at org.springframework.test.context.junit4.SpringJUnit4ClassRunner.runChild(SpringJUnit4ClassRunner.java:87)
	at org.junit.runners.ParentRunner$3.run(ParentRunner.java:238)
	at org.junit.runners.ParentRunner$1.schedule(ParentRunner.java:63)
	at org.junit.runners.ParentRunner.runChildren(ParentRunner.java:236)
	at org.junit.runners.ParentRunner.access$000(ParentRunner.java:53)
	at org.junit.runners.ParentRunner$2.evaluate(ParentRunner.java:229)
	at org.springframework.test.context.junit4.statements.RunBeforeTestClassCallbacks.evaluate(RunBeforeTestClassCallbacks.java:61)
	at org.springframework.test.context.junit4.statements.RunAfterTestClassCallbacks.evaluate(RunAfterTestClassCallbacks.java:71)
	at org.junit.runners.ParentRunner.run(ParentRunner.java:309)
	at org.springframework.test.context.junit4.SpringJUnit4ClassRunner.run(SpringJUnit4ClassRunner.java:176)
	at org.apache.maven.surefire.junit4.JUnit4TestSet.execute(JUnit4TestSet.java:62)
	at org.apache.maven.surefire.suite.AbstractDirectoryTestSuite.executeTestSet(AbstractDirectoryTestSuite.java:140)
	at org.apache.maven.surefire.suite.AbstractDirectoryTestSuite.execute(AbstractDirectoryTestSuite.java:127)
	at org.apache.maven.surefire.Surefire.run(Surefire.java:177)
	at sun.reflect.NativeMethodAccessorImpl.invoke0(Native Method)
	at sun.reflect.NativeMethodAccessorImpl.invoke(NativeMethodAccessorImpl.java:39)
	at sun.reflect.DelegatingMethodAccessorImpl.invoke(DelegatingMethodAccessorImpl.java:25)
	at java.lang.reflect.Method.invoke(Method.java:597)
	at org.apache.maven.surefire.booter.SurefireBooter.runSuitesInProcess(SurefireBooter.java:345)
	at org.apache.maven.surefire.booter.SurefireBooter.main(SurefireBooter.java:1009)
Caused by: org.springframework.context.ApplicationContextException: Unable to start embedded container; nested exception is org.springframework.boot.context.embedded.EmbeddedServletContainerException: Unable to start embedded Tomcat
	at org.springframework.boot.context.embedded.EmbeddedWebApplicationContext.onRefresh(EmbeddedWebApplicationContext.java:135)
	at org.springframework.context.support.AbstractApplicationContext.refresh(AbstractApplicationContext.java:476)
	at org.springframework.boot.context.embedded.EmbeddedWebApplicationContext.refresh(EmbeddedWebApplicationContext.java:120)
	at org.springframework.boot.SpringApplication.refresh(SpringApplication.java:691)
	at org.springframework.boot.SpringApplication.run(SpringApplication.java:320)
	at org.springframework.boot.test.SpringApplicationContextLoader.loadContext(SpringApplicationContextLoader.java:107)
	at org.springframework.test.context.CacheAwareContextLoaderDelegate.loadContextInternal(CacheAwareContextLoaderDelegate.java:64)
	at org.springframework.test.context.CacheAwareContextLoaderDelegate.loadContext(CacheAwareContextLoaderDelegate.java:91)
	... 29 common frames omitted
Caused by: org.springframework.boot.context.embedded.EmbeddedServletContainerException: Unable to start embedded Tomcat
	at org.springframework.boot.context.embedded.tomcat.TomcatEmbeddedServletContainer.initialize(TomcatEmbeddedServletContainer.java:100)
	at org.springframework.boot.context.embedded.tomcat.TomcatEmbeddedServletContainer.&lt;init&gt;(TomcatEmbeddedServletContainer.java:74)
	at org.springframework.boot.context.embedded.tomcat.TomcatEmbeddedServletContainerFactory.getTomcatEmbeddedServletContainer(TomcatEmbeddedServletContainerFactory.java:289)
	at org.springframework.boot.context.embedded.tomcat.TomcatEmbeddedServletContainerFactory.getEmbeddedServletContainer(TomcatEmbeddedServletContainerFactory.java:146)
	at org.springframework.boot.context.embedded.EmbeddedWebApplicationContext.createEmbeddedServletContainer(EmbeddedWebApplicationContext.java:159)
	at org.springframework.boot.context.embedded.EmbeddedWebApplicationContext.onRefresh(EmbeddedWebApplicationContext.java:132)
	... 36 common frames omitted
Caused by: org.springframework.beans.factory.BeanCreationException: Error creating bean with name &apos;org.springframework.security.config.annotation.web.configuration.WebSecurityConfiguration&apos;: Injection of autowired dependencies failed; nested exception is org.springframework.beans.factory.BeanCreationException: Could not autowire method: public void org.springframework.security.config.annotation.web.configuration.WebSecurityConfiguration.setFilterChainProxySecurityConfigurer(org.springframework.security.config.annotation.ObjectPostProcessor,java.util.List) throws java.lang.Exception; nested exception is org.springframework.beans.factory.BeanExpressionException: Expression parsing failed; nested exception is org.springframework.beans.factory.BeanCreationException: Error creating bean with name &apos;securityConfig&apos;: Injection of autowired dependencies failed; nested exception is org.springframework.beans.factory.BeanCreationException: Could not autowire method: public void org.springframework.security.config.annotation.web.configuration.WebSecurityConfigurerAdapter.setContentNegotationStrategy(org.springframework.web.accept.ContentNegotiationStrategy); nested exception is org.springframework.beans.factory.BeanCreationException: Error creating bean with name &apos;org.springframework.web.servlet.config.annotation.DelegatingWebMvcConfiguration&apos;: Injection of autowired dependencies failed; nested exception is org.springframework.beans.factory.BeanCreationException: Could not autowire method: public void org.springframework.web.servlet.config.annotation.DelegatingWebMvcConfiguration.setConfigurers(java.util.List); nested exception is org.springframework.beans.factory.BeanCreationException: Error creating bean with name &apos;org.springframework.boot.autoconfigure.web.WebMvcAutoConfiguration$WebMvcAutoConfigurationAdapter&apos;: Injection of autowired dependencies failed; nested exception is org.springframework.beans.factory.BeanCreationException: Could not autowire field: private org.springframework.boot.autoconfigure.web.HttpMessageConverters org.springframework.boot.autoconfigure.web.WebMvcAutoConfiguration$WebMvcAutoConfigurationAdapter.messageConverters; nested exception is org.springframework.beans.factory.BeanCreationException: Error creating bean with name &apos;org.springframework.boot.autoconfigure.web.HttpMessageConvertersAutoConfiguration&apos;: Injection of autowired dependencies failed; nested exception is org.springframework.beans.factory.BeanCreationException: Could not autowire field: private final java.util.List org.springframework.boot.autoconfigure.web.HttpMessageConvertersAutoConfiguration.converters; nested exception is org.springframework.beans.factory.BeanCreationException: Error creating bean with name &apos;jacksonHttpMessageConverter&apos; defined in class path resource [org/springframework/data/rest/webmvc/config/RepositoryRestMvcConfiguration.class]: Instantiation of bean failed; nested exception is org.springframework.beans.factory.BeanDefinitionStoreException: Factory method [public org.springframework.http.converter.json.MappingJackson2HttpMessageConverter org.springframework.data.rest.webmvc.config.RepositoryRestMvcConfiguration.jacksonHttpMessageConverter()] threw exception; nested exception is org.springframework.beans.factory.BeanCreationException: Error creating bean with name &apos;config&apos; defined in class path resource [org/springframework/data/rest/webmvc/config/RepositoryRestMvcConfiguration.class]: Instantiation of bean failed; nested exception is org.springframework.beans.factory.BeanDefinitionStoreException: Factory method [public org.springframework.data.rest.core.config.RepositoryRestConfiguration org.springframework.data.rest.webmvc.config.RepositoryRestMvcConfiguration.config()] threw exception; nested exception is org.springframework.beans.factory.BeanCreationException: Error creating bean with name &apos;repositories&apos; defined in class path resource [org/springframework/data/rest/webmvc/config/RepositoryRestMvcConfiguration.class]: Instantiation of bean failed; nested exception is org.springframework.beans.factory.BeanDefinitionStoreException: Factory method [public org.springframework.data.repository.support.Repositories org.springframework.data.rest.webmvc.config.RepositoryRestMvcConfiguration.repositories()] threw exception; nested exception is org.springframework.beans.factory.UnsatisfiedDependencyException: Error creating bean with name &apos;mongoDBEnvironmentRepositoryImpl&apos; defined in URL [jar:file:/C:/workspaces/denv/denv-server-mongodb/target/denv-server-mongodb-0.1.0.jar!/org/ssoup/denv/server/persistence/mongodb/repository/MongoDBEnvironmentRepositoryImpl.class]: Unsatisfied dependency expressed through constructor argument with index 1 of type [org.ssoup.denv.server.persistence.ApplicationConfigRepository]: : No qualifying bean of type [org.ssoup.denv.server.persistence.ApplicationConfigRepository] is defined: expected single matching bean but found 2: mongoDBImageRepository,mongoDBApplicationConfigRepository; nested exception is org.springframework.beans.factory.NoUniqueBeanDefinitionException: No qualifying bean of type [org.ssoup.denv.server.persistence.ApplicationConfigRepository] is defined: expected single matching bean but found 2: mongoDBImageRepository,mongoDBApplicationConfigRepository
	at org.springframework.beans.factory.annotation.AutowiredAnnotationBeanPostProcessor.postProcessPropertyValues(AutowiredAnnotationBeanPostProcessor.java:292)
	at org.springframework.beans.factory.support.AbstractAutowireCapableBeanFactory.populateBean(AbstractAutowireCapableBeanFactory.java:1185)
	at org.springframework.beans.factory.support.AbstractAutowireCapableBeanFactory.doCreateBean(AbstractAutowireCapableBeanFactory.java:537)
	at org.springframework.beans.factory.support.AbstractAutowireCapableBeanFactory.createBean(AbstractAutowireCapableBeanFactory.java:475)
	at org.springframework.beans.factory.support.AbstractBeanFactory$1.getObject(AbstractBeanFactory.java:302)
	at org.springframework.beans.factory.support.DefaultSingletonBeanRegistry.getSingleton(DefaultSingletonBeanRegistry.java:228)
	at org.springframework.beans.factory.support.AbstractBeanFactory.doGetBean(AbstractBeanFactory.java:298)
	at org.springframework.beans.factory.support.AbstractBeanFactory.getBean(AbstractBeanFactory.java:193)
	at org.springframework.beans.factory.support.ConstructorResolver.instantiateUsingFactoryMethod(ConstructorResolver.java:370)
	at org.springframework.beans.factory.support.AbstractAutowireCapableBeanFactory.instantiateUsingFactoryMethod(AbstractAutowireCapableBeanFactory.java:1094)
	at org.springframework.beans.factory.support.AbstractAutowireCapableBeanFactory.createBeanInstance(AbstractAutowireCapableBeanFactory.java:989)
	at org.springframework.beans.factory.support.AbstractAutowireCapableBeanFactory.doCreateBean(AbstractAutowireCapableBeanFactory.java:504)
	at org.springframework.beans.factory.support.AbstractAutowireCapableBeanFactory.createBean(AbstractAutowireCapableBeanFactory.java:475)
	at org.springframework.beans.factory.support.AbstractBeanFactory$1.getObject(AbstractBeanFactory.java:302)
	at org.springframework.beans.factory.support.DefaultSingletonBeanRegistry.getSingleton(DefaultSingletonBeanRegistry.java:228)
	at org.springframework.beans.factory.support.AbstractBeanFactory.doGetBean(AbstractBeanFactory.java:298)
	at org.springframework.beans.factory.support.AbstractBeanFactory.getBean(AbstractBeanFactory.java:198)
	at org.springframework.boot.context.embedded.EmbeddedWebApplicationContext.getOrderedBeansOfType(EmbeddedWebApplicationContext.java:367)
	at org.springframework.boot.context.embedded.EmbeddedWebApplicationContext.getServletContextInitializerBeans(EmbeddedWebApplicationContext.java:268)
	at org.springframework.boot.context.embedded.EmbeddedWebApplicationContext$1.onStartup(EmbeddedWebApplicationContext.java:213)
	at org.springframework.boot.context.embedded.tomcat.ServletContextInitializerLifecycleListener.lifecycleEvent(ServletContextInitializerLifecycleListener.java:64)
	at org.apache.catalina.util.LifecycleSupport.fireLifecycleEvent(LifecycleSupport.java:117)
	at org.apache.catalina.util.LifecycleBase.fireLifecycleEvent(LifecycleBase.java:90)
	at org.apache.catalina.core.StandardContext.startInternal(StandardContext.java:5355)
	at org.apache.catalina.util.LifecycleBase.start(LifecycleBase.java:150)
	at org.apache.catalina.core.ContainerBase$StartChild.call(ContainerBase.java:1559)
	at org.apache.catalina.core.ContainerBase$StartChild.call(ContainerBase.java:1549)
	at java.util.concurrent.FutureTask$Sync.innerRun(FutureTask.java:303)
	at java.util.concurrent.FutureTask.run(FutureTask.java:138)
	at java.util.concurrent.ThreadPoolExecutor$Worker.runTask(ThreadPoolExecutor.java:886)
	at java.util.concurrent.ThreadPoolExecutor$Worker.run(ThreadPoolExecutor.java:908)
	at java.lang.Thread.run(Thread.java:662)
Caused by: org.springframework.beans.factory.BeanCreationException: Could not autowire method: public void org.springframework.security.config.annotation.web.configuration.WebSecurityConfiguration.setFilterChainProxySecurityConfigurer(org.springframework.security.config.annotation.ObjectPostProcessor,java.util.List) throws java.lang.Exception; nested exception is org.springframework.beans.factory.BeanExpressionException: Expression parsing failed; nested exception is org.springframework.beans.factory.BeanCreationException: Error creating bean with name &apos;securityConfig&apos;: Injection of autowired dependencies failed; nested exception is org.springframework.beans.factory.BeanCreationException: Could not autowire method: public void org.springframework.security.config.annotation.web.configuration.WebSecurityConfigurerAdapter.setContentNegotationStrategy(org.springframework.web.accept.ContentNegotiationStrategy); nested exception is org.springframework.beans.factory.BeanCreationException: Error creating bean with name &apos;org.springframework.web.servlet.config.annotation.DelegatingWebMvcConfiguration&apos;: Injection of autowired dependencies failed; nested exception is org.springframework.beans.factory.BeanCreationException: Could not autowire method: public void org.springframework.web.servlet.config.annotation.DelegatingWebMvcConfiguration.setConfigurers(java.util.List); nested exception is org.springframework.beans.factory.BeanCreationException: Error creating bean with name &apos;org.springframework.boot.autoconfigure.web.WebMvcAutoConfiguration$WebMvcAutoConfigurationAdapter&apos;: Injection of autowired dependencies failed; nested exception is org.springframework.beans.factory.BeanCreationException: Could not autowire field: private org.springframework.boot.autoconfigure.web.HttpMessageConverters org.springframework.boot.autoconfigure.web.WebMvcAutoConfiguration$WebMvcAutoConfigurationAdapter.messageConverters; nested exception is org.springframework.beans.factory.BeanCreationException: Error creating bean with name &apos;org.springframework.boot.autoconfigure.web.HttpMessageConvertersAutoConfiguration&apos;: Injection of autowired dependencies failed; nested exception is org.springframework.beans.factory.BeanCreationException: Could not autowire field: private final java.util.List org.springframework.boot.autoconfigure.web.HttpMessageConvertersAutoConfiguration.converters; nested exception is org.springframework.beans.factory.BeanCreationException: Error creating bean with name &apos;jacksonHttpMessageConverter&apos; defined in class path resource [org/springframework/data/rest/webmvc/config/RepositoryRestMvcConfiguration.class]: Instantiation of bean failed; nested exception is org.springframework.beans.factory.BeanDefinitionStoreException: Factory method [public org.springframework.http.converter.json.MappingJackson2HttpMessageConverter org.springframework.data.rest.webmvc.config.RepositoryRestMvcConfiguration.jacksonHttpMessageConverter()] threw exception; nested exception is org.springframework.beans.factory.BeanCreationException: Error creating bean with name &apos;config&apos; defined in class path resource [org/springframework/data/rest/webmvc/config/RepositoryRestMvcConfiguration.class]: Instantiation of bean failed; nested exception is org.springframework.beans.factory.BeanDefinitionStoreException: Factory method [public org.springframework.data.rest.core.config.RepositoryRestConfiguration org.springframework.data.rest.webmvc.config.RepositoryRestMvcConfiguration.config()] threw exception; nested exception is org.springframework.beans.factory.BeanCreationException: Error creating bean with name &apos;repositories&apos; defined in class path resource [org/springframework/data/rest/webmvc/config/RepositoryRestMvcConfiguration.class]: Instantiation of bean failed; nested exception is org.springframework.beans.factory.BeanDefinitionStoreException: Factory method [public org.springframework.data.repository.support.Repositories org.springframework.data.rest.webmvc.config.RepositoryRestMvcConfiguration.repositories()] threw exception; nested exception is org.springframework.beans.factory.UnsatisfiedDependencyException: Error creating bean with name &apos;mongoDBEnvironmentRepositoryImpl&apos; defined in URL [jar:file:/C:/workspaces/denv/denv-server-mongodb/target/denv-server-mongodb-0.1.0.jar!/org/ssoup/denv/server/persistence/mongodb/repository/MongoDBEnvironmentRepositoryImpl.class]: Unsatisfied dependency expressed through constructor argument with index 1 of type [org.ssoup.denv.server.persistence.ApplicationConfigRepository]: : No qualifying bean of type [org.ssoup.denv.server.persistence.ApplicationConfigRepository] is defined: expected single matching bean but found 2: mongoDBImageRepository,mongoDBApplicationConfigRepository; nested exception is org.springframework.beans.factory.NoUniqueBeanDefinitionException: No qualifying bean of type [org.ssoup.denv.server.persistence.ApplicationConfigRepository] is defined: expected single matching bean but found 2: mongoDBImageRepository,mongoDBApplicationConfigRepository
	at org.springframework.beans.factory.annotation.AutowiredAnnotationBeanPostProcessor$AutowiredMethodElement.inject(AutowiredAnnotationBeanPostProcessor.java:596)
	at org.springframework.beans.factory.annotation.InjectionMetadata.inject(InjectionMetadata.java:87)
	at org.springframework.beans.factory.annotation.AutowiredAnnotationBeanPostProcessor.postProcessPropertyValues(AutowiredAnnotationBeanPostProcessor.java:289)
	... 31 common frames omitted
Caused by: org.springframework.beans.factory.BeanExpressionException: Expression parsing failed; nested exception is org.springframework.beans.factory.BeanCreationException: Error creating bean with name &apos;securityConfig&apos;: Injection of autowired dependencies failed; nested exception is org.springframework.beans.factory.BeanCreationException: Could not autowire method: public void org.springframework.security.config.annotation.web.configuration.WebSecurityConfigurerAdapter.setContentNegotationStrategy(org.springframework.web.accept.ContentNegotiationStrategy); nested exception is org.springframework.beans.factory.BeanCreationException: Error creating bean with name &apos;org.springframework.web.servlet.config.annotation.DelegatingWebMvcConfiguration&apos;: Injection of autowired dependencies failed; nested exception is org.springframework.beans.factory.BeanCreationException: Could not autowire method: public void org.springframework.web.servlet.config.annotation.DelegatingWebMvcConfiguration.setConfigurers(java.util.List); nested exception is org.springframework.beans.factory.BeanCreationException: Error creating bean with name &apos;org.springframework.boot.autoconfigure.web.WebMvcAutoConfiguration$WebMvcAutoConfigurationAdapter&apos;: Injection of autowired dependencies failed; nested exception is org.springframework.beans.factory.BeanCreationException: Could not autowire field: private org.springframework.boot.autoconfigure.web.HttpMessageConverters org.springframework.boot.autoconfigure.web.WebMvcAutoConfiguration$WebMvcAutoConfigurationAdapter.messageConverters; nested exception is org.springframework.beans.factory.BeanCreationException: Error creating bean with name &apos;org.springframework.boot.autoconfigure.web.HttpMessageConvertersAutoConfiguration&apos;: Injection of autowired dependencies failed; nested exception is org.springframework.beans.factory.BeanCreationException: Could not autowire field: private final java.util.List org.springframework.boot.autoconfigure.web.HttpMessageConvertersAutoConfiguration.converters; nested exception is org.springframework.beans.factory.BeanCreationException: Error creating bean with name &apos;jacksonHttpMessageConverter&apos; defined in class path resource [org/springframework/data/rest/webmvc/config/RepositoryRestMvcConfiguration.class]: Instantiation of bean failed; nested exception is org.springframework.beans.factory.BeanDefinitionStoreException: Factory method [public org.springframework.http.converter.json.MappingJackson2HttpMessageConverter org.springframework.data.rest.webmvc.config.RepositoryRestMvcConfiguration.jacksonHttpMessageConverter()] threw exception; nested exception is org.springframework.beans.factory.BeanCreationException: Error creating bean with name &apos;config&apos; defined in class path resource [org/springframework/data/rest/webmvc/config/RepositoryRestMvcConfiguration.class]: Instantiation of bean failed; nested exception is org.springframework.beans.factory.BeanDefinitionStoreException: Factory method [public org.springframework.data.rest.core.config.RepositoryRestConfiguration org.springframework.data.rest.webmvc.config.RepositoryRestMvcConfiguration.config()] threw exception; nested exception is org.springframework.beans.factory.BeanCreationException: Error creating bean with name &apos;repositories&apos; defined in class path resource [org/springframework/data/rest/webmvc/config/RepositoryRestMvcConfiguration.class]: Instantiation of bean failed; nested exception is org.springframework.beans.factory.BeanDefinitionStoreException: Factory method [public org.springframework.data.repository.support.Repositories org.springframework.data.rest.webmvc.config.RepositoryRestMvcConfiguration.repositories()] threw exception; nested exception is org.springframework.beans.factory.UnsatisfiedDependencyException: Error creating bean with name &apos;mongoDBEnvironmentRepositoryImpl&apos; defined in URL [jar:file:/C:/workspaces/denv/denv-server-mongodb/target/denv-server-mongodb-0.1.0.jar!/org/ssoup/denv/server/persistence/mongodb/repository/MongoDBEnvironmentRepositoryImpl.class]: Unsatisfied dependency expressed through constructor argument with index 1 of type [org.ssoup.denv.server.persistence.ApplicationConfigRepository]: : No qualifying bean of type [org.ssoup.denv.server.persistence.ApplicationConfigRepository] is defined: expected single matching bean but found 2: mongoDBImageRepository,mongoDBApplicationConfigRepository; nested exception is org.springframework.beans.factory.NoUniqueBeanDefinitionException: No qualifying bean of type [org.ssoup.denv.server.persistence.ApplicationConfigRepository] is defined: expected single matching bean but found 2: mongoDBImageRepository,mongoDBApplicationConfigRepository
	at org.springframework.context.expression.StandardBeanExpressionResolver.evaluate(StandardBeanExpressionResolver.java:146)
	at org.springframework.beans.factory.support.AbstractBeanFactory.evaluateBeanDefinitionString(AbstractBeanFactory.java:1362)
	at org.springframework.beans.factory.support.DefaultListableBeanFactory.doResolveDependency(DefaultListableBeanFactory.java:873)
	at org.springframework.beans.factory.support.DefaultListableBeanFactory.resolveDependency(DefaultListableBeanFactory.java:858)
	at org.springframework.beans.factory.annotation.AutowiredAnnotationBeanPostProcessor$AutowiredMethodElement.inject(AutowiredAnnotationBeanPostProcessor.java:553)
	... 33 common frames omitted
Caused by: org.springframework.beans.factory.BeanCreationException: Error creating bean with name &apos;securityConfig&apos;: Injection of autowired dependencies failed; nested exception is org.springframework.beans.factory.BeanCreationException: Could not autowire method: public void org.springframework.security.config.annotation.web.configuration.WebSecurityConfigurerAdapter.setContentNegotationStrategy(org.springframework.web.accept.ContentNegotiationStrategy); nested exception is org.springframework.beans.factory.BeanCreationException: Error creating bean with name &apos;org.springframework.web.servlet.config.annotation.DelegatingWebMvcConfiguration&apos;: Injection of autowired dependencies failed; nested exception is org.springframework.beans.factory.BeanCreationException: Could not autowire method: public void org.springframework.web.servlet.config.annotation.DelegatingWebMvcConfiguration.setConfigurers(java.util.List); nested exception is org.springframework.beans.factory.BeanCreationException: Error creating bean with name &apos;org.springframework.boot.autoconfigure.web.WebMvcAutoConfiguration$WebMvcAutoConfigurationAdapter&apos;: Injection of autowired dependencies failed; nested exception is org.springframework.beans.factory.BeanCreationException: Could not autowire field: private org.springframework.boot.autoconfigure.web.HttpMessageConverters org.springframework.boot.autoconfigure.web.WebMvcAutoConfiguration$WebMvcAutoConfigurationAdapter.messageConverters; nested exception is org.springframework.beans.factory.BeanCreationException: Error creating bean with name &apos;org.springframework.boot.autoconfigure.web.HttpMessageConvertersAutoConfiguration&apos;: Injection of autowired dependencies failed; nested exception is org.springframework.beans.factory.BeanCreationException: Could not autowire field: private final java.util.List org.springframework.boot.autoconfigure.web.HttpMessageConvertersAutoConfiguration.converters; nested exception is org.springframework.beans.factory.BeanCreationException: Error creating bean with name &apos;jacksonHttpMessageConverter&apos; defined in class path resource [org/springframework/data/rest/webmvc/config/RepositoryRestMvcConfiguration.class]: Instantiation of bean failed; nested exception is org.springframework.beans.factory.BeanDefinitionStoreException: Factory method [public org.springframework.http.converter.json.MappingJackson2HttpMessageConverter org.springframework.data.rest.webmvc.config.RepositoryRestMvcConfiguration.jacksonHttpMessageConverter()] threw exception; nested exception is org.springframework.beans.factory.BeanCreationException: Error creating bean with name &apos;config&apos; defined in class path resource [org/springframework/data/rest/webmvc/config/RepositoryRestMvcConfiguration.class]: Instantiation of bean failed; nested exception is org.springframework.beans.factory.BeanDefinitionStoreException: Factory method [public org.springframework.data.rest.core.config.RepositoryRestConfiguration org.springframework.data.rest.webmvc.config.RepositoryRestMvcConfiguration.config()] threw exception; nested exception is org.springframework.beans.factory.BeanCreationException: Error creating bean with name &apos;repositories&apos; defined in class path resource [org/springframework/data/rest/webmvc/config/RepositoryRestMvcConfiguration.class]: Instantiation of bean failed; nested exception is org.springframework.beans.factory.BeanDefinitionStoreException: Factory method [public org.springframework.data.repository.support.Repositories org.springframework.data.rest.webmvc.config.RepositoryRestMvcConfiguration.repositories()] threw exception; nested exception is org.springframework.beans.factory.UnsatisfiedDependencyException: Error creating bean with name &apos;mongoDBEnvironmentRepositoryImpl&apos; defined in URL [jar:file:/C:/workspaces/denv/denv-server-mongodb/target/denv-server-mongodb-0.1.0.jar!/org/ssoup/denv/server/persistence/mongodb/repository/MongoDBEnvironmentRepositoryImpl.class]: Unsatisfied dependency expressed through constructor argument with index 1 of type [org.ssoup.denv.server.persistence.ApplicationConfigRepository]: : No qualifying bean of type [org.ssoup.denv.server.persistence.ApplicationConfigRepository] is defined: expected single matching bean but found 2: mongoDBImageRepository,mongoDBApplicationConfigRepository; nested exception is org.springframework.beans.factory.NoUniqueBeanDefinitionException: No qualifying bean of type [org.ssoup.denv.server.persistence.ApplicationConfigRepository] is defined: expected single matching bean but found 2: mongoDBImageRepository,mongoDBApplicationConfigRepository
	at org.springframework.beans.factory.annotation.AutowiredAnnotationBeanPostProcessor.postProcessPropertyValues(AutowiredAnnotationBeanPostProcessor.java:292)
	at org.springframework.beans.factory.support.AbstractAutowireCapableBeanFactory.populateBean(AbstractAutowireCapableBeanFactory.java:1185)
	at org.springframework.beans.factory.support.AbstractAutowireCapableBeanFactory.doCreateBean(AbstractAutowireCapableBeanFactory.java:537)
	at org.springframework.beans.factory.support.AbstractAutowireCapableBeanFactory.createBean(AbstractAutowireCapableBeanFactory.java:475)
	at org.springframework.beans.factory.support.AbstractBeanFactory$1.getObject(AbstractBeanFactory.java:302)
	at org.springframework.beans.factory.support.DefaultSingletonBeanRegistry.getSingleton(DefaultSingletonBeanRegistry.java:228)
	at org.springframework.beans.factory.support.AbstractBeanFactory.doGetBean(AbstractBeanFactory.java:298)
	at org.springframework.beans.factory.support.AbstractBeanFactory.getBean(AbstractBeanFactory.java:198)
	at org.springframework.beans.factory.support.DefaultListableBeanFactory.getBeansOfType(DefaultListableBeanFactory.java:470)
	at org.springframework.beans.factory.support.DefaultListableBeanFactory.getBeansOfType(DefaultListableBeanFactory.java:459)
	at org.springframework.security.config.annotation.web.configuration.AutowiredWebSecurityConfigurersIgnoreParents.getWebSecurityConfigurers(AutowiredWebSecurityConfigurersIgnoreParents.java:52)
	at sun.reflect.NativeMethodAccessorImpl.invoke0(Native Method)
	at sun.reflect.NativeMethodAccessorImpl.invoke(NativeMethodAccessorImpl.java:39)
	at sun.reflect.DelegatingMethodAccessorImpl.invoke(DelegatingMethodAccessorImpl.java:25)
	at java.lang.reflect.Method.invoke(Method.java:597)
	at org.springframework.expression.spel.support.ReflectiveMethodExecutor.execute(ReflectiveMethodExecutor.java:63)
	at org.springframework.expression.spel.ast.MethodReference.getValueInternal(MethodReference.java:122)
	at org.springframework.expression.spel.ast.MethodReference.access$000(MethodReference.java:44)
	at org.springframework.expression.spel.ast.MethodReference$MethodValueRef.getValue(MethodReference.java:258)
	at org.springframework.expression.spel.ast.CompoundExpression.getValueInternal(CompoundExpression.java:84)
	at org.springframework.expression.spel.ast.SpelNodeImpl.getValue(SpelNodeImpl.java:103)
	at org.springframework.expression.spel.standard.SpelExpression.getValue(SpelExpression.java:94)
	at org.springframework.context.expression.StandardBeanExpressionResolver.evaluate(StandardBeanExpressionResolver.java:143)
	... 37 common frames omitted
Caused by: org.springframework.beans.factory.BeanCreationException: Could not autowire method: public void org.springframework.security.config.annotation.web.configuration.WebSecurityConfigurerAdapter.setContentNegotationStrategy(org.springframework.web.accept.ContentNegotiationStrategy); nested exception is org.springframework.beans.factory.BeanCreationException: Error creating bean with name &apos;org.springframework.web.servlet.config.annotation.DelegatingWebMvcConfiguration&apos;: Injection of autowired dependencies failed; nested exception is org.springframework.beans.factory.BeanCreationException: Could not autowire method: public void org.springframework.web.servlet.config.annotation.DelegatingWebMvcConfiguration.setConfigurers(java.util.List); nested exception is org.springframework.beans.factory.BeanCreationException: Error creating bean with name &apos;org.springframework.boot.autoconfigure.web.WebMvcAutoConfiguration$WebMvcAutoConfigurationAdapter&apos;: Injection of autowired dependencies failed; nested exception is org.springframework.beans.factory.BeanCreationException: Could not autowire field: private org.springframework.boot.autoconfigure.web.HttpMessageConverters org.springframework.boot.autoconfigure.web.WebMvcAutoConfiguration$WebMvcAutoConfigurationAdapter.messageConverters; nested exception is org.springframework.beans.factory.BeanCreationException: Error creating bean with name &apos;org.springframework.boot.autoconfigure.web.HttpMessageConvertersAutoConfiguration&apos;: Injection of autowired dependencies failed; nested exception is org.springframework.beans.factory.BeanCreationException: Could not autowire field: private final java.util.List org.springframework.boot.autoconfigure.web.HttpMessageConvertersAutoConfiguration.converters; nested exception is org.springframework.beans.factory.BeanCreationException: Error creating bean with name &apos;jacksonHttpMessageConverter&apos; defined in class path resource [org/springframework/data/rest/webmvc/config/RepositoryRestMvcConfiguration.class]: Instantiation of bean failed; nested exception is org.springframework.beans.factory.BeanDefinitionStoreException: Factory method [public org.springframework.http.converter.json.MappingJackson2HttpMessageConverter org.springframework.data.rest.webmvc.config.RepositoryRestMvcConfiguration.jacksonHttpMessageConverter()] threw exception; nested exception is org.springframework.beans.factory.BeanCreationException: Error creating bean with name &apos;config&apos; defined in class path resource [org/springframework/data/rest/webmvc/config/RepositoryRestMvcConfiguration.class]: Instantiation of bean failed; nested exception is org.springframework.beans.factory.BeanDefinitionStoreException: Factory method [public org.springframework.data.rest.core.config.RepositoryRestConfiguration org.springframework.data.rest.webmvc.config.RepositoryRestMvcConfiguration.config()] threw exception; nested exception is org.springframework.beans.factory.BeanCreationException: Error creating bean with name &apos;repositories&apos; defined in class path resource [org/springframework/data/rest/webmvc/config/RepositoryRestMvcConfiguration.class]: Instantiation of bean failed; nested exception is org.springframework.beans.factory.BeanDefinitionStoreException: Factory method [public org.springframework.data.repository.support.Repositories org.springframework.data.rest.webmvc.config.RepositoryRestMvcConfiguration.repositories()] threw exception; nested exception is org.springframework.beans.factory.UnsatisfiedDependencyException: Error creating bean with name &apos;mongoDBEnvironmentRepositoryImpl&apos; defined in URL [jar:file:/C:/workspaces/denv/denv-server-mongodb/target/denv-server-mongodb-0.1.0.jar!/org/ssoup/denv/server/persistence/mongodb/repository/MongoDBEnvironmentRepositoryImpl.class]: Unsatisfied dependency expressed through constructor argument with index 1 of type [org.ssoup.denv.server.persistence.ApplicationConfigRepository]: : No qualifying bean of type [org.ssoup.denv.server.persistence.ApplicationConfigRepository] is defined: expected single matching bean but found 2: mongoDBImageRepository,mongoDBApplicationConfigRepository; nested exception is org.springframework.beans.factory.NoUniqueBeanDefinitionException: No qualifying bean of type [org.ssoup.denv.server.persistence.ApplicationConfigRepository] is defined: expected single matching bean but found 2: mongoDBImageRepository,mongoDBApplicationConfigRepository
	at org.springframework.beans.factory.annotation.AutowiredAnnotationBeanPostProcessor$AutowiredMethodElement.inject(AutowiredAnnotationBeanPostProcessor.java:596)
	at org.springframework.beans.factory.annotation.InjectionMetadata.inject(InjectionMetadata.java:87)
	at org.springframework.beans.factory.annotation.AutowiredAnnotationBeanPostProcessor.postProcessPropertyValues(AutowiredAnnotationBeanPostProcessor.java:289)
	... 59 common frames omitted
Caused by: org.springframework.beans.factory.BeanCreationException: Error creating bean with name &apos;org.springframework.web.servlet.config.annotation.DelegatingWebMvcConfiguration&apos;: Injection of autowired dependencies failed; nested exception is org.springframework.beans.factory.BeanCreationException: Could not autowire method: public void org.springframework.web.servlet.config.annotation.DelegatingWebMvcConfiguration.setConfigurers(java.util.List); nested exception is org.springframework.beans.factory.BeanCreationException: Error creating bean with name &apos;org.springframework.boot.autoconfigure.web.WebMvcAutoConfiguration$WebMvcAutoConfigurationAdapter&apos;: Injection of autowired dependencies failed; nested exception is org.springframework.beans.factory.BeanCreationException: Could not autowire field: private org.springframework.boot.autoconfigure.web.HttpMessageConverters org.springframework.boot.autoconfigure.web.WebMvcAutoConfiguration$WebMvcAutoConfigurationAdapter.messageConverters; nested exception is org.springframework.beans.factory.BeanCreationException: Error creating bean with name &apos;org.springframework.boot.autoconfigure.web.HttpMessageConvertersAutoConfiguration&apos;: Injection of autowired dependencies failed; nested exception is org.springframework.beans.factory.BeanCreationException: Could not autowire field: private final java.util.List org.springframework.boot.autoconfigure.web.HttpMessageConvertersAutoConfiguration.converters; nested exception is org.springframework.beans.factory.BeanCreationException: Error creating bean with name &apos;jacksonHttpMessageConverter&apos; defined in class path resource [org/springframework/data/rest/webmvc/config/RepositoryRestMvcConfiguration.class]: Instantiation of bean failed; nested exception is org.springframework.beans.factory.BeanDefinitionStoreException: Factory method [public org.springframework.http.converter.json.MappingJackson2HttpMessageConverter org.springframework.data.rest.webmvc.config.RepositoryRestMvcConfiguration.jacksonHttpMessageConverter()] threw exception; nested exception is org.springframework.beans.factory.BeanCreationException: Error creating bean with name &apos;config&apos; defined in class path resource [org/springframework/data/rest/webmvc/config/RepositoryRestMvcConfiguration.class]: Instantiation of bean failed; nested exception is org.springframework.beans.factory.BeanDefinitionStoreException: Factory method [public org.springframework.data.rest.core.config.RepositoryRestConfiguration org.springframework.data.rest.webmvc.config.RepositoryRestMvcConfiguration.config()] threw exception; nested exception is org.springframework.beans.factory.BeanCreationException: Error creating bean with name &apos;repositories&apos; defined in class path resource [org/springframework/data/rest/webmvc/config/RepositoryRestMvcConfiguration.class]: Instantiation of bean failed; nested exception is org.springframework.beans.factory.BeanDefinitionStoreException: Factory method [public org.springframework.data.repository.support.Repositories org.springframework.data.rest.webmvc.config.RepositoryRestMvcConfiguration.repositories()] threw exception; nested exception is org.springframework.beans.factory.UnsatisfiedDependencyException: Error creating bean with name &apos;mongoDBEnvironmentRepositoryImpl&apos; defined in URL [jar:file:/C:/workspaces/denv/denv-server-mongodb/target/denv-server-mongodb-0.1.0.jar!/org/ssoup/denv/server/persistence/mongodb/repository/MongoDBEnvironmentRepositoryImpl.class]: Unsatisfied dependency expressed through constructor argument with index 1 of type [org.ssoup.denv.server.persistence.ApplicationConfigRepository]: : No qualifying bean of type [org.ssoup.denv.server.persistence.ApplicationConfigRepository] is defined: expected single matching bean but found 2: mongoDBImageRepository,mongoDBApplicationConfigRepository; nested exception is org.springframework.beans.factory.NoUniqueBeanDefinitionException: No qualifying bean of type [org.ssoup.denv.server.persistence.ApplicationConfigRepository] is defined: expected single matching bean but found 2: mongoDBImageRepository,mongoDBApplicationConfigRepository
	at org.springframework.beans.factory.annotation.AutowiredAnnotationBeanPostProcessor.postProcessPropertyValues(AutowiredAnnotationBeanPostProcessor.java:292)
	at org.springframework.beans.factory.support.AbstractAutowireCapableBeanFactory.populateBean(AbstractAutowireCapableBeanFactory.java:1185)
	at org.springframework.beans.factory.support.AbstractAutowireCapableBeanFactory.doCreateBean(AbstractAutowireCapableBeanFactory.java:537)
	at org.springframework.beans.factory.support.AbstractAutowireCapableBeanFactory.createBean(AbstractAutowireCapableBeanFactory.java:475)
	at org.springframework.beans.factory.support.AbstractBeanFactory$1.getObject(AbstractBeanFactory.java:302)
	at org.springframework.beans.factory.support.DefaultSingletonBeanRegistry.getSingleton(DefaultSingletonBeanRegistry.java:228)
	at org.springframework.beans.factory.support.AbstractBeanFactory.doGetBean(AbstractBeanFactory.java:298)
	at org.springframework.beans.factory.support.AbstractBeanFactory.getBean(AbstractBeanFactory.java:193)
	at org.springframework.beans.factory.support.ConstructorResolver.instantiateUsingFactoryMethod(ConstructorResolver.java:370)
	at org.springframework.beans.factory.support.AbstractAutowireCapableBeanFactory.instantiateUsingFactoryMethod(AbstractAutowireCapableBeanFactory.java:1094)
	at org.springframework.beans.factory.support.AbstractAutowireCapableBeanFactory.createBeanInstance(AbstractAutowireCapableBeanFactory.java:989)
	at org.springframework.beans.factory.support.AbstractAutowireCapableBeanFactory.doCreateBean(AbstractAutowireCapableBeanFactory.java:504)
	at org.springframework.beans.factory.support.AbstractAutowireCapableBeanFactory.createBean(AbstractAutowireCapableBeanFactory.java:475)
	at org.springframework.beans.factory.support.AbstractBeanFactory$1.getObject(AbstractBeanFactory.java:302)
	at org.springframework.beans.factory.support.DefaultSingletonBeanRegistry.getSingleton(DefaultSingletonBeanRegistry.java:228)
	at org.springframework.beans.factory.support.AbstractBeanFactory.doGetBean(AbstractBeanFactory.java:298)
	at org.springframework.beans.factory.support.AbstractBeanFactory.getBean(AbstractBeanFactory.java:193)
	at org.springframework.beans.factory.support.DefaultListableBeanFactory.findAutowireCandidates(DefaultListableBeanFactory.java:1017)
	at org.springframework.beans.factory.support.DefaultListableBeanFactory.doResolveDependency(DefaultListableBeanFactory.java:960)
	at org.springframework.beans.factory.support.DefaultListableBeanFactory.resolveDependency(DefaultListableBeanFactory.java:858)
	at org.springframework.beans.factory.annotation.AutowiredAnnotationBeanPostProcessor$AutowiredMethodElement.inject(AutowiredAnnotationBeanPostProcessor.java:553)
	... 61 common frames omitted
Caused by: org.springframework.beans.factory.BeanCreationException: Could not autowire method: public void org.springframework.web.servlet.config.annotation.DelegatingWebMvcConfiguration.setConfigurers(java.util.List); nested exception is org.springframework.beans.factory.BeanCreationException: Error creating bean with name &apos;org.springframework.boot.autoconfigure.web.WebMvcAutoConfiguration$WebMvcAutoConfigurationAdapter&apos;: Injection of autowired dependencies failed; nested exception is org.springframework.beans.factory.BeanCreationException: Could not autowire field: private org.springframework.boot.autoconfigure.web.HttpMessageConverters org.springframework.boot.autoconfigure.web.WebMvcAutoConfiguration$WebMvcAutoConfigurationAdapter.messageConverters; nested exception is org.springframework.beans.factory.BeanCreationException: Error creating bean with name &apos;org.springframework.boot.autoconfigure.web.HttpMessageConvertersAutoConfiguration&apos;: Injection of autowired dependencies failed; nested exception is org.springframework.beans.factory.BeanCreationException: Could not autowire field: private final java.util.List org.springframework.boot.autoconfigure.web.HttpMessageConvertersAutoConfiguration.converters; nested exception is org.springframework.beans.factory.BeanCreationException: Error creating bean with name &apos;jacksonHttpMessageConverter&apos; defined in class path resource [org/springframework/data/rest/webmvc/config/RepositoryRestMvcConfiguration.class]: Instantiation of bean failed; nested exception is org.springframework.beans.factory.BeanDefinitionStoreException: Factory method [public org.springframework.http.converter.json.MappingJackson2HttpMessageConverter org.springframework.data.rest.webmvc.config.RepositoryRestMvcConfiguration.jacksonHttpMessageConverter()] threw exception; nested exception is org.springframework.beans.factory.BeanCreationException: Error creating bean with name &apos;config&apos; defined in class path resource [org/springframework/data/rest/webmvc/config/RepositoryRestMvcConfiguration.class]: Instantiation of bean failed; nested exception is org.springframework.beans.factory.BeanDefinitionStoreException: Factory method [public org.springframework.data.rest.core.config.RepositoryRestConfiguration org.springframework.data.rest.webmvc.config.RepositoryRestMvcConfiguration.config()] threw exception; nested exception is org.springframework.beans.factory.BeanCreationException: Error creating bean with name &apos;repositories&apos; defined in class path resource [org/springframework/data/rest/webmvc/config/RepositoryRestMvcConfiguration.class]: Instantiation of bean failed; nested exception is org.springframework.beans.factory.BeanDefinitionStoreException: Factory method [public org.springframework.data.repository.support.Repositories org.springframework.data.rest.webmvc.config.RepositoryRestMvcConfiguration.repositories()] threw exception; nested exception is org.springframework.beans.factory.UnsatisfiedDependencyException: Error creating bean with name &apos;mongoDBEnvironmentRepositoryImpl&apos; defined in URL [jar:file:/C:/workspaces/denv/denv-server-mongodb/target/denv-server-mongodb-0.1.0.jar!/org/ssoup/denv/server/persistence/mongodb/repository/MongoDBEnvironmentRepositoryImpl.class]: Unsatisfied dependency expressed through constructor argument with index 1 of type [org.ssoup.denv.server.persistence.ApplicationConfigRepository]: : No qualifying bean of type [org.ssoup.denv.server.persistence.ApplicationConfigRepository] is defined: expected single matching bean but found 2: mongoDBImageRepository,mongoDBApplicationConfigRepository; nested exception is org.springframework.beans.factory.NoUniqueBeanDefinitionException: No qualifying bean of type [org.ssoup.denv.server.persistence.ApplicationConfigRepository] is defined: expected single matching bean but found 2: mongoDBImageRepository,mongoDBApplicationConfigRepository
	at org.springframework.beans.factory.annotation.AutowiredAnnotationBeanPostProcessor$AutowiredMethodElement.inject(AutowiredAnnotationBeanPostProcessor.java:596)
	at org.springframework.beans.factory.annotation.InjectionMetadata.inject(InjectionMetadata.java:87)
	at org.springframework.beans.factory.annotation.AutowiredAnnotationBeanPostProcessor.postProcessPropertyValues(AutowiredAnnotationBeanPostProcessor.java:289)
	... 81 common frames omitted
Caused by: org.springframework.beans.factory.BeanCreationException: Error creating bean with name &apos;org.springframework.boot.autoconfigure.web.WebMvcAutoConfiguration$WebMvcAutoConfigurationAdapter&apos;: Injection of autowired dependencies failed; nested exception is org.springframework.beans.factory.BeanCreationException: Could not autowire field: private org.springframework.boot.autoconfigure.web.HttpMessageConverters org.springframework.boot.autoconfigure.web.WebMvcAutoConfiguration$WebMvcAutoConfigurationAdapter.messageConverters; nested exception is org.springframework.beans.factory.BeanCreationException: Error creating bean with name &apos;org.springframework.boot.autoconfigure.web.HttpMessageConvertersAutoConfiguration&apos;: Injection of autowired dependencies failed; nested exception is org.springframework.beans.factory.BeanCreationException: Could not autowire field: private final java.util.List org.springframework.boot.autoconfigure.web.HttpMessageConvertersAutoConfiguration.converters; nested exception is org.springframework.beans.factory.BeanCreationException: Error creating bean with name &apos;jacksonHttpMessageConverter&apos; defined in class path resource [org/springframework/data/rest/webmvc/config/RepositoryRestMvcConfiguration.class]: Instantiation of bean failed; nested exception is org.springframework.beans.factory.BeanDefinitionStoreException: Factory method [public org.springframework.http.converter.json.MappingJackson2HttpMessageConverter org.springframework.data.rest.webmvc.config.RepositoryRestMvcConfiguration.jacksonHttpMessageConverter()] threw exception; nested exception is org.springframework.beans.factory.BeanCreationException: Error creating bean with name &apos;config&apos; defined in class path resource [org/springframework/data/rest/webmvc/config/RepositoryRestMvcConfiguration.class]: Instantiation of bean failed; nested exception is org.springframework.beans.factory.BeanDefinitionStoreException: Factory method [public org.springframework.data.rest.core.config.RepositoryRestConfiguration org.springframework.data.rest.webmvc.config.RepositoryRestMvcConfiguration.config()] threw exception; nested exception is org.springframework.beans.factory.BeanCreationException: Error creating bean with name &apos;repositories&apos; defined in class path resource [org/springframework/data/rest/webmvc/config/RepositoryRestMvcConfiguration.class]: Instantiation of bean failed; nested exception is org.springframework.beans.factory.BeanDefinitionStoreException: Factory method [public org.springframework.data.repository.support.Repositories org.springframework.data.rest.webmvc.config.RepositoryRestMvcConfiguration.repositories()] threw exception; nested exception is org.springframework.beans.factory.UnsatisfiedDependencyException: Error creating bean with name &apos;mongoDBEnvironmentRepositoryImpl&apos; defined in URL [jar:file:/C:/workspaces/denv/denv-server-mongodb/target/denv-server-mongodb-0.1.0.jar!/org/ssoup/denv/server/persistence/mongodb/repository/MongoDBEnvironmentRepositoryImpl.class]: Unsatisfied dependency expressed through constructor argument with index 1 of type [org.ssoup.denv.server.persistence.ApplicationConfigRepository]: : No qualifying bean of type [org.ssoup.denv.server.persistence.ApplicationConfigRepository] is defined: expected single matching bean but found 2: mongoDBImageRepository,mongoDBApplicationConfigRepository; nested exception is org.springframework.beans.factory.NoUniqueBeanDefinitionException: No qualifying bean of type [org.ssoup.denv.server.persistence.ApplicationConfigRepository] is defined: expected single matching bean but found 2: mongoDBImageRepository,mongoDBApplicationConfigRepository
	at org.springframework.beans.factory.annotation.AutowiredAnnotationBeanPostProcessor.postProcessPropertyValues(AutowiredAnnotationBeanPostProcessor.java:292)
	at org.springframework.beans.factory.support.AbstractAutowireCapableBeanFactory.populateBean(AbstractAutowireCapableBeanFactory.java:1185)
	at org.springframework.beans.factory.support.AbstractAutowireCapableBeanFactory.doCreateBean(AbstractAutowireCapableBeanFactory.java:537)
	at org.springframework.beans.factory.support.AbstractAutowireCapableBeanFactory.createBean(AbstractAutowireCapableBeanFactory.java:475)
	at org.springframework.beans.factory.support.AbstractBeanFactory$1.getObject(AbstractBeanFactory.java:302)
	at org.springframework.beans.factory.support.DefaultSingletonBeanRegistry.getSingleton(DefaultSingletonBeanRegistry.java:228)
	at org.springframework.beans.factory.support.AbstractBeanFactory.doGetBean(AbstractBeanFactory.java:298)
	at org.springframework.beans.factory.support.AbstractBeanFactory.getBean(AbstractBeanFactory.java:193)
	at org.springframework.beans.factory.support.DefaultListableBeanFactory.findAutowireCandidates(DefaultListableBeanFactory.java:1017)
	at org.springframework.beans.factory.support.DefaultListableBeanFactory.doResolveDependency(DefaultListableBeanFactory.java:912)
	at org.springframework.beans.factory.support.DefaultListableBeanFactory.resolveDependency(DefaultListableBeanFactory.java:858)
	at org.springframework.beans.factory.annotation.AutowiredAnnotationBeanPostProcessor$AutowiredMethodElement.inject(AutowiredAnnotationBeanPostProcessor.java:553)
	... 83 common frames omitted
Caused by: org.springframework.beans.factory.BeanCreationException: Could not autowire field: private org.springframework.boot.autoconfigure.web.HttpMessageConverters org.springframework.boot.autoconfigure.web.WebMvcAutoConfiguration$WebMvcAutoConfigurationAdapter.messageConverters; nested exception is org.springframework.beans.factory.BeanCreationException: Error creating bean with name &apos;org.springframework.boot.autoconfigure.web.HttpMessageConvertersAutoConfiguration&apos;: Injection of autowired dependencies failed; nested exception is org.springframework.beans.factory.BeanCreationException: Could not autowire field: private final java.util.List org.springframework.boot.autoconfigure.web.HttpMessageConvertersAutoConfiguration.converters; nested exception is org.springframework.beans.factory.BeanCreationException: Error creating bean with name &apos;jacksonHttpMessageConverter&apos; defined in class path resource [org/springframework/data/rest/webmvc/config/RepositoryRestMvcConfiguration.class]: Instantiation of bean failed; nested exception is org.springframework.beans.factory.BeanDefinitionStoreException: Factory method [public org.springframework.http.converter.json.MappingJackson2HttpMessageConverter org.springframework.data.rest.webmvc.config.RepositoryRestMvcConfiguration.jacksonHttpMessageConverter()] threw exception; nested exception is org.springframework.beans.factory.BeanCreationException: Error creating bean with name &apos;config&apos; defined in class path resource [org/springframework/data/rest/webmvc/config/RepositoryRestMvcConfiguration.class]: Instantiation of bean failed; nested exception is org.springframework.beans.factory.BeanDefinitionStoreException: Factory method [public org.springframework.data.rest.core.config.RepositoryRestConfiguration org.springframework.data.rest.webmvc.config.RepositoryRestMvcConfiguration.config()] threw exception; nested exception is org.springframework.beans.factory.BeanCreationException: Error creating bean with name &apos;repositories&apos; defined in class path resource [org/springframework/data/rest/webmvc/config/RepositoryRestMvcConfiguration.class]: Instantiation of bean failed; nested exception is org.springframework.beans.factory.BeanDefinitionStoreException: Factory method [public org.springframework.data.repository.support.Repositories org.springframework.data.rest.webmvc.config.RepositoryRestMvcConfiguration.repositories()] threw exception; nested exception is org.springframework.beans.factory.UnsatisfiedDependencyException: Error creating bean with name &apos;mongoDBEnvironmentRepositoryImpl&apos; defined in URL [jar:file:/C:/workspaces/denv/denv-server-mongodb/target/denv-server-mongodb-0.1.0.jar!/org/ssoup/denv/server/persistence/mongodb/repository/MongoDBEnvironmentRepositoryImpl.class]: Unsatisfied dependency expressed through constructor argument with index 1 of type [org.ssoup.denv.server.persistence.ApplicationConfigRepository]: : No qualifying bean of type [org.ssoup.denv.server.persistence.ApplicationConfigRepository] is defined: expected single matching bean but found 2: mongoDBImageRepository,mongoDBApplicationConfigRepository; nested exception is org.springframework.beans.factory.NoUniqueBeanDefinitionException: No qualifying bean of type [org.ssoup.denv.server.persistence.ApplicationConfigRepository] is defined: expected single matching bean but found 2: mongoDBImageRepository,mongoDBApplicationConfigRepository
	at org.springframework.beans.factory.annotation.AutowiredAnnotationBeanPostProcessor$AutowiredFieldElement.inject(AutowiredAnnotationBeanPostProcessor.java:508)
	at org.springframework.beans.factory.annotation.InjectionMetadata.inject(InjectionMetadata.java:87)
	at org.springframework.beans.factory.annotation.AutowiredAnnotationBeanPostProcessor.postProcessPropertyValues(AutowiredAnnotationBeanPostProcessor.java:289)
	... 94 common frames omitted
Caused by: org.springframework.beans.factory.BeanCreationException: Error creating bean with name &apos;org.springframework.boot.autoconfigure.web.HttpMessageConvertersAutoConfiguration&apos;: Injection of autowired dependencies failed; nested exception is org.springframework.beans.factory.BeanCreationException: Could not autowire field: private final java.util.List org.springframework.boot.autoconfigure.web.HttpMessageConvertersAutoConfiguration.converters; nested exception is org.springframework.beans.factory.BeanCreationException: Error creating bean with name &apos;jacksonHttpMessageConverter&apos; defined in class path resource [org/springframework/data/rest/webmvc/config/RepositoryRestMvcConfiguration.class]: Instantiation of bean failed; nested exception is org.springframework.beans.factory.BeanDefinitionStoreException: Factory method [public org.springframework.http.converter.json.MappingJackson2HttpMessageConverter org.springframework.data.rest.webmvc.config.RepositoryRestMvcConfiguration.jacksonHttpMessageConverter()] threw exception; nested exception is org.springframework.beans.factory.BeanCreationException: Error creating bean with name &apos;config&apos; defined in class path resource [org/springframework/data/rest/webmvc/config/RepositoryRestMvcConfiguration.class]: Instantiation of bean failed; nested exception is org.springframework.beans.factory.BeanDefinitionStoreException: Factory method [public org.springframework.data.rest.core.config.RepositoryRestConfiguration org.springframework.data.rest.webmvc.config.RepositoryRestMvcConfiguration.config()] threw exception; nested exception is org.springframework.beans.factory.BeanCreationException: Error creating bean with name &apos;repositories&apos; defined in class path resource [org/springframework/data/rest/webmvc/config/RepositoryRestMvcConfiguration.class]: Instantiation of bean failed; nested exception is org.springframework.beans.factory.BeanDefinitionStoreException: Factory method [public org.springframework.data.repository.support.Repositories org.springframework.data.rest.webmvc.config.RepositoryRestMvcConfiguration.repositories()] threw exception; nested exception is org.springframework.beans.factory.UnsatisfiedDependencyException: Error creating bean with name &apos;mongoDBEnvironmentRepositoryImpl&apos; defined in URL [jar:file:/C:/workspaces/denv/denv-server-mongodb/target/denv-server-mongodb-0.1.0.jar!/org/ssoup/denv/server/persistence/mongodb/repository/MongoDBEnvironmentRepositoryImpl.class]: Unsatisfied dependency expressed through constructor argument with index 1 of type [org.ssoup.denv.server.persistence.ApplicationConfigRepository]: : No qualifying bean of type [org.ssoup.denv.server.persistence.ApplicationConfigRepository] is defined: expected single matching bean but found 2: mongoDBImageRepository,mongoDBApplicationConfigRepository; nested exception is org.springframework.beans.factory.NoUniqueBeanDefinitionException: No qualifying bean of type [org.ssoup.denv.server.persistence.ApplicationConfigRepository] is defined: expected single matching bean but found 2: mongoDBImageRepository,mongoDBApplicationConfigRepository
	at org.springframework.beans.factory.annotation.AutowiredAnnotationBeanPostProcessor.postProcessPropertyValues(AutowiredAnnotationBeanPostProcessor.java:292)
	at org.springframework.beans.factory.support.AbstractAutowireCapableBeanFactory.populateBean(AbstractAutowireCapableBeanFactory.java:1185)
	at org.springframework.beans.factory.support.AbstractAutowireCapableBeanFactory.doCreateBean(AbstractAutowireCapableBeanFactory.java:537)
	at org.springframework.beans.factory.support.AbstractAutowireCapableBeanFactory.createBean(AbstractAutowireCapableBeanFactory.java:475)
	at org.springframework.beans.factory.support.AbstractBeanFactory$1.getObject(AbstractBeanFactory.java:302)
	at org.springframework.beans.factory.support.DefaultSingletonBeanRegistry.getSingleton(DefaultSingletonBeanRegistry.java:228)
	at org.springframework.beans.factory.support.AbstractBeanFactory.doGetBean(AbstractBeanFactory.java:298)
	at org.springframework.beans.factory.support.AbstractBeanFactory.getBean(AbstractBeanFactory.java:193)
	at org.springframework.beans.factory.support.ConstructorResolver.instantiateUsingFactoryMethod(ConstructorResolver.java:370)
	at org.springframework.beans.factory.support.AbstractAutowireCapableBeanFactory.instantiateUsingFactoryMethod(AbstractAutowireCapableBeanFactory.java:1094)
	at org.springframework.beans.factory.support.AbstractAutowireCapableBeanFactory.createBeanInstance(AbstractAutowireCapableBeanFactory.java:989)
	at org.springframework.beans.factory.support.AbstractAutowireCapableBeanFactory.doCreateBean(AbstractAutowireCapableBeanFactory.java:504)
	at org.springframework.beans.factory.support.AbstractAutowireCapableBeanFactory.createBean(AbstractAutowireCapableBeanFactory.java:475)
	at org.springframework.beans.factory.support.AbstractBeanFactory$1.getObject(AbstractBeanFactory.java:302)
	at org.springframework.beans.factory.support.DefaultSingletonBeanRegistry.getSingleton(DefaultSingletonBeanRegistry.java:228)
	at org.springframework.beans.factory.support.AbstractBeanFactory.doGetBean(AbstractBeanFactory.java:298)
	at org.springframework.beans.factory.support.AbstractBeanFactory.getBean(AbstractBeanFactory.java:193)
	at org.springframework.beans.factory.support.DefaultListableBeanFactory.findAutowireCandidates(DefaultListableBeanFactory.java:1017)
	at org.springframework.beans.factory.support.DefaultListableBeanFactory.doResolveDependency(DefaultListableBeanFactory.java:960)
	at org.springframework.beans.factory.support.DefaultListableBeanFactory.resolveDependency(DefaultListableBeanFactory.java:858)
	at org.springframework.beans.factory.annotation.AutowiredAnnotationBeanPostProcessor$AutowiredFieldElement.inject(AutowiredAnnotationBeanPostProcessor.java:480)
	... 96 common frames omitted
Caused by: org.springframework.beans.factory.BeanCreationException: Could not autowire field: private final java.util.List org.springframework.boot.autoconfigure.web.HttpMessageConvertersAutoConfiguration.converters; nested exception is org.springframework.beans.factory.BeanCreationException: Error creating bean with name &apos;jacksonHttpMessageConverter&apos; defined in class path resource [org/springframework/data/rest/webmvc/config/RepositoryRestMvcConfiguration.class]: Instantiation of bean failed; nested exception is org.springframework.beans.factory.BeanDefinitionStoreException: Factory method [public org.springframework.http.converter.json.MappingJackson2HttpMessageConverter org.springframework.data.rest.webmvc.config.RepositoryRestMvcConfiguration.jacksonHttpMessageConverter()] threw exception; nested exception is org.springframework.beans.factory.BeanCreationException: Error creating bean with name &apos;config&apos; defined in class path resource [org/springframework/data/rest/webmvc/config/RepositoryRestMvcConfiguration.class]: Instantiation of bean failed; nested exception is org.springframework.beans.factory.BeanDefinitionStoreException: Factory method [public org.springframework.data.rest.core.config.RepositoryRestConfiguration org.springframework.data.rest.webmvc.config.RepositoryRestMvcConfiguration.config()] threw exception; nested exception is org.springframework.beans.factory.BeanCreationException: Error creating bean with name &apos;repositories&apos; defined in class path resource [org/springframework/data/rest/webmvc/config/RepositoryRestMvcConfiguration.class]: Instantiation of bean failed; nested exception is org.springframework.beans.factory.BeanDefinitionStoreException: Factory method [public org.springframework.data.repository.support.Repositories org.springframework.data.rest.webmvc.config.RepositoryRestMvcConfiguration.repositories()] threw exception; nested exception is org.springframework.beans.factory.UnsatisfiedDependencyException: Error creating bean with name &apos;mongoDBEnvironmentRepositoryImpl&apos; defined in URL [jar:file:/C:/workspaces/denv/denv-server-mongodb/target/denv-server-mongodb-0.1.0.jar!/org/ssoup/denv/server/persistence/mongodb/repository/MongoDBEnvironmentRepositoryImpl.class]: Unsatisfied dependency expressed through constructor argument with index 1 of type [org.ssoup.denv.server.persistence.ApplicationConfigRepository]: : No qualifying bean of type [org.ssoup.denv.server.persistence.ApplicationConfigRepository] is defined: expected single matching bean but found 2: mongoDBImageRepository,mongoDBApplicationConfigRepository; nested exception is org.springframework.beans.factory.NoUniqueBeanDefinitionException: No qualifying bean of type [org.ssoup.denv.server.persistence.ApplicationConfigRepository] is defined: expected single matching bean but found 2: mongoDBImageRepository,mongoDBApplicationConfigRepository
	at org.springframework.beans.factory.annotation.AutowiredAnnotationBeanPostProcessor$AutowiredFieldElement.inject(AutowiredAnnotationBeanPostProcessor.java:508)
	at org.springframework.beans.factory.annotation.InjectionMetadata.inject(InjectionMetadata.java:87)
	at org.springframework.beans.factory.annotation.AutowiredAnnotationBeanPostProcessor.postProcessPropertyValues(AutowiredAnnotationBeanPostProcessor.java:289)
	... 116 common frames omitted
Caused by: org.springframework.beans.factory.BeanCreationException: Error creating bean with name &apos;jacksonHttpMessageConverter&apos; defined in class path resource [org/springframework/data/rest/webmvc/config/RepositoryRestMvcConfiguration.class]: Instantiation of bean failed; nested exception is org.springframework.beans.factory.BeanDefinitionStoreException: Factory method [public org.springframework.http.converter.json.MappingJackson2HttpMessageConverter org.springframework.data.rest.webmvc.config.RepositoryRestMvcConfiguration.jacksonHttpMessageConverter()] threw exception; nested exception is org.springframework.beans.factory.BeanCreationException: Error creating bean with name &apos;config&apos; defined in class path resource [org/springframework/data/rest/webmvc/config/RepositoryRestMvcConfiguration.class]: Instantiation of bean failed; nested exception is org.springframework.beans.factory.BeanDefinitionStoreException: Factory method [public org.springframework.data.rest.core.config.RepositoryRestConfiguration org.springframework.data.rest.webmvc.config.RepositoryRestMvcConfiguration.config()] threw exception; nested exception is org.springframework.beans.factory.BeanCreationException: Error creating bean with name &apos;repositories&apos; defined in class path resource [org/springframework/data/rest/webmvc/config/RepositoryRestMvcConfiguration.class]: Instantiation of bean failed; nested exception is org.springframework.beans.factory.BeanDefinitionStoreException: Factory method [public org.springframework.data.repository.support.Repositories org.springframework.data.rest.webmvc.config.RepositoryRestMvcConfiguration.repositories()] threw exception; nested exception is org.springframework.beans.factory.UnsatisfiedDependencyException: Error creating bean with name &apos;mongoDBEnvironmentRepositoryImpl&apos; defined in URL [jar:file:/C:/workspaces/denv/denv-server-mongodb/target/denv-server-mongodb-0.1.0.jar!/org/ssoup/denv/server/persistence/mongodb/repository/MongoDBEnvironmentRepositoryImpl.class]: Unsatisfied dependency expressed through constructor argument with index 1 of type [org.ssoup.denv.server.persistence.ApplicationConfigRepository]: : No qualifying bean of type [org.ssoup.denv.server.persistence.ApplicationConfigRepository] is defined: expected single matching bean but found 2: mongoDBImageRepository,mongoDBApplicationConfigRepository; nested exception is org.springframework.beans.factory.NoUniqueBeanDefinitionException: No qualifying bean of type [org.ssoup.denv.server.persistence.ApplicationConfigRepository] is defined: expected single matching bean but found 2: mongoDBImageRepository,mongoDBApplicationConfigRepository
	at org.springframework.beans.factory.support.ConstructorResolver.instantiateUsingFactoryMethod(ConstructorResolver.java:597)
	at org.springframework.beans.factory.support.AbstractAutowireCapableBeanFactory.instantiateUsingFactoryMethod(AbstractAutowireCapableBeanFactory.java:1094)
	at org.springframework.beans.factory.support.AbstractAutowireCapableBeanFactory.createBeanInstance(AbstractAutowireCapableBeanFactory.java:989)
	at org.springframework.beans.factory.support.AbstractAutowireCapableBeanFactory.doCreateBean(AbstractAutowireCapableBeanFactory.java:504)
	at org.springframework.beans.factory.support.AbstractAutowireCapableBeanFactory.createBean(AbstractAutowireCapableBeanFactory.java:475)
	at org.springframework.beans.factory.support.AbstractBeanFactory$1.getObject(AbstractBeanFactory.java:302)
	at org.springframework.beans.factory.support.DefaultSingletonBeanRegistry.getSingleton(DefaultSingletonBeanRegistry.java:228)
	at org.springframework.beans.factory.support.AbstractBeanFactory.doGetBean(AbstractBeanFactory.java:298)
	at org.springframework.beans.factory.support.AbstractBeanFactory.getBean(AbstractBeanFactory.java:193)
	at org.springframework.beans.factory.support.DefaultListableBeanFactory.findAutowireCandidates(DefaultListableBeanFactory.java:1017)
	at org.springframework.beans.factory.support.DefaultListableBeanFactory.doResolveDependency(DefaultListableBeanFactory.java:912)
	at org.springframework.beans.factory.support.DefaultListableBeanFactory.resolveDependency(DefaultListableBeanFactory.java:858)
	at org.springframework.beans.factory.annotation.AutowiredAnnotationBeanPostProcessor$AutowiredFieldElement.inject(AutowiredAnnotationBeanPostProcessor.java:480)
	... 118 common frames omitted
Caused by: org.springframework.beans.factory.BeanDefinitionStoreException: Factory method [public org.springframework.http.converter.json.MappingJackson2HttpMessageConverter org.springframework.data.rest.webmvc.config.RepositoryRestMvcConfiguration.jacksonHttpMessageConverter()] threw exception; nested exception is org.springframework.beans.factory.BeanCreationException: Error creating bean with name &apos;config&apos; defined in class path resource [org/springframework/data/rest/webmvc/config/RepositoryRestMvcConfiguration.class]: Instantiation of bean failed; nested exception is org.springframework.beans.factory.BeanDefinitionStoreException: Factory method [public org.springframework.data.rest.core.config.RepositoryRestConfiguration org.springframework.data.rest.webmvc.config.RepositoryRestMvcConfiguration.config()] threw exception; nested exception is org.springframework.beans.factory.BeanCreationException: Error creating bean with name &apos;repositories&apos; defined in class path resource [org/springframework/data/rest/webmvc/config/RepositoryRestMvcConfiguration.class]: Instantiation of bean failed; nested exception is org.springframework.beans.factory.BeanDefinitionStoreException: Factory method [public org.springframework.data.repository.support.Repositories org.springframework.data.rest.webmvc.config.RepositoryRestMvcConfiguration.repositories()] threw exception; nested exception is org.springframework.beans.factory.UnsatisfiedDependencyException: Error creating bean with name &apos;mongoDBEnvironmentRepositoryImpl&apos; defined in URL [jar:file:/C:/workspaces/denv/denv-server-mongodb/target/denv-server-mongodb-0.1.0.jar!/org/ssoup/denv/server/persistence/mongodb/repository/MongoDBEnvironmentRepositoryImpl.class]: Unsatisfied dependency expressed through constructor argument with index 1 of type [org.ssoup.denv.server.persistence.ApplicationConfigRepository]: : No qualifying bean of type [org.ssoup.denv.server.persistence.ApplicationConfigRepository] is defined: expected single matching bean but found 2: mongoDBImageRepository,mongoDBApplicationConfigRepository; nested exception is org.springframework.beans.factory.NoUniqueBeanDefinitionException: No qualifying bean of type [org.ssoup.denv.server.persistence.ApplicationConfigRepository] is defined: expected single matching bean but found 2: mongoDBImageRepository,mongoDBApplicationConfigRepository
	at org.springframework.beans.factory.support.SimpleInstantiationStrategy.instantiate(SimpleInstantiationStrategy.java:188)
	at org.springframework.beans.factory.support.ConstructorResolver.instantiateUsingFactoryMethod(ConstructorResolver.java:586)
	... 130 common frames omitted
Caused by: org.springframework.beans.factory.BeanCreationException: Error creating bean with name &apos;config&apos; defined in class path resource [org/springframework/data/rest/webmvc/config/RepositoryRestMvcConfiguration.class]: Instantiation of bean failed; nested exception is org.springframework.beans.factory.BeanDefinitionStoreException: Factory method [public org.springframework.data.rest.core.config.RepositoryRestConfiguration org.springframework.data.rest.webmvc.config.RepositoryRestMvcConfiguration.config()] threw exception; nested exception is org.springframework.beans.factory.BeanCreationException: Error creating bean with name &apos;repositories&apos; defined in class path resource [org/springframework/data/rest/webmvc/config/RepositoryRestMvcConfiguration.class]: Instantiation of bean failed; nested exception is org.springframework.beans.factory.BeanDefinitionStoreException: Factory method [public org.springframework.data.repository.support.Repositories org.springframework.data.rest.webmvc.config.RepositoryRestMvcConfiguration.repositories()] threw exception; nested exception is org.springframework.beans.factory.UnsatisfiedDependencyException: Error creating bean with name &apos;mongoDBEnvironmentRepositoryImpl&apos; defined in URL [jar:file:/C:/workspaces/denv/denv-server-mongodb/target/denv-server-mongodb-0.1.0.jar!/org/ssoup/denv/server/persistence/mongodb/repository/MongoDBEnvironmentRepositoryImpl.class]: Unsatisfied dependency expressed through constructor argument with index 1 of type [org.ssoup.denv.server.persistence.ApplicationConfigRepository]: : No qualifying bean of type [org.ssoup.denv.server.persistence.ApplicationConfigRepository] is defined: expected single matching bean but found 2: mongoDBImageRepository,mongoDBApplicationConfigRepository; nested exception is org.springframework.beans.factory.NoUniqueBeanDefinitionException: No qualifying bean of type [org.ssoup.denv.server.persistence.ApplicationConfigRepository] is defined: expected single matching bean but found 2: mongoDBImageRepository,mongoDBApplicationConfigRepository
	at org.springframework.beans.factory.support.ConstructorResolver.instantiateUsingFactoryMethod(ConstructorResolver.java:597)
	at org.springframework.beans.factory.support.AbstractAutowireCapableBeanFactory.instantiateUsingFactoryMethod(AbstractAutowireCapableBeanFactory.java:1094)
	at org.springframework.beans.factory.support.AbstractAutowireCapableBeanFactory.createBeanInstance(AbstractAutowireCapableBeanFactory.java:989)
	at org.springframework.beans.factory.support.AbstractAutowireCapableBeanFactory.doCreateBean(AbstractAutowireCapableBeanFactory.java:504)
	at org.springframework.beans.factory.support.AbstractAutowireCapableBeanFactory.createBean(AbstractAutowireCapableBeanFactory.java:475)
	at org.springframework.beans.factory.support.AbstractBeanFactory$1.getObject(AbstractBeanFactory.java:302)
	at org.springframework.beans.factory.support.DefaultSingletonBeanRegistry.getSingleton(DefaultSingletonBeanRegistry.java:228)
	at org.springframework.beans.factory.support.AbstractBeanFactory.doGetBean(AbstractBeanFactory.java:298)
	at org.springframework.beans.factory.support.AbstractBeanFactory.getBean(AbstractBeanFactory.java:193)
	at org.springframework.context.annotation.ConfigurationClassEnhancer$BeanMethodInterceptor.intercept(ConfigurationClassEnhancer.java:324)
	at org.springframework.data.rest.webmvc.config.RepositoryRestMvcConfiguration$$EnhancerBySpringCGLIB$$2cc48631.config(&lt;generated&gt;)
	at org.springframework.data.rest.webmvc.config.RepositoryRestMvcConfiguration.jacksonHttpMessageConverter(RepositoryRestMvcConfiguration.java:374)
	at org.springframework.data.rest.webmvc.config.RepositoryRestMvcConfiguration$$EnhancerBySpringCGLIB$$2cc48631.CGLIB$jacksonHttpMessageConverter$21(&lt;generated&gt;)
	at org.springframework.data.rest.webmvc.config.RepositoryRestMvcConfiguration$$EnhancerBySpringCGLIB$$2cc48631$$FastClassBySpringCGLIB$$1e60d3fc.invoke(&lt;generated&gt;)
	at org.springframework.cglib.proxy.MethodProxy.invokeSuper(MethodProxy.java:228)
	at org.springframework.context.annotation.ConfigurationClassEnhancer$BeanMethodInterceptor.intercept(ConfigurationClassEnhancer.java:312)
	at org.springframework.data.rest.webmvc.config.RepositoryRestMvcConfiguration$$EnhancerBySpringCGLIB$$2cc48631.jacksonHttpMessageConverter(&lt;generated&gt;)
	at sun.reflect.NativeMethodAccessorImpl.invoke0(Native Method)
	at sun.reflect.NativeMethodAccessorImpl.invoke(NativeMethodAccessorImpl.java:39)
	at sun.reflect.DelegatingMethodAccessorImpl.invoke(DelegatingMethodAccessorImpl.java:25)
	at java.lang.reflect.Method.invoke(Method.java:597)
	at org.springframework.beans.factory.support.SimpleInstantiationStrategy.instantiate(SimpleInstantiationStrategy.java:166)
	... 131 common frames omitted
Caused by: org.springframework.beans.factory.BeanDefinitionStoreException: Factory method [public org.springframework.data.rest.core.config.RepositoryRestConfiguration org.springframework.data.rest.webmvc.config.RepositoryRestMvcConfiguration.config()] threw exception; nested exception is org.springframework.beans.factory.BeanCreationException: Error creating bean with name &apos;repositories&apos; defined in class path resource [org/springframework/data/rest/webmvc/config/RepositoryRestMvcConfiguration.class]: Instantiation of bean failed; nested exception is org.springframework.beans.factory.BeanDefinitionStoreException: Factory method [public org.springframework.data.repository.support.Repositories org.springframework.data.rest.webmvc.config.RepositoryRestMvcConfiguration.repositories()] threw exception; nested exception is org.springframework.beans.factory.UnsatisfiedDependencyException: Error creating bean with name &apos;mongoDBEnvironmentRepositoryImpl&apos; defined in URL [jar:file:/C:/workspaces/denv/denv-server-mongodb/target/denv-server-mongodb-0.1.0.jar!/org/ssoup/denv/server/persistence/mongodb/repository/MongoDBEnvironmentRepositoryImpl.class]: Unsatisfied dependency expressed through constructor argument with index 1 of type [org.ssoup.denv.server.persistence.ApplicationConfigRepository]: : No qualifying bean of type [org.ssoup.denv.server.persistence.ApplicationConfigRepository] is defined: expected single matching bean but found 2: mongoDBImageRepository,mongoDBApplicationConfigRepository; nested exception is org.springframework.beans.factory.NoUniqueBeanDefinitionException: No qualifying bean of type [org.ssoup.denv.server.persistence.ApplicationConfigRepository] is defined: expected single matching bean but found 2: mongoDBImageRepository,mongoDBApplicationConfigRepository
	at org.springframework.beans.factory.support.SimpleInstantiationStrategy.instantiate(SimpleInstantiationStrategy.java:188)
	at org.springframework.beans.factory.support.ConstructorResolver.instantiateUsingFactoryMethod(ConstructorResolver.java:586)
	... 152 common frames omitted
Caused by: org.springframework.beans.factory.BeanCreationException: Error creating bean with name &apos;repositories&apos; defined in class path resource [org/springframework/data/rest/webmvc/config/RepositoryRestMvcConfiguration.class]: Instantiation of bean failed; nested exception is org.springframework.beans.factory.BeanDefinitionStoreException: Factory method [public org.springframework.data.repository.support.Repositories org.springframework.data.rest.webmvc.config.RepositoryRestMvcConfiguration.repositories()] threw exception; nested exception is org.springframework.beans.factory.UnsatisfiedDependencyException: Error creating bean with name &apos;mongoDBEnvironmentRepositoryImpl&apos; defined in URL [jar:file:/C:/workspaces/denv/denv-server-mongodb/target/denv-server-mongodb-0.1.0.jar!/org/ssoup/denv/server/persistence/mongodb/repository/MongoDBEnvironmentRepositoryImpl.class]: Unsatisfied dependency expressed through constructor argument with index 1 of type [org.ssoup.denv.server.persistence.ApplicationConfigRepository]: : No qualifying bean of type [org.ssoup.denv.server.persistence.ApplicationConfigRepository] is defined: expected single matching bean but found 2: mongoDBImageRepository,mongoDBApplicationConfigRepository; nested exception is org.springframework.beans.factory.NoUniqueBeanDefinitionException: No qualifying bean of type [org.ssoup.denv.server.persistence.ApplicationConfigRepository] is defined: expected single matching bean but found 2: mongoDBImageRepository,mongoDBApplicationConfigRepository
	at org.springframework.beans.factory.support.ConstructorResolver.instantiateUsingFactoryMethod(ConstructorResolver.java:597)
	at org.springframework.beans.factory.support.AbstractAutowireCapableBeanFactory.instantiateUsingFactoryMethod(AbstractAutowireCapableBeanFactory.java:1094)
	at org.springframework.beans.factory.support.AbstractAutowireCapableBeanFactory.createBeanInstance(AbstractAutowireCapableBeanFactory.java:989)
	at org.springframework.beans.factory.support.AbstractAutowireCapableBeanFactory.doCreateBean(AbstractAutowireCapableBeanFactory.java:504)
	at org.springframework.beans.factory.support.AbstractAutowireCapableBeanFactory.createBean(AbstractAutowireCapableBeanFactory.java:475)
	at org.springframework.beans.factory.support.AbstractBeanFactory$1.getObject(AbstractBeanFactory.java:302)
	at org.springframework.beans.factory.support.DefaultSingletonBeanRegistry.getSingleton(DefaultSingletonBeanRegistry.java:228)
	at org.springframework.beans.factory.support.AbstractBeanFactory.doGetBean(AbstractBeanFactory.java:298)
	at org.springframework.beans.factory.support.AbstractBeanFactory.getBean(AbstractBeanFactory.java:193)
	at org.springframework.context.annotation.ConfigurationClassEnhancer$BeanMethodInterceptor.intercept(ConfigurationClassEnhancer.java:324)
	at org.springframework.data.rest.webmvc.config.RepositoryRestMvcConfiguration$$EnhancerBySpringCGLIB$$2cc48631.repositories(&lt;generated&gt;)
	at org.springframework.data.rest.webmvc.config.RepositoryRestMvcConfiguration.getProjections(RepositoryRestMvcConfiguration.java:621)
	at org.springframework.data.rest.webmvc.config.RepositoryRestMvcConfiguration.config(RepositoryRestMvcConfiguration.java:224)
	at org.springframework.data.rest.webmvc.config.RepositoryRestMvcConfiguration$$EnhancerBySpringCGLIB$$2cc48631.CGLIB$config$40(&lt;generated&gt;)
	at org.springframework.data.rest.webmvc.config.RepositoryRestMvcConfiguration$$EnhancerBySpringCGLIB$$2cc48631$$FastClassBySpringCGLIB$$1e60d3fc.invoke(&lt;generated&gt;)
	at org.springframework.cglib.proxy.MethodProxy.invokeSuper(MethodProxy.java:228)
	at org.springframework.context.annotation.ConfigurationClassEnhancer$BeanMethodInterceptor.intercept(ConfigurationClassEnhancer.java:312)
	at org.springframework.data.rest.webmvc.config.RepositoryRestMvcConfiguration$$EnhancerBySpringCGLIB$$2cc48631.config(&lt;generated&gt;)
	at sun.reflect.NativeMethodAccessorImpl.invoke0(Native Method)
	at sun.reflect.NativeMethodAccessorImpl.invoke(NativeMethodAccessorImpl.java:39)
	at sun.reflect.DelegatingMethodAccessorImpl.invoke(DelegatingMethodAccessorImpl.java:25)
	at java.lang.reflect.Method.invoke(Method.java:597)
	at org.springframework.beans.factory.support.SimpleInstantiationStrategy.instantiate(SimpleInstantiationStrategy.java:166)
	... 153 common frames omitted
Caused by: org.springframework.beans.factory.BeanDefinitionStoreException: Factory method [public org.springframework.data.repository.support.Repositories org.springframework.data.rest.webmvc.config.RepositoryRestMvcConfiguration.repositories()] threw exception; nested exception is org.springframework.beans.factory.UnsatisfiedDependencyException: Error creating bean with name &apos;mongoDBEnvironmentRepositoryImpl&apos; defined in URL [jar:file:/C:/workspaces/denv/denv-server-mongodb/target/denv-server-mongodb-0.1.0.jar!/org/ssoup/denv/server/persistence/mongodb/repository/MongoDBEnvironmentRepositoryImpl.class]: Unsatisfied dependency expressed through constructor argument with index 1 of type [org.ssoup.denv.server.persistence.ApplicationConfigRepository]: : No qualifying bean of type [org.ssoup.denv.server.persistence.ApplicationConfigRepository] is defined: expected single matching bean but found 2: mongoDBImageRepository,mongoDBApplicationConfigRepository; nested exception is org.springframework.beans.factory.NoUniqueBeanDefinitionException: No qualifying bean of type [org.ssoup.denv.server.persistence.ApplicationConfigRepository] is defined: expected single matching bean but found 2: mongoDBImageRepository,mongoDBApplicationConfigRepository
	at org.springframework.beans.factory.support.SimpleInstantiationStrategy.instantiate(SimpleInstantiationStrategy.java:188)
	at org.springframework.beans.factory.support.ConstructorResolver.instantiateUsingFactoryMethod(ConstructorResolver.java:586)
	... 175 common frames omitted
Caused by: org.springframework.beans.factory.UnsatisfiedDependencyException: Error creating bean with name &apos;mongoDBEnvironmentRepositoryImpl&apos; defined in URL [jar:file:/C:/workspaces/denv/denv-server-mongodb/target/denv-server-mongodb-0.1.0.jar!/org/ssoup/denv/server/persistence/mongodb/repository/MongoDBEnvironmentRepositoryImpl.class]: Unsatisfied dependency expressed through constructor argument with index 1 of type [org.ssoup.denv.server.persistence.ApplicationConfigRepository]: : No qualifying bean of type [org.ssoup.denv.server.persistence.ApplicationConfigRepository] is defined: expected single matching bean but found 2: mongoDBImageRepository,mongoDBApplicationConfigRepository; nested exception is org.springframework.beans.factory.NoUniqueBeanDefinitionException: No qualifying bean of type [org.ssoup.denv.server.persistence.ApplicationConfigRepository] is defined: expected single matching bean but found 2: mongoDBImageRepository,mongoDBApplicationConfigRepository
	at org.springframework.beans.factory.support.ConstructorResolver.createArgumentArray(ConstructorResolver.java:747)
	at org.springframework.beans.factory.support.ConstructorResolver.autowireConstructor(ConstructorResolver.java:185)
	at org.springframework.beans.factory.support.AbstractAutowireCapableBeanFactory.autowireConstructor(AbstractAutowireCapableBeanFactory.java:1114)
	at org.springframework.beans.factory.support.AbstractAutowireCapableBeanFactory.createBeanInstance(AbstractAutowireCapableBeanFactory.java:1017)
	at org.springframework.beans.factory.support.AbstractAutowireCapableBeanFactory.doCreateBean(AbstractAutowireCapableBeanFactory.java:504)
	at org.springframework.beans.factory.support.AbstractAutowireCapableBeanFactory.createBean(AbstractAutowireCapableBeanFactory.java:475)
	at org.springframework.beans.factory.support.AbstractBeanFactory$1.getObject(AbstractBeanFactory.java:302)
	at org.springframework.beans.factory.support.DefaultSingletonBeanRegistry.getSingleton(DefaultSingletonBeanRegistry.java:228)
	at org.springframework.beans.factory.support.AbstractBeanFactory.doGetBean(AbstractBeanFactory.java:298)
	at org.springframework.beans.factory.support.AbstractBeanFactory.getBean(AbstractBeanFactory.java:193)
	at org.springframework.beans.factory.support.AbstractBeanFactory.doGetBean(AbstractBeanFactory.java:292)
	at org.springframework.beans.factory.support.AbstractBeanFactory.getBean(AbstractBeanFactory.java:198)
	at org.springframework.data.repository.support.Repositories.populateRepositoryFactoryInformation(Repositories.java:87)
	at org.springframework.data.repository.support.Repositories.&lt;init&gt;(Repositories.java:78)
	at org.springframework.data.rest.webmvc.config.RepositoryRestMvcConfiguration.repositories(RepositoryRestMvcConfiguration.java:146)
	at org.springframework.data.rest.webmvc.config.RepositoryRestMvcConfiguration$$EnhancerBySpringCGLIB$$2cc48631.CGLIB$repositories$2(&lt;generated&gt;)
	at org.springframework.data.rest.webmvc.config.RepositoryRestMvcConfiguration$$EnhancerBySpringCGLIB$$2cc48631$$FastClassBySpringCGLIB$$1e60d3fc.invoke(&lt;generated&gt;)
	at org.springframework.cglib.proxy.MethodProxy.invokeSuper(MethodProxy.java:228)
	at org.springframework.context.annotation.ConfigurationClassEnhancer$BeanMethodInterceptor.intercept(ConfigurationClassEnhancer.java:312)
	at org.springframework.data.rest.webmvc.config.RepositoryRestMvcConfiguration$$EnhancerBySpringCGLIB$$2cc48631.repositories(&lt;generated&gt;)
	at sun.reflect.NativeMethodAccessorImpl.invoke0(Native Method)
	at sun.reflect.NativeMethodAccessorImpl.invoke(NativeMethodAccessorImpl.java:39)
	at sun.reflect.DelegatingMethodAccessorImpl.invoke(DelegatingMethodAccessorImpl.java:25)
	at java.lang.reflect.Method.invoke(Method.java:597)
	at org.springframework.beans.factory.support.SimpleInstantiationStrategy.instantiate(SimpleInstantiationStrategy.java:166)
	... 176 common frames omitted
Caused by: org.springframework.beans.factory.NoUniqueBeanDefinitionException: No qualifying bean of type [org.ssoup.denv.server.persistence.ApplicationConfigRepository] is defined: expected single matching bean but found 2: mongoDBImageRepository,mongoDBApplicationConfigRepository
	at org.springframework.beans.factory.support.DefaultListableBeanFactory.doResolveDependency(DefaultListableBeanFactory.java:970)
	at org.springframework.beans.factory.support.DefaultListableBeanFactory.resolveDependency(DefaultListableBeanFactory.java:858)
	at org.springframework.beans.factory.support.ConstructorResolver.resolveAutowiredArgument(ConstructorResolver.java:811)
	at org.springframework.beans.factory.support.ConstructorResolver.createArgumentArray(ConstructorResolver.java:739)
	... 200 common frames omitted

</system-out>
  </testcase>
  <testcase time="3.161" classname="org.ssoup.denv.server.test.DenvClientTest" name="runPanamaxApp">
    <error message="Failed to load ApplicationContext" type="java.lang.IllegalStateException">java.lang.IllegalStateException: Failed to load ApplicationContext
	at org.springframework.test.context.CacheAwareContextLoaderDelegate.loadContext(CacheAwareContextLoaderDelegate.java:99)
	at org.springframework.test.context.DefaultTestContext.getApplicationContext(DefaultTestContext.java:101)
	at org.springframework.test.context.support.DependencyInjectionTestExecutionListener.injectDependencies(DependencyInjectionTestExecutionListener.java:109)
	at org.springframework.test.context.support.DependencyInjectionTestExecutionListener.prepareTestInstance(DependencyInjectionTestExecutionListener.java:75)
	at org.springframework.test.context.TestContextManager.prepareTestInstance(TestContextManager.java:331)
	at org.springframework.test.context.junit4.SpringJUnit4ClassRunner.createTest(SpringJUnit4ClassRunner.java:213)
	at org.springframework.test.context.junit4.SpringJUnit4ClassRunner$1.runReflectiveCall(SpringJUnit4ClassRunner.java:290)
	at org.junit.internal.runners.model.ReflectiveCallable.run(ReflectiveCallable.java:12)
	at org.springframework.test.context.junit4.SpringJUnit4ClassRunner.methodBlock(SpringJUnit4ClassRunner.java:292)
	at org.springframework.test.context.junit4.SpringJUnit4ClassRunner.runChild(SpringJUnit4ClassRunner.java:233)
	at org.springframework.test.context.junit4.SpringJUnit4ClassRunner.runChild(SpringJUnit4ClassRunner.java:87)
	at org.junit.runners.ParentRunner$3.run(ParentRunner.java:238)
	at org.junit.runners.ParentRunner$1.schedule(ParentRunner.java:63)
	at org.junit.runners.ParentRunner.runChildren(ParentRunner.java:236)
	at org.junit.runners.ParentRunner.access$000(ParentRunner.java:53)
	at org.junit.runners.ParentRunner$2.evaluate(ParentRunner.java:229)
	at org.springframework.test.context.junit4.statements.RunBeforeTestClassCallbacks.evaluate(RunBeforeTestClassCallbacks.java:61)
	at org.springframework.test.context.junit4.statements.RunAfterTestClassCallbacks.evaluate(RunAfterTestClassCallbacks.java:71)
	at org.junit.runners.ParentRunner.run(ParentRunner.java:309)
	at org.springframework.test.context.junit4.SpringJUnit4ClassRunner.run(SpringJUnit4ClassRunner.java:176)
	at org.apache.maven.surefire.junit4.JUnit4TestSet.execute(JUnit4TestSet.java:62)
	at org.apache.maven.surefire.suite.AbstractDirectoryTestSuite.executeTestSet(AbstractDirectoryTestSuite.java:140)
	at org.apache.maven.surefire.suite.AbstractDirectoryTestSuite.execute(AbstractDirectoryTestSuite.java:127)
	at org.apache.maven.surefire.Surefire.run(Surefire.java:177)
	at sun.reflect.NativeMethodAccessorImpl.invoke0(Native Method)
	at sun.reflect.NativeMethodAccessorImpl.invoke(NativeMethodAccessorImpl.java:39)
	at sun.reflect.DelegatingMethodAccessorImpl.invoke(DelegatingMethodAccessorImpl.java:25)
	at java.lang.reflect.Method.invoke(Method.java:597)
	at org.apache.maven.surefire.booter.SurefireBooter.runSuitesInProcess(SurefireBooter.java:345)
	at org.apache.maven.surefire.booter.SurefireBooter.main(SurefireBooter.java:1009)
Caused by: org.springframework.context.ApplicationContextException: Unable to start embedded container; nested exception is org.springframework.boot.context.embedded.EmbeddedServletContainerException: Unable to start embedded Tomcat
	at org.springframework.boot.context.embedded.EmbeddedWebApplicationContext.onRefresh(EmbeddedWebApplicationContext.java:135)
	at org.springframework.context.support.AbstractApplicationContext.refresh(AbstractApplicationContext.java:476)
	at org.springframework.boot.context.embedded.EmbeddedWebApplicationContext.refresh(EmbeddedWebApplicationContext.java:120)
	at org.springframework.boot.SpringApplication.refresh(SpringApplication.java:691)
	at org.springframework.boot.SpringApplication.run(SpringApplication.java:320)
	at org.springframework.boot.test.SpringApplicationContextLoader.loadContext(SpringApplicationContextLoader.java:107)
	at org.springframework.test.context.CacheAwareContextLoaderDelegate.loadContextInternal(CacheAwareContextLoaderDelegate.java:64)
	at org.springframework.test.context.CacheAwareContextLoaderDelegate.loadContext(CacheAwareContextLoaderDelegate.java:91)
	... 29 more
Caused by: org.springframework.boot.context.embedded.EmbeddedServletContainerException: Unable to start embedded Tomcat
	at org.springframework.boot.context.embedded.tomcat.TomcatEmbeddedServletContainer.initialize(TomcatEmbeddedServletContainer.java:100)
	at org.springframework.boot.context.embedded.tomcat.TomcatEmbeddedServletContainer.&lt;init&gt;(TomcatEmbeddedServletContainer.java:74)
	at org.springframework.boot.context.embedded.tomcat.TomcatEmbeddedServletContainerFactory.getTomcatEmbeddedServletContainer(TomcatEmbeddedServletContainerFactory.java:289)
	at org.springframework.boot.context.embedded.tomcat.TomcatEmbeddedServletContainerFactory.getEmbeddedServletContainer(TomcatEmbeddedServletContainerFactory.java:146)
	at org.springframework.boot.context.embedded.EmbeddedWebApplicationContext.createEmbeddedServletContainer(EmbeddedWebApplicationContext.java:159)
	at org.springframework.boot.context.embedded.EmbeddedWebApplicationContext.onRefresh(EmbeddedWebApplicationContext.java:132)
	... 36 more
Caused by: org.springframework.beans.factory.BeanCreationException: Error creating bean with name &apos;org.springframework.security.config.annotation.web.configuration.WebSecurityConfiguration&apos;: Injection of autowired dependencies failed; nested exception is org.springframework.beans.factory.BeanCreationException: Could not autowire method: public void org.springframework.security.config.annotation.web.configuration.WebSecurityConfiguration.setFilterChainProxySecurityConfigurer(org.springframework.security.config.annotation.ObjectPostProcessor,java.util.List) throws java.lang.Exception; nested exception is org.springframework.beans.factory.BeanExpressionException: Expression parsing failed; nested exception is org.springframework.beans.factory.BeanCreationException: Error creating bean with name &apos;securityConfig&apos;: Injection of autowired dependencies failed; nested exception is org.springframework.beans.factory.BeanCreationException: Could not autowire method: public void org.springframework.security.config.annotation.web.configuration.WebSecurityConfigurerAdapter.setContentNegotationStrategy(org.springframework.web.accept.ContentNegotiationStrategy); nested exception is org.springframework.beans.factory.BeanCreationException: Error creating bean with name &apos;org.springframework.web.servlet.config.annotation.DelegatingWebMvcConfiguration&apos;: Injection of autowired dependencies failed; nested exception is org.springframework.beans.factory.BeanCreationException: Could not autowire method: public void org.springframework.web.servlet.config.annotation.DelegatingWebMvcConfiguration.setConfigurers(java.util.List); nested exception is org.springframework.beans.factory.BeanCreationException: Error creating bean with name &apos;org.springframework.boot.autoconfigure.web.WebMvcAutoConfiguration$WebMvcAutoConfigurationAdapter&apos;: Injection of autowired dependencies failed; nested exception is org.springframework.beans.factory.BeanCreationException: Could not autowire field: private org.springframework.boot.autoconfigure.web.HttpMessageConverters org.springframework.boot.autoconfigure.web.WebMvcAutoConfiguration$WebMvcAutoConfigurationAdapter.messageConverters; nested exception is org.springframework.beans.factory.BeanCreationException: Error creating bean with name &apos;org.springframework.boot.autoconfigure.web.HttpMessageConvertersAutoConfiguration&apos;: Injection of autowired dependencies failed; nested exception is org.springframework.beans.factory.BeanCreationException: Could not autowire field: private final java.util.List org.springframework.boot.autoconfigure.web.HttpMessageConvertersAutoConfiguration.converters; nested exception is org.springframework.beans.factory.BeanCreationException: Error creating bean with name &apos;jacksonHttpMessageConverter&apos; defined in class path resource [org/springframework/data/rest/webmvc/config/RepositoryRestMvcConfiguration.class]: Instantiation of bean failed; nested exception is org.springframework.beans.factory.BeanDefinitionStoreException: Factory method [public org.springframework.http.converter.json.MappingJackson2HttpMessageConverter org.springframework.data.rest.webmvc.config.RepositoryRestMvcConfiguration.jacksonHttpMessageConverter()] threw exception; nested exception is org.springframework.beans.factory.BeanCreationException: Error creating bean with name &apos;config&apos; defined in class path resource [org/springframework/data/rest/webmvc/config/RepositoryRestMvcConfiguration.class]: Instantiation of bean failed; nested exception is org.springframework.beans.factory.BeanDefinitionStoreException: Factory method [public org.springframework.data.rest.core.config.RepositoryRestConfiguration org.springframework.data.rest.webmvc.config.RepositoryRestMvcConfiguration.config()] threw exception; nested exception is org.springframework.beans.factory.BeanCreationException: Error creating bean with name &apos;repositories&apos; defined in class path resource [org/springframework/data/rest/webmvc/config/RepositoryRestMvcConfiguration.class]: Instantiation of bean failed; nested exception is org.springframework.beans.factory.BeanDefinitionStoreException: Factory method [public org.springframework.data.repository.support.Repositories org.springframework.data.rest.webmvc.config.RepositoryRestMvcConfiguration.repositories()] threw exception; nested exception is org.springframework.beans.factory.UnsatisfiedDependencyException: Error creating bean with name &apos;mongoDBEnvironmentRepositoryImpl&apos; defined in URL [jar:file:/C:/workspaces/denv/denv-server-mongodb/target/denv-server-mongodb-0.1.0.jar!/org/ssoup/denv/server/persistence/mongodb/repository/MongoDBEnvironmentRepositoryImpl.class]: Unsatisfied dependency expressed through constructor argument with index 1 of type [org.ssoup.denv.server.persistence.ApplicationConfigRepository]: : No qualifying bean of type [org.ssoup.denv.server.persistence.ApplicationConfigRepository] is defined: expected single matching bean but found 2: mongoDBImageRepository,mongoDBApplicationConfigRepository; nested exception is org.springframework.beans.factory.NoUniqueBeanDefinitionException: No qualifying bean of type [org.ssoup.denv.server.persistence.ApplicationConfigRepository] is defined: expected single matching bean but found 2: mongoDBImageRepository,mongoDBApplicationConfigRepository
	at org.springframework.beans.factory.annotation.AutowiredAnnotationBeanPostProcessor.postProcessPropertyValues(AutowiredAnnotationBeanPostProcessor.java:292)
	at org.springframework.beans.factory.support.AbstractAutowireCapableBeanFactory.populateBean(AbstractAutowireCapableBeanFactory.java:1185)
	at org.springframework.beans.factory.support.AbstractAutowireCapableBeanFactory.doCreateBean(AbstractAutowireCapableBeanFactory.java:537)
	at org.springframework.beans.factory.support.AbstractAutowireCapableBeanFactory.createBean(AbstractAutowireCapableBeanFactory.java:475)
	at org.springframework.beans.factory.support.AbstractBeanFactory$1.getObject(AbstractBeanFactory.java:302)
	at org.springframework.beans.factory.support.DefaultSingletonBeanRegistry.getSingleton(DefaultSingletonBeanRegistry.java:228)
	at org.springframework.beans.factory.support.AbstractBeanFactory.doGetBean(AbstractBeanFactory.java:298)
	at org.springframework.beans.factory.support.AbstractBeanFactory.getBean(AbstractBeanFactory.java:193)
	at org.springframework.beans.factory.support.ConstructorResolver.instantiateUsingFactoryMethod(ConstructorResolver.java:370)
	at org.springframework.beans.factory.support.AbstractAutowireCapableBeanFactory.instantiateUsingFactoryMethod(AbstractAutowireCapableBeanFactory.java:1094)
	at org.springframework.beans.factory.support.AbstractAutowireCapableBeanFactory.createBeanInstance(AbstractAutowireCapableBeanFactory.java:989)
	at org.springframework.beans.factory.support.AbstractAutowireCapableBeanFactory.doCreateBean(AbstractAutowireCapableBeanFactory.java:504)
	at org.springframework.beans.factory.support.AbstractAutowireCapableBeanFactory.createBean(AbstractAutowireCapableBeanFactory.java:475)
	at org.springframework.beans.factory.support.AbstractBeanFactory$1.getObject(AbstractBeanFactory.java:302)
	at org.springframework.beans.factory.support.DefaultSingletonBeanRegistry.getSingleton(DefaultSingletonBeanRegistry.java:228)
	at org.springframework.beans.factory.support.AbstractBeanFactory.doGetBean(AbstractBeanFactory.java:298)
	at org.springframework.beans.factory.support.AbstractBeanFactory.getBean(AbstractBeanFactory.java:198)
	at org.springframework.boot.context.embedded.EmbeddedWebApplicationContext.getOrderedBeansOfType(EmbeddedWebApplicationContext.java:367)
	at org.springframework.boot.context.embedded.EmbeddedWebApplicationContext.getServletContextInitializerBeans(EmbeddedWebApplicationContext.java:268)
	at org.springframework.boot.context.embedded.EmbeddedWebApplicationContext$1.onStartup(EmbeddedWebApplicationContext.java:213)
	at org.springframework.boot.context.embedded.tomcat.ServletContextInitializerLifecycleListener.lifecycleEvent(ServletContextInitializerLifecycleListener.java:64)
	at org.apache.catalina.util.LifecycleSupport.fireLifecycleEvent(LifecycleSupport.java:117)
	at org.apache.catalina.util.LifecycleBase.fireLifecycleEvent(LifecycleBase.java:90)
	at org.apache.catalina.core.StandardContext.startInternal(StandardContext.java:5355)
	at org.apache.catalina.util.LifecycleBase.start(LifecycleBase.java:150)
	at org.apache.catalina.core.ContainerBase$StartChild.call(ContainerBase.java:1559)
	at org.apache.catalina.core.ContainerBase$StartChild.call(ContainerBase.java:1549)
	at java.util.concurrent.FutureTask$Sync.innerRun(FutureTask.java:303)
	at java.util.concurrent.FutureTask.run(FutureTask.java:138)
	at java.util.concurrent.ThreadPoolExecutor$Worker.runTask(ThreadPoolExecutor.java:886)
	at java.util.concurrent.ThreadPoolExecutor$Worker.run(ThreadPoolExecutor.java:908)
	at java.lang.Thread.run(Thread.java:662)
Caused by: org.springframework.beans.factory.BeanCreationException: Could not autowire method: public void org.springframework.security.config.annotation.web.configuration.WebSecurityConfiguration.setFilterChainProxySecurityConfigurer(org.springframework.security.config.annotation.ObjectPostProcessor,java.util.List) throws java.lang.Exception; nested exception is org.springframework.beans.factory.BeanExpressionException: Expression parsing failed; nested exception is org.springframework.beans.factory.BeanCreationException: Error creating bean with name &apos;securityConfig&apos;: Injection of autowired dependencies failed; nested exception is org.springframework.beans.factory.BeanCreationException: Could not autowire method: public void org.springframework.security.config.annotation.web.configuration.WebSecurityConfigurerAdapter.setContentNegotationStrategy(org.springframework.web.accept.ContentNegotiationStrategy); nested exception is org.springframework.beans.factory.BeanCreationException: Error creating bean with name &apos;org.springframework.web.servlet.config.annotation.DelegatingWebMvcConfiguration&apos;: Injection of autowired dependencies failed; nested exception is org.springframework.beans.factory.BeanCreationException: Could not autowire method: public void org.springframework.web.servlet.config.annotation.DelegatingWebMvcConfiguration.setConfigurers(java.util.List); nested exception is org.springframework.beans.factory.BeanCreationException: Error creating bean with name &apos;org.springframework.boot.autoconfigure.web.WebMvcAutoConfiguration$WebMvcAutoConfigurationAdapter&apos;: Injection of autowired dependencies failed; nested exception is org.springframework.beans.factory.BeanCreationException: Could not autowire field: private org.springframework.boot.autoconfigure.web.HttpMessageConverters org.springframework.boot.autoconfigure.web.WebMvcAutoConfiguration$WebMvcAutoConfigurationAdapter.messageConverters; nested exception is org.springframework.beans.factory.BeanCreationException: Error creating bean with name &apos;org.springframework.boot.autoconfigure.web.HttpMessageConvertersAutoConfiguration&apos;: Injection of autowired dependencies failed; nested exception is org.springframework.beans.factory.BeanCreationException: Could not autowire field: private final java.util.List org.springframework.boot.autoconfigure.web.HttpMessageConvertersAutoConfiguration.converters; nested exception is org.springframework.beans.factory.BeanCreationException: Error creating bean with name &apos;jacksonHttpMessageConverter&apos; defined in class path resource [org/springframework/data/rest/webmvc/config/RepositoryRestMvcConfiguration.class]: Instantiation of bean failed; nested exception is org.springframework.beans.factory.BeanDefinitionStoreException: Factory method [public org.springframework.http.converter.json.MappingJackson2HttpMessageConverter org.springframework.data.rest.webmvc.config.RepositoryRestMvcConfiguration.jacksonHttpMessageConverter()] threw exception; nested exception is org.springframework.beans.factory.BeanCreationException: Error creating bean with name &apos;config&apos; defined in class path resource [org/springframework/data/rest/webmvc/config/RepositoryRestMvcConfiguration.class]: Instantiation of bean failed; nested exception is org.springframework.beans.factory.BeanDefinitionStoreException: Factory method [public org.springframework.data.rest.core.config.RepositoryRestConfiguration org.springframework.data.rest.webmvc.config.RepositoryRestMvcConfiguration.config()] threw exception; nested exception is org.springframework.beans.factory.BeanCreationException: Error creating bean with name &apos;repositories&apos; defined in class path resource [org/springframework/data/rest/webmvc/config/RepositoryRestMvcConfiguration.class]: Instantiation of bean failed; nested exception is org.springframework.beans.factory.BeanDefinitionStoreException: Factory method [public org.springframework.data.repository.support.Repositories org.springframework.data.rest.webmvc.config.RepositoryRestMvcConfiguration.repositories()] threw exception; nested exception is org.springframework.beans.factory.UnsatisfiedDependencyException: Error creating bean with name &apos;mongoDBEnvironmentRepositoryImpl&apos; defined in URL [jar:file:/C:/workspaces/denv/denv-server-mongodb/target/denv-server-mongodb-0.1.0.jar!/org/ssoup/denv/server/persistence/mongodb/repository/MongoDBEnvironmentRepositoryImpl.class]: Unsatisfied dependency expressed through constructor argument with index 1 of type [org.ssoup.denv.server.persistence.ApplicationConfigRepository]: : No qualifying bean of type [org.ssoup.denv.server.persistence.ApplicationConfigRepository] is defined: expected single matching bean but found 2: mongoDBImageRepository,mongoDBApplicationConfigRepository; nested exception is org.springframework.beans.factory.NoUniqueBeanDefinitionException: No qualifying bean of type [org.ssoup.denv.server.persistence.ApplicationConfigRepository] is defined: expected single matching bean but found 2: mongoDBImageRepository,mongoDBApplicationConfigRepository
	at org.springframework.beans.factory.annotation.AutowiredAnnotationBeanPostProcessor$AutowiredMethodElement.inject(AutowiredAnnotationBeanPostProcessor.java:596)
	at org.springframework.beans.factory.annotation.InjectionMetadata.inject(InjectionMetadata.java:87)
	at org.springframework.beans.factory.annotation.AutowiredAnnotationBeanPostProcessor.postProcessPropertyValues(AutowiredAnnotationBeanPostProcessor.java:289)
	... 31 more
Caused by: org.springframework.beans.factory.BeanExpressionException: Expression parsing failed; nested exception is org.springframework.beans.factory.BeanCreationException: Error creating bean with name &apos;securityConfig&apos;: Injection of autowired dependencies failed; nested exception is org.springframework.beans.factory.BeanCreationException: Could not autowire method: public void org.springframework.security.config.annotation.web.configuration.WebSecurityConfigurerAdapter.setContentNegotationStrategy(org.springframework.web.accept.ContentNegotiationStrategy); nested exception is org.springframework.beans.factory.BeanCreationException: Error creating bean with name &apos;org.springframework.web.servlet.config.annotation.DelegatingWebMvcConfiguration&apos;: Injection of autowired dependencies failed; nested exception is org.springframework.beans.factory.BeanCreationException: Could not autowire method: public void org.springframework.web.servlet.config.annotation.DelegatingWebMvcConfiguration.setConfigurers(java.util.List); nested exception is org.springframework.beans.factory.BeanCreationException: Error creating bean with name &apos;org.springframework.boot.autoconfigure.web.WebMvcAutoConfiguration$WebMvcAutoConfigurationAdapter&apos;: Injection of autowired dependencies failed; nested exception is org.springframework.beans.factory.BeanCreationException: Could not autowire field: private org.springframework.boot.autoconfigure.web.HttpMessageConverters org.springframework.boot.autoconfigure.web.WebMvcAutoConfiguration$WebMvcAutoConfigurationAdapter.messageConverters; nested exception is org.springframework.beans.factory.BeanCreationException: Error creating bean with name &apos;org.springframework.boot.autoconfigure.web.HttpMessageConvertersAutoConfiguration&apos;: Injection of autowired dependencies failed; nested exception is org.springframework.beans.factory.BeanCreationException: Could not autowire field: private final java.util.List org.springframework.boot.autoconfigure.web.HttpMessageConvertersAutoConfiguration.converters; nested exception is org.springframework.beans.factory.BeanCreationException: Error creating bean with name &apos;jacksonHttpMessageConverter&apos; defined in class path resource [org/springframework/data/rest/webmvc/config/RepositoryRestMvcConfiguration.class]: Instantiation of bean failed; nested exception is org.springframework.beans.factory.BeanDefinitionStoreException: Factory method [public org.springframework.http.converter.json.MappingJackson2HttpMessageConverter org.springframework.data.rest.webmvc.config.RepositoryRestMvcConfiguration.jacksonHttpMessageConverter()] threw exception; nested exception is org.springframework.beans.factory.BeanCreationException: Error creating bean with name &apos;config&apos; defined in class path resource [org/springframework/data/rest/webmvc/config/RepositoryRestMvcConfiguration.class]: Instantiation of bean failed; nested exception is org.springframework.beans.factory.BeanDefinitionStoreException: Factory method [public org.springframework.data.rest.core.config.RepositoryRestConfiguration org.springframework.data.rest.webmvc.config.RepositoryRestMvcConfiguration.config()] threw exception; nested exception is org.springframework.beans.factory.BeanCreationException: Error creating bean with name &apos;repositories&apos; defined in class path resource [org/springframework/data/rest/webmvc/config/RepositoryRestMvcConfiguration.class]: Instantiation of bean failed; nested exception is org.springframework.beans.factory.BeanDefinitionStoreException: Factory method [public org.springframework.data.repository.support.Repositories org.springframework.data.rest.webmvc.config.RepositoryRestMvcConfiguration.repositories()] threw exception; nested exception is org.springframework.beans.factory.UnsatisfiedDependencyException: Error creating bean with name &apos;mongoDBEnvironmentRepositoryImpl&apos; defined in URL [jar:file:/C:/workspaces/denv/denv-server-mongodb/target/denv-server-mongodb-0.1.0.jar!/org/ssoup/denv/server/persistence/mongodb/repository/MongoDBEnvironmentRepositoryImpl.class]: Unsatisfied dependency expressed through constructor argument with index 1 of type [org.ssoup.denv.server.persistence.ApplicationConfigRepository]: : No qualifying bean of type [org.ssoup.denv.server.persistence.ApplicationConfigRepository] is defined: expected single matching bean but found 2: mongoDBImageRepository,mongoDBApplicationConfigRepository; nested exception is org.springframework.beans.factory.NoUniqueBeanDefinitionException: No qualifying bean of type [org.ssoup.denv.server.persistence.ApplicationConfigRepository] is defined: expected single matching bean but found 2: mongoDBImageRepository,mongoDBApplicationConfigRepository
	at org.springframework.context.expression.StandardBeanExpressionResolver.evaluate(StandardBeanExpressionResolver.java:146)
	at org.springframework.beans.factory.support.AbstractBeanFactory.evaluateBeanDefinitionString(AbstractBeanFactory.java:1362)
	at org.springframework.beans.factory.support.DefaultListableBeanFactory.doResolveDependency(DefaultListableBeanFactory.java:873)
	at org.springframework.beans.factory.support.DefaultListableBeanFactory.resolveDependency(DefaultListableBeanFactory.java:858)
	at org.springframework.beans.factory.annotation.AutowiredAnnotationBeanPostProcessor$AutowiredMethodElement.inject(AutowiredAnnotationBeanPostProcessor.java:553)
	... 33 more
Caused by: org.springframework.beans.factory.BeanCreationException: Error creating bean with name &apos;securityConfig&apos;: Injection of autowired dependencies failed; nested exception is org.springframework.beans.factory.BeanCreationException: Could not autowire method: public void org.springframework.security.config.annotation.web.configuration.WebSecurityConfigurerAdapter.setContentNegotationStrategy(org.springframework.web.accept.ContentNegotiationStrategy); nested exception is org.springframework.beans.factory.BeanCreationException: Error creating bean with name &apos;org.springframework.web.servlet.config.annotation.DelegatingWebMvcConfiguration&apos;: Injection of autowired dependencies failed; nested exception is org.springframework.beans.factory.BeanCreationException: Could not autowire method: public void org.springframework.web.servlet.config.annotation.DelegatingWebMvcConfiguration.setConfigurers(java.util.List); nested exception is org.springframework.beans.factory.BeanCreationException: Error creating bean with name &apos;org.springframework.boot.autoconfigure.web.WebMvcAutoConfiguration$WebMvcAutoConfigurationAdapter&apos;: Injection of autowired dependencies failed; nested exception is org.springframework.beans.factory.BeanCreationException: Could not autowire field: private org.springframework.boot.autoconfigure.web.HttpMessageConverters org.springframework.boot.autoconfigure.web.WebMvcAutoConfiguration$WebMvcAutoConfigurationAdapter.messageConverters; nested exception is org.springframework.beans.factory.BeanCreationException: Error creating bean with name &apos;org.springframework.boot.autoconfigure.web.HttpMessageConvertersAutoConfiguration&apos;: Injection of autowired dependencies failed; nested exception is org.springframework.beans.factory.BeanCreationException: Could not autowire field: private final java.util.List org.springframework.boot.autoconfigure.web.HttpMessageConvertersAutoConfiguration.converters; nested exception is org.springframework.beans.factory.BeanCreationException: Error creating bean with name &apos;jacksonHttpMessageConverter&apos; defined in class path resource [org/springframework/data/rest/webmvc/config/RepositoryRestMvcConfiguration.class]: Instantiation of bean failed; nested exception is org.springframework.beans.factory.BeanDefinitionStoreException: Factory method [public org.springframework.http.converter.json.MappingJackson2HttpMessageConverter org.springframework.data.rest.webmvc.config.RepositoryRestMvcConfiguration.jacksonHttpMessageConverter()] threw exception; nested exception is org.springframework.beans.factory.BeanCreationException: Error creating bean with name &apos;config&apos; defined in class path resource [org/springframework/data/rest/webmvc/config/RepositoryRestMvcConfiguration.class]: Instantiation of bean failed; nested exception is org.springframework.beans.factory.BeanDefinitionStoreException: Factory method [public org.springframework.data.rest.core.config.RepositoryRestConfiguration org.springframework.data.rest.webmvc.config.RepositoryRestMvcConfiguration.config()] threw exception; nested exception is org.springframework.beans.factory.BeanCreationException: Error creating bean with name &apos;repositories&apos; defined in class path resource [org/springframework/data/rest/webmvc/config/RepositoryRestMvcConfiguration.class]: Instantiation of bean failed; nested exception is org.springframework.beans.factory.BeanDefinitionStoreException: Factory method [public org.springframework.data.repository.support.Repositories org.springframework.data.rest.webmvc.config.RepositoryRestMvcConfiguration.repositories()] threw exception; nested exception is org.springframework.beans.factory.UnsatisfiedDependencyException: Error creating bean with name &apos;mongoDBEnvironmentRepositoryImpl&apos; defined in URL [jar:file:/C:/workspaces/denv/denv-server-mongodb/target/denv-server-mongodb-0.1.0.jar!/org/ssoup/denv/server/persistence/mongodb/repository/MongoDBEnvironmentRepositoryImpl.class]: Unsatisfied dependency expressed through constructor argument with index 1 of type [org.ssoup.denv.server.persistence.ApplicationConfigRepository]: : No qualifying bean of type [org.ssoup.denv.server.persistence.ApplicationConfigRepository] is defined: expected single matching bean but found 2: mongoDBImageRepository,mongoDBApplicationConfigRepository; nested exception is org.springframework.beans.factory.NoUniqueBeanDefinitionException: No qualifying bean of type [org.ssoup.denv.server.persistence.ApplicationConfigRepository] is defined: expected single matching bean but found 2: mongoDBImageRepository,mongoDBApplicationConfigRepository
	at org.springframework.beans.factory.annotation.AutowiredAnnotationBeanPostProcessor.postProcessPropertyValues(AutowiredAnnotationBeanPostProcessor.java:292)
	at org.springframework.beans.factory.support.AbstractAutowireCapableBeanFactory.populateBean(AbstractAutowireCapableBeanFactory.java:1185)
	at org.springframework.beans.factory.support.AbstractAutowireCapableBeanFactory.doCreateBean(AbstractAutowireCapableBeanFactory.java:537)
	at org.springframework.beans.factory.support.AbstractAutowireCapableBeanFactory.createBean(AbstractAutowireCapableBeanFactory.java:475)
	at org.springframework.beans.factory.support.AbstractBeanFactory$1.getObject(AbstractBeanFactory.java:302)
	at org.springframework.beans.factory.support.DefaultSingletonBeanRegistry.getSingleton(DefaultSingletonBeanRegistry.java:228)
	at org.springframework.beans.factory.support.AbstractBeanFactory.doGetBean(AbstractBeanFactory.java:298)
	at org.springframework.beans.factory.support.AbstractBeanFactory.getBean(AbstractBeanFactory.java:198)
	at org.springframework.beans.factory.support.DefaultListableBeanFactory.getBeansOfType(DefaultListableBeanFactory.java:470)
	at org.springframework.beans.factory.support.DefaultListableBeanFactory.getBeansOfType(DefaultListableBeanFactory.java:459)
	at org.springframework.security.config.annotation.web.configuration.AutowiredWebSecurityConfigurersIgnoreParents.getWebSecurityConfigurers(AutowiredWebSecurityConfigurersIgnoreParents.java:52)
	at sun.reflect.NativeMethodAccessorImpl.invoke0(Native Method)
	at sun.reflect.NativeMethodAccessorImpl.invoke(NativeMethodAccessorImpl.java:39)
	at sun.reflect.DelegatingMethodAccessorImpl.invoke(DelegatingMethodAccessorImpl.java:25)
	at java.lang.reflect.Method.invoke(Method.java:597)
	at org.springframework.expression.spel.support.ReflectiveMethodExecutor.execute(ReflectiveMethodExecutor.java:63)
	at org.springframework.expression.spel.ast.MethodReference.getValueInternal(MethodReference.java:122)
	at org.springframework.expression.spel.ast.MethodReference.access$000(MethodReference.java:44)
	at org.springframework.expression.spel.ast.MethodReference$MethodValueRef.getValue(MethodReference.java:258)
	at org.springframework.expression.spel.ast.CompoundExpression.getValueInternal(CompoundExpression.java:84)
	at org.springframework.expression.spel.ast.SpelNodeImpl.getValue(SpelNodeImpl.java:103)
	at org.springframework.expression.spel.standard.SpelExpression.getValue(SpelExpression.java:94)
	at org.springframework.context.expression.StandardBeanExpressionResolver.evaluate(StandardBeanExpressionResolver.java:143)
	... 37 more
Caused by: org.springframework.beans.factory.BeanCreationException: Could not autowire method: public void org.springframework.security.config.annotation.web.configuration.WebSecurityConfigurerAdapter.setContentNegotationStrategy(org.springframework.web.accept.ContentNegotiationStrategy); nested exception is org.springframework.beans.factory.BeanCreationException: Error creating bean with name &apos;org.springframework.web.servlet.config.annotation.DelegatingWebMvcConfiguration&apos;: Injection of autowired dependencies failed; nested exception is org.springframework.beans.factory.BeanCreationException: Could not autowire method: public void org.springframework.web.servlet.config.annotation.DelegatingWebMvcConfiguration.setConfigurers(java.util.List); nested exception is org.springframework.beans.factory.BeanCreationException: Error creating bean with name &apos;org.springframework.boot.autoconfigure.web.WebMvcAutoConfiguration$WebMvcAutoConfigurationAdapter&apos;: Injection of autowired dependencies failed; nested exception is org.springframework.beans.factory.BeanCreationException: Could not autowire field: private org.springframework.boot.autoconfigure.web.HttpMessageConverters org.springframework.boot.autoconfigure.web.WebMvcAutoConfiguration$WebMvcAutoConfigurationAdapter.messageConverters; nested exception is org.springframework.beans.factory.BeanCreationException: Error creating bean with name &apos;org.springframework.boot.autoconfigure.web.HttpMessageConvertersAutoConfiguration&apos;: Injection of autowired dependencies failed; nested exception is org.springframework.beans.factory.BeanCreationException: Could not autowire field: private final java.util.List org.springframework.boot.autoconfigure.web.HttpMessageConvertersAutoConfiguration.converters; nested exception is org.springframework.beans.factory.BeanCreationException: Error creating bean with name &apos;jacksonHttpMessageConverter&apos; defined in class path resource [org/springframework/data/rest/webmvc/config/RepositoryRestMvcConfiguration.class]: Instantiation of bean failed; nested exception is org.springframework.beans.factory.BeanDefinitionStoreException: Factory method [public org.springframework.http.converter.json.MappingJackson2HttpMessageConverter org.springframework.data.rest.webmvc.config.RepositoryRestMvcConfiguration.jacksonHttpMessageConverter()] threw exception; nested exception is org.springframework.beans.factory.BeanCreationException: Error creating bean with name &apos;config&apos; defined in class path resource [org/springframework/data/rest/webmvc/config/RepositoryRestMvcConfiguration.class]: Instantiation of bean failed; nested exception is org.springframework.beans.factory.BeanDefinitionStoreException: Factory method [public org.springframework.data.rest.core.config.RepositoryRestConfiguration org.springframework.data.rest.webmvc.config.RepositoryRestMvcConfiguration.config()] threw exception; nested exception is org.springframework.beans.factory.BeanCreationException: Error creating bean with name &apos;repositories&apos; defined in class path resource [org/springframework/data/rest/webmvc/config/RepositoryRestMvcConfiguration.class]: Instantiation of bean failed; nested exception is org.springframework.beans.factory.BeanDefinitionStoreException: Factory method [public org.springframework.data.repository.support.Repositories org.springframework.data.rest.webmvc.config.RepositoryRestMvcConfiguration.repositories()] threw exception; nested exception is org.springframework.beans.factory.UnsatisfiedDependencyException: Error creating bean with name &apos;mongoDBEnvironmentRepositoryImpl&apos; defined in URL [jar:file:/C:/workspaces/denv/denv-server-mongodb/target/denv-server-mongodb-0.1.0.jar!/org/ssoup/denv/server/persistence/mongodb/repository/MongoDBEnvironmentRepositoryImpl.class]: Unsatisfied dependency expressed through constructor argument with index 1 of type [org.ssoup.denv.server.persistence.ApplicationConfigRepository]: : No qualifying bean of type [org.ssoup.denv.server.persistence.ApplicationConfigRepository] is defined: expected single matching bean but found 2: mongoDBImageRepository,mongoDBApplicationConfigRepository; nested exception is org.springframework.beans.factory.NoUniqueBeanDefinitionException: No qualifying bean of type [org.ssoup.denv.server.persistence.ApplicationConfigRepository] is defined: expected single matching bean but found 2: mongoDBImageRepository,mongoDBApplicationConfigRepository
	at org.springframework.beans.factory.annotation.AutowiredAnnotationBeanPostProcessor$AutowiredMethodElement.inject(AutowiredAnnotationBeanPostProcessor.java:596)
	at org.springframework.beans.factory.annotation.InjectionMetadata.inject(InjectionMetadata.java:87)
	at org.springframework.beans.factory.annotation.AutowiredAnnotationBeanPostProcessor.postProcessPropertyValues(AutowiredAnnotationBeanPostProcessor.java:289)
	... 59 more
Caused by: org.springframework.beans.factory.BeanCreationException: Error creating bean with name &apos;org.springframework.web.servlet.config.annotation.DelegatingWebMvcConfiguration&apos;: Injection of autowired dependencies failed; nested exception is org.springframework.beans.factory.BeanCreationException: Could not autowire method: public void org.springframework.web.servlet.config.annotation.DelegatingWebMvcConfiguration.setConfigurers(java.util.List); nested exception is org.springframework.beans.factory.BeanCreationException: Error creating bean with name &apos;org.springframework.boot.autoconfigure.web.WebMvcAutoConfiguration$WebMvcAutoConfigurationAdapter&apos;: Injection of autowired dependencies failed; nested exception is org.springframework.beans.factory.BeanCreationException: Could not autowire field: private org.springframework.boot.autoconfigure.web.HttpMessageConverters org.springframework.boot.autoconfigure.web.WebMvcAutoConfiguration$WebMvcAutoConfigurationAdapter.messageConverters; nested exception is org.springframework.beans.factory.BeanCreationException: Error creating bean with name &apos;org.springframework.boot.autoconfigure.web.HttpMessageConvertersAutoConfiguration&apos;: Injection of autowired dependencies failed; nested exception is org.springframework.beans.factory.BeanCreationException: Could not autowire field: private final java.util.List org.springframework.boot.autoconfigure.web.HttpMessageConvertersAutoConfiguration.converters; nested exception is org.springframework.beans.factory.BeanCreationException: Error creating bean with name &apos;jacksonHttpMessageConverter&apos; defined in class path resource [org/springframework/data/rest/webmvc/config/RepositoryRestMvcConfiguration.class]: Instantiation of bean failed; nested exception is org.springframework.beans.factory.BeanDefinitionStoreException: Factory method [public org.springframework.http.converter.json.MappingJackson2HttpMessageConverter org.springframework.data.rest.webmvc.config.RepositoryRestMvcConfiguration.jacksonHttpMessageConverter()] threw exception; nested exception is org.springframework.beans.factory.BeanCreationException: Error creating bean with name &apos;config&apos; defined in class path resource [org/springframework/data/rest/webmvc/config/RepositoryRestMvcConfiguration.class]: Instantiation of bean failed; nested exception is org.springframework.beans.factory.BeanDefinitionStoreException: Factory method [public org.springframework.data.rest.core.config.RepositoryRestConfiguration org.springframework.data.rest.webmvc.config.RepositoryRestMvcConfiguration.config()] threw exception; nested exception is org.springframework.beans.factory.BeanCreationException: Error creating bean with name &apos;repositories&apos; defined in class path resource [org/springframework/data/rest/webmvc/config/RepositoryRestMvcConfiguration.class]: Instantiation of bean failed; nested exception is org.springframework.beans.factory.BeanDefinitionStoreException: Factory method [public org.springframework.data.repository.support.Repositories org.springframework.data.rest.webmvc.config.RepositoryRestMvcConfiguration.repositories()] threw exception; nested exception is org.springframework.beans.factory.UnsatisfiedDependencyException: Error creating bean with name &apos;mongoDBEnvironmentRepositoryImpl&apos; defined in URL [jar:file:/C:/workspaces/denv/denv-server-mongodb/target/denv-server-mongodb-0.1.0.jar!/org/ssoup/denv/server/persistence/mongodb/repository/MongoDBEnvironmentRepositoryImpl.class]: Unsatisfied dependency expressed through constructor argument with index 1 of type [org.ssoup.denv.server.persistence.ApplicationConfigRepository]: : No qualifying bean of type [org.ssoup.denv.server.persistence.ApplicationConfigRepository] is defined: expected single matching bean but found 2: mongoDBImageRepository,mongoDBApplicationConfigRepository; nested exception is org.springframework.beans.factory.NoUniqueBeanDefinitionException: No qualifying bean of type [org.ssoup.denv.server.persistence.ApplicationConfigRepository] is defined: expected single matching bean but found 2: mongoDBImageRepository,mongoDBApplicationConfigRepository
	at org.springframework.beans.factory.annotation.AutowiredAnnotationBeanPostProcessor.postProcessPropertyValues(AutowiredAnnotationBeanPostProcessor.java:292)
	at org.springframework.beans.factory.support.AbstractAutowireCapableBeanFactory.populateBean(AbstractAutowireCapableBeanFactory.java:1185)
	at org.springframework.beans.factory.support.AbstractAutowireCapableBeanFactory.doCreateBean(AbstractAutowireCapableBeanFactory.java:537)
	at org.springframework.beans.factory.support.AbstractAutowireCapableBeanFactory.createBean(AbstractAutowireCapableBeanFactory.java:475)
	at org.springframework.beans.factory.support.AbstractBeanFactory$1.getObject(AbstractBeanFactory.java:302)
	at org.springframework.beans.factory.support.DefaultSingletonBeanRegistry.getSingleton(DefaultSingletonBeanRegistry.java:228)
	at org.springframework.beans.factory.support.AbstractBeanFactory.doGetBean(AbstractBeanFactory.java:298)
	at org.springframework.beans.factory.support.AbstractBeanFactory.getBean(AbstractBeanFactory.java:193)
	at org.springframework.beans.factory.support.ConstructorResolver.instantiateUsingFactoryMethod(ConstructorResolver.java:370)
	at org.springframework.beans.factory.support.AbstractAutowireCapableBeanFactory.instantiateUsingFactoryMethod(AbstractAutowireCapableBeanFactory.java:1094)
	at org.springframework.beans.factory.support.AbstractAutowireCapableBeanFactory.createBeanInstance(AbstractAutowireCapableBeanFactory.java:989)
	at org.springframework.beans.factory.support.AbstractAutowireCapableBeanFactory.doCreateBean(AbstractAutowireCapableBeanFactory.java:504)
	at org.springframework.beans.factory.support.AbstractAutowireCapableBeanFactory.createBean(AbstractAutowireCapableBeanFactory.java:475)
	at org.springframework.beans.factory.support.AbstractBeanFactory$1.getObject(AbstractBeanFactory.java:302)
	at org.springframework.beans.factory.support.DefaultSingletonBeanRegistry.getSingleton(DefaultSingletonBeanRegistry.java:228)
	at org.springframework.beans.factory.support.AbstractBeanFactory.doGetBean(AbstractBeanFactory.java:298)
	at org.springframework.beans.factory.support.AbstractBeanFactory.getBean(AbstractBeanFactory.java:193)
	at org.springframework.beans.factory.support.DefaultListableBeanFactory.findAutowireCandidates(DefaultListableBeanFactory.java:1017)
	at org.springframework.beans.factory.support.DefaultListableBeanFactory.doResolveDependency(DefaultListableBeanFactory.java:960)
	at org.springframework.beans.factory.support.DefaultListableBeanFactory.resolveDependency(DefaultListableBeanFactory.java:858)
	at org.springframework.beans.factory.annotation.AutowiredAnnotationBeanPostProcessor$AutowiredMethodElement.inject(AutowiredAnnotationBeanPostProcessor.java:553)
	... 61 more
Caused by: org.springframework.beans.factory.BeanCreationException: Could not autowire method: public void org.springframework.web.servlet.config.annotation.DelegatingWebMvcConfiguration.setConfigurers(java.util.List); nested exception is org.springframework.beans.factory.BeanCreationException: Error creating bean with name &apos;org.springframework.boot.autoconfigure.web.WebMvcAutoConfiguration$WebMvcAutoConfigurationAdapter&apos;: Injection of autowired dependencies failed; nested exception is org.springframework.beans.factory.BeanCreationException: Could not autowire field: private org.springframework.boot.autoconfigure.web.HttpMessageConverters org.springframework.boot.autoconfigure.web.WebMvcAutoConfiguration$WebMvcAutoConfigurationAdapter.messageConverters; nested exception is org.springframework.beans.factory.BeanCreationException: Error creating bean with name &apos;org.springframework.boot.autoconfigure.web.HttpMessageConvertersAutoConfiguration&apos;: Injection of autowired dependencies failed; nested exception is org.springframework.beans.factory.BeanCreationException: Could not autowire field: private final java.util.List org.springframework.boot.autoconfigure.web.HttpMessageConvertersAutoConfiguration.converters; nested exception is org.springframework.beans.factory.BeanCreationException: Error creating bean with name &apos;jacksonHttpMessageConverter&apos; defined in class path resource [org/springframework/data/rest/webmvc/config/RepositoryRestMvcConfiguration.class]: Instantiation of bean failed; nested exception is org.springframework.beans.factory.BeanDefinitionStoreException: Factory method [public org.springframework.http.converter.json.MappingJackson2HttpMessageConverter org.springframework.data.rest.webmvc.config.RepositoryRestMvcConfiguration.jacksonHttpMessageConverter()] threw exception; nested exception is org.springframework.beans.factory.BeanCreationException: Error creating bean with name &apos;config&apos; defined in class path resource [org/springframework/data/rest/webmvc/config/RepositoryRestMvcConfiguration.class]: Instantiation of bean failed; nested exception is org.springframework.beans.factory.BeanDefinitionStoreException: Factory method [public org.springframework.data.rest.core.config.RepositoryRestConfiguration org.springframework.data.rest.webmvc.config.RepositoryRestMvcConfiguration.config()] threw exception; nested exception is org.springframework.beans.factory.BeanCreationException: Error creating bean with name &apos;repositories&apos; defined in class path resource [org/springframework/data/rest/webmvc/config/RepositoryRestMvcConfiguration.class]: Instantiation of bean failed; nested exception is org.springframework.beans.factory.BeanDefinitionStoreException: Factory method [public org.springframework.data.repository.support.Repositories org.springframework.data.rest.webmvc.config.RepositoryRestMvcConfiguration.repositories()] threw exception; nested exception is org.springframework.beans.factory.UnsatisfiedDependencyException: Error creating bean with name &apos;mongoDBEnvironmentRepositoryImpl&apos; defined in URL [jar:file:/C:/workspaces/denv/denv-server-mongodb/target/denv-server-mongodb-0.1.0.jar!/org/ssoup/denv/server/persistence/mongodb/repository/MongoDBEnvironmentRepositoryImpl.class]: Unsatisfied dependency expressed through constructor argument with index 1 of type [org.ssoup.denv.server.persistence.ApplicationConfigRepository]: : No qualifying bean of type [org.ssoup.denv.server.persistence.ApplicationConfigRepository] is defined: expected single matching bean but found 2: mongoDBImageRepository,mongoDBApplicationConfigRepository; nested exception is org.springframework.beans.factory.NoUniqueBeanDefinitionException: No qualifying bean of type [org.ssoup.denv.server.persistence.ApplicationConfigRepository] is defined: expected single matching bean but found 2: mongoDBImageRepository,mongoDBApplicationConfigRepository
	at org.springframework.beans.factory.annotation.AutowiredAnnotationBeanPostProcessor$AutowiredMethodElement.inject(AutowiredAnnotationBeanPostProcessor.java:596)
	at org.springframework.beans.factory.annotation.InjectionMetadata.inject(InjectionMetadata.java:87)
	at org.springframework.beans.factory.annotation.AutowiredAnnotationBeanPostProcessor.postProcessPropertyValues(AutowiredAnnotationBeanPostProcessor.java:289)
	... 81 more
Caused by: org.springframework.beans.factory.BeanCreationException: Error creating bean with name &apos;org.springframework.boot.autoconfigure.web.WebMvcAutoConfiguration$WebMvcAutoConfigurationAdapter&apos;: Injection of autowired dependencies failed; nested exception is org.springframework.beans.factory.BeanCreationException: Could not autowire field: private org.springframework.boot.autoconfigure.web.HttpMessageConverters org.springframework.boot.autoconfigure.web.WebMvcAutoConfiguration$WebMvcAutoConfigurationAdapter.messageConverters; nested exception is org.springframework.beans.factory.BeanCreationException: Error creating bean with name &apos;org.springframework.boot.autoconfigure.web.HttpMessageConvertersAutoConfiguration&apos;: Injection of autowired dependencies failed; nested exception is org.springframework.beans.factory.BeanCreationException: Could not autowire field: private final java.util.List org.springframework.boot.autoconfigure.web.HttpMessageConvertersAutoConfiguration.converters; nested exception is org.springframework.beans.factory.BeanCreationException: Error creating bean with name &apos;jacksonHttpMessageConverter&apos; defined in class path resource [org/springframework/data/rest/webmvc/config/RepositoryRestMvcConfiguration.class]: Instantiation of bean failed; nested exception is org.springframework.beans.factory.BeanDefinitionStoreException: Factory method [public org.springframework.http.converter.json.MappingJackson2HttpMessageConverter org.springframework.data.rest.webmvc.config.RepositoryRestMvcConfiguration.jacksonHttpMessageConverter()] threw exception; nested exception is org.springframework.beans.factory.BeanCreationException: Error creating bean with name &apos;config&apos; defined in class path resource [org/springframework/data/rest/webmvc/config/RepositoryRestMvcConfiguration.class]: Instantiation of bean failed; nested exception is org.springframework.beans.factory.BeanDefinitionStoreException: Factory method [public org.springframework.data.rest.core.config.RepositoryRestConfiguration org.springframework.data.rest.webmvc.config.RepositoryRestMvcConfiguration.config()] threw exception; nested exception is org.springframework.beans.factory.BeanCreationException: Error creating bean with name &apos;repositories&apos; defined in class path resource [org/springframework/data/rest/webmvc/config/RepositoryRestMvcConfiguration.class]: Instantiation of bean failed; nested exception is org.springframework.beans.factory.BeanDefinitionStoreException: Factory method [public org.springframework.data.repository.support.Repositories org.springframework.data.rest.webmvc.config.RepositoryRestMvcConfiguration.repositories()] threw exception; nested exception is org.springframework.beans.factory.UnsatisfiedDependencyException: Error creating bean with name &apos;mongoDBEnvironmentRepositoryImpl&apos; defined in URL [jar:file:/C:/workspaces/denv/denv-server-mongodb/target/denv-server-mongodb-0.1.0.jar!/org/ssoup/denv/server/persistence/mongodb/repository/MongoDBEnvironmentRepositoryImpl.class]: Unsatisfied dependency expressed through constructor argument with index 1 of type [org.ssoup.denv.server.persistence.ApplicationConfigRepository]: : No qualifying bean of type [org.ssoup.denv.server.persistence.ApplicationConfigRepository] is defined: expected single matching bean but found 2: mongoDBImageRepository,mongoDBApplicationConfigRepository; nested exception is org.springframework.beans.factory.NoUniqueBeanDefinitionException: No qualifying bean of type [org.ssoup.denv.server.persistence.ApplicationConfigRepository] is defined: expected single matching bean but found 2: mongoDBImageRepository,mongoDBApplicationConfigRepository
	at org.springframework.beans.factory.annotation.AutowiredAnnotationBeanPostProcessor.postProcessPropertyValues(AutowiredAnnotationBeanPostProcessor.java:292)
	at org.springframework.beans.factory.support.AbstractAutowireCapableBeanFactory.populateBean(AbstractAutowireCapableBeanFactory.java:1185)
	at org.springframework.beans.factory.support.AbstractAutowireCapableBeanFactory.doCreateBean(AbstractAutowireCapableBeanFactory.java:537)
	at org.springframework.beans.factory.support.AbstractAutowireCapableBeanFactory.createBean(AbstractAutowireCapableBeanFactory.java:475)
	at org.springframework.beans.factory.support.AbstractBeanFactory$1.getObject(AbstractBeanFactory.java:302)
	at org.springframework.beans.factory.support.DefaultSingletonBeanRegistry.getSingleton(DefaultSingletonBeanRegistry.java:228)
	at org.springframework.beans.factory.support.AbstractBeanFactory.doGetBean(AbstractBeanFactory.java:298)
	at org.springframework.beans.factory.support.AbstractBeanFactory.getBean(AbstractBeanFactory.java:193)
	at org.springframework.beans.factory.support.DefaultListableBeanFactory.findAutowireCandidates(DefaultListableBeanFactory.java:1017)
	at org.springframework.beans.factory.support.DefaultListableBeanFactory.doResolveDependency(DefaultListableBeanFactory.java:912)
	at org.springframework.beans.factory.support.DefaultListableBeanFactory.resolveDependency(DefaultListableBeanFactory.java:858)
	at org.springframework.beans.factory.annotation.AutowiredAnnotationBeanPostProcessor$AutowiredMethodElement.inject(AutowiredAnnotationBeanPostProcessor.java:553)
	... 83 more
Caused by: org.springframework.beans.factory.BeanCreationException: Could not autowire field: private org.springframework.boot.autoconfigure.web.HttpMessageConverters org.springframework.boot.autoconfigure.web.WebMvcAutoConfiguration$WebMvcAutoConfigurationAdapter.messageConverters; nested exception is org.springframework.beans.factory.BeanCreationException: Error creating bean with name &apos;org.springframework.boot.autoconfigure.web.HttpMessageConvertersAutoConfiguration&apos;: Injection of autowired dependencies failed; nested exception is org.springframework.beans.factory.BeanCreationException: Could not autowire field: private final java.util.List org.springframework.boot.autoconfigure.web.HttpMessageConvertersAutoConfiguration.converters; nested exception is org.springframework.beans.factory.BeanCreationException: Error creating bean with name &apos;jacksonHttpMessageConverter&apos; defined in class path resource [org/springframework/data/rest/webmvc/config/RepositoryRestMvcConfiguration.class]: Instantiation of bean failed; nested exception is org.springframework.beans.factory.BeanDefinitionStoreException: Factory method [public org.springframework.http.converter.json.MappingJackson2HttpMessageConverter org.springframework.data.rest.webmvc.config.RepositoryRestMvcConfiguration.jacksonHttpMessageConverter()] threw exception; nested exception is org.springframework.beans.factory.BeanCreationException: Error creating bean with name &apos;config&apos; defined in class path resource [org/springframework/data/rest/webmvc/config/RepositoryRestMvcConfiguration.class]: Instantiation of bean failed; nested exception is org.springframework.beans.factory.BeanDefinitionStoreException: Factory method [public org.springframework.data.rest.core.config.RepositoryRestConfiguration org.springframework.data.rest.webmvc.config.RepositoryRestMvcConfiguration.config()] threw exception; nested exception is org.springframework.beans.factory.BeanCreationException: Error creating bean with name &apos;repositories&apos; defined in class path resource [org/springframework/data/rest/webmvc/config/RepositoryRestMvcConfiguration.class]: Instantiation of bean failed; nested exception is org.springframework.beans.factory.BeanDefinitionStoreException: Factory method [public org.springframework.data.repository.support.Repositories org.springframework.data.rest.webmvc.config.RepositoryRestMvcConfiguration.repositories()] threw exception; nested exception is org.springframework.beans.factory.UnsatisfiedDependencyException: Error creating bean with name &apos;mongoDBEnvironmentRepositoryImpl&apos; defined in URL [jar:file:/C:/workspaces/denv/denv-server-mongodb/target/denv-server-mongodb-0.1.0.jar!/org/ssoup/denv/server/persistence/mongodb/repository/MongoDBEnvironmentRepositoryImpl.class]: Unsatisfied dependency expressed through constructor argument with index 1 of type [org.ssoup.denv.server.persistence.ApplicationConfigRepository]: : No qualifying bean of type [org.ssoup.denv.server.persistence.ApplicationConfigRepository] is defined: expected single matching bean but found 2: mongoDBImageRepository,mongoDBApplicationConfigRepository; nested exception is org.springframework.beans.factory.NoUniqueBeanDefinitionException: No qualifying bean of type [org.ssoup.denv.server.persistence.ApplicationConfigRepository] is defined: expected single matching bean but found 2: mongoDBImageRepository,mongoDBApplicationConfigRepository
	at org.springframework.beans.factory.annotation.AutowiredAnnotationBeanPostProcessor$AutowiredFieldElement.inject(AutowiredAnnotationBeanPostProcessor.java:508)
	at org.springframework.beans.factory.annotation.InjectionMetadata.inject(InjectionMetadata.java:87)
	at org.springframework.beans.factory.annotation.AutowiredAnnotationBeanPostProcessor.postProcessPropertyValues(AutowiredAnnotationBeanPostProcessor.java:289)
	... 94 more
Caused by: org.springframework.beans.factory.BeanCreationException: Error creating bean with name &apos;org.springframework.boot.autoconfigure.web.HttpMessageConvertersAutoConfiguration&apos;: Injection of autowired dependencies failed; nested exception is org.springframework.beans.factory.BeanCreationException: Could not autowire field: private final java.util.List org.springframework.boot.autoconfigure.web.HttpMessageConvertersAutoConfiguration.converters; nested exception is org.springframework.beans.factory.BeanCreationException: Error creating bean with name &apos;jacksonHttpMessageConverter&apos; defined in class path resource [org/springframework/data/rest/webmvc/config/RepositoryRestMvcConfiguration.class]: Instantiation of bean failed; nested exception is org.springframework.beans.factory.BeanDefinitionStoreException: Factory method [public org.springframework.http.converter.json.MappingJackson2HttpMessageConverter org.springframework.data.rest.webmvc.config.RepositoryRestMvcConfiguration.jacksonHttpMessageConverter()] threw exception; nested exception is org.springframework.beans.factory.BeanCreationException: Error creating bean with name &apos;config&apos; defined in class path resource [org/springframework/data/rest/webmvc/config/RepositoryRestMvcConfiguration.class]: Instantiation of bean failed; nested exception is org.springframework.beans.factory.BeanDefinitionStoreException: Factory method [public org.springframework.data.rest.core.config.RepositoryRestConfiguration org.springframework.data.rest.webmvc.config.RepositoryRestMvcConfiguration.config()] threw exception; nested exception is org.springframework.beans.factory.BeanCreationException: Error creating bean with name &apos;repositories&apos; defined in class path resource [org/springframework/data/rest/webmvc/config/RepositoryRestMvcConfiguration.class]: Instantiation of bean failed; nested exception is org.springframework.beans.factory.BeanDefinitionStoreException: Factory method [public org.springframework.data.repository.support.Repositories org.springframework.data.rest.webmvc.config.RepositoryRestMvcConfiguration.repositories()] threw exception; nested exception is org.springframework.beans.factory.UnsatisfiedDependencyException: Error creating bean with name &apos;mongoDBEnvironmentRepositoryImpl&apos; defined in URL [jar:file:/C:/workspaces/denv/denv-server-mongodb/target/denv-server-mongodb-0.1.0.jar!/org/ssoup/denv/server/persistence/mongodb/repository/MongoDBEnvironmentRepositoryImpl.class]: Unsatisfied dependency expressed through constructor argument with index 1 of type [org.ssoup.denv.server.persistence.ApplicationConfigRepository]: : No qualifying bean of type [org.ssoup.denv.server.persistence.ApplicationConfigRepository] is defined: expected single matching bean but found 2: mongoDBImageRepository,mongoDBApplicationConfigRepository; nested exception is org.springframework.beans.factory.NoUniqueBeanDefinitionException: No qualifying bean of type [org.ssoup.denv.server.persistence.ApplicationConfigRepository] is defined: expected single matching bean but found 2: mongoDBImageRepository,mongoDBApplicationConfigRepository
	at org.springframework.beans.factory.annotation.AutowiredAnnotationBeanPostProcessor.postProcessPropertyValues(AutowiredAnnotationBeanPostProcessor.java:292)
	at org.springframework.beans.factory.support.AbstractAutowireCapableBeanFactory.populateBean(AbstractAutowireCapableBeanFactory.java:1185)
	at org.springframework.beans.factory.support.AbstractAutowireCapableBeanFactory.doCreateBean(AbstractAutowireCapableBeanFactory.java:537)
	at org.springframework.beans.factory.support.AbstractAutowireCapableBeanFactory.createBean(AbstractAutowireCapableBeanFactory.java:475)
	at org.springframework.beans.factory.support.AbstractBeanFactory$1.getObject(AbstractBeanFactory.java:302)
	at org.springframework.beans.factory.support.DefaultSingletonBeanRegistry.getSingleton(DefaultSingletonBeanRegistry.java:228)
	at org.springframework.beans.factory.support.AbstractBeanFactory.doGetBean(AbstractBeanFactory.java:298)
	at org.springframework.beans.factory.support.AbstractBeanFactory.getBean(AbstractBeanFactory.java:193)
	at org.springframework.beans.factory.support.ConstructorResolver.instantiateUsingFactoryMethod(ConstructorResolver.java:370)
	at org.springframework.beans.factory.support.AbstractAutowireCapableBeanFactory.instantiateUsingFactoryMethod(AbstractAutowireCapableBeanFactory.java:1094)
	at org.springframework.beans.factory.support.AbstractAutowireCapableBeanFactory.createBeanInstance(AbstractAutowireCapableBeanFactory.java:989)
	at org.springframework.beans.factory.support.AbstractAutowireCapableBeanFactory.doCreateBean(AbstractAutowireCapableBeanFactory.java:504)
	at org.springframework.beans.factory.support.AbstractAutowireCapableBeanFactory.createBean(AbstractAutowireCapableBeanFactory.java:475)
	at org.springframework.beans.factory.support.AbstractBeanFactory$1.getObject(AbstractBeanFactory.java:302)
	at org.springframework.beans.factory.support.DefaultSingletonBeanRegistry.getSingleton(DefaultSingletonBeanRegistry.java:228)
	at org.springframework.beans.factory.support.AbstractBeanFactory.doGetBean(AbstractBeanFactory.java:298)
	at org.springframework.beans.factory.support.AbstractBeanFactory.getBean(AbstractBeanFactory.java:193)
	at org.springframework.beans.factory.support.DefaultListableBeanFactory.findAutowireCandidates(DefaultListableBeanFactory.java:1017)
	at org.springframework.beans.factory.support.DefaultListableBeanFactory.doResolveDependency(DefaultListableBeanFactory.java:960)
	at org.springframework.beans.factory.support.DefaultListableBeanFactory.resolveDependency(DefaultListableBeanFactory.java:858)
	at org.springframework.beans.factory.annotation.AutowiredAnnotationBeanPostProcessor$AutowiredFieldElement.inject(AutowiredAnnotationBeanPostProcessor.java:480)
	... 96 more
Caused by: org.springframework.beans.factory.BeanCreationException: Could not autowire field: private final java.util.List org.springframework.boot.autoconfigure.web.HttpMessageConvertersAutoConfiguration.converters; nested exception is org.springframework.beans.factory.BeanCreationException: Error creating bean with name &apos;jacksonHttpMessageConverter&apos; defined in class path resource [org/springframework/data/rest/webmvc/config/RepositoryRestMvcConfiguration.class]: Instantiation of bean failed; nested exception is org.springframework.beans.factory.BeanDefinitionStoreException: Factory method [public org.springframework.http.converter.json.MappingJackson2HttpMessageConverter org.springframework.data.rest.webmvc.config.RepositoryRestMvcConfiguration.jacksonHttpMessageConverter()] threw exception; nested exception is org.springframework.beans.factory.BeanCreationException: Error creating bean with name &apos;config&apos; defined in class path resource [org/springframework/data/rest/webmvc/config/RepositoryRestMvcConfiguration.class]: Instantiation of bean failed; nested exception is org.springframework.beans.factory.BeanDefinitionStoreException: Factory method [public org.springframework.data.rest.core.config.RepositoryRestConfiguration org.springframework.data.rest.webmvc.config.RepositoryRestMvcConfiguration.config()] threw exception; nested exception is org.springframework.beans.factory.BeanCreationException: Error creating bean with name &apos;repositories&apos; defined in class path resource [org/springframework/data/rest/webmvc/config/RepositoryRestMvcConfiguration.class]: Instantiation of bean failed; nested exception is org.springframework.beans.factory.BeanDefinitionStoreException: Factory method [public org.springframework.data.repository.support.Repositories org.springframework.data.rest.webmvc.config.RepositoryRestMvcConfiguration.repositories()] threw exception; nested exception is org.springframework.beans.factory.UnsatisfiedDependencyException: Error creating bean with name &apos;mongoDBEnvironmentRepositoryImpl&apos; defined in URL [jar:file:/C:/workspaces/denv/denv-server-mongodb/target/denv-server-mongodb-0.1.0.jar!/org/ssoup/denv/server/persistence/mongodb/repository/MongoDBEnvironmentRepositoryImpl.class]: Unsatisfied dependency expressed through constructor argument with index 1 of type [org.ssoup.denv.server.persistence.ApplicationConfigRepository]: : No qualifying bean of type [org.ssoup.denv.server.persistence.ApplicationConfigRepository] is defined: expected single matching bean but found 2: mongoDBImageRepository,mongoDBApplicationConfigRepository; nested exception is org.springframework.beans.factory.NoUniqueBeanDefinitionException: No qualifying bean of type [org.ssoup.denv.server.persistence.ApplicationConfigRepository] is defined: expected single matching bean but found 2: mongoDBImageRepository,mongoDBApplicationConfigRepository
	at org.springframework.beans.factory.annotation.AutowiredAnnotationBeanPostProcessor$AutowiredFieldElement.inject(AutowiredAnnotationBeanPostProcessor.java:508)
	at org.springframework.beans.factory.annotation.InjectionMetadata.inject(InjectionMetadata.java:87)
	at org.springframework.beans.factory.annotation.AutowiredAnnotationBeanPostProcessor.postProcessPropertyValues(AutowiredAnnotationBeanPostProcessor.java:289)
	... 116 more
Caused by: org.springframework.beans.factory.BeanCreationException: Error creating bean with name &apos;jacksonHttpMessageConverter&apos; defined in class path resource [org/springframework/data/rest/webmvc/config/RepositoryRestMvcConfiguration.class]: Instantiation of bean failed; nested exception is org.springframework.beans.factory.BeanDefinitionStoreException: Factory method [public org.springframework.http.converter.json.MappingJackson2HttpMessageConverter org.springframework.data.rest.webmvc.config.RepositoryRestMvcConfiguration.jacksonHttpMessageConverter()] threw exception; nested exception is org.springframework.beans.factory.BeanCreationException: Error creating bean with name &apos;config&apos; defined in class path resource [org/springframework/data/rest/webmvc/config/RepositoryRestMvcConfiguration.class]: Instantiation of bean failed; nested exception is org.springframework.beans.factory.BeanDefinitionStoreException: Factory method [public org.springframework.data.rest.core.config.RepositoryRestConfiguration org.springframework.data.rest.webmvc.config.RepositoryRestMvcConfiguration.config()] threw exception; nested exception is org.springframework.beans.factory.BeanCreationException: Error creating bean with name &apos;repositories&apos; defined in class path resource [org/springframework/data/rest/webmvc/config/RepositoryRestMvcConfiguration.class]: Instantiation of bean failed; nested exception is org.springframework.beans.factory.BeanDefinitionStoreException: Factory method [public org.springframework.data.repository.support.Repositories org.springframework.data.rest.webmvc.config.RepositoryRestMvcConfiguration.repositories()] threw exception; nested exception is org.springframework.beans.factory.UnsatisfiedDependencyException: Error creating bean with name &apos;mongoDBEnvironmentRepositoryImpl&apos; defined in URL [jar:file:/C:/workspaces/denv/denv-server-mongodb/target/denv-server-mongodb-0.1.0.jar!/org/ssoup/denv/server/persistence/mongodb/repository/MongoDBEnvironmentRepositoryImpl.class]: Unsatisfied dependency expressed through constructor argument with index 1 of type [org.ssoup.denv.server.persistence.ApplicationConfigRepository]: : No qualifying bean of type [org.ssoup.denv.server.persistence.ApplicationConfigRepository] is defined: expected single matching bean but found 2: mongoDBImageRepository,mongoDBApplicationConfigRepository; nested exception is org.springframework.beans.factory.NoUniqueBeanDefinitionException: No qualifying bean of type [org.ssoup.denv.server.persistence.ApplicationConfigRepository] is defined: expected single matching bean but found 2: mongoDBImageRepository,mongoDBApplicationConfigRepository
	at org.springframework.beans.factory.support.ConstructorResolver.instantiateUsingFactoryMethod(ConstructorResolver.java:597)
	at org.springframework.beans.factory.support.AbstractAutowireCapableBeanFactory.instantiateUsingFactoryMethod(AbstractAutowireCapableBeanFactory.java:1094)
	at org.springframework.beans.factory.support.AbstractAutowireCapableBeanFactory.createBeanInstance(AbstractAutowireCapableBeanFactory.java:989)
	at org.springframework.beans.factory.support.AbstractAutowireCapableBeanFactory.doCreateBean(AbstractAutowireCapableBeanFactory.java:504)
	at org.springframework.beans.factory.support.AbstractAutowireCapableBeanFactory.createBean(AbstractAutowireCapableBeanFactory.java:475)
	at org.springframework.beans.factory.support.AbstractBeanFactory$1.getObject(AbstractBeanFactory.java:302)
	at org.springframework.beans.factory.support.DefaultSingletonBeanRegistry.getSingleton(DefaultSingletonBeanRegistry.java:228)
	at org.springframework.beans.factory.support.AbstractBeanFactory.doGetBean(AbstractBeanFactory.java:298)
	at org.springframework.beans.factory.support.AbstractBeanFactory.getBean(AbstractBeanFactory.java:193)
	at org.springframework.beans.factory.support.DefaultListableBeanFactory.findAutowireCandidates(DefaultListableBeanFactory.java:1017)
	at org.springframework.beans.factory.support.DefaultListableBeanFactory.doResolveDependency(DefaultListableBeanFactory.java:912)
	at org.springframework.beans.factory.support.DefaultListableBeanFactory.resolveDependency(DefaultListableBeanFactory.java:858)
	at org.springframework.beans.factory.annotation.AutowiredAnnotationBeanPostProcessor$AutowiredFieldElement.inject(AutowiredAnnotationBeanPostProcessor.java:480)
	... 118 more
Caused by: org.springframework.beans.factory.BeanDefinitionStoreException: Factory method [public org.springframework.http.converter.json.MappingJackson2HttpMessageConverter org.springframework.data.rest.webmvc.config.RepositoryRestMvcConfiguration.jacksonHttpMessageConverter()] threw exception; nested exception is org.springframework.beans.factory.BeanCreationException: Error creating bean with name &apos;config&apos; defined in class path resource [org/springframework/data/rest/webmvc/config/RepositoryRestMvcConfiguration.class]: Instantiation of bean failed; nested exception is org.springframework.beans.factory.BeanDefinitionStoreException: Factory method [public org.springframework.data.rest.core.config.RepositoryRestConfiguration org.springframework.data.rest.webmvc.config.RepositoryRestMvcConfiguration.config()] threw exception; nested exception is org.springframework.beans.factory.BeanCreationException: Error creating bean with name &apos;repositories&apos; defined in class path resource [org/springframework/data/rest/webmvc/config/RepositoryRestMvcConfiguration.class]: Instantiation of bean failed; nested exception is org.springframework.beans.factory.BeanDefinitionStoreException: Factory method [public org.springframework.data.repository.support.Repositories org.springframework.data.rest.webmvc.config.RepositoryRestMvcConfiguration.repositories()] threw exception; nested exception is org.springframework.beans.factory.UnsatisfiedDependencyException: Error creating bean with name &apos;mongoDBEnvironmentRepositoryImpl&apos; defined in URL [jar:file:/C:/workspaces/denv/denv-server-mongodb/target/denv-server-mongodb-0.1.0.jar!/org/ssoup/denv/server/persistence/mongodb/repository/MongoDBEnvironmentRepositoryImpl.class]: Unsatisfied dependency expressed through constructor argument with index 1 of type [org.ssoup.denv.server.persistence.ApplicationConfigRepository]: : No qualifying bean of type [org.ssoup.denv.server.persistence.ApplicationConfigRepository] is defined: expected single matching bean but found 2: mongoDBImageRepository,mongoDBApplicationConfigRepository; nested exception is org.springframework.beans.factory.NoUniqueBeanDefinitionException: No qualifying bean of type [org.ssoup.denv.server.persistence.ApplicationConfigRepository] is defined: expected single matching bean but found 2: mongoDBImageRepository,mongoDBApplicationConfigRepository
	at org.springframework.beans.factory.support.SimpleInstantiationStrategy.instantiate(SimpleInstantiationStrategy.java:188)
	at org.springframework.beans.factory.support.ConstructorResolver.instantiateUsingFactoryMethod(ConstructorResolver.java:586)
	... 130 more
Caused by: org.springframework.beans.factory.BeanCreationException: Error creating bean with name &apos;config&apos; defined in class path resource [org/springframework/data/rest/webmvc/config/RepositoryRestMvcConfiguration.class]: Instantiation of bean failed; nested exception is org.springframework.beans.factory.BeanDefinitionStoreException: Factory method [public org.springframework.data.rest.core.config.RepositoryRestConfiguration org.springframework.data.rest.webmvc.config.RepositoryRestMvcConfiguration.config()] threw exception; nested exception is org.springframework.beans.factory.BeanCreationException: Error creating bean with name &apos;repositories&apos; defined in class path resource [org/springframework/data/rest/webmvc/config/RepositoryRestMvcConfiguration.class]: Instantiation of bean failed; nested exception is org.springframework.beans.factory.BeanDefinitionStoreException: Factory method [public org.springframework.data.repository.support.Repositories org.springframework.data.rest.webmvc.config.RepositoryRestMvcConfiguration.repositories()] threw exception; nested exception is org.springframework.beans.factory.UnsatisfiedDependencyException: Error creating bean with name &apos;mongoDBEnvironmentRepositoryImpl&apos; defined in URL [jar:file:/C:/workspaces/denv/denv-server-mongodb/target/denv-server-mongodb-0.1.0.jar!/org/ssoup/denv/server/persistence/mongodb/repository/MongoDBEnvironmentRepositoryImpl.class]: Unsatisfied dependency expressed through constructor argument with index 1 of type [org.ssoup.denv.server.persistence.ApplicationConfigRepository]: : No qualifying bean of type [org.ssoup.denv.server.persistence.ApplicationConfigRepository] is defined: expected single matching bean but found 2: mongoDBImageRepository,mongoDBApplicationConfigRepository; nested exception is org.springframework.beans.factory.NoUniqueBeanDefinitionException: No qualifying bean of type [org.ssoup.denv.server.persistence.ApplicationConfigRepository] is defined: expected single matching bean but found 2: mongoDBImageRepository,mongoDBApplicationConfigRepository
	at org.springframework.beans.factory.support.ConstructorResolver.instantiateUsingFactoryMethod(ConstructorResolver.java:597)
	at org.springframework.beans.factory.support.AbstractAutowireCapableBeanFactory.instantiateUsingFactoryMethod(AbstractAutowireCapableBeanFactory.java:1094)
	at org.springframework.beans.factory.support.AbstractAutowireCapableBeanFactory.createBeanInstance(AbstractAutowireCapableBeanFactory.java:989)
	at org.springframework.beans.factory.support.AbstractAutowireCapableBeanFactory.doCreateBean(AbstractAutowireCapableBeanFactory.java:504)
	at org.springframework.beans.factory.support.AbstractAutowireCapableBeanFactory.createBean(AbstractAutowireCapableBeanFactory.java:475)
	at org.springframework.beans.factory.support.AbstractBeanFactory$1.getObject(AbstractBeanFactory.java:302)
	at org.springframework.beans.factory.support.DefaultSingletonBeanRegistry.getSingleton(DefaultSingletonBeanRegistry.java:228)
	at org.springframework.beans.factory.support.AbstractBeanFactory.doGetBean(AbstractBeanFactory.java:298)
	at org.springframework.beans.factory.support.AbstractBeanFactory.getBean(AbstractBeanFactory.java:193)
	at org.springframework.context.annotation.ConfigurationClassEnhancer$BeanMethodInterceptor.intercept(ConfigurationClassEnhancer.java:324)
	at org.springframework.data.rest.webmvc.config.RepositoryRestMvcConfiguration$$EnhancerBySpringCGLIB$$2cc48631.config(&lt;generated&gt;)
	at org.springframework.data.rest.webmvc.config.RepositoryRestMvcConfiguration.jacksonHttpMessageConverter(RepositoryRestMvcConfiguration.java:374)
	at org.springframework.data.rest.webmvc.config.RepositoryRestMvcConfiguration$$EnhancerBySpringCGLIB$$2cc48631.CGLIB$jacksonHttpMessageConverter$21(&lt;generated&gt;)
	at org.springframework.data.rest.webmvc.config.RepositoryRestMvcConfiguration$$EnhancerBySpringCGLIB$$2cc48631$$FastClassBySpringCGLIB$$1e60d3fc.invoke(&lt;generated&gt;)
	at org.springframework.cglib.proxy.MethodProxy.invokeSuper(MethodProxy.java:228)
	at org.springframework.context.annotation.ConfigurationClassEnhancer$BeanMethodInterceptor.intercept(ConfigurationClassEnhancer.java:312)
	at org.springframework.data.rest.webmvc.config.RepositoryRestMvcConfiguration$$EnhancerBySpringCGLIB$$2cc48631.jacksonHttpMessageConverter(&lt;generated&gt;)
	at sun.reflect.NativeMethodAccessorImpl.invoke0(Native Method)
	at sun.reflect.NativeMethodAccessorImpl.invoke(NativeMethodAccessorImpl.java:39)
	at sun.reflect.DelegatingMethodAccessorImpl.invoke(DelegatingMethodAccessorImpl.java:25)
	at java.lang.reflect.Method.invoke(Method.java:597)
	at org.springframework.beans.factory.support.SimpleInstantiationStrategy.instantiate(SimpleInstantiationStrategy.java:166)
	... 131 more
Caused by: org.springframework.beans.factory.BeanDefinitionStoreException: Factory method [public org.springframework.data.rest.core.config.RepositoryRestConfiguration org.springframework.data.rest.webmvc.config.RepositoryRestMvcConfiguration.config()] threw exception; nested exception is org.springframework.beans.factory.BeanCreationException: Error creating bean with name &apos;repositories&apos; defined in class path resource [org/springframework/data/rest/webmvc/config/RepositoryRestMvcConfiguration.class]: Instantiation of bean failed; nested exception is org.springframework.beans.factory.BeanDefinitionStoreException: Factory method [public org.springframework.data.repository.support.Repositories org.springframework.data.rest.webmvc.config.RepositoryRestMvcConfiguration.repositories()] threw exception; nested exception is org.springframework.beans.factory.UnsatisfiedDependencyException: Error creating bean with name &apos;mongoDBEnvironmentRepositoryImpl&apos; defined in URL [jar:file:/C:/workspaces/denv/denv-server-mongodb/target/denv-server-mongodb-0.1.0.jar!/org/ssoup/denv/server/persistence/mongodb/repository/MongoDBEnvironmentRepositoryImpl.class]: Unsatisfied dependency expressed through constructor argument with index 1 of type [org.ssoup.denv.server.persistence.ApplicationConfigRepository]: : No qualifying bean of type [org.ssoup.denv.server.persistence.ApplicationConfigRepository] is defined: expected single matching bean but found 2: mongoDBImageRepository,mongoDBApplicationConfigRepository; nested exception is org.springframework.beans.factory.NoUniqueBeanDefinitionException: No qualifying bean of type [org.ssoup.denv.server.persistence.ApplicationConfigRepository] is defined: expected single matching bean but found 2: mongoDBImageRepository,mongoDBApplicationConfigRepository
	at org.springframework.beans.factory.support.SimpleInstantiationStrategy.instantiate(SimpleInstantiationStrategy.java:188)
	at org.springframework.beans.factory.support.ConstructorResolver.instantiateUsingFactoryMethod(ConstructorResolver.java:586)
	... 152 more
Caused by: org.springframework.beans.factory.BeanCreationException: Error creating bean with name &apos;repositories&apos; defined in class path resource [org/springframework/data/rest/webmvc/config/RepositoryRestMvcConfiguration.class]: Instantiation of bean failed; nested exception is org.springframework.beans.factory.BeanDefinitionStoreException: Factory method [public org.springframework.data.repository.support.Repositories org.springframework.data.rest.webmvc.config.RepositoryRestMvcConfiguration.repositories()] threw exception; nested exception is org.springframework.beans.factory.UnsatisfiedDependencyException: Error creating bean with name &apos;mongoDBEnvironmentRepositoryImpl&apos; defined in URL [jar:file:/C:/workspaces/denv/denv-server-mongodb/target/denv-server-mongodb-0.1.0.jar!/org/ssoup/denv/server/persistence/mongodb/repository/MongoDBEnvironmentRepositoryImpl.class]: Unsatisfied dependency expressed through constructor argument with index 1 of type [org.ssoup.denv.server.persistence.ApplicationConfigRepository]: : No qualifying bean of type [org.ssoup.denv.server.persistence.ApplicationConfigRepository] is defined: expected single matching bean but found 2: mongoDBImageRepository,mongoDBApplicationConfigRepository; nested exception is org.springframework.beans.factory.NoUniqueBeanDefinitionException: No qualifying bean of type [org.ssoup.denv.server.persistence.ApplicationConfigRepository] is defined: expected single matching bean but found 2: mongoDBImageRepository,mongoDBApplicationConfigRepository
	at org.springframework.beans.factory.support.ConstructorResolver.instantiateUsingFactoryMethod(ConstructorResolver.java:597)
	at org.springframework.beans.factory.support.AbstractAutowireCapableBeanFactory.instantiateUsingFactoryMethod(AbstractAutowireCapableBeanFactory.java:1094)
	at org.springframework.beans.factory.support.AbstractAutowireCapableBeanFactory.createBeanInstance(AbstractAutowireCapableBeanFactory.java:989)
	at org.springframework.beans.factory.support.AbstractAutowireCapableBeanFactory.doCreateBean(AbstractAutowireCapableBeanFactory.java:504)
	at org.springframework.beans.factory.support.AbstractAutowireCapableBeanFactory.createBean(AbstractAutowireCapableBeanFactory.java:475)
	at org.springframework.beans.factory.support.AbstractBeanFactory$1.getObject(AbstractBeanFactory.java:302)
	at org.springframework.beans.factory.support.DefaultSingletonBeanRegistry.getSingleton(DefaultSingletonBeanRegistry.java:228)
	at org.springframework.beans.factory.support.AbstractBeanFactory.doGetBean(AbstractBeanFactory.java:298)
	at org.springframework.beans.factory.support.AbstractBeanFactory.getBean(AbstractBeanFactory.java:193)
	at org.springframework.context.annotation.ConfigurationClassEnhancer$BeanMethodInterceptor.intercept(ConfigurationClassEnhancer.java:324)
	at org.springframework.data.rest.webmvc.config.RepositoryRestMvcConfiguration$$EnhancerBySpringCGLIB$$2cc48631.repositories(&lt;generated&gt;)
	at org.springframework.data.rest.webmvc.config.RepositoryRestMvcConfiguration.getProjections(RepositoryRestMvcConfiguration.java:621)
	at org.springframework.data.rest.webmvc.config.RepositoryRestMvcConfiguration.config(RepositoryRestMvcConfiguration.java:224)
	at org.springframework.data.rest.webmvc.config.RepositoryRestMvcConfiguration$$EnhancerBySpringCGLIB$$2cc48631.CGLIB$config$40(&lt;generated&gt;)
	at org.springframework.data.rest.webmvc.config.RepositoryRestMvcConfiguration$$EnhancerBySpringCGLIB$$2cc48631$$FastClassBySpringCGLIB$$1e60d3fc.invoke(&lt;generated&gt;)
	at org.springframework.cglib.proxy.MethodProxy.invokeSuper(MethodProxy.java:228)
	at org.springframework.context.annotation.ConfigurationClassEnhancer$BeanMethodInterceptor.intercept(ConfigurationClassEnhancer.java:312)
	at org.springframework.data.rest.webmvc.config.RepositoryRestMvcConfiguration$$EnhancerBySpringCGLIB$$2cc48631.config(&lt;generated&gt;)
	at sun.reflect.NativeMethodAccessorImpl.invoke0(Native Method)
	at sun.reflect.NativeMethodAccessorImpl.invoke(NativeMethodAccessorImpl.java:39)
	at sun.reflect.DelegatingMethodAccessorImpl.invoke(DelegatingMethodAccessorImpl.java:25)
	at java.lang.reflect.Method.invoke(Method.java:597)
	at org.springframework.beans.factory.support.SimpleInstantiationStrategy.instantiate(SimpleInstantiationStrategy.java:166)
	... 153 more
Caused by: org.springframework.beans.factory.BeanDefinitionStoreException: Factory method [public org.springframework.data.repository.support.Repositories org.springframework.data.rest.webmvc.config.RepositoryRestMvcConfiguration.repositories()] threw exception; nested exception is org.springframework.beans.factory.UnsatisfiedDependencyException: Error creating bean with name &apos;mongoDBEnvironmentRepositoryImpl&apos; defined in URL [jar:file:/C:/workspaces/denv/denv-server-mongodb/target/denv-server-mongodb-0.1.0.jar!/org/ssoup/denv/server/persistence/mongodb/repository/MongoDBEnvironmentRepositoryImpl.class]: Unsatisfied dependency expressed through constructor argument with index 1 of type [org.ssoup.denv.server.persistence.ApplicationConfigRepository]: : No qualifying bean of type [org.ssoup.denv.server.persistence.ApplicationConfigRepository] is defined: expected single matching bean but found 2: mongoDBImageRepository,mongoDBApplicationConfigRepository; nested exception is org.springframework.beans.factory.NoUniqueBeanDefinitionException: No qualifying bean of type [org.ssoup.denv.server.persistence.ApplicationConfigRepository] is defined: expected single matching bean but found 2: mongoDBImageRepository,mongoDBApplicationConfigRepository
	at org.springframework.beans.factory.support.SimpleInstantiationStrategy.instantiate(SimpleInstantiationStrategy.java:188)
	at org.springframework.beans.factory.support.ConstructorResolver.instantiateUsingFactoryMethod(ConstructorResolver.java:586)
	... 175 more
Caused by: org.springframework.beans.factory.UnsatisfiedDependencyException: Error creating bean with name &apos;mongoDBEnvironmentRepositoryImpl&apos; defined in URL [jar:file:/C:/workspaces/denv/denv-server-mongodb/target/denv-server-mongodb-0.1.0.jar!/org/ssoup/denv/server/persistence/mongodb/repository/MongoDBEnvironmentRepositoryImpl.class]: Unsatisfied dependency expressed through constructor argument with index 1 of type [org.ssoup.denv.server.persistence.ApplicationConfigRepository]: : No qualifying bean of type [org.ssoup.denv.server.persistence.ApplicationConfigRepository] is defined: expected single matching bean but found 2: mongoDBImageRepository,mongoDBApplicationConfigRepository; nested exception is org.springframework.beans.factory.NoUniqueBeanDefinitionException: No qualifying bean of type [org.ssoup.denv.server.persistence.ApplicationConfigRepository] is defined: expected single matching bean but found 2: mongoDBImageRepository,mongoDBApplicationConfigRepository
	at org.springframework.beans.factory.support.ConstructorResolver.createArgumentArray(ConstructorResolver.java:747)
	at org.springframework.beans.factory.support.ConstructorResolver.autowireConstructor(ConstructorResolver.java:185)
	at org.springframework.beans.factory.support.AbstractAutowireCapableBeanFactory.autowireConstructor(AbstractAutowireCapableBeanFactory.java:1114)
	at org.springframework.beans.factory.support.AbstractAutowireCapableBeanFactory.createBeanInstance(AbstractAutowireCapableBeanFactory.java:1017)
	at org.springframework.beans.factory.support.AbstractAutowireCapableBeanFactory.doCreateBean(AbstractAutowireCapableBeanFactory.java:504)
	at org.springframework.beans.factory.support.AbstractAutowireCapableBeanFactory.createBean(AbstractAutowireCapableBeanFactory.java:475)
	at org.springframework.beans.factory.support.AbstractBeanFactory$1.getObject(AbstractBeanFactory.java:302)
	at org.springframework.beans.factory.support.DefaultSingletonBeanRegistry.getSingleton(DefaultSingletonBeanRegistry.java:228)
	at org.springframework.beans.factory.support.AbstractBeanFactory.doGetBean(AbstractBeanFactory.java:298)
	at org.springframework.beans.factory.support.AbstractBeanFactory.getBean(AbstractBeanFactory.java:193)
	at org.springframework.beans.factory.support.AbstractBeanFactory.doGetBean(AbstractBeanFactory.java:292)
	at org.springframework.beans.factory.support.AbstractBeanFactory.getBean(AbstractBeanFactory.java:198)
	at org.springframework.data.repository.support.Repositories.populateRepositoryFactoryInformation(Repositories.java:87)
	at org.springframework.data.repository.support.Repositories.&lt;init&gt;(Repositories.java:78)
	at org.springframework.data.rest.webmvc.config.RepositoryRestMvcConfiguration.repositories(RepositoryRestMvcConfiguration.java:146)
	at org.springframework.data.rest.webmvc.config.RepositoryRestMvcConfiguration$$EnhancerBySpringCGLIB$$2cc48631.CGLIB$repositories$2(&lt;generated&gt;)
	at org.springframework.data.rest.webmvc.config.RepositoryRestMvcConfiguration$$EnhancerBySpringCGLIB$$2cc48631$$FastClassBySpringCGLIB$$1e60d3fc.invoke(&lt;generated&gt;)
	at org.springframework.cglib.proxy.MethodProxy.invokeSuper(MethodProxy.java:228)
	at org.springframework.context.annotation.ConfigurationClassEnhancer$BeanMethodInterceptor.intercept(ConfigurationClassEnhancer.java:312)
	at org.springframework.data.rest.webmvc.config.RepositoryRestMvcConfiguration$$EnhancerBySpringCGLIB$$2cc48631.repositories(&lt;generated&gt;)
	at sun.reflect.NativeMethodAccessorImpl.invoke0(Native Method)
	at sun.reflect.NativeMethodAccessorImpl.invoke(NativeMethodAccessorImpl.java:39)
	at sun.reflect.DelegatingMethodAccessorImpl.invoke(DelegatingMethodAccessorImpl.java:25)
	at java.lang.reflect.Method.invoke(Method.java:597)
	at org.springframework.beans.factory.support.SimpleInstantiationStrategy.instantiate(SimpleInstantiationStrategy.java:166)
	... 176 more
Caused by: org.springframework.beans.factory.NoUniqueBeanDefinitionException: No qualifying bean of type [org.ssoup.denv.server.persistence.ApplicationConfigRepository] is defined: expected single matching bean but found 2: mongoDBImageRepository,mongoDBApplicationConfigRepository
	at org.springframework.beans.factory.support.DefaultListableBeanFactory.doResolveDependency(DefaultListableBeanFactory.java:970)
	at org.springframework.beans.factory.support.DefaultListableBeanFactory.resolveDependency(DefaultListableBeanFactory.java:858)
	at org.springframework.beans.factory.support.ConstructorResolver.resolveAutowiredArgument(ConstructorResolver.java:811)
	at org.springframework.beans.factory.support.ConstructorResolver.createArgumentArray(ConstructorResolver.java:739)
	... 200 more
</error>
    <system-out>2014-09-12 15:54:09.641 DEBUG 10216 --- [           main] o.s.w.c.s.StandardServletEnvironment     : Adding [servletConfigInitParams] PropertySource with lowest search precedence
2014-09-12 15:54:09.641 DEBUG 10216 --- [           main] o.s.w.c.s.StandardServletEnvironment     : Adding [servletContextInitParams] PropertySource with lowest search precedence
2014-09-12 15:54:09.642 DEBUG 10216 --- [           main] o.s.w.c.s.StandardServletEnvironment     : Adding [jndiProperties] PropertySource with lowest search precedence
2014-09-12 15:54:09.642 DEBUG 10216 --- [           main] o.s.w.c.s.StandardServletEnvironment     : Adding [systemProperties] PropertySource with lowest search precedence
2014-09-12 15:54:09.642 DEBUG 10216 --- [           main] o.s.w.c.s.StandardServletEnvironment     : Adding [systemEnvironment] PropertySource with lowest search precedence
2014-09-12 15:54:09.642 DEBUG 10216 --- [           main] o.s.w.c.s.StandardServletEnvironment     : Initialized StandardServletEnvironment with PropertySources [servletConfigInitParams,servletContextInitParams,jndiProperties,systemProperties,systemEnvironment]
2014-09-12 15:54:09.642 DEBUG 10216 --- [           main] o.s.w.c.s.StandardServletEnvironment     : Adding [integrationTest] PropertySource with search precedence immediately lower than [systemEnvironment]

  .   ____          _            __ _ _
 /\\ / ___&apos;_ __ _ _(_)_ __  __ _ \ \ \ \
( ( )\___ | &apos;_ | &apos;_| | &apos;_ \/ _` | \ \ \ \
 \\/  ___)| |_)| | | | | || (_| |  ) ) ) )
  &apos;  |____| .__|_| |_|_| |_\__, | / / / /
 =========|_|==============|___/=/_/_/_/
 :: Spring Boot ::        (v1.1.5.RELEASE)

2014-09-12 15:54:09.719 DEBUG 10216 --- [           main] o.s.w.c.s.StandardServletEnvironment     : Adding [servletConfigInitParams] PropertySource with lowest search precedence
2014-09-12 15:54:09.719 DEBUG 10216 --- [           main] o.s.w.c.s.StandardServletEnvironment     : Adding [servletContextInitParams] PropertySource with lowest search precedence
2014-09-12 15:54:09.719 DEBUG 10216 --- [           main] o.s.w.c.s.StandardServletEnvironment     : Adding [jndiProperties] PropertySource with lowest search precedence
2014-09-12 15:54:09.720 DEBUG 10216 --- [           main] o.s.w.c.s.StandardServletEnvironment     : Adding [systemProperties] PropertySource with lowest search precedence
2014-09-12 15:54:09.720 DEBUG 10216 --- [           main] o.s.w.c.s.StandardServletEnvironment     : Adding [systemEnvironment] PropertySource with lowest search precedence
2014-09-12 15:54:09.720 DEBUG 10216 --- [           main] o.s.w.c.s.StandardServletEnvironment     : Initialized StandardServletEnvironment with PropertySources [servletConfigInitParams,servletContextInitParams,jndiProperties,systemProperties,systemEnvironment]
2014-09-12 15:54:09.723  INFO 10216 --- [           main] o.a.m.surefire.booter.SurefireBooter     : Starting SurefireBooter v2.4.3 on Alderai with PID 10216 (C:\Users\ALB\.m2\repository\org\apache\maven\surefire\surefire-booter\2.4.3\surefire-booter-2.4.3.jar started by ALB in C:\workspaces\denv\denv-server-integration-test)
2014-09-12 15:54:09.725  INFO 10216 --- [           main] ationConfigEmbeddedWebApplicationContext : Refreshing org.springframework.boot.context.embedded.AnnotationConfigEmbeddedWebApplicationContext@1f52125: startup date [Fri Sep 12 15:54:09 CEST 2014]; root of context hierarchy
2014-09-12 15:54:09.965 DEBUG 10216 --- [           main] o.s.w.c.s.StandardServletEnvironment     : Adding [class path resource [application.properties]] PropertySource with lowest search precedence
2014-09-12 15:54:10.016  INFO 10216 --- [           main] o.s.b.f.s.DefaultListableBeanFactory     : Overriding bean definition for bean &apos;beanNameViewResolver&apos;: replacing [Root bean: class [null]; scope=; abstract=false; lazyInit=false; autowireMode=3; dependencyCheck=0; autowireCandidate=true; primary=false; factoryBeanName=org.springframework.boot.autoconfigure.web.ErrorMvcAutoConfiguration$WhitelabelErrorViewConfiguration; factoryMethodName=beanNameViewResolver; initMethodName=null; destroyMethodName=(inferred); defined in class path resource [org/springframework/boot/autoconfigure/web/ErrorMvcAutoConfiguration$WhitelabelErrorViewConfiguration.class]] with [Root bean: class [null]; scope=; abstract=false; lazyInit=false; autowireMode=3; dependencyCheck=0; autowireCandidate=true; primary=false; factoryBeanName=org.springframework.boot.autoconfigure.web.WebMvcAutoConfiguration$WebMvcAutoConfigurationAdapter; factoryMethodName=beanNameViewResolver; initMethodName=null; destroyMethodName=(inferred); defined in class path resource [org/springframework/boot/autoconfigure/web/WebMvcAutoConfiguration$WebMvcAutoConfigurationAdapter.class]]
2014-09-12 15:54:10.841 DEBUG 10216 --- [           main] o.s.w.c.s.StandardServletEnvironment     : Adding [applicationConfig: [classpath:/application.properties]] PropertySource with search precedence immediately lower than [applicationConfigurationProperties]
2014-09-12 15:54:10.841 DEBUG 10216 --- [           main] o.s.w.c.s.StandardServletEnvironment     : Removing [applicationConfigurationProperties] PropertySource
2014-09-12 15:54:10.841 DEBUG 10216 --- [           main] o.s.w.c.s.StandardServletEnvironment     : Removing [defaultProperties] PropertySource
2014-09-12 15:54:10.902  INFO 10216 --- [           main] f.a.AutowiredAnnotationBeanPostProcessor : JSR-330 &apos;javax.inject.Inject&apos; annotation found and supported for autowiring
2014-09-12 15:54:11.228  INFO 10216 --- [           main] .t.TomcatEmbeddedServletContainerFactory : Server initialized with port: 8080
2014-09-12 15:54:11.231  INFO 10216 --- [           main] o.apache.catalina.core.StandardService   : Starting service Tomcat
2014-09-12 15:54:11.232  INFO 10216 --- [           main] org.apache.catalina.core.StandardEngine  : Starting Servlet Engine: Apache Tomcat/7.0.54
2014-09-12 15:54:11.250  INFO 10216 --- [ost-startStop-1] o.a.c.c.C.[Tomcat-1].[localhost].[/]     : Initializing Spring embedded WebApplicationContext
2014-09-12 15:54:11.254 DEBUG 10216 --- [ost-startStop-1] o.s.web.context.ContextLoader            : Published root WebApplicationContext as ServletContext attribute with name [org.springframework.web.context.WebApplicationContext.ROOT]
2014-09-12 15:54:11.254  INFO 10216 --- [ost-startStop-1] o.s.web.context.ContextLoader            : Root WebApplicationContext: initialization completed in 1529 ms
2014-09-12 15:54:12.674  WARN 10216 --- [ost-startStop-1] o.s.d.m.c.m.BasicMongoPersistentProperty : Customizing field name for id property not allowed! Custom name will not be considered!
2014-09-12 15:54:12.742 ERROR 10216 --- [ost-startStop-1] rvletContextInitializerLifecycleListener : Error starting Tomcat context: org.springframework.beans.factory.BeanCreationException
2014-09-12 15:54:12.747  INFO 10216 --- [           main] .b.l.ClasspathLoggingApplicationListener : Application failed to start with classpath: [file:/C:/Users/ALB/AppData/Local/Temp/surefirebooter7995350138174825736.jar]
2014-09-12 15:54:12.756 ERROR 10216 --- [           main] o.s.boot.SpringApplication               : Application startup failed

org.springframework.context.ApplicationContextException: Unable to start embedded container; nested exception is org.springframework.boot.context.embedded.EmbeddedServletContainerException: Unable to start embedded Tomcat
	at org.springframework.boot.context.embedded.EmbeddedWebApplicationContext.onRefresh(EmbeddedWebApplicationContext.java:135)
	at org.springframework.context.support.AbstractApplicationContext.refresh(AbstractApplicationContext.java:476)
	at org.springframework.boot.context.embedded.EmbeddedWebApplicationContext.refresh(EmbeddedWebApplicationContext.java:120)
	at org.springframework.boot.SpringApplication.refresh(SpringApplication.java:691)
	at org.springframework.boot.SpringApplication.run(SpringApplication.java:320)
	at org.springframework.boot.test.SpringApplicationContextLoader.loadContext(SpringApplicationContextLoader.java:107)
	at org.springframework.test.context.CacheAwareContextLoaderDelegate.loadContextInternal(CacheAwareContextLoaderDelegate.java:64)
	at org.springframework.test.context.CacheAwareContextLoaderDelegate.loadContext(CacheAwareContextLoaderDelegate.java:91)
	at org.springframework.test.context.DefaultTestContext.getApplicationContext(DefaultTestContext.java:101)
	at org.springframework.test.context.support.DependencyInjectionTestExecutionListener.injectDependencies(DependencyInjectionTestExecutionListener.java:109)
	at org.springframework.test.context.support.DependencyInjectionTestExecutionListener.prepareTestInstance(DependencyInjectionTestExecutionListener.java:75)
	at org.springframework.test.context.TestContextManager.prepareTestInstance(TestContextManager.java:331)
	at org.springframework.test.context.junit4.SpringJUnit4ClassRunner.createTest(SpringJUnit4ClassRunner.java:213)
	at org.springframework.test.context.junit4.SpringJUnit4ClassRunner$1.runReflectiveCall(SpringJUnit4ClassRunner.java:290)
	at org.junit.internal.runners.model.ReflectiveCallable.run(ReflectiveCallable.java:12)
	at org.springframework.test.context.junit4.SpringJUnit4ClassRunner.methodBlock(SpringJUnit4ClassRunner.java:292)
	at org.springframework.test.context.junit4.SpringJUnit4ClassRunner.runChild(SpringJUnit4ClassRunner.java:233)
	at org.springframework.test.context.junit4.SpringJUnit4ClassRunner.runChild(SpringJUnit4ClassRunner.java:87)
	at org.junit.runners.ParentRunner$3.run(ParentRunner.java:238)
	at org.junit.runners.ParentRunner$1.schedule(ParentRunner.java:63)
	at org.junit.runners.ParentRunner.runChildren(ParentRunner.java:236)
	at org.junit.runners.ParentRunner.access$000(ParentRunner.java:53)
	at org.junit.runners.ParentRunner$2.evaluate(ParentRunner.java:229)
	at org.springframework.test.context.junit4.statements.RunBeforeTestClassCallbacks.evaluate(RunBeforeTestClassCallbacks.java:61)
	at org.springframework.test.context.junit4.statements.RunAfterTestClassCallbacks.evaluate(RunAfterTestClassCallbacks.java:71)
	at org.junit.runners.ParentRunner.run(ParentRunner.java:309)
	at org.springframework.test.context.junit4.SpringJUnit4ClassRunner.run(SpringJUnit4ClassRunner.java:176)
	at org.apache.maven.surefire.junit4.JUnit4TestSet.execute(JUnit4TestSet.java:62)
	at org.apache.maven.surefire.suite.AbstractDirectoryTestSuite.executeTestSet(AbstractDirectoryTestSuite.java:140)
	at org.apache.maven.surefire.suite.AbstractDirectoryTestSuite.execute(AbstractDirectoryTestSuite.java:127)
	at org.apache.maven.surefire.Surefire.run(Surefire.java:177)
	at sun.reflect.NativeMethodAccessorImpl.invoke0(Native Method)
	at sun.reflect.NativeMethodAccessorImpl.invoke(NativeMethodAccessorImpl.java:39)
	at sun.reflect.DelegatingMethodAccessorImpl.invoke(DelegatingMethodAccessorImpl.java:25)
	at java.lang.reflect.Method.invoke(Method.java:597)
	at org.apache.maven.surefire.booter.SurefireBooter.runSuitesInProcess(SurefireBooter.java:345)
	at org.apache.maven.surefire.booter.SurefireBooter.main(SurefireBooter.java:1009)
Caused by: org.springframework.boot.context.embedded.EmbeddedServletContainerException: Unable to start embedded Tomcat
	at org.springframework.boot.context.embedded.tomcat.TomcatEmbeddedServletContainer.initialize(TomcatEmbeddedServletContainer.java:100)
	at org.springframework.boot.context.embedded.tomcat.TomcatEmbeddedServletContainer.&lt;init&gt;(TomcatEmbeddedServletContainer.java:74)
	at org.springframework.boot.context.embedded.tomcat.TomcatEmbeddedServletContainerFactory.getTomcatEmbeddedServletContainer(TomcatEmbeddedServletContainerFactory.java:289)
	at org.springframework.boot.context.embedded.tomcat.TomcatEmbeddedServletContainerFactory.getEmbeddedServletContainer(TomcatEmbeddedServletContainerFactory.java:146)
	at org.springframework.boot.context.embedded.EmbeddedWebApplicationContext.createEmbeddedServletContainer(EmbeddedWebApplicationContext.java:159)
	at org.springframework.boot.context.embedded.EmbeddedWebApplicationContext.onRefresh(EmbeddedWebApplicationContext.java:132)
	... 36 common frames omitted
Caused by: org.springframework.beans.factory.BeanCreationException: Error creating bean with name &apos;org.springframework.security.config.annotation.web.configuration.WebSecurityConfiguration&apos;: Injection of autowired dependencies failed; nested exception is org.springframework.beans.factory.BeanCreationException: Could not autowire method: public void org.springframework.security.config.annotation.web.configuration.WebSecurityConfiguration.setFilterChainProxySecurityConfigurer(org.springframework.security.config.annotation.ObjectPostProcessor,java.util.List) throws java.lang.Exception; nested exception is org.springframework.beans.factory.BeanExpressionException: Expression parsing failed; nested exception is org.springframework.beans.factory.BeanCreationException: Error creating bean with name &apos;securityConfig&apos;: Injection of autowired dependencies failed; nested exception is org.springframework.beans.factory.BeanCreationException: Could not autowire method: public void org.springframework.security.config.annotation.web.configuration.WebSecurityConfigurerAdapter.setContentNegotationStrategy(org.springframework.web.accept.ContentNegotiationStrategy); nested exception is org.springframework.beans.factory.BeanCreationException: Error creating bean with name &apos;org.springframework.web.servlet.config.annotation.DelegatingWebMvcConfiguration&apos;: Injection of autowired dependencies failed; nested exception is org.springframework.beans.factory.BeanCreationException: Could not autowire method: public void org.springframework.web.servlet.config.annotation.DelegatingWebMvcConfiguration.setConfigurers(java.util.List); nested exception is org.springframework.beans.factory.BeanCreationException: Error creating bean with name &apos;org.springframework.boot.autoconfigure.web.WebMvcAutoConfiguration$WebMvcAutoConfigurationAdapter&apos;: Injection of autowired dependencies failed; nested exception is org.springframework.beans.factory.BeanCreationException: Could not autowire field: private org.springframework.boot.autoconfigure.web.HttpMessageConverters org.springframework.boot.autoconfigure.web.WebMvcAutoConfiguration$WebMvcAutoConfigurationAdapter.messageConverters; nested exception is org.springframework.beans.factory.BeanCreationException: Error creating bean with name &apos;org.springframework.boot.autoconfigure.web.HttpMessageConvertersAutoConfiguration&apos;: Injection of autowired dependencies failed; nested exception is org.springframework.beans.factory.BeanCreationException: Could not autowire field: private final java.util.List org.springframework.boot.autoconfigure.web.HttpMessageConvertersAutoConfiguration.converters; nested exception is org.springframework.beans.factory.BeanCreationException: Error creating bean with name &apos;jacksonHttpMessageConverter&apos; defined in class path resource [org/springframework/data/rest/webmvc/config/RepositoryRestMvcConfiguration.class]: Instantiation of bean failed; nested exception is org.springframework.beans.factory.BeanDefinitionStoreException: Factory method [public org.springframework.http.converter.json.MappingJackson2HttpMessageConverter org.springframework.data.rest.webmvc.config.RepositoryRestMvcConfiguration.jacksonHttpMessageConverter()] threw exception; nested exception is org.springframework.beans.factory.BeanCreationException: Error creating bean with name &apos;config&apos; defined in class path resource [org/springframework/data/rest/webmvc/config/RepositoryRestMvcConfiguration.class]: Instantiation of bean failed; nested exception is org.springframework.beans.factory.BeanDefinitionStoreException: Factory method [public org.springframework.data.rest.core.config.RepositoryRestConfiguration org.springframework.data.rest.webmvc.config.RepositoryRestMvcConfiguration.config()] threw exception; nested exception is org.springframework.beans.factory.BeanCreationException: Error creating bean with name &apos;repositories&apos; defined in class path resource [org/springframework/data/rest/webmvc/config/RepositoryRestMvcConfiguration.class]: Instantiation of bean failed; nested exception is org.springframework.beans.factory.BeanDefinitionStoreException: Factory method [public org.springframework.data.repository.support.Repositories org.springframework.data.rest.webmvc.config.RepositoryRestMvcConfiguration.repositories()] threw exception; nested exception is org.springframework.beans.factory.UnsatisfiedDependencyException: Error creating bean with name &apos;mongoDBEnvironmentRepositoryImpl&apos; defined in URL [jar:file:/C:/workspaces/denv/denv-server-mongodb/target/denv-server-mongodb-0.1.0.jar!/org/ssoup/denv/server/persistence/mongodb/repository/MongoDBEnvironmentRepositoryImpl.class]: Unsatisfied dependency expressed through constructor argument with index 1 of type [org.ssoup.denv.server.persistence.ApplicationConfigRepository]: : No qualifying bean of type [org.ssoup.denv.server.persistence.ApplicationConfigRepository] is defined: expected single matching bean but found 2: mongoDBImageRepository,mongoDBApplicationConfigRepository; nested exception is org.springframework.beans.factory.NoUniqueBeanDefinitionException: No qualifying bean of type [org.ssoup.denv.server.persistence.ApplicationConfigRepository] is defined: expected single matching bean but found 2: mongoDBImageRepository,mongoDBApplicationConfigRepository
	at org.springframework.beans.factory.annotation.AutowiredAnnotationBeanPostProcessor.postProcessPropertyValues(AutowiredAnnotationBeanPostProcessor.java:292)
	at org.springframework.beans.factory.support.AbstractAutowireCapableBeanFactory.populateBean(AbstractAutowireCapableBeanFactory.java:1185)
	at org.springframework.beans.factory.support.AbstractAutowireCapableBeanFactory.doCreateBean(AbstractAutowireCapableBeanFactory.java:537)
	at org.springframework.beans.factory.support.AbstractAutowireCapableBeanFactory.createBean(AbstractAutowireCapableBeanFactory.java:475)
	at org.springframework.beans.factory.support.AbstractBeanFactory$1.getObject(AbstractBeanFactory.java:302)
	at org.springframework.beans.factory.support.DefaultSingletonBeanRegistry.getSingleton(DefaultSingletonBeanRegistry.java:228)
	at org.springframework.beans.factory.support.AbstractBeanFactory.doGetBean(AbstractBeanFactory.java:298)
	at org.springframework.beans.factory.support.AbstractBeanFactory.getBean(AbstractBeanFactory.java:193)
	at org.springframework.beans.factory.support.ConstructorResolver.instantiateUsingFactoryMethod(ConstructorResolver.java:370)
	at org.springframework.beans.factory.support.AbstractAutowireCapableBeanFactory.instantiateUsingFactoryMethod(AbstractAutowireCapableBeanFactory.java:1094)
	at org.springframework.beans.factory.support.AbstractAutowireCapableBeanFactory.createBeanInstance(AbstractAutowireCapableBeanFactory.java:989)
	at org.springframework.beans.factory.support.AbstractAutowireCapableBeanFactory.doCreateBean(AbstractAutowireCapableBeanFactory.java:504)
	at org.springframework.beans.factory.support.AbstractAutowireCapableBeanFactory.createBean(AbstractAutowireCapableBeanFactory.java:475)
	at org.springframework.beans.factory.support.AbstractBeanFactory$1.getObject(AbstractBeanFactory.java:302)
	at org.springframework.beans.factory.support.DefaultSingletonBeanRegistry.getSingleton(DefaultSingletonBeanRegistry.java:228)
	at org.springframework.beans.factory.support.AbstractBeanFactory.doGetBean(AbstractBeanFactory.java:298)
	at org.springframework.beans.factory.support.AbstractBeanFactory.getBean(AbstractBeanFactory.java:198)
	at org.springframework.boot.context.embedded.EmbeddedWebApplicationContext.getOrderedBeansOfType(EmbeddedWebApplicationContext.java:367)
	at org.springframework.boot.context.embedded.EmbeddedWebApplicationContext.getServletContextInitializerBeans(EmbeddedWebApplicationContext.java:268)
	at org.springframework.boot.context.embedded.EmbeddedWebApplicationContext$1.onStartup(EmbeddedWebApplicationContext.java:213)
	at org.springframework.boot.context.embedded.tomcat.ServletContextInitializerLifecycleListener.lifecycleEvent(ServletContextInitializerLifecycleListener.java:64)
	at org.apache.catalina.util.LifecycleSupport.fireLifecycleEvent(LifecycleSupport.java:117)
	at org.apache.catalina.util.LifecycleBase.fireLifecycleEvent(LifecycleBase.java:90)
	at org.apache.catalina.core.StandardContext.startInternal(StandardContext.java:5355)
	at org.apache.catalina.util.LifecycleBase.start(LifecycleBase.java:150)
	at org.apache.catalina.core.ContainerBase$StartChild.call(ContainerBase.java:1559)
	at org.apache.catalina.core.ContainerBase$StartChild.call(ContainerBase.java:1549)
	at java.util.concurrent.FutureTask$Sync.innerRun(FutureTask.java:303)
	at java.util.concurrent.FutureTask.run(FutureTask.java:138)
	at java.util.concurrent.ThreadPoolExecutor$Worker.runTask(ThreadPoolExecutor.java:886)
	at java.util.concurrent.ThreadPoolExecutor$Worker.run(ThreadPoolExecutor.java:908)
	at java.lang.Thread.run(Thread.java:662)
Caused by: org.springframework.beans.factory.BeanCreationException: Could not autowire method: public void org.springframework.security.config.annotation.web.configuration.WebSecurityConfiguration.setFilterChainProxySecurityConfigurer(org.springframework.security.config.annotation.ObjectPostProcessor,java.util.List) throws java.lang.Exception; nested exception is org.springframework.beans.factory.BeanExpressionException: Expression parsing failed; nested exception is org.springframework.beans.factory.BeanCreationException: Error creating bean with name &apos;securityConfig&apos;: Injection of autowired dependencies failed; nested exception is org.springframework.beans.factory.BeanCreationException: Could not autowire method: public void org.springframework.security.config.annotation.web.configuration.WebSecurityConfigurerAdapter.setContentNegotationStrategy(org.springframework.web.accept.ContentNegotiationStrategy); nested exception is org.springframework.beans.factory.BeanCreationException: Error creating bean with name &apos;org.springframework.web.servlet.config.annotation.DelegatingWebMvcConfiguration&apos;: Injection of autowired dependencies failed; nested exception is org.springframework.beans.factory.BeanCreationException: Could not autowire method: public void org.springframework.web.servlet.config.annotation.DelegatingWebMvcConfiguration.setConfigurers(java.util.List); nested exception is org.springframework.beans.factory.BeanCreationException: Error creating bean with name &apos;org.springframework.boot.autoconfigure.web.WebMvcAutoConfiguration$WebMvcAutoConfigurationAdapter&apos;: Injection of autowired dependencies failed; nested exception is org.springframework.beans.factory.BeanCreationException: Could not autowire field: private org.springframework.boot.autoconfigure.web.HttpMessageConverters org.springframework.boot.autoconfigure.web.WebMvcAutoConfiguration$WebMvcAutoConfigurationAdapter.messageConverters; nested exception is org.springframework.beans.factory.BeanCreationException: Error creating bean with name &apos;org.springframework.boot.autoconfigure.web.HttpMessageConvertersAutoConfiguration&apos;: Injection of autowired dependencies failed; nested exception is org.springframework.beans.factory.BeanCreationException: Could not autowire field: private final java.util.List org.springframework.boot.autoconfigure.web.HttpMessageConvertersAutoConfiguration.converters; nested exception is org.springframework.beans.factory.BeanCreationException: Error creating bean with name &apos;jacksonHttpMessageConverter&apos; defined in class path resource [org/springframework/data/rest/webmvc/config/RepositoryRestMvcConfiguration.class]: Instantiation of bean failed; nested exception is org.springframework.beans.factory.BeanDefinitionStoreException: Factory method [public org.springframework.http.converter.json.MappingJackson2HttpMessageConverter org.springframework.data.rest.webmvc.config.RepositoryRestMvcConfiguration.jacksonHttpMessageConverter()] threw exception; nested exception is org.springframework.beans.factory.BeanCreationException: Error creating bean with name &apos;config&apos; defined in class path resource [org/springframework/data/rest/webmvc/config/RepositoryRestMvcConfiguration.class]: Instantiation of bean failed; nested exception is org.springframework.beans.factory.BeanDefinitionStoreException: Factory method [public org.springframework.data.rest.core.config.RepositoryRestConfiguration org.springframework.data.rest.webmvc.config.RepositoryRestMvcConfiguration.config()] threw exception; nested exception is org.springframework.beans.factory.BeanCreationException: Error creating bean with name &apos;repositories&apos; defined in class path resource [org/springframework/data/rest/webmvc/config/RepositoryRestMvcConfiguration.class]: Instantiation of bean failed; nested exception is org.springframework.beans.factory.BeanDefinitionStoreException: Factory method [public org.springframework.data.repository.support.Repositories org.springframework.data.rest.webmvc.config.RepositoryRestMvcConfiguration.repositories()] threw exception; nested exception is org.springframework.beans.factory.UnsatisfiedDependencyException: Error creating bean with name &apos;mongoDBEnvironmentRepositoryImpl&apos; defined in URL [jar:file:/C:/workspaces/denv/denv-server-mongodb/target/denv-server-mongodb-0.1.0.jar!/org/ssoup/denv/server/persistence/mongodb/repository/MongoDBEnvironmentRepositoryImpl.class]: Unsatisfied dependency expressed through constructor argument with index 1 of type [org.ssoup.denv.server.persistence.ApplicationConfigRepository]: : No qualifying bean of type [org.ssoup.denv.server.persistence.ApplicationConfigRepository] is defined: expected single matching bean but found 2: mongoDBImageRepository,mongoDBApplicationConfigRepository; nested exception is org.springframework.beans.factory.NoUniqueBeanDefinitionException: No qualifying bean of type [org.ssoup.denv.server.persistence.ApplicationConfigRepository] is defined: expected single matching bean but found 2: mongoDBImageRepository,mongoDBApplicationConfigRepository
	at org.springframework.beans.factory.annotation.AutowiredAnnotationBeanPostProcessor$AutowiredMethodElement.inject(AutowiredAnnotationBeanPostProcessor.java:596)
	at org.springframework.beans.factory.annotation.InjectionMetadata.inject(InjectionMetadata.java:87)
	at org.springframework.beans.factory.annotation.AutowiredAnnotationBeanPostProcessor.postProcessPropertyValues(AutowiredAnnotationBeanPostProcessor.java:289)
	... 31 common frames omitted
Caused by: org.springframework.beans.factory.BeanExpressionException: Expression parsing failed; nested exception is org.springframework.beans.factory.BeanCreationException: Error creating bean with name &apos;securityConfig&apos;: Injection of autowired dependencies failed; nested exception is org.springframework.beans.factory.BeanCreationException: Could not autowire method: public void org.springframework.security.config.annotation.web.configuration.WebSecurityConfigurerAdapter.setContentNegotationStrategy(org.springframework.web.accept.ContentNegotiationStrategy); nested exception is org.springframework.beans.factory.BeanCreationException: Error creating bean with name &apos;org.springframework.web.servlet.config.annotation.DelegatingWebMvcConfiguration&apos;: Injection of autowired dependencies failed; nested exception is org.springframework.beans.factory.BeanCreationException: Could not autowire method: public void org.springframework.web.servlet.config.annotation.DelegatingWebMvcConfiguration.setConfigurers(java.util.List); nested exception is org.springframework.beans.factory.BeanCreationException: Error creating bean with name &apos;org.springframework.boot.autoconfigure.web.WebMvcAutoConfiguration$WebMvcAutoConfigurationAdapter&apos;: Injection of autowired dependencies failed; nested exception is org.springframework.beans.factory.BeanCreationException: Could not autowire field: private org.springframework.boot.autoconfigure.web.HttpMessageConverters org.springframework.boot.autoconfigure.web.WebMvcAutoConfiguration$WebMvcAutoConfigurationAdapter.messageConverters; nested exception is org.springframework.beans.factory.BeanCreationException: Error creating bean with name &apos;org.springframework.boot.autoconfigure.web.HttpMessageConvertersAutoConfiguration&apos;: Injection of autowired dependencies failed; nested exception is org.springframework.beans.factory.BeanCreationException: Could not autowire field: private final java.util.List org.springframework.boot.autoconfigure.web.HttpMessageConvertersAutoConfiguration.converters; nested exception is org.springframework.beans.factory.BeanCreationException: Error creating bean with name &apos;jacksonHttpMessageConverter&apos; defined in class path resource [org/springframework/data/rest/webmvc/config/RepositoryRestMvcConfiguration.class]: Instantiation of bean failed; nested exception is org.springframework.beans.factory.BeanDefinitionStoreException: Factory method [public org.springframework.http.converter.json.MappingJackson2HttpMessageConverter org.springframework.data.rest.webmvc.config.RepositoryRestMvcConfiguration.jacksonHttpMessageConverter()] threw exception; nested exception is org.springframework.beans.factory.BeanCreationException: Error creating bean with name &apos;config&apos; defined in class path resource [org/springframework/data/rest/webmvc/config/RepositoryRestMvcConfiguration.class]: Instantiation of bean failed; nested exception is org.springframework.beans.factory.BeanDefinitionStoreException: Factory method [public org.springframework.data.rest.core.config.RepositoryRestConfiguration org.springframework.data.rest.webmvc.config.RepositoryRestMvcConfiguration.config()] threw exception; nested exception is org.springframework.beans.factory.BeanCreationException: Error creating bean with name &apos;repositories&apos; defined in class path resource [org/springframework/data/rest/webmvc/config/RepositoryRestMvcConfiguration.class]: Instantiation of bean failed; nested exception is org.springframework.beans.factory.BeanDefinitionStoreException: Factory method [public org.springframework.data.repository.support.Repositories org.springframework.data.rest.webmvc.config.RepositoryRestMvcConfiguration.repositories()] threw exception; nested exception is org.springframework.beans.factory.UnsatisfiedDependencyException: Error creating bean with name &apos;mongoDBEnvironmentRepositoryImpl&apos; defined in URL [jar:file:/C:/workspaces/denv/denv-server-mongodb/target/denv-server-mongodb-0.1.0.jar!/org/ssoup/denv/server/persistence/mongodb/repository/MongoDBEnvironmentRepositoryImpl.class]: Unsatisfied dependency expressed through constructor argument with index 1 of type [org.ssoup.denv.server.persistence.ApplicationConfigRepository]: : No qualifying bean of type [org.ssoup.denv.server.persistence.ApplicationConfigRepository] is defined: expected single matching bean but found 2: mongoDBImageRepository,mongoDBApplicationConfigRepository; nested exception is org.springframework.beans.factory.NoUniqueBeanDefinitionException: No qualifying bean of type [org.ssoup.denv.server.persistence.ApplicationConfigRepository] is defined: expected single matching bean but found 2: mongoDBImageRepository,mongoDBApplicationConfigRepository
	at org.springframework.context.expression.StandardBeanExpressionResolver.evaluate(StandardBeanExpressionResolver.java:146)
	at org.springframework.beans.factory.support.AbstractBeanFactory.evaluateBeanDefinitionString(AbstractBeanFactory.java:1362)
	at org.springframework.beans.factory.support.DefaultListableBeanFactory.doResolveDependency(DefaultListableBeanFactory.java:873)
	at org.springframework.beans.factory.support.DefaultListableBeanFactory.resolveDependency(DefaultListableBeanFactory.java:858)
	at org.springframework.beans.factory.annotation.AutowiredAnnotationBeanPostProcessor$AutowiredMethodElement.inject(AutowiredAnnotationBeanPostProcessor.java:553)
	... 33 common frames omitted
Caused by: org.springframework.beans.factory.BeanCreationException: Error creating bean with name &apos;securityConfig&apos;: Injection of autowired dependencies failed; nested exception is org.springframework.beans.factory.BeanCreationException: Could not autowire method: public void org.springframework.security.config.annotation.web.configuration.WebSecurityConfigurerAdapter.setContentNegotationStrategy(org.springframework.web.accept.ContentNegotiationStrategy); nested exception is org.springframework.beans.factory.BeanCreationException: Error creating bean with name &apos;org.springframework.web.servlet.config.annotation.DelegatingWebMvcConfiguration&apos;: Injection of autowired dependencies failed; nested exception is org.springframework.beans.factory.BeanCreationException: Could not autowire method: public void org.springframework.web.servlet.config.annotation.DelegatingWebMvcConfiguration.setConfigurers(java.util.List); nested exception is org.springframework.beans.factory.BeanCreationException: Error creating bean with name &apos;org.springframework.boot.autoconfigure.web.WebMvcAutoConfiguration$WebMvcAutoConfigurationAdapter&apos;: Injection of autowired dependencies failed; nested exception is org.springframework.beans.factory.BeanCreationException: Could not autowire field: private org.springframework.boot.autoconfigure.web.HttpMessageConverters org.springframework.boot.autoconfigure.web.WebMvcAutoConfiguration$WebMvcAutoConfigurationAdapter.messageConverters; nested exception is org.springframework.beans.factory.BeanCreationException: Error creating bean with name &apos;org.springframework.boot.autoconfigure.web.HttpMessageConvertersAutoConfiguration&apos;: Injection of autowired dependencies failed; nested exception is org.springframework.beans.factory.BeanCreationException: Could not autowire field: private final java.util.List org.springframework.boot.autoconfigure.web.HttpMessageConvertersAutoConfiguration.converters; nested exception is org.springframework.beans.factory.BeanCreationException: Error creating bean with name &apos;jacksonHttpMessageConverter&apos; defined in class path resource [org/springframework/data/rest/webmvc/config/RepositoryRestMvcConfiguration.class]: Instantiation of bean failed; nested exception is org.springframework.beans.factory.BeanDefinitionStoreException: Factory method [public org.springframework.http.converter.json.MappingJackson2HttpMessageConverter org.springframework.data.rest.webmvc.config.RepositoryRestMvcConfiguration.jacksonHttpMessageConverter()] threw exception; nested exception is org.springframework.beans.factory.BeanCreationException: Error creating bean with name &apos;config&apos; defined in class path resource [org/springframework/data/rest/webmvc/config/RepositoryRestMvcConfiguration.class]: Instantiation of bean failed; nested exception is org.springframework.beans.factory.BeanDefinitionStoreException: Factory method [public org.springframework.data.rest.core.config.RepositoryRestConfiguration org.springframework.data.rest.webmvc.config.RepositoryRestMvcConfiguration.config()] threw exception; nested exception is org.springframework.beans.factory.BeanCreationException: Error creating bean with name &apos;repositories&apos; defined in class path resource [org/springframework/data/rest/webmvc/config/RepositoryRestMvcConfiguration.class]: Instantiation of bean failed; nested exception is org.springframework.beans.factory.BeanDefinitionStoreException: Factory method [public org.springframework.data.repository.support.Repositories org.springframework.data.rest.webmvc.config.RepositoryRestMvcConfiguration.repositories()] threw exception; nested exception is org.springframework.beans.factory.UnsatisfiedDependencyException: Error creating bean with name &apos;mongoDBEnvironmentRepositoryImpl&apos; defined in URL [jar:file:/C:/workspaces/denv/denv-server-mongodb/target/denv-server-mongodb-0.1.0.jar!/org/ssoup/denv/server/persistence/mongodb/repository/MongoDBEnvironmentRepositoryImpl.class]: Unsatisfied dependency expressed through constructor argument with index 1 of type [org.ssoup.denv.server.persistence.ApplicationConfigRepository]: : No qualifying bean of type [org.ssoup.denv.server.persistence.ApplicationConfigRepository] is defined: expected single matching bean but found 2: mongoDBImageRepository,mongoDBApplicationConfigRepository; nested exception is org.springframework.beans.factory.NoUniqueBeanDefinitionException: No qualifying bean of type [org.ssoup.denv.server.persistence.ApplicationConfigRepository] is defined: expected single matching bean but found 2: mongoDBImageRepository,mongoDBApplicationConfigRepository
	at org.springframework.beans.factory.annotation.AutowiredAnnotationBeanPostProcessor.postProcessPropertyValues(AutowiredAnnotationBeanPostProcessor.java:292)
	at org.springframework.beans.factory.support.AbstractAutowireCapableBeanFactory.populateBean(AbstractAutowireCapableBeanFactory.java:1185)
	at org.springframework.beans.factory.support.AbstractAutowireCapableBeanFactory.doCreateBean(AbstractAutowireCapableBeanFactory.java:537)
	at org.springframework.beans.factory.support.AbstractAutowireCapableBeanFactory.createBean(AbstractAutowireCapableBeanFactory.java:475)
	at org.springframework.beans.factory.support.AbstractBeanFactory$1.getObject(AbstractBeanFactory.java:302)
	at org.springframework.beans.factory.support.DefaultSingletonBeanRegistry.getSingleton(DefaultSingletonBeanRegistry.java:228)
	at org.springframework.beans.factory.support.AbstractBeanFactory.doGetBean(AbstractBeanFactory.java:298)
	at org.springframework.beans.factory.support.AbstractBeanFactory.getBean(AbstractBeanFactory.java:198)
	at org.springframework.beans.factory.support.DefaultListableBeanFactory.getBeansOfType(DefaultListableBeanFactory.java:470)
	at org.springframework.beans.factory.support.DefaultListableBeanFactory.getBeansOfType(DefaultListableBeanFactory.java:459)
	at org.springframework.security.config.annotation.web.configuration.AutowiredWebSecurityConfigurersIgnoreParents.getWebSecurityConfigurers(AutowiredWebSecurityConfigurersIgnoreParents.java:52)
	at sun.reflect.NativeMethodAccessorImpl.invoke0(Native Method)
	at sun.reflect.NativeMethodAccessorImpl.invoke(NativeMethodAccessorImpl.java:39)
	at sun.reflect.DelegatingMethodAccessorImpl.invoke(DelegatingMethodAccessorImpl.java:25)
	at java.lang.reflect.Method.invoke(Method.java:597)
	at org.springframework.expression.spel.support.ReflectiveMethodExecutor.execute(ReflectiveMethodExecutor.java:63)
	at org.springframework.expression.spel.ast.MethodReference.getValueInternal(MethodReference.java:122)
	at org.springframework.expression.spel.ast.MethodReference.access$000(MethodReference.java:44)
	at org.springframework.expression.spel.ast.MethodReference$MethodValueRef.getValue(MethodReference.java:258)
	at org.springframework.expression.spel.ast.CompoundExpression.getValueInternal(CompoundExpression.java:84)
	at org.springframework.expression.spel.ast.SpelNodeImpl.getValue(SpelNodeImpl.java:103)
	at org.springframework.expression.spel.standard.SpelExpression.getValue(SpelExpression.java:94)
	at org.springframework.context.expression.StandardBeanExpressionResolver.evaluate(StandardBeanExpressionResolver.java:143)
	... 37 common frames omitted
Caused by: org.springframework.beans.factory.BeanCreationException: Could not autowire method: public void org.springframework.security.config.annotation.web.configuration.WebSecurityConfigurerAdapter.setContentNegotationStrategy(org.springframework.web.accept.ContentNegotiationStrategy); nested exception is org.springframework.beans.factory.BeanCreationException: Error creating bean with name &apos;org.springframework.web.servlet.config.annotation.DelegatingWebMvcConfiguration&apos;: Injection of autowired dependencies failed; nested exception is org.springframework.beans.factory.BeanCreationException: Could not autowire method: public void org.springframework.web.servlet.config.annotation.DelegatingWebMvcConfiguration.setConfigurers(java.util.List); nested exception is org.springframework.beans.factory.BeanCreationException: Error creating bean with name &apos;org.springframework.boot.autoconfigure.web.WebMvcAutoConfiguration$WebMvcAutoConfigurationAdapter&apos;: Injection of autowired dependencies failed; nested exception is org.springframework.beans.factory.BeanCreationException: Could not autowire field: private org.springframework.boot.autoconfigure.web.HttpMessageConverters org.springframework.boot.autoconfigure.web.WebMvcAutoConfiguration$WebMvcAutoConfigurationAdapter.messageConverters; nested exception is org.springframework.beans.factory.BeanCreationException: Error creating bean with name &apos;org.springframework.boot.autoconfigure.web.HttpMessageConvertersAutoConfiguration&apos;: Injection of autowired dependencies failed; nested exception is org.springframework.beans.factory.BeanCreationException: Could not autowire field: private final java.util.List org.springframework.boot.autoconfigure.web.HttpMessageConvertersAutoConfiguration.converters; nested exception is org.springframework.beans.factory.BeanCreationException: Error creating bean with name &apos;jacksonHttpMessageConverter&apos; defined in class path resource [org/springframework/data/rest/webmvc/config/RepositoryRestMvcConfiguration.class]: Instantiation of bean failed; nested exception is org.springframework.beans.factory.BeanDefinitionStoreException: Factory method [public org.springframework.http.converter.json.MappingJackson2HttpMessageConverter org.springframework.data.rest.webmvc.config.RepositoryRestMvcConfiguration.jacksonHttpMessageConverter()] threw exception; nested exception is org.springframework.beans.factory.BeanCreationException: Error creating bean with name &apos;config&apos; defined in class path resource [org/springframework/data/rest/webmvc/config/RepositoryRestMvcConfiguration.class]: Instantiation of bean failed; nested exception is org.springframework.beans.factory.BeanDefinitionStoreException: Factory method [public org.springframework.data.rest.core.config.RepositoryRestConfiguration org.springframework.data.rest.webmvc.config.RepositoryRestMvcConfiguration.config()] threw exception; nested exception is org.springframework.beans.factory.BeanCreationException: Error creating bean with name &apos;repositories&apos; defined in class path resource [org/springframework/data/rest/webmvc/config/RepositoryRestMvcConfiguration.class]: Instantiation of bean failed; nested exception is org.springframework.beans.factory.BeanDefinitionStoreException: Factory method [public org.springframework.data.repository.support.Repositories org.springframework.data.rest.webmvc.config.RepositoryRestMvcConfiguration.repositories()] threw exception; nested exception is org.springframework.beans.factory.UnsatisfiedDependencyException: Error creating bean with name &apos;mongoDBEnvironmentRepositoryImpl&apos; defined in URL [jar:file:/C:/workspaces/denv/denv-server-mongodb/target/denv-server-mongodb-0.1.0.jar!/org/ssoup/denv/server/persistence/mongodb/repository/MongoDBEnvironmentRepositoryImpl.class]: Unsatisfied dependency expressed through constructor argument with index 1 of type [org.ssoup.denv.server.persistence.ApplicationConfigRepository]: : No qualifying bean of type [org.ssoup.denv.server.persistence.ApplicationConfigRepository] is defined: expected single matching bean but found 2: mongoDBImageRepository,mongoDBApplicationConfigRepository; nested exception is org.springframework.beans.factory.NoUniqueBeanDefinitionException: No qualifying bean of type [org.ssoup.denv.server.persistence.ApplicationConfigRepository] is defined: expected single matching bean but found 2: mongoDBImageRepository,mongoDBApplicationConfigRepository
	at org.springframework.beans.factory.annotation.AutowiredAnnotationBeanPostProcessor$AutowiredMethodElement.inject(AutowiredAnnotationBeanPostProcessor.java:596)
	at org.springframework.beans.factory.annotation.InjectionMetadata.inject(InjectionMetadata.java:87)
	at org.springframework.beans.factory.annotation.AutowiredAnnotationBeanPostProcessor.postProcessPropertyValues(AutowiredAnnotationBeanPostProcessor.java:289)
	... 59 common frames omitted
Caused by: org.springframework.beans.factory.BeanCreationException: Error creating bean with name &apos;org.springframework.web.servlet.config.annotation.DelegatingWebMvcConfiguration&apos;: Injection of autowired dependencies failed; nested exception is org.springframework.beans.factory.BeanCreationException: Could not autowire method: public void org.springframework.web.servlet.config.annotation.DelegatingWebMvcConfiguration.setConfigurers(java.util.List); nested exception is org.springframework.beans.factory.BeanCreationException: Error creating bean with name &apos;org.springframework.boot.autoconfigure.web.WebMvcAutoConfiguration$WebMvcAutoConfigurationAdapter&apos;: Injection of autowired dependencies failed; nested exception is org.springframework.beans.factory.BeanCreationException: Could not autowire field: private org.springframework.boot.autoconfigure.web.HttpMessageConverters org.springframework.boot.autoconfigure.web.WebMvcAutoConfiguration$WebMvcAutoConfigurationAdapter.messageConverters; nested exception is org.springframework.beans.factory.BeanCreationException: Error creating bean with name &apos;org.springframework.boot.autoconfigure.web.HttpMessageConvertersAutoConfiguration&apos;: Injection of autowired dependencies failed; nested exception is org.springframework.beans.factory.BeanCreationException: Could not autowire field: private final java.util.List org.springframework.boot.autoconfigure.web.HttpMessageConvertersAutoConfiguration.converters; nested exception is org.springframework.beans.factory.BeanCreationException: Error creating bean with name &apos;jacksonHttpMessageConverter&apos; defined in class path resource [org/springframework/data/rest/webmvc/config/RepositoryRestMvcConfiguration.class]: Instantiation of bean failed; nested exception is org.springframework.beans.factory.BeanDefinitionStoreException: Factory method [public org.springframework.http.converter.json.MappingJackson2HttpMessageConverter org.springframework.data.rest.webmvc.config.RepositoryRestMvcConfiguration.jacksonHttpMessageConverter()] threw exception; nested exception is org.springframework.beans.factory.BeanCreationException: Error creating bean with name &apos;config&apos; defined in class path resource [org/springframework/data/rest/webmvc/config/RepositoryRestMvcConfiguration.class]: Instantiation of bean failed; nested exception is org.springframework.beans.factory.BeanDefinitionStoreException: Factory method [public org.springframework.data.rest.core.config.RepositoryRestConfiguration org.springframework.data.rest.webmvc.config.RepositoryRestMvcConfiguration.config()] threw exception; nested exception is org.springframework.beans.factory.BeanCreationException: Error creating bean with name &apos;repositories&apos; defined in class path resource [org/springframework/data/rest/webmvc/config/RepositoryRestMvcConfiguration.class]: Instantiation of bean failed; nested exception is org.springframework.beans.factory.BeanDefinitionStoreException: Factory method [public org.springframework.data.repository.support.Repositories org.springframework.data.rest.webmvc.config.RepositoryRestMvcConfiguration.repositories()] threw exception; nested exception is org.springframework.beans.factory.UnsatisfiedDependencyException: Error creating bean with name &apos;mongoDBEnvironmentRepositoryImpl&apos; defined in URL [jar:file:/C:/workspaces/denv/denv-server-mongodb/target/denv-server-mongodb-0.1.0.jar!/org/ssoup/denv/server/persistence/mongodb/repository/MongoDBEnvironmentRepositoryImpl.class]: Unsatisfied dependency expressed through constructor argument with index 1 of type [org.ssoup.denv.server.persistence.ApplicationConfigRepository]: : No qualifying bean of type [org.ssoup.denv.server.persistence.ApplicationConfigRepository] is defined: expected single matching bean but found 2: mongoDBImageRepository,mongoDBApplicationConfigRepository; nested exception is org.springframework.beans.factory.NoUniqueBeanDefinitionException: No qualifying bean of type [org.ssoup.denv.server.persistence.ApplicationConfigRepository] is defined: expected single matching bean but found 2: mongoDBImageRepository,mongoDBApplicationConfigRepository
	at org.springframework.beans.factory.annotation.AutowiredAnnotationBeanPostProcessor.postProcessPropertyValues(AutowiredAnnotationBeanPostProcessor.java:292)
	at org.springframework.beans.factory.support.AbstractAutowireCapableBeanFactory.populateBean(AbstractAutowireCapableBeanFactory.java:1185)
	at org.springframework.beans.factory.support.AbstractAutowireCapableBeanFactory.doCreateBean(AbstractAutowireCapableBeanFactory.java:537)
	at org.springframework.beans.factory.support.AbstractAutowireCapableBeanFactory.createBean(AbstractAutowireCapableBeanFactory.java:475)
	at org.springframework.beans.factory.support.AbstractBeanFactory$1.getObject(AbstractBeanFactory.java:302)
	at org.springframework.beans.factory.support.DefaultSingletonBeanRegistry.getSingleton(DefaultSingletonBeanRegistry.java:228)
	at org.springframework.beans.factory.support.AbstractBeanFactory.doGetBean(AbstractBeanFactory.java:298)
	at org.springframework.beans.factory.support.AbstractBeanFactory.getBean(AbstractBeanFactory.java:193)
	at org.springframework.beans.factory.support.ConstructorResolver.instantiateUsingFactoryMethod(ConstructorResolver.java:370)
	at org.springframework.beans.factory.support.AbstractAutowireCapableBeanFactory.instantiateUsingFactoryMethod(AbstractAutowireCapableBeanFactory.java:1094)
	at org.springframework.beans.factory.support.AbstractAutowireCapableBeanFactory.createBeanInstance(AbstractAutowireCapableBeanFactory.java:989)
	at org.springframework.beans.factory.support.AbstractAutowireCapableBeanFactory.doCreateBean(AbstractAutowireCapableBeanFactory.java:504)
	at org.springframework.beans.factory.support.AbstractAutowireCapableBeanFactory.createBean(AbstractAutowireCapableBeanFactory.java:475)
	at org.springframework.beans.factory.support.AbstractBeanFactory$1.getObject(AbstractBeanFactory.java:302)
	at org.springframework.beans.factory.support.DefaultSingletonBeanRegistry.getSingleton(DefaultSingletonBeanRegistry.java:228)
	at org.springframework.beans.factory.support.AbstractBeanFactory.doGetBean(AbstractBeanFactory.java:298)
	at org.springframework.beans.factory.support.AbstractBeanFactory.getBean(AbstractBeanFactory.java:193)
	at org.springframework.beans.factory.support.DefaultListableBeanFactory.findAutowireCandidates(DefaultListableBeanFactory.java:1017)
	at org.springframework.beans.factory.support.DefaultListableBeanFactory.doResolveDependency(DefaultListableBeanFactory.java:960)
	at org.springframework.beans.factory.support.DefaultListableBeanFactory.resolveDependency(DefaultListableBeanFactory.java:858)
	at org.springframework.beans.factory.annotation.AutowiredAnnotationBeanPostProcessor$AutowiredMethodElement.inject(AutowiredAnnotationBeanPostProcessor.java:553)
	... 61 common frames omitted
Caused by: org.springframework.beans.factory.BeanCreationException: Could not autowire method: public void org.springframework.web.servlet.config.annotation.DelegatingWebMvcConfiguration.setConfigurers(java.util.List); nested exception is org.springframework.beans.factory.BeanCreationException: Error creating bean with name &apos;org.springframework.boot.autoconfigure.web.WebMvcAutoConfiguration$WebMvcAutoConfigurationAdapter&apos;: Injection of autowired dependencies failed; nested exception is org.springframework.beans.factory.BeanCreationException: Could not autowire field: private org.springframework.boot.autoconfigure.web.HttpMessageConverters org.springframework.boot.autoconfigure.web.WebMvcAutoConfiguration$WebMvcAutoConfigurationAdapter.messageConverters; nested exception is org.springframework.beans.factory.BeanCreationException: Error creating bean with name &apos;org.springframework.boot.autoconfigure.web.HttpMessageConvertersAutoConfiguration&apos;: Injection of autowired dependencies failed; nested exception is org.springframework.beans.factory.BeanCreationException: Could not autowire field: private final java.util.List org.springframework.boot.autoconfigure.web.HttpMessageConvertersAutoConfiguration.converters; nested exception is org.springframework.beans.factory.BeanCreationException: Error creating bean with name &apos;jacksonHttpMessageConverter&apos; defined in class path resource [org/springframework/data/rest/webmvc/config/RepositoryRestMvcConfiguration.class]: Instantiation of bean failed; nested exception is org.springframework.beans.factory.BeanDefinitionStoreException: Factory method [public org.springframework.http.converter.json.MappingJackson2HttpMessageConverter org.springframework.data.rest.webmvc.config.RepositoryRestMvcConfiguration.jacksonHttpMessageConverter()] threw exception; nested exception is org.springframework.beans.factory.BeanCreationException: Error creating bean with name &apos;config&apos; defined in class path resource [org/springframework/data/rest/webmvc/config/RepositoryRestMvcConfiguration.class]: Instantiation of bean failed; nested exception is org.springframework.beans.factory.BeanDefinitionStoreException: Factory method [public org.springframework.data.rest.core.config.RepositoryRestConfiguration org.springframework.data.rest.webmvc.config.RepositoryRestMvcConfiguration.config()] threw exception; nested exception is org.springframework.beans.factory.BeanCreationException: Error creating bean with name &apos;repositories&apos; defined in class path resource [org/springframework/data/rest/webmvc/config/RepositoryRestMvcConfiguration.class]: Instantiation of bean failed; nested exception is org.springframework.beans.factory.BeanDefinitionStoreException: Factory method [public org.springframework.data.repository.support.Repositories org.springframework.data.rest.webmvc.config.RepositoryRestMvcConfiguration.repositories()] threw exception; nested exception is org.springframework.beans.factory.UnsatisfiedDependencyException: Error creating bean with name &apos;mongoDBEnvironmentRepositoryImpl&apos; defined in URL [jar:file:/C:/workspaces/denv/denv-server-mongodb/target/denv-server-mongodb-0.1.0.jar!/org/ssoup/denv/server/persistence/mongodb/repository/MongoDBEnvironmentRepositoryImpl.class]: Unsatisfied dependency expressed through constructor argument with index 1 of type [org.ssoup.denv.server.persistence.ApplicationConfigRepository]: : No qualifying bean of type [org.ssoup.denv.server.persistence.ApplicationConfigRepository] is defined: expected single matching bean but found 2: mongoDBImageRepository,mongoDBApplicationConfigRepository; nested exception is org.springframework.beans.factory.NoUniqueBeanDefinitionException: No qualifying bean of type [org.ssoup.denv.server.persistence.ApplicationConfigRepository] is defined: expected single matching bean but found 2: mongoDBImageRepository,mongoDBApplicationConfigRepository
	at org.springframework.beans.factory.annotation.AutowiredAnnotationBeanPostProcessor$AutowiredMethodElement.inject(AutowiredAnnotationBeanPostProcessor.java:596)
	at org.springframework.beans.factory.annotation.InjectionMetadata.inject(InjectionMetadata.java:87)
	at org.springframework.beans.factory.annotation.AutowiredAnnotationBeanPostProcessor.postProcessPropertyValues(AutowiredAnnotationBeanPostProcessor.java:289)
	... 81 common frames omitted
Caused by: org.springframework.beans.factory.BeanCreationException: Error creating bean with name &apos;org.springframework.boot.autoconfigure.web.WebMvcAutoConfiguration$WebMvcAutoConfigurationAdapter&apos;: Injection of autowired dependencies failed; nested exception is org.springframework.beans.factory.BeanCreationException: Could not autowire field: private org.springframework.boot.autoconfigure.web.HttpMessageConverters org.springframework.boot.autoconfigure.web.WebMvcAutoConfiguration$WebMvcAutoConfigurationAdapter.messageConverters; nested exception is org.springframework.beans.factory.BeanCreationException: Error creating bean with name &apos;org.springframework.boot.autoconfigure.web.HttpMessageConvertersAutoConfiguration&apos;: Injection of autowired dependencies failed; nested exception is org.springframework.beans.factory.BeanCreationException: Could not autowire field: private final java.util.List org.springframework.boot.autoconfigure.web.HttpMessageConvertersAutoConfiguration.converters; nested exception is org.springframework.beans.factory.BeanCreationException: Error creating bean with name &apos;jacksonHttpMessageConverter&apos; defined in class path resource [org/springframework/data/rest/webmvc/config/RepositoryRestMvcConfiguration.class]: Instantiation of bean failed; nested exception is org.springframework.beans.factory.BeanDefinitionStoreException: Factory method [public org.springframework.http.converter.json.MappingJackson2HttpMessageConverter org.springframework.data.rest.webmvc.config.RepositoryRestMvcConfiguration.jacksonHttpMessageConverter()] threw exception; nested exception is org.springframework.beans.factory.BeanCreationException: Error creating bean with name &apos;config&apos; defined in class path resource [org/springframework/data/rest/webmvc/config/RepositoryRestMvcConfiguration.class]: Instantiation of bean failed; nested exception is org.springframework.beans.factory.BeanDefinitionStoreException: Factory method [public org.springframework.data.rest.core.config.RepositoryRestConfiguration org.springframework.data.rest.webmvc.config.RepositoryRestMvcConfiguration.config()] threw exception; nested exception is org.springframework.beans.factory.BeanCreationException: Error creating bean with name &apos;repositories&apos; defined in class path resource [org/springframework/data/rest/webmvc/config/RepositoryRestMvcConfiguration.class]: Instantiation of bean failed; nested exception is org.springframework.beans.factory.BeanDefinitionStoreException: Factory method [public org.springframework.data.repository.support.Repositories org.springframework.data.rest.webmvc.config.RepositoryRestMvcConfiguration.repositories()] threw exception; nested exception is org.springframework.beans.factory.UnsatisfiedDependencyException: Error creating bean with name &apos;mongoDBEnvironmentRepositoryImpl&apos; defined in URL [jar:file:/C:/workspaces/denv/denv-server-mongodb/target/denv-server-mongodb-0.1.0.jar!/org/ssoup/denv/server/persistence/mongodb/repository/MongoDBEnvironmentRepositoryImpl.class]: Unsatisfied dependency expressed through constructor argument with index 1 of type [org.ssoup.denv.server.persistence.ApplicationConfigRepository]: : No qualifying bean of type [org.ssoup.denv.server.persistence.ApplicationConfigRepository] is defined: expected single matching bean but found 2: mongoDBImageRepository,mongoDBApplicationConfigRepository; nested exception is org.springframework.beans.factory.NoUniqueBeanDefinitionException: No qualifying bean of type [org.ssoup.denv.server.persistence.ApplicationConfigRepository] is defined: expected single matching bean but found 2: mongoDBImageRepository,mongoDBApplicationConfigRepository
	at org.springframework.beans.factory.annotation.AutowiredAnnotationBeanPostProcessor.postProcessPropertyValues(AutowiredAnnotationBeanPostProcessor.java:292)
	at org.springframework.beans.factory.support.AbstractAutowireCapableBeanFactory.populateBean(AbstractAutowireCapableBeanFactory.java:1185)
	at org.springframework.beans.factory.support.AbstractAutowireCapableBeanFactory.doCreateBean(AbstractAutowireCapableBeanFactory.java:537)
	at org.springframework.beans.factory.support.AbstractAutowireCapableBeanFactory.createBean(AbstractAutowireCapableBeanFactory.java:475)
	at org.springframework.beans.factory.support.AbstractBeanFactory$1.getObject(AbstractBeanFactory.java:302)
	at org.springframework.beans.factory.support.DefaultSingletonBeanRegistry.getSingleton(DefaultSingletonBeanRegistry.java:228)
	at org.springframework.beans.factory.support.AbstractBeanFactory.doGetBean(AbstractBeanFactory.java:298)
	at org.springframework.beans.factory.support.AbstractBeanFactory.getBean(AbstractBeanFactory.java:193)
	at org.springframework.beans.factory.support.DefaultListableBeanFactory.findAutowireCandidates(DefaultListableBeanFactory.java:1017)
	at org.springframework.beans.factory.support.DefaultListableBeanFactory.doResolveDependency(DefaultListableBeanFactory.java:912)
	at org.springframework.beans.factory.support.DefaultListableBeanFactory.resolveDependency(DefaultListableBeanFactory.java:858)
	at org.springframework.beans.factory.annotation.AutowiredAnnotationBeanPostProcessor$AutowiredMethodElement.inject(AutowiredAnnotationBeanPostProcessor.java:553)
	... 83 common frames omitted
Caused by: org.springframework.beans.factory.BeanCreationException: Could not autowire field: private org.springframework.boot.autoconfigure.web.HttpMessageConverters org.springframework.boot.autoconfigure.web.WebMvcAutoConfiguration$WebMvcAutoConfigurationAdapter.messageConverters; nested exception is org.springframework.beans.factory.BeanCreationException: Error creating bean with name &apos;org.springframework.boot.autoconfigure.web.HttpMessageConvertersAutoConfiguration&apos;: Injection of autowired dependencies failed; nested exception is org.springframework.beans.factory.BeanCreationException: Could not autowire field: private final java.util.List org.springframework.boot.autoconfigure.web.HttpMessageConvertersAutoConfiguration.converters; nested exception is org.springframework.beans.factory.BeanCreationException: Error creating bean with name &apos;jacksonHttpMessageConverter&apos; defined in class path resource [org/springframework/data/rest/webmvc/config/RepositoryRestMvcConfiguration.class]: Instantiation of bean failed; nested exception is org.springframework.beans.factory.BeanDefinitionStoreException: Factory method [public org.springframework.http.converter.json.MappingJackson2HttpMessageConverter org.springframework.data.rest.webmvc.config.RepositoryRestMvcConfiguration.jacksonHttpMessageConverter()] threw exception; nested exception is org.springframework.beans.factory.BeanCreationException: Error creating bean with name &apos;config&apos; defined in class path resource [org/springframework/data/rest/webmvc/config/RepositoryRestMvcConfiguration.class]: Instantiation of bean failed; nested exception is org.springframework.beans.factory.BeanDefinitionStoreException: Factory method [public org.springframework.data.rest.core.config.RepositoryRestConfiguration org.springframework.data.rest.webmvc.config.RepositoryRestMvcConfiguration.config()] threw exception; nested exception is org.springframework.beans.factory.BeanCreationException: Error creating bean with name &apos;repositories&apos; defined in class path resource [org/springframework/data/rest/webmvc/config/RepositoryRestMvcConfiguration.class]: Instantiation of bean failed; nested exception is org.springframework.beans.factory.BeanDefinitionStoreException: Factory method [public org.springframework.data.repository.support.Repositories org.springframework.data.rest.webmvc.config.RepositoryRestMvcConfiguration.repositories()] threw exception; nested exception is org.springframework.beans.factory.UnsatisfiedDependencyException: Error creating bean with name &apos;mongoDBEnvironmentRepositoryImpl&apos; defined in URL [jar:file:/C:/workspaces/denv/denv-server-mongodb/target/denv-server-mongodb-0.1.0.jar!/org/ssoup/denv/server/persistence/mongodb/repository/MongoDBEnvironmentRepositoryImpl.class]: Unsatisfied dependency expressed through constructor argument with index 1 of type [org.ssoup.denv.server.persistence.ApplicationConfigRepository]: : No qualifying bean of type [org.ssoup.denv.server.persistence.ApplicationConfigRepository] is defined: expected single matching bean but found 2: mongoDBImageRepository,mongoDBApplicationConfigRepository; nested exception is org.springframework.beans.factory.NoUniqueBeanDefinitionException: No qualifying bean of type [org.ssoup.denv.server.persistence.ApplicationConfigRepository] is defined: expected single matching bean but found 2: mongoDBImageRepository,mongoDBApplicationConfigRepository
	at org.springframework.beans.factory.annotation.AutowiredAnnotationBeanPostProcessor$AutowiredFieldElement.inject(AutowiredAnnotationBeanPostProcessor.java:508)
	at org.springframework.beans.factory.annotation.InjectionMetadata.inject(InjectionMetadata.java:87)
	at org.springframework.beans.factory.annotation.AutowiredAnnotationBeanPostProcessor.postProcessPropertyValues(AutowiredAnnotationBeanPostProcessor.java:289)
	... 94 common frames omitted
Caused by: org.springframework.beans.factory.BeanCreationException: Error creating bean with name &apos;org.springframework.boot.autoconfigure.web.HttpMessageConvertersAutoConfiguration&apos;: Injection of autowired dependencies failed; nested exception is org.springframework.beans.factory.BeanCreationException: Could not autowire field: private final java.util.List org.springframework.boot.autoconfigure.web.HttpMessageConvertersAutoConfiguration.converters; nested exception is org.springframework.beans.factory.BeanCreationException: Error creating bean with name &apos;jacksonHttpMessageConverter&apos; defined in class path resource [org/springframework/data/rest/webmvc/config/RepositoryRestMvcConfiguration.class]: Instantiation of bean failed; nested exception is org.springframework.beans.factory.BeanDefinitionStoreException: Factory method [public org.springframework.http.converter.json.MappingJackson2HttpMessageConverter org.springframework.data.rest.webmvc.config.RepositoryRestMvcConfiguration.jacksonHttpMessageConverter()] threw exception; nested exception is org.springframework.beans.factory.BeanCreationException: Error creating bean with name &apos;config&apos; defined in class path resource [org/springframework/data/rest/webmvc/config/RepositoryRestMvcConfiguration.class]: Instantiation of bean failed; nested exception is org.springframework.beans.factory.BeanDefinitionStoreException: Factory method [public org.springframework.data.rest.core.config.RepositoryRestConfiguration org.springframework.data.rest.webmvc.config.RepositoryRestMvcConfiguration.config()] threw exception; nested exception is org.springframework.beans.factory.BeanCreationException: Error creating bean with name &apos;repositories&apos; defined in class path resource [org/springframework/data/rest/webmvc/config/RepositoryRestMvcConfiguration.class]: Instantiation of bean failed; nested exception is org.springframework.beans.factory.BeanDefinitionStoreException: Factory method [public org.springframework.data.repository.support.Repositories org.springframework.data.rest.webmvc.config.RepositoryRestMvcConfiguration.repositories()] threw exception; nested exception is org.springframework.beans.factory.UnsatisfiedDependencyException: Error creating bean with name &apos;mongoDBEnvironmentRepositoryImpl&apos; defined in URL [jar:file:/C:/workspaces/denv/denv-server-mongodb/target/denv-server-mongodb-0.1.0.jar!/org/ssoup/denv/server/persistence/mongodb/repository/MongoDBEnvironmentRepositoryImpl.class]: Unsatisfied dependency expressed through constructor argument with index 1 of type [org.ssoup.denv.server.persistence.ApplicationConfigRepository]: : No qualifying bean of type [org.ssoup.denv.server.persistence.ApplicationConfigRepository] is defined: expected single matching bean but found 2: mongoDBImageRepository,mongoDBApplicationConfigRepository; nested exception is org.springframework.beans.factory.NoUniqueBeanDefinitionException: No qualifying bean of type [org.ssoup.denv.server.persistence.ApplicationConfigRepository] is defined: expected single matching bean but found 2: mongoDBImageRepository,mongoDBApplicationConfigRepository
	at org.springframework.beans.factory.annotation.AutowiredAnnotationBeanPostProcessor.postProcessPropertyValues(AutowiredAnnotationBeanPostProcessor.java:292)
	at org.springframework.beans.factory.support.AbstractAutowireCapableBeanFactory.populateBean(AbstractAutowireCapableBeanFactory.java:1185)
	at org.springframework.beans.factory.support.AbstractAutowireCapableBeanFactory.doCreateBean(AbstractAutowireCapableBeanFactory.java:537)
	at org.springframework.beans.factory.support.AbstractAutowireCapableBeanFactory.createBean(AbstractAutowireCapableBeanFactory.java:475)
	at org.springframework.beans.factory.support.AbstractBeanFactory$1.getObject(AbstractBeanFactory.java:302)
	at org.springframework.beans.factory.support.DefaultSingletonBeanRegistry.getSingleton(DefaultSingletonBeanRegistry.java:228)
	at org.springframework.beans.factory.support.AbstractBeanFactory.doGetBean(AbstractBeanFactory.java:298)
	at org.springframework.beans.factory.support.AbstractBeanFactory.getBean(AbstractBeanFactory.java:193)
	at org.springframework.beans.factory.support.ConstructorResolver.instantiateUsingFactoryMethod(ConstructorResolver.java:370)
	at org.springframework.beans.factory.support.AbstractAutowireCapableBeanFactory.instantiateUsingFactoryMethod(AbstractAutowireCapableBeanFactory.java:1094)
	at org.springframework.beans.factory.support.AbstractAutowireCapableBeanFactory.createBeanInstance(AbstractAutowireCapableBeanFactory.java:989)
	at org.springframework.beans.factory.support.AbstractAutowireCapableBeanFactory.doCreateBean(AbstractAutowireCapableBeanFactory.java:504)
	at org.springframework.beans.factory.support.AbstractAutowireCapableBeanFactory.createBean(AbstractAutowireCapableBeanFactory.java:475)
	at org.springframework.beans.factory.support.AbstractBeanFactory$1.getObject(AbstractBeanFactory.java:302)
	at org.springframework.beans.factory.support.DefaultSingletonBeanRegistry.getSingleton(DefaultSingletonBeanRegistry.java:228)
	at org.springframework.beans.factory.support.AbstractBeanFactory.doGetBean(AbstractBeanFactory.java:298)
	at org.springframework.beans.factory.support.AbstractBeanFactory.getBean(AbstractBeanFactory.java:193)
	at org.springframework.beans.factory.support.DefaultListableBeanFactory.findAutowireCandidates(DefaultListableBeanFactory.java:1017)
	at org.springframework.beans.factory.support.DefaultListableBeanFactory.doResolveDependency(DefaultListableBeanFactory.java:960)
	at org.springframework.beans.factory.support.DefaultListableBeanFactory.resolveDependency(DefaultListableBeanFactory.java:858)
	at org.springframework.beans.factory.annotation.AutowiredAnnotationBeanPostProcessor$AutowiredFieldElement.inject(AutowiredAnnotationBeanPostProcessor.java:480)
	... 96 common frames omitted
Caused by: org.springframework.beans.factory.BeanCreationException: Could not autowire field: private final java.util.List org.springframework.boot.autoconfigure.web.HttpMessageConvertersAutoConfiguration.converters; nested exception is org.springframework.beans.factory.BeanCreationException: Error creating bean with name &apos;jacksonHttpMessageConverter&apos; defined in class path resource [org/springframework/data/rest/webmvc/config/RepositoryRestMvcConfiguration.class]: Instantiation of bean failed; nested exception is org.springframework.beans.factory.BeanDefinitionStoreException: Factory method [public org.springframework.http.converter.json.MappingJackson2HttpMessageConverter org.springframework.data.rest.webmvc.config.RepositoryRestMvcConfiguration.jacksonHttpMessageConverter()] threw exception; nested exception is org.springframework.beans.factory.BeanCreationException: Error creating bean with name &apos;config&apos; defined in class path resource [org/springframework/data/rest/webmvc/config/RepositoryRestMvcConfiguration.class]: Instantiation of bean failed; nested exception is org.springframework.beans.factory.BeanDefinitionStoreException: Factory method [public org.springframework.data.rest.core.config.RepositoryRestConfiguration org.springframework.data.rest.webmvc.config.RepositoryRestMvcConfiguration.config()] threw exception; nested exception is org.springframework.beans.factory.BeanCreationException: Error creating bean with name &apos;repositories&apos; defined in class path resource [org/springframework/data/rest/webmvc/config/RepositoryRestMvcConfiguration.class]: Instantiation of bean failed; nested exception is org.springframework.beans.factory.BeanDefinitionStoreException: Factory method [public org.springframework.data.repository.support.Repositories org.springframework.data.rest.webmvc.config.RepositoryRestMvcConfiguration.repositories()] threw exception; nested exception is org.springframework.beans.factory.UnsatisfiedDependencyException: Error creating bean with name &apos;mongoDBEnvironmentRepositoryImpl&apos; defined in URL [jar:file:/C:/workspaces/denv/denv-server-mongodb/target/denv-server-mongodb-0.1.0.jar!/org/ssoup/denv/server/persistence/mongodb/repository/MongoDBEnvironmentRepositoryImpl.class]: Unsatisfied dependency expressed through constructor argument with index 1 of type [org.ssoup.denv.server.persistence.ApplicationConfigRepository]: : No qualifying bean of type [org.ssoup.denv.server.persistence.ApplicationConfigRepository] is defined: expected single matching bean but found 2: mongoDBImageRepository,mongoDBApplicationConfigRepository; nested exception is org.springframework.beans.factory.NoUniqueBeanDefinitionException: No qualifying bean of type [org.ssoup.denv.server.persistence.ApplicationConfigRepository] is defined: expected single matching bean but found 2: mongoDBImageRepository,mongoDBApplicationConfigRepository
	at org.springframework.beans.factory.annotation.AutowiredAnnotationBeanPostProcessor$AutowiredFieldElement.inject(AutowiredAnnotationBeanPostProcessor.java:508)
	at org.springframework.beans.factory.annotation.InjectionMetadata.inject(InjectionMetadata.java:87)
	at org.springframework.beans.factory.annotation.AutowiredAnnotationBeanPostProcessor.postProcessPropertyValues(AutowiredAnnotationBeanPostProcessor.java:289)
	... 116 common frames omitted
Caused by: org.springframework.beans.factory.BeanCreationException: Error creating bean with name &apos;jacksonHttpMessageConverter&apos; defined in class path resource [org/springframework/data/rest/webmvc/config/RepositoryRestMvcConfiguration.class]: Instantiation of bean failed; nested exception is org.springframework.beans.factory.BeanDefinitionStoreException: Factory method [public org.springframework.http.converter.json.MappingJackson2HttpMessageConverter org.springframework.data.rest.webmvc.config.RepositoryRestMvcConfiguration.jacksonHttpMessageConverter()] threw exception; nested exception is org.springframework.beans.factory.BeanCreationException: Error creating bean with name &apos;config&apos; defined in class path resource [org/springframework/data/rest/webmvc/config/RepositoryRestMvcConfiguration.class]: Instantiation of bean failed; nested exception is org.springframework.beans.factory.BeanDefinitionStoreException: Factory method [public org.springframework.data.rest.core.config.RepositoryRestConfiguration org.springframework.data.rest.webmvc.config.RepositoryRestMvcConfiguration.config()] threw exception; nested exception is org.springframework.beans.factory.BeanCreationException: Error creating bean with name &apos;repositories&apos; defined in class path resource [org/springframework/data/rest/webmvc/config/RepositoryRestMvcConfiguration.class]: Instantiation of bean failed; nested exception is org.springframework.beans.factory.BeanDefinitionStoreException: Factory method [public org.springframework.data.repository.support.Repositories org.springframework.data.rest.webmvc.config.RepositoryRestMvcConfiguration.repositories()] threw exception; nested exception is org.springframework.beans.factory.UnsatisfiedDependencyException: Error creating bean with name &apos;mongoDBEnvironmentRepositoryImpl&apos; defined in URL [jar:file:/C:/workspaces/denv/denv-server-mongodb/target/denv-server-mongodb-0.1.0.jar!/org/ssoup/denv/server/persistence/mongodb/repository/MongoDBEnvironmentRepositoryImpl.class]: Unsatisfied dependency expressed through constructor argument with index 1 of type [org.ssoup.denv.server.persistence.ApplicationConfigRepository]: : No qualifying bean of type [org.ssoup.denv.server.persistence.ApplicationConfigRepository] is defined: expected single matching bean but found 2: mongoDBImageRepository,mongoDBApplicationConfigRepository; nested exception is org.springframework.beans.factory.NoUniqueBeanDefinitionException: No qualifying bean of type [org.ssoup.denv.server.persistence.ApplicationConfigRepository] is defined: expected single matching bean but found 2: mongoDBImageRepository,mongoDBApplicationConfigRepository
	at org.springframework.beans.factory.support.ConstructorResolver.instantiateUsingFactoryMethod(ConstructorResolver.java:597)
	at org.springframework.beans.factory.support.AbstractAutowireCapableBeanFactory.instantiateUsingFactoryMethod(AbstractAutowireCapableBeanFactory.java:1094)
	at org.springframework.beans.factory.support.AbstractAutowireCapableBeanFactory.createBeanInstance(AbstractAutowireCapableBeanFactory.java:989)
	at org.springframework.beans.factory.support.AbstractAutowireCapableBeanFactory.doCreateBean(AbstractAutowireCapableBeanFactory.java:504)
	at org.springframework.beans.factory.support.AbstractAutowireCapableBeanFactory.createBean(AbstractAutowireCapableBeanFactory.java:475)
	at org.springframework.beans.factory.support.AbstractBeanFactory$1.getObject(AbstractBeanFactory.java:302)
	at org.springframework.beans.factory.support.DefaultSingletonBeanRegistry.getSingleton(DefaultSingletonBeanRegistry.java:228)
	at org.springframework.beans.factory.support.AbstractBeanFactory.doGetBean(AbstractBeanFactory.java:298)
	at org.springframework.beans.factory.support.AbstractBeanFactory.getBean(AbstractBeanFactory.java:193)
	at org.springframework.beans.factory.support.DefaultListableBeanFactory.findAutowireCandidates(DefaultListableBeanFactory.java:1017)
	at org.springframework.beans.factory.support.DefaultListableBeanFactory.doResolveDependency(DefaultListableBeanFactory.java:912)
	at org.springframework.beans.factory.support.DefaultListableBeanFactory.resolveDependency(DefaultListableBeanFactory.java:858)
	at org.springframework.beans.factory.annotation.AutowiredAnnotationBeanPostProcessor$AutowiredFieldElement.inject(AutowiredAnnotationBeanPostProcessor.java:480)
	... 118 common frames omitted
Caused by: org.springframework.beans.factory.BeanDefinitionStoreException: Factory method [public org.springframework.http.converter.json.MappingJackson2HttpMessageConverter org.springframework.data.rest.webmvc.config.RepositoryRestMvcConfiguration.jacksonHttpMessageConverter()] threw exception; nested exception is org.springframework.beans.factory.BeanCreationException: Error creating bean with name &apos;config&apos; defined in class path resource [org/springframework/data/rest/webmvc/config/RepositoryRestMvcConfiguration.class]: Instantiation of bean failed; nested exception is org.springframework.beans.factory.BeanDefinitionStoreException: Factory method [public org.springframework.data.rest.core.config.RepositoryRestConfiguration org.springframework.data.rest.webmvc.config.RepositoryRestMvcConfiguration.config()] threw exception; nested exception is org.springframework.beans.factory.BeanCreationException: Error creating bean with name &apos;repositories&apos; defined in class path resource [org/springframework/data/rest/webmvc/config/RepositoryRestMvcConfiguration.class]: Instantiation of bean failed; nested exception is org.springframework.beans.factory.BeanDefinitionStoreException: Factory method [public org.springframework.data.repository.support.Repositories org.springframework.data.rest.webmvc.config.RepositoryRestMvcConfiguration.repositories()] threw exception; nested exception is org.springframework.beans.factory.UnsatisfiedDependencyException: Error creating bean with name &apos;mongoDBEnvironmentRepositoryImpl&apos; defined in URL [jar:file:/C:/workspaces/denv/denv-server-mongodb/target/denv-server-mongodb-0.1.0.jar!/org/ssoup/denv/server/persistence/mongodb/repository/MongoDBEnvironmentRepositoryImpl.class]: Unsatisfied dependency expressed through constructor argument with index 1 of type [org.ssoup.denv.server.persistence.ApplicationConfigRepository]: : No qualifying bean of type [org.ssoup.denv.server.persistence.ApplicationConfigRepository] is defined: expected single matching bean but found 2: mongoDBImageRepository,mongoDBApplicationConfigRepository; nested exception is org.springframework.beans.factory.NoUniqueBeanDefinitionException: No qualifying bean of type [org.ssoup.denv.server.persistence.ApplicationConfigRepository] is defined: expected single matching bean but found 2: mongoDBImageRepository,mongoDBApplicationConfigRepository
	at org.springframework.beans.factory.support.SimpleInstantiationStrategy.instantiate(SimpleInstantiationStrategy.java:188)
	at org.springframework.beans.factory.support.ConstructorResolver.instantiateUsingFactoryMethod(ConstructorResolver.java:586)
	... 130 common frames omitted
Caused by: org.springframework.beans.factory.BeanCreationException: Error creating bean with name &apos;config&apos; defined in class path resource [org/springframework/data/rest/webmvc/config/RepositoryRestMvcConfiguration.class]: Instantiation of bean failed; nested exception is org.springframework.beans.factory.BeanDefinitionStoreException: Factory method [public org.springframework.data.rest.core.config.RepositoryRestConfiguration org.springframework.data.rest.webmvc.config.RepositoryRestMvcConfiguration.config()] threw exception; nested exception is org.springframework.beans.factory.BeanCreationException: Error creating bean with name &apos;repositories&apos; defined in class path resource [org/springframework/data/rest/webmvc/config/RepositoryRestMvcConfiguration.class]: Instantiation of bean failed; nested exception is org.springframework.beans.factory.BeanDefinitionStoreException: Factory method [public org.springframework.data.repository.support.Repositories org.springframework.data.rest.webmvc.config.RepositoryRestMvcConfiguration.repositories()] threw exception; nested exception is org.springframework.beans.factory.UnsatisfiedDependencyException: Error creating bean with name &apos;mongoDBEnvironmentRepositoryImpl&apos; defined in URL [jar:file:/C:/workspaces/denv/denv-server-mongodb/target/denv-server-mongodb-0.1.0.jar!/org/ssoup/denv/server/persistence/mongodb/repository/MongoDBEnvironmentRepositoryImpl.class]: Unsatisfied dependency expressed through constructor argument with index 1 of type [org.ssoup.denv.server.persistence.ApplicationConfigRepository]: : No qualifying bean of type [org.ssoup.denv.server.persistence.ApplicationConfigRepository] is defined: expected single matching bean but found 2: mongoDBImageRepository,mongoDBApplicationConfigRepository; nested exception is org.springframework.beans.factory.NoUniqueBeanDefinitionException: No qualifying bean of type [org.ssoup.denv.server.persistence.ApplicationConfigRepository] is defined: expected single matching bean but found 2: mongoDBImageRepository,mongoDBApplicationConfigRepository
	at org.springframework.beans.factory.support.ConstructorResolver.instantiateUsingFactoryMethod(ConstructorResolver.java:597)
	at org.springframework.beans.factory.support.AbstractAutowireCapableBeanFactory.instantiateUsingFactoryMethod(AbstractAutowireCapableBeanFactory.java:1094)
	at org.springframework.beans.factory.support.AbstractAutowireCapableBeanFactory.createBeanInstance(AbstractAutowireCapableBeanFactory.java:989)
	at org.springframework.beans.factory.support.AbstractAutowireCapableBeanFactory.doCreateBean(AbstractAutowireCapableBeanFactory.java:504)
	at org.springframework.beans.factory.support.AbstractAutowireCapableBeanFactory.createBean(AbstractAutowireCapableBeanFactory.java:475)
	at org.springframework.beans.factory.support.AbstractBeanFactory$1.getObject(AbstractBeanFactory.java:302)
	at org.springframework.beans.factory.support.DefaultSingletonBeanRegistry.getSingleton(DefaultSingletonBeanRegistry.java:228)
	at org.springframework.beans.factory.support.AbstractBeanFactory.doGetBean(AbstractBeanFactory.java:298)
	at org.springframework.beans.factory.support.AbstractBeanFactory.getBean(AbstractBeanFactory.java:193)
	at org.springframework.context.annotation.ConfigurationClassEnhancer$BeanMethodInterceptor.intercept(ConfigurationClassEnhancer.java:324)
	at org.springframework.data.rest.webmvc.config.RepositoryRestMvcConfiguration$$EnhancerBySpringCGLIB$$2cc48631.config(&lt;generated&gt;)
	at org.springframework.data.rest.webmvc.config.RepositoryRestMvcConfiguration.jacksonHttpMessageConverter(RepositoryRestMvcConfiguration.java:374)
	at org.springframework.data.rest.webmvc.config.RepositoryRestMvcConfiguration$$EnhancerBySpringCGLIB$$2cc48631.CGLIB$jacksonHttpMessageConverter$21(&lt;generated&gt;)
	at org.springframework.data.rest.webmvc.config.RepositoryRestMvcConfiguration$$EnhancerBySpringCGLIB$$2cc48631$$FastClassBySpringCGLIB$$1e60d3fc.invoke(&lt;generated&gt;)
	at org.springframework.cglib.proxy.MethodProxy.invokeSuper(MethodProxy.java:228)
	at org.springframework.context.annotation.ConfigurationClassEnhancer$BeanMethodInterceptor.intercept(ConfigurationClassEnhancer.java:312)
	at org.springframework.data.rest.webmvc.config.RepositoryRestMvcConfiguration$$EnhancerBySpringCGLIB$$2cc48631.jacksonHttpMessageConverter(&lt;generated&gt;)
	at sun.reflect.NativeMethodAccessorImpl.invoke0(Native Method)
	at sun.reflect.NativeMethodAccessorImpl.invoke(NativeMethodAccessorImpl.java:39)
	at sun.reflect.DelegatingMethodAccessorImpl.invoke(DelegatingMethodAccessorImpl.java:25)
	at java.lang.reflect.Method.invoke(Method.java:597)
	at org.springframework.beans.factory.support.SimpleInstantiationStrategy.instantiate(SimpleInstantiationStrategy.java:166)
	... 131 common frames omitted
Caused by: org.springframework.beans.factory.BeanDefinitionStoreException: Factory method [public org.springframework.data.rest.core.config.RepositoryRestConfiguration org.springframework.data.rest.webmvc.config.RepositoryRestMvcConfiguration.config()] threw exception; nested exception is org.springframework.beans.factory.BeanCreationException: Error creating bean with name &apos;repositories&apos; defined in class path resource [org/springframework/data/rest/webmvc/config/RepositoryRestMvcConfiguration.class]: Instantiation of bean failed; nested exception is org.springframework.beans.factory.BeanDefinitionStoreException: Factory method [public org.springframework.data.repository.support.Repositories org.springframework.data.rest.webmvc.config.RepositoryRestMvcConfiguration.repositories()] threw exception; nested exception is org.springframework.beans.factory.UnsatisfiedDependencyException: Error creating bean with name &apos;mongoDBEnvironmentRepositoryImpl&apos; defined in URL [jar:file:/C:/workspaces/denv/denv-server-mongodb/target/denv-server-mongodb-0.1.0.jar!/org/ssoup/denv/server/persistence/mongodb/repository/MongoDBEnvironmentRepositoryImpl.class]: Unsatisfied dependency expressed through constructor argument with index 1 of type [org.ssoup.denv.server.persistence.ApplicationConfigRepository]: : No qualifying bean of type [org.ssoup.denv.server.persistence.ApplicationConfigRepository] is defined: expected single matching bean but found 2: mongoDBImageRepository,mongoDBApplicationConfigRepository; nested exception is org.springframework.beans.factory.NoUniqueBeanDefinitionException: No qualifying bean of type [org.ssoup.denv.server.persistence.ApplicationConfigRepository] is defined: expected single matching bean but found 2: mongoDBImageRepository,mongoDBApplicationConfigRepository
	at org.springframework.beans.factory.support.SimpleInstantiationStrategy.instantiate(SimpleInstantiationStrategy.java:188)
	at org.springframework.beans.factory.support.ConstructorResolver.instantiateUsingFactoryMethod(ConstructorResolver.java:586)
	... 152 common frames omitted
Caused by: org.springframework.beans.factory.BeanCreationException: Error creating bean with name &apos;repositories&apos; defined in class path resource [org/springframework/data/rest/webmvc/config/RepositoryRestMvcConfiguration.class]: Instantiation of bean failed; nested exception is org.springframework.beans.factory.BeanDefinitionStoreException: Factory method [public org.springframework.data.repository.support.Repositories org.springframework.data.rest.webmvc.config.RepositoryRestMvcConfiguration.repositories()] threw exception; nested exception is org.springframework.beans.factory.UnsatisfiedDependencyException: Error creating bean with name &apos;mongoDBEnvironmentRepositoryImpl&apos; defined in URL [jar:file:/C:/workspaces/denv/denv-server-mongodb/target/denv-server-mongodb-0.1.0.jar!/org/ssoup/denv/server/persistence/mongodb/repository/MongoDBEnvironmentRepositoryImpl.class]: Unsatisfied dependency expressed through constructor argument with index 1 of type [org.ssoup.denv.server.persistence.ApplicationConfigRepository]: : No qualifying bean of type [org.ssoup.denv.server.persistence.ApplicationConfigRepository] is defined: expected single matching bean but found 2: mongoDBImageRepository,mongoDBApplicationConfigRepository; nested exception is org.springframework.beans.factory.NoUniqueBeanDefinitionException: No qualifying bean of type [org.ssoup.denv.server.persistence.ApplicationConfigRepository] is defined: expected single matching bean but found 2: mongoDBImageRepository,mongoDBApplicationConfigRepository
	at org.springframework.beans.factory.support.ConstructorResolver.instantiateUsingFactoryMethod(ConstructorResolver.java:597)
	at org.springframework.beans.factory.support.AbstractAutowireCapableBeanFactory.instantiateUsingFactoryMethod(AbstractAutowireCapableBeanFactory.java:1094)
	at org.springframework.beans.factory.support.AbstractAutowireCapableBeanFactory.createBeanInstance(AbstractAutowireCapableBeanFactory.java:989)
	at org.springframework.beans.factory.support.AbstractAutowireCapableBeanFactory.doCreateBean(AbstractAutowireCapableBeanFactory.java:504)
	at org.springframework.beans.factory.support.AbstractAutowireCapableBeanFactory.createBean(AbstractAutowireCapableBeanFactory.java:475)
	at org.springframework.beans.factory.support.AbstractBeanFactory$1.getObject(AbstractBeanFactory.java:302)
	at org.springframework.beans.factory.support.DefaultSingletonBeanRegistry.getSingleton(DefaultSingletonBeanRegistry.java:228)
	at org.springframework.beans.factory.support.AbstractBeanFactory.doGetBean(AbstractBeanFactory.java:298)
	at org.springframework.beans.factory.support.AbstractBeanFactory.getBean(AbstractBeanFactory.java:193)
	at org.springframework.context.annotation.ConfigurationClassEnhancer$BeanMethodInterceptor.intercept(ConfigurationClassEnhancer.java:324)
	at org.springframework.data.rest.webmvc.config.RepositoryRestMvcConfiguration$$EnhancerBySpringCGLIB$$2cc48631.repositories(&lt;generated&gt;)
	at org.springframework.data.rest.webmvc.config.RepositoryRestMvcConfiguration.getProjections(RepositoryRestMvcConfiguration.java:621)
	at org.springframework.data.rest.webmvc.config.RepositoryRestMvcConfiguration.config(RepositoryRestMvcConfiguration.java:224)
	at org.springframework.data.rest.webmvc.config.RepositoryRestMvcConfiguration$$EnhancerBySpringCGLIB$$2cc48631.CGLIB$config$40(&lt;generated&gt;)
	at org.springframework.data.rest.webmvc.config.RepositoryRestMvcConfiguration$$EnhancerBySpringCGLIB$$2cc48631$$FastClassBySpringCGLIB$$1e60d3fc.invoke(&lt;generated&gt;)
	at org.springframework.cglib.proxy.MethodProxy.invokeSuper(MethodProxy.java:228)
	at org.springframework.context.annotation.ConfigurationClassEnhancer$BeanMethodInterceptor.intercept(ConfigurationClassEnhancer.java:312)
	at org.springframework.data.rest.webmvc.config.RepositoryRestMvcConfiguration$$EnhancerBySpringCGLIB$$2cc48631.config(&lt;generated&gt;)
	at sun.reflect.NativeMethodAccessorImpl.invoke0(Native Method)
	at sun.reflect.NativeMethodAccessorImpl.invoke(NativeMethodAccessorImpl.java:39)
	at sun.reflect.DelegatingMethodAccessorImpl.invoke(DelegatingMethodAccessorImpl.java:25)
	at java.lang.reflect.Method.invoke(Method.java:597)
	at org.springframework.beans.factory.support.SimpleInstantiationStrategy.instantiate(SimpleInstantiationStrategy.java:166)
	... 153 common frames omitted
Caused by: org.springframework.beans.factory.BeanDefinitionStoreException: Factory method [public org.springframework.data.repository.support.Repositories org.springframework.data.rest.webmvc.config.RepositoryRestMvcConfiguration.repositories()] threw exception; nested exception is org.springframework.beans.factory.UnsatisfiedDependencyException: Error creating bean with name &apos;mongoDBEnvironmentRepositoryImpl&apos; defined in URL [jar:file:/C:/workspaces/denv/denv-server-mongodb/target/denv-server-mongodb-0.1.0.jar!/org/ssoup/denv/server/persistence/mongodb/repository/MongoDBEnvironmentRepositoryImpl.class]: Unsatisfied dependency expressed through constructor argument with index 1 of type [org.ssoup.denv.server.persistence.ApplicationConfigRepository]: : No qualifying bean of type [org.ssoup.denv.server.persistence.ApplicationConfigRepository] is defined: expected single matching bean but found 2: mongoDBImageRepository,mongoDBApplicationConfigRepository; nested exception is org.springframework.beans.factory.NoUniqueBeanDefinitionException: No qualifying bean of type [org.ssoup.denv.server.persistence.ApplicationConfigRepository] is defined: expected single matching bean but found 2: mongoDBImageRepository,mongoDBApplicationConfigRepository
	at org.springframework.beans.factory.support.SimpleInstantiationStrategy.instantiate(SimpleInstantiationStrategy.java:188)
	at org.springframework.beans.factory.support.ConstructorResolver.instantiateUsingFactoryMethod(ConstructorResolver.java:586)
	... 175 common frames omitted
Caused by: org.springframework.beans.factory.UnsatisfiedDependencyException: Error creating bean with name &apos;mongoDBEnvironmentRepositoryImpl&apos; defined in URL [jar:file:/C:/workspaces/denv/denv-server-mongodb/target/denv-server-mongodb-0.1.0.jar!/org/ssoup/denv/server/persistence/mongodb/repository/MongoDBEnvironmentRepositoryImpl.class]: Unsatisfied dependency expressed through constructor argument with index 1 of type [org.ssoup.denv.server.persistence.ApplicationConfigRepository]: : No qualifying bean of type [org.ssoup.denv.server.persistence.ApplicationConfigRepository] is defined: expected single matching bean but found 2: mongoDBImageRepository,mongoDBApplicationConfigRepository; nested exception is org.springframework.beans.factory.NoUniqueBeanDefinitionException: No qualifying bean of type [org.ssoup.denv.server.persistence.ApplicationConfigRepository] is defined: expected single matching bean but found 2: mongoDBImageRepository,mongoDBApplicationConfigRepository
	at org.springframework.beans.factory.support.ConstructorResolver.createArgumentArray(ConstructorResolver.java:747)
	at org.springframework.beans.factory.support.ConstructorResolver.autowireConstructor(ConstructorResolver.java:185)
	at org.springframework.beans.factory.support.AbstractAutowireCapableBeanFactory.autowireConstructor(AbstractAutowireCapableBeanFactory.java:1114)
	at org.springframework.beans.factory.support.AbstractAutowireCapableBeanFactory.createBeanInstance(AbstractAutowireCapableBeanFactory.java:1017)
	at org.springframework.beans.factory.support.AbstractAutowireCapableBeanFactory.doCreateBean(AbstractAutowireCapableBeanFactory.java:504)
	at org.springframework.beans.factory.support.AbstractAutowireCapableBeanFactory.createBean(AbstractAutowireCapableBeanFactory.java:475)
	at org.springframework.beans.factory.support.AbstractBeanFactory$1.getObject(AbstractBeanFactory.java:302)
	at org.springframework.beans.factory.support.DefaultSingletonBeanRegistry.getSingleton(DefaultSingletonBeanRegistry.java:228)
	at org.springframework.beans.factory.support.AbstractBeanFactory.doGetBean(AbstractBeanFactory.java:298)
	at org.springframework.beans.factory.support.AbstractBeanFactory.getBean(AbstractBeanFactory.java:193)
	at org.springframework.beans.factory.support.AbstractBeanFactory.doGetBean(AbstractBeanFactory.java:292)
	at org.springframework.beans.factory.support.AbstractBeanFactory.getBean(AbstractBeanFactory.java:198)
	at org.springframework.data.repository.support.Repositories.populateRepositoryFactoryInformation(Repositories.java:87)
	at org.springframework.data.repository.support.Repositories.&lt;init&gt;(Repositories.java:78)
	at org.springframework.data.rest.webmvc.config.RepositoryRestMvcConfiguration.repositories(RepositoryRestMvcConfiguration.java:146)
	at org.springframework.data.rest.webmvc.config.RepositoryRestMvcConfiguration$$EnhancerBySpringCGLIB$$2cc48631.CGLIB$repositories$2(&lt;generated&gt;)
	at org.springframework.data.rest.webmvc.config.RepositoryRestMvcConfiguration$$EnhancerBySpringCGLIB$$2cc48631$$FastClassBySpringCGLIB$$1e60d3fc.invoke(&lt;generated&gt;)
	at org.springframework.cglib.proxy.MethodProxy.invokeSuper(MethodProxy.java:228)
	at org.springframework.context.annotation.ConfigurationClassEnhancer$BeanMethodInterceptor.intercept(ConfigurationClassEnhancer.java:312)
	at org.springframework.data.rest.webmvc.config.RepositoryRestMvcConfiguration$$EnhancerBySpringCGLIB$$2cc48631.repositories(&lt;generated&gt;)
	at sun.reflect.NativeMethodAccessorImpl.invoke0(Native Method)
	at sun.reflect.NativeMethodAccessorImpl.invoke(NativeMethodAccessorImpl.java:39)
	at sun.reflect.DelegatingMethodAccessorImpl.invoke(DelegatingMethodAccessorImpl.java:25)
	at java.lang.reflect.Method.invoke(Method.java:597)
	at org.springframework.beans.factory.support.SimpleInstantiationStrategy.instantiate(SimpleInstantiationStrategy.java:166)
	... 176 common frames omitted
Caused by: org.springframework.beans.factory.NoUniqueBeanDefinitionException: No qualifying bean of type [org.ssoup.denv.server.persistence.ApplicationConfigRepository] is defined: expected single matching bean but found 2: mongoDBImageRepository,mongoDBApplicationConfigRepository
	at org.springframework.beans.factory.support.DefaultListableBeanFactory.doResolveDependency(DefaultListableBeanFactory.java:970)
	at org.springframework.beans.factory.support.DefaultListableBeanFactory.resolveDependency(DefaultListableBeanFactory.java:858)
	at org.springframework.beans.factory.support.ConstructorResolver.resolveAutowiredArgument(ConstructorResolver.java:811)
	at org.springframework.beans.factory.support.ConstructorResolver.createArgumentArray(ConstructorResolver.java:739)
	... 200 common frames omitted

2014-09-12 15:54:12.778 ERROR 10216 --- [           main] o.s.test.context.TestContextManager      : Caught exception while allowing TestExecutionListener [org.springframework.test.context.support.DependencyInjectionTestExecutionListener@e9493a] to prepare test instance [org.ssoup.denv.server.test.DenvClientTest@b28f30]

java.lang.IllegalStateException: Failed to load ApplicationContext
	at org.springframework.test.context.CacheAwareContextLoaderDelegate.loadContext(CacheAwareContextLoaderDelegate.java:99)
	at org.springframework.test.context.DefaultTestContext.getApplicationContext(DefaultTestContext.java:101)
	at org.springframework.test.context.support.DependencyInjectionTestExecutionListener.injectDependencies(DependencyInjectionTestExecutionListener.java:109)
	at org.springframework.test.context.support.DependencyInjectionTestExecutionListener.prepareTestInstance(DependencyInjectionTestExecutionListener.java:75)
	at org.springframework.test.context.TestContextManager.prepareTestInstance(TestContextManager.java:331)
	at org.springframework.test.context.junit4.SpringJUnit4ClassRunner.createTest(SpringJUnit4ClassRunner.java:213)
	at org.springframework.test.context.junit4.SpringJUnit4ClassRunner$1.runReflectiveCall(SpringJUnit4ClassRunner.java:290)
	at org.junit.internal.runners.model.ReflectiveCallable.run(ReflectiveCallable.java:12)
	at org.springframework.test.context.junit4.SpringJUnit4ClassRunner.methodBlock(SpringJUnit4ClassRunner.java:292)
	at org.springframework.test.context.junit4.SpringJUnit4ClassRunner.runChild(SpringJUnit4ClassRunner.java:233)
	at org.springframework.test.context.junit4.SpringJUnit4ClassRunner.runChild(SpringJUnit4ClassRunner.java:87)
	at org.junit.runners.ParentRunner$3.run(ParentRunner.java:238)
	at org.junit.runners.ParentRunner$1.schedule(ParentRunner.java:63)
	at org.junit.runners.ParentRunner.runChildren(ParentRunner.java:236)
	at org.junit.runners.ParentRunner.access$000(ParentRunner.java:53)
	at org.junit.runners.ParentRunner$2.evaluate(ParentRunner.java:229)
	at org.springframework.test.context.junit4.statements.RunBeforeTestClassCallbacks.evaluate(RunBeforeTestClassCallbacks.java:61)
	at org.springframework.test.context.junit4.statements.RunAfterTestClassCallbacks.evaluate(RunAfterTestClassCallbacks.java:71)
	at org.junit.runners.ParentRunner.run(ParentRunner.java:309)
	at org.springframework.test.context.junit4.SpringJUnit4ClassRunner.run(SpringJUnit4ClassRunner.java:176)
	at org.apache.maven.surefire.junit4.JUnit4TestSet.execute(JUnit4TestSet.java:62)
	at org.apache.maven.surefire.suite.AbstractDirectoryTestSuite.executeTestSet(AbstractDirectoryTestSuite.java:140)
	at org.apache.maven.surefire.suite.AbstractDirectoryTestSuite.execute(AbstractDirectoryTestSuite.java:127)
	at org.apache.maven.surefire.Surefire.run(Surefire.java:177)
	at sun.reflect.NativeMethodAccessorImpl.invoke0(Native Method)
	at sun.reflect.NativeMethodAccessorImpl.invoke(NativeMethodAccessorImpl.java:39)
	at sun.reflect.DelegatingMethodAccessorImpl.invoke(DelegatingMethodAccessorImpl.java:25)
	at java.lang.reflect.Method.invoke(Method.java:597)
	at org.apache.maven.surefire.booter.SurefireBooter.runSuitesInProcess(SurefireBooter.java:345)
	at org.apache.maven.surefire.booter.SurefireBooter.main(SurefireBooter.java:1009)
Caused by: org.springframework.context.ApplicationContextException: Unable to start embedded container; nested exception is org.springframework.boot.context.embedded.EmbeddedServletContainerException: Unable to start embedded Tomcat
	at org.springframework.boot.context.embedded.EmbeddedWebApplicationContext.onRefresh(EmbeddedWebApplicationContext.java:135)
	at org.springframework.context.support.AbstractApplicationContext.refresh(AbstractApplicationContext.java:476)
	at org.springframework.boot.context.embedded.EmbeddedWebApplicationContext.refresh(EmbeddedWebApplicationContext.java:120)
	at org.springframework.boot.SpringApplication.refresh(SpringApplication.java:691)
	at org.springframework.boot.SpringApplication.run(SpringApplication.java:320)
	at org.springframework.boot.test.SpringApplicationContextLoader.loadContext(SpringApplicationContextLoader.java:107)
	at org.springframework.test.context.CacheAwareContextLoaderDelegate.loadContextInternal(CacheAwareContextLoaderDelegate.java:64)
	at org.springframework.test.context.CacheAwareContextLoaderDelegate.loadContext(CacheAwareContextLoaderDelegate.java:91)
	... 29 common frames omitted
Caused by: org.springframework.boot.context.embedded.EmbeddedServletContainerException: Unable to start embedded Tomcat
	at org.springframework.boot.context.embedded.tomcat.TomcatEmbeddedServletContainer.initialize(TomcatEmbeddedServletContainer.java:100)
	at org.springframework.boot.context.embedded.tomcat.TomcatEmbeddedServletContainer.&lt;init&gt;(TomcatEmbeddedServletContainer.java:74)
	at org.springframework.boot.context.embedded.tomcat.TomcatEmbeddedServletContainerFactory.getTomcatEmbeddedServletContainer(TomcatEmbeddedServletContainerFactory.java:289)
	at org.springframework.boot.context.embedded.tomcat.TomcatEmbeddedServletContainerFactory.getEmbeddedServletContainer(TomcatEmbeddedServletContainerFactory.java:146)
	at org.springframework.boot.context.embedded.EmbeddedWebApplicationContext.createEmbeddedServletContainer(EmbeddedWebApplicationContext.java:159)
	at org.springframework.boot.context.embedded.EmbeddedWebApplicationContext.onRefresh(EmbeddedWebApplicationContext.java:132)
	... 36 common frames omitted
Caused by: org.springframework.beans.factory.BeanCreationException: Error creating bean with name &apos;org.springframework.security.config.annotation.web.configuration.WebSecurityConfiguration&apos;: Injection of autowired dependencies failed; nested exception is org.springframework.beans.factory.BeanCreationException: Could not autowire method: public void org.springframework.security.config.annotation.web.configuration.WebSecurityConfiguration.setFilterChainProxySecurityConfigurer(org.springframework.security.config.annotation.ObjectPostProcessor,java.util.List) throws java.lang.Exception; nested exception is org.springframework.beans.factory.BeanExpressionException: Expression parsing failed; nested exception is org.springframework.beans.factory.BeanCreationException: Error creating bean with name &apos;securityConfig&apos;: Injection of autowired dependencies failed; nested exception is org.springframework.beans.factory.BeanCreationException: Could not autowire method: public void org.springframework.security.config.annotation.web.configuration.WebSecurityConfigurerAdapter.setContentNegotationStrategy(org.springframework.web.accept.ContentNegotiationStrategy); nested exception is org.springframework.beans.factory.BeanCreationException: Error creating bean with name &apos;org.springframework.web.servlet.config.annotation.DelegatingWebMvcConfiguration&apos;: Injection of autowired dependencies failed; nested exception is org.springframework.beans.factory.BeanCreationException: Could not autowire method: public void org.springframework.web.servlet.config.annotation.DelegatingWebMvcConfiguration.setConfigurers(java.util.List); nested exception is org.springframework.beans.factory.BeanCreationException: Error creating bean with name &apos;org.springframework.boot.autoconfigure.web.WebMvcAutoConfiguration$WebMvcAutoConfigurationAdapter&apos;: Injection of autowired dependencies failed; nested exception is org.springframework.beans.factory.BeanCreationException: Could not autowire field: private org.springframework.boot.autoconfigure.web.HttpMessageConverters org.springframework.boot.autoconfigure.web.WebMvcAutoConfiguration$WebMvcAutoConfigurationAdapter.messageConverters; nested exception is org.springframework.beans.factory.BeanCreationException: Error creating bean with name &apos;org.springframework.boot.autoconfigure.web.HttpMessageConvertersAutoConfiguration&apos;: Injection of autowired dependencies failed; nested exception is org.springframework.beans.factory.BeanCreationException: Could not autowire field: private final java.util.List org.springframework.boot.autoconfigure.web.HttpMessageConvertersAutoConfiguration.converters; nested exception is org.springframework.beans.factory.BeanCreationException: Error creating bean with name &apos;jacksonHttpMessageConverter&apos; defined in class path resource [org/springframework/data/rest/webmvc/config/RepositoryRestMvcConfiguration.class]: Instantiation of bean failed; nested exception is org.springframework.beans.factory.BeanDefinitionStoreException: Factory method [public org.springframework.http.converter.json.MappingJackson2HttpMessageConverter org.springframework.data.rest.webmvc.config.RepositoryRestMvcConfiguration.jacksonHttpMessageConverter()] threw exception; nested exception is org.springframework.beans.factory.BeanCreationException: Error creating bean with name &apos;config&apos; defined in class path resource [org/springframework/data/rest/webmvc/config/RepositoryRestMvcConfiguration.class]: Instantiation of bean failed; nested exception is org.springframework.beans.factory.BeanDefinitionStoreException: Factory method [public org.springframework.data.rest.core.config.RepositoryRestConfiguration org.springframework.data.rest.webmvc.config.RepositoryRestMvcConfiguration.config()] threw exception; nested exception is org.springframework.beans.factory.BeanCreationException: Error creating bean with name &apos;repositories&apos; defined in class path resource [org/springframework/data/rest/webmvc/config/RepositoryRestMvcConfiguration.class]: Instantiation of bean failed; nested exception is org.springframework.beans.factory.BeanDefinitionStoreException: Factory method [public org.springframework.data.repository.support.Repositories org.springframework.data.rest.webmvc.config.RepositoryRestMvcConfiguration.repositories()] threw exception; nested exception is org.springframework.beans.factory.UnsatisfiedDependencyException: Error creating bean with name &apos;mongoDBEnvironmentRepositoryImpl&apos; defined in URL [jar:file:/C:/workspaces/denv/denv-server-mongodb/target/denv-server-mongodb-0.1.0.jar!/org/ssoup/denv/server/persistence/mongodb/repository/MongoDBEnvironmentRepositoryImpl.class]: Unsatisfied dependency expressed through constructor argument with index 1 of type [org.ssoup.denv.server.persistence.ApplicationConfigRepository]: : No qualifying bean of type [org.ssoup.denv.server.persistence.ApplicationConfigRepository] is defined: expected single matching bean but found 2: mongoDBImageRepository,mongoDBApplicationConfigRepository; nested exception is org.springframework.beans.factory.NoUniqueBeanDefinitionException: No qualifying bean of type [org.ssoup.denv.server.persistence.ApplicationConfigRepository] is defined: expected single matching bean but found 2: mongoDBImageRepository,mongoDBApplicationConfigRepository
	at org.springframework.beans.factory.annotation.AutowiredAnnotationBeanPostProcessor.postProcessPropertyValues(AutowiredAnnotationBeanPostProcessor.java:292)
	at org.springframework.beans.factory.support.AbstractAutowireCapableBeanFactory.populateBean(AbstractAutowireCapableBeanFactory.java:1185)
	at org.springframework.beans.factory.support.AbstractAutowireCapableBeanFactory.doCreateBean(AbstractAutowireCapableBeanFactory.java:537)
	at org.springframework.beans.factory.support.AbstractAutowireCapableBeanFactory.createBean(AbstractAutowireCapableBeanFactory.java:475)
	at org.springframework.beans.factory.support.AbstractBeanFactory$1.getObject(AbstractBeanFactory.java:302)
	at org.springframework.beans.factory.support.DefaultSingletonBeanRegistry.getSingleton(DefaultSingletonBeanRegistry.java:228)
	at org.springframework.beans.factory.support.AbstractBeanFactory.doGetBean(AbstractBeanFactory.java:298)
	at org.springframework.beans.factory.support.AbstractBeanFactory.getBean(AbstractBeanFactory.java:193)
	at org.springframework.beans.factory.support.ConstructorResolver.instantiateUsingFactoryMethod(ConstructorResolver.java:370)
	at org.springframework.beans.factory.support.AbstractAutowireCapableBeanFactory.instantiateUsingFactoryMethod(AbstractAutowireCapableBeanFactory.java:1094)
	at org.springframework.beans.factory.support.AbstractAutowireCapableBeanFactory.createBeanInstance(AbstractAutowireCapableBeanFactory.java:989)
	at org.springframework.beans.factory.support.AbstractAutowireCapableBeanFactory.doCreateBean(AbstractAutowireCapableBeanFactory.java:504)
	at org.springframework.beans.factory.support.AbstractAutowireCapableBeanFactory.createBean(AbstractAutowireCapableBeanFactory.java:475)
	at org.springframework.beans.factory.support.AbstractBeanFactory$1.getObject(AbstractBeanFactory.java:302)
	at org.springframework.beans.factory.support.DefaultSingletonBeanRegistry.getSingleton(DefaultSingletonBeanRegistry.java:228)
	at org.springframework.beans.factory.support.AbstractBeanFactory.doGetBean(AbstractBeanFactory.java:298)
	at org.springframework.beans.factory.support.AbstractBeanFactory.getBean(AbstractBeanFactory.java:198)
	at org.springframework.boot.context.embedded.EmbeddedWebApplicationContext.getOrderedBeansOfType(EmbeddedWebApplicationContext.java:367)
	at org.springframework.boot.context.embedded.EmbeddedWebApplicationContext.getServletContextInitializerBeans(EmbeddedWebApplicationContext.java:268)
	at org.springframework.boot.context.embedded.EmbeddedWebApplicationContext$1.onStartup(EmbeddedWebApplicationContext.java:213)
	at org.springframework.boot.context.embedded.tomcat.ServletContextInitializerLifecycleListener.lifecycleEvent(ServletContextInitializerLifecycleListener.java:64)
	at org.apache.catalina.util.LifecycleSupport.fireLifecycleEvent(LifecycleSupport.java:117)
	at org.apache.catalina.util.LifecycleBase.fireLifecycleEvent(LifecycleBase.java:90)
	at org.apache.catalina.core.StandardContext.startInternal(StandardContext.java:5355)
	at org.apache.catalina.util.LifecycleBase.start(LifecycleBase.java:150)
	at org.apache.catalina.core.ContainerBase$StartChild.call(ContainerBase.java:1559)
	at org.apache.catalina.core.ContainerBase$StartChild.call(ContainerBase.java:1549)
	at java.util.concurrent.FutureTask$Sync.innerRun(FutureTask.java:303)
	at java.util.concurrent.FutureTask.run(FutureTask.java:138)
	at java.util.concurrent.ThreadPoolExecutor$Worker.runTask(ThreadPoolExecutor.java:886)
	at java.util.concurrent.ThreadPoolExecutor$Worker.run(ThreadPoolExecutor.java:908)
	at java.lang.Thread.run(Thread.java:662)
Caused by: org.springframework.beans.factory.BeanCreationException: Could not autowire method: public void org.springframework.security.config.annotation.web.configuration.WebSecurityConfiguration.setFilterChainProxySecurityConfigurer(org.springframework.security.config.annotation.ObjectPostProcessor,java.util.List) throws java.lang.Exception; nested exception is org.springframework.beans.factory.BeanExpressionException: Expression parsing failed; nested exception is org.springframework.beans.factory.BeanCreationException: Error creating bean with name &apos;securityConfig&apos;: Injection of autowired dependencies failed; nested exception is org.springframework.beans.factory.BeanCreationException: Could not autowire method: public void org.springframework.security.config.annotation.web.configuration.WebSecurityConfigurerAdapter.setContentNegotationStrategy(org.springframework.web.accept.ContentNegotiationStrategy); nested exception is org.springframework.beans.factory.BeanCreationException: Error creating bean with name &apos;org.springframework.web.servlet.config.annotation.DelegatingWebMvcConfiguration&apos;: Injection of autowired dependencies failed; nested exception is org.springframework.beans.factory.BeanCreationException: Could not autowire method: public void org.springframework.web.servlet.config.annotation.DelegatingWebMvcConfiguration.setConfigurers(java.util.List); nested exception is org.springframework.beans.factory.BeanCreationException: Error creating bean with name &apos;org.springframework.boot.autoconfigure.web.WebMvcAutoConfiguration$WebMvcAutoConfigurationAdapter&apos;: Injection of autowired dependencies failed; nested exception is org.springframework.beans.factory.BeanCreationException: Could not autowire field: private org.springframework.boot.autoconfigure.web.HttpMessageConverters org.springframework.boot.autoconfigure.web.WebMvcAutoConfiguration$WebMvcAutoConfigurationAdapter.messageConverters; nested exception is org.springframework.beans.factory.BeanCreationException: Error creating bean with name &apos;org.springframework.boot.autoconfigure.web.HttpMessageConvertersAutoConfiguration&apos;: Injection of autowired dependencies failed; nested exception is org.springframework.beans.factory.BeanCreationException: Could not autowire field: private final java.util.List org.springframework.boot.autoconfigure.web.HttpMessageConvertersAutoConfiguration.converters; nested exception is org.springframework.beans.factory.BeanCreationException: Error creating bean with name &apos;jacksonHttpMessageConverter&apos; defined in class path resource [org/springframework/data/rest/webmvc/config/RepositoryRestMvcConfiguration.class]: Instantiation of bean failed; nested exception is org.springframework.beans.factory.BeanDefinitionStoreException: Factory method [public org.springframework.http.converter.json.MappingJackson2HttpMessageConverter org.springframework.data.rest.webmvc.config.RepositoryRestMvcConfiguration.jacksonHttpMessageConverter()] threw exception; nested exception is org.springframework.beans.factory.BeanCreationException: Error creating bean with name &apos;config&apos; defined in class path resource [org/springframework/data/rest/webmvc/config/RepositoryRestMvcConfiguration.class]: Instantiation of bean failed; nested exception is org.springframework.beans.factory.BeanDefinitionStoreException: Factory method [public org.springframework.data.rest.core.config.RepositoryRestConfiguration org.springframework.data.rest.webmvc.config.RepositoryRestMvcConfiguration.config()] threw exception; nested exception is org.springframework.beans.factory.BeanCreationException: Error creating bean with name &apos;repositories&apos; defined in class path resource [org/springframework/data/rest/webmvc/config/RepositoryRestMvcConfiguration.class]: Instantiation of bean failed; nested exception is org.springframework.beans.factory.BeanDefinitionStoreException: Factory method [public org.springframework.data.repository.support.Repositories org.springframework.data.rest.webmvc.config.RepositoryRestMvcConfiguration.repositories()] threw exception; nested exception is org.springframework.beans.factory.UnsatisfiedDependencyException: Error creating bean with name &apos;mongoDBEnvironmentRepositoryImpl&apos; defined in URL [jar:file:/C:/workspaces/denv/denv-server-mongodb/target/denv-server-mongodb-0.1.0.jar!/org/ssoup/denv/server/persistence/mongodb/repository/MongoDBEnvironmentRepositoryImpl.class]: Unsatisfied dependency expressed through constructor argument with index 1 of type [org.ssoup.denv.server.persistence.ApplicationConfigRepository]: : No qualifying bean of type [org.ssoup.denv.server.persistence.ApplicationConfigRepository] is defined: expected single matching bean but found 2: mongoDBImageRepository,mongoDBApplicationConfigRepository; nested exception is org.springframework.beans.factory.NoUniqueBeanDefinitionException: No qualifying bean of type [org.ssoup.denv.server.persistence.ApplicationConfigRepository] is defined: expected single matching bean but found 2: mongoDBImageRepository,mongoDBApplicationConfigRepository
	at org.springframework.beans.factory.annotation.AutowiredAnnotationBeanPostProcessor$AutowiredMethodElement.inject(AutowiredAnnotationBeanPostProcessor.java:596)
	at org.springframework.beans.factory.annotation.InjectionMetadata.inject(InjectionMetadata.java:87)
	at org.springframework.beans.factory.annotation.AutowiredAnnotationBeanPostProcessor.postProcessPropertyValues(AutowiredAnnotationBeanPostProcessor.java:289)
	... 31 common frames omitted
Caused by: org.springframework.beans.factory.BeanExpressionException: Expression parsing failed; nested exception is org.springframework.beans.factory.BeanCreationException: Error creating bean with name &apos;securityConfig&apos;: Injection of autowired dependencies failed; nested exception is org.springframework.beans.factory.BeanCreationException: Could not autowire method: public void org.springframework.security.config.annotation.web.configuration.WebSecurityConfigurerAdapter.setContentNegotationStrategy(org.springframework.web.accept.ContentNegotiationStrategy); nested exception is org.springframework.beans.factory.BeanCreationException: Error creating bean with name &apos;org.springframework.web.servlet.config.annotation.DelegatingWebMvcConfiguration&apos;: Injection of autowired dependencies failed; nested exception is org.springframework.beans.factory.BeanCreationException: Could not autowire method: public void org.springframework.web.servlet.config.annotation.DelegatingWebMvcConfiguration.setConfigurers(java.util.List); nested exception is org.springframework.beans.factory.BeanCreationException: Error creating bean with name &apos;org.springframework.boot.autoconfigure.web.WebMvcAutoConfiguration$WebMvcAutoConfigurationAdapter&apos;: Injection of autowired dependencies failed; nested exception is org.springframework.beans.factory.BeanCreationException: Could not autowire field: private org.springframework.boot.autoconfigure.web.HttpMessageConverters org.springframework.boot.autoconfigure.web.WebMvcAutoConfiguration$WebMvcAutoConfigurationAdapter.messageConverters; nested exception is org.springframework.beans.factory.BeanCreationException: Error creating bean with name &apos;org.springframework.boot.autoconfigure.web.HttpMessageConvertersAutoConfiguration&apos;: Injection of autowired dependencies failed; nested exception is org.springframework.beans.factory.BeanCreationException: Could not autowire field: private final java.util.List org.springframework.boot.autoconfigure.web.HttpMessageConvertersAutoConfiguration.converters; nested exception is org.springframework.beans.factory.BeanCreationException: Error creating bean with name &apos;jacksonHttpMessageConverter&apos; defined in class path resource [org/springframework/data/rest/webmvc/config/RepositoryRestMvcConfiguration.class]: Instantiation of bean failed; nested exception is org.springframework.beans.factory.BeanDefinitionStoreException: Factory method [public org.springframework.http.converter.json.MappingJackson2HttpMessageConverter org.springframework.data.rest.webmvc.config.RepositoryRestMvcConfiguration.jacksonHttpMessageConverter()] threw exception; nested exception is org.springframework.beans.factory.BeanCreationException: Error creating bean with name &apos;config&apos; defined in class path resource [org/springframework/data/rest/webmvc/config/RepositoryRestMvcConfiguration.class]: Instantiation of bean failed; nested exception is org.springframework.beans.factory.BeanDefinitionStoreException: Factory method [public org.springframework.data.rest.core.config.RepositoryRestConfiguration org.springframework.data.rest.webmvc.config.RepositoryRestMvcConfiguration.config()] threw exception; nested exception is org.springframework.beans.factory.BeanCreationException: Error creating bean with name &apos;repositories&apos; defined in class path resource [org/springframework/data/rest/webmvc/config/RepositoryRestMvcConfiguration.class]: Instantiation of bean failed; nested exception is org.springframework.beans.factory.BeanDefinitionStoreException: Factory method [public org.springframework.data.repository.support.Repositories org.springframework.data.rest.webmvc.config.RepositoryRestMvcConfiguration.repositories()] threw exception; nested exception is org.springframework.beans.factory.UnsatisfiedDependencyException: Error creating bean with name &apos;mongoDBEnvironmentRepositoryImpl&apos; defined in URL [jar:file:/C:/workspaces/denv/denv-server-mongodb/target/denv-server-mongodb-0.1.0.jar!/org/ssoup/denv/server/persistence/mongodb/repository/MongoDBEnvironmentRepositoryImpl.class]: Unsatisfied dependency expressed through constructor argument with index 1 of type [org.ssoup.denv.server.persistence.ApplicationConfigRepository]: : No qualifying bean of type [org.ssoup.denv.server.persistence.ApplicationConfigRepository] is defined: expected single matching bean but found 2: mongoDBImageRepository,mongoDBApplicationConfigRepository; nested exception is org.springframework.beans.factory.NoUniqueBeanDefinitionException: No qualifying bean of type [org.ssoup.denv.server.persistence.ApplicationConfigRepository] is defined: expected single matching bean but found 2: mongoDBImageRepository,mongoDBApplicationConfigRepository
	at org.springframework.context.expression.StandardBeanExpressionResolver.evaluate(StandardBeanExpressionResolver.java:146)
	at org.springframework.beans.factory.support.AbstractBeanFactory.evaluateBeanDefinitionString(AbstractBeanFactory.java:1362)
	at org.springframework.beans.factory.support.DefaultListableBeanFactory.doResolveDependency(DefaultListableBeanFactory.java:873)
	at org.springframework.beans.factory.support.DefaultListableBeanFactory.resolveDependency(DefaultListableBeanFactory.java:858)
	at org.springframework.beans.factory.annotation.AutowiredAnnotationBeanPostProcessor$AutowiredMethodElement.inject(AutowiredAnnotationBeanPostProcessor.java:553)
	... 33 common frames omitted
Caused by: org.springframework.beans.factory.BeanCreationException: Error creating bean with name &apos;securityConfig&apos;: Injection of autowired dependencies failed; nested exception is org.springframework.beans.factory.BeanCreationException: Could not autowire method: public void org.springframework.security.config.annotation.web.configuration.WebSecurityConfigurerAdapter.setContentNegotationStrategy(org.springframework.web.accept.ContentNegotiationStrategy); nested exception is org.springframework.beans.factory.BeanCreationException: Error creating bean with name &apos;org.springframework.web.servlet.config.annotation.DelegatingWebMvcConfiguration&apos;: Injection of autowired dependencies failed; nested exception is org.springframework.beans.factory.BeanCreationException: Could not autowire method: public void org.springframework.web.servlet.config.annotation.DelegatingWebMvcConfiguration.setConfigurers(java.util.List); nested exception is org.springframework.beans.factory.BeanCreationException: Error creating bean with name &apos;org.springframework.boot.autoconfigure.web.WebMvcAutoConfiguration$WebMvcAutoConfigurationAdapter&apos;: Injection of autowired dependencies failed; nested exception is org.springframework.beans.factory.BeanCreationException: Could not autowire field: private org.springframework.boot.autoconfigure.web.HttpMessageConverters org.springframework.boot.autoconfigure.web.WebMvcAutoConfiguration$WebMvcAutoConfigurationAdapter.messageConverters; nested exception is org.springframework.beans.factory.BeanCreationException: Error creating bean with name &apos;org.springframework.boot.autoconfigure.web.HttpMessageConvertersAutoConfiguration&apos;: Injection of autowired dependencies failed; nested exception is org.springframework.beans.factory.BeanCreationException: Could not autowire field: private final java.util.List org.springframework.boot.autoconfigure.web.HttpMessageConvertersAutoConfiguration.converters; nested exception is org.springframework.beans.factory.BeanCreationException: Error creating bean with name &apos;jacksonHttpMessageConverter&apos; defined in class path resource [org/springframework/data/rest/webmvc/config/RepositoryRestMvcConfiguration.class]: Instantiation of bean failed; nested exception is org.springframework.beans.factory.BeanDefinitionStoreException: Factory method [public org.springframework.http.converter.json.MappingJackson2HttpMessageConverter org.springframework.data.rest.webmvc.config.RepositoryRestMvcConfiguration.jacksonHttpMessageConverter()] threw exception; nested exception is org.springframework.beans.factory.BeanCreationException: Error creating bean with name &apos;config&apos; defined in class path resource [org/springframework/data/rest/webmvc/config/RepositoryRestMvcConfiguration.class]: Instantiation of bean failed; nested exception is org.springframework.beans.factory.BeanDefinitionStoreException: Factory method [public org.springframework.data.rest.core.config.RepositoryRestConfiguration org.springframework.data.rest.webmvc.config.RepositoryRestMvcConfiguration.config()] threw exception; nested exception is org.springframework.beans.factory.BeanCreationException: Error creating bean with name &apos;repositories&apos; defined in class path resource [org/springframework/data/rest/webmvc/config/RepositoryRestMvcConfiguration.class]: Instantiation of bean failed; nested exception is org.springframework.beans.factory.BeanDefinitionStoreException: Factory method [public org.springframework.data.repository.support.Repositories org.springframework.data.rest.webmvc.config.RepositoryRestMvcConfiguration.repositories()] threw exception; nested exception is org.springframework.beans.factory.UnsatisfiedDependencyException: Error creating bean with name &apos;mongoDBEnvironmentRepositoryImpl&apos; defined in URL [jar:file:/C:/workspaces/denv/denv-server-mongodb/target/denv-server-mongodb-0.1.0.jar!/org/ssoup/denv/server/persistence/mongodb/repository/MongoDBEnvironmentRepositoryImpl.class]: Unsatisfied dependency expressed through constructor argument with index 1 of type [org.ssoup.denv.server.persistence.ApplicationConfigRepository]: : No qualifying bean of type [org.ssoup.denv.server.persistence.ApplicationConfigRepository] is defined: expected single matching bean but found 2: mongoDBImageRepository,mongoDBApplicationConfigRepository; nested exception is org.springframework.beans.factory.NoUniqueBeanDefinitionException: No qualifying bean of type [org.ssoup.denv.server.persistence.ApplicationConfigRepository] is defined: expected single matching bean but found 2: mongoDBImageRepository,mongoDBApplicationConfigRepository
	at org.springframework.beans.factory.annotation.AutowiredAnnotationBeanPostProcessor.postProcessPropertyValues(AutowiredAnnotationBeanPostProcessor.java:292)
	at org.springframework.beans.factory.support.AbstractAutowireCapableBeanFactory.populateBean(AbstractAutowireCapableBeanFactory.java:1185)
	at org.springframework.beans.factory.support.AbstractAutowireCapableBeanFactory.doCreateBean(AbstractAutowireCapableBeanFactory.java:537)
	at org.springframework.beans.factory.support.AbstractAutowireCapableBeanFactory.createBean(AbstractAutowireCapableBeanFactory.java:475)
	at org.springframework.beans.factory.support.AbstractBeanFactory$1.getObject(AbstractBeanFactory.java:302)
	at org.springframework.beans.factory.support.DefaultSingletonBeanRegistry.getSingleton(DefaultSingletonBeanRegistry.java:228)
	at org.springframework.beans.factory.support.AbstractBeanFactory.doGetBean(AbstractBeanFactory.java:298)
	at org.springframework.beans.factory.support.AbstractBeanFactory.getBean(AbstractBeanFactory.java:198)
	at org.springframework.beans.factory.support.DefaultListableBeanFactory.getBeansOfType(DefaultListableBeanFactory.java:470)
	at org.springframework.beans.factory.support.DefaultListableBeanFactory.getBeansOfType(DefaultListableBeanFactory.java:459)
	at org.springframework.security.config.annotation.web.configuration.AutowiredWebSecurityConfigurersIgnoreParents.getWebSecurityConfigurers(AutowiredWebSecurityConfigurersIgnoreParents.java:52)
	at sun.reflect.NativeMethodAccessorImpl.invoke0(Native Method)
	at sun.reflect.NativeMethodAccessorImpl.invoke(NativeMethodAccessorImpl.java:39)
	at sun.reflect.DelegatingMethodAccessorImpl.invoke(DelegatingMethodAccessorImpl.java:25)
	at java.lang.reflect.Method.invoke(Method.java:597)
	at org.springframework.expression.spel.support.ReflectiveMethodExecutor.execute(ReflectiveMethodExecutor.java:63)
	at org.springframework.expression.spel.ast.MethodReference.getValueInternal(MethodReference.java:122)
	at org.springframework.expression.spel.ast.MethodReference.access$000(MethodReference.java:44)
	at org.springframework.expression.spel.ast.MethodReference$MethodValueRef.getValue(MethodReference.java:258)
	at org.springframework.expression.spel.ast.CompoundExpression.getValueInternal(CompoundExpression.java:84)
	at org.springframework.expression.spel.ast.SpelNodeImpl.getValue(SpelNodeImpl.java:103)
	at org.springframework.expression.spel.standard.SpelExpression.getValue(SpelExpression.java:94)
	at org.springframework.context.expression.StandardBeanExpressionResolver.evaluate(StandardBeanExpressionResolver.java:143)
	... 37 common frames omitted
Caused by: org.springframework.beans.factory.BeanCreationException: Could not autowire method: public void org.springframework.security.config.annotation.web.configuration.WebSecurityConfigurerAdapter.setContentNegotationStrategy(org.springframework.web.accept.ContentNegotiationStrategy); nested exception is org.springframework.beans.factory.BeanCreationException: Error creating bean with name &apos;org.springframework.web.servlet.config.annotation.DelegatingWebMvcConfiguration&apos;: Injection of autowired dependencies failed; nested exception is org.springframework.beans.factory.BeanCreationException: Could not autowire method: public void org.springframework.web.servlet.config.annotation.DelegatingWebMvcConfiguration.setConfigurers(java.util.List); nested exception is org.springframework.beans.factory.BeanCreationException: Error creating bean with name &apos;org.springframework.boot.autoconfigure.web.WebMvcAutoConfiguration$WebMvcAutoConfigurationAdapter&apos;: Injection of autowired dependencies failed; nested exception is org.springframework.beans.factory.BeanCreationException: Could not autowire field: private org.springframework.boot.autoconfigure.web.HttpMessageConverters org.springframework.boot.autoconfigure.web.WebMvcAutoConfiguration$WebMvcAutoConfigurationAdapter.messageConverters; nested exception is org.springframework.beans.factory.BeanCreationException: Error creating bean with name &apos;org.springframework.boot.autoconfigure.web.HttpMessageConvertersAutoConfiguration&apos;: Injection of autowired dependencies failed; nested exception is org.springframework.beans.factory.BeanCreationException: Could not autowire field: private final java.util.List org.springframework.boot.autoconfigure.web.HttpMessageConvertersAutoConfiguration.converters; nested exception is org.springframework.beans.factory.BeanCreationException: Error creating bean with name &apos;jacksonHttpMessageConverter&apos; defined in class path resource [org/springframework/data/rest/webmvc/config/RepositoryRestMvcConfiguration.class]: Instantiation of bean failed; nested exception is org.springframework.beans.factory.BeanDefinitionStoreException: Factory method [public org.springframework.http.converter.json.MappingJackson2HttpMessageConverter org.springframework.data.rest.webmvc.config.RepositoryRestMvcConfiguration.jacksonHttpMessageConverter()] threw exception; nested exception is org.springframework.beans.factory.BeanCreationException: Error creating bean with name &apos;config&apos; defined in class path resource [org/springframework/data/rest/webmvc/config/RepositoryRestMvcConfiguration.class]: Instantiation of bean failed; nested exception is org.springframework.beans.factory.BeanDefinitionStoreException: Factory method [public org.springframework.data.rest.core.config.RepositoryRestConfiguration org.springframework.data.rest.webmvc.config.RepositoryRestMvcConfiguration.config()] threw exception; nested exception is org.springframework.beans.factory.BeanCreationException: Error creating bean with name &apos;repositories&apos; defined in class path resource [org/springframework/data/rest/webmvc/config/RepositoryRestMvcConfiguration.class]: Instantiation of bean failed; nested exception is org.springframework.beans.factory.BeanDefinitionStoreException: Factory method [public org.springframework.data.repository.support.Repositories org.springframework.data.rest.webmvc.config.RepositoryRestMvcConfiguration.repositories()] threw exception; nested exception is org.springframework.beans.factory.UnsatisfiedDependencyException: Error creating bean with name &apos;mongoDBEnvironmentRepositoryImpl&apos; defined in URL [jar:file:/C:/workspaces/denv/denv-server-mongodb/target/denv-server-mongodb-0.1.0.jar!/org/ssoup/denv/server/persistence/mongodb/repository/MongoDBEnvironmentRepositoryImpl.class]: Unsatisfied dependency expressed through constructor argument with index 1 of type [org.ssoup.denv.server.persistence.ApplicationConfigRepository]: : No qualifying bean of type [org.ssoup.denv.server.persistence.ApplicationConfigRepository] is defined: expected single matching bean but found 2: mongoDBImageRepository,mongoDBApplicationConfigRepository; nested exception is org.springframework.beans.factory.NoUniqueBeanDefinitionException: No qualifying bean of type [org.ssoup.denv.server.persistence.ApplicationConfigRepository] is defined: expected single matching bean but found 2: mongoDBImageRepository,mongoDBApplicationConfigRepository
	at org.springframework.beans.factory.annotation.AutowiredAnnotationBeanPostProcessor$AutowiredMethodElement.inject(AutowiredAnnotationBeanPostProcessor.java:596)
	at org.springframework.beans.factory.annotation.InjectionMetadata.inject(InjectionMetadata.java:87)
	at org.springframework.beans.factory.annotation.AutowiredAnnotationBeanPostProcessor.postProcessPropertyValues(AutowiredAnnotationBeanPostProcessor.java:289)
	... 59 common frames omitted
Caused by: org.springframework.beans.factory.BeanCreationException: Error creating bean with name &apos;org.springframework.web.servlet.config.annotation.DelegatingWebMvcConfiguration&apos;: Injection of autowired dependencies failed; nested exception is org.springframework.beans.factory.BeanCreationException: Could not autowire method: public void org.springframework.web.servlet.config.annotation.DelegatingWebMvcConfiguration.setConfigurers(java.util.List); nested exception is org.springframework.beans.factory.BeanCreationException: Error creating bean with name &apos;org.springframework.boot.autoconfigure.web.WebMvcAutoConfiguration$WebMvcAutoConfigurationAdapter&apos;: Injection of autowired dependencies failed; nested exception is org.springframework.beans.factory.BeanCreationException: Could not autowire field: private org.springframework.boot.autoconfigure.web.HttpMessageConverters org.springframework.boot.autoconfigure.web.WebMvcAutoConfiguration$WebMvcAutoConfigurationAdapter.messageConverters; nested exception is org.springframework.beans.factory.BeanCreationException: Error creating bean with name &apos;org.springframework.boot.autoconfigure.web.HttpMessageConvertersAutoConfiguration&apos;: Injection of autowired dependencies failed; nested exception is org.springframework.beans.factory.BeanCreationException: Could not autowire field: private final java.util.List org.springframework.boot.autoconfigure.web.HttpMessageConvertersAutoConfiguration.converters; nested exception is org.springframework.beans.factory.BeanCreationException: Error creating bean with name &apos;jacksonHttpMessageConverter&apos; defined in class path resource [org/springframework/data/rest/webmvc/config/RepositoryRestMvcConfiguration.class]: Instantiation of bean failed; nested exception is org.springframework.beans.factory.BeanDefinitionStoreException: Factory method [public org.springframework.http.converter.json.MappingJackson2HttpMessageConverter org.springframework.data.rest.webmvc.config.RepositoryRestMvcConfiguration.jacksonHttpMessageConverter()] threw exception; nested exception is org.springframework.beans.factory.BeanCreationException: Error creating bean with name &apos;config&apos; defined in class path resource [org/springframework/data/rest/webmvc/config/RepositoryRestMvcConfiguration.class]: Instantiation of bean failed; nested exception is org.springframework.beans.factory.BeanDefinitionStoreException: Factory method [public org.springframework.data.rest.core.config.RepositoryRestConfiguration org.springframework.data.rest.webmvc.config.RepositoryRestMvcConfiguration.config()] threw exception; nested exception is org.springframework.beans.factory.BeanCreationException: Error creating bean with name &apos;repositories&apos; defined in class path resource [org/springframework/data/rest/webmvc/config/RepositoryRestMvcConfiguration.class]: Instantiation of bean failed; nested exception is org.springframework.beans.factory.BeanDefinitionStoreException: Factory method [public org.springframework.data.repository.support.Repositories org.springframework.data.rest.webmvc.config.RepositoryRestMvcConfiguration.repositories()] threw exception; nested exception is org.springframework.beans.factory.UnsatisfiedDependencyException: Error creating bean with name &apos;mongoDBEnvironmentRepositoryImpl&apos; defined in URL [jar:file:/C:/workspaces/denv/denv-server-mongodb/target/denv-server-mongodb-0.1.0.jar!/org/ssoup/denv/server/persistence/mongodb/repository/MongoDBEnvironmentRepositoryImpl.class]: Unsatisfied dependency expressed through constructor argument with index 1 of type [org.ssoup.denv.server.persistence.ApplicationConfigRepository]: : No qualifying bean of type [org.ssoup.denv.server.persistence.ApplicationConfigRepository] is defined: expected single matching bean but found 2: mongoDBImageRepository,mongoDBApplicationConfigRepository; nested exception is org.springframework.beans.factory.NoUniqueBeanDefinitionException: No qualifying bean of type [org.ssoup.denv.server.persistence.ApplicationConfigRepository] is defined: expected single matching bean but found 2: mongoDBImageRepository,mongoDBApplicationConfigRepository
	at org.springframework.beans.factory.annotation.AutowiredAnnotationBeanPostProcessor.postProcessPropertyValues(AutowiredAnnotationBeanPostProcessor.java:292)
	at org.springframework.beans.factory.support.AbstractAutowireCapableBeanFactory.populateBean(AbstractAutowireCapableBeanFactory.java:1185)
	at org.springframework.beans.factory.support.AbstractAutowireCapableBeanFactory.doCreateBean(AbstractAutowireCapableBeanFactory.java:537)
	at org.springframework.beans.factory.support.AbstractAutowireCapableBeanFactory.createBean(AbstractAutowireCapableBeanFactory.java:475)
	at org.springframework.beans.factory.support.AbstractBeanFactory$1.getObject(AbstractBeanFactory.java:302)
	at org.springframework.beans.factory.support.DefaultSingletonBeanRegistry.getSingleton(DefaultSingletonBeanRegistry.java:228)
	at org.springframework.beans.factory.support.AbstractBeanFactory.doGetBean(AbstractBeanFactory.java:298)
	at org.springframework.beans.factory.support.AbstractBeanFactory.getBean(AbstractBeanFactory.java:193)
	at org.springframework.beans.factory.support.ConstructorResolver.instantiateUsingFactoryMethod(ConstructorResolver.java:370)
	at org.springframework.beans.factory.support.AbstractAutowireCapableBeanFactory.instantiateUsingFactoryMethod(AbstractAutowireCapableBeanFactory.java:1094)
	at org.springframework.beans.factory.support.AbstractAutowireCapableBeanFactory.createBeanInstance(AbstractAutowireCapableBeanFactory.java:989)
	at org.springframework.beans.factory.support.AbstractAutowireCapableBeanFactory.doCreateBean(AbstractAutowireCapableBeanFactory.java:504)
	at org.springframework.beans.factory.support.AbstractAutowireCapableBeanFactory.createBean(AbstractAutowireCapableBeanFactory.java:475)
	at org.springframework.beans.factory.support.AbstractBeanFactory$1.getObject(AbstractBeanFactory.java:302)
	at org.springframework.beans.factory.support.DefaultSingletonBeanRegistry.getSingleton(DefaultSingletonBeanRegistry.java:228)
	at org.springframework.beans.factory.support.AbstractBeanFactory.doGetBean(AbstractBeanFactory.java:298)
	at org.springframework.beans.factory.support.AbstractBeanFactory.getBean(AbstractBeanFactory.java:193)
	at org.springframework.beans.factory.support.DefaultListableBeanFactory.findAutowireCandidates(DefaultListableBeanFactory.java:1017)
	at org.springframework.beans.factory.support.DefaultListableBeanFactory.doResolveDependency(DefaultListableBeanFactory.java:960)
	at org.springframework.beans.factory.support.DefaultListableBeanFactory.resolveDependency(DefaultListableBeanFactory.java:858)
	at org.springframework.beans.factory.annotation.AutowiredAnnotationBeanPostProcessor$AutowiredMethodElement.inject(AutowiredAnnotationBeanPostProcessor.java:553)
	... 61 common frames omitted
Caused by: org.springframework.beans.factory.BeanCreationException: Could not autowire method: public void org.springframework.web.servlet.config.annotation.DelegatingWebMvcConfiguration.setConfigurers(java.util.List); nested exception is org.springframework.beans.factory.BeanCreationException: Error creating bean with name &apos;org.springframework.boot.autoconfigure.web.WebMvcAutoConfiguration$WebMvcAutoConfigurationAdapter&apos;: Injection of autowired dependencies failed; nested exception is org.springframework.beans.factory.BeanCreationException: Could not autowire field: private org.springframework.boot.autoconfigure.web.HttpMessageConverters org.springframework.boot.autoconfigure.web.WebMvcAutoConfiguration$WebMvcAutoConfigurationAdapter.messageConverters; nested exception is org.springframework.beans.factory.BeanCreationException: Error creating bean with name &apos;org.springframework.boot.autoconfigure.web.HttpMessageConvertersAutoConfiguration&apos;: Injection of autowired dependencies failed; nested exception is org.springframework.beans.factory.BeanCreationException: Could not autowire field: private final java.util.List org.springframework.boot.autoconfigure.web.HttpMessageConvertersAutoConfiguration.converters; nested exception is org.springframework.beans.factory.BeanCreationException: Error creating bean with name &apos;jacksonHttpMessageConverter&apos; defined in class path resource [org/springframework/data/rest/webmvc/config/RepositoryRestMvcConfiguration.class]: Instantiation of bean failed; nested exception is org.springframework.beans.factory.BeanDefinitionStoreException: Factory method [public org.springframework.http.converter.json.MappingJackson2HttpMessageConverter org.springframework.data.rest.webmvc.config.RepositoryRestMvcConfiguration.jacksonHttpMessageConverter()] threw exception; nested exception is org.springframework.beans.factory.BeanCreationException: Error creating bean with name &apos;config&apos; defined in class path resource [org/springframework/data/rest/webmvc/config/RepositoryRestMvcConfiguration.class]: Instantiation of bean failed; nested exception is org.springframework.beans.factory.BeanDefinitionStoreException: Factory method [public org.springframework.data.rest.core.config.RepositoryRestConfiguration org.springframework.data.rest.webmvc.config.RepositoryRestMvcConfiguration.config()] threw exception; nested exception is org.springframework.beans.factory.BeanCreationException: Error creating bean with name &apos;repositories&apos; defined in class path resource [org/springframework/data/rest/webmvc/config/RepositoryRestMvcConfiguration.class]: Instantiation of bean failed; nested exception is org.springframework.beans.factory.BeanDefinitionStoreException: Factory method [public org.springframework.data.repository.support.Repositories org.springframework.data.rest.webmvc.config.RepositoryRestMvcConfiguration.repositories()] threw exception; nested exception is org.springframework.beans.factory.UnsatisfiedDependencyException: Error creating bean with name &apos;mongoDBEnvironmentRepositoryImpl&apos; defined in URL [jar:file:/C:/workspaces/denv/denv-server-mongodb/target/denv-server-mongodb-0.1.0.jar!/org/ssoup/denv/server/persistence/mongodb/repository/MongoDBEnvironmentRepositoryImpl.class]: Unsatisfied dependency expressed through constructor argument with index 1 of type [org.ssoup.denv.server.persistence.ApplicationConfigRepository]: : No qualifying bean of type [org.ssoup.denv.server.persistence.ApplicationConfigRepository] is defined: expected single matching bean but found 2: mongoDBImageRepository,mongoDBApplicationConfigRepository; nested exception is org.springframework.beans.factory.NoUniqueBeanDefinitionException: No qualifying bean of type [org.ssoup.denv.server.persistence.ApplicationConfigRepository] is defined: expected single matching bean but found 2: mongoDBImageRepository,mongoDBApplicationConfigRepository
	at org.springframework.beans.factory.annotation.AutowiredAnnotationBeanPostProcessor$AutowiredMethodElement.inject(AutowiredAnnotationBeanPostProcessor.java:596)
	at org.springframework.beans.factory.annotation.InjectionMetadata.inject(InjectionMetadata.java:87)
	at org.springframework.beans.factory.annotation.AutowiredAnnotationBeanPostProcessor.postProcessPropertyValues(AutowiredAnnotationBeanPostProcessor.java:289)
	... 81 common frames omitted
Caused by: org.springframework.beans.factory.BeanCreationException: Error creating bean with name &apos;org.springframework.boot.autoconfigure.web.WebMvcAutoConfiguration$WebMvcAutoConfigurationAdapter&apos;: Injection of autowired dependencies failed; nested exception is org.springframework.beans.factory.BeanCreationException: Could not autowire field: private org.springframework.boot.autoconfigure.web.HttpMessageConverters org.springframework.boot.autoconfigure.web.WebMvcAutoConfiguration$WebMvcAutoConfigurationAdapter.messageConverters; nested exception is org.springframework.beans.factory.BeanCreationException: Error creating bean with name &apos;org.springframework.boot.autoconfigure.web.HttpMessageConvertersAutoConfiguration&apos;: Injection of autowired dependencies failed; nested exception is org.springframework.beans.factory.BeanCreationException: Could not autowire field: private final java.util.List org.springframework.boot.autoconfigure.web.HttpMessageConvertersAutoConfiguration.converters; nested exception is org.springframework.beans.factory.BeanCreationException: Error creating bean with name &apos;jacksonHttpMessageConverter&apos; defined in class path resource [org/springframework/data/rest/webmvc/config/RepositoryRestMvcConfiguration.class]: Instantiation of bean failed; nested exception is org.springframework.beans.factory.BeanDefinitionStoreException: Factory method [public org.springframework.http.converter.json.MappingJackson2HttpMessageConverter org.springframework.data.rest.webmvc.config.RepositoryRestMvcConfiguration.jacksonHttpMessageConverter()] threw exception; nested exception is org.springframework.beans.factory.BeanCreationException: Error creating bean with name &apos;config&apos; defined in class path resource [org/springframework/data/rest/webmvc/config/RepositoryRestMvcConfiguration.class]: Instantiation of bean failed; nested exception is org.springframework.beans.factory.BeanDefinitionStoreException: Factory method [public org.springframework.data.rest.core.config.RepositoryRestConfiguration org.springframework.data.rest.webmvc.config.RepositoryRestMvcConfiguration.config()] threw exception; nested exception is org.springframework.beans.factory.BeanCreationException: Error creating bean with name &apos;repositories&apos; defined in class path resource [org/springframework/data/rest/webmvc/config/RepositoryRestMvcConfiguration.class]: Instantiation of bean failed; nested exception is org.springframework.beans.factory.BeanDefinitionStoreException: Factory method [public org.springframework.data.repository.support.Repositories org.springframework.data.rest.webmvc.config.RepositoryRestMvcConfiguration.repositories()] threw exception; nested exception is org.springframework.beans.factory.UnsatisfiedDependencyException: Error creating bean with name &apos;mongoDBEnvironmentRepositoryImpl&apos; defined in URL [jar:file:/C:/workspaces/denv/denv-server-mongodb/target/denv-server-mongodb-0.1.0.jar!/org/ssoup/denv/server/persistence/mongodb/repository/MongoDBEnvironmentRepositoryImpl.class]: Unsatisfied dependency expressed through constructor argument with index 1 of type [org.ssoup.denv.server.persistence.ApplicationConfigRepository]: : No qualifying bean of type [org.ssoup.denv.server.persistence.ApplicationConfigRepository] is defined: expected single matching bean but found 2: mongoDBImageRepository,mongoDBApplicationConfigRepository; nested exception is org.springframework.beans.factory.NoUniqueBeanDefinitionException: No qualifying bean of type [org.ssoup.denv.server.persistence.ApplicationConfigRepository] is defined: expected single matching bean but found 2: mongoDBImageRepository,mongoDBApplicationConfigRepository
	at org.springframework.beans.factory.annotation.AutowiredAnnotationBeanPostProcessor.postProcessPropertyValues(AutowiredAnnotationBeanPostProcessor.java:292)
	at org.springframework.beans.factory.support.AbstractAutowireCapableBeanFactory.populateBean(AbstractAutowireCapableBeanFactory.java:1185)
	at org.springframework.beans.factory.support.AbstractAutowireCapableBeanFactory.doCreateBean(AbstractAutowireCapableBeanFactory.java:537)
	at org.springframework.beans.factory.support.AbstractAutowireCapableBeanFactory.createBean(AbstractAutowireCapableBeanFactory.java:475)
	at org.springframework.beans.factory.support.AbstractBeanFactory$1.getObject(AbstractBeanFactory.java:302)
	at org.springframework.beans.factory.support.DefaultSingletonBeanRegistry.getSingleton(DefaultSingletonBeanRegistry.java:228)
	at org.springframework.beans.factory.support.AbstractBeanFactory.doGetBean(AbstractBeanFactory.java:298)
	at org.springframework.beans.factory.support.AbstractBeanFactory.getBean(AbstractBeanFactory.java:193)
	at org.springframework.beans.factory.support.DefaultListableBeanFactory.findAutowireCandidates(DefaultListableBeanFactory.java:1017)
	at org.springframework.beans.factory.support.DefaultListableBeanFactory.doResolveDependency(DefaultListableBeanFactory.java:912)
	at org.springframework.beans.factory.support.DefaultListableBeanFactory.resolveDependency(DefaultListableBeanFactory.java:858)
	at org.springframework.beans.factory.annotation.AutowiredAnnotationBeanPostProcessor$AutowiredMethodElement.inject(AutowiredAnnotationBeanPostProcessor.java:553)
	... 83 common frames omitted
Caused by: org.springframework.beans.factory.BeanCreationException: Could not autowire field: private org.springframework.boot.autoconfigure.web.HttpMessageConverters org.springframework.boot.autoconfigure.web.WebMvcAutoConfiguration$WebMvcAutoConfigurationAdapter.messageConverters; nested exception is org.springframework.beans.factory.BeanCreationException: Error creating bean with name &apos;org.springframework.boot.autoconfigure.web.HttpMessageConvertersAutoConfiguration&apos;: Injection of autowired dependencies failed; nested exception is org.springframework.beans.factory.BeanCreationException: Could not autowire field: private final java.util.List org.springframework.boot.autoconfigure.web.HttpMessageConvertersAutoConfiguration.converters; nested exception is org.springframework.beans.factory.BeanCreationException: Error creating bean with name &apos;jacksonHttpMessageConverter&apos; defined in class path resource [org/springframework/data/rest/webmvc/config/RepositoryRestMvcConfiguration.class]: Instantiation of bean failed; nested exception is org.springframework.beans.factory.BeanDefinitionStoreException: Factory method [public org.springframework.http.converter.json.MappingJackson2HttpMessageConverter org.springframework.data.rest.webmvc.config.RepositoryRestMvcConfiguration.jacksonHttpMessageConverter()] threw exception; nested exception is org.springframework.beans.factory.BeanCreationException: Error creating bean with name &apos;config&apos; defined in class path resource [org/springframework/data/rest/webmvc/config/RepositoryRestMvcConfiguration.class]: Instantiation of bean failed; nested exception is org.springframework.beans.factory.BeanDefinitionStoreException: Factory method [public org.springframework.data.rest.core.config.RepositoryRestConfiguration org.springframework.data.rest.webmvc.config.RepositoryRestMvcConfiguration.config()] threw exception; nested exception is org.springframework.beans.factory.BeanCreationException: Error creating bean with name &apos;repositories&apos; defined in class path resource [org/springframework/data/rest/webmvc/config/RepositoryRestMvcConfiguration.class]: Instantiation of bean failed; nested exception is org.springframework.beans.factory.BeanDefinitionStoreException: Factory method [public org.springframework.data.repository.support.Repositories org.springframework.data.rest.webmvc.config.RepositoryRestMvcConfiguration.repositories()] threw exception; nested exception is org.springframework.beans.factory.UnsatisfiedDependencyException: Error creating bean with name &apos;mongoDBEnvironmentRepositoryImpl&apos; defined in URL [jar:file:/C:/workspaces/denv/denv-server-mongodb/target/denv-server-mongodb-0.1.0.jar!/org/ssoup/denv/server/persistence/mongodb/repository/MongoDBEnvironmentRepositoryImpl.class]: Unsatisfied dependency expressed through constructor argument with index 1 of type [org.ssoup.denv.server.persistence.ApplicationConfigRepository]: : No qualifying bean of type [org.ssoup.denv.server.persistence.ApplicationConfigRepository] is defined: expected single matching bean but found 2: mongoDBImageRepository,mongoDBApplicationConfigRepository; nested exception is org.springframework.beans.factory.NoUniqueBeanDefinitionException: No qualifying bean of type [org.ssoup.denv.server.persistence.ApplicationConfigRepository] is defined: expected single matching bean but found 2: mongoDBImageRepository,mongoDBApplicationConfigRepository
	at org.springframework.beans.factory.annotation.AutowiredAnnotationBeanPostProcessor$AutowiredFieldElement.inject(AutowiredAnnotationBeanPostProcessor.java:508)
	at org.springframework.beans.factory.annotation.InjectionMetadata.inject(InjectionMetadata.java:87)
	at org.springframework.beans.factory.annotation.AutowiredAnnotationBeanPostProcessor.postProcessPropertyValues(AutowiredAnnotationBeanPostProcessor.java:289)
	... 94 common frames omitted
Caused by: org.springframework.beans.factory.BeanCreationException: Error creating bean with name &apos;org.springframework.boot.autoconfigure.web.HttpMessageConvertersAutoConfiguration&apos;: Injection of autowired dependencies failed; nested exception is org.springframework.beans.factory.BeanCreationException: Could not autowire field: private final java.util.List org.springframework.boot.autoconfigure.web.HttpMessageConvertersAutoConfiguration.converters; nested exception is org.springframework.beans.factory.BeanCreationException: Error creating bean with name &apos;jacksonHttpMessageConverter&apos; defined in class path resource [org/springframework/data/rest/webmvc/config/RepositoryRestMvcConfiguration.class]: Instantiation of bean failed; nested exception is org.springframework.beans.factory.BeanDefinitionStoreException: Factory method [public org.springframework.http.converter.json.MappingJackson2HttpMessageConverter org.springframework.data.rest.webmvc.config.RepositoryRestMvcConfiguration.jacksonHttpMessageConverter()] threw exception; nested exception is org.springframework.beans.factory.BeanCreationException: Error creating bean with name &apos;config&apos; defined in class path resource [org/springframework/data/rest/webmvc/config/RepositoryRestMvcConfiguration.class]: Instantiation of bean failed; nested exception is org.springframework.beans.factory.BeanDefinitionStoreException: Factory method [public org.springframework.data.rest.core.config.RepositoryRestConfiguration org.springframework.data.rest.webmvc.config.RepositoryRestMvcConfiguration.config()] threw exception; nested exception is org.springframework.beans.factory.BeanCreationException: Error creating bean with name &apos;repositories&apos; defined in class path resource [org/springframework/data/rest/webmvc/config/RepositoryRestMvcConfiguration.class]: Instantiation of bean failed; nested exception is org.springframework.beans.factory.BeanDefinitionStoreException: Factory method [public org.springframework.data.repository.support.Repositories org.springframework.data.rest.webmvc.config.RepositoryRestMvcConfiguration.repositories()] threw exception; nested exception is org.springframework.beans.factory.UnsatisfiedDependencyException: Error creating bean with name &apos;mongoDBEnvironmentRepositoryImpl&apos; defined in URL [jar:file:/C:/workspaces/denv/denv-server-mongodb/target/denv-server-mongodb-0.1.0.jar!/org/ssoup/denv/server/persistence/mongodb/repository/MongoDBEnvironmentRepositoryImpl.class]: Unsatisfied dependency expressed through constructor argument with index 1 of type [org.ssoup.denv.server.persistence.ApplicationConfigRepository]: : No qualifying bean of type [org.ssoup.denv.server.persistence.ApplicationConfigRepository] is defined: expected single matching bean but found 2: mongoDBImageRepository,mongoDBApplicationConfigRepository; nested exception is org.springframework.beans.factory.NoUniqueBeanDefinitionException: No qualifying bean of type [org.ssoup.denv.server.persistence.ApplicationConfigRepository] is defined: expected single matching bean but found 2: mongoDBImageRepository,mongoDBApplicationConfigRepository
	at org.springframework.beans.factory.annotation.AutowiredAnnotationBeanPostProcessor.postProcessPropertyValues(AutowiredAnnotationBeanPostProcessor.java:292)
	at org.springframework.beans.factory.support.AbstractAutowireCapableBeanFactory.populateBean(AbstractAutowireCapableBeanFactory.java:1185)
	at org.springframework.beans.factory.support.AbstractAutowireCapableBeanFactory.doCreateBean(AbstractAutowireCapableBeanFactory.java:537)
	at org.springframework.beans.factory.support.AbstractAutowireCapableBeanFactory.createBean(AbstractAutowireCapableBeanFactory.java:475)
	at org.springframework.beans.factory.support.AbstractBeanFactory$1.getObject(AbstractBeanFactory.java:302)
	at org.springframework.beans.factory.support.DefaultSingletonBeanRegistry.getSingleton(DefaultSingletonBeanRegistry.java:228)
	at org.springframework.beans.factory.support.AbstractBeanFactory.doGetBean(AbstractBeanFactory.java:298)
	at org.springframework.beans.factory.support.AbstractBeanFactory.getBean(AbstractBeanFactory.java:193)
	at org.springframework.beans.factory.support.ConstructorResolver.instantiateUsingFactoryMethod(ConstructorResolver.java:370)
	at org.springframework.beans.factory.support.AbstractAutowireCapableBeanFactory.instantiateUsingFactoryMethod(AbstractAutowireCapableBeanFactory.java:1094)
	at org.springframework.beans.factory.support.AbstractAutowireCapableBeanFactory.createBeanInstance(AbstractAutowireCapableBeanFactory.java:989)
	at org.springframework.beans.factory.support.AbstractAutowireCapableBeanFactory.doCreateBean(AbstractAutowireCapableBeanFactory.java:504)
	at org.springframework.beans.factory.support.AbstractAutowireCapableBeanFactory.createBean(AbstractAutowireCapableBeanFactory.java:475)
	at org.springframework.beans.factory.support.AbstractBeanFactory$1.getObject(AbstractBeanFactory.java:302)
	at org.springframework.beans.factory.support.DefaultSingletonBeanRegistry.getSingleton(DefaultSingletonBeanRegistry.java:228)
	at org.springframework.beans.factory.support.AbstractBeanFactory.doGetBean(AbstractBeanFactory.java:298)
	at org.springframework.beans.factory.support.AbstractBeanFactory.getBean(AbstractBeanFactory.java:193)
	at org.springframework.beans.factory.support.DefaultListableBeanFactory.findAutowireCandidates(DefaultListableBeanFactory.java:1017)
	at org.springframework.beans.factory.support.DefaultListableBeanFactory.doResolveDependency(DefaultListableBeanFactory.java:960)
	at org.springframework.beans.factory.support.DefaultListableBeanFactory.resolveDependency(DefaultListableBeanFactory.java:858)
	at org.springframework.beans.factory.annotation.AutowiredAnnotationBeanPostProcessor$AutowiredFieldElement.inject(AutowiredAnnotationBeanPostProcessor.java:480)
	... 96 common frames omitted
Caused by: org.springframework.beans.factory.BeanCreationException: Could not autowire field: private final java.util.List org.springframework.boot.autoconfigure.web.HttpMessageConvertersAutoConfiguration.converters; nested exception is org.springframework.beans.factory.BeanCreationException: Error creating bean with name &apos;jacksonHttpMessageConverter&apos; defined in class path resource [org/springframework/data/rest/webmvc/config/RepositoryRestMvcConfiguration.class]: Instantiation of bean failed; nested exception is org.springframework.beans.factory.BeanDefinitionStoreException: Factory method [public org.springframework.http.converter.json.MappingJackson2HttpMessageConverter org.springframework.data.rest.webmvc.config.RepositoryRestMvcConfiguration.jacksonHttpMessageConverter()] threw exception; nested exception is org.springframework.beans.factory.BeanCreationException: Error creating bean with name &apos;config&apos; defined in class path resource [org/springframework/data/rest/webmvc/config/RepositoryRestMvcConfiguration.class]: Instantiation of bean failed; nested exception is org.springframework.beans.factory.BeanDefinitionStoreException: Factory method [public org.springframework.data.rest.core.config.RepositoryRestConfiguration org.springframework.data.rest.webmvc.config.RepositoryRestMvcConfiguration.config()] threw exception; nested exception is org.springframework.beans.factory.BeanCreationException: Error creating bean with name &apos;repositories&apos; defined in class path resource [org/springframework/data/rest/webmvc/config/RepositoryRestMvcConfiguration.class]: Instantiation of bean failed; nested exception is org.springframework.beans.factory.BeanDefinitionStoreException: Factory method [public org.springframework.data.repository.support.Repositories org.springframework.data.rest.webmvc.config.RepositoryRestMvcConfiguration.repositories()] threw exception; nested exception is org.springframework.beans.factory.UnsatisfiedDependencyException: Error creating bean with name &apos;mongoDBEnvironmentRepositoryImpl&apos; defined in URL [jar:file:/C:/workspaces/denv/denv-server-mongodb/target/denv-server-mongodb-0.1.0.jar!/org/ssoup/denv/server/persistence/mongodb/repository/MongoDBEnvironmentRepositoryImpl.class]: Unsatisfied dependency expressed through constructor argument with index 1 of type [org.ssoup.denv.server.persistence.ApplicationConfigRepository]: : No qualifying bean of type [org.ssoup.denv.server.persistence.ApplicationConfigRepository] is defined: expected single matching bean but found 2: mongoDBImageRepository,mongoDBApplicationConfigRepository; nested exception is org.springframework.beans.factory.NoUniqueBeanDefinitionException: No qualifying bean of type [org.ssoup.denv.server.persistence.ApplicationConfigRepository] is defined: expected single matching bean but found 2: mongoDBImageRepository,mongoDBApplicationConfigRepository
	at org.springframework.beans.factory.annotation.AutowiredAnnotationBeanPostProcessor$AutowiredFieldElement.inject(AutowiredAnnotationBeanPostProcessor.java:508)
	at org.springframework.beans.factory.annotation.InjectionMetadata.inject(InjectionMetadata.java:87)
	at org.springframework.beans.factory.annotation.AutowiredAnnotationBeanPostProcessor.postProcessPropertyValues(AutowiredAnnotationBeanPostProcessor.java:289)
	... 116 common frames omitted
Caused by: org.springframework.beans.factory.BeanCreationException: Error creating bean with name &apos;jacksonHttpMessageConverter&apos; defined in class path resource [org/springframework/data/rest/webmvc/config/RepositoryRestMvcConfiguration.class]: Instantiation of bean failed; nested exception is org.springframework.beans.factory.BeanDefinitionStoreException: Factory method [public org.springframework.http.converter.json.MappingJackson2HttpMessageConverter org.springframework.data.rest.webmvc.config.RepositoryRestMvcConfiguration.jacksonHttpMessageConverter()] threw exception; nested exception is org.springframework.beans.factory.BeanCreationException: Error creating bean with name &apos;config&apos; defined in class path resource [org/springframework/data/rest/webmvc/config/RepositoryRestMvcConfiguration.class]: Instantiation of bean failed; nested exception is org.springframework.beans.factory.BeanDefinitionStoreException: Factory method [public org.springframework.data.rest.core.config.RepositoryRestConfiguration org.springframework.data.rest.webmvc.config.RepositoryRestMvcConfiguration.config()] threw exception; nested exception is org.springframework.beans.factory.BeanCreationException: Error creating bean with name &apos;repositories&apos; defined in class path resource [org/springframework/data/rest/webmvc/config/RepositoryRestMvcConfiguration.class]: Instantiation of bean failed; nested exception is org.springframework.beans.factory.BeanDefinitionStoreException: Factory method [public org.springframework.data.repository.support.Repositories org.springframework.data.rest.webmvc.config.RepositoryRestMvcConfiguration.repositories()] threw exception; nested exception is org.springframework.beans.factory.UnsatisfiedDependencyException: Error creating bean with name &apos;mongoDBEnvironmentRepositoryImpl&apos; defined in URL [jar:file:/C:/workspaces/denv/denv-server-mongodb/target/denv-server-mongodb-0.1.0.jar!/org/ssoup/denv/server/persistence/mongodb/repository/MongoDBEnvironmentRepositoryImpl.class]: Unsatisfied dependency expressed through constructor argument with index 1 of type [org.ssoup.denv.server.persistence.ApplicationConfigRepository]: : No qualifying bean of type [org.ssoup.denv.server.persistence.ApplicationConfigRepository] is defined: expected single matching bean but found 2: mongoDBImageRepository,mongoDBApplicationConfigRepository; nested exception is org.springframework.beans.factory.NoUniqueBeanDefinitionException: No qualifying bean of type [org.ssoup.denv.server.persistence.ApplicationConfigRepository] is defined: expected single matching bean but found 2: mongoDBImageRepository,mongoDBApplicationConfigRepository
	at org.springframework.beans.factory.support.ConstructorResolver.instantiateUsingFactoryMethod(ConstructorResolver.java:597)
	at org.springframework.beans.factory.support.AbstractAutowireCapableBeanFactory.instantiateUsingFactoryMethod(AbstractAutowireCapableBeanFactory.java:1094)
	at org.springframework.beans.factory.support.AbstractAutowireCapableBeanFactory.createBeanInstance(AbstractAutowireCapableBeanFactory.java:989)
	at org.springframework.beans.factory.support.AbstractAutowireCapableBeanFactory.doCreateBean(AbstractAutowireCapableBeanFactory.java:504)
	at org.springframework.beans.factory.support.AbstractAutowireCapableBeanFactory.createBean(AbstractAutowireCapableBeanFactory.java:475)
	at org.springframework.beans.factory.support.AbstractBeanFactory$1.getObject(AbstractBeanFactory.java:302)
	at org.springframework.beans.factory.support.DefaultSingletonBeanRegistry.getSingleton(DefaultSingletonBeanRegistry.java:228)
	at org.springframework.beans.factory.support.AbstractBeanFactory.doGetBean(AbstractBeanFactory.java:298)
	at org.springframework.beans.factory.support.AbstractBeanFactory.getBean(AbstractBeanFactory.java:193)
	at org.springframework.beans.factory.support.DefaultListableBeanFactory.findAutowireCandidates(DefaultListableBeanFactory.java:1017)
	at org.springframework.beans.factory.support.DefaultListableBeanFactory.doResolveDependency(DefaultListableBeanFactory.java:912)
	at org.springframework.beans.factory.support.DefaultListableBeanFactory.resolveDependency(DefaultListableBeanFactory.java:858)
	at org.springframework.beans.factory.annotation.AutowiredAnnotationBeanPostProcessor$AutowiredFieldElement.inject(AutowiredAnnotationBeanPostProcessor.java:480)
	... 118 common frames omitted
Caused by: org.springframework.beans.factory.BeanDefinitionStoreException: Factory method [public org.springframework.http.converter.json.MappingJackson2HttpMessageConverter org.springframework.data.rest.webmvc.config.RepositoryRestMvcConfiguration.jacksonHttpMessageConverter()] threw exception; nested exception is org.springframework.beans.factory.BeanCreationException: Error creating bean with name &apos;config&apos; defined in class path resource [org/springframework/data/rest/webmvc/config/RepositoryRestMvcConfiguration.class]: Instantiation of bean failed; nested exception is org.springframework.beans.factory.BeanDefinitionStoreException: Factory method [public org.springframework.data.rest.core.config.RepositoryRestConfiguration org.springframework.data.rest.webmvc.config.RepositoryRestMvcConfiguration.config()] threw exception; nested exception is org.springframework.beans.factory.BeanCreationException: Error creating bean with name &apos;repositories&apos; defined in class path resource [org/springframework/data/rest/webmvc/config/RepositoryRestMvcConfiguration.class]: Instantiation of bean failed; nested exception is org.springframework.beans.factory.BeanDefinitionStoreException: Factory method [public org.springframework.data.repository.support.Repositories org.springframework.data.rest.webmvc.config.RepositoryRestMvcConfiguration.repositories()] threw exception; nested exception is org.springframework.beans.factory.UnsatisfiedDependencyException: Error creating bean with name &apos;mongoDBEnvironmentRepositoryImpl&apos; defined in URL [jar:file:/C:/workspaces/denv/denv-server-mongodb/target/denv-server-mongodb-0.1.0.jar!/org/ssoup/denv/server/persistence/mongodb/repository/MongoDBEnvironmentRepositoryImpl.class]: Unsatisfied dependency expressed through constructor argument with index 1 of type [org.ssoup.denv.server.persistence.ApplicationConfigRepository]: : No qualifying bean of type [org.ssoup.denv.server.persistence.ApplicationConfigRepository] is defined: expected single matching bean but found 2: mongoDBImageRepository,mongoDBApplicationConfigRepository; nested exception is org.springframework.beans.factory.NoUniqueBeanDefinitionException: No qualifying bean of type [org.ssoup.denv.server.persistence.ApplicationConfigRepository] is defined: expected single matching bean but found 2: mongoDBImageRepository,mongoDBApplicationConfigRepository
	at org.springframework.beans.factory.support.SimpleInstantiationStrategy.instantiate(SimpleInstantiationStrategy.java:188)
	at org.springframework.beans.factory.support.ConstructorResolver.instantiateUsingFactoryMethod(ConstructorResolver.java:586)
	... 130 common frames omitted
Caused by: org.springframework.beans.factory.BeanCreationException: Error creating bean with name &apos;config&apos; defined in class path resource [org/springframework/data/rest/webmvc/config/RepositoryRestMvcConfiguration.class]: Instantiation of bean failed; nested exception is org.springframework.beans.factory.BeanDefinitionStoreException: Factory method [public org.springframework.data.rest.core.config.RepositoryRestConfiguration org.springframework.data.rest.webmvc.config.RepositoryRestMvcConfiguration.config()] threw exception; nested exception is org.springframework.beans.factory.BeanCreationException: Error creating bean with name &apos;repositories&apos; defined in class path resource [org/springframework/data/rest/webmvc/config/RepositoryRestMvcConfiguration.class]: Instantiation of bean failed; nested exception is org.springframework.beans.factory.BeanDefinitionStoreException: Factory method [public org.springframework.data.repository.support.Repositories org.springframework.data.rest.webmvc.config.RepositoryRestMvcConfiguration.repositories()] threw exception; nested exception is org.springframework.beans.factory.UnsatisfiedDependencyException: Error creating bean with name &apos;mongoDBEnvironmentRepositoryImpl&apos; defined in URL [jar:file:/C:/workspaces/denv/denv-server-mongodb/target/denv-server-mongodb-0.1.0.jar!/org/ssoup/denv/server/persistence/mongodb/repository/MongoDBEnvironmentRepositoryImpl.class]: Unsatisfied dependency expressed through constructor argument with index 1 of type [org.ssoup.denv.server.persistence.ApplicationConfigRepository]: : No qualifying bean of type [org.ssoup.denv.server.persistence.ApplicationConfigRepository] is defined: expected single matching bean but found 2: mongoDBImageRepository,mongoDBApplicationConfigRepository; nested exception is org.springframework.beans.factory.NoUniqueBeanDefinitionException: No qualifying bean of type [org.ssoup.denv.server.persistence.ApplicationConfigRepository] is defined: expected single matching bean but found 2: mongoDBImageRepository,mongoDBApplicationConfigRepository
	at org.springframework.beans.factory.support.ConstructorResolver.instantiateUsingFactoryMethod(ConstructorResolver.java:597)
	at org.springframework.beans.factory.support.AbstractAutowireCapableBeanFactory.instantiateUsingFactoryMethod(AbstractAutowireCapableBeanFactory.java:1094)
	at org.springframework.beans.factory.support.AbstractAutowireCapableBeanFactory.createBeanInstance(AbstractAutowireCapableBeanFactory.java:989)
	at org.springframework.beans.factory.support.AbstractAutowireCapableBeanFactory.doCreateBean(AbstractAutowireCapableBeanFactory.java:504)
	at org.springframework.beans.factory.support.AbstractAutowireCapableBeanFactory.createBean(AbstractAutowireCapableBeanFactory.java:475)
	at org.springframework.beans.factory.support.AbstractBeanFactory$1.getObject(AbstractBeanFactory.java:302)
	at org.springframework.beans.factory.support.DefaultSingletonBeanRegistry.getSingleton(DefaultSingletonBeanRegistry.java:228)
	at org.springframework.beans.factory.support.AbstractBeanFactory.doGetBean(AbstractBeanFactory.java:298)
	at org.springframework.beans.factory.support.AbstractBeanFactory.getBean(AbstractBeanFactory.java:193)
	at org.springframework.context.annotation.ConfigurationClassEnhancer$BeanMethodInterceptor.intercept(ConfigurationClassEnhancer.java:324)
	at org.springframework.data.rest.webmvc.config.RepositoryRestMvcConfiguration$$EnhancerBySpringCGLIB$$2cc48631.config(&lt;generated&gt;)
	at org.springframework.data.rest.webmvc.config.RepositoryRestMvcConfiguration.jacksonHttpMessageConverter(RepositoryRestMvcConfiguration.java:374)
	at org.springframework.data.rest.webmvc.config.RepositoryRestMvcConfiguration$$EnhancerBySpringCGLIB$$2cc48631.CGLIB$jacksonHttpMessageConverter$21(&lt;generated&gt;)
	at org.springframework.data.rest.webmvc.config.RepositoryRestMvcConfiguration$$EnhancerBySpringCGLIB$$2cc48631$$FastClassBySpringCGLIB$$1e60d3fc.invoke(&lt;generated&gt;)
	at org.springframework.cglib.proxy.MethodProxy.invokeSuper(MethodProxy.java:228)
	at org.springframework.context.annotation.ConfigurationClassEnhancer$BeanMethodInterceptor.intercept(ConfigurationClassEnhancer.java:312)
	at org.springframework.data.rest.webmvc.config.RepositoryRestMvcConfiguration$$EnhancerBySpringCGLIB$$2cc48631.jacksonHttpMessageConverter(&lt;generated&gt;)
	at sun.reflect.NativeMethodAccessorImpl.invoke0(Native Method)
	at sun.reflect.NativeMethodAccessorImpl.invoke(NativeMethodAccessorImpl.java:39)
	at sun.reflect.DelegatingMethodAccessorImpl.invoke(DelegatingMethodAccessorImpl.java:25)
	at java.lang.reflect.Method.invoke(Method.java:597)
	at org.springframework.beans.factory.support.SimpleInstantiationStrategy.instantiate(SimpleInstantiationStrategy.java:166)
	... 131 common frames omitted
Caused by: org.springframework.beans.factory.BeanDefinitionStoreException: Factory method [public org.springframework.data.rest.core.config.RepositoryRestConfiguration org.springframework.data.rest.webmvc.config.RepositoryRestMvcConfiguration.config()] threw exception; nested exception is org.springframework.beans.factory.BeanCreationException: Error creating bean with name &apos;repositories&apos; defined in class path resource [org/springframework/data/rest/webmvc/config/RepositoryRestMvcConfiguration.class]: Instantiation of bean failed; nested exception is org.springframework.beans.factory.BeanDefinitionStoreException: Factory method [public org.springframework.data.repository.support.Repositories org.springframework.data.rest.webmvc.config.RepositoryRestMvcConfiguration.repositories()] threw exception; nested exception is org.springframework.beans.factory.UnsatisfiedDependencyException: Error creating bean with name &apos;mongoDBEnvironmentRepositoryImpl&apos; defined in URL [jar:file:/C:/workspaces/denv/denv-server-mongodb/target/denv-server-mongodb-0.1.0.jar!/org/ssoup/denv/server/persistence/mongodb/repository/MongoDBEnvironmentRepositoryImpl.class]: Unsatisfied dependency expressed through constructor argument with index 1 of type [org.ssoup.denv.server.persistence.ApplicationConfigRepository]: : No qualifying bean of type [org.ssoup.denv.server.persistence.ApplicationConfigRepository] is defined: expected single matching bean but found 2: mongoDBImageRepository,mongoDBApplicationConfigRepository; nested exception is org.springframework.beans.factory.NoUniqueBeanDefinitionException: No qualifying bean of type [org.ssoup.denv.server.persistence.ApplicationConfigRepository] is defined: expected single matching bean but found 2: mongoDBImageRepository,mongoDBApplicationConfigRepository
	at org.springframework.beans.factory.support.SimpleInstantiationStrategy.instantiate(SimpleInstantiationStrategy.java:188)
	at org.springframework.beans.factory.support.ConstructorResolver.instantiateUsingFactoryMethod(ConstructorResolver.java:586)
	... 152 common frames omitted
Caused by: org.springframework.beans.factory.BeanCreationException: Error creating bean with name &apos;repositories&apos; defined in class path resource [org/springframework/data/rest/webmvc/config/RepositoryRestMvcConfiguration.class]: Instantiation of bean failed; nested exception is org.springframework.beans.factory.BeanDefinitionStoreException: Factory method [public org.springframework.data.repository.support.Repositories org.springframework.data.rest.webmvc.config.RepositoryRestMvcConfiguration.repositories()] threw exception; nested exception is org.springframework.beans.factory.UnsatisfiedDependencyException: Error creating bean with name &apos;mongoDBEnvironmentRepositoryImpl&apos; defined in URL [jar:file:/C:/workspaces/denv/denv-server-mongodb/target/denv-server-mongodb-0.1.0.jar!/org/ssoup/denv/server/persistence/mongodb/repository/MongoDBEnvironmentRepositoryImpl.class]: Unsatisfied dependency expressed through constructor argument with index 1 of type [org.ssoup.denv.server.persistence.ApplicationConfigRepository]: : No qualifying bean of type [org.ssoup.denv.server.persistence.ApplicationConfigRepository] is defined: expected single matching bean but found 2: mongoDBImageRepository,mongoDBApplicationConfigRepository; nested exception is org.springframework.beans.factory.NoUniqueBeanDefinitionException: No qualifying bean of type [org.ssoup.denv.server.persistence.ApplicationConfigRepository] is defined: expected single matching bean but found 2: mongoDBImageRepository,mongoDBApplicationConfigRepository
	at org.springframework.beans.factory.support.ConstructorResolver.instantiateUsingFactoryMethod(ConstructorResolver.java:597)
	at org.springframework.beans.factory.support.AbstractAutowireCapableBeanFactory.instantiateUsingFactoryMethod(AbstractAutowireCapableBeanFactory.java:1094)
	at org.springframework.beans.factory.support.AbstractAutowireCapableBeanFactory.createBeanInstance(AbstractAutowireCapableBeanFactory.java:989)
	at org.springframework.beans.factory.support.AbstractAutowireCapableBeanFactory.doCreateBean(AbstractAutowireCapableBeanFactory.java:504)
	at org.springframework.beans.factory.support.AbstractAutowireCapableBeanFactory.createBean(AbstractAutowireCapableBeanFactory.java:475)
	at org.springframework.beans.factory.support.AbstractBeanFactory$1.getObject(AbstractBeanFactory.java:302)
	at org.springframework.beans.factory.support.DefaultSingletonBeanRegistry.getSingleton(DefaultSingletonBeanRegistry.java:228)
	at org.springframework.beans.factory.support.AbstractBeanFactory.doGetBean(AbstractBeanFactory.java:298)
	at org.springframework.beans.factory.support.AbstractBeanFactory.getBean(AbstractBeanFactory.java:193)
	at org.springframework.context.annotation.ConfigurationClassEnhancer$BeanMethodInterceptor.intercept(ConfigurationClassEnhancer.java:324)
	at org.springframework.data.rest.webmvc.config.RepositoryRestMvcConfiguration$$EnhancerBySpringCGLIB$$2cc48631.repositories(&lt;generated&gt;)
	at org.springframework.data.rest.webmvc.config.RepositoryRestMvcConfiguration.getProjections(RepositoryRestMvcConfiguration.java:621)
	at org.springframework.data.rest.webmvc.config.RepositoryRestMvcConfiguration.config(RepositoryRestMvcConfiguration.java:224)
	at org.springframework.data.rest.webmvc.config.RepositoryRestMvcConfiguration$$EnhancerBySpringCGLIB$$2cc48631.CGLIB$config$40(&lt;generated&gt;)
	at org.springframework.data.rest.webmvc.config.RepositoryRestMvcConfiguration$$EnhancerBySpringCGLIB$$2cc48631$$FastClassBySpringCGLIB$$1e60d3fc.invoke(&lt;generated&gt;)
	at org.springframework.cglib.proxy.MethodProxy.invokeSuper(MethodProxy.java:228)
	at org.springframework.context.annotation.ConfigurationClassEnhancer$BeanMethodInterceptor.intercept(ConfigurationClassEnhancer.java:312)
	at org.springframework.data.rest.webmvc.config.RepositoryRestMvcConfiguration$$EnhancerBySpringCGLIB$$2cc48631.config(&lt;generated&gt;)
	at sun.reflect.NativeMethodAccessorImpl.invoke0(Native Method)
	at sun.reflect.NativeMethodAccessorImpl.invoke(NativeMethodAccessorImpl.java:39)
	at sun.reflect.DelegatingMethodAccessorImpl.invoke(DelegatingMethodAccessorImpl.java:25)
	at java.lang.reflect.Method.invoke(Method.java:597)
	at org.springframework.beans.factory.support.SimpleInstantiationStrategy.instantiate(SimpleInstantiationStrategy.java:166)
	... 153 common frames omitted
Caused by: org.springframework.beans.factory.BeanDefinitionStoreException: Factory method [public org.springframework.data.repository.support.Repositories org.springframework.data.rest.webmvc.config.RepositoryRestMvcConfiguration.repositories()] threw exception; nested exception is org.springframework.beans.factory.UnsatisfiedDependencyException: Error creating bean with name &apos;mongoDBEnvironmentRepositoryImpl&apos; defined in URL [jar:file:/C:/workspaces/denv/denv-server-mongodb/target/denv-server-mongodb-0.1.0.jar!/org/ssoup/denv/server/persistence/mongodb/repository/MongoDBEnvironmentRepositoryImpl.class]: Unsatisfied dependency expressed through constructor argument with index 1 of type [org.ssoup.denv.server.persistence.ApplicationConfigRepository]: : No qualifying bean of type [org.ssoup.denv.server.persistence.ApplicationConfigRepository] is defined: expected single matching bean but found 2: mongoDBImageRepository,mongoDBApplicationConfigRepository; nested exception is org.springframework.beans.factory.NoUniqueBeanDefinitionException: No qualifying bean of type [org.ssoup.denv.server.persistence.ApplicationConfigRepository] is defined: expected single matching bean but found 2: mongoDBImageRepository,mongoDBApplicationConfigRepository
	at org.springframework.beans.factory.support.SimpleInstantiationStrategy.instantiate(SimpleInstantiationStrategy.java:188)
	at org.springframework.beans.factory.support.ConstructorResolver.instantiateUsingFactoryMethod(ConstructorResolver.java:586)
	... 175 common frames omitted
Caused by: org.springframework.beans.factory.UnsatisfiedDependencyException: Error creating bean with name &apos;mongoDBEnvironmentRepositoryImpl&apos; defined in URL [jar:file:/C:/workspaces/denv/denv-server-mongodb/target/denv-server-mongodb-0.1.0.jar!/org/ssoup/denv/server/persistence/mongodb/repository/MongoDBEnvironmentRepositoryImpl.class]: Unsatisfied dependency expressed through constructor argument with index 1 of type [org.ssoup.denv.server.persistence.ApplicationConfigRepository]: : No qualifying bean of type [org.ssoup.denv.server.persistence.ApplicationConfigRepository] is defined: expected single matching bean but found 2: mongoDBImageRepository,mongoDBApplicationConfigRepository; nested exception is org.springframework.beans.factory.NoUniqueBeanDefinitionException: No qualifying bean of type [org.ssoup.denv.server.persistence.ApplicationConfigRepository] is defined: expected single matching bean but found 2: mongoDBImageRepository,mongoDBApplicationConfigRepository
	at org.springframework.beans.factory.support.ConstructorResolver.createArgumentArray(ConstructorResolver.java:747)
	at org.springframework.beans.factory.support.ConstructorResolver.autowireConstructor(ConstructorResolver.java:185)
	at org.springframework.beans.factory.support.AbstractAutowireCapableBeanFactory.autowireConstructor(AbstractAutowireCapableBeanFactory.java:1114)
	at org.springframework.beans.factory.support.AbstractAutowireCapableBeanFactory.createBeanInstance(AbstractAutowireCapableBeanFactory.java:1017)
	at org.springframework.beans.factory.support.AbstractAutowireCapableBeanFactory.doCreateBean(AbstractAutowireCapableBeanFactory.java:504)
	at org.springframework.beans.factory.support.AbstractAutowireCapableBeanFactory.createBean(AbstractAutowireCapableBeanFactory.java:475)
	at org.springframework.beans.factory.support.AbstractBeanFactory$1.getObject(AbstractBeanFactory.java:302)
	at org.springframework.beans.factory.support.DefaultSingletonBeanRegistry.getSingleton(DefaultSingletonBeanRegistry.java:228)
	at org.springframework.beans.factory.support.AbstractBeanFactory.doGetBean(AbstractBeanFactory.java:298)
	at org.springframework.beans.factory.support.AbstractBeanFactory.getBean(AbstractBeanFactory.java:193)
	at org.springframework.beans.factory.support.AbstractBeanFactory.doGetBean(AbstractBeanFactory.java:292)
	at org.springframework.beans.factory.support.AbstractBeanFactory.getBean(AbstractBeanFactory.java:198)
	at org.springframework.data.repository.support.Repositories.populateRepositoryFactoryInformation(Repositories.java:87)
	at org.springframework.data.repository.support.Repositories.&lt;init&gt;(Repositories.java:78)
	at org.springframework.data.rest.webmvc.config.RepositoryRestMvcConfiguration.repositories(RepositoryRestMvcConfiguration.java:146)
	at org.springframework.data.rest.webmvc.config.RepositoryRestMvcConfiguration$$EnhancerBySpringCGLIB$$2cc48631.CGLIB$repositories$2(&lt;generated&gt;)
	at org.springframework.data.rest.webmvc.config.RepositoryRestMvcConfiguration$$EnhancerBySpringCGLIB$$2cc48631$$FastClassBySpringCGLIB$$1e60d3fc.invoke(&lt;generated&gt;)
	at org.springframework.cglib.proxy.MethodProxy.invokeSuper(MethodProxy.java:228)
	at org.springframework.context.annotation.ConfigurationClassEnhancer$BeanMethodInterceptor.intercept(ConfigurationClassEnhancer.java:312)
	at org.springframework.data.rest.webmvc.config.RepositoryRestMvcConfiguration$$EnhancerBySpringCGLIB$$2cc48631.repositories(&lt;generated&gt;)
	at sun.reflect.NativeMethodAccessorImpl.invoke0(Native Method)
	at sun.reflect.NativeMethodAccessorImpl.invoke(NativeMethodAccessorImpl.java:39)
	at sun.reflect.DelegatingMethodAccessorImpl.invoke(DelegatingMethodAccessorImpl.java:25)
	at java.lang.reflect.Method.invoke(Method.java:597)
	at org.springframework.beans.factory.support.SimpleInstantiationStrategy.instantiate(SimpleInstantiationStrategy.java:166)
	... 176 common frames omitted
Caused by: org.springframework.beans.factory.NoUniqueBeanDefinitionException: No qualifying bean of type [org.ssoup.denv.server.persistence.ApplicationConfigRepository] is defined: expected single matching bean but found 2: mongoDBImageRepository,mongoDBApplicationConfigRepository
	at org.springframework.beans.factory.support.DefaultListableBeanFactory.doResolveDependency(DefaultListableBeanFactory.java:970)
	at org.springframework.beans.factory.support.DefaultListableBeanFactory.resolveDependency(DefaultListableBeanFactory.java:858)
	at org.springframework.beans.factory.support.ConstructorResolver.resolveAutowiredArgument(ConstructorResolver.java:811)
	at org.springframework.beans.factory.support.ConstructorResolver.createArgumentArray(ConstructorResolver.java:739)
	... 200 common frames omitted

</system-out>
  </testcase>
  <testcase time="3.02" classname="org.ssoup.denv.server.test.DenvClientTest" name="runFigApp">
    <error message="Failed to load ApplicationContext" type="java.lang.IllegalStateException">java.lang.IllegalStateException: Failed to load ApplicationContext
	at org.springframework.test.context.CacheAwareContextLoaderDelegate.loadContext(CacheAwareContextLoaderDelegate.java:99)
	at org.springframework.test.context.DefaultTestContext.getApplicationContext(DefaultTestContext.java:101)
	at org.springframework.test.context.support.DependencyInjectionTestExecutionListener.injectDependencies(DependencyInjectionTestExecutionListener.java:109)
	at org.springframework.test.context.support.DependencyInjectionTestExecutionListener.prepareTestInstance(DependencyInjectionTestExecutionListener.java:75)
	at org.springframework.test.context.TestContextManager.prepareTestInstance(TestContextManager.java:331)
	at org.springframework.test.context.junit4.SpringJUnit4ClassRunner.createTest(SpringJUnit4ClassRunner.java:213)
	at org.springframework.test.context.junit4.SpringJUnit4ClassRunner$1.runReflectiveCall(SpringJUnit4ClassRunner.java:290)
	at org.junit.internal.runners.model.ReflectiveCallable.run(ReflectiveCallable.java:12)
	at org.springframework.test.context.junit4.SpringJUnit4ClassRunner.methodBlock(SpringJUnit4ClassRunner.java:292)
	at org.springframework.test.context.junit4.SpringJUnit4ClassRunner.runChild(SpringJUnit4ClassRunner.java:233)
	at org.springframework.test.context.junit4.SpringJUnit4ClassRunner.runChild(SpringJUnit4ClassRunner.java:87)
	at org.junit.runners.ParentRunner$3.run(ParentRunner.java:238)
	at org.junit.runners.ParentRunner$1.schedule(ParentRunner.java:63)
	at org.junit.runners.ParentRunner.runChildren(ParentRunner.java:236)
	at org.junit.runners.ParentRunner.access$000(ParentRunner.java:53)
	at org.junit.runners.ParentRunner$2.evaluate(ParentRunner.java:229)
	at org.springframework.test.context.junit4.statements.RunBeforeTestClassCallbacks.evaluate(RunBeforeTestClassCallbacks.java:61)
	at org.springframework.test.context.junit4.statements.RunAfterTestClassCallbacks.evaluate(RunAfterTestClassCallbacks.java:71)
	at org.junit.runners.ParentRunner.run(ParentRunner.java:309)
	at org.springframework.test.context.junit4.SpringJUnit4ClassRunner.run(SpringJUnit4ClassRunner.java:176)
	at org.apache.maven.surefire.junit4.JUnit4TestSet.execute(JUnit4TestSet.java:62)
	at org.apache.maven.surefire.suite.AbstractDirectoryTestSuite.executeTestSet(AbstractDirectoryTestSuite.java:140)
	at org.apache.maven.surefire.suite.AbstractDirectoryTestSuite.execute(AbstractDirectoryTestSuite.java:127)
	at org.apache.maven.surefire.Surefire.run(Surefire.java:177)
	at sun.reflect.NativeMethodAccessorImpl.invoke0(Native Method)
	at sun.reflect.NativeMethodAccessorImpl.invoke(NativeMethodAccessorImpl.java:39)
	at sun.reflect.DelegatingMethodAccessorImpl.invoke(DelegatingMethodAccessorImpl.java:25)
	at java.lang.reflect.Method.invoke(Method.java:597)
	at org.apache.maven.surefire.booter.SurefireBooter.runSuitesInProcess(SurefireBooter.java:345)
	at org.apache.maven.surefire.booter.SurefireBooter.main(SurefireBooter.java:1009)
Caused by: org.springframework.context.ApplicationContextException: Unable to start embedded container; nested exception is org.springframework.boot.context.embedded.EmbeddedServletContainerException: Unable to start embedded Tomcat
	at org.springframework.boot.context.embedded.EmbeddedWebApplicationContext.onRefresh(EmbeddedWebApplicationContext.java:135)
	at org.springframework.context.support.AbstractApplicationContext.refresh(AbstractApplicationContext.java:476)
	at org.springframework.boot.context.embedded.EmbeddedWebApplicationContext.refresh(EmbeddedWebApplicationContext.java:120)
	at org.springframework.boot.SpringApplication.refresh(SpringApplication.java:691)
	at org.springframework.boot.SpringApplication.run(SpringApplication.java:320)
	at org.springframework.boot.test.SpringApplicationContextLoader.loadContext(SpringApplicationContextLoader.java:107)
	at org.springframework.test.context.CacheAwareContextLoaderDelegate.loadContextInternal(CacheAwareContextLoaderDelegate.java:64)
	at org.springframework.test.context.CacheAwareContextLoaderDelegate.loadContext(CacheAwareContextLoaderDelegate.java:91)
	... 29 more
Caused by: org.springframework.boot.context.embedded.EmbeddedServletContainerException: Unable to start embedded Tomcat
	at org.springframework.boot.context.embedded.tomcat.TomcatEmbeddedServletContainer.initialize(TomcatEmbeddedServletContainer.java:100)
	at org.springframework.boot.context.embedded.tomcat.TomcatEmbeddedServletContainer.&lt;init&gt;(TomcatEmbeddedServletContainer.java:74)
	at org.springframework.boot.context.embedded.tomcat.TomcatEmbeddedServletContainerFactory.getTomcatEmbeddedServletContainer(TomcatEmbeddedServletContainerFactory.java:289)
	at org.springframework.boot.context.embedded.tomcat.TomcatEmbeddedServletContainerFactory.getEmbeddedServletContainer(TomcatEmbeddedServletContainerFactory.java:146)
	at org.springframework.boot.context.embedded.EmbeddedWebApplicationContext.createEmbeddedServletContainer(EmbeddedWebApplicationContext.java:159)
	at org.springframework.boot.context.embedded.EmbeddedWebApplicationContext.onRefresh(EmbeddedWebApplicationContext.java:132)
	... 36 more
Caused by: org.springframework.beans.factory.BeanCreationException: Error creating bean with name &apos;org.springframework.security.config.annotation.web.configuration.WebSecurityConfiguration&apos;: Injection of autowired dependencies failed; nested exception is org.springframework.beans.factory.BeanCreationException: Could not autowire method: public void org.springframework.security.config.annotation.web.configuration.WebSecurityConfiguration.setFilterChainProxySecurityConfigurer(org.springframework.security.config.annotation.ObjectPostProcessor,java.util.List) throws java.lang.Exception; nested exception is org.springframework.beans.factory.BeanExpressionException: Expression parsing failed; nested exception is org.springframework.beans.factory.BeanCreationException: Error creating bean with name &apos;securityConfig&apos;: Injection of autowired dependencies failed; nested exception is org.springframework.beans.factory.BeanCreationException: Could not autowire method: public void org.springframework.security.config.annotation.web.configuration.WebSecurityConfigurerAdapter.setContentNegotationStrategy(org.springframework.web.accept.ContentNegotiationStrategy); nested exception is org.springframework.beans.factory.BeanCreationException: Error creating bean with name &apos;org.springframework.web.servlet.config.annotation.DelegatingWebMvcConfiguration&apos;: Injection of autowired dependencies failed; nested exception is org.springframework.beans.factory.BeanCreationException: Could not autowire method: public void org.springframework.web.servlet.config.annotation.DelegatingWebMvcConfiguration.setConfigurers(java.util.List); nested exception is org.springframework.beans.factory.BeanCreationException: Error creating bean with name &apos;org.springframework.boot.autoconfigure.web.WebMvcAutoConfiguration$WebMvcAutoConfigurationAdapter&apos;: Injection of autowired dependencies failed; nested exception is org.springframework.beans.factory.BeanCreationException: Could not autowire field: private org.springframework.boot.autoconfigure.web.HttpMessageConverters org.springframework.boot.autoconfigure.web.WebMvcAutoConfiguration$WebMvcAutoConfigurationAdapter.messageConverters; nested exception is org.springframework.beans.factory.BeanCreationException: Error creating bean with name &apos;org.springframework.boot.autoconfigure.web.HttpMessageConvertersAutoConfiguration&apos;: Injection of autowired dependencies failed; nested exception is org.springframework.beans.factory.BeanCreationException: Could not autowire field: private final java.util.List org.springframework.boot.autoconfigure.web.HttpMessageConvertersAutoConfiguration.converters; nested exception is org.springframework.beans.factory.BeanCreationException: Error creating bean with name &apos;jacksonHttpMessageConverter&apos; defined in class path resource [org/springframework/data/rest/webmvc/config/RepositoryRestMvcConfiguration.class]: Instantiation of bean failed; nested exception is org.springframework.beans.factory.BeanDefinitionStoreException: Factory method [public org.springframework.http.converter.json.MappingJackson2HttpMessageConverter org.springframework.data.rest.webmvc.config.RepositoryRestMvcConfiguration.jacksonHttpMessageConverter()] threw exception; nested exception is org.springframework.beans.factory.BeanCreationException: Error creating bean with name &apos;config&apos; defined in class path resource [org/springframework/data/rest/webmvc/config/RepositoryRestMvcConfiguration.class]: Instantiation of bean failed; nested exception is org.springframework.beans.factory.BeanDefinitionStoreException: Factory method [public org.springframework.data.rest.core.config.RepositoryRestConfiguration org.springframework.data.rest.webmvc.config.RepositoryRestMvcConfiguration.config()] threw exception; nested exception is org.springframework.beans.factory.BeanCreationException: Error creating bean with name &apos;repositories&apos; defined in class path resource [org/springframework/data/rest/webmvc/config/RepositoryRestMvcConfiguration.class]: Instantiation of bean failed; nested exception is org.springframework.beans.factory.BeanDefinitionStoreException: Factory method [public org.springframework.data.repository.support.Repositories org.springframework.data.rest.webmvc.config.RepositoryRestMvcConfiguration.repositories()] threw exception; nested exception is org.springframework.beans.factory.UnsatisfiedDependencyException: Error creating bean with name &apos;mongoDBEnvironmentRepositoryImpl&apos; defined in URL [jar:file:/C:/workspaces/denv/denv-server-mongodb/target/denv-server-mongodb-0.1.0.jar!/org/ssoup/denv/server/persistence/mongodb/repository/MongoDBEnvironmentRepositoryImpl.class]: Unsatisfied dependency expressed through constructor argument with index 1 of type [org.ssoup.denv.server.persistence.ApplicationConfigRepository]: : No qualifying bean of type [org.ssoup.denv.server.persistence.ApplicationConfigRepository] is defined: expected single matching bean but found 2: mongoDBImageRepository,mongoDBApplicationConfigRepository; nested exception is org.springframework.beans.factory.NoUniqueBeanDefinitionException: No qualifying bean of type [org.ssoup.denv.server.persistence.ApplicationConfigRepository] is defined: expected single matching bean but found 2: mongoDBImageRepository,mongoDBApplicationConfigRepository
	at org.springframework.beans.factory.annotation.AutowiredAnnotationBeanPostProcessor.postProcessPropertyValues(AutowiredAnnotationBeanPostProcessor.java:292)
	at org.springframework.beans.factory.support.AbstractAutowireCapableBeanFactory.populateBean(AbstractAutowireCapableBeanFactory.java:1185)
	at org.springframework.beans.factory.support.AbstractAutowireCapableBeanFactory.doCreateBean(AbstractAutowireCapableBeanFactory.java:537)
	at org.springframework.beans.factory.support.AbstractAutowireCapableBeanFactory.createBean(AbstractAutowireCapableBeanFactory.java:475)
	at org.springframework.beans.factory.support.AbstractBeanFactory$1.getObject(AbstractBeanFactory.java:302)
	at org.springframework.beans.factory.support.DefaultSingletonBeanRegistry.getSingleton(DefaultSingletonBeanRegistry.java:228)
	at org.springframework.beans.factory.support.AbstractBeanFactory.doGetBean(AbstractBeanFactory.java:298)
	at org.springframework.beans.factory.support.AbstractBeanFactory.getBean(AbstractBeanFactory.java:193)
	at org.springframework.beans.factory.support.ConstructorResolver.instantiateUsingFactoryMethod(ConstructorResolver.java:370)
	at org.springframework.beans.factory.support.AbstractAutowireCapableBeanFactory.instantiateUsingFactoryMethod(AbstractAutowireCapableBeanFactory.java:1094)
	at org.springframework.beans.factory.support.AbstractAutowireCapableBeanFactory.createBeanInstance(AbstractAutowireCapableBeanFactory.java:989)
	at org.springframework.beans.factory.support.AbstractAutowireCapableBeanFactory.doCreateBean(AbstractAutowireCapableBeanFactory.java:504)
	at org.springframework.beans.factory.support.AbstractAutowireCapableBeanFactory.createBean(AbstractAutowireCapableBeanFactory.java:475)
	at org.springframework.beans.factory.support.AbstractBeanFactory$1.getObject(AbstractBeanFactory.java:302)
	at org.springframework.beans.factory.support.DefaultSingletonBeanRegistry.getSingleton(DefaultSingletonBeanRegistry.java:228)
	at org.springframework.beans.factory.support.AbstractBeanFactory.doGetBean(AbstractBeanFactory.java:298)
	at org.springframework.beans.factory.support.AbstractBeanFactory.getBean(AbstractBeanFactory.java:198)
	at org.springframework.boot.context.embedded.EmbeddedWebApplicationContext.getOrderedBeansOfType(EmbeddedWebApplicationContext.java:367)
	at org.springframework.boot.context.embedded.EmbeddedWebApplicationContext.getServletContextInitializerBeans(EmbeddedWebApplicationContext.java:268)
	at org.springframework.boot.context.embedded.EmbeddedWebApplicationContext$1.onStartup(EmbeddedWebApplicationContext.java:213)
	at org.springframework.boot.context.embedded.tomcat.ServletContextInitializerLifecycleListener.lifecycleEvent(ServletContextInitializerLifecycleListener.java:64)
	at org.apache.catalina.util.LifecycleSupport.fireLifecycleEvent(LifecycleSupport.java:117)
	at org.apache.catalina.util.LifecycleBase.fireLifecycleEvent(LifecycleBase.java:90)
	at org.apache.catalina.core.StandardContext.startInternal(StandardContext.java:5355)
	at org.apache.catalina.util.LifecycleBase.start(LifecycleBase.java:150)
	at org.apache.catalina.core.ContainerBase$StartChild.call(ContainerBase.java:1559)
	at org.apache.catalina.core.ContainerBase$StartChild.call(ContainerBase.java:1549)
	at java.util.concurrent.FutureTask$Sync.innerRun(FutureTask.java:303)
	at java.util.concurrent.FutureTask.run(FutureTask.java:138)
	at java.util.concurrent.ThreadPoolExecutor$Worker.runTask(ThreadPoolExecutor.java:886)
	at java.util.concurrent.ThreadPoolExecutor$Worker.run(ThreadPoolExecutor.java:908)
	at java.lang.Thread.run(Thread.java:662)
Caused by: org.springframework.beans.factory.BeanCreationException: Could not autowire method: public void org.springframework.security.config.annotation.web.configuration.WebSecurityConfiguration.setFilterChainProxySecurityConfigurer(org.springframework.security.config.annotation.ObjectPostProcessor,java.util.List) throws java.lang.Exception; nested exception is org.springframework.beans.factory.BeanExpressionException: Expression parsing failed; nested exception is org.springframework.beans.factory.BeanCreationException: Error creating bean with name &apos;securityConfig&apos;: Injection of autowired dependencies failed; nested exception is org.springframework.beans.factory.BeanCreationException: Could not autowire method: public void org.springframework.security.config.annotation.web.configuration.WebSecurityConfigurerAdapter.setContentNegotationStrategy(org.springframework.web.accept.ContentNegotiationStrategy); nested exception is org.springframework.beans.factory.BeanCreationException: Error creating bean with name &apos;org.springframework.web.servlet.config.annotation.DelegatingWebMvcConfiguration&apos;: Injection of autowired dependencies failed; nested exception is org.springframework.beans.factory.BeanCreationException: Could not autowire method: public void org.springframework.web.servlet.config.annotation.DelegatingWebMvcConfiguration.setConfigurers(java.util.List); nested exception is org.springframework.beans.factory.BeanCreationException: Error creating bean with name &apos;org.springframework.boot.autoconfigure.web.WebMvcAutoConfiguration$WebMvcAutoConfigurationAdapter&apos;: Injection of autowired dependencies failed; nested exception is org.springframework.beans.factory.BeanCreationException: Could not autowire field: private org.springframework.boot.autoconfigure.web.HttpMessageConverters org.springframework.boot.autoconfigure.web.WebMvcAutoConfiguration$WebMvcAutoConfigurationAdapter.messageConverters; nested exception is org.springframework.beans.factory.BeanCreationException: Error creating bean with name &apos;org.springframework.boot.autoconfigure.web.HttpMessageConvertersAutoConfiguration&apos;: Injection of autowired dependencies failed; nested exception is org.springframework.beans.factory.BeanCreationException: Could not autowire field: private final java.util.List org.springframework.boot.autoconfigure.web.HttpMessageConvertersAutoConfiguration.converters; nested exception is org.springframework.beans.factory.BeanCreationException: Error creating bean with name &apos;jacksonHttpMessageConverter&apos; defined in class path resource [org/springframework/data/rest/webmvc/config/RepositoryRestMvcConfiguration.class]: Instantiation of bean failed; nested exception is org.springframework.beans.factory.BeanDefinitionStoreException: Factory method [public org.springframework.http.converter.json.MappingJackson2HttpMessageConverter org.springframework.data.rest.webmvc.config.RepositoryRestMvcConfiguration.jacksonHttpMessageConverter()] threw exception; nested exception is org.springframework.beans.factory.BeanCreationException: Error creating bean with name &apos;config&apos; defined in class path resource [org/springframework/data/rest/webmvc/config/RepositoryRestMvcConfiguration.class]: Instantiation of bean failed; nested exception is org.springframework.beans.factory.BeanDefinitionStoreException: Factory method [public org.springframework.data.rest.core.config.RepositoryRestConfiguration org.springframework.data.rest.webmvc.config.RepositoryRestMvcConfiguration.config()] threw exception; nested exception is org.springframework.beans.factory.BeanCreationException: Error creating bean with name &apos;repositories&apos; defined in class path resource [org/springframework/data/rest/webmvc/config/RepositoryRestMvcConfiguration.class]: Instantiation of bean failed; nested exception is org.springframework.beans.factory.BeanDefinitionStoreException: Factory method [public org.springframework.data.repository.support.Repositories org.springframework.data.rest.webmvc.config.RepositoryRestMvcConfiguration.repositories()] threw exception; nested exception is org.springframework.beans.factory.UnsatisfiedDependencyException: Error creating bean with name &apos;mongoDBEnvironmentRepositoryImpl&apos; defined in URL [jar:file:/C:/workspaces/denv/denv-server-mongodb/target/denv-server-mongodb-0.1.0.jar!/org/ssoup/denv/server/persistence/mongodb/repository/MongoDBEnvironmentRepositoryImpl.class]: Unsatisfied dependency expressed through constructor argument with index 1 of type [org.ssoup.denv.server.persistence.ApplicationConfigRepository]: : No qualifying bean of type [org.ssoup.denv.server.persistence.ApplicationConfigRepository] is defined: expected single matching bean but found 2: mongoDBImageRepository,mongoDBApplicationConfigRepository; nested exception is org.springframework.beans.factory.NoUniqueBeanDefinitionException: No qualifying bean of type [org.ssoup.denv.server.persistence.ApplicationConfigRepository] is defined: expected single matching bean but found 2: mongoDBImageRepository,mongoDBApplicationConfigRepository
	at org.springframework.beans.factory.annotation.AutowiredAnnotationBeanPostProcessor$AutowiredMethodElement.inject(AutowiredAnnotationBeanPostProcessor.java:596)
	at org.springframework.beans.factory.annotation.InjectionMetadata.inject(InjectionMetadata.java:87)
	at org.springframework.beans.factory.annotation.AutowiredAnnotationBeanPostProcessor.postProcessPropertyValues(AutowiredAnnotationBeanPostProcessor.java:289)
	... 31 more
Caused by: org.springframework.beans.factory.BeanExpressionException: Expression parsing failed; nested exception is org.springframework.beans.factory.BeanCreationException: Error creating bean with name &apos;securityConfig&apos;: Injection of autowired dependencies failed; nested exception is org.springframework.beans.factory.BeanCreationException: Could not autowire method: public void org.springframework.security.config.annotation.web.configuration.WebSecurityConfigurerAdapter.setContentNegotationStrategy(org.springframework.web.accept.ContentNegotiationStrategy); nested exception is org.springframework.beans.factory.BeanCreationException: Error creating bean with name &apos;org.springframework.web.servlet.config.annotation.DelegatingWebMvcConfiguration&apos;: Injection of autowired dependencies failed; nested exception is org.springframework.beans.factory.BeanCreationException: Could not autowire method: public void org.springframework.web.servlet.config.annotation.DelegatingWebMvcConfiguration.setConfigurers(java.util.List); nested exception is org.springframework.beans.factory.BeanCreationException: Error creating bean with name &apos;org.springframework.boot.autoconfigure.web.WebMvcAutoConfiguration$WebMvcAutoConfigurationAdapter&apos;: Injection of autowired dependencies failed; nested exception is org.springframework.beans.factory.BeanCreationException: Could not autowire field: private org.springframework.boot.autoconfigure.web.HttpMessageConverters org.springframework.boot.autoconfigure.web.WebMvcAutoConfiguration$WebMvcAutoConfigurationAdapter.messageConverters; nested exception is org.springframework.beans.factory.BeanCreationException: Error creating bean with name &apos;org.springframework.boot.autoconfigure.web.HttpMessageConvertersAutoConfiguration&apos;: Injection of autowired dependencies failed; nested exception is org.springframework.beans.factory.BeanCreationException: Could not autowire field: private final java.util.List org.springframework.boot.autoconfigure.web.HttpMessageConvertersAutoConfiguration.converters; nested exception is org.springframework.beans.factory.BeanCreationException: Error creating bean with name &apos;jacksonHttpMessageConverter&apos; defined in class path resource [org/springframework/data/rest/webmvc/config/RepositoryRestMvcConfiguration.class]: Instantiation of bean failed; nested exception is org.springframework.beans.factory.BeanDefinitionStoreException: Factory method [public org.springframework.http.converter.json.MappingJackson2HttpMessageConverter org.springframework.data.rest.webmvc.config.RepositoryRestMvcConfiguration.jacksonHttpMessageConverter()] threw exception; nested exception is org.springframework.beans.factory.BeanCreationException: Error creating bean with name &apos;config&apos; defined in class path resource [org/springframework/data/rest/webmvc/config/RepositoryRestMvcConfiguration.class]: Instantiation of bean failed; nested exception is org.springframework.beans.factory.BeanDefinitionStoreException: Factory method [public org.springframework.data.rest.core.config.RepositoryRestConfiguration org.springframework.data.rest.webmvc.config.RepositoryRestMvcConfiguration.config()] threw exception; nested exception is org.springframework.beans.factory.BeanCreationException: Error creating bean with name &apos;repositories&apos; defined in class path resource [org/springframework/data/rest/webmvc/config/RepositoryRestMvcConfiguration.class]: Instantiation of bean failed; nested exception is org.springframework.beans.factory.BeanDefinitionStoreException: Factory method [public org.springframework.data.repository.support.Repositories org.springframework.data.rest.webmvc.config.RepositoryRestMvcConfiguration.repositories()] threw exception; nested exception is org.springframework.beans.factory.UnsatisfiedDependencyException: Error creating bean with name &apos;mongoDBEnvironmentRepositoryImpl&apos; defined in URL [jar:file:/C:/workspaces/denv/denv-server-mongodb/target/denv-server-mongodb-0.1.0.jar!/org/ssoup/denv/server/persistence/mongodb/repository/MongoDBEnvironmentRepositoryImpl.class]: Unsatisfied dependency expressed through constructor argument with index 1 of type [org.ssoup.denv.server.persistence.ApplicationConfigRepository]: : No qualifying bean of type [org.ssoup.denv.server.persistence.ApplicationConfigRepository] is defined: expected single matching bean but found 2: mongoDBImageRepository,mongoDBApplicationConfigRepository; nested exception is org.springframework.beans.factory.NoUniqueBeanDefinitionException: No qualifying bean of type [org.ssoup.denv.server.persistence.ApplicationConfigRepository] is defined: expected single matching bean but found 2: mongoDBImageRepository,mongoDBApplicationConfigRepository
	at org.springframework.context.expression.StandardBeanExpressionResolver.evaluate(StandardBeanExpressionResolver.java:146)
	at org.springframework.beans.factory.support.AbstractBeanFactory.evaluateBeanDefinitionString(AbstractBeanFactory.java:1362)
	at org.springframework.beans.factory.support.DefaultListableBeanFactory.doResolveDependency(DefaultListableBeanFactory.java:873)
	at org.springframework.beans.factory.support.DefaultListableBeanFactory.resolveDependency(DefaultListableBeanFactory.java:858)
	at org.springframework.beans.factory.annotation.AutowiredAnnotationBeanPostProcessor$AutowiredMethodElement.inject(AutowiredAnnotationBeanPostProcessor.java:553)
	... 33 more
Caused by: org.springframework.beans.factory.BeanCreationException: Error creating bean with name &apos;securityConfig&apos;: Injection of autowired dependencies failed; nested exception is org.springframework.beans.factory.BeanCreationException: Could not autowire method: public void org.springframework.security.config.annotation.web.configuration.WebSecurityConfigurerAdapter.setContentNegotationStrategy(org.springframework.web.accept.ContentNegotiationStrategy); nested exception is org.springframework.beans.factory.BeanCreationException: Error creating bean with name &apos;org.springframework.web.servlet.config.annotation.DelegatingWebMvcConfiguration&apos;: Injection of autowired dependencies failed; nested exception is org.springframework.beans.factory.BeanCreationException: Could not autowire method: public void org.springframework.web.servlet.config.annotation.DelegatingWebMvcConfiguration.setConfigurers(java.util.List); nested exception is org.springframework.beans.factory.BeanCreationException: Error creating bean with name &apos;org.springframework.boot.autoconfigure.web.WebMvcAutoConfiguration$WebMvcAutoConfigurationAdapter&apos;: Injection of autowired dependencies failed; nested exception is org.springframework.beans.factory.BeanCreationException: Could not autowire field: private org.springframework.boot.autoconfigure.web.HttpMessageConverters org.springframework.boot.autoconfigure.web.WebMvcAutoConfiguration$WebMvcAutoConfigurationAdapter.messageConverters; nested exception is org.springframework.beans.factory.BeanCreationException: Error creating bean with name &apos;org.springframework.boot.autoconfigure.web.HttpMessageConvertersAutoConfiguration&apos;: Injection of autowired dependencies failed; nested exception is org.springframework.beans.factory.BeanCreationException: Could not autowire field: private final java.util.List org.springframework.boot.autoconfigure.web.HttpMessageConvertersAutoConfiguration.converters; nested exception is org.springframework.beans.factory.BeanCreationException: Error creating bean with name &apos;jacksonHttpMessageConverter&apos; defined in class path resource [org/springframework/data/rest/webmvc/config/RepositoryRestMvcConfiguration.class]: Instantiation of bean failed; nested exception is org.springframework.beans.factory.BeanDefinitionStoreException: Factory method [public org.springframework.http.converter.json.MappingJackson2HttpMessageConverter org.springframework.data.rest.webmvc.config.RepositoryRestMvcConfiguration.jacksonHttpMessageConverter()] threw exception; nested exception is org.springframework.beans.factory.BeanCreationException: Error creating bean with name &apos;config&apos; defined in class path resource [org/springframework/data/rest/webmvc/config/RepositoryRestMvcConfiguration.class]: Instantiation of bean failed; nested exception is org.springframework.beans.factory.BeanDefinitionStoreException: Factory method [public org.springframework.data.rest.core.config.RepositoryRestConfiguration org.springframework.data.rest.webmvc.config.RepositoryRestMvcConfiguration.config()] threw exception; nested exception is org.springframework.beans.factory.BeanCreationException: Error creating bean with name &apos;repositories&apos; defined in class path resource [org/springframework/data/rest/webmvc/config/RepositoryRestMvcConfiguration.class]: Instantiation of bean failed; nested exception is org.springframework.beans.factory.BeanDefinitionStoreException: Factory method [public org.springframework.data.repository.support.Repositories org.springframework.data.rest.webmvc.config.RepositoryRestMvcConfiguration.repositories()] threw exception; nested exception is org.springframework.beans.factory.UnsatisfiedDependencyException: Error creating bean with name &apos;mongoDBEnvironmentRepositoryImpl&apos; defined in URL [jar:file:/C:/workspaces/denv/denv-server-mongodb/target/denv-server-mongodb-0.1.0.jar!/org/ssoup/denv/server/persistence/mongodb/repository/MongoDBEnvironmentRepositoryImpl.class]: Unsatisfied dependency expressed through constructor argument with index 1 of type [org.ssoup.denv.server.persistence.ApplicationConfigRepository]: : No qualifying bean of type [org.ssoup.denv.server.persistence.ApplicationConfigRepository] is defined: expected single matching bean but found 2: mongoDBImageRepository,mongoDBApplicationConfigRepository; nested exception is org.springframework.beans.factory.NoUniqueBeanDefinitionException: No qualifying bean of type [org.ssoup.denv.server.persistence.ApplicationConfigRepository] is defined: expected single matching bean but found 2: mongoDBImageRepository,mongoDBApplicationConfigRepository
	at org.springframework.beans.factory.annotation.AutowiredAnnotationBeanPostProcessor.postProcessPropertyValues(AutowiredAnnotationBeanPostProcessor.java:292)
	at org.springframework.beans.factory.support.AbstractAutowireCapableBeanFactory.populateBean(AbstractAutowireCapableBeanFactory.java:1185)
	at org.springframework.beans.factory.support.AbstractAutowireCapableBeanFactory.doCreateBean(AbstractAutowireCapableBeanFactory.java:537)
	at org.springframework.beans.factory.support.AbstractAutowireCapableBeanFactory.createBean(AbstractAutowireCapableBeanFactory.java:475)
	at org.springframework.beans.factory.support.AbstractBeanFactory$1.getObject(AbstractBeanFactory.java:302)
	at org.springframework.beans.factory.support.DefaultSingletonBeanRegistry.getSingleton(DefaultSingletonBeanRegistry.java:228)
	at org.springframework.beans.factory.support.AbstractBeanFactory.doGetBean(AbstractBeanFactory.java:298)
	at org.springframework.beans.factory.support.AbstractBeanFactory.getBean(AbstractBeanFactory.java:198)
	at org.springframework.beans.factory.support.DefaultListableBeanFactory.getBeansOfType(DefaultListableBeanFactory.java:470)
	at org.springframework.beans.factory.support.DefaultListableBeanFactory.getBeansOfType(DefaultListableBeanFactory.java:459)
	at org.springframework.security.config.annotation.web.configuration.AutowiredWebSecurityConfigurersIgnoreParents.getWebSecurityConfigurers(AutowiredWebSecurityConfigurersIgnoreParents.java:52)
	at sun.reflect.NativeMethodAccessorImpl.invoke0(Native Method)
	at sun.reflect.NativeMethodAccessorImpl.invoke(NativeMethodAccessorImpl.java:39)
	at sun.reflect.DelegatingMethodAccessorImpl.invoke(DelegatingMethodAccessorImpl.java:25)
	at java.lang.reflect.Method.invoke(Method.java:597)
	at org.springframework.expression.spel.support.ReflectiveMethodExecutor.execute(ReflectiveMethodExecutor.java:63)
	at org.springframework.expression.spel.ast.MethodReference.getValueInternal(MethodReference.java:122)
	at org.springframework.expression.spel.ast.MethodReference.access$000(MethodReference.java:44)
	at org.springframework.expression.spel.ast.MethodReference$MethodValueRef.getValue(MethodReference.java:258)
	at org.springframework.expression.spel.ast.CompoundExpression.getValueInternal(CompoundExpression.java:84)
	at org.springframework.expression.spel.ast.SpelNodeImpl.getValue(SpelNodeImpl.java:103)
	at org.springframework.expression.spel.standard.SpelExpression.getValue(SpelExpression.java:94)
	at org.springframework.context.expression.StandardBeanExpressionResolver.evaluate(StandardBeanExpressionResolver.java:143)
	... 37 more
Caused by: org.springframework.beans.factory.BeanCreationException: Could not autowire method: public void org.springframework.security.config.annotation.web.configuration.WebSecurityConfigurerAdapter.setContentNegotationStrategy(org.springframework.web.accept.ContentNegotiationStrategy); nested exception is org.springframework.beans.factory.BeanCreationException: Error creating bean with name &apos;org.springframework.web.servlet.config.annotation.DelegatingWebMvcConfiguration&apos;: Injection of autowired dependencies failed; nested exception is org.springframework.beans.factory.BeanCreationException: Could not autowire method: public void org.springframework.web.servlet.config.annotation.DelegatingWebMvcConfiguration.setConfigurers(java.util.List); nested exception is org.springframework.beans.factory.BeanCreationException: Error creating bean with name &apos;org.springframework.boot.autoconfigure.web.WebMvcAutoConfiguration$WebMvcAutoConfigurationAdapter&apos;: Injection of autowired dependencies failed; nested exception is org.springframework.beans.factory.BeanCreationException: Could not autowire field: private org.springframework.boot.autoconfigure.web.HttpMessageConverters org.springframework.boot.autoconfigure.web.WebMvcAutoConfiguration$WebMvcAutoConfigurationAdapter.messageConverters; nested exception is org.springframework.beans.factory.BeanCreationException: Error creating bean with name &apos;org.springframework.boot.autoconfigure.web.HttpMessageConvertersAutoConfiguration&apos;: Injection of autowired dependencies failed; nested exception is org.springframework.beans.factory.BeanCreationException: Could not autowire field: private final java.util.List org.springframework.boot.autoconfigure.web.HttpMessageConvertersAutoConfiguration.converters; nested exception is org.springframework.beans.factory.BeanCreationException: Error creating bean with name &apos;jacksonHttpMessageConverter&apos; defined in class path resource [org/springframework/data/rest/webmvc/config/RepositoryRestMvcConfiguration.class]: Instantiation of bean failed; nested exception is org.springframework.beans.factory.BeanDefinitionStoreException: Factory method [public org.springframework.http.converter.json.MappingJackson2HttpMessageConverter org.springframework.data.rest.webmvc.config.RepositoryRestMvcConfiguration.jacksonHttpMessageConverter()] threw exception; nested exception is org.springframework.beans.factory.BeanCreationException: Error creating bean with name &apos;config&apos; defined in class path resource [org/springframework/data/rest/webmvc/config/RepositoryRestMvcConfiguration.class]: Instantiation of bean failed; nested exception is org.springframework.beans.factory.BeanDefinitionStoreException: Factory method [public org.springframework.data.rest.core.config.RepositoryRestConfiguration org.springframework.data.rest.webmvc.config.RepositoryRestMvcConfiguration.config()] threw exception; nested exception is org.springframework.beans.factory.BeanCreationException: Error creating bean with name &apos;repositories&apos; defined in class path resource [org/springframework/data/rest/webmvc/config/RepositoryRestMvcConfiguration.class]: Instantiation of bean failed; nested exception is org.springframework.beans.factory.BeanDefinitionStoreException: Factory method [public org.springframework.data.repository.support.Repositories org.springframework.data.rest.webmvc.config.RepositoryRestMvcConfiguration.repositories()] threw exception; nested exception is org.springframework.beans.factory.UnsatisfiedDependencyException: Error creating bean with name &apos;mongoDBEnvironmentRepositoryImpl&apos; defined in URL [jar:file:/C:/workspaces/denv/denv-server-mongodb/target/denv-server-mongodb-0.1.0.jar!/org/ssoup/denv/server/persistence/mongodb/repository/MongoDBEnvironmentRepositoryImpl.class]: Unsatisfied dependency expressed through constructor argument with index 1 of type [org.ssoup.denv.server.persistence.ApplicationConfigRepository]: : No qualifying bean of type [org.ssoup.denv.server.persistence.ApplicationConfigRepository] is defined: expected single matching bean but found 2: mongoDBImageRepository,mongoDBApplicationConfigRepository; nested exception is org.springframework.beans.factory.NoUniqueBeanDefinitionException: No qualifying bean of type [org.ssoup.denv.server.persistence.ApplicationConfigRepository] is defined: expected single matching bean but found 2: mongoDBImageRepository,mongoDBApplicationConfigRepository
	at org.springframework.beans.factory.annotation.AutowiredAnnotationBeanPostProcessor$AutowiredMethodElement.inject(AutowiredAnnotationBeanPostProcessor.java:596)
	at org.springframework.beans.factory.annotation.InjectionMetadata.inject(InjectionMetadata.java:87)
	at org.springframework.beans.factory.annotation.AutowiredAnnotationBeanPostProcessor.postProcessPropertyValues(AutowiredAnnotationBeanPostProcessor.java:289)
	... 59 more
Caused by: org.springframework.beans.factory.BeanCreationException: Error creating bean with name &apos;org.springframework.web.servlet.config.annotation.DelegatingWebMvcConfiguration&apos;: Injection of autowired dependencies failed; nested exception is org.springframework.beans.factory.BeanCreationException: Could not autowire method: public void org.springframework.web.servlet.config.annotation.DelegatingWebMvcConfiguration.setConfigurers(java.util.List); nested exception is org.springframework.beans.factory.BeanCreationException: Error creating bean with name &apos;org.springframework.boot.autoconfigure.web.WebMvcAutoConfiguration$WebMvcAutoConfigurationAdapter&apos;: Injection of autowired dependencies failed; nested exception is org.springframework.beans.factory.BeanCreationException: Could not autowire field: private org.springframework.boot.autoconfigure.web.HttpMessageConverters org.springframework.boot.autoconfigure.web.WebMvcAutoConfiguration$WebMvcAutoConfigurationAdapter.messageConverters; nested exception is org.springframework.beans.factory.BeanCreationException: Error creating bean with name &apos;org.springframework.boot.autoconfigure.web.HttpMessageConvertersAutoConfiguration&apos;: Injection of autowired dependencies failed; nested exception is org.springframework.beans.factory.BeanCreationException: Could not autowire field: private final java.util.List org.springframework.boot.autoconfigure.web.HttpMessageConvertersAutoConfiguration.converters; nested exception is org.springframework.beans.factory.BeanCreationException: Error creating bean with name &apos;jacksonHttpMessageConverter&apos; defined in class path resource [org/springframework/data/rest/webmvc/config/RepositoryRestMvcConfiguration.class]: Instantiation of bean failed; nested exception is org.springframework.beans.factory.BeanDefinitionStoreException: Factory method [public org.springframework.http.converter.json.MappingJackson2HttpMessageConverter org.springframework.data.rest.webmvc.config.RepositoryRestMvcConfiguration.jacksonHttpMessageConverter()] threw exception; nested exception is org.springframework.beans.factory.BeanCreationException: Error creating bean with name &apos;config&apos; defined in class path resource [org/springframework/data/rest/webmvc/config/RepositoryRestMvcConfiguration.class]: Instantiation of bean failed; nested exception is org.springframework.beans.factory.BeanDefinitionStoreException: Factory method [public org.springframework.data.rest.core.config.RepositoryRestConfiguration org.springframework.data.rest.webmvc.config.RepositoryRestMvcConfiguration.config()] threw exception; nested exception is org.springframework.beans.factory.BeanCreationException: Error creating bean with name &apos;repositories&apos; defined in class path resource [org/springframework/data/rest/webmvc/config/RepositoryRestMvcConfiguration.class]: Instantiation of bean failed; nested exception is org.springframework.beans.factory.BeanDefinitionStoreException: Factory method [public org.springframework.data.repository.support.Repositories org.springframework.data.rest.webmvc.config.RepositoryRestMvcConfiguration.repositories()] threw exception; nested exception is org.springframework.beans.factory.UnsatisfiedDependencyException: Error creating bean with name &apos;mongoDBEnvironmentRepositoryImpl&apos; defined in URL [jar:file:/C:/workspaces/denv/denv-server-mongodb/target/denv-server-mongodb-0.1.0.jar!/org/ssoup/denv/server/persistence/mongodb/repository/MongoDBEnvironmentRepositoryImpl.class]: Unsatisfied dependency expressed through constructor argument with index 1 of type [org.ssoup.denv.server.persistence.ApplicationConfigRepository]: : No qualifying bean of type [org.ssoup.denv.server.persistence.ApplicationConfigRepository] is defined: expected single matching bean but found 2: mongoDBImageRepository,mongoDBApplicationConfigRepository; nested exception is org.springframework.beans.factory.NoUniqueBeanDefinitionException: No qualifying bean of type [org.ssoup.denv.server.persistence.ApplicationConfigRepository] is defined: expected single matching bean but found 2: mongoDBImageRepository,mongoDBApplicationConfigRepository
	at org.springframework.beans.factory.annotation.AutowiredAnnotationBeanPostProcessor.postProcessPropertyValues(AutowiredAnnotationBeanPostProcessor.java:292)
	at org.springframework.beans.factory.support.AbstractAutowireCapableBeanFactory.populateBean(AbstractAutowireCapableBeanFactory.java:1185)
	at org.springframework.beans.factory.support.AbstractAutowireCapableBeanFactory.doCreateBean(AbstractAutowireCapableBeanFactory.java:537)
	at org.springframework.beans.factory.support.AbstractAutowireCapableBeanFactory.createBean(AbstractAutowireCapableBeanFactory.java:475)
	at org.springframework.beans.factory.support.AbstractBeanFactory$1.getObject(AbstractBeanFactory.java:302)
	at org.springframework.beans.factory.support.DefaultSingletonBeanRegistry.getSingleton(DefaultSingletonBeanRegistry.java:228)
	at org.springframework.beans.factory.support.AbstractBeanFactory.doGetBean(AbstractBeanFactory.java:298)
	at org.springframework.beans.factory.support.AbstractBeanFactory.getBean(AbstractBeanFactory.java:193)
	at org.springframework.beans.factory.support.ConstructorResolver.instantiateUsingFactoryMethod(ConstructorResolver.java:370)
	at org.springframework.beans.factory.support.AbstractAutowireCapableBeanFactory.instantiateUsingFactoryMethod(AbstractAutowireCapableBeanFactory.java:1094)
	at org.springframework.beans.factory.support.AbstractAutowireCapableBeanFactory.createBeanInstance(AbstractAutowireCapableBeanFactory.java:989)
	at org.springframework.beans.factory.support.AbstractAutowireCapableBeanFactory.doCreateBean(AbstractAutowireCapableBeanFactory.java:504)
	at org.springframework.beans.factory.support.AbstractAutowireCapableBeanFactory.createBean(AbstractAutowireCapableBeanFactory.java:475)
	at org.springframework.beans.factory.support.AbstractBeanFactory$1.getObject(AbstractBeanFactory.java:302)
	at org.springframework.beans.factory.support.DefaultSingletonBeanRegistry.getSingleton(DefaultSingletonBeanRegistry.java:228)
	at org.springframework.beans.factory.support.AbstractBeanFactory.doGetBean(AbstractBeanFactory.java:298)
	at org.springframework.beans.factory.support.AbstractBeanFactory.getBean(AbstractBeanFactory.java:193)
	at org.springframework.beans.factory.support.DefaultListableBeanFactory.findAutowireCandidates(DefaultListableBeanFactory.java:1017)
	at org.springframework.beans.factory.support.DefaultListableBeanFactory.doResolveDependency(DefaultListableBeanFactory.java:960)
	at org.springframework.beans.factory.support.DefaultListableBeanFactory.resolveDependency(DefaultListableBeanFactory.java:858)
	at org.springframework.beans.factory.annotation.AutowiredAnnotationBeanPostProcessor$AutowiredMethodElement.inject(AutowiredAnnotationBeanPostProcessor.java:553)
	... 61 more
Caused by: org.springframework.beans.factory.BeanCreationException: Could not autowire method: public void org.springframework.web.servlet.config.annotation.DelegatingWebMvcConfiguration.setConfigurers(java.util.List); nested exception is org.springframework.beans.factory.BeanCreationException: Error creating bean with name &apos;org.springframework.boot.autoconfigure.web.WebMvcAutoConfiguration$WebMvcAutoConfigurationAdapter&apos;: Injection of autowired dependencies failed; nested exception is org.springframework.beans.factory.BeanCreationException: Could not autowire field: private org.springframework.boot.autoconfigure.web.HttpMessageConverters org.springframework.boot.autoconfigure.web.WebMvcAutoConfiguration$WebMvcAutoConfigurationAdapter.messageConverters; nested exception is org.springframework.beans.factory.BeanCreationException: Error creating bean with name &apos;org.springframework.boot.autoconfigure.web.HttpMessageConvertersAutoConfiguration&apos;: Injection of autowired dependencies failed; nested exception is org.springframework.beans.factory.BeanCreationException: Could not autowire field: private final java.util.List org.springframework.boot.autoconfigure.web.HttpMessageConvertersAutoConfiguration.converters; nested exception is org.springframework.beans.factory.BeanCreationException: Error creating bean with name &apos;jacksonHttpMessageConverter&apos; defined in class path resource [org/springframework/data/rest/webmvc/config/RepositoryRestMvcConfiguration.class]: Instantiation of bean failed; nested exception is org.springframework.beans.factory.BeanDefinitionStoreException: Factory method [public org.springframework.http.converter.json.MappingJackson2HttpMessageConverter org.springframework.data.rest.webmvc.config.RepositoryRestMvcConfiguration.jacksonHttpMessageConverter()] threw exception; nested exception is org.springframework.beans.factory.BeanCreationException: Error creating bean with name &apos;config&apos; defined in class path resource [org/springframework/data/rest/webmvc/config/RepositoryRestMvcConfiguration.class]: Instantiation of bean failed; nested exception is org.springframework.beans.factory.BeanDefinitionStoreException: Factory method [public org.springframework.data.rest.core.config.RepositoryRestConfiguration org.springframework.data.rest.webmvc.config.RepositoryRestMvcConfiguration.config()] threw exception; nested exception is org.springframework.beans.factory.BeanCreationException: Error creating bean with name &apos;repositories&apos; defined in class path resource [org/springframework/data/rest/webmvc/config/RepositoryRestMvcConfiguration.class]: Instantiation of bean failed; nested exception is org.springframework.beans.factory.BeanDefinitionStoreException: Factory method [public org.springframework.data.repository.support.Repositories org.springframework.data.rest.webmvc.config.RepositoryRestMvcConfiguration.repositories()] threw exception; nested exception is org.springframework.beans.factory.UnsatisfiedDependencyException: Error creating bean with name &apos;mongoDBEnvironmentRepositoryImpl&apos; defined in URL [jar:file:/C:/workspaces/denv/denv-server-mongodb/target/denv-server-mongodb-0.1.0.jar!/org/ssoup/denv/server/persistence/mongodb/repository/MongoDBEnvironmentRepositoryImpl.class]: Unsatisfied dependency expressed through constructor argument with index 1 of type [org.ssoup.denv.server.persistence.ApplicationConfigRepository]: : No qualifying bean of type [org.ssoup.denv.server.persistence.ApplicationConfigRepository] is defined: expected single matching bean but found 2: mongoDBImageRepository,mongoDBApplicationConfigRepository; nested exception is org.springframework.beans.factory.NoUniqueBeanDefinitionException: No qualifying bean of type [org.ssoup.denv.server.persistence.ApplicationConfigRepository] is defined: expected single matching bean but found 2: mongoDBImageRepository,mongoDBApplicationConfigRepository
	at org.springframework.beans.factory.annotation.AutowiredAnnotationBeanPostProcessor$AutowiredMethodElement.inject(AutowiredAnnotationBeanPostProcessor.java:596)
	at org.springframework.beans.factory.annotation.InjectionMetadata.inject(InjectionMetadata.java:87)
	at org.springframework.beans.factory.annotation.AutowiredAnnotationBeanPostProcessor.postProcessPropertyValues(AutowiredAnnotationBeanPostProcessor.java:289)
	... 81 more
Caused by: org.springframework.beans.factory.BeanCreationException: Error creating bean with name &apos;org.springframework.boot.autoconfigure.web.WebMvcAutoConfiguration$WebMvcAutoConfigurationAdapter&apos;: Injection of autowired dependencies failed; nested exception is org.springframework.beans.factory.BeanCreationException: Could not autowire field: private org.springframework.boot.autoconfigure.web.HttpMessageConverters org.springframework.boot.autoconfigure.web.WebMvcAutoConfiguration$WebMvcAutoConfigurationAdapter.messageConverters; nested exception is org.springframework.beans.factory.BeanCreationException: Error creating bean with name &apos;org.springframework.boot.autoconfigure.web.HttpMessageConvertersAutoConfiguration&apos;: Injection of autowired dependencies failed; nested exception is org.springframework.beans.factory.BeanCreationException: Could not autowire field: private final java.util.List org.springframework.boot.autoconfigure.web.HttpMessageConvertersAutoConfiguration.converters; nested exception is org.springframework.beans.factory.BeanCreationException: Error creating bean with name &apos;jacksonHttpMessageConverter&apos; defined in class path resource [org/springframework/data/rest/webmvc/config/RepositoryRestMvcConfiguration.class]: Instantiation of bean failed; nested exception is org.springframework.beans.factory.BeanDefinitionStoreException: Factory method [public org.springframework.http.converter.json.MappingJackson2HttpMessageConverter org.springframework.data.rest.webmvc.config.RepositoryRestMvcConfiguration.jacksonHttpMessageConverter()] threw exception; nested exception is org.springframework.beans.factory.BeanCreationException: Error creating bean with name &apos;config&apos; defined in class path resource [org/springframework/data/rest/webmvc/config/RepositoryRestMvcConfiguration.class]: Instantiation of bean failed; nested exception is org.springframework.beans.factory.BeanDefinitionStoreException: Factory method [public org.springframework.data.rest.core.config.RepositoryRestConfiguration org.springframework.data.rest.webmvc.config.RepositoryRestMvcConfiguration.config()] threw exception; nested exception is org.springframework.beans.factory.BeanCreationException: Error creating bean with name &apos;repositories&apos; defined in class path resource [org/springframework/data/rest/webmvc/config/RepositoryRestMvcConfiguration.class]: Instantiation of bean failed; nested exception is org.springframework.beans.factory.BeanDefinitionStoreException: Factory method [public org.springframework.data.repository.support.Repositories org.springframework.data.rest.webmvc.config.RepositoryRestMvcConfiguration.repositories()] threw exception; nested exception is org.springframework.beans.factory.UnsatisfiedDependencyException: Error creating bean with name &apos;mongoDBEnvironmentRepositoryImpl&apos; defined in URL [jar:file:/C:/workspaces/denv/denv-server-mongodb/target/denv-server-mongodb-0.1.0.jar!/org/ssoup/denv/server/persistence/mongodb/repository/MongoDBEnvironmentRepositoryImpl.class]: Unsatisfied dependency expressed through constructor argument with index 1 of type [org.ssoup.denv.server.persistence.ApplicationConfigRepository]: : No qualifying bean of type [org.ssoup.denv.server.persistence.ApplicationConfigRepository] is defined: expected single matching bean but found 2: mongoDBImageRepository,mongoDBApplicationConfigRepository; nested exception is org.springframework.beans.factory.NoUniqueBeanDefinitionException: No qualifying bean of type [org.ssoup.denv.server.persistence.ApplicationConfigRepository] is defined: expected single matching bean but found 2: mongoDBImageRepository,mongoDBApplicationConfigRepository
	at org.springframework.beans.factory.annotation.AutowiredAnnotationBeanPostProcessor.postProcessPropertyValues(AutowiredAnnotationBeanPostProcessor.java:292)
	at org.springframework.beans.factory.support.AbstractAutowireCapableBeanFactory.populateBean(AbstractAutowireCapableBeanFactory.java:1185)
	at org.springframework.beans.factory.support.AbstractAutowireCapableBeanFactory.doCreateBean(AbstractAutowireCapableBeanFactory.java:537)
	at org.springframework.beans.factory.support.AbstractAutowireCapableBeanFactory.createBean(AbstractAutowireCapableBeanFactory.java:475)
	at org.springframework.beans.factory.support.AbstractBeanFactory$1.getObject(AbstractBeanFactory.java:302)
	at org.springframework.beans.factory.support.DefaultSingletonBeanRegistry.getSingleton(DefaultSingletonBeanRegistry.java:228)
	at org.springframework.beans.factory.support.AbstractBeanFactory.doGetBean(AbstractBeanFactory.java:298)
	at org.springframework.beans.factory.support.AbstractBeanFactory.getBean(AbstractBeanFactory.java:193)
	at org.springframework.beans.factory.support.DefaultListableBeanFactory.findAutowireCandidates(DefaultListableBeanFactory.java:1017)
	at org.springframework.beans.factory.support.DefaultListableBeanFactory.doResolveDependency(DefaultListableBeanFactory.java:912)
	at org.springframework.beans.factory.support.DefaultListableBeanFactory.resolveDependency(DefaultListableBeanFactory.java:858)
	at org.springframework.beans.factory.annotation.AutowiredAnnotationBeanPostProcessor$AutowiredMethodElement.inject(AutowiredAnnotationBeanPostProcessor.java:553)
	... 83 more
Caused by: org.springframework.beans.factory.BeanCreationException: Could not autowire field: private org.springframework.boot.autoconfigure.web.HttpMessageConverters org.springframework.boot.autoconfigure.web.WebMvcAutoConfiguration$WebMvcAutoConfigurationAdapter.messageConverters; nested exception is org.springframework.beans.factory.BeanCreationException: Error creating bean with name &apos;org.springframework.boot.autoconfigure.web.HttpMessageConvertersAutoConfiguration&apos;: Injection of autowired dependencies failed; nested exception is org.springframework.beans.factory.BeanCreationException: Could not autowire field: private final java.util.List org.springframework.boot.autoconfigure.web.HttpMessageConvertersAutoConfiguration.converters; nested exception is org.springframework.beans.factory.BeanCreationException: Error creating bean with name &apos;jacksonHttpMessageConverter&apos; defined in class path resource [org/springframework/data/rest/webmvc/config/RepositoryRestMvcConfiguration.class]: Instantiation of bean failed; nested exception is org.springframework.beans.factory.BeanDefinitionStoreException: Factory method [public org.springframework.http.converter.json.MappingJackson2HttpMessageConverter org.springframework.data.rest.webmvc.config.RepositoryRestMvcConfiguration.jacksonHttpMessageConverter()] threw exception; nested exception is org.springframework.beans.factory.BeanCreationException: Error creating bean with name &apos;config&apos; defined in class path resource [org/springframework/data/rest/webmvc/config/RepositoryRestMvcConfiguration.class]: Instantiation of bean failed; nested exception is org.springframework.beans.factory.BeanDefinitionStoreException: Factory method [public org.springframework.data.rest.core.config.RepositoryRestConfiguration org.springframework.data.rest.webmvc.config.RepositoryRestMvcConfiguration.config()] threw exception; nested exception is org.springframework.beans.factory.BeanCreationException: Error creating bean with name &apos;repositories&apos; defined in class path resource [org/springframework/data/rest/webmvc/config/RepositoryRestMvcConfiguration.class]: Instantiation of bean failed; nested exception is org.springframework.beans.factory.BeanDefinitionStoreException: Factory method [public org.springframework.data.repository.support.Repositories org.springframework.data.rest.webmvc.config.RepositoryRestMvcConfiguration.repositories()] threw exception; nested exception is org.springframework.beans.factory.UnsatisfiedDependencyException: Error creating bean with name &apos;mongoDBEnvironmentRepositoryImpl&apos; defined in URL [jar:file:/C:/workspaces/denv/denv-server-mongodb/target/denv-server-mongodb-0.1.0.jar!/org/ssoup/denv/server/persistence/mongodb/repository/MongoDBEnvironmentRepositoryImpl.class]: Unsatisfied dependency expressed through constructor argument with index 1 of type [org.ssoup.denv.server.persistence.ApplicationConfigRepository]: : No qualifying bean of type [org.ssoup.denv.server.persistence.ApplicationConfigRepository] is defined: expected single matching bean but found 2: mongoDBImageRepository,mongoDBApplicationConfigRepository; nested exception is org.springframework.beans.factory.NoUniqueBeanDefinitionException: No qualifying bean of type [org.ssoup.denv.server.persistence.ApplicationConfigRepository] is defined: expected single matching bean but found 2: mongoDBImageRepository,mongoDBApplicationConfigRepository
	at org.springframework.beans.factory.annotation.AutowiredAnnotationBeanPostProcessor$AutowiredFieldElement.inject(AutowiredAnnotationBeanPostProcessor.java:508)
	at org.springframework.beans.factory.annotation.InjectionMetadata.inject(InjectionMetadata.java:87)
	at org.springframework.beans.factory.annotation.AutowiredAnnotationBeanPostProcessor.postProcessPropertyValues(AutowiredAnnotationBeanPostProcessor.java:289)
	... 94 more
Caused by: org.springframework.beans.factory.BeanCreationException: Error creating bean with name &apos;org.springframework.boot.autoconfigure.web.HttpMessageConvertersAutoConfiguration&apos;: Injection of autowired dependencies failed; nested exception is org.springframework.beans.factory.BeanCreationException: Could not autowire field: private final java.util.List org.springframework.boot.autoconfigure.web.HttpMessageConvertersAutoConfiguration.converters; nested exception is org.springframework.beans.factory.BeanCreationException: Error creating bean with name &apos;jacksonHttpMessageConverter&apos; defined in class path resource [org/springframework/data/rest/webmvc/config/RepositoryRestMvcConfiguration.class]: Instantiation of bean failed; nested exception is org.springframework.beans.factory.BeanDefinitionStoreException: Factory method [public org.springframework.http.converter.json.MappingJackson2HttpMessageConverter org.springframework.data.rest.webmvc.config.RepositoryRestMvcConfiguration.jacksonHttpMessageConverter()] threw exception; nested exception is org.springframework.beans.factory.BeanCreationException: Error creating bean with name &apos;config&apos; defined in class path resource [org/springframework/data/rest/webmvc/config/RepositoryRestMvcConfiguration.class]: Instantiation of bean failed; nested exception is org.springframework.beans.factory.BeanDefinitionStoreException: Factory method [public org.springframework.data.rest.core.config.RepositoryRestConfiguration org.springframework.data.rest.webmvc.config.RepositoryRestMvcConfiguration.config()] threw exception; nested exception is org.springframework.beans.factory.BeanCreationException: Error creating bean with name &apos;repositories&apos; defined in class path resource [org/springframework/data/rest/webmvc/config/RepositoryRestMvcConfiguration.class]: Instantiation of bean failed; nested exception is org.springframework.beans.factory.BeanDefinitionStoreException: Factory method [public org.springframework.data.repository.support.Repositories org.springframework.data.rest.webmvc.config.RepositoryRestMvcConfiguration.repositories()] threw exception; nested exception is org.springframework.beans.factory.UnsatisfiedDependencyException: Error creating bean with name &apos;mongoDBEnvironmentRepositoryImpl&apos; defined in URL [jar:file:/C:/workspaces/denv/denv-server-mongodb/target/denv-server-mongodb-0.1.0.jar!/org/ssoup/denv/server/persistence/mongodb/repository/MongoDBEnvironmentRepositoryImpl.class]: Unsatisfied dependency expressed through constructor argument with index 1 of type [org.ssoup.denv.server.persistence.ApplicationConfigRepository]: : No qualifying bean of type [org.ssoup.denv.server.persistence.ApplicationConfigRepository] is defined: expected single matching bean but found 2: mongoDBImageRepository,mongoDBApplicationConfigRepository; nested exception is org.springframework.beans.factory.NoUniqueBeanDefinitionException: No qualifying bean of type [org.ssoup.denv.server.persistence.ApplicationConfigRepository] is defined: expected single matching bean but found 2: mongoDBImageRepository,mongoDBApplicationConfigRepository
	at org.springframework.beans.factory.annotation.AutowiredAnnotationBeanPostProcessor.postProcessPropertyValues(AutowiredAnnotationBeanPostProcessor.java:292)
	at org.springframework.beans.factory.support.AbstractAutowireCapableBeanFactory.populateBean(AbstractAutowireCapableBeanFactory.java:1185)
	at org.springframework.beans.factory.support.AbstractAutowireCapableBeanFactory.doCreateBean(AbstractAutowireCapableBeanFactory.java:537)
	at org.springframework.beans.factory.support.AbstractAutowireCapableBeanFactory.createBean(AbstractAutowireCapableBeanFactory.java:475)
	at org.springframework.beans.factory.support.AbstractBeanFactory$1.getObject(AbstractBeanFactory.java:302)
	at org.springframework.beans.factory.support.DefaultSingletonBeanRegistry.getSingleton(DefaultSingletonBeanRegistry.java:228)
	at org.springframework.beans.factory.support.AbstractBeanFactory.doGetBean(AbstractBeanFactory.java:298)
	at org.springframework.beans.factory.support.AbstractBeanFactory.getBean(AbstractBeanFactory.java:193)
	at org.springframework.beans.factory.support.ConstructorResolver.instantiateUsingFactoryMethod(ConstructorResolver.java:370)
	at org.springframework.beans.factory.support.AbstractAutowireCapableBeanFactory.instantiateUsingFactoryMethod(AbstractAutowireCapableBeanFactory.java:1094)
	at org.springframework.beans.factory.support.AbstractAutowireCapableBeanFactory.createBeanInstance(AbstractAutowireCapableBeanFactory.java:989)
	at org.springframework.beans.factory.support.AbstractAutowireCapableBeanFactory.doCreateBean(AbstractAutowireCapableBeanFactory.java:504)
	at org.springframework.beans.factory.support.AbstractAutowireCapableBeanFactory.createBean(AbstractAutowireCapableBeanFactory.java:475)
	at org.springframework.beans.factory.support.AbstractBeanFactory$1.getObject(AbstractBeanFactory.java:302)
	at org.springframework.beans.factory.support.DefaultSingletonBeanRegistry.getSingleton(DefaultSingletonBeanRegistry.java:228)
	at org.springframework.beans.factory.support.AbstractBeanFactory.doGetBean(AbstractBeanFactory.java:298)
	at org.springframework.beans.factory.support.AbstractBeanFactory.getBean(AbstractBeanFactory.java:193)
	at org.springframework.beans.factory.support.DefaultListableBeanFactory.findAutowireCandidates(DefaultListableBeanFactory.java:1017)
	at org.springframework.beans.factory.support.DefaultListableBeanFactory.doResolveDependency(DefaultListableBeanFactory.java:960)
	at org.springframework.beans.factory.support.DefaultListableBeanFactory.resolveDependency(DefaultListableBeanFactory.java:858)
	at org.springframework.beans.factory.annotation.AutowiredAnnotationBeanPostProcessor$AutowiredFieldElement.inject(AutowiredAnnotationBeanPostProcessor.java:480)
	... 96 more
Caused by: org.springframework.beans.factory.BeanCreationException: Could not autowire field: private final java.util.List org.springframework.boot.autoconfigure.web.HttpMessageConvertersAutoConfiguration.converters; nested exception is org.springframework.beans.factory.BeanCreationException: Error creating bean with name &apos;jacksonHttpMessageConverter&apos; defined in class path resource [org/springframework/data/rest/webmvc/config/RepositoryRestMvcConfiguration.class]: Instantiation of bean failed; nested exception is org.springframework.beans.factory.BeanDefinitionStoreException: Factory method [public org.springframework.http.converter.json.MappingJackson2HttpMessageConverter org.springframework.data.rest.webmvc.config.RepositoryRestMvcConfiguration.jacksonHttpMessageConverter()] threw exception; nested exception is org.springframework.beans.factory.BeanCreationException: Error creating bean with name &apos;config&apos; defined in class path resource [org/springframework/data/rest/webmvc/config/RepositoryRestMvcConfiguration.class]: Instantiation of bean failed; nested exception is org.springframework.beans.factory.BeanDefinitionStoreException: Factory method [public org.springframework.data.rest.core.config.RepositoryRestConfiguration org.springframework.data.rest.webmvc.config.RepositoryRestMvcConfiguration.config()] threw exception; nested exception is org.springframework.beans.factory.BeanCreationException: Error creating bean with name &apos;repositories&apos; defined in class path resource [org/springframework/data/rest/webmvc/config/RepositoryRestMvcConfiguration.class]: Instantiation of bean failed; nested exception is org.springframework.beans.factory.BeanDefinitionStoreException: Factory method [public org.springframework.data.repository.support.Repositories org.springframework.data.rest.webmvc.config.RepositoryRestMvcConfiguration.repositories()] threw exception; nested exception is org.springframework.beans.factory.UnsatisfiedDependencyException: Error creating bean with name &apos;mongoDBEnvironmentRepositoryImpl&apos; defined in URL [jar:file:/C:/workspaces/denv/denv-server-mongodb/target/denv-server-mongodb-0.1.0.jar!/org/ssoup/denv/server/persistence/mongodb/repository/MongoDBEnvironmentRepositoryImpl.class]: Unsatisfied dependency expressed through constructor argument with index 1 of type [org.ssoup.denv.server.persistence.ApplicationConfigRepository]: : No qualifying bean of type [org.ssoup.denv.server.persistence.ApplicationConfigRepository] is defined: expected single matching bean but found 2: mongoDBImageRepository,mongoDBApplicationConfigRepository; nested exception is org.springframework.beans.factory.NoUniqueBeanDefinitionException: No qualifying bean of type [org.ssoup.denv.server.persistence.ApplicationConfigRepository] is defined: expected single matching bean but found 2: mongoDBImageRepository,mongoDBApplicationConfigRepository
	at org.springframework.beans.factory.annotation.AutowiredAnnotationBeanPostProcessor$AutowiredFieldElement.inject(AutowiredAnnotationBeanPostProcessor.java:508)
	at org.springframework.beans.factory.annotation.InjectionMetadata.inject(InjectionMetadata.java:87)
	at org.springframework.beans.factory.annotation.AutowiredAnnotationBeanPostProcessor.postProcessPropertyValues(AutowiredAnnotationBeanPostProcessor.java:289)
	... 116 more
Caused by: org.springframework.beans.factory.BeanCreationException: Error creating bean with name &apos;jacksonHttpMessageConverter&apos; defined in class path resource [org/springframework/data/rest/webmvc/config/RepositoryRestMvcConfiguration.class]: Instantiation of bean failed; nested exception is org.springframework.beans.factory.BeanDefinitionStoreException: Factory method [public org.springframework.http.converter.json.MappingJackson2HttpMessageConverter org.springframework.data.rest.webmvc.config.RepositoryRestMvcConfiguration.jacksonHttpMessageConverter()] threw exception; nested exception is org.springframework.beans.factory.BeanCreationException: Error creating bean with name &apos;config&apos; defined in class path resource [org/springframework/data/rest/webmvc/config/RepositoryRestMvcConfiguration.class]: Instantiation of bean failed; nested exception is org.springframework.beans.factory.BeanDefinitionStoreException: Factory method [public org.springframework.data.rest.core.config.RepositoryRestConfiguration org.springframework.data.rest.webmvc.config.RepositoryRestMvcConfiguration.config()] threw exception; nested exception is org.springframework.beans.factory.BeanCreationException: Error creating bean with name &apos;repositories&apos; defined in class path resource [org/springframework/data/rest/webmvc/config/RepositoryRestMvcConfiguration.class]: Instantiation of bean failed; nested exception is org.springframework.beans.factory.BeanDefinitionStoreException: Factory method [public org.springframework.data.repository.support.Repositories org.springframework.data.rest.webmvc.config.RepositoryRestMvcConfiguration.repositories()] threw exception; nested exception is org.springframework.beans.factory.UnsatisfiedDependencyException: Error creating bean with name &apos;mongoDBEnvironmentRepositoryImpl&apos; defined in URL [jar:file:/C:/workspaces/denv/denv-server-mongodb/target/denv-server-mongodb-0.1.0.jar!/org/ssoup/denv/server/persistence/mongodb/repository/MongoDBEnvironmentRepositoryImpl.class]: Unsatisfied dependency expressed through constructor argument with index 1 of type [org.ssoup.denv.server.persistence.ApplicationConfigRepository]: : No qualifying bean of type [org.ssoup.denv.server.persistence.ApplicationConfigRepository] is defined: expected single matching bean but found 2: mongoDBImageRepository,mongoDBApplicationConfigRepository; nested exception is org.springframework.beans.factory.NoUniqueBeanDefinitionException: No qualifying bean of type [org.ssoup.denv.server.persistence.ApplicationConfigRepository] is defined: expected single matching bean but found 2: mongoDBImageRepository,mongoDBApplicationConfigRepository
	at org.springframework.beans.factory.support.ConstructorResolver.instantiateUsingFactoryMethod(ConstructorResolver.java:597)
	at org.springframework.beans.factory.support.AbstractAutowireCapableBeanFactory.instantiateUsingFactoryMethod(AbstractAutowireCapableBeanFactory.java:1094)
	at org.springframework.beans.factory.support.AbstractAutowireCapableBeanFactory.createBeanInstance(AbstractAutowireCapableBeanFactory.java:989)
	at org.springframework.beans.factory.support.AbstractAutowireCapableBeanFactory.doCreateBean(AbstractAutowireCapableBeanFactory.java:504)
	at org.springframework.beans.factory.support.AbstractAutowireCapableBeanFactory.createBean(AbstractAutowireCapableBeanFactory.java:475)
	at org.springframework.beans.factory.support.AbstractBeanFactory$1.getObject(AbstractBeanFactory.java:302)
	at org.springframework.beans.factory.support.DefaultSingletonBeanRegistry.getSingleton(DefaultSingletonBeanRegistry.java:228)
	at org.springframework.beans.factory.support.AbstractBeanFactory.doGetBean(AbstractBeanFactory.java:298)
	at org.springframework.beans.factory.support.AbstractBeanFactory.getBean(AbstractBeanFactory.java:193)
	at org.springframework.beans.factory.support.DefaultListableBeanFactory.findAutowireCandidates(DefaultListableBeanFactory.java:1017)
	at org.springframework.beans.factory.support.DefaultListableBeanFactory.doResolveDependency(DefaultListableBeanFactory.java:912)
	at org.springframework.beans.factory.support.DefaultListableBeanFactory.resolveDependency(DefaultListableBeanFactory.java:858)
	at org.springframework.beans.factory.annotation.AutowiredAnnotationBeanPostProcessor$AutowiredFieldElement.inject(AutowiredAnnotationBeanPostProcessor.java:480)
	... 118 more
Caused by: org.springframework.beans.factory.BeanDefinitionStoreException: Factory method [public org.springframework.http.converter.json.MappingJackson2HttpMessageConverter org.springframework.data.rest.webmvc.config.RepositoryRestMvcConfiguration.jacksonHttpMessageConverter()] threw exception; nested exception is org.springframework.beans.factory.BeanCreationException: Error creating bean with name &apos;config&apos; defined in class path resource [org/springframework/data/rest/webmvc/config/RepositoryRestMvcConfiguration.class]: Instantiation of bean failed; nested exception is org.springframework.beans.factory.BeanDefinitionStoreException: Factory method [public org.springframework.data.rest.core.config.RepositoryRestConfiguration org.springframework.data.rest.webmvc.config.RepositoryRestMvcConfiguration.config()] threw exception; nested exception is org.springframework.beans.factory.BeanCreationException: Error creating bean with name &apos;repositories&apos; defined in class path resource [org/springframework/data/rest/webmvc/config/RepositoryRestMvcConfiguration.class]: Instantiation of bean failed; nested exception is org.springframework.beans.factory.BeanDefinitionStoreException: Factory method [public org.springframework.data.repository.support.Repositories org.springframework.data.rest.webmvc.config.RepositoryRestMvcConfiguration.repositories()] threw exception; nested exception is org.springframework.beans.factory.UnsatisfiedDependencyException: Error creating bean with name &apos;mongoDBEnvironmentRepositoryImpl&apos; defined in URL [jar:file:/C:/workspaces/denv/denv-server-mongodb/target/denv-server-mongodb-0.1.0.jar!/org/ssoup/denv/server/persistence/mongodb/repository/MongoDBEnvironmentRepositoryImpl.class]: Unsatisfied dependency expressed through constructor argument with index 1 of type [org.ssoup.denv.server.persistence.ApplicationConfigRepository]: : No qualifying bean of type [org.ssoup.denv.server.persistence.ApplicationConfigRepository] is defined: expected single matching bean but found 2: mongoDBImageRepository,mongoDBApplicationConfigRepository; nested exception is org.springframework.beans.factory.NoUniqueBeanDefinitionException: No qualifying bean of type [org.ssoup.denv.server.persistence.ApplicationConfigRepository] is defined: expected single matching bean but found 2: mongoDBImageRepository,mongoDBApplicationConfigRepository
	at org.springframework.beans.factory.support.SimpleInstantiationStrategy.instantiate(SimpleInstantiationStrategy.java:188)
	at org.springframework.beans.factory.support.ConstructorResolver.instantiateUsingFactoryMethod(ConstructorResolver.java:586)
	... 130 more
Caused by: org.springframework.beans.factory.BeanCreationException: Error creating bean with name &apos;config&apos; defined in class path resource [org/springframework/data/rest/webmvc/config/RepositoryRestMvcConfiguration.class]: Instantiation of bean failed; nested exception is org.springframework.beans.factory.BeanDefinitionStoreException: Factory method [public org.springframework.data.rest.core.config.RepositoryRestConfiguration org.springframework.data.rest.webmvc.config.RepositoryRestMvcConfiguration.config()] threw exception; nested exception is org.springframework.beans.factory.BeanCreationException: Error creating bean with name &apos;repositories&apos; defined in class path resource [org/springframework/data/rest/webmvc/config/RepositoryRestMvcConfiguration.class]: Instantiation of bean failed; nested exception is org.springframework.beans.factory.BeanDefinitionStoreException: Factory method [public org.springframework.data.repository.support.Repositories org.springframework.data.rest.webmvc.config.RepositoryRestMvcConfiguration.repositories()] threw exception; nested exception is org.springframework.beans.factory.UnsatisfiedDependencyException: Error creating bean with name &apos;mongoDBEnvironmentRepositoryImpl&apos; defined in URL [jar:file:/C:/workspaces/denv/denv-server-mongodb/target/denv-server-mongodb-0.1.0.jar!/org/ssoup/denv/server/persistence/mongodb/repository/MongoDBEnvironmentRepositoryImpl.class]: Unsatisfied dependency expressed through constructor argument with index 1 of type [org.ssoup.denv.server.persistence.ApplicationConfigRepository]: : No qualifying bean of type [org.ssoup.denv.server.persistence.ApplicationConfigRepository] is defined: expected single matching bean but found 2: mongoDBImageRepository,mongoDBApplicationConfigRepository; nested exception is org.springframework.beans.factory.NoUniqueBeanDefinitionException: No qualifying bean of type [org.ssoup.denv.server.persistence.ApplicationConfigRepository] is defined: expected single matching bean but found 2: mongoDBImageRepository,mongoDBApplicationConfigRepository
	at org.springframework.beans.factory.support.ConstructorResolver.instantiateUsingFactoryMethod(ConstructorResolver.java:597)
	at org.springframework.beans.factory.support.AbstractAutowireCapableBeanFactory.instantiateUsingFactoryMethod(AbstractAutowireCapableBeanFactory.java:1094)
	at org.springframework.beans.factory.support.AbstractAutowireCapableBeanFactory.createBeanInstance(AbstractAutowireCapableBeanFactory.java:989)
	at org.springframework.beans.factory.support.AbstractAutowireCapableBeanFactory.doCreateBean(AbstractAutowireCapableBeanFactory.java:504)
	at org.springframework.beans.factory.support.AbstractAutowireCapableBeanFactory.createBean(AbstractAutowireCapableBeanFactory.java:475)
	at org.springframework.beans.factory.support.AbstractBeanFactory$1.getObject(AbstractBeanFactory.java:302)
	at org.springframework.beans.factory.support.DefaultSingletonBeanRegistry.getSingleton(DefaultSingletonBeanRegistry.java:228)
	at org.springframework.beans.factory.support.AbstractBeanFactory.doGetBean(AbstractBeanFactory.java:298)
	at org.springframework.beans.factory.support.AbstractBeanFactory.getBean(AbstractBeanFactory.java:193)
	at org.springframework.context.annotation.ConfigurationClassEnhancer$BeanMethodInterceptor.intercept(ConfigurationClassEnhancer.java:324)
	at org.springframework.data.rest.webmvc.config.RepositoryRestMvcConfiguration$$EnhancerBySpringCGLIB$$2cc48631.config(&lt;generated&gt;)
	at org.springframework.data.rest.webmvc.config.RepositoryRestMvcConfiguration.jacksonHttpMessageConverter(RepositoryRestMvcConfiguration.java:374)
	at org.springframework.data.rest.webmvc.config.RepositoryRestMvcConfiguration$$EnhancerBySpringCGLIB$$2cc48631.CGLIB$jacksonHttpMessageConverter$21(&lt;generated&gt;)
	at org.springframework.data.rest.webmvc.config.RepositoryRestMvcConfiguration$$EnhancerBySpringCGLIB$$2cc48631$$FastClassBySpringCGLIB$$1e60d3fc.invoke(&lt;generated&gt;)
	at org.springframework.cglib.proxy.MethodProxy.invokeSuper(MethodProxy.java:228)
	at org.springframework.context.annotation.ConfigurationClassEnhancer$BeanMethodInterceptor.intercept(ConfigurationClassEnhancer.java:312)
	at org.springframework.data.rest.webmvc.config.RepositoryRestMvcConfiguration$$EnhancerBySpringCGLIB$$2cc48631.jacksonHttpMessageConverter(&lt;generated&gt;)
	at sun.reflect.NativeMethodAccessorImpl.invoke0(Native Method)
	at sun.reflect.NativeMethodAccessorImpl.invoke(NativeMethodAccessorImpl.java:39)
	at sun.reflect.DelegatingMethodAccessorImpl.invoke(DelegatingMethodAccessorImpl.java:25)
	at java.lang.reflect.Method.invoke(Method.java:597)
	at org.springframework.beans.factory.support.SimpleInstantiationStrategy.instantiate(SimpleInstantiationStrategy.java:166)
	... 131 more
Caused by: org.springframework.beans.factory.BeanDefinitionStoreException: Factory method [public org.springframework.data.rest.core.config.RepositoryRestConfiguration org.springframework.data.rest.webmvc.config.RepositoryRestMvcConfiguration.config()] threw exception; nested exception is org.springframework.beans.factory.BeanCreationException: Error creating bean with name &apos;repositories&apos; defined in class path resource [org/springframework/data/rest/webmvc/config/RepositoryRestMvcConfiguration.class]: Instantiation of bean failed; nested exception is org.springframework.beans.factory.BeanDefinitionStoreException: Factory method [public org.springframework.data.repository.support.Repositories org.springframework.data.rest.webmvc.config.RepositoryRestMvcConfiguration.repositories()] threw exception; nested exception is org.springframework.beans.factory.UnsatisfiedDependencyException: Error creating bean with name &apos;mongoDBEnvironmentRepositoryImpl&apos; defined in URL [jar:file:/C:/workspaces/denv/denv-server-mongodb/target/denv-server-mongodb-0.1.0.jar!/org/ssoup/denv/server/persistence/mongodb/repository/MongoDBEnvironmentRepositoryImpl.class]: Unsatisfied dependency expressed through constructor argument with index 1 of type [org.ssoup.denv.server.persistence.ApplicationConfigRepository]: : No qualifying bean of type [org.ssoup.denv.server.persistence.ApplicationConfigRepository] is defined: expected single matching bean but found 2: mongoDBImageRepository,mongoDBApplicationConfigRepository; nested exception is org.springframework.beans.factory.NoUniqueBeanDefinitionException: No qualifying bean of type [org.ssoup.denv.server.persistence.ApplicationConfigRepository] is defined: expected single matching bean but found 2: mongoDBImageRepository,mongoDBApplicationConfigRepository
	at org.springframework.beans.factory.support.SimpleInstantiationStrategy.instantiate(SimpleInstantiationStrategy.java:188)
	at org.springframework.beans.factory.support.ConstructorResolver.instantiateUsingFactoryMethod(ConstructorResolver.java:586)
	... 152 more
Caused by: org.springframework.beans.factory.BeanCreationException: Error creating bean with name &apos;repositories&apos; defined in class path resource [org/springframework/data/rest/webmvc/config/RepositoryRestMvcConfiguration.class]: Instantiation of bean failed; nested exception is org.springframework.beans.factory.BeanDefinitionStoreException: Factory method [public org.springframework.data.repository.support.Repositories org.springframework.data.rest.webmvc.config.RepositoryRestMvcConfiguration.repositories()] threw exception; nested exception is org.springframework.beans.factory.UnsatisfiedDependencyException: Error creating bean with name &apos;mongoDBEnvironmentRepositoryImpl&apos; defined in URL [jar:file:/C:/workspaces/denv/denv-server-mongodb/target/denv-server-mongodb-0.1.0.jar!/org/ssoup/denv/server/persistence/mongodb/repository/MongoDBEnvironmentRepositoryImpl.class]: Unsatisfied dependency expressed through constructor argument with index 1 of type [org.ssoup.denv.server.persistence.ApplicationConfigRepository]: : No qualifying bean of type [org.ssoup.denv.server.persistence.ApplicationConfigRepository] is defined: expected single matching bean but found 2: mongoDBImageRepository,mongoDBApplicationConfigRepository; nested exception is org.springframework.beans.factory.NoUniqueBeanDefinitionException: No qualifying bean of type [org.ssoup.denv.server.persistence.ApplicationConfigRepository] is defined: expected single matching bean but found 2: mongoDBImageRepository,mongoDBApplicationConfigRepository
	at org.springframework.beans.factory.support.ConstructorResolver.instantiateUsingFactoryMethod(ConstructorResolver.java:597)
	at org.springframework.beans.factory.support.AbstractAutowireCapableBeanFactory.instantiateUsingFactoryMethod(AbstractAutowireCapableBeanFactory.java:1094)
	at org.springframework.beans.factory.support.AbstractAutowireCapableBeanFactory.createBeanInstance(AbstractAutowireCapableBeanFactory.java:989)
	at org.springframework.beans.factory.support.AbstractAutowireCapableBeanFactory.doCreateBean(AbstractAutowireCapableBeanFactory.java:504)
	at org.springframework.beans.factory.support.AbstractAutowireCapableBeanFactory.createBean(AbstractAutowireCapableBeanFactory.java:475)
	at org.springframework.beans.factory.support.AbstractBeanFactory$1.getObject(AbstractBeanFactory.java:302)
	at org.springframework.beans.factory.support.DefaultSingletonBeanRegistry.getSingleton(DefaultSingletonBeanRegistry.java:228)
	at org.springframework.beans.factory.support.AbstractBeanFactory.doGetBean(AbstractBeanFactory.java:298)
	at org.springframework.beans.factory.support.AbstractBeanFactory.getBean(AbstractBeanFactory.java:193)
	at org.springframework.context.annotation.ConfigurationClassEnhancer$BeanMethodInterceptor.intercept(ConfigurationClassEnhancer.java:324)
	at org.springframework.data.rest.webmvc.config.RepositoryRestMvcConfiguration$$EnhancerBySpringCGLIB$$2cc48631.repositories(&lt;generated&gt;)
	at org.springframework.data.rest.webmvc.config.RepositoryRestMvcConfiguration.getProjections(RepositoryRestMvcConfiguration.java:621)
	at org.springframework.data.rest.webmvc.config.RepositoryRestMvcConfiguration.config(RepositoryRestMvcConfiguration.java:224)
	at org.springframework.data.rest.webmvc.config.RepositoryRestMvcConfiguration$$EnhancerBySpringCGLIB$$2cc48631.CGLIB$config$40(&lt;generated&gt;)
	at org.springframework.data.rest.webmvc.config.RepositoryRestMvcConfiguration$$EnhancerBySpringCGLIB$$2cc48631$$FastClassBySpringCGLIB$$1e60d3fc.invoke(&lt;generated&gt;)
	at org.springframework.cglib.proxy.MethodProxy.invokeSuper(MethodProxy.java:228)
	at org.springframework.context.annotation.ConfigurationClassEnhancer$BeanMethodInterceptor.intercept(ConfigurationClassEnhancer.java:312)
	at org.springframework.data.rest.webmvc.config.RepositoryRestMvcConfiguration$$EnhancerBySpringCGLIB$$2cc48631.config(&lt;generated&gt;)
	at sun.reflect.NativeMethodAccessorImpl.invoke0(Native Method)
	at sun.reflect.NativeMethodAccessorImpl.invoke(NativeMethodAccessorImpl.java:39)
	at sun.reflect.DelegatingMethodAccessorImpl.invoke(DelegatingMethodAccessorImpl.java:25)
	at java.lang.reflect.Method.invoke(Method.java:597)
	at org.springframework.beans.factory.support.SimpleInstantiationStrategy.instantiate(SimpleInstantiationStrategy.java:166)
	... 153 more
Caused by: org.springframework.beans.factory.BeanDefinitionStoreException: Factory method [public org.springframework.data.repository.support.Repositories org.springframework.data.rest.webmvc.config.RepositoryRestMvcConfiguration.repositories()] threw exception; nested exception is org.springframework.beans.factory.UnsatisfiedDependencyException: Error creating bean with name &apos;mongoDBEnvironmentRepositoryImpl&apos; defined in URL [jar:file:/C:/workspaces/denv/denv-server-mongodb/target/denv-server-mongodb-0.1.0.jar!/org/ssoup/denv/server/persistence/mongodb/repository/MongoDBEnvironmentRepositoryImpl.class]: Unsatisfied dependency expressed through constructor argument with index 1 of type [org.ssoup.denv.server.persistence.ApplicationConfigRepository]: : No qualifying bean of type [org.ssoup.denv.server.persistence.ApplicationConfigRepository] is defined: expected single matching bean but found 2: mongoDBImageRepository,mongoDBApplicationConfigRepository; nested exception is org.springframework.beans.factory.NoUniqueBeanDefinitionException: No qualifying bean of type [org.ssoup.denv.server.persistence.ApplicationConfigRepository] is defined: expected single matching bean but found 2: mongoDBImageRepository,mongoDBApplicationConfigRepository
	at org.springframework.beans.factory.support.SimpleInstantiationStrategy.instantiate(SimpleInstantiationStrategy.java:188)
	at org.springframework.beans.factory.support.ConstructorResolver.instantiateUsingFactoryMethod(ConstructorResolver.java:586)
	... 175 more
Caused by: org.springframework.beans.factory.UnsatisfiedDependencyException: Error creating bean with name &apos;mongoDBEnvironmentRepositoryImpl&apos; defined in URL [jar:file:/C:/workspaces/denv/denv-server-mongodb/target/denv-server-mongodb-0.1.0.jar!/org/ssoup/denv/server/persistence/mongodb/repository/MongoDBEnvironmentRepositoryImpl.class]: Unsatisfied dependency expressed through constructor argument with index 1 of type [org.ssoup.denv.server.persistence.ApplicationConfigRepository]: : No qualifying bean of type [org.ssoup.denv.server.persistence.ApplicationConfigRepository] is defined: expected single matching bean but found 2: mongoDBImageRepository,mongoDBApplicationConfigRepository; nested exception is org.springframework.beans.factory.NoUniqueBeanDefinitionException: No qualifying bean of type [org.ssoup.denv.server.persistence.ApplicationConfigRepository] is defined: expected single matching bean but found 2: mongoDBImageRepository,mongoDBApplicationConfigRepository
	at org.springframework.beans.factory.support.ConstructorResolver.createArgumentArray(ConstructorResolver.java:747)
	at org.springframework.beans.factory.support.ConstructorResolver.autowireConstructor(ConstructorResolver.java:185)
	at org.springframework.beans.factory.support.AbstractAutowireCapableBeanFactory.autowireConstructor(AbstractAutowireCapableBeanFactory.java:1114)
	at org.springframework.beans.factory.support.AbstractAutowireCapableBeanFactory.createBeanInstance(AbstractAutowireCapableBeanFactory.java:1017)
	at org.springframework.beans.factory.support.AbstractAutowireCapableBeanFactory.doCreateBean(AbstractAutowireCapableBeanFactory.java:504)
	at org.springframework.beans.factory.support.AbstractAutowireCapableBeanFactory.createBean(AbstractAutowireCapableBeanFactory.java:475)
	at org.springframework.beans.factory.support.AbstractBeanFactory$1.getObject(AbstractBeanFactory.java:302)
	at org.springframework.beans.factory.support.DefaultSingletonBeanRegistry.getSingleton(DefaultSingletonBeanRegistry.java:228)
	at org.springframework.beans.factory.support.AbstractBeanFactory.doGetBean(AbstractBeanFactory.java:298)
	at org.springframework.beans.factory.support.AbstractBeanFactory.getBean(AbstractBeanFactory.java:193)
	at org.springframework.beans.factory.support.AbstractBeanFactory.doGetBean(AbstractBeanFactory.java:292)
	at org.springframework.beans.factory.support.AbstractBeanFactory.getBean(AbstractBeanFactory.java:198)
	at org.springframework.data.repository.support.Repositories.populateRepositoryFactoryInformation(Repositories.java:87)
	at org.springframework.data.repository.support.Repositories.&lt;init&gt;(Repositories.java:78)
	at org.springframework.data.rest.webmvc.config.RepositoryRestMvcConfiguration.repositories(RepositoryRestMvcConfiguration.java:146)
	at org.springframework.data.rest.webmvc.config.RepositoryRestMvcConfiguration$$EnhancerBySpringCGLIB$$2cc48631.CGLIB$repositories$2(&lt;generated&gt;)
	at org.springframework.data.rest.webmvc.config.RepositoryRestMvcConfiguration$$EnhancerBySpringCGLIB$$2cc48631$$FastClassBySpringCGLIB$$1e60d3fc.invoke(&lt;generated&gt;)
	at org.springframework.cglib.proxy.MethodProxy.invokeSuper(MethodProxy.java:228)
	at org.springframework.context.annotation.ConfigurationClassEnhancer$BeanMethodInterceptor.intercept(ConfigurationClassEnhancer.java:312)
	at org.springframework.data.rest.webmvc.config.RepositoryRestMvcConfiguration$$EnhancerBySpringCGLIB$$2cc48631.repositories(&lt;generated&gt;)
	at sun.reflect.NativeMethodAccessorImpl.invoke0(Native Method)
	at sun.reflect.NativeMethodAccessorImpl.invoke(NativeMethodAccessorImpl.java:39)
	at sun.reflect.DelegatingMethodAccessorImpl.invoke(DelegatingMethodAccessorImpl.java:25)
	at java.lang.reflect.Method.invoke(Method.java:597)
	at org.springframework.beans.factory.support.SimpleInstantiationStrategy.instantiate(SimpleInstantiationStrategy.java:166)
	... 176 more
Caused by: org.springframework.beans.factory.NoUniqueBeanDefinitionException: No qualifying bean of type [org.ssoup.denv.server.persistence.ApplicationConfigRepository] is defined: expected single matching bean but found 2: mongoDBImageRepository,mongoDBApplicationConfigRepository
	at org.springframework.beans.factory.support.DefaultListableBeanFactory.doResolveDependency(DefaultListableBeanFactory.java:970)
	at org.springframework.beans.factory.support.DefaultListableBeanFactory.resolveDependency(DefaultListableBeanFactory.java:858)
	at org.springframework.beans.factory.support.ConstructorResolver.resolveAutowiredArgument(ConstructorResolver.java:811)
	at org.springframework.beans.factory.support.ConstructorResolver.createArgumentArray(ConstructorResolver.java:739)
	... 200 more
</error>
    <system-out>2014-09-12 15:54:12.812 DEBUG 10216 --- [           main] o.s.w.c.s.StandardServletEnvironment     : Adding [servletConfigInitParams] PropertySource with lowest search precedence
2014-09-12 15:54:12.813 DEBUG 10216 --- [           main] o.s.w.c.s.StandardServletEnvironment     : Adding [servletContextInitParams] PropertySource with lowest search precedence
2014-09-12 15:54:12.813 DEBUG 10216 --- [           main] o.s.w.c.s.StandardServletEnvironment     : Adding [jndiProperties] PropertySource with lowest search precedence
2014-09-12 15:54:12.813 DEBUG 10216 --- [           main] o.s.w.c.s.StandardServletEnvironment     : Adding [systemProperties] PropertySource with lowest search precedence
2014-09-12 15:54:12.813 DEBUG 10216 --- [           main] o.s.w.c.s.StandardServletEnvironment     : Adding [systemEnvironment] PropertySource with lowest search precedence
2014-09-12 15:54:12.813 DEBUG 10216 --- [           main] o.s.w.c.s.StandardServletEnvironment     : Initialized StandardServletEnvironment with PropertySources [servletConfigInitParams,servletContextInitParams,jndiProperties,systemProperties,systemEnvironment]
2014-09-12 15:54:12.814 DEBUG 10216 --- [           main] o.s.w.c.s.StandardServletEnvironment     : Adding [integrationTest] PropertySource with search precedence immediately lower than [systemEnvironment]

  .   ____          _            __ _ _
 /\\ / ___&apos;_ __ _ _(_)_ __  __ _ \ \ \ \
( ( )\___ | &apos;_ | &apos;_| | &apos;_ \/ _` | \ \ \ \
 \\/  ___)| |_)| | | | | || (_| |  ) ) ) )
  &apos;  |____| .__|_| |_|_| |_\__, | / / / /
 =========|_|==============|___/=/_/_/_/
 :: Spring Boot ::        (v1.1.5.RELEASE)

2014-09-12 15:54:12.878 DEBUG 10216 --- [           main] o.s.w.c.s.StandardServletEnvironment     : Adding [servletConfigInitParams] PropertySource with lowest search precedence
2014-09-12 15:54:12.878 DEBUG 10216 --- [           main] o.s.w.c.s.StandardServletEnvironment     : Adding [servletContextInitParams] PropertySource with lowest search precedence
2014-09-12 15:54:12.879 DEBUG 10216 --- [           main] o.s.w.c.s.StandardServletEnvironment     : Adding [jndiProperties] PropertySource with lowest search precedence
2014-09-12 15:54:12.879 DEBUG 10216 --- [           main] o.s.w.c.s.StandardServletEnvironment     : Adding [systemProperties] PropertySource with lowest search precedence
2014-09-12 15:54:12.879 DEBUG 10216 --- [           main] o.s.w.c.s.StandardServletEnvironment     : Adding [systemEnvironment] PropertySource with lowest search precedence
2014-09-12 15:54:12.879 DEBUG 10216 --- [           main] o.s.w.c.s.StandardServletEnvironment     : Initialized StandardServletEnvironment with PropertySources [servletConfigInitParams,servletContextInitParams,jndiProperties,systemProperties,systemEnvironment]
2014-09-12 15:54:12.882  INFO 10216 --- [           main] o.a.m.surefire.booter.SurefireBooter     : Starting SurefireBooter v2.4.3 on Alderai with PID 10216 (C:\Users\ALB\.m2\repository\org\apache\maven\surefire\surefire-booter\2.4.3\surefire-booter-2.4.3.jar started by ALB in C:\workspaces\denv\denv-server-integration-test)
2014-09-12 15:54:12.884  INFO 10216 --- [           main] ationConfigEmbeddedWebApplicationContext : Refreshing org.springframework.boot.context.embedded.AnnotationConfigEmbeddedWebApplicationContext@11c4123: startup date [Fri Sep 12 15:54:12 CEST 2014]; root of context hierarchy
2014-09-12 15:54:13.176 DEBUG 10216 --- [           main] o.s.w.c.s.StandardServletEnvironment     : Adding [class path resource [application.properties]] PropertySource with lowest search precedence
2014-09-12 15:54:13.225  INFO 10216 --- [           main] o.s.b.f.s.DefaultListableBeanFactory     : Overriding bean definition for bean &apos;beanNameViewResolver&apos;: replacing [Root bean: class [null]; scope=; abstract=false; lazyInit=false; autowireMode=3; dependencyCheck=0; autowireCandidate=true; primary=false; factoryBeanName=org.springframework.boot.autoconfigure.web.ErrorMvcAutoConfiguration$WhitelabelErrorViewConfiguration; factoryMethodName=beanNameViewResolver; initMethodName=null; destroyMethodName=(inferred); defined in class path resource [org/springframework/boot/autoconfigure/web/ErrorMvcAutoConfiguration$WhitelabelErrorViewConfiguration.class]] with [Root bean: class [null]; scope=; abstract=false; lazyInit=false; autowireMode=3; dependencyCheck=0; autowireCandidate=true; primary=false; factoryBeanName=org.springframework.boot.autoconfigure.web.WebMvcAutoConfiguration$WebMvcAutoConfigurationAdapter; factoryMethodName=beanNameViewResolver; initMethodName=null; destroyMethodName=(inferred); defined in class path resource [org/springframework/boot/autoconfigure/web/WebMvcAutoConfiguration$WebMvcAutoConfigurationAdapter.class]]
2014-09-12 15:54:13.957 DEBUG 10216 --- [           main] o.s.w.c.s.StandardServletEnvironment     : Adding [applicationConfig: [classpath:/application.properties]] PropertySource with search precedence immediately lower than [applicationConfigurationProperties]
2014-09-12 15:54:13.957 DEBUG 10216 --- [           main] o.s.w.c.s.StandardServletEnvironment     : Removing [applicationConfigurationProperties] PropertySource
2014-09-12 15:54:13.957 DEBUG 10216 --- [           main] o.s.w.c.s.StandardServletEnvironment     : Removing [defaultProperties] PropertySource
2014-09-12 15:54:14.024  INFO 10216 --- [           main] f.a.AutowiredAnnotationBeanPostProcessor : JSR-330 &apos;javax.inject.Inject&apos; annotation found and supported for autowiring
2014-09-12 15:54:14.277  INFO 10216 --- [           main] .t.TomcatEmbeddedServletContainerFactory : Server initialized with port: 8080
2014-09-12 15:54:14.278  INFO 10216 --- [           main] o.apache.catalina.core.StandardService   : Starting service Tomcat
2014-09-12 15:54:14.279  INFO 10216 --- [           main] org.apache.catalina.core.StandardEngine  : Starting Servlet Engine: Apache Tomcat/7.0.54
2014-09-12 15:54:14.284  INFO 10216 --- [ost-startStop-1] o.a.c.c.C.[Tomcat-2].[localhost].[/]     : Initializing Spring embedded WebApplicationContext
2014-09-12 15:54:14.285 DEBUG 10216 --- [ost-startStop-1] o.s.web.context.ContextLoader            : Published root WebApplicationContext as ServletContext attribute with name [org.springframework.web.context.WebApplicationContext.ROOT]
2014-09-12 15:54:14.285  INFO 10216 --- [ost-startStop-1] o.s.web.context.ContextLoader            : Root WebApplicationContext: initialization completed in 1401 ms
2014-09-12 15:54:15.784  WARN 10216 --- [ost-startStop-1] o.s.d.m.c.m.BasicMongoPersistentProperty : Customizing field name for id property not allowed! Custom name will not be considered!
2014-09-12 15:54:15.790 ERROR 10216 --- [ost-startStop-1] rvletContextInitializerLifecycleListener : Error starting Tomcat context: org.springframework.beans.factory.BeanCreationException
2014-09-12 15:54:15.794  INFO 10216 --- [           main] .b.l.ClasspathLoggingApplicationListener : Application failed to start with classpath: [file:/C:/Users/ALB/AppData/Local/Temp/surefirebooter7995350138174825736.jar]
2014-09-12 15:54:15.801 ERROR 10216 --- [           main] o.s.boot.SpringApplication               : Application startup failed

org.springframework.context.ApplicationContextException: Unable to start embedded container; nested exception is org.springframework.boot.context.embedded.EmbeddedServletContainerException: Unable to start embedded Tomcat
	at org.springframework.boot.context.embedded.EmbeddedWebApplicationContext.onRefresh(EmbeddedWebApplicationContext.java:135)
	at org.springframework.context.support.AbstractApplicationContext.refresh(AbstractApplicationContext.java:476)
	at org.springframework.boot.context.embedded.EmbeddedWebApplicationContext.refresh(EmbeddedWebApplicationContext.java:120)
	at org.springframework.boot.SpringApplication.refresh(SpringApplication.java:691)
	at org.springframework.boot.SpringApplication.run(SpringApplication.java:320)
	at org.springframework.boot.test.SpringApplicationContextLoader.loadContext(SpringApplicationContextLoader.java:107)
	at org.springframework.test.context.CacheAwareContextLoaderDelegate.loadContextInternal(CacheAwareContextLoaderDelegate.java:64)
	at org.springframework.test.context.CacheAwareContextLoaderDelegate.loadContext(CacheAwareContextLoaderDelegate.java:91)
	at org.springframework.test.context.DefaultTestContext.getApplicationContext(DefaultTestContext.java:101)
	at org.springframework.test.context.support.DependencyInjectionTestExecutionListener.injectDependencies(DependencyInjectionTestExecutionListener.java:109)
	at org.springframework.test.context.support.DependencyInjectionTestExecutionListener.prepareTestInstance(DependencyInjectionTestExecutionListener.java:75)
	at org.springframework.test.context.TestContextManager.prepareTestInstance(TestContextManager.java:331)
	at org.springframework.test.context.junit4.SpringJUnit4ClassRunner.createTest(SpringJUnit4ClassRunner.java:213)
	at org.springframework.test.context.junit4.SpringJUnit4ClassRunner$1.runReflectiveCall(SpringJUnit4ClassRunner.java:290)
	at org.junit.internal.runners.model.ReflectiveCallable.run(ReflectiveCallable.java:12)
	at org.springframework.test.context.junit4.SpringJUnit4ClassRunner.methodBlock(SpringJUnit4ClassRunner.java:292)
	at org.springframework.test.context.junit4.SpringJUnit4ClassRunner.runChild(SpringJUnit4ClassRunner.java:233)
	at org.springframework.test.context.junit4.SpringJUnit4ClassRunner.runChild(SpringJUnit4ClassRunner.java:87)
	at org.junit.runners.ParentRunner$3.run(ParentRunner.java:238)
	at org.junit.runners.ParentRunner$1.schedule(ParentRunner.java:63)
	at org.junit.runners.ParentRunner.runChildren(ParentRunner.java:236)
	at org.junit.runners.ParentRunner.access$000(ParentRunner.java:53)
	at org.junit.runners.ParentRunner$2.evaluate(ParentRunner.java:229)
	at org.springframework.test.context.junit4.statements.RunBeforeTestClassCallbacks.evaluate(RunBeforeTestClassCallbacks.java:61)
	at org.springframework.test.context.junit4.statements.RunAfterTestClassCallbacks.evaluate(RunAfterTestClassCallbacks.java:71)
	at org.junit.runners.ParentRunner.run(ParentRunner.java:309)
	at org.springframework.test.context.junit4.SpringJUnit4ClassRunner.run(SpringJUnit4ClassRunner.java:176)
	at org.apache.maven.surefire.junit4.JUnit4TestSet.execute(JUnit4TestSet.java:62)
	at org.apache.maven.surefire.suite.AbstractDirectoryTestSuite.executeTestSet(AbstractDirectoryTestSuite.java:140)
	at org.apache.maven.surefire.suite.AbstractDirectoryTestSuite.execute(AbstractDirectoryTestSuite.java:127)
	at org.apache.maven.surefire.Surefire.run(Surefire.java:177)
	at sun.reflect.NativeMethodAccessorImpl.invoke0(Native Method)
	at sun.reflect.NativeMethodAccessorImpl.invoke(NativeMethodAccessorImpl.java:39)
	at sun.reflect.DelegatingMethodAccessorImpl.invoke(DelegatingMethodAccessorImpl.java:25)
	at java.lang.reflect.Method.invoke(Method.java:597)
	at org.apache.maven.surefire.booter.SurefireBooter.runSuitesInProcess(SurefireBooter.java:345)
	at org.apache.maven.surefire.booter.SurefireBooter.main(SurefireBooter.java:1009)
Caused by: org.springframework.boot.context.embedded.EmbeddedServletContainerException: Unable to start embedded Tomcat
	at org.springframework.boot.context.embedded.tomcat.TomcatEmbeddedServletContainer.initialize(TomcatEmbeddedServletContainer.java:100)
	at org.springframework.boot.context.embedded.tomcat.TomcatEmbeddedServletContainer.&lt;init&gt;(TomcatEmbeddedServletContainer.java:74)
	at org.springframework.boot.context.embedded.tomcat.TomcatEmbeddedServletContainerFactory.getTomcatEmbeddedServletContainer(TomcatEmbeddedServletContainerFactory.java:289)
	at org.springframework.boot.context.embedded.tomcat.TomcatEmbeddedServletContainerFactory.getEmbeddedServletContainer(TomcatEmbeddedServletContainerFactory.java:146)
	at org.springframework.boot.context.embedded.EmbeddedWebApplicationContext.createEmbeddedServletContainer(EmbeddedWebApplicationContext.java:159)
	at org.springframework.boot.context.embedded.EmbeddedWebApplicationContext.onRefresh(EmbeddedWebApplicationContext.java:132)
	... 36 common frames omitted
Caused by: org.springframework.beans.factory.BeanCreationException: Error creating bean with name &apos;org.springframework.security.config.annotation.web.configuration.WebSecurityConfiguration&apos;: Injection of autowired dependencies failed; nested exception is org.springframework.beans.factory.BeanCreationException: Could not autowire method: public void org.springframework.security.config.annotation.web.configuration.WebSecurityConfiguration.setFilterChainProxySecurityConfigurer(org.springframework.security.config.annotation.ObjectPostProcessor,java.util.List) throws java.lang.Exception; nested exception is org.springframework.beans.factory.BeanExpressionException: Expression parsing failed; nested exception is org.springframework.beans.factory.BeanCreationException: Error creating bean with name &apos;securityConfig&apos;: Injection of autowired dependencies failed; nested exception is org.springframework.beans.factory.BeanCreationException: Could not autowire method: public void org.springframework.security.config.annotation.web.configuration.WebSecurityConfigurerAdapter.setContentNegotationStrategy(org.springframework.web.accept.ContentNegotiationStrategy); nested exception is org.springframework.beans.factory.BeanCreationException: Error creating bean with name &apos;org.springframework.web.servlet.config.annotation.DelegatingWebMvcConfiguration&apos;: Injection of autowired dependencies failed; nested exception is org.springframework.beans.factory.BeanCreationException: Could not autowire method: public void org.springframework.web.servlet.config.annotation.DelegatingWebMvcConfiguration.setConfigurers(java.util.List); nested exception is org.springframework.beans.factory.BeanCreationException: Error creating bean with name &apos;org.springframework.boot.autoconfigure.web.WebMvcAutoConfiguration$WebMvcAutoConfigurationAdapter&apos;: Injection of autowired dependencies failed; nested exception is org.springframework.beans.factory.BeanCreationException: Could not autowire field: private org.springframework.boot.autoconfigure.web.HttpMessageConverters org.springframework.boot.autoconfigure.web.WebMvcAutoConfiguration$WebMvcAutoConfigurationAdapter.messageConverters; nested exception is org.springframework.beans.factory.BeanCreationException: Error creating bean with name &apos;org.springframework.boot.autoconfigure.web.HttpMessageConvertersAutoConfiguration&apos;: Injection of autowired dependencies failed; nested exception is org.springframework.beans.factory.BeanCreationException: Could not autowire field: private final java.util.List org.springframework.boot.autoconfigure.web.HttpMessageConvertersAutoConfiguration.converters; nested exception is org.springframework.beans.factory.BeanCreationException: Error creating bean with name &apos;jacksonHttpMessageConverter&apos; defined in class path resource [org/springframework/data/rest/webmvc/config/RepositoryRestMvcConfiguration.class]: Instantiation of bean failed; nested exception is org.springframework.beans.factory.BeanDefinitionStoreException: Factory method [public org.springframework.http.converter.json.MappingJackson2HttpMessageConverter org.springframework.data.rest.webmvc.config.RepositoryRestMvcConfiguration.jacksonHttpMessageConverter()] threw exception; nested exception is org.springframework.beans.factory.BeanCreationException: Error creating bean with name &apos;config&apos; defined in class path resource [org/springframework/data/rest/webmvc/config/RepositoryRestMvcConfiguration.class]: Instantiation of bean failed; nested exception is org.springframework.beans.factory.BeanDefinitionStoreException: Factory method [public org.springframework.data.rest.core.config.RepositoryRestConfiguration org.springframework.data.rest.webmvc.config.RepositoryRestMvcConfiguration.config()] threw exception; nested exception is org.springframework.beans.factory.BeanCreationException: Error creating bean with name &apos;repositories&apos; defined in class path resource [org/springframework/data/rest/webmvc/config/RepositoryRestMvcConfiguration.class]: Instantiation of bean failed; nested exception is org.springframework.beans.factory.BeanDefinitionStoreException: Factory method [public org.springframework.data.repository.support.Repositories org.springframework.data.rest.webmvc.config.RepositoryRestMvcConfiguration.repositories()] threw exception; nested exception is org.springframework.beans.factory.UnsatisfiedDependencyException: Error creating bean with name &apos;mongoDBEnvironmentRepositoryImpl&apos; defined in URL [jar:file:/C:/workspaces/denv/denv-server-mongodb/target/denv-server-mongodb-0.1.0.jar!/org/ssoup/denv/server/persistence/mongodb/repository/MongoDBEnvironmentRepositoryImpl.class]: Unsatisfied dependency expressed through constructor argument with index 1 of type [org.ssoup.denv.server.persistence.ApplicationConfigRepository]: : No qualifying bean of type [org.ssoup.denv.server.persistence.ApplicationConfigRepository] is defined: expected single matching bean but found 2: mongoDBImageRepository,mongoDBApplicationConfigRepository; nested exception is org.springframework.beans.factory.NoUniqueBeanDefinitionException: No qualifying bean of type [org.ssoup.denv.server.persistence.ApplicationConfigRepository] is defined: expected single matching bean but found 2: mongoDBImageRepository,mongoDBApplicationConfigRepository
	at org.springframework.beans.factory.annotation.AutowiredAnnotationBeanPostProcessor.postProcessPropertyValues(AutowiredAnnotationBeanPostProcessor.java:292)
	at org.springframework.beans.factory.support.AbstractAutowireCapableBeanFactory.populateBean(AbstractAutowireCapableBeanFactory.java:1185)
	at org.springframework.beans.factory.support.AbstractAutowireCapableBeanFactory.doCreateBean(AbstractAutowireCapableBeanFactory.java:537)
	at org.springframework.beans.factory.support.AbstractAutowireCapableBeanFactory.createBean(AbstractAutowireCapableBeanFactory.java:475)
	at org.springframework.beans.factory.support.AbstractBeanFactory$1.getObject(AbstractBeanFactory.java:302)
	at org.springframework.beans.factory.support.DefaultSingletonBeanRegistry.getSingleton(DefaultSingletonBeanRegistry.java:228)
	at org.springframework.beans.factory.support.AbstractBeanFactory.doGetBean(AbstractBeanFactory.java:298)
	at org.springframework.beans.factory.support.AbstractBeanFactory.getBean(AbstractBeanFactory.java:193)
	at org.springframework.beans.factory.support.ConstructorResolver.instantiateUsingFactoryMethod(ConstructorResolver.java:370)
	at org.springframework.beans.factory.support.AbstractAutowireCapableBeanFactory.instantiateUsingFactoryMethod(AbstractAutowireCapableBeanFactory.java:1094)
	at org.springframework.beans.factory.support.AbstractAutowireCapableBeanFactory.createBeanInstance(AbstractAutowireCapableBeanFactory.java:989)
	at org.springframework.beans.factory.support.AbstractAutowireCapableBeanFactory.doCreateBean(AbstractAutowireCapableBeanFactory.java:504)
	at org.springframework.beans.factory.support.AbstractAutowireCapableBeanFactory.createBean(AbstractAutowireCapableBeanFactory.java:475)
	at org.springframework.beans.factory.support.AbstractBeanFactory$1.getObject(AbstractBeanFactory.java:302)
	at org.springframework.beans.factory.support.DefaultSingletonBeanRegistry.getSingleton(DefaultSingletonBeanRegistry.java:228)
	at org.springframework.beans.factory.support.AbstractBeanFactory.doGetBean(AbstractBeanFactory.java:298)
	at org.springframework.beans.factory.support.AbstractBeanFactory.getBean(AbstractBeanFactory.java:198)
	at org.springframework.boot.context.embedded.EmbeddedWebApplicationContext.getOrderedBeansOfType(EmbeddedWebApplicationContext.java:367)
	at org.springframework.boot.context.embedded.EmbeddedWebApplicationContext.getServletContextInitializerBeans(EmbeddedWebApplicationContext.java:268)
	at org.springframework.boot.context.embedded.EmbeddedWebApplicationContext$1.onStartup(EmbeddedWebApplicationContext.java:213)
	at org.springframework.boot.context.embedded.tomcat.ServletContextInitializerLifecycleListener.lifecycleEvent(ServletContextInitializerLifecycleListener.java:64)
	at org.apache.catalina.util.LifecycleSupport.fireLifecycleEvent(LifecycleSupport.java:117)
	at org.apache.catalina.util.LifecycleBase.fireLifecycleEvent(LifecycleBase.java:90)
	at org.apache.catalina.core.StandardContext.startInternal(StandardContext.java:5355)
	at org.apache.catalina.util.LifecycleBase.start(LifecycleBase.java:150)
	at org.apache.catalina.core.ContainerBase$StartChild.call(ContainerBase.java:1559)
	at org.apache.catalina.core.ContainerBase$StartChild.call(ContainerBase.java:1549)
	at java.util.concurrent.FutureTask$Sync.innerRun(FutureTask.java:303)
	at java.util.concurrent.FutureTask.run(FutureTask.java:138)
	at java.util.concurrent.ThreadPoolExecutor$Worker.runTask(ThreadPoolExecutor.java:886)
	at java.util.concurrent.ThreadPoolExecutor$Worker.run(ThreadPoolExecutor.java:908)
	at java.lang.Thread.run(Thread.java:662)
Caused by: org.springframework.beans.factory.BeanCreationException: Could not autowire method: public void org.springframework.security.config.annotation.web.configuration.WebSecurityConfiguration.setFilterChainProxySecurityConfigurer(org.springframework.security.config.annotation.ObjectPostProcessor,java.util.List) throws java.lang.Exception; nested exception is org.springframework.beans.factory.BeanExpressionException: Expression parsing failed; nested exception is org.springframework.beans.factory.BeanCreationException: Error creating bean with name &apos;securityConfig&apos;: Injection of autowired dependencies failed; nested exception is org.springframework.beans.factory.BeanCreationException: Could not autowire method: public void org.springframework.security.config.annotation.web.configuration.WebSecurityConfigurerAdapter.setContentNegotationStrategy(org.springframework.web.accept.ContentNegotiationStrategy); nested exception is org.springframework.beans.factory.BeanCreationException: Error creating bean with name &apos;org.springframework.web.servlet.config.annotation.DelegatingWebMvcConfiguration&apos;: Injection of autowired dependencies failed; nested exception is org.springframework.beans.factory.BeanCreationException: Could not autowire method: public void org.springframework.web.servlet.config.annotation.DelegatingWebMvcConfiguration.setConfigurers(java.util.List); nested exception is org.springframework.beans.factory.BeanCreationException: Error creating bean with name &apos;org.springframework.boot.autoconfigure.web.WebMvcAutoConfiguration$WebMvcAutoConfigurationAdapter&apos;: Injection of autowired dependencies failed; nested exception is org.springframework.beans.factory.BeanCreationException: Could not autowire field: private org.springframework.boot.autoconfigure.web.HttpMessageConverters org.springframework.boot.autoconfigure.web.WebMvcAutoConfiguration$WebMvcAutoConfigurationAdapter.messageConverters; nested exception is org.springframework.beans.factory.BeanCreationException: Error creating bean with name &apos;org.springframework.boot.autoconfigure.web.HttpMessageConvertersAutoConfiguration&apos;: Injection of autowired dependencies failed; nested exception is org.springframework.beans.factory.BeanCreationException: Could not autowire field: private final java.util.List org.springframework.boot.autoconfigure.web.HttpMessageConvertersAutoConfiguration.converters; nested exception is org.springframework.beans.factory.BeanCreationException: Error creating bean with name &apos;jacksonHttpMessageConverter&apos; defined in class path resource [org/springframework/data/rest/webmvc/config/RepositoryRestMvcConfiguration.class]: Instantiation of bean failed; nested exception is org.springframework.beans.factory.BeanDefinitionStoreException: Factory method [public org.springframework.http.converter.json.MappingJackson2HttpMessageConverter org.springframework.data.rest.webmvc.config.RepositoryRestMvcConfiguration.jacksonHttpMessageConverter()] threw exception; nested exception is org.springframework.beans.factory.BeanCreationException: Error creating bean with name &apos;config&apos; defined in class path resource [org/springframework/data/rest/webmvc/config/RepositoryRestMvcConfiguration.class]: Instantiation of bean failed; nested exception is org.springframework.beans.factory.BeanDefinitionStoreException: Factory method [public org.springframework.data.rest.core.config.RepositoryRestConfiguration org.springframework.data.rest.webmvc.config.RepositoryRestMvcConfiguration.config()] threw exception; nested exception is org.springframework.beans.factory.BeanCreationException: Error creating bean with name &apos;repositories&apos; defined in class path resource [org/springframework/data/rest/webmvc/config/RepositoryRestMvcConfiguration.class]: Instantiation of bean failed; nested exception is org.springframework.beans.factory.BeanDefinitionStoreException: Factory method [public org.springframework.data.repository.support.Repositories org.springframework.data.rest.webmvc.config.RepositoryRestMvcConfiguration.repositories()] threw exception; nested exception is org.springframework.beans.factory.UnsatisfiedDependencyException: Error creating bean with name &apos;mongoDBEnvironmentRepositoryImpl&apos; defined in URL [jar:file:/C:/workspaces/denv/denv-server-mongodb/target/denv-server-mongodb-0.1.0.jar!/org/ssoup/denv/server/persistence/mongodb/repository/MongoDBEnvironmentRepositoryImpl.class]: Unsatisfied dependency expressed through constructor argument with index 1 of type [org.ssoup.denv.server.persistence.ApplicationConfigRepository]: : No qualifying bean of type [org.ssoup.denv.server.persistence.ApplicationConfigRepository] is defined: expected single matching bean but found 2: mongoDBImageRepository,mongoDBApplicationConfigRepository; nested exception is org.springframework.beans.factory.NoUniqueBeanDefinitionException: No qualifying bean of type [org.ssoup.denv.server.persistence.ApplicationConfigRepository] is defined: expected single matching bean but found 2: mongoDBImageRepository,mongoDBApplicationConfigRepository
	at org.springframework.beans.factory.annotation.AutowiredAnnotationBeanPostProcessor$AutowiredMethodElement.inject(AutowiredAnnotationBeanPostProcessor.java:596)
	at org.springframework.beans.factory.annotation.InjectionMetadata.inject(InjectionMetadata.java:87)
	at org.springframework.beans.factory.annotation.AutowiredAnnotationBeanPostProcessor.postProcessPropertyValues(AutowiredAnnotationBeanPostProcessor.java:289)
	... 31 common frames omitted
Caused by: org.springframework.beans.factory.BeanExpressionException: Expression parsing failed; nested exception is org.springframework.beans.factory.BeanCreationException: Error creating bean with name &apos;securityConfig&apos;: Injection of autowired dependencies failed; nested exception is org.springframework.beans.factory.BeanCreationException: Could not autowire method: public void org.springframework.security.config.annotation.web.configuration.WebSecurityConfigurerAdapter.setContentNegotationStrategy(org.springframework.web.accept.ContentNegotiationStrategy); nested exception is org.springframework.beans.factory.BeanCreationException: Error creating bean with name &apos;org.springframework.web.servlet.config.annotation.DelegatingWebMvcConfiguration&apos;: Injection of autowired dependencies failed; nested exception is org.springframework.beans.factory.BeanCreationException: Could not autowire method: public void org.springframework.web.servlet.config.annotation.DelegatingWebMvcConfiguration.setConfigurers(java.util.List); nested exception is org.springframework.beans.factory.BeanCreationException: Error creating bean with name &apos;org.springframework.boot.autoconfigure.web.WebMvcAutoConfiguration$WebMvcAutoConfigurationAdapter&apos;: Injection of autowired dependencies failed; nested exception is org.springframework.beans.factory.BeanCreationException: Could not autowire field: private org.springframework.boot.autoconfigure.web.HttpMessageConverters org.springframework.boot.autoconfigure.web.WebMvcAutoConfiguration$WebMvcAutoConfigurationAdapter.messageConverters; nested exception is org.springframework.beans.factory.BeanCreationException: Error creating bean with name &apos;org.springframework.boot.autoconfigure.web.HttpMessageConvertersAutoConfiguration&apos;: Injection of autowired dependencies failed; nested exception is org.springframework.beans.factory.BeanCreationException: Could not autowire field: private final java.util.List org.springframework.boot.autoconfigure.web.HttpMessageConvertersAutoConfiguration.converters; nested exception is org.springframework.beans.factory.BeanCreationException: Error creating bean with name &apos;jacksonHttpMessageConverter&apos; defined in class path resource [org/springframework/data/rest/webmvc/config/RepositoryRestMvcConfiguration.class]: Instantiation of bean failed; nested exception is org.springframework.beans.factory.BeanDefinitionStoreException: Factory method [public org.springframework.http.converter.json.MappingJackson2HttpMessageConverter org.springframework.data.rest.webmvc.config.RepositoryRestMvcConfiguration.jacksonHttpMessageConverter()] threw exception; nested exception is org.springframework.beans.factory.BeanCreationException: Error creating bean with name &apos;config&apos; defined in class path resource [org/springframework/data/rest/webmvc/config/RepositoryRestMvcConfiguration.class]: Instantiation of bean failed; nested exception is org.springframework.beans.factory.BeanDefinitionStoreException: Factory method [public org.springframework.data.rest.core.config.RepositoryRestConfiguration org.springframework.data.rest.webmvc.config.RepositoryRestMvcConfiguration.config()] threw exception; nested exception is org.springframework.beans.factory.BeanCreationException: Error creating bean with name &apos;repositories&apos; defined in class path resource [org/springframework/data/rest/webmvc/config/RepositoryRestMvcConfiguration.class]: Instantiation of bean failed; nested exception is org.springframework.beans.factory.BeanDefinitionStoreException: Factory method [public org.springframework.data.repository.support.Repositories org.springframework.data.rest.webmvc.config.RepositoryRestMvcConfiguration.repositories()] threw exception; nested exception is org.springframework.beans.factory.UnsatisfiedDependencyException: Error creating bean with name &apos;mongoDBEnvironmentRepositoryImpl&apos; defined in URL [jar:file:/C:/workspaces/denv/denv-server-mongodb/target/denv-server-mongodb-0.1.0.jar!/org/ssoup/denv/server/persistence/mongodb/repository/MongoDBEnvironmentRepositoryImpl.class]: Unsatisfied dependency expressed through constructor argument with index 1 of type [org.ssoup.denv.server.persistence.ApplicationConfigRepository]: : No qualifying bean of type [org.ssoup.denv.server.persistence.ApplicationConfigRepository] is defined: expected single matching bean but found 2: mongoDBImageRepository,mongoDBApplicationConfigRepository; nested exception is org.springframework.beans.factory.NoUniqueBeanDefinitionException: No qualifying bean of type [org.ssoup.denv.server.persistence.ApplicationConfigRepository] is defined: expected single matching bean but found 2: mongoDBImageRepository,mongoDBApplicationConfigRepository
	at org.springframework.context.expression.StandardBeanExpressionResolver.evaluate(StandardBeanExpressionResolver.java:146)
	at org.springframework.beans.factory.support.AbstractBeanFactory.evaluateBeanDefinitionString(AbstractBeanFactory.java:1362)
	at org.springframework.beans.factory.support.DefaultListableBeanFactory.doResolveDependency(DefaultListableBeanFactory.java:873)
	at org.springframework.beans.factory.support.DefaultListableBeanFactory.resolveDependency(DefaultListableBeanFactory.java:858)
	at org.springframework.beans.factory.annotation.AutowiredAnnotationBeanPostProcessor$AutowiredMethodElement.inject(AutowiredAnnotationBeanPostProcessor.java:553)
	... 33 common frames omitted
Caused by: org.springframework.beans.factory.BeanCreationException: Error creating bean with name &apos;securityConfig&apos;: Injection of autowired dependencies failed; nested exception is org.springframework.beans.factory.BeanCreationException: Could not autowire method: public void org.springframework.security.config.annotation.web.configuration.WebSecurityConfigurerAdapter.setContentNegotationStrategy(org.springframework.web.accept.ContentNegotiationStrategy); nested exception is org.springframework.beans.factory.BeanCreationException: Error creating bean with name &apos;org.springframework.web.servlet.config.annotation.DelegatingWebMvcConfiguration&apos;: Injection of autowired dependencies failed; nested exception is org.springframework.beans.factory.BeanCreationException: Could not autowire method: public void org.springframework.web.servlet.config.annotation.DelegatingWebMvcConfiguration.setConfigurers(java.util.List); nested exception is org.springframework.beans.factory.BeanCreationException: Error creating bean with name &apos;org.springframework.boot.autoconfigure.web.WebMvcAutoConfiguration$WebMvcAutoConfigurationAdapter&apos;: Injection of autowired dependencies failed; nested exception is org.springframework.beans.factory.BeanCreationException: Could not autowire field: private org.springframework.boot.autoconfigure.web.HttpMessageConverters org.springframework.boot.autoconfigure.web.WebMvcAutoConfiguration$WebMvcAutoConfigurationAdapter.messageConverters; nested exception is org.springframework.beans.factory.BeanCreationException: Error creating bean with name &apos;org.springframework.boot.autoconfigure.web.HttpMessageConvertersAutoConfiguration&apos;: Injection of autowired dependencies failed; nested exception is org.springframework.beans.factory.BeanCreationException: Could not autowire field: private final java.util.List org.springframework.boot.autoconfigure.web.HttpMessageConvertersAutoConfiguration.converters; nested exception is org.springframework.beans.factory.BeanCreationException: Error creating bean with name &apos;jacksonHttpMessageConverter&apos; defined in class path resource [org/springframework/data/rest/webmvc/config/RepositoryRestMvcConfiguration.class]: Instantiation of bean failed; nested exception is org.springframework.beans.factory.BeanDefinitionStoreException: Factory method [public org.springframework.http.converter.json.MappingJackson2HttpMessageConverter org.springframework.data.rest.webmvc.config.RepositoryRestMvcConfiguration.jacksonHttpMessageConverter()] threw exception; nested exception is org.springframework.beans.factory.BeanCreationException: Error creating bean with name &apos;config&apos; defined in class path resource [org/springframework/data/rest/webmvc/config/RepositoryRestMvcConfiguration.class]: Instantiation of bean failed; nested exception is org.springframework.beans.factory.BeanDefinitionStoreException: Factory method [public org.springframework.data.rest.core.config.RepositoryRestConfiguration org.springframework.data.rest.webmvc.config.RepositoryRestMvcConfiguration.config()] threw exception; nested exception is org.springframework.beans.factory.BeanCreationException: Error creating bean with name &apos;repositories&apos; defined in class path resource [org/springframework/data/rest/webmvc/config/RepositoryRestMvcConfiguration.class]: Instantiation of bean failed; nested exception is org.springframework.beans.factory.BeanDefinitionStoreException: Factory method [public org.springframework.data.repository.support.Repositories org.springframework.data.rest.webmvc.config.RepositoryRestMvcConfiguration.repositories()] threw exception; nested exception is org.springframework.beans.factory.UnsatisfiedDependencyException: Error creating bean with name &apos;mongoDBEnvironmentRepositoryImpl&apos; defined in URL [jar:file:/C:/workspaces/denv/denv-server-mongodb/target/denv-server-mongodb-0.1.0.jar!/org/ssoup/denv/server/persistence/mongodb/repository/MongoDBEnvironmentRepositoryImpl.class]: Unsatisfied dependency expressed through constructor argument with index 1 of type [org.ssoup.denv.server.persistence.ApplicationConfigRepository]: : No qualifying bean of type [org.ssoup.denv.server.persistence.ApplicationConfigRepository] is defined: expected single matching bean but found 2: mongoDBImageRepository,mongoDBApplicationConfigRepository; nested exception is org.springframework.beans.factory.NoUniqueBeanDefinitionException: No qualifying bean of type [org.ssoup.denv.server.persistence.ApplicationConfigRepository] is defined: expected single matching bean but found 2: mongoDBImageRepository,mongoDBApplicationConfigRepository
	at org.springframework.beans.factory.annotation.AutowiredAnnotationBeanPostProcessor.postProcessPropertyValues(AutowiredAnnotationBeanPostProcessor.java:292)
	at org.springframework.beans.factory.support.AbstractAutowireCapableBeanFactory.populateBean(AbstractAutowireCapableBeanFactory.java:1185)
	at org.springframework.beans.factory.support.AbstractAutowireCapableBeanFactory.doCreateBean(AbstractAutowireCapableBeanFactory.java:537)
	at org.springframework.beans.factory.support.AbstractAutowireCapableBeanFactory.createBean(AbstractAutowireCapableBeanFactory.java:475)
	at org.springframework.beans.factory.support.AbstractBeanFactory$1.getObject(AbstractBeanFactory.java:302)
	at org.springframework.beans.factory.support.DefaultSingletonBeanRegistry.getSingleton(DefaultSingletonBeanRegistry.java:228)
	at org.springframework.beans.factory.support.AbstractBeanFactory.doGetBean(AbstractBeanFactory.java:298)
	at org.springframework.beans.factory.support.AbstractBeanFactory.getBean(AbstractBeanFactory.java:198)
	at org.springframework.beans.factory.support.DefaultListableBeanFactory.getBeansOfType(DefaultListableBeanFactory.java:470)
	at org.springframework.beans.factory.support.DefaultListableBeanFactory.getBeansOfType(DefaultListableBeanFactory.java:459)
	at org.springframework.security.config.annotation.web.configuration.AutowiredWebSecurityConfigurersIgnoreParents.getWebSecurityConfigurers(AutowiredWebSecurityConfigurersIgnoreParents.java:52)
	at sun.reflect.NativeMethodAccessorImpl.invoke0(Native Method)
	at sun.reflect.NativeMethodAccessorImpl.invoke(NativeMethodAccessorImpl.java:39)
	at sun.reflect.DelegatingMethodAccessorImpl.invoke(DelegatingMethodAccessorImpl.java:25)
	at java.lang.reflect.Method.invoke(Method.java:597)
	at org.springframework.expression.spel.support.ReflectiveMethodExecutor.execute(ReflectiveMethodExecutor.java:63)
	at org.springframework.expression.spel.ast.MethodReference.getValueInternal(MethodReference.java:122)
	at org.springframework.expression.spel.ast.MethodReference.access$000(MethodReference.java:44)
	at org.springframework.expression.spel.ast.MethodReference$MethodValueRef.getValue(MethodReference.java:258)
	at org.springframework.expression.spel.ast.CompoundExpression.getValueInternal(CompoundExpression.java:84)
	at org.springframework.expression.spel.ast.SpelNodeImpl.getValue(SpelNodeImpl.java:103)
	at org.springframework.expression.spel.standard.SpelExpression.getValue(SpelExpression.java:94)
	at org.springframework.context.expression.StandardBeanExpressionResolver.evaluate(StandardBeanExpressionResolver.java:143)
	... 37 common frames omitted
Caused by: org.springframework.beans.factory.BeanCreationException: Could not autowire method: public void org.springframework.security.config.annotation.web.configuration.WebSecurityConfigurerAdapter.setContentNegotationStrategy(org.springframework.web.accept.ContentNegotiationStrategy); nested exception is org.springframework.beans.factory.BeanCreationException: Error creating bean with name &apos;org.springframework.web.servlet.config.annotation.DelegatingWebMvcConfiguration&apos;: Injection of autowired dependencies failed; nested exception is org.springframework.beans.factory.BeanCreationException: Could not autowire method: public void org.springframework.web.servlet.config.annotation.DelegatingWebMvcConfiguration.setConfigurers(java.util.List); nested exception is org.springframework.beans.factory.BeanCreationException: Error creating bean with name &apos;org.springframework.boot.autoconfigure.web.WebMvcAutoConfiguration$WebMvcAutoConfigurationAdapter&apos;: Injection of autowired dependencies failed; nested exception is org.springframework.beans.factory.BeanCreationException: Could not autowire field: private org.springframework.boot.autoconfigure.web.HttpMessageConverters org.springframework.boot.autoconfigure.web.WebMvcAutoConfiguration$WebMvcAutoConfigurationAdapter.messageConverters; nested exception is org.springframework.beans.factory.BeanCreationException: Error creating bean with name &apos;org.springframework.boot.autoconfigure.web.HttpMessageConvertersAutoConfiguration&apos;: Injection of autowired dependencies failed; nested exception is org.springframework.beans.factory.BeanCreationException: Could not autowire field: private final java.util.List org.springframework.boot.autoconfigure.web.HttpMessageConvertersAutoConfiguration.converters; nested exception is org.springframework.beans.factory.BeanCreationException: Error creating bean with name &apos;jacksonHttpMessageConverter&apos; defined in class path resource [org/springframework/data/rest/webmvc/config/RepositoryRestMvcConfiguration.class]: Instantiation of bean failed; nested exception is org.springframework.beans.factory.BeanDefinitionStoreException: Factory method [public org.springframework.http.converter.json.MappingJackson2HttpMessageConverter org.springframework.data.rest.webmvc.config.RepositoryRestMvcConfiguration.jacksonHttpMessageConverter()] threw exception; nested exception is org.springframework.beans.factory.BeanCreationException: Error creating bean with name &apos;config&apos; defined in class path resource [org/springframework/data/rest/webmvc/config/RepositoryRestMvcConfiguration.class]: Instantiation of bean failed; nested exception is org.springframework.beans.factory.BeanDefinitionStoreException: Factory method [public org.springframework.data.rest.core.config.RepositoryRestConfiguration org.springframework.data.rest.webmvc.config.RepositoryRestMvcConfiguration.config()] threw exception; nested exception is org.springframework.beans.factory.BeanCreationException: Error creating bean with name &apos;repositories&apos; defined in class path resource [org/springframework/data/rest/webmvc/config/RepositoryRestMvcConfiguration.class]: Instantiation of bean failed; nested exception is org.springframework.beans.factory.BeanDefinitionStoreException: Factory method [public org.springframework.data.repository.support.Repositories org.springframework.data.rest.webmvc.config.RepositoryRestMvcConfiguration.repositories()] threw exception; nested exception is org.springframework.beans.factory.UnsatisfiedDependencyException: Error creating bean with name &apos;mongoDBEnvironmentRepositoryImpl&apos; defined in URL [jar:file:/C:/workspaces/denv/denv-server-mongodb/target/denv-server-mongodb-0.1.0.jar!/org/ssoup/denv/server/persistence/mongodb/repository/MongoDBEnvironmentRepositoryImpl.class]: Unsatisfied dependency expressed through constructor argument with index 1 of type [org.ssoup.denv.server.persistence.ApplicationConfigRepository]: : No qualifying bean of type [org.ssoup.denv.server.persistence.ApplicationConfigRepository] is defined: expected single matching bean but found 2: mongoDBImageRepository,mongoDBApplicationConfigRepository; nested exception is org.springframework.beans.factory.NoUniqueBeanDefinitionException: No qualifying bean of type [org.ssoup.denv.server.persistence.ApplicationConfigRepository] is defined: expected single matching bean but found 2: mongoDBImageRepository,mongoDBApplicationConfigRepository
	at org.springframework.beans.factory.annotation.AutowiredAnnotationBeanPostProcessor$AutowiredMethodElement.inject(AutowiredAnnotationBeanPostProcessor.java:596)
	at org.springframework.beans.factory.annotation.InjectionMetadata.inject(InjectionMetadata.java:87)
	at org.springframework.beans.factory.annotation.AutowiredAnnotationBeanPostProcessor.postProcessPropertyValues(AutowiredAnnotationBeanPostProcessor.java:289)
	... 59 common frames omitted
Caused by: org.springframework.beans.factory.BeanCreationException: Error creating bean with name &apos;org.springframework.web.servlet.config.annotation.DelegatingWebMvcConfiguration&apos;: Injection of autowired dependencies failed; nested exception is org.springframework.beans.factory.BeanCreationException: Could not autowire method: public void org.springframework.web.servlet.config.annotation.DelegatingWebMvcConfiguration.setConfigurers(java.util.List); nested exception is org.springframework.beans.factory.BeanCreationException: Error creating bean with name &apos;org.springframework.boot.autoconfigure.web.WebMvcAutoConfiguration$WebMvcAutoConfigurationAdapter&apos;: Injection of autowired dependencies failed; nested exception is org.springframework.beans.factory.BeanCreationException: Could not autowire field: private org.springframework.boot.autoconfigure.web.HttpMessageConverters org.springframework.boot.autoconfigure.web.WebMvcAutoConfiguration$WebMvcAutoConfigurationAdapter.messageConverters; nested exception is org.springframework.beans.factory.BeanCreationException: Error creating bean with name &apos;org.springframework.boot.autoconfigure.web.HttpMessageConvertersAutoConfiguration&apos;: Injection of autowired dependencies failed; nested exception is org.springframework.beans.factory.BeanCreationException: Could not autowire field: private final java.util.List org.springframework.boot.autoconfigure.web.HttpMessageConvertersAutoConfiguration.converters; nested exception is org.springframework.beans.factory.BeanCreationException: Error creating bean with name &apos;jacksonHttpMessageConverter&apos; defined in class path resource [org/springframework/data/rest/webmvc/config/RepositoryRestMvcConfiguration.class]: Instantiation of bean failed; nested exception is org.springframework.beans.factory.BeanDefinitionStoreException: Factory method [public org.springframework.http.converter.json.MappingJackson2HttpMessageConverter org.springframework.data.rest.webmvc.config.RepositoryRestMvcConfiguration.jacksonHttpMessageConverter()] threw exception; nested exception is org.springframework.beans.factory.BeanCreationException: Error creating bean with name &apos;config&apos; defined in class path resource [org/springframework/data/rest/webmvc/config/RepositoryRestMvcConfiguration.class]: Instantiation of bean failed; nested exception is org.springframework.beans.factory.BeanDefinitionStoreException: Factory method [public org.springframework.data.rest.core.config.RepositoryRestConfiguration org.springframework.data.rest.webmvc.config.RepositoryRestMvcConfiguration.config()] threw exception; nested exception is org.springframework.beans.factory.BeanCreationException: Error creating bean with name &apos;repositories&apos; defined in class path resource [org/springframework/data/rest/webmvc/config/RepositoryRestMvcConfiguration.class]: Instantiation of bean failed; nested exception is org.springframework.beans.factory.BeanDefinitionStoreException: Factory method [public org.springframework.data.repository.support.Repositories org.springframework.data.rest.webmvc.config.RepositoryRestMvcConfiguration.repositories()] threw exception; nested exception is org.springframework.beans.factory.UnsatisfiedDependencyException: Error creating bean with name &apos;mongoDBEnvironmentRepositoryImpl&apos; defined in URL [jar:file:/C:/workspaces/denv/denv-server-mongodb/target/denv-server-mongodb-0.1.0.jar!/org/ssoup/denv/server/persistence/mongodb/repository/MongoDBEnvironmentRepositoryImpl.class]: Unsatisfied dependency expressed through constructor argument with index 1 of type [org.ssoup.denv.server.persistence.ApplicationConfigRepository]: : No qualifying bean of type [org.ssoup.denv.server.persistence.ApplicationConfigRepository] is defined: expected single matching bean but found 2: mongoDBImageRepository,mongoDBApplicationConfigRepository; nested exception is org.springframework.beans.factory.NoUniqueBeanDefinitionException: No qualifying bean of type [org.ssoup.denv.server.persistence.ApplicationConfigRepository] is defined: expected single matching bean but found 2: mongoDBImageRepository,mongoDBApplicationConfigRepository
	at org.springframework.beans.factory.annotation.AutowiredAnnotationBeanPostProcessor.postProcessPropertyValues(AutowiredAnnotationBeanPostProcessor.java:292)
	at org.springframework.beans.factory.support.AbstractAutowireCapableBeanFactory.populateBean(AbstractAutowireCapableBeanFactory.java:1185)
	at org.springframework.beans.factory.support.AbstractAutowireCapableBeanFactory.doCreateBean(AbstractAutowireCapableBeanFactory.java:537)
	at org.springframework.beans.factory.support.AbstractAutowireCapableBeanFactory.createBean(AbstractAutowireCapableBeanFactory.java:475)
	at org.springframework.beans.factory.support.AbstractBeanFactory$1.getObject(AbstractBeanFactory.java:302)
	at org.springframework.beans.factory.support.DefaultSingletonBeanRegistry.getSingleton(DefaultSingletonBeanRegistry.java:228)
	at org.springframework.beans.factory.support.AbstractBeanFactory.doGetBean(AbstractBeanFactory.java:298)
	at org.springframework.beans.factory.support.AbstractBeanFactory.getBean(AbstractBeanFactory.java:193)
	at org.springframework.beans.factory.support.ConstructorResolver.instantiateUsingFactoryMethod(ConstructorResolver.java:370)
	at org.springframework.beans.factory.support.AbstractAutowireCapableBeanFactory.instantiateUsingFactoryMethod(AbstractAutowireCapableBeanFactory.java:1094)
	at org.springframework.beans.factory.support.AbstractAutowireCapableBeanFactory.createBeanInstance(AbstractAutowireCapableBeanFactory.java:989)
	at org.springframework.beans.factory.support.AbstractAutowireCapableBeanFactory.doCreateBean(AbstractAutowireCapableBeanFactory.java:504)
	at org.springframework.beans.factory.support.AbstractAutowireCapableBeanFactory.createBean(AbstractAutowireCapableBeanFactory.java:475)
	at org.springframework.beans.factory.support.AbstractBeanFactory$1.getObject(AbstractBeanFactory.java:302)
	at org.springframework.beans.factory.support.DefaultSingletonBeanRegistry.getSingleton(DefaultSingletonBeanRegistry.java:228)
	at org.springframework.beans.factory.support.AbstractBeanFactory.doGetBean(AbstractBeanFactory.java:298)
	at org.springframework.beans.factory.support.AbstractBeanFactory.getBean(AbstractBeanFactory.java:193)
	at org.springframework.beans.factory.support.DefaultListableBeanFactory.findAutowireCandidates(DefaultListableBeanFactory.java:1017)
	at org.springframework.beans.factory.support.DefaultListableBeanFactory.doResolveDependency(DefaultListableBeanFactory.java:960)
	at org.springframework.beans.factory.support.DefaultListableBeanFactory.resolveDependency(DefaultListableBeanFactory.java:858)
	at org.springframework.beans.factory.annotation.AutowiredAnnotationBeanPostProcessor$AutowiredMethodElement.inject(AutowiredAnnotationBeanPostProcessor.java:553)
	... 61 common frames omitted
Caused by: org.springframework.beans.factory.BeanCreationException: Could not autowire method: public void org.springframework.web.servlet.config.annotation.DelegatingWebMvcConfiguration.setConfigurers(java.util.List); nested exception is org.springframework.beans.factory.BeanCreationException: Error creating bean with name &apos;org.springframework.boot.autoconfigure.web.WebMvcAutoConfiguration$WebMvcAutoConfigurationAdapter&apos;: Injection of autowired dependencies failed; nested exception is org.springframework.beans.factory.BeanCreationException: Could not autowire field: private org.springframework.boot.autoconfigure.web.HttpMessageConverters org.springframework.boot.autoconfigure.web.WebMvcAutoConfiguration$WebMvcAutoConfigurationAdapter.messageConverters; nested exception is org.springframework.beans.factory.BeanCreationException: Error creating bean with name &apos;org.springframework.boot.autoconfigure.web.HttpMessageConvertersAutoConfiguration&apos;: Injection of autowired dependencies failed; nested exception is org.springframework.beans.factory.BeanCreationException: Could not autowire field: private final java.util.List org.springframework.boot.autoconfigure.web.HttpMessageConvertersAutoConfiguration.converters; nested exception is org.springframework.beans.factory.BeanCreationException: Error creating bean with name &apos;jacksonHttpMessageConverter&apos; defined in class path resource [org/springframework/data/rest/webmvc/config/RepositoryRestMvcConfiguration.class]: Instantiation of bean failed; nested exception is org.springframework.beans.factory.BeanDefinitionStoreException: Factory method [public org.springframework.http.converter.json.MappingJackson2HttpMessageConverter org.springframework.data.rest.webmvc.config.RepositoryRestMvcConfiguration.jacksonHttpMessageConverter()] threw exception; nested exception is org.springframework.beans.factory.BeanCreationException: Error creating bean with name &apos;config&apos; defined in class path resource [org/springframework/data/rest/webmvc/config/RepositoryRestMvcConfiguration.class]: Instantiation of bean failed; nested exception is org.springframework.beans.factory.BeanDefinitionStoreException: Factory method [public org.springframework.data.rest.core.config.RepositoryRestConfiguration org.springframework.data.rest.webmvc.config.RepositoryRestMvcConfiguration.config()] threw exception; nested exception is org.springframework.beans.factory.BeanCreationException: Error creating bean with name &apos;repositories&apos; defined in class path resource [org/springframework/data/rest/webmvc/config/RepositoryRestMvcConfiguration.class]: Instantiation of bean failed; nested exception is org.springframework.beans.factory.BeanDefinitionStoreException: Factory method [public org.springframework.data.repository.support.Repositories org.springframework.data.rest.webmvc.config.RepositoryRestMvcConfiguration.repositories()] threw exception; nested exception is org.springframework.beans.factory.UnsatisfiedDependencyException: Error creating bean with name &apos;mongoDBEnvironmentRepositoryImpl&apos; defined in URL [jar:file:/C:/workspaces/denv/denv-server-mongodb/target/denv-server-mongodb-0.1.0.jar!/org/ssoup/denv/server/persistence/mongodb/repository/MongoDBEnvironmentRepositoryImpl.class]: Unsatisfied dependency expressed through constructor argument with index 1 of type [org.ssoup.denv.server.persistence.ApplicationConfigRepository]: : No qualifying bean of type [org.ssoup.denv.server.persistence.ApplicationConfigRepository] is defined: expected single matching bean but found 2: mongoDBImageRepository,mongoDBApplicationConfigRepository; nested exception is org.springframework.beans.factory.NoUniqueBeanDefinitionException: No qualifying bean of type [org.ssoup.denv.server.persistence.ApplicationConfigRepository] is defined: expected single matching bean but found 2: mongoDBImageRepository,mongoDBApplicationConfigRepository
	at org.springframework.beans.factory.annotation.AutowiredAnnotationBeanPostProcessor$AutowiredMethodElement.inject(AutowiredAnnotationBeanPostProcessor.java:596)
	at org.springframework.beans.factory.annotation.InjectionMetadata.inject(InjectionMetadata.java:87)
	at org.springframework.beans.factory.annotation.AutowiredAnnotationBeanPostProcessor.postProcessPropertyValues(AutowiredAnnotationBeanPostProcessor.java:289)
	... 81 common frames omitted
Caused by: org.springframework.beans.factory.BeanCreationException: Error creating bean with name &apos;org.springframework.boot.autoconfigure.web.WebMvcAutoConfiguration$WebMvcAutoConfigurationAdapter&apos;: Injection of autowired dependencies failed; nested exception is org.springframework.beans.factory.BeanCreationException: Could not autowire field: private org.springframework.boot.autoconfigure.web.HttpMessageConverters org.springframework.boot.autoconfigure.web.WebMvcAutoConfiguration$WebMvcAutoConfigurationAdapter.messageConverters; nested exception is org.springframework.beans.factory.BeanCreationException: Error creating bean with name &apos;org.springframework.boot.autoconfigure.web.HttpMessageConvertersAutoConfiguration&apos;: Injection of autowired dependencies failed; nested exception is org.springframework.beans.factory.BeanCreationException: Could not autowire field: private final java.util.List org.springframework.boot.autoconfigure.web.HttpMessageConvertersAutoConfiguration.converters; nested exception is org.springframework.beans.factory.BeanCreationException: Error creating bean with name &apos;jacksonHttpMessageConverter&apos; defined in class path resource [org/springframework/data/rest/webmvc/config/RepositoryRestMvcConfiguration.class]: Instantiation of bean failed; nested exception is org.springframework.beans.factory.BeanDefinitionStoreException: Factory method [public org.springframework.http.converter.json.MappingJackson2HttpMessageConverter org.springframework.data.rest.webmvc.config.RepositoryRestMvcConfiguration.jacksonHttpMessageConverter()] threw exception; nested exception is org.springframework.beans.factory.BeanCreationException: Error creating bean with name &apos;config&apos; defined in class path resource [org/springframework/data/rest/webmvc/config/RepositoryRestMvcConfiguration.class]: Instantiation of bean failed; nested exception is org.springframework.beans.factory.BeanDefinitionStoreException: Factory method [public org.springframework.data.rest.core.config.RepositoryRestConfiguration org.springframework.data.rest.webmvc.config.RepositoryRestMvcConfiguration.config()] threw exception; nested exception is org.springframework.beans.factory.BeanCreationException: Error creating bean with name &apos;repositories&apos; defined in class path resource [org/springframework/data/rest/webmvc/config/RepositoryRestMvcConfiguration.class]: Instantiation of bean failed; nested exception is org.springframework.beans.factory.BeanDefinitionStoreException: Factory method [public org.springframework.data.repository.support.Repositories org.springframework.data.rest.webmvc.config.RepositoryRestMvcConfiguration.repositories()] threw exception; nested exception is org.springframework.beans.factory.UnsatisfiedDependencyException: Error creating bean with name &apos;mongoDBEnvironmentRepositoryImpl&apos; defined in URL [jar:file:/C:/workspaces/denv/denv-server-mongodb/target/denv-server-mongodb-0.1.0.jar!/org/ssoup/denv/server/persistence/mongodb/repository/MongoDBEnvironmentRepositoryImpl.class]: Unsatisfied dependency expressed through constructor argument with index 1 of type [org.ssoup.denv.server.persistence.ApplicationConfigRepository]: : No qualifying bean of type [org.ssoup.denv.server.persistence.ApplicationConfigRepository] is defined: expected single matching bean but found 2: mongoDBImageRepository,mongoDBApplicationConfigRepository; nested exception is org.springframework.beans.factory.NoUniqueBeanDefinitionException: No qualifying bean of type [org.ssoup.denv.server.persistence.ApplicationConfigRepository] is defined: expected single matching bean but found 2: mongoDBImageRepository,mongoDBApplicationConfigRepository
	at org.springframework.beans.factory.annotation.AutowiredAnnotationBeanPostProcessor.postProcessPropertyValues(AutowiredAnnotationBeanPostProcessor.java:292)
	at org.springframework.beans.factory.support.AbstractAutowireCapableBeanFactory.populateBean(AbstractAutowireCapableBeanFactory.java:1185)
	at org.springframework.beans.factory.support.AbstractAutowireCapableBeanFactory.doCreateBean(AbstractAutowireCapableBeanFactory.java:537)
	at org.springframework.beans.factory.support.AbstractAutowireCapableBeanFactory.createBean(AbstractAutowireCapableBeanFactory.java:475)
	at org.springframework.beans.factory.support.AbstractBeanFactory$1.getObject(AbstractBeanFactory.java:302)
	at org.springframework.beans.factory.support.DefaultSingletonBeanRegistry.getSingleton(DefaultSingletonBeanRegistry.java:228)
	at org.springframework.beans.factory.support.AbstractBeanFactory.doGetBean(AbstractBeanFactory.java:298)
	at org.springframework.beans.factory.support.AbstractBeanFactory.getBean(AbstractBeanFactory.java:193)
	at org.springframework.beans.factory.support.DefaultListableBeanFactory.findAutowireCandidates(DefaultListableBeanFactory.java:1017)
	at org.springframework.beans.factory.support.DefaultListableBeanFactory.doResolveDependency(DefaultListableBeanFactory.java:912)
	at org.springframework.beans.factory.support.DefaultListableBeanFactory.resolveDependency(DefaultListableBeanFactory.java:858)
	at org.springframework.beans.factory.annotation.AutowiredAnnotationBeanPostProcessor$AutowiredMethodElement.inject(AutowiredAnnotationBeanPostProcessor.java:553)
	... 83 common frames omitted
Caused by: org.springframework.beans.factory.BeanCreationException: Could not autowire field: private org.springframework.boot.autoconfigure.web.HttpMessageConverters org.springframework.boot.autoconfigure.web.WebMvcAutoConfiguration$WebMvcAutoConfigurationAdapter.messageConverters; nested exception is org.springframework.beans.factory.BeanCreationException: Error creating bean with name &apos;org.springframework.boot.autoconfigure.web.HttpMessageConvertersAutoConfiguration&apos;: Injection of autowired dependencies failed; nested exception is org.springframework.beans.factory.BeanCreationException: Could not autowire field: private final java.util.List org.springframework.boot.autoconfigure.web.HttpMessageConvertersAutoConfiguration.converters; nested exception is org.springframework.beans.factory.BeanCreationException: Error creating bean with name &apos;jacksonHttpMessageConverter&apos; defined in class path resource [org/springframework/data/rest/webmvc/config/RepositoryRestMvcConfiguration.class]: Instantiation of bean failed; nested exception is org.springframework.beans.factory.BeanDefinitionStoreException: Factory method [public org.springframework.http.converter.json.MappingJackson2HttpMessageConverter org.springframework.data.rest.webmvc.config.RepositoryRestMvcConfiguration.jacksonHttpMessageConverter()] threw exception; nested exception is org.springframework.beans.factory.BeanCreationException: Error creating bean with name &apos;config&apos; defined in class path resource [org/springframework/data/rest/webmvc/config/RepositoryRestMvcConfiguration.class]: Instantiation of bean failed; nested exception is org.springframework.beans.factory.BeanDefinitionStoreException: Factory method [public org.springframework.data.rest.core.config.RepositoryRestConfiguration org.springframework.data.rest.webmvc.config.RepositoryRestMvcConfiguration.config()] threw exception; nested exception is org.springframework.beans.factory.BeanCreationException: Error creating bean with name &apos;repositories&apos; defined in class path resource [org/springframework/data/rest/webmvc/config/RepositoryRestMvcConfiguration.class]: Instantiation of bean failed; nested exception is org.springframework.beans.factory.BeanDefinitionStoreException: Factory method [public org.springframework.data.repository.support.Repositories org.springframework.data.rest.webmvc.config.RepositoryRestMvcConfiguration.repositories()] threw exception; nested exception is org.springframework.beans.factory.UnsatisfiedDependencyException: Error creating bean with name &apos;mongoDBEnvironmentRepositoryImpl&apos; defined in URL [jar:file:/C:/workspaces/denv/denv-server-mongodb/target/denv-server-mongodb-0.1.0.jar!/org/ssoup/denv/server/persistence/mongodb/repository/MongoDBEnvironmentRepositoryImpl.class]: Unsatisfied dependency expressed through constructor argument with index 1 of type [org.ssoup.denv.server.persistence.ApplicationConfigRepository]: : No qualifying bean of type [org.ssoup.denv.server.persistence.ApplicationConfigRepository] is defined: expected single matching bean but found 2: mongoDBImageRepository,mongoDBApplicationConfigRepository; nested exception is org.springframework.beans.factory.NoUniqueBeanDefinitionException: No qualifying bean of type [org.ssoup.denv.server.persistence.ApplicationConfigRepository] is defined: expected single matching bean but found 2: mongoDBImageRepository,mongoDBApplicationConfigRepository
	at org.springframework.beans.factory.annotation.AutowiredAnnotationBeanPostProcessor$AutowiredFieldElement.inject(AutowiredAnnotationBeanPostProcessor.java:508)
	at org.springframework.beans.factory.annotation.InjectionMetadata.inject(InjectionMetadata.java:87)
	at org.springframework.beans.factory.annotation.AutowiredAnnotationBeanPostProcessor.postProcessPropertyValues(AutowiredAnnotationBeanPostProcessor.java:289)
	... 94 common frames omitted
Caused by: org.springframework.beans.factory.BeanCreationException: Error creating bean with name &apos;org.springframework.boot.autoconfigure.web.HttpMessageConvertersAutoConfiguration&apos;: Injection of autowired dependencies failed; nested exception is org.springframework.beans.factory.BeanCreationException: Could not autowire field: private final java.util.List org.springframework.boot.autoconfigure.web.HttpMessageConvertersAutoConfiguration.converters; nested exception is org.springframework.beans.factory.BeanCreationException: Error creating bean with name &apos;jacksonHttpMessageConverter&apos; defined in class path resource [org/springframework/data/rest/webmvc/config/RepositoryRestMvcConfiguration.class]: Instantiation of bean failed; nested exception is org.springframework.beans.factory.BeanDefinitionStoreException: Factory method [public org.springframework.http.converter.json.MappingJackson2HttpMessageConverter org.springframework.data.rest.webmvc.config.RepositoryRestMvcConfiguration.jacksonHttpMessageConverter()] threw exception; nested exception is org.springframework.beans.factory.BeanCreationException: Error creating bean with name &apos;config&apos; defined in class path resource [org/springframework/data/rest/webmvc/config/RepositoryRestMvcConfiguration.class]: Instantiation of bean failed; nested exception is org.springframework.beans.factory.BeanDefinitionStoreException: Factory method [public org.springframework.data.rest.core.config.RepositoryRestConfiguration org.springframework.data.rest.webmvc.config.RepositoryRestMvcConfiguration.config()] threw exception; nested exception is org.springframework.beans.factory.BeanCreationException: Error creating bean with name &apos;repositories&apos; defined in class path resource [org/springframework/data/rest/webmvc/config/RepositoryRestMvcConfiguration.class]: Instantiation of bean failed; nested exception is org.springframework.beans.factory.BeanDefinitionStoreException: Factory method [public org.springframework.data.repository.support.Repositories org.springframework.data.rest.webmvc.config.RepositoryRestMvcConfiguration.repositories()] threw exception; nested exception is org.springframework.beans.factory.UnsatisfiedDependencyException: Error creating bean with name &apos;mongoDBEnvironmentRepositoryImpl&apos; defined in URL [jar:file:/C:/workspaces/denv/denv-server-mongodb/target/denv-server-mongodb-0.1.0.jar!/org/ssoup/denv/server/persistence/mongodb/repository/MongoDBEnvironmentRepositoryImpl.class]: Unsatisfied dependency expressed through constructor argument with index 1 of type [org.ssoup.denv.server.persistence.ApplicationConfigRepository]: : No qualifying bean of type [org.ssoup.denv.server.persistence.ApplicationConfigRepository] is defined: expected single matching bean but found 2: mongoDBImageRepository,mongoDBApplicationConfigRepository; nested exception is org.springframework.beans.factory.NoUniqueBeanDefinitionException: No qualifying bean of type [org.ssoup.denv.server.persistence.ApplicationConfigRepository] is defined: expected single matching bean but found 2: mongoDBImageRepository,mongoDBApplicationConfigRepository
	at org.springframework.beans.factory.annotation.AutowiredAnnotationBeanPostProcessor.postProcessPropertyValues(AutowiredAnnotationBeanPostProcessor.java:292)
	at org.springframework.beans.factory.support.AbstractAutowireCapableBeanFactory.populateBean(AbstractAutowireCapableBeanFactory.java:1185)
	at org.springframework.beans.factory.support.AbstractAutowireCapableBeanFactory.doCreateBean(AbstractAutowireCapableBeanFactory.java:537)
	at org.springframework.beans.factory.support.AbstractAutowireCapableBeanFactory.createBean(AbstractAutowireCapableBeanFactory.java:475)
	at org.springframework.beans.factory.support.AbstractBeanFactory$1.getObject(AbstractBeanFactory.java:302)
	at org.springframework.beans.factory.support.DefaultSingletonBeanRegistry.getSingleton(DefaultSingletonBeanRegistry.java:228)
	at org.springframework.beans.factory.support.AbstractBeanFactory.doGetBean(AbstractBeanFactory.java:298)
	at org.springframework.beans.factory.support.AbstractBeanFactory.getBean(AbstractBeanFactory.java:193)
	at org.springframework.beans.factory.support.ConstructorResolver.instantiateUsingFactoryMethod(ConstructorResolver.java:370)
	at org.springframework.beans.factory.support.AbstractAutowireCapableBeanFactory.instantiateUsingFactoryMethod(AbstractAutowireCapableBeanFactory.java:1094)
	at org.springframework.beans.factory.support.AbstractAutowireCapableBeanFactory.createBeanInstance(AbstractAutowireCapableBeanFactory.java:989)
	at org.springframework.beans.factory.support.AbstractAutowireCapableBeanFactory.doCreateBean(AbstractAutowireCapableBeanFactory.java:504)
	at org.springframework.beans.factory.support.AbstractAutowireCapableBeanFactory.createBean(AbstractAutowireCapableBeanFactory.java:475)
	at org.springframework.beans.factory.support.AbstractBeanFactory$1.getObject(AbstractBeanFactory.java:302)
	at org.springframework.beans.factory.support.DefaultSingletonBeanRegistry.getSingleton(DefaultSingletonBeanRegistry.java:228)
	at org.springframework.beans.factory.support.AbstractBeanFactory.doGetBean(AbstractBeanFactory.java:298)
	at org.springframework.beans.factory.support.AbstractBeanFactory.getBean(AbstractBeanFactory.java:193)
	at org.springframework.beans.factory.support.DefaultListableBeanFactory.findAutowireCandidates(DefaultListableBeanFactory.java:1017)
	at org.springframework.beans.factory.support.DefaultListableBeanFactory.doResolveDependency(DefaultListableBeanFactory.java:960)
	at org.springframework.beans.factory.support.DefaultListableBeanFactory.resolveDependency(DefaultListableBeanFactory.java:858)
	at org.springframework.beans.factory.annotation.AutowiredAnnotationBeanPostProcessor$AutowiredFieldElement.inject(AutowiredAnnotationBeanPostProcessor.java:480)
	... 96 common frames omitted
Caused by: org.springframework.beans.factory.BeanCreationException: Could not autowire field: private final java.util.List org.springframework.boot.autoconfigure.web.HttpMessageConvertersAutoConfiguration.converters; nested exception is org.springframework.beans.factory.BeanCreationException: Error creating bean with name &apos;jacksonHttpMessageConverter&apos; defined in class path resource [org/springframework/data/rest/webmvc/config/RepositoryRestMvcConfiguration.class]: Instantiation of bean failed; nested exception is org.springframework.beans.factory.BeanDefinitionStoreException: Factory method [public org.springframework.http.converter.json.MappingJackson2HttpMessageConverter org.springframework.data.rest.webmvc.config.RepositoryRestMvcConfiguration.jacksonHttpMessageConverter()] threw exception; nested exception is org.springframework.beans.factory.BeanCreationException: Error creating bean with name &apos;config&apos; defined in class path resource [org/springframework/data/rest/webmvc/config/RepositoryRestMvcConfiguration.class]: Instantiation of bean failed; nested exception is org.springframework.beans.factory.BeanDefinitionStoreException: Factory method [public org.springframework.data.rest.core.config.RepositoryRestConfiguration org.springframework.data.rest.webmvc.config.RepositoryRestMvcConfiguration.config()] threw exception; nested exception is org.springframework.beans.factory.BeanCreationException: Error creating bean with name &apos;repositories&apos; defined in class path resource [org/springframework/data/rest/webmvc/config/RepositoryRestMvcConfiguration.class]: Instantiation of bean failed; nested exception is org.springframework.beans.factory.BeanDefinitionStoreException: Factory method [public org.springframework.data.repository.support.Repositories org.springframework.data.rest.webmvc.config.RepositoryRestMvcConfiguration.repositories()] threw exception; nested exception is org.springframework.beans.factory.UnsatisfiedDependencyException: Error creating bean with name &apos;mongoDBEnvironmentRepositoryImpl&apos; defined in URL [jar:file:/C:/workspaces/denv/denv-server-mongodb/target/denv-server-mongodb-0.1.0.jar!/org/ssoup/denv/server/persistence/mongodb/repository/MongoDBEnvironmentRepositoryImpl.class]: Unsatisfied dependency expressed through constructor argument with index 1 of type [org.ssoup.denv.server.persistence.ApplicationConfigRepository]: : No qualifying bean of type [org.ssoup.denv.server.persistence.ApplicationConfigRepository] is defined: expected single matching bean but found 2: mongoDBImageRepository,mongoDBApplicationConfigRepository; nested exception is org.springframework.beans.factory.NoUniqueBeanDefinitionException: No qualifying bean of type [org.ssoup.denv.server.persistence.ApplicationConfigRepository] is defined: expected single matching bean but found 2: mongoDBImageRepository,mongoDBApplicationConfigRepository
	at org.springframework.beans.factory.annotation.AutowiredAnnotationBeanPostProcessor$AutowiredFieldElement.inject(AutowiredAnnotationBeanPostProcessor.java:508)
	at org.springframework.beans.factory.annotation.InjectionMetadata.inject(InjectionMetadata.java:87)
	at org.springframework.beans.factory.annotation.AutowiredAnnotationBeanPostProcessor.postProcessPropertyValues(AutowiredAnnotationBeanPostProcessor.java:289)
	... 116 common frames omitted
Caused by: org.springframework.beans.factory.BeanCreationException: Error creating bean with name &apos;jacksonHttpMessageConverter&apos; defined in class path resource [org/springframework/data/rest/webmvc/config/RepositoryRestMvcConfiguration.class]: Instantiation of bean failed; nested exception is org.springframework.beans.factory.BeanDefinitionStoreException: Factory method [public org.springframework.http.converter.json.MappingJackson2HttpMessageConverter org.springframework.data.rest.webmvc.config.RepositoryRestMvcConfiguration.jacksonHttpMessageConverter()] threw exception; nested exception is org.springframework.beans.factory.BeanCreationException: Error creating bean with name &apos;config&apos; defined in class path resource [org/springframework/data/rest/webmvc/config/RepositoryRestMvcConfiguration.class]: Instantiation of bean failed; nested exception is org.springframework.beans.factory.BeanDefinitionStoreException: Factory method [public org.springframework.data.rest.core.config.RepositoryRestConfiguration org.springframework.data.rest.webmvc.config.RepositoryRestMvcConfiguration.config()] threw exception; nested exception is org.springframework.beans.factory.BeanCreationException: Error creating bean with name &apos;repositories&apos; defined in class path resource [org/springframework/data/rest/webmvc/config/RepositoryRestMvcConfiguration.class]: Instantiation of bean failed; nested exception is org.springframework.beans.factory.BeanDefinitionStoreException: Factory method [public org.springframework.data.repository.support.Repositories org.springframework.data.rest.webmvc.config.RepositoryRestMvcConfiguration.repositories()] threw exception; nested exception is org.springframework.beans.factory.UnsatisfiedDependencyException: Error creating bean with name &apos;mongoDBEnvironmentRepositoryImpl&apos; defined in URL [jar:file:/C:/workspaces/denv/denv-server-mongodb/target/denv-server-mongodb-0.1.0.jar!/org/ssoup/denv/server/persistence/mongodb/repository/MongoDBEnvironmentRepositoryImpl.class]: Unsatisfied dependency expressed through constructor argument with index 1 of type [org.ssoup.denv.server.persistence.ApplicationConfigRepository]: : No qualifying bean of type [org.ssoup.denv.server.persistence.ApplicationConfigRepository] is defined: expected single matching bean but found 2: mongoDBImageRepository,mongoDBApplicationConfigRepository; nested exception is org.springframework.beans.factory.NoUniqueBeanDefinitionException: No qualifying bean of type [org.ssoup.denv.server.persistence.ApplicationConfigRepository] is defined: expected single matching bean but found 2: mongoDBImageRepository,mongoDBApplicationConfigRepository
	at org.springframework.beans.factory.support.ConstructorResolver.instantiateUsingFactoryMethod(ConstructorResolver.java:597)
	at org.springframework.beans.factory.support.AbstractAutowireCapableBeanFactory.instantiateUsingFactoryMethod(AbstractAutowireCapableBeanFactory.java:1094)
	at org.springframework.beans.factory.support.AbstractAutowireCapableBeanFactory.createBeanInstance(AbstractAutowireCapableBeanFactory.java:989)
	at org.springframework.beans.factory.support.AbstractAutowireCapableBeanFactory.doCreateBean(AbstractAutowireCapableBeanFactory.java:504)
	at org.springframework.beans.factory.support.AbstractAutowireCapableBeanFactory.createBean(AbstractAutowireCapableBeanFactory.java:475)
	at org.springframework.beans.factory.support.AbstractBeanFactory$1.getObject(AbstractBeanFactory.java:302)
	at org.springframework.beans.factory.support.DefaultSingletonBeanRegistry.getSingleton(DefaultSingletonBeanRegistry.java:228)
	at org.springframework.beans.factory.support.AbstractBeanFactory.doGetBean(AbstractBeanFactory.java:298)
	at org.springframework.beans.factory.support.AbstractBeanFactory.getBean(AbstractBeanFactory.java:193)
	at org.springframework.beans.factory.support.DefaultListableBeanFactory.findAutowireCandidates(DefaultListableBeanFactory.java:1017)
	at org.springframework.beans.factory.support.DefaultListableBeanFactory.doResolveDependency(DefaultListableBeanFactory.java:912)
	at org.springframework.beans.factory.support.DefaultListableBeanFactory.resolveDependency(DefaultListableBeanFactory.java:858)
	at org.springframework.beans.factory.annotation.AutowiredAnnotationBeanPostProcessor$AutowiredFieldElement.inject(AutowiredAnnotationBeanPostProcessor.java:480)
	... 118 common frames omitted
Caused by: org.springframework.beans.factory.BeanDefinitionStoreException: Factory method [public org.springframework.http.converter.json.MappingJackson2HttpMessageConverter org.springframework.data.rest.webmvc.config.RepositoryRestMvcConfiguration.jacksonHttpMessageConverter()] threw exception; nested exception is org.springframework.beans.factory.BeanCreationException: Error creating bean with name &apos;config&apos; defined in class path resource [org/springframework/data/rest/webmvc/config/RepositoryRestMvcConfiguration.class]: Instantiation of bean failed; nested exception is org.springframework.beans.factory.BeanDefinitionStoreException: Factory method [public org.springframework.data.rest.core.config.RepositoryRestConfiguration org.springframework.data.rest.webmvc.config.RepositoryRestMvcConfiguration.config()] threw exception; nested exception is org.springframework.beans.factory.BeanCreationException: Error creating bean with name &apos;repositories&apos; defined in class path resource [org/springframework/data/rest/webmvc/config/RepositoryRestMvcConfiguration.class]: Instantiation of bean failed; nested exception is org.springframework.beans.factory.BeanDefinitionStoreException: Factory method [public org.springframework.data.repository.support.Repositories org.springframework.data.rest.webmvc.config.RepositoryRestMvcConfiguration.repositories()] threw exception; nested exception is org.springframework.beans.factory.UnsatisfiedDependencyException: Error creating bean with name &apos;mongoDBEnvironmentRepositoryImpl&apos; defined in URL [jar:file:/C:/workspaces/denv/denv-server-mongodb/target/denv-server-mongodb-0.1.0.jar!/org/ssoup/denv/server/persistence/mongodb/repository/MongoDBEnvironmentRepositoryImpl.class]: Unsatisfied dependency expressed through constructor argument with index 1 of type [org.ssoup.denv.server.persistence.ApplicationConfigRepository]: : No qualifying bean of type [org.ssoup.denv.server.persistence.ApplicationConfigRepository] is defined: expected single matching bean but found 2: mongoDBImageRepository,mongoDBApplicationConfigRepository; nested exception is org.springframework.beans.factory.NoUniqueBeanDefinitionException: No qualifying bean of type [org.ssoup.denv.server.persistence.ApplicationConfigRepository] is defined: expected single matching bean but found 2: mongoDBImageRepository,mongoDBApplicationConfigRepository
	at org.springframework.beans.factory.support.SimpleInstantiationStrategy.instantiate(SimpleInstantiationStrategy.java:188)
	at org.springframework.beans.factory.support.ConstructorResolver.instantiateUsingFactoryMethod(ConstructorResolver.java:586)
	... 130 common frames omitted
Caused by: org.springframework.beans.factory.BeanCreationException: Error creating bean with name &apos;config&apos; defined in class path resource [org/springframework/data/rest/webmvc/config/RepositoryRestMvcConfiguration.class]: Instantiation of bean failed; nested exception is org.springframework.beans.factory.BeanDefinitionStoreException: Factory method [public org.springframework.data.rest.core.config.RepositoryRestConfiguration org.springframework.data.rest.webmvc.config.RepositoryRestMvcConfiguration.config()] threw exception; nested exception is org.springframework.beans.factory.BeanCreationException: Error creating bean with name &apos;repositories&apos; defined in class path resource [org/springframework/data/rest/webmvc/config/RepositoryRestMvcConfiguration.class]: Instantiation of bean failed; nested exception is org.springframework.beans.factory.BeanDefinitionStoreException: Factory method [public org.springframework.data.repository.support.Repositories org.springframework.data.rest.webmvc.config.RepositoryRestMvcConfiguration.repositories()] threw exception; nested exception is org.springframework.beans.factory.UnsatisfiedDependencyException: Error creating bean with name &apos;mongoDBEnvironmentRepositoryImpl&apos; defined in URL [jar:file:/C:/workspaces/denv/denv-server-mongodb/target/denv-server-mongodb-0.1.0.jar!/org/ssoup/denv/server/persistence/mongodb/repository/MongoDBEnvironmentRepositoryImpl.class]: Unsatisfied dependency expressed through constructor argument with index 1 of type [org.ssoup.denv.server.persistence.ApplicationConfigRepository]: : No qualifying bean of type [org.ssoup.denv.server.persistence.ApplicationConfigRepository] is defined: expected single matching bean but found 2: mongoDBImageRepository,mongoDBApplicationConfigRepository; nested exception is org.springframework.beans.factory.NoUniqueBeanDefinitionException: No qualifying bean of type [org.ssoup.denv.server.persistence.ApplicationConfigRepository] is defined: expected single matching bean but found 2: mongoDBImageRepository,mongoDBApplicationConfigRepository
	at org.springframework.beans.factory.support.ConstructorResolver.instantiateUsingFactoryMethod(ConstructorResolver.java:597)
	at org.springframework.beans.factory.support.AbstractAutowireCapableBeanFactory.instantiateUsingFactoryMethod(AbstractAutowireCapableBeanFactory.java:1094)
	at org.springframework.beans.factory.support.AbstractAutowireCapableBeanFactory.createBeanInstance(AbstractAutowireCapableBeanFactory.java:989)
	at org.springframework.beans.factory.support.AbstractAutowireCapableBeanFactory.doCreateBean(AbstractAutowireCapableBeanFactory.java:504)
	at org.springframework.beans.factory.support.AbstractAutowireCapableBeanFactory.createBean(AbstractAutowireCapableBeanFactory.java:475)
	at org.springframework.beans.factory.support.AbstractBeanFactory$1.getObject(AbstractBeanFactory.java:302)
	at org.springframework.beans.factory.support.DefaultSingletonBeanRegistry.getSingleton(DefaultSingletonBeanRegistry.java:228)
	at org.springframework.beans.factory.support.AbstractBeanFactory.doGetBean(AbstractBeanFactory.java:298)
	at org.springframework.beans.factory.support.AbstractBeanFactory.getBean(AbstractBeanFactory.java:193)
	at org.springframework.context.annotation.ConfigurationClassEnhancer$BeanMethodInterceptor.intercept(ConfigurationClassEnhancer.java:324)
	at org.springframework.data.rest.webmvc.config.RepositoryRestMvcConfiguration$$EnhancerBySpringCGLIB$$2cc48631.config(&lt;generated&gt;)
	at org.springframework.data.rest.webmvc.config.RepositoryRestMvcConfiguration.jacksonHttpMessageConverter(RepositoryRestMvcConfiguration.java:374)
	at org.springframework.data.rest.webmvc.config.RepositoryRestMvcConfiguration$$EnhancerBySpringCGLIB$$2cc48631.CGLIB$jacksonHttpMessageConverter$21(&lt;generated&gt;)
	at org.springframework.data.rest.webmvc.config.RepositoryRestMvcConfiguration$$EnhancerBySpringCGLIB$$2cc48631$$FastClassBySpringCGLIB$$1e60d3fc.invoke(&lt;generated&gt;)
	at org.springframework.cglib.proxy.MethodProxy.invokeSuper(MethodProxy.java:228)
	at org.springframework.context.annotation.ConfigurationClassEnhancer$BeanMethodInterceptor.intercept(ConfigurationClassEnhancer.java:312)
	at org.springframework.data.rest.webmvc.config.RepositoryRestMvcConfiguration$$EnhancerBySpringCGLIB$$2cc48631.jacksonHttpMessageConverter(&lt;generated&gt;)
	at sun.reflect.NativeMethodAccessorImpl.invoke0(Native Method)
	at sun.reflect.NativeMethodAccessorImpl.invoke(NativeMethodAccessorImpl.java:39)
	at sun.reflect.DelegatingMethodAccessorImpl.invoke(DelegatingMethodAccessorImpl.java:25)
	at java.lang.reflect.Method.invoke(Method.java:597)
	at org.springframework.beans.factory.support.SimpleInstantiationStrategy.instantiate(SimpleInstantiationStrategy.java:166)
	... 131 common frames omitted
Caused by: org.springframework.beans.factory.BeanDefinitionStoreException: Factory method [public org.springframework.data.rest.core.config.RepositoryRestConfiguration org.springframework.data.rest.webmvc.config.RepositoryRestMvcConfiguration.config()] threw exception; nested exception is org.springframework.beans.factory.BeanCreationException: Error creating bean with name &apos;repositories&apos; defined in class path resource [org/springframework/data/rest/webmvc/config/RepositoryRestMvcConfiguration.class]: Instantiation of bean failed; nested exception is org.springframework.beans.factory.BeanDefinitionStoreException: Factory method [public org.springframework.data.repository.support.Repositories org.springframework.data.rest.webmvc.config.RepositoryRestMvcConfiguration.repositories()] threw exception; nested exception is org.springframework.beans.factory.UnsatisfiedDependencyException: Error creating bean with name &apos;mongoDBEnvironmentRepositoryImpl&apos; defined in URL [jar:file:/C:/workspaces/denv/denv-server-mongodb/target/denv-server-mongodb-0.1.0.jar!/org/ssoup/denv/server/persistence/mongodb/repository/MongoDBEnvironmentRepositoryImpl.class]: Unsatisfied dependency expressed through constructor argument with index 1 of type [org.ssoup.denv.server.persistence.ApplicationConfigRepository]: : No qualifying bean of type [org.ssoup.denv.server.persistence.ApplicationConfigRepository] is defined: expected single matching bean but found 2: mongoDBImageRepository,mongoDBApplicationConfigRepository; nested exception is org.springframework.beans.factory.NoUniqueBeanDefinitionException: No qualifying bean of type [org.ssoup.denv.server.persistence.ApplicationConfigRepository] is defined: expected single matching bean but found 2: mongoDBImageRepository,mongoDBApplicationConfigRepository
	at org.springframework.beans.factory.support.SimpleInstantiationStrategy.instantiate(SimpleInstantiationStrategy.java:188)
	at org.springframework.beans.factory.support.ConstructorResolver.instantiateUsingFactoryMethod(ConstructorResolver.java:586)
	... 152 common frames omitted
Caused by: org.springframework.beans.factory.BeanCreationException: Error creating bean with name &apos;repositories&apos; defined in class path resource [org/springframework/data/rest/webmvc/config/RepositoryRestMvcConfiguration.class]: Instantiation of bean failed; nested exception is org.springframework.beans.factory.BeanDefinitionStoreException: Factory method [public org.springframework.data.repository.support.Repositories org.springframework.data.rest.webmvc.config.RepositoryRestMvcConfiguration.repositories()] threw exception; nested exception is org.springframework.beans.factory.UnsatisfiedDependencyException: Error creating bean with name &apos;mongoDBEnvironmentRepositoryImpl&apos; defined in URL [jar:file:/C:/workspaces/denv/denv-server-mongodb/target/denv-server-mongodb-0.1.0.jar!/org/ssoup/denv/server/persistence/mongodb/repository/MongoDBEnvironmentRepositoryImpl.class]: Unsatisfied dependency expressed through constructor argument with index 1 of type [org.ssoup.denv.server.persistence.ApplicationConfigRepository]: : No qualifying bean of type [org.ssoup.denv.server.persistence.ApplicationConfigRepository] is defined: expected single matching bean but found 2: mongoDBImageRepository,mongoDBApplicationConfigRepository; nested exception is org.springframework.beans.factory.NoUniqueBeanDefinitionException: No qualifying bean of type [org.ssoup.denv.server.persistence.ApplicationConfigRepository] is defined: expected single matching bean but found 2: mongoDBImageRepository,mongoDBApplicationConfigRepository
	at org.springframework.beans.factory.support.ConstructorResolver.instantiateUsingFactoryMethod(ConstructorResolver.java:597)
	at org.springframework.beans.factory.support.AbstractAutowireCapableBeanFactory.instantiateUsingFactoryMethod(AbstractAutowireCapableBeanFactory.java:1094)
	at org.springframework.beans.factory.support.AbstractAutowireCapableBeanFactory.createBeanInstance(AbstractAutowireCapableBeanFactory.java:989)
	at org.springframework.beans.factory.support.AbstractAutowireCapableBeanFactory.doCreateBean(AbstractAutowireCapableBeanFactory.java:504)
	at org.springframework.beans.factory.support.AbstractAutowireCapableBeanFactory.createBean(AbstractAutowireCapableBeanFactory.java:475)
	at org.springframework.beans.factory.support.AbstractBeanFactory$1.getObject(AbstractBeanFactory.java:302)
	at org.springframework.beans.factory.support.DefaultSingletonBeanRegistry.getSingleton(DefaultSingletonBeanRegistry.java:228)
	at org.springframework.beans.factory.support.AbstractBeanFactory.doGetBean(AbstractBeanFactory.java:298)
	at org.springframework.beans.factory.support.AbstractBeanFactory.getBean(AbstractBeanFactory.java:193)
	at org.springframework.context.annotation.ConfigurationClassEnhancer$BeanMethodInterceptor.intercept(ConfigurationClassEnhancer.java:324)
	at org.springframework.data.rest.webmvc.config.RepositoryRestMvcConfiguration$$EnhancerBySpringCGLIB$$2cc48631.repositories(&lt;generated&gt;)
	at org.springframework.data.rest.webmvc.config.RepositoryRestMvcConfiguration.getProjections(RepositoryRestMvcConfiguration.java:621)
	at org.springframework.data.rest.webmvc.config.RepositoryRestMvcConfiguration.config(RepositoryRestMvcConfiguration.java:224)
	at org.springframework.data.rest.webmvc.config.RepositoryRestMvcConfiguration$$EnhancerBySpringCGLIB$$2cc48631.CGLIB$config$40(&lt;generated&gt;)
	at org.springframework.data.rest.webmvc.config.RepositoryRestMvcConfiguration$$EnhancerBySpringCGLIB$$2cc48631$$FastClassBySpringCGLIB$$1e60d3fc.invoke(&lt;generated&gt;)
	at org.springframework.cglib.proxy.MethodProxy.invokeSuper(MethodProxy.java:228)
	at org.springframework.context.annotation.ConfigurationClassEnhancer$BeanMethodInterceptor.intercept(ConfigurationClassEnhancer.java:312)
	at org.springframework.data.rest.webmvc.config.RepositoryRestMvcConfiguration$$EnhancerBySpringCGLIB$$2cc48631.config(&lt;generated&gt;)
	at sun.reflect.NativeMethodAccessorImpl.invoke0(Native Method)
	at sun.reflect.NativeMethodAccessorImpl.invoke(NativeMethodAccessorImpl.java:39)
	at sun.reflect.DelegatingMethodAccessorImpl.invoke(DelegatingMethodAccessorImpl.java:25)
	at java.lang.reflect.Method.invoke(Method.java:597)
	at org.springframework.beans.factory.support.SimpleInstantiationStrategy.instantiate(SimpleInstantiationStrategy.java:166)
	... 153 common frames omitted
Caused by: org.springframework.beans.factory.BeanDefinitionStoreException: Factory method [public org.springframework.data.repository.support.Repositories org.springframework.data.rest.webmvc.config.RepositoryRestMvcConfiguration.repositories()] threw exception; nested exception is org.springframework.beans.factory.UnsatisfiedDependencyException: Error creating bean with name &apos;mongoDBEnvironmentRepositoryImpl&apos; defined in URL [jar:file:/C:/workspaces/denv/denv-server-mongodb/target/denv-server-mongodb-0.1.0.jar!/org/ssoup/denv/server/persistence/mongodb/repository/MongoDBEnvironmentRepositoryImpl.class]: Unsatisfied dependency expressed through constructor argument with index 1 of type [org.ssoup.denv.server.persistence.ApplicationConfigRepository]: : No qualifying bean of type [org.ssoup.denv.server.persistence.ApplicationConfigRepository] is defined: expected single matching bean but found 2: mongoDBImageRepository,mongoDBApplicationConfigRepository; nested exception is org.springframework.beans.factory.NoUniqueBeanDefinitionException: No qualifying bean of type [org.ssoup.denv.server.persistence.ApplicationConfigRepository] is defined: expected single matching bean but found 2: mongoDBImageRepository,mongoDBApplicationConfigRepository
	at org.springframework.beans.factory.support.SimpleInstantiationStrategy.instantiate(SimpleInstantiationStrategy.java:188)
	at org.springframework.beans.factory.support.ConstructorResolver.instantiateUsingFactoryMethod(ConstructorResolver.java:586)
	... 175 common frames omitted
Caused by: org.springframework.beans.factory.UnsatisfiedDependencyException: Error creating bean with name &apos;mongoDBEnvironmentRepositoryImpl&apos; defined in URL [jar:file:/C:/workspaces/denv/denv-server-mongodb/target/denv-server-mongodb-0.1.0.jar!/org/ssoup/denv/server/persistence/mongodb/repository/MongoDBEnvironmentRepositoryImpl.class]: Unsatisfied dependency expressed through constructor argument with index 1 of type [org.ssoup.denv.server.persistence.ApplicationConfigRepository]: : No qualifying bean of type [org.ssoup.denv.server.persistence.ApplicationConfigRepository] is defined: expected single matching bean but found 2: mongoDBImageRepository,mongoDBApplicationConfigRepository; nested exception is org.springframework.beans.factory.NoUniqueBeanDefinitionException: No qualifying bean of type [org.ssoup.denv.server.persistence.ApplicationConfigRepository] is defined: expected single matching bean but found 2: mongoDBImageRepository,mongoDBApplicationConfigRepository
	at org.springframework.beans.factory.support.ConstructorResolver.createArgumentArray(ConstructorResolver.java:747)
	at org.springframework.beans.factory.support.ConstructorResolver.autowireConstructor(ConstructorResolver.java:185)
	at org.springframework.beans.factory.support.AbstractAutowireCapableBeanFactory.autowireConstructor(AbstractAutowireCapableBeanFactory.java:1114)
	at org.springframework.beans.factory.support.AbstractAutowireCapableBeanFactory.createBeanInstance(AbstractAutowireCapableBeanFactory.java:1017)
	at org.springframework.beans.factory.support.AbstractAutowireCapableBeanFactory.doCreateBean(AbstractAutowireCapableBeanFactory.java:504)
	at org.springframework.beans.factory.support.AbstractAutowireCapableBeanFactory.createBean(AbstractAutowireCapableBeanFactory.java:475)
	at org.springframework.beans.factory.support.AbstractBeanFactory$1.getObject(AbstractBeanFactory.java:302)
	at org.springframework.beans.factory.support.DefaultSingletonBeanRegistry.getSingleton(DefaultSingletonBeanRegistry.java:228)
	at org.springframework.beans.factory.support.AbstractBeanFactory.doGetBean(AbstractBeanFactory.java:298)
	at org.springframework.beans.factory.support.AbstractBeanFactory.getBean(AbstractBeanFactory.java:193)
	at org.springframework.beans.factory.support.AbstractBeanFactory.doGetBean(AbstractBeanFactory.java:292)
	at org.springframework.beans.factory.support.AbstractBeanFactory.getBean(AbstractBeanFactory.java:198)
	at org.springframework.data.repository.support.Repositories.populateRepositoryFactoryInformation(Repositories.java:87)
	at org.springframework.data.repository.support.Repositories.&lt;init&gt;(Repositories.java:78)
	at org.springframework.data.rest.webmvc.config.RepositoryRestMvcConfiguration.repositories(RepositoryRestMvcConfiguration.java:146)
	at org.springframework.data.rest.webmvc.config.RepositoryRestMvcConfiguration$$EnhancerBySpringCGLIB$$2cc48631.CGLIB$repositories$2(&lt;generated&gt;)
	at org.springframework.data.rest.webmvc.config.RepositoryRestMvcConfiguration$$EnhancerBySpringCGLIB$$2cc48631$$FastClassBySpringCGLIB$$1e60d3fc.invoke(&lt;generated&gt;)
	at org.springframework.cglib.proxy.MethodProxy.invokeSuper(MethodProxy.java:228)
	at org.springframework.context.annotation.ConfigurationClassEnhancer$BeanMethodInterceptor.intercept(ConfigurationClassEnhancer.java:312)
	at org.springframework.data.rest.webmvc.config.RepositoryRestMvcConfiguration$$EnhancerBySpringCGLIB$$2cc48631.repositories(&lt;generated&gt;)
	at sun.reflect.NativeMethodAccessorImpl.invoke0(Native Method)
	at sun.reflect.NativeMethodAccessorImpl.invoke(NativeMethodAccessorImpl.java:39)
	at sun.reflect.DelegatingMethodAccessorImpl.invoke(DelegatingMethodAccessorImpl.java:25)
	at java.lang.reflect.Method.invoke(Method.java:597)
	at org.springframework.beans.factory.support.SimpleInstantiationStrategy.instantiate(SimpleInstantiationStrategy.java:166)
	... 176 common frames omitted
Caused by: org.springframework.beans.factory.NoUniqueBeanDefinitionException: No qualifying bean of type [org.ssoup.denv.server.persistence.ApplicationConfigRepository] is defined: expected single matching bean but found 2: mongoDBImageRepository,mongoDBApplicationConfigRepository
	at org.springframework.beans.factory.support.DefaultListableBeanFactory.doResolveDependency(DefaultListableBeanFactory.java:970)
	at org.springframework.beans.factory.support.DefaultListableBeanFactory.resolveDependency(DefaultListableBeanFactory.java:858)
	at org.springframework.beans.factory.support.ConstructorResolver.resolveAutowiredArgument(ConstructorResolver.java:811)
	at org.springframework.beans.factory.support.ConstructorResolver.createArgumentArray(ConstructorResolver.java:739)
	... 200 common frames omitted

2014-09-12 15:54:15.819 ERROR 10216 --- [           main] o.s.test.context.TestContextManager      : Caught exception while allowing TestExecutionListener [org.springframework.test.context.support.DependencyInjectionTestExecutionListener@e9493a] to prepare test instance [org.ssoup.denv.server.test.DenvClientTest@7348e]

java.lang.IllegalStateException: Failed to load ApplicationContext
	at org.springframework.test.context.CacheAwareContextLoaderDelegate.loadContext(CacheAwareContextLoaderDelegate.java:99)
	at org.springframework.test.context.DefaultTestContext.getApplicationContext(DefaultTestContext.java:101)
	at org.springframework.test.context.support.DependencyInjectionTestExecutionListener.injectDependencies(DependencyInjectionTestExecutionListener.java:109)
	at org.springframework.test.context.support.DependencyInjectionTestExecutionListener.prepareTestInstance(DependencyInjectionTestExecutionListener.java:75)
	at org.springframework.test.context.TestContextManager.prepareTestInstance(TestContextManager.java:331)
	at org.springframework.test.context.junit4.SpringJUnit4ClassRunner.createTest(SpringJUnit4ClassRunner.java:213)
	at org.springframework.test.context.junit4.SpringJUnit4ClassRunner$1.runReflectiveCall(SpringJUnit4ClassRunner.java:290)
	at org.junit.internal.runners.model.ReflectiveCallable.run(ReflectiveCallable.java:12)
	at org.springframework.test.context.junit4.SpringJUnit4ClassRunner.methodBlock(SpringJUnit4ClassRunner.java:292)
	at org.springframework.test.context.junit4.SpringJUnit4ClassRunner.runChild(SpringJUnit4ClassRunner.java:233)
	at org.springframework.test.context.junit4.SpringJUnit4ClassRunner.runChild(SpringJUnit4ClassRunner.java:87)
	at org.junit.runners.ParentRunner$3.run(ParentRunner.java:238)
	at org.junit.runners.ParentRunner$1.schedule(ParentRunner.java:63)
	at org.junit.runners.ParentRunner.runChildren(ParentRunner.java:236)
	at org.junit.runners.ParentRunner.access$000(ParentRunner.java:53)
	at org.junit.runners.ParentRunner$2.evaluate(ParentRunner.java:229)
	at org.springframework.test.context.junit4.statements.RunBeforeTestClassCallbacks.evaluate(RunBeforeTestClassCallbacks.java:61)
	at org.springframework.test.context.junit4.statements.RunAfterTestClassCallbacks.evaluate(RunAfterTestClassCallbacks.java:71)
	at org.junit.runners.ParentRunner.run(ParentRunner.java:309)
	at org.springframework.test.context.junit4.SpringJUnit4ClassRunner.run(SpringJUnit4ClassRunner.java:176)
	at org.apache.maven.surefire.junit4.JUnit4TestSet.execute(JUnit4TestSet.java:62)
	at org.apache.maven.surefire.suite.AbstractDirectoryTestSuite.executeTestSet(AbstractDirectoryTestSuite.java:140)
	at org.apache.maven.surefire.suite.AbstractDirectoryTestSuite.execute(AbstractDirectoryTestSuite.java:127)
	at org.apache.maven.surefire.Surefire.run(Surefire.java:177)
	at sun.reflect.NativeMethodAccessorImpl.invoke0(Native Method)
	at sun.reflect.NativeMethodAccessorImpl.invoke(NativeMethodAccessorImpl.java:39)
	at sun.reflect.DelegatingMethodAccessorImpl.invoke(DelegatingMethodAccessorImpl.java:25)
	at java.lang.reflect.Method.invoke(Method.java:597)
	at org.apache.maven.surefire.booter.SurefireBooter.runSuitesInProcess(SurefireBooter.java:345)
	at org.apache.maven.surefire.booter.SurefireBooter.main(SurefireBooter.java:1009)
Caused by: org.springframework.context.ApplicationContextException: Unable to start embedded container; nested exception is org.springframework.boot.context.embedded.EmbeddedServletContainerException: Unable to start embedded Tomcat
	at org.springframework.boot.context.embedded.EmbeddedWebApplicationContext.onRefresh(EmbeddedWebApplicationContext.java:135)
	at org.springframework.context.support.AbstractApplicationContext.refresh(AbstractApplicationContext.java:476)
	at org.springframework.boot.context.embedded.EmbeddedWebApplicationContext.refresh(EmbeddedWebApplicationContext.java:120)
	at org.springframework.boot.SpringApplication.refresh(SpringApplication.java:691)
	at org.springframework.boot.SpringApplication.run(SpringApplication.java:320)
	at org.springframework.boot.test.SpringApplicationContextLoader.loadContext(SpringApplicationContextLoader.java:107)
	at org.springframework.test.context.CacheAwareContextLoaderDelegate.loadContextInternal(CacheAwareContextLoaderDelegate.java:64)
	at org.springframework.test.context.CacheAwareContextLoaderDelegate.loadContext(CacheAwareContextLoaderDelegate.java:91)
	... 29 common frames omitted
Caused by: org.springframework.boot.context.embedded.EmbeddedServletContainerException: Unable to start embedded Tomcat
	at org.springframework.boot.context.embedded.tomcat.TomcatEmbeddedServletContainer.initialize(TomcatEmbeddedServletContainer.java:100)
	at org.springframework.boot.context.embedded.tomcat.TomcatEmbeddedServletContainer.&lt;init&gt;(TomcatEmbeddedServletContainer.java:74)
	at org.springframework.boot.context.embedded.tomcat.TomcatEmbeddedServletContainerFactory.getTomcatEmbeddedServletContainer(TomcatEmbeddedServletContainerFactory.java:289)
	at org.springframework.boot.context.embedded.tomcat.TomcatEmbeddedServletContainerFactory.getEmbeddedServletContainer(TomcatEmbeddedServletContainerFactory.java:146)
	at org.springframework.boot.context.embedded.EmbeddedWebApplicationContext.createEmbeddedServletContainer(EmbeddedWebApplicationContext.java:159)
	at org.springframework.boot.context.embedded.EmbeddedWebApplicationContext.onRefresh(EmbeddedWebApplicationContext.java:132)
	... 36 common frames omitted
Caused by: org.springframework.beans.factory.BeanCreationException: Error creating bean with name &apos;org.springframework.security.config.annotation.web.configuration.WebSecurityConfiguration&apos;: Injection of autowired dependencies failed; nested exception is org.springframework.beans.factory.BeanCreationException: Could not autowire method: public void org.springframework.security.config.annotation.web.configuration.WebSecurityConfiguration.setFilterChainProxySecurityConfigurer(org.springframework.security.config.annotation.ObjectPostProcessor,java.util.List) throws java.lang.Exception; nested exception is org.springframework.beans.factory.BeanExpressionException: Expression parsing failed; nested exception is org.springframework.beans.factory.BeanCreationException: Error creating bean with name &apos;securityConfig&apos;: Injection of autowired dependencies failed; nested exception is org.springframework.beans.factory.BeanCreationException: Could not autowire method: public void org.springframework.security.config.annotation.web.configuration.WebSecurityConfigurerAdapter.setContentNegotationStrategy(org.springframework.web.accept.ContentNegotiationStrategy); nested exception is org.springframework.beans.factory.BeanCreationException: Error creating bean with name &apos;org.springframework.web.servlet.config.annotation.DelegatingWebMvcConfiguration&apos;: Injection of autowired dependencies failed; nested exception is org.springframework.beans.factory.BeanCreationException: Could not autowire method: public void org.springframework.web.servlet.config.annotation.DelegatingWebMvcConfiguration.setConfigurers(java.util.List); nested exception is org.springframework.beans.factory.BeanCreationException: Error creating bean with name &apos;org.springframework.boot.autoconfigure.web.WebMvcAutoConfiguration$WebMvcAutoConfigurationAdapter&apos;: Injection of autowired dependencies failed; nested exception is org.springframework.beans.factory.BeanCreationException: Could not autowire field: private org.springframework.boot.autoconfigure.web.HttpMessageConverters org.springframework.boot.autoconfigure.web.WebMvcAutoConfiguration$WebMvcAutoConfigurationAdapter.messageConverters; nested exception is org.springframework.beans.factory.BeanCreationException: Error creating bean with name &apos;org.springframework.boot.autoconfigure.web.HttpMessageConvertersAutoConfiguration&apos;: Injection of autowired dependencies failed; nested exception is org.springframework.beans.factory.BeanCreationException: Could not autowire field: private final java.util.List org.springframework.boot.autoconfigure.web.HttpMessageConvertersAutoConfiguration.converters; nested exception is org.springframework.beans.factory.BeanCreationException: Error creating bean with name &apos;jacksonHttpMessageConverter&apos; defined in class path resource [org/springframework/data/rest/webmvc/config/RepositoryRestMvcConfiguration.class]: Instantiation of bean failed; nested exception is org.springframework.beans.factory.BeanDefinitionStoreException: Factory method [public org.springframework.http.converter.json.MappingJackson2HttpMessageConverter org.springframework.data.rest.webmvc.config.RepositoryRestMvcConfiguration.jacksonHttpMessageConverter()] threw exception; nested exception is org.springframework.beans.factory.BeanCreationException: Error creating bean with name &apos;config&apos; defined in class path resource [org/springframework/data/rest/webmvc/config/RepositoryRestMvcConfiguration.class]: Instantiation of bean failed; nested exception is org.springframework.beans.factory.BeanDefinitionStoreException: Factory method [public org.springframework.data.rest.core.config.RepositoryRestConfiguration org.springframework.data.rest.webmvc.config.RepositoryRestMvcConfiguration.config()] threw exception; nested exception is org.springframework.beans.factory.BeanCreationException: Error creating bean with name &apos;repositories&apos; defined in class path resource [org/springframework/data/rest/webmvc/config/RepositoryRestMvcConfiguration.class]: Instantiation of bean failed; nested exception is org.springframework.beans.factory.BeanDefinitionStoreException: Factory method [public org.springframework.data.repository.support.Repositories org.springframework.data.rest.webmvc.config.RepositoryRestMvcConfiguration.repositories()] threw exception; nested exception is org.springframework.beans.factory.UnsatisfiedDependencyException: Error creating bean with name &apos;mongoDBEnvironmentRepositoryImpl&apos; defined in URL [jar:file:/C:/workspaces/denv/denv-server-mongodb/target/denv-server-mongodb-0.1.0.jar!/org/ssoup/denv/server/persistence/mongodb/repository/MongoDBEnvironmentRepositoryImpl.class]: Unsatisfied dependency expressed through constructor argument with index 1 of type [org.ssoup.denv.server.persistence.ApplicationConfigRepository]: : No qualifying bean of type [org.ssoup.denv.server.persistence.ApplicationConfigRepository] is defined: expected single matching bean but found 2: mongoDBImageRepository,mongoDBApplicationConfigRepository; nested exception is org.springframework.beans.factory.NoUniqueBeanDefinitionException: No qualifying bean of type [org.ssoup.denv.server.persistence.ApplicationConfigRepository] is defined: expected single matching bean but found 2: mongoDBImageRepository,mongoDBApplicationConfigRepository
	at org.springframework.beans.factory.annotation.AutowiredAnnotationBeanPostProcessor.postProcessPropertyValues(AutowiredAnnotationBeanPostProcessor.java:292)
	at org.springframework.beans.factory.support.AbstractAutowireCapableBeanFactory.populateBean(AbstractAutowireCapableBeanFactory.java:1185)
	at org.springframework.beans.factory.support.AbstractAutowireCapableBeanFactory.doCreateBean(AbstractAutowireCapableBeanFactory.java:537)
	at org.springframework.beans.factory.support.AbstractAutowireCapableBeanFactory.createBean(AbstractAutowireCapableBeanFactory.java:475)
	at org.springframework.beans.factory.support.AbstractBeanFactory$1.getObject(AbstractBeanFactory.java:302)
	at org.springframework.beans.factory.support.DefaultSingletonBeanRegistry.getSingleton(DefaultSingletonBeanRegistry.java:228)
	at org.springframework.beans.factory.support.AbstractBeanFactory.doGetBean(AbstractBeanFactory.java:298)
	at org.springframework.beans.factory.support.AbstractBeanFactory.getBean(AbstractBeanFactory.java:193)
	at org.springframework.beans.factory.support.ConstructorResolver.instantiateUsingFactoryMethod(ConstructorResolver.java:370)
	at org.springframework.beans.factory.support.AbstractAutowireCapableBeanFactory.instantiateUsingFactoryMethod(AbstractAutowireCapableBeanFactory.java:1094)
	at org.springframework.beans.factory.support.AbstractAutowireCapableBeanFactory.createBeanInstance(AbstractAutowireCapableBeanFactory.java:989)
	at org.springframework.beans.factory.support.AbstractAutowireCapableBeanFactory.doCreateBean(AbstractAutowireCapableBeanFactory.java:504)
	at org.springframework.beans.factory.support.AbstractAutowireCapableBeanFactory.createBean(AbstractAutowireCapableBeanFactory.java:475)
	at org.springframework.beans.factory.support.AbstractBeanFactory$1.getObject(AbstractBeanFactory.java:302)
	at org.springframework.beans.factory.support.DefaultSingletonBeanRegistry.getSingleton(DefaultSingletonBeanRegistry.java:228)
	at org.springframework.beans.factory.support.AbstractBeanFactory.doGetBean(AbstractBeanFactory.java:298)
	at org.springframework.beans.factory.support.AbstractBeanFactory.getBean(AbstractBeanFactory.java:198)
	at org.springframework.boot.context.embedded.EmbeddedWebApplicationContext.getOrderedBeansOfType(EmbeddedWebApplicationContext.java:367)
	at org.springframework.boot.context.embedded.EmbeddedWebApplicationContext.getServletContextInitializerBeans(EmbeddedWebApplicationContext.java:268)
	at org.springframework.boot.context.embedded.EmbeddedWebApplicationContext$1.onStartup(EmbeddedWebApplicationContext.java:213)
	at org.springframework.boot.context.embedded.tomcat.ServletContextInitializerLifecycleListener.lifecycleEvent(ServletContextInitializerLifecycleListener.java:64)
	at org.apache.catalina.util.LifecycleSupport.fireLifecycleEvent(LifecycleSupport.java:117)
	at org.apache.catalina.util.LifecycleBase.fireLifecycleEvent(LifecycleBase.java:90)
	at org.apache.catalina.core.StandardContext.startInternal(StandardContext.java:5355)
	at org.apache.catalina.util.LifecycleBase.start(LifecycleBase.java:150)
	at org.apache.catalina.core.ContainerBase$StartChild.call(ContainerBase.java:1559)
	at org.apache.catalina.core.ContainerBase$StartChild.call(ContainerBase.java:1549)
	at java.util.concurrent.FutureTask$Sync.innerRun(FutureTask.java:303)
	at java.util.concurrent.FutureTask.run(FutureTask.java:138)
	at java.util.concurrent.ThreadPoolExecutor$Worker.runTask(ThreadPoolExecutor.java:886)
	at java.util.concurrent.ThreadPoolExecutor$Worker.run(ThreadPoolExecutor.java:908)
	at java.lang.Thread.run(Thread.java:662)
Caused by: org.springframework.beans.factory.BeanCreationException: Could not autowire method: public void org.springframework.security.config.annotation.web.configuration.WebSecurityConfiguration.setFilterChainProxySecurityConfigurer(org.springframework.security.config.annotation.ObjectPostProcessor,java.util.List) throws java.lang.Exception; nested exception is org.springframework.beans.factory.BeanExpressionException: Expression parsing failed; nested exception is org.springframework.beans.factory.BeanCreationException: Error creating bean with name &apos;securityConfig&apos;: Injection of autowired dependencies failed; nested exception is org.springframework.beans.factory.BeanCreationException: Could not autowire method: public void org.springframework.security.config.annotation.web.configuration.WebSecurityConfigurerAdapter.setContentNegotationStrategy(org.springframework.web.accept.ContentNegotiationStrategy); nested exception is org.springframework.beans.factory.BeanCreationException: Error creating bean with name &apos;org.springframework.web.servlet.config.annotation.DelegatingWebMvcConfiguration&apos;: Injection of autowired dependencies failed; nested exception is org.springframework.beans.factory.BeanCreationException: Could not autowire method: public void org.springframework.web.servlet.config.annotation.DelegatingWebMvcConfiguration.setConfigurers(java.util.List); nested exception is org.springframework.beans.factory.BeanCreationException: Error creating bean with name &apos;org.springframework.boot.autoconfigure.web.WebMvcAutoConfiguration$WebMvcAutoConfigurationAdapter&apos;: Injection of autowired dependencies failed; nested exception is org.springframework.beans.factory.BeanCreationException: Could not autowire field: private org.springframework.boot.autoconfigure.web.HttpMessageConverters org.springframework.boot.autoconfigure.web.WebMvcAutoConfiguration$WebMvcAutoConfigurationAdapter.messageConverters; nested exception is org.springframework.beans.factory.BeanCreationException: Error creating bean with name &apos;org.springframework.boot.autoconfigure.web.HttpMessageConvertersAutoConfiguration&apos;: Injection of autowired dependencies failed; nested exception is org.springframework.beans.factory.BeanCreationException: Could not autowire field: private final java.util.List org.springframework.boot.autoconfigure.web.HttpMessageConvertersAutoConfiguration.converters; nested exception is org.springframework.beans.factory.BeanCreationException: Error creating bean with name &apos;jacksonHttpMessageConverter&apos; defined in class path resource [org/springframework/data/rest/webmvc/config/RepositoryRestMvcConfiguration.class]: Instantiation of bean failed; nested exception is org.springframework.beans.factory.BeanDefinitionStoreException: Factory method [public org.springframework.http.converter.json.MappingJackson2HttpMessageConverter org.springframework.data.rest.webmvc.config.RepositoryRestMvcConfiguration.jacksonHttpMessageConverter()] threw exception; nested exception is org.springframework.beans.factory.BeanCreationException: Error creating bean with name &apos;config&apos; defined in class path resource [org/springframework/data/rest/webmvc/config/RepositoryRestMvcConfiguration.class]: Instantiation of bean failed; nested exception is org.springframework.beans.factory.BeanDefinitionStoreException: Factory method [public org.springframework.data.rest.core.config.RepositoryRestConfiguration org.springframework.data.rest.webmvc.config.RepositoryRestMvcConfiguration.config()] threw exception; nested exception is org.springframework.beans.factory.BeanCreationException: Error creating bean with name &apos;repositories&apos; defined in class path resource [org/springframework/data/rest/webmvc/config/RepositoryRestMvcConfiguration.class]: Instantiation of bean failed; nested exception is org.springframework.beans.factory.BeanDefinitionStoreException: Factory method [public org.springframework.data.repository.support.Repositories org.springframework.data.rest.webmvc.config.RepositoryRestMvcConfiguration.repositories()] threw exception; nested exception is org.springframework.beans.factory.UnsatisfiedDependencyException: Error creating bean with name &apos;mongoDBEnvironmentRepositoryImpl&apos; defined in URL [jar:file:/C:/workspaces/denv/denv-server-mongodb/target/denv-server-mongodb-0.1.0.jar!/org/ssoup/denv/server/persistence/mongodb/repository/MongoDBEnvironmentRepositoryImpl.class]: Unsatisfied dependency expressed through constructor argument with index 1 of type [org.ssoup.denv.server.persistence.ApplicationConfigRepository]: : No qualifying bean of type [org.ssoup.denv.server.persistence.ApplicationConfigRepository] is defined: expected single matching bean but found 2: mongoDBImageRepository,mongoDBApplicationConfigRepository; nested exception is org.springframework.beans.factory.NoUniqueBeanDefinitionException: No qualifying bean of type [org.ssoup.denv.server.persistence.ApplicationConfigRepository] is defined: expected single matching bean but found 2: mongoDBImageRepository,mongoDBApplicationConfigRepository
	at org.springframework.beans.factory.annotation.AutowiredAnnotationBeanPostProcessor$AutowiredMethodElement.inject(AutowiredAnnotationBeanPostProcessor.java:596)
	at org.springframework.beans.factory.annotation.InjectionMetadata.inject(InjectionMetadata.java:87)
	at org.springframework.beans.factory.annotation.AutowiredAnnotationBeanPostProcessor.postProcessPropertyValues(AutowiredAnnotationBeanPostProcessor.java:289)
	... 31 common frames omitted
Caused by: org.springframework.beans.factory.BeanExpressionException: Expression parsing failed; nested exception is org.springframework.beans.factory.BeanCreationException: Error creating bean with name &apos;securityConfig&apos;: Injection of autowired dependencies failed; nested exception is org.springframework.beans.factory.BeanCreationException: Could not autowire method: public void org.springframework.security.config.annotation.web.configuration.WebSecurityConfigurerAdapter.setContentNegotationStrategy(org.springframework.web.accept.ContentNegotiationStrategy); nested exception is org.springframework.beans.factory.BeanCreationException: Error creating bean with name &apos;org.springframework.web.servlet.config.annotation.DelegatingWebMvcConfiguration&apos;: Injection of autowired dependencies failed; nested exception is org.springframework.beans.factory.BeanCreationException: Could not autowire method: public void org.springframework.web.servlet.config.annotation.DelegatingWebMvcConfiguration.setConfigurers(java.util.List); nested exception is org.springframework.beans.factory.BeanCreationException: Error creating bean with name &apos;org.springframework.boot.autoconfigure.web.WebMvcAutoConfiguration$WebMvcAutoConfigurationAdapter&apos;: Injection of autowired dependencies failed; nested exception is org.springframework.beans.factory.BeanCreationException: Could not autowire field: private org.springframework.boot.autoconfigure.web.HttpMessageConverters org.springframework.boot.autoconfigure.web.WebMvcAutoConfiguration$WebMvcAutoConfigurationAdapter.messageConverters; nested exception is org.springframework.beans.factory.BeanCreationException: Error creating bean with name &apos;org.springframework.boot.autoconfigure.web.HttpMessageConvertersAutoConfiguration&apos;: Injection of autowired dependencies failed; nested exception is org.springframework.beans.factory.BeanCreationException: Could not autowire field: private final java.util.List org.springframework.boot.autoconfigure.web.HttpMessageConvertersAutoConfiguration.converters; nested exception is org.springframework.beans.factory.BeanCreationException: Error creating bean with name &apos;jacksonHttpMessageConverter&apos; defined in class path resource [org/springframework/data/rest/webmvc/config/RepositoryRestMvcConfiguration.class]: Instantiation of bean failed; nested exception is org.springframework.beans.factory.BeanDefinitionStoreException: Factory method [public org.springframework.http.converter.json.MappingJackson2HttpMessageConverter org.springframework.data.rest.webmvc.config.RepositoryRestMvcConfiguration.jacksonHttpMessageConverter()] threw exception; nested exception is org.springframework.beans.factory.BeanCreationException: Error creating bean with name &apos;config&apos; defined in class path resource [org/springframework/data/rest/webmvc/config/RepositoryRestMvcConfiguration.class]: Instantiation of bean failed; nested exception is org.springframework.beans.factory.BeanDefinitionStoreException: Factory method [public org.springframework.data.rest.core.config.RepositoryRestConfiguration org.springframework.data.rest.webmvc.config.RepositoryRestMvcConfiguration.config()] threw exception; nested exception is org.springframework.beans.factory.BeanCreationException: Error creating bean with name &apos;repositories&apos; defined in class path resource [org/springframework/data/rest/webmvc/config/RepositoryRestMvcConfiguration.class]: Instantiation of bean failed; nested exception is org.springframework.beans.factory.BeanDefinitionStoreException: Factory method [public org.springframework.data.repository.support.Repositories org.springframework.data.rest.webmvc.config.RepositoryRestMvcConfiguration.repositories()] threw exception; nested exception is org.springframework.beans.factory.UnsatisfiedDependencyException: Error creating bean with name &apos;mongoDBEnvironmentRepositoryImpl&apos; defined in URL [jar:file:/C:/workspaces/denv/denv-server-mongodb/target/denv-server-mongodb-0.1.0.jar!/org/ssoup/denv/server/persistence/mongodb/repository/MongoDBEnvironmentRepositoryImpl.class]: Unsatisfied dependency expressed through constructor argument with index 1 of type [org.ssoup.denv.server.persistence.ApplicationConfigRepository]: : No qualifying bean of type [org.ssoup.denv.server.persistence.ApplicationConfigRepository] is defined: expected single matching bean but found 2: mongoDBImageRepository,mongoDBApplicationConfigRepository; nested exception is org.springframework.beans.factory.NoUniqueBeanDefinitionException: No qualifying bean of type [org.ssoup.denv.server.persistence.ApplicationConfigRepository] is defined: expected single matching bean but found 2: mongoDBImageRepository,mongoDBApplicationConfigRepository
	at org.springframework.context.expression.StandardBeanExpressionResolver.evaluate(StandardBeanExpressionResolver.java:146)
	at org.springframework.beans.factory.support.AbstractBeanFactory.evaluateBeanDefinitionString(AbstractBeanFactory.java:1362)
	at org.springframework.beans.factory.support.DefaultListableBeanFactory.doResolveDependency(DefaultListableBeanFactory.java:873)
	at org.springframework.beans.factory.support.DefaultListableBeanFactory.resolveDependency(DefaultListableBeanFactory.java:858)
	at org.springframework.beans.factory.annotation.AutowiredAnnotationBeanPostProcessor$AutowiredMethodElement.inject(AutowiredAnnotationBeanPostProcessor.java:553)
	... 33 common frames omitted
Caused by: org.springframework.beans.factory.BeanCreationException: Error creating bean with name &apos;securityConfig&apos;: Injection of autowired dependencies failed; nested exception is org.springframework.beans.factory.BeanCreationException: Could not autowire method: public void org.springframework.security.config.annotation.web.configuration.WebSecurityConfigurerAdapter.setContentNegotationStrategy(org.springframework.web.accept.ContentNegotiationStrategy); nested exception is org.springframework.beans.factory.BeanCreationException: Error creating bean with name &apos;org.springframework.web.servlet.config.annotation.DelegatingWebMvcConfiguration&apos;: Injection of autowired dependencies failed; nested exception is org.springframework.beans.factory.BeanCreationException: Could not autowire method: public void org.springframework.web.servlet.config.annotation.DelegatingWebMvcConfiguration.setConfigurers(java.util.List); nested exception is org.springframework.beans.factory.BeanCreationException: Error creating bean with name &apos;org.springframework.boot.autoconfigure.web.WebMvcAutoConfiguration$WebMvcAutoConfigurationAdapter&apos;: Injection of autowired dependencies failed; nested exception is org.springframework.beans.factory.BeanCreationException: Could not autowire field: private org.springframework.boot.autoconfigure.web.HttpMessageConverters org.springframework.boot.autoconfigure.web.WebMvcAutoConfiguration$WebMvcAutoConfigurationAdapter.messageConverters; nested exception is org.springframework.beans.factory.BeanCreationException: Error creating bean with name &apos;org.springframework.boot.autoconfigure.web.HttpMessageConvertersAutoConfiguration&apos;: Injection of autowired dependencies failed; nested exception is org.springframework.beans.factory.BeanCreationException: Could not autowire field: private final java.util.List org.springframework.boot.autoconfigure.web.HttpMessageConvertersAutoConfiguration.converters; nested exception is org.springframework.beans.factory.BeanCreationException: Error creating bean with name &apos;jacksonHttpMessageConverter&apos; defined in class path resource [org/springframework/data/rest/webmvc/config/RepositoryRestMvcConfiguration.class]: Instantiation of bean failed; nested exception is org.springframework.beans.factory.BeanDefinitionStoreException: Factory method [public org.springframework.http.converter.json.MappingJackson2HttpMessageConverter org.springframework.data.rest.webmvc.config.RepositoryRestMvcConfiguration.jacksonHttpMessageConverter()] threw exception; nested exception is org.springframework.beans.factory.BeanCreationException: Error creating bean with name &apos;config&apos; defined in class path resource [org/springframework/data/rest/webmvc/config/RepositoryRestMvcConfiguration.class]: Instantiation of bean failed; nested exception is org.springframework.beans.factory.BeanDefinitionStoreException: Factory method [public org.springframework.data.rest.core.config.RepositoryRestConfiguration org.springframework.data.rest.webmvc.config.RepositoryRestMvcConfiguration.config()] threw exception; nested exception is org.springframework.beans.factory.BeanCreationException: Error creating bean with name &apos;repositories&apos; defined in class path resource [org/springframework/data/rest/webmvc/config/RepositoryRestMvcConfiguration.class]: Instantiation of bean failed; nested exception is org.springframework.beans.factory.BeanDefinitionStoreException: Factory method [public org.springframework.data.repository.support.Repositories org.springframework.data.rest.webmvc.config.RepositoryRestMvcConfiguration.repositories()] threw exception; nested exception is org.springframework.beans.factory.UnsatisfiedDependencyException: Error creating bean with name &apos;mongoDBEnvironmentRepositoryImpl&apos; defined in URL [jar:file:/C:/workspaces/denv/denv-server-mongodb/target/denv-server-mongodb-0.1.0.jar!/org/ssoup/denv/server/persistence/mongodb/repository/MongoDBEnvironmentRepositoryImpl.class]: Unsatisfied dependency expressed through constructor argument with index 1 of type [org.ssoup.denv.server.persistence.ApplicationConfigRepository]: : No qualifying bean of type [org.ssoup.denv.server.persistence.ApplicationConfigRepository] is defined: expected single matching bean but found 2: mongoDBImageRepository,mongoDBApplicationConfigRepository; nested exception is org.springframework.beans.factory.NoUniqueBeanDefinitionException: No qualifying bean of type [org.ssoup.denv.server.persistence.ApplicationConfigRepository] is defined: expected single matching bean but found 2: mongoDBImageRepository,mongoDBApplicationConfigRepository
	at org.springframework.beans.factory.annotation.AutowiredAnnotationBeanPostProcessor.postProcessPropertyValues(AutowiredAnnotationBeanPostProcessor.java:292)
	at org.springframework.beans.factory.support.AbstractAutowireCapableBeanFactory.populateBean(AbstractAutowireCapableBeanFactory.java:1185)
	at org.springframework.beans.factory.support.AbstractAutowireCapableBeanFactory.doCreateBean(AbstractAutowireCapableBeanFactory.java:537)
	at org.springframework.beans.factory.support.AbstractAutowireCapableBeanFactory.createBean(AbstractAutowireCapableBeanFactory.java:475)
	at org.springframework.beans.factory.support.AbstractBeanFactory$1.getObject(AbstractBeanFactory.java:302)
	at org.springframework.beans.factory.support.DefaultSingletonBeanRegistry.getSingleton(DefaultSingletonBeanRegistry.java:228)
	at org.springframework.beans.factory.support.AbstractBeanFactory.doGetBean(AbstractBeanFactory.java:298)
	at org.springframework.beans.factory.support.AbstractBeanFactory.getBean(AbstractBeanFactory.java:198)
	at org.springframework.beans.factory.support.DefaultListableBeanFactory.getBeansOfType(DefaultListableBeanFactory.java:470)
	at org.springframework.beans.factory.support.DefaultListableBeanFactory.getBeansOfType(DefaultListableBeanFactory.java:459)
	at org.springframework.security.config.annotation.web.configuration.AutowiredWebSecurityConfigurersIgnoreParents.getWebSecurityConfigurers(AutowiredWebSecurityConfigurersIgnoreParents.java:52)
	at sun.reflect.NativeMethodAccessorImpl.invoke0(Native Method)
	at sun.reflect.NativeMethodAccessorImpl.invoke(NativeMethodAccessorImpl.java:39)
	at sun.reflect.DelegatingMethodAccessorImpl.invoke(DelegatingMethodAccessorImpl.java:25)
	at java.lang.reflect.Method.invoke(Method.java:597)
	at org.springframework.expression.spel.support.ReflectiveMethodExecutor.execute(ReflectiveMethodExecutor.java:63)
	at org.springframework.expression.spel.ast.MethodReference.getValueInternal(MethodReference.java:122)
	at org.springframework.expression.spel.ast.MethodReference.access$000(MethodReference.java:44)
	at org.springframework.expression.spel.ast.MethodReference$MethodValueRef.getValue(MethodReference.java:258)
	at org.springframework.expression.spel.ast.CompoundExpression.getValueInternal(CompoundExpression.java:84)
	at org.springframework.expression.spel.ast.SpelNodeImpl.getValue(SpelNodeImpl.java:103)
	at org.springframework.expression.spel.standard.SpelExpression.getValue(SpelExpression.java:94)
	at org.springframework.context.expression.StandardBeanExpressionResolver.evaluate(StandardBeanExpressionResolver.java:143)
	... 37 common frames omitted
Caused by: org.springframework.beans.factory.BeanCreationException: Could not autowire method: public void org.springframework.security.config.annotation.web.configuration.WebSecurityConfigurerAdapter.setContentNegotationStrategy(org.springframework.web.accept.ContentNegotiationStrategy); nested exception is org.springframework.beans.factory.BeanCreationException: Error creating bean with name &apos;org.springframework.web.servlet.config.annotation.DelegatingWebMvcConfiguration&apos;: Injection of autowired dependencies failed; nested exception is org.springframework.beans.factory.BeanCreationException: Could not autowire method: public void org.springframework.web.servlet.config.annotation.DelegatingWebMvcConfiguration.setConfigurers(java.util.List); nested exception is org.springframework.beans.factory.BeanCreationException: Error creating bean with name &apos;org.springframework.boot.autoconfigure.web.WebMvcAutoConfiguration$WebMvcAutoConfigurationAdapter&apos;: Injection of autowired dependencies failed; nested exception is org.springframework.beans.factory.BeanCreationException: Could not autowire field: private org.springframework.boot.autoconfigure.web.HttpMessageConverters org.springframework.boot.autoconfigure.web.WebMvcAutoConfiguration$WebMvcAutoConfigurationAdapter.messageConverters; nested exception is org.springframework.beans.factory.BeanCreationException: Error creating bean with name &apos;org.springframework.boot.autoconfigure.web.HttpMessageConvertersAutoConfiguration&apos;: Injection of autowired dependencies failed; nested exception is org.springframework.beans.factory.BeanCreationException: Could not autowire field: private final java.util.List org.springframework.boot.autoconfigure.web.HttpMessageConvertersAutoConfiguration.converters; nested exception is org.springframework.beans.factory.BeanCreationException: Error creating bean with name &apos;jacksonHttpMessageConverter&apos; defined in class path resource [org/springframework/data/rest/webmvc/config/RepositoryRestMvcConfiguration.class]: Instantiation of bean failed; nested exception is org.springframework.beans.factory.BeanDefinitionStoreException: Factory method [public org.springframework.http.converter.json.MappingJackson2HttpMessageConverter org.springframework.data.rest.webmvc.config.RepositoryRestMvcConfiguration.jacksonHttpMessageConverter()] threw exception; nested exception is org.springframework.beans.factory.BeanCreationException: Error creating bean with name &apos;config&apos; defined in class path resource [org/springframework/data/rest/webmvc/config/RepositoryRestMvcConfiguration.class]: Instantiation of bean failed; nested exception is org.springframework.beans.factory.BeanDefinitionStoreException: Factory method [public org.springframework.data.rest.core.config.RepositoryRestConfiguration org.springframework.data.rest.webmvc.config.RepositoryRestMvcConfiguration.config()] threw exception; nested exception is org.springframework.beans.factory.BeanCreationException: Error creating bean with name &apos;repositories&apos; defined in class path resource [org/springframework/data/rest/webmvc/config/RepositoryRestMvcConfiguration.class]: Instantiation of bean failed; nested exception is org.springframework.beans.factory.BeanDefinitionStoreException: Factory method [public org.springframework.data.repository.support.Repositories org.springframework.data.rest.webmvc.config.RepositoryRestMvcConfiguration.repositories()] threw exception; nested exception is org.springframework.beans.factory.UnsatisfiedDependencyException: Error creating bean with name &apos;mongoDBEnvironmentRepositoryImpl&apos; defined in URL [jar:file:/C:/workspaces/denv/denv-server-mongodb/target/denv-server-mongodb-0.1.0.jar!/org/ssoup/denv/server/persistence/mongodb/repository/MongoDBEnvironmentRepositoryImpl.class]: Unsatisfied dependency expressed through constructor argument with index 1 of type [org.ssoup.denv.server.persistence.ApplicationConfigRepository]: : No qualifying bean of type [org.ssoup.denv.server.persistence.ApplicationConfigRepository] is defined: expected single matching bean but found 2: mongoDBImageRepository,mongoDBApplicationConfigRepository; nested exception is org.springframework.beans.factory.NoUniqueBeanDefinitionException: No qualifying bean of type [org.ssoup.denv.server.persistence.ApplicationConfigRepository] is defined: expected single matching bean but found 2: mongoDBImageRepository,mongoDBApplicationConfigRepository
	at org.springframework.beans.factory.annotation.AutowiredAnnotationBeanPostProcessor$AutowiredMethodElement.inject(AutowiredAnnotationBeanPostProcessor.java:596)
	at org.springframework.beans.factory.annotation.InjectionMetadata.inject(InjectionMetadata.java:87)
	at org.springframework.beans.factory.annotation.AutowiredAnnotationBeanPostProcessor.postProcessPropertyValues(AutowiredAnnotationBeanPostProcessor.java:289)
	... 59 common frames omitted
Caused by: org.springframework.beans.factory.BeanCreationException: Error creating bean with name &apos;org.springframework.web.servlet.config.annotation.DelegatingWebMvcConfiguration&apos;: Injection of autowired dependencies failed; nested exception is org.springframework.beans.factory.BeanCreationException: Could not autowire method: public void org.springframework.web.servlet.config.annotation.DelegatingWebMvcConfiguration.setConfigurers(java.util.List); nested exception is org.springframework.beans.factory.BeanCreationException: Error creating bean with name &apos;org.springframework.boot.autoconfigure.web.WebMvcAutoConfiguration$WebMvcAutoConfigurationAdapter&apos;: Injection of autowired dependencies failed; nested exception is org.springframework.beans.factory.BeanCreationException: Could not autowire field: private org.springframework.boot.autoconfigure.web.HttpMessageConverters org.springframework.boot.autoconfigure.web.WebMvcAutoConfiguration$WebMvcAutoConfigurationAdapter.messageConverters; nested exception is org.springframework.beans.factory.BeanCreationException: Error creating bean with name &apos;org.springframework.boot.autoconfigure.web.HttpMessageConvertersAutoConfiguration&apos;: Injection of autowired dependencies failed; nested exception is org.springframework.beans.factory.BeanCreationException: Could not autowire field: private final java.util.List org.springframework.boot.autoconfigure.web.HttpMessageConvertersAutoConfiguration.converters; nested exception is org.springframework.beans.factory.BeanCreationException: Error creating bean with name &apos;jacksonHttpMessageConverter&apos; defined in class path resource [org/springframework/data/rest/webmvc/config/RepositoryRestMvcConfiguration.class]: Instantiation of bean failed; nested exception is org.springframework.beans.factory.BeanDefinitionStoreException: Factory method [public org.springframework.http.converter.json.MappingJackson2HttpMessageConverter org.springframework.data.rest.webmvc.config.RepositoryRestMvcConfiguration.jacksonHttpMessageConverter()] threw exception; nested exception is org.springframework.beans.factory.BeanCreationException: Error creating bean with name &apos;config&apos; defined in class path resource [org/springframework/data/rest/webmvc/config/RepositoryRestMvcConfiguration.class]: Instantiation of bean failed; nested exception is org.springframework.beans.factory.BeanDefinitionStoreException: Factory method [public org.springframework.data.rest.core.config.RepositoryRestConfiguration org.springframework.data.rest.webmvc.config.RepositoryRestMvcConfiguration.config()] threw exception; nested exception is org.springframework.beans.factory.BeanCreationException: Error creating bean with name &apos;repositories&apos; defined in class path resource [org/springframework/data/rest/webmvc/config/RepositoryRestMvcConfiguration.class]: Instantiation of bean failed; nested exception is org.springframework.beans.factory.BeanDefinitionStoreException: Factory method [public org.springframework.data.repository.support.Repositories org.springframework.data.rest.webmvc.config.RepositoryRestMvcConfiguration.repositories()] threw exception; nested exception is org.springframework.beans.factory.UnsatisfiedDependencyException: Error creating bean with name &apos;mongoDBEnvironmentRepositoryImpl&apos; defined in URL [jar:file:/C:/workspaces/denv/denv-server-mongodb/target/denv-server-mongodb-0.1.0.jar!/org/ssoup/denv/server/persistence/mongodb/repository/MongoDBEnvironmentRepositoryImpl.class]: Unsatisfied dependency expressed through constructor argument with index 1 of type [org.ssoup.denv.server.persistence.ApplicationConfigRepository]: : No qualifying bean of type [org.ssoup.denv.server.persistence.ApplicationConfigRepository] is defined: expected single matching bean but found 2: mongoDBImageRepository,mongoDBApplicationConfigRepository; nested exception is org.springframework.beans.factory.NoUniqueBeanDefinitionException: No qualifying bean of type [org.ssoup.denv.server.persistence.ApplicationConfigRepository] is defined: expected single matching bean but found 2: mongoDBImageRepository,mongoDBApplicationConfigRepository
	at org.springframework.beans.factory.annotation.AutowiredAnnotationBeanPostProcessor.postProcessPropertyValues(AutowiredAnnotationBeanPostProcessor.java:292)
	at org.springframework.beans.factory.support.AbstractAutowireCapableBeanFactory.populateBean(AbstractAutowireCapableBeanFactory.java:1185)
	at org.springframework.beans.factory.support.AbstractAutowireCapableBeanFactory.doCreateBean(AbstractAutowireCapableBeanFactory.java:537)
	at org.springframework.beans.factory.support.AbstractAutowireCapableBeanFactory.createBean(AbstractAutowireCapableBeanFactory.java:475)
	at org.springframework.beans.factory.support.AbstractBeanFactory$1.getObject(AbstractBeanFactory.java:302)
	at org.springframework.beans.factory.support.DefaultSingletonBeanRegistry.getSingleton(DefaultSingletonBeanRegistry.java:228)
	at org.springframework.beans.factory.support.AbstractBeanFactory.doGetBean(AbstractBeanFactory.java:298)
	at org.springframework.beans.factory.support.AbstractBeanFactory.getBean(AbstractBeanFactory.java:193)
	at org.springframework.beans.factory.support.ConstructorResolver.instantiateUsingFactoryMethod(ConstructorResolver.java:370)
	at org.springframework.beans.factory.support.AbstractAutowireCapableBeanFactory.instantiateUsingFactoryMethod(AbstractAutowireCapableBeanFactory.java:1094)
	at org.springframework.beans.factory.support.AbstractAutowireCapableBeanFactory.createBeanInstance(AbstractAutowireCapableBeanFactory.java:989)
	at org.springframework.beans.factory.support.AbstractAutowireCapableBeanFactory.doCreateBean(AbstractAutowireCapableBeanFactory.java:504)
	at org.springframework.beans.factory.support.AbstractAutowireCapableBeanFactory.createBean(AbstractAutowireCapableBeanFactory.java:475)
	at org.springframework.beans.factory.support.AbstractBeanFactory$1.getObject(AbstractBeanFactory.java:302)
	at org.springframework.beans.factory.support.DefaultSingletonBeanRegistry.getSingleton(DefaultSingletonBeanRegistry.java:228)
	at org.springframework.beans.factory.support.AbstractBeanFactory.doGetBean(AbstractBeanFactory.java:298)
	at org.springframework.beans.factory.support.AbstractBeanFactory.getBean(AbstractBeanFactory.java:193)
	at org.springframework.beans.factory.support.DefaultListableBeanFactory.findAutowireCandidates(DefaultListableBeanFactory.java:1017)
	at org.springframework.beans.factory.support.DefaultListableBeanFactory.doResolveDependency(DefaultListableBeanFactory.java:960)
	at org.springframework.beans.factory.support.DefaultListableBeanFactory.resolveDependency(DefaultListableBeanFactory.java:858)
	at org.springframework.beans.factory.annotation.AutowiredAnnotationBeanPostProcessor$AutowiredMethodElement.inject(AutowiredAnnotationBeanPostProcessor.java:553)
	... 61 common frames omitted
Caused by: org.springframework.beans.factory.BeanCreationException: Could not autowire method: public void org.springframework.web.servlet.config.annotation.DelegatingWebMvcConfiguration.setConfigurers(java.util.List); nested exception is org.springframework.beans.factory.BeanCreationException: Error creating bean with name &apos;org.springframework.boot.autoconfigure.web.WebMvcAutoConfiguration$WebMvcAutoConfigurationAdapter&apos;: Injection of autowired dependencies failed; nested exception is org.springframework.beans.factory.BeanCreationException: Could not autowire field: private org.springframework.boot.autoconfigure.web.HttpMessageConverters org.springframework.boot.autoconfigure.web.WebMvcAutoConfiguration$WebMvcAutoConfigurationAdapter.messageConverters; nested exception is org.springframework.beans.factory.BeanCreationException: Error creating bean with name &apos;org.springframework.boot.autoconfigure.web.HttpMessageConvertersAutoConfiguration&apos;: Injection of autowired dependencies failed; nested exception is org.springframework.beans.factory.BeanCreationException: Could not autowire field: private final java.util.List org.springframework.boot.autoconfigure.web.HttpMessageConvertersAutoConfiguration.converters; nested exception is org.springframework.beans.factory.BeanCreationException: Error creating bean with name &apos;jacksonHttpMessageConverter&apos; defined in class path resource [org/springframework/data/rest/webmvc/config/RepositoryRestMvcConfiguration.class]: Instantiation of bean failed; nested exception is org.springframework.beans.factory.BeanDefinitionStoreException: Factory method [public org.springframework.http.converter.json.MappingJackson2HttpMessageConverter org.springframework.data.rest.webmvc.config.RepositoryRestMvcConfiguration.jacksonHttpMessageConverter()] threw exception; nested exception is org.springframework.beans.factory.BeanCreationException: Error creating bean with name &apos;config&apos; defined in class path resource [org/springframework/data/rest/webmvc/config/RepositoryRestMvcConfiguration.class]: Instantiation of bean failed; nested exception is org.springframework.beans.factory.BeanDefinitionStoreException: Factory method [public org.springframework.data.rest.core.config.RepositoryRestConfiguration org.springframework.data.rest.webmvc.config.RepositoryRestMvcConfiguration.config()] threw exception; nested exception is org.springframework.beans.factory.BeanCreationException: Error creating bean with name &apos;repositories&apos; defined in class path resource [org/springframework/data/rest/webmvc/config/RepositoryRestMvcConfiguration.class]: Instantiation of bean failed; nested exception is org.springframework.beans.factory.BeanDefinitionStoreException: Factory method [public org.springframework.data.repository.support.Repositories org.springframework.data.rest.webmvc.config.RepositoryRestMvcConfiguration.repositories()] threw exception; nested exception is org.springframework.beans.factory.UnsatisfiedDependencyException: Error creating bean with name &apos;mongoDBEnvironmentRepositoryImpl&apos; defined in URL [jar:file:/C:/workspaces/denv/denv-server-mongodb/target/denv-server-mongodb-0.1.0.jar!/org/ssoup/denv/server/persistence/mongodb/repository/MongoDBEnvironmentRepositoryImpl.class]: Unsatisfied dependency expressed through constructor argument with index 1 of type [org.ssoup.denv.server.persistence.ApplicationConfigRepository]: : No qualifying bean of type [org.ssoup.denv.server.persistence.ApplicationConfigRepository] is defined: expected single matching bean but found 2: mongoDBImageRepository,mongoDBApplicationConfigRepository; nested exception is org.springframework.beans.factory.NoUniqueBeanDefinitionException: No qualifying bean of type [org.ssoup.denv.server.persistence.ApplicationConfigRepository] is defined: expected single matching bean but found 2: mongoDBImageRepository,mongoDBApplicationConfigRepository
	at org.springframework.beans.factory.annotation.AutowiredAnnotationBeanPostProcessor$AutowiredMethodElement.inject(AutowiredAnnotationBeanPostProcessor.java:596)
	at org.springframework.beans.factory.annotation.InjectionMetadata.inject(InjectionMetadata.java:87)
	at org.springframework.beans.factory.annotation.AutowiredAnnotationBeanPostProcessor.postProcessPropertyValues(AutowiredAnnotationBeanPostProcessor.java:289)
	... 81 common frames omitted
Caused by: org.springframework.beans.factory.BeanCreationException: Error creating bean with name &apos;org.springframework.boot.autoconfigure.web.WebMvcAutoConfiguration$WebMvcAutoConfigurationAdapter&apos;: Injection of autowired dependencies failed; nested exception is org.springframework.beans.factory.BeanCreationException: Could not autowire field: private org.springframework.boot.autoconfigure.web.HttpMessageConverters org.springframework.boot.autoconfigure.web.WebMvcAutoConfiguration$WebMvcAutoConfigurationAdapter.messageConverters; nested exception is org.springframework.beans.factory.BeanCreationException: Error creating bean with name &apos;org.springframework.boot.autoconfigure.web.HttpMessageConvertersAutoConfiguration&apos;: Injection of autowired dependencies failed; nested exception is org.springframework.beans.factory.BeanCreationException: Could not autowire field: private final java.util.List org.springframework.boot.autoconfigure.web.HttpMessageConvertersAutoConfiguration.converters; nested exception is org.springframework.beans.factory.BeanCreationException: Error creating bean with name &apos;jacksonHttpMessageConverter&apos; defined in class path resource [org/springframework/data/rest/webmvc/config/RepositoryRestMvcConfiguration.class]: Instantiation of bean failed; nested exception is org.springframework.beans.factory.BeanDefinitionStoreException: Factory method [public org.springframework.http.converter.json.MappingJackson2HttpMessageConverter org.springframework.data.rest.webmvc.config.RepositoryRestMvcConfiguration.jacksonHttpMessageConverter()] threw exception; nested exception is org.springframework.beans.factory.BeanCreationException: Error creating bean with name &apos;config&apos; defined in class path resource [org/springframework/data/rest/webmvc/config/RepositoryRestMvcConfiguration.class]: Instantiation of bean failed; nested exception is org.springframework.beans.factory.BeanDefinitionStoreException: Factory method [public org.springframework.data.rest.core.config.RepositoryRestConfiguration org.springframework.data.rest.webmvc.config.RepositoryRestMvcConfiguration.config()] threw exception; nested exception is org.springframework.beans.factory.BeanCreationException: Error creating bean with name &apos;repositories&apos; defined in class path resource [org/springframework/data/rest/webmvc/config/RepositoryRestMvcConfiguration.class]: Instantiation of bean failed; nested exception is org.springframework.beans.factory.BeanDefinitionStoreException: Factory method [public org.springframework.data.repository.support.Repositories org.springframework.data.rest.webmvc.config.RepositoryRestMvcConfiguration.repositories()] threw exception; nested exception is org.springframework.beans.factory.UnsatisfiedDependencyException: Error creating bean with name &apos;mongoDBEnvironmentRepositoryImpl&apos; defined in URL [jar:file:/C:/workspaces/denv/denv-server-mongodb/target/denv-server-mongodb-0.1.0.jar!/org/ssoup/denv/server/persistence/mongodb/repository/MongoDBEnvironmentRepositoryImpl.class]: Unsatisfied dependency expressed through constructor argument with index 1 of type [org.ssoup.denv.server.persistence.ApplicationConfigRepository]: : No qualifying bean of type [org.ssoup.denv.server.persistence.ApplicationConfigRepository] is defined: expected single matching bean but found 2: mongoDBImageRepository,mongoDBApplicationConfigRepository; nested exception is org.springframework.beans.factory.NoUniqueBeanDefinitionException: No qualifying bean of type [org.ssoup.denv.server.persistence.ApplicationConfigRepository] is defined: expected single matching bean but found 2: mongoDBImageRepository,mongoDBApplicationConfigRepository
	at org.springframework.beans.factory.annotation.AutowiredAnnotationBeanPostProcessor.postProcessPropertyValues(AutowiredAnnotationBeanPostProcessor.java:292)
	at org.springframework.beans.factory.support.AbstractAutowireCapableBeanFactory.populateBean(AbstractAutowireCapableBeanFactory.java:1185)
	at org.springframework.beans.factory.support.AbstractAutowireCapableBeanFactory.doCreateBean(AbstractAutowireCapableBeanFactory.java:537)
	at org.springframework.beans.factory.support.AbstractAutowireCapableBeanFactory.createBean(AbstractAutowireCapableBeanFactory.java:475)
	at org.springframework.beans.factory.support.AbstractBeanFactory$1.getObject(AbstractBeanFactory.java:302)
	at org.springframework.beans.factory.support.DefaultSingletonBeanRegistry.getSingleton(DefaultSingletonBeanRegistry.java:228)
	at org.springframework.beans.factory.support.AbstractBeanFactory.doGetBean(AbstractBeanFactory.java:298)
	at org.springframework.beans.factory.support.AbstractBeanFactory.getBean(AbstractBeanFactory.java:193)
	at org.springframework.beans.factory.support.DefaultListableBeanFactory.findAutowireCandidates(DefaultListableBeanFactory.java:1017)
	at org.springframework.beans.factory.support.DefaultListableBeanFactory.doResolveDependency(DefaultListableBeanFactory.java:912)
	at org.springframework.beans.factory.support.DefaultListableBeanFactory.resolveDependency(DefaultListableBeanFactory.java:858)
	at org.springframework.beans.factory.annotation.AutowiredAnnotationBeanPostProcessor$AutowiredMethodElement.inject(AutowiredAnnotationBeanPostProcessor.java:553)
	... 83 common frames omitted
Caused by: org.springframework.beans.factory.BeanCreationException: Could not autowire field: private org.springframework.boot.autoconfigure.web.HttpMessageConverters org.springframework.boot.autoconfigure.web.WebMvcAutoConfiguration$WebMvcAutoConfigurationAdapter.messageConverters; nested exception is org.springframework.beans.factory.BeanCreationException: Error creating bean with name &apos;org.springframework.boot.autoconfigure.web.HttpMessageConvertersAutoConfiguration&apos;: Injection of autowired dependencies failed; nested exception is org.springframework.beans.factory.BeanCreationException: Could not autowire field: private final java.util.List org.springframework.boot.autoconfigure.web.HttpMessageConvertersAutoConfiguration.converters; nested exception is org.springframework.beans.factory.BeanCreationException: Error creating bean with name &apos;jacksonHttpMessageConverter&apos; defined in class path resource [org/springframework/data/rest/webmvc/config/RepositoryRestMvcConfiguration.class]: Instantiation of bean failed; nested exception is org.springframework.beans.factory.BeanDefinitionStoreException: Factory method [public org.springframework.http.converter.json.MappingJackson2HttpMessageConverter org.springframework.data.rest.webmvc.config.RepositoryRestMvcConfiguration.jacksonHttpMessageConverter()] threw exception; nested exception is org.springframework.beans.factory.BeanCreationException: Error creating bean with name &apos;config&apos; defined in class path resource [org/springframework/data/rest/webmvc/config/RepositoryRestMvcConfiguration.class]: Instantiation of bean failed; nested exception is org.springframework.beans.factory.BeanDefinitionStoreException: Factory method [public org.springframework.data.rest.core.config.RepositoryRestConfiguration org.springframework.data.rest.webmvc.config.RepositoryRestMvcConfiguration.config()] threw exception; nested exception is org.springframework.beans.factory.BeanCreationException: Error creating bean with name &apos;repositories&apos; defined in class path resource [org/springframework/data/rest/webmvc/config/RepositoryRestMvcConfiguration.class]: Instantiation of bean failed; nested exception is org.springframework.beans.factory.BeanDefinitionStoreException: Factory method [public org.springframework.data.repository.support.Repositories org.springframework.data.rest.webmvc.config.RepositoryRestMvcConfiguration.repositories()] threw exception; nested exception is org.springframework.beans.factory.UnsatisfiedDependencyException: Error creating bean with name &apos;mongoDBEnvironmentRepositoryImpl&apos; defined in URL [jar:file:/C:/workspaces/denv/denv-server-mongodb/target/denv-server-mongodb-0.1.0.jar!/org/ssoup/denv/server/persistence/mongodb/repository/MongoDBEnvironmentRepositoryImpl.class]: Unsatisfied dependency expressed through constructor argument with index 1 of type [org.ssoup.denv.server.persistence.ApplicationConfigRepository]: : No qualifying bean of type [org.ssoup.denv.server.persistence.ApplicationConfigRepository] is defined: expected single matching bean but found 2: mongoDBImageRepository,mongoDBApplicationConfigRepository; nested exception is org.springframework.beans.factory.NoUniqueBeanDefinitionException: No qualifying bean of type [org.ssoup.denv.server.persistence.ApplicationConfigRepository] is defined: expected single matching bean but found 2: mongoDBImageRepository,mongoDBApplicationConfigRepository
	at org.springframework.beans.factory.annotation.AutowiredAnnotationBeanPostProcessor$AutowiredFieldElement.inject(AutowiredAnnotationBeanPostProcessor.java:508)
	at org.springframework.beans.factory.annotation.InjectionMetadata.inject(InjectionMetadata.java:87)
	at org.springframework.beans.factory.annotation.AutowiredAnnotationBeanPostProcessor.postProcessPropertyValues(AutowiredAnnotationBeanPostProcessor.java:289)
	... 94 common frames omitted
Caused by: org.springframework.beans.factory.BeanCreationException: Error creating bean with name &apos;org.springframework.boot.autoconfigure.web.HttpMessageConvertersAutoConfiguration&apos;: Injection of autowired dependencies failed; nested exception is org.springframework.beans.factory.BeanCreationException: Could not autowire field: private final java.util.List org.springframework.boot.autoconfigure.web.HttpMessageConvertersAutoConfiguration.converters; nested exception is org.springframework.beans.factory.BeanCreationException: Error creating bean with name &apos;jacksonHttpMessageConverter&apos; defined in class path resource [org/springframework/data/rest/webmvc/config/RepositoryRestMvcConfiguration.class]: Instantiation of bean failed; nested exception is org.springframework.beans.factory.BeanDefinitionStoreException: Factory method [public org.springframework.http.converter.json.MappingJackson2HttpMessageConverter org.springframework.data.rest.webmvc.config.RepositoryRestMvcConfiguration.jacksonHttpMessageConverter()] threw exception; nested exception is org.springframework.beans.factory.BeanCreationException: Error creating bean with name &apos;config&apos; defined in class path resource [org/springframework/data/rest/webmvc/config/RepositoryRestMvcConfiguration.class]: Instantiation of bean failed; nested exception is org.springframework.beans.factory.BeanDefinitionStoreException: Factory method [public org.springframework.data.rest.core.config.RepositoryRestConfiguration org.springframework.data.rest.webmvc.config.RepositoryRestMvcConfiguration.config()] threw exception; nested exception is org.springframework.beans.factory.BeanCreationException: Error creating bean with name &apos;repositories&apos; defined in class path resource [org/springframework/data/rest/webmvc/config/RepositoryRestMvcConfiguration.class]: Instantiation of bean failed; nested exception is org.springframework.beans.factory.BeanDefinitionStoreException: Factory method [public org.springframework.data.repository.support.Repositories org.springframework.data.rest.webmvc.config.RepositoryRestMvcConfiguration.repositories()] threw exception; nested exception is org.springframework.beans.factory.UnsatisfiedDependencyException: Error creating bean with name &apos;mongoDBEnvironmentRepositoryImpl&apos; defined in URL [jar:file:/C:/workspaces/denv/denv-server-mongodb/target/denv-server-mongodb-0.1.0.jar!/org/ssoup/denv/server/persistence/mongodb/repository/MongoDBEnvironmentRepositoryImpl.class]: Unsatisfied dependency expressed through constructor argument with index 1 of type [org.ssoup.denv.server.persistence.ApplicationConfigRepository]: : No qualifying bean of type [org.ssoup.denv.server.persistence.ApplicationConfigRepository] is defined: expected single matching bean but found 2: mongoDBImageRepository,mongoDBApplicationConfigRepository; nested exception is org.springframework.beans.factory.NoUniqueBeanDefinitionException: No qualifying bean of type [org.ssoup.denv.server.persistence.ApplicationConfigRepository] is defined: expected single matching bean but found 2: mongoDBImageRepository,mongoDBApplicationConfigRepository
	at org.springframework.beans.factory.annotation.AutowiredAnnotationBeanPostProcessor.postProcessPropertyValues(AutowiredAnnotationBeanPostProcessor.java:292)
	at org.springframework.beans.factory.support.AbstractAutowireCapableBeanFactory.populateBean(AbstractAutowireCapableBeanFactory.java:1185)
	at org.springframework.beans.factory.support.AbstractAutowireCapableBeanFactory.doCreateBean(AbstractAutowireCapableBeanFactory.java:537)
	at org.springframework.beans.factory.support.AbstractAutowireCapableBeanFactory.createBean(AbstractAutowireCapableBeanFactory.java:475)
	at org.springframework.beans.factory.support.AbstractBeanFactory$1.getObject(AbstractBeanFactory.java:302)
	at org.springframework.beans.factory.support.DefaultSingletonBeanRegistry.getSingleton(DefaultSingletonBeanRegistry.java:228)
	at org.springframework.beans.factory.support.AbstractBeanFactory.doGetBean(AbstractBeanFactory.java:298)
	at org.springframework.beans.factory.support.AbstractBeanFactory.getBean(AbstractBeanFactory.java:193)
	at org.springframework.beans.factory.support.ConstructorResolver.instantiateUsingFactoryMethod(ConstructorResolver.java:370)
	at org.springframework.beans.factory.support.AbstractAutowireCapableBeanFactory.instantiateUsingFactoryMethod(AbstractAutowireCapableBeanFactory.java:1094)
	at org.springframework.beans.factory.support.AbstractAutowireCapableBeanFactory.createBeanInstance(AbstractAutowireCapableBeanFactory.java:989)
	at org.springframework.beans.factory.support.AbstractAutowireCapableBeanFactory.doCreateBean(AbstractAutowireCapableBeanFactory.java:504)
	at org.springframework.beans.factory.support.AbstractAutowireCapableBeanFactory.createBean(AbstractAutowireCapableBeanFactory.java:475)
	at org.springframework.beans.factory.support.AbstractBeanFactory$1.getObject(AbstractBeanFactory.java:302)
	at org.springframework.beans.factory.support.DefaultSingletonBeanRegistry.getSingleton(DefaultSingletonBeanRegistry.java:228)
	at org.springframework.beans.factory.support.AbstractBeanFactory.doGetBean(AbstractBeanFactory.java:298)
	at org.springframework.beans.factory.support.AbstractBeanFactory.getBean(AbstractBeanFactory.java:193)
	at org.springframework.beans.factory.support.DefaultListableBeanFactory.findAutowireCandidates(DefaultListableBeanFactory.java:1017)
	at org.springframework.beans.factory.support.DefaultListableBeanFactory.doResolveDependency(DefaultListableBeanFactory.java:960)
	at org.springframework.beans.factory.support.DefaultListableBeanFactory.resolveDependency(DefaultListableBeanFactory.java:858)
	at org.springframework.beans.factory.annotation.AutowiredAnnotationBeanPostProcessor$AutowiredFieldElement.inject(AutowiredAnnotationBeanPostProcessor.java:480)
	... 96 common frames omitted
Caused by: org.springframework.beans.factory.BeanCreationException: Could not autowire field: private final java.util.List org.springframework.boot.autoconfigure.web.HttpMessageConvertersAutoConfiguration.converters; nested exception is org.springframework.beans.factory.BeanCreationException: Error creating bean with name &apos;jacksonHttpMessageConverter&apos; defined in class path resource [org/springframework/data/rest/webmvc/config/RepositoryRestMvcConfiguration.class]: Instantiation of bean failed; nested exception is org.springframework.beans.factory.BeanDefinitionStoreException: Factory method [public org.springframework.http.converter.json.MappingJackson2HttpMessageConverter org.springframework.data.rest.webmvc.config.RepositoryRestMvcConfiguration.jacksonHttpMessageConverter()] threw exception; nested exception is org.springframework.beans.factory.BeanCreationException: Error creating bean with name &apos;config&apos; defined in class path resource [org/springframework/data/rest/webmvc/config/RepositoryRestMvcConfiguration.class]: Instantiation of bean failed; nested exception is org.springframework.beans.factory.BeanDefinitionStoreException: Factory method [public org.springframework.data.rest.core.config.RepositoryRestConfiguration org.springframework.data.rest.webmvc.config.RepositoryRestMvcConfiguration.config()] threw exception; nested exception is org.springframework.beans.factory.BeanCreationException: Error creating bean with name &apos;repositories&apos; defined in class path resource [org/springframework/data/rest/webmvc/config/RepositoryRestMvcConfiguration.class]: Instantiation of bean failed; nested exception is org.springframework.beans.factory.BeanDefinitionStoreException: Factory method [public org.springframework.data.repository.support.Repositories org.springframework.data.rest.webmvc.config.RepositoryRestMvcConfiguration.repositories()] threw exception; nested exception is org.springframework.beans.factory.UnsatisfiedDependencyException: Error creating bean with name &apos;mongoDBEnvironmentRepositoryImpl&apos; defined in URL [jar:file:/C:/workspaces/denv/denv-server-mongodb/target/denv-server-mongodb-0.1.0.jar!/org/ssoup/denv/server/persistence/mongodb/repository/MongoDBEnvironmentRepositoryImpl.class]: Unsatisfied dependency expressed through constructor argument with index 1 of type [org.ssoup.denv.server.persistence.ApplicationConfigRepository]: : No qualifying bean of type [org.ssoup.denv.server.persistence.ApplicationConfigRepository] is defined: expected single matching bean but found 2: mongoDBImageRepository,mongoDBApplicationConfigRepository; nested exception is org.springframework.beans.factory.NoUniqueBeanDefinitionException: No qualifying bean of type [org.ssoup.denv.server.persistence.ApplicationConfigRepository] is defined: expected single matching bean but found 2: mongoDBImageRepository,mongoDBApplicationConfigRepository
	at org.springframework.beans.factory.annotation.AutowiredAnnotationBeanPostProcessor$AutowiredFieldElement.inject(AutowiredAnnotationBeanPostProcessor.java:508)
	at org.springframework.beans.factory.annotation.InjectionMetadata.inject(InjectionMetadata.java:87)
	at org.springframework.beans.factory.annotation.AutowiredAnnotationBeanPostProcessor.postProcessPropertyValues(AutowiredAnnotationBeanPostProcessor.java:289)
	... 116 common frames omitted
Caused by: org.springframework.beans.factory.BeanCreationException: Error creating bean with name &apos;jacksonHttpMessageConverter&apos; defined in class path resource [org/springframework/data/rest/webmvc/config/RepositoryRestMvcConfiguration.class]: Instantiation of bean failed; nested exception is org.springframework.beans.factory.BeanDefinitionStoreException: Factory method [public org.springframework.http.converter.json.MappingJackson2HttpMessageConverter org.springframework.data.rest.webmvc.config.RepositoryRestMvcConfiguration.jacksonHttpMessageConverter()] threw exception; nested exception is org.springframework.beans.factory.BeanCreationException: Error creating bean with name &apos;config&apos; defined in class path resource [org/springframework/data/rest/webmvc/config/RepositoryRestMvcConfiguration.class]: Instantiation of bean failed; nested exception is org.springframework.beans.factory.BeanDefinitionStoreException: Factory method [public org.springframework.data.rest.core.config.RepositoryRestConfiguration org.springframework.data.rest.webmvc.config.RepositoryRestMvcConfiguration.config()] threw exception; nested exception is org.springframework.beans.factory.BeanCreationException: Error creating bean with name &apos;repositories&apos; defined in class path resource [org/springframework/data/rest/webmvc/config/RepositoryRestMvcConfiguration.class]: Instantiation of bean failed; nested exception is org.springframework.beans.factory.BeanDefinitionStoreException: Factory method [public org.springframework.data.repository.support.Repositories org.springframework.data.rest.webmvc.config.RepositoryRestMvcConfiguration.repositories()] threw exception; nested exception is org.springframework.beans.factory.UnsatisfiedDependencyException: Error creating bean with name &apos;mongoDBEnvironmentRepositoryImpl&apos; defined in URL [jar:file:/C:/workspaces/denv/denv-server-mongodb/target/denv-server-mongodb-0.1.0.jar!/org/ssoup/denv/server/persistence/mongodb/repository/MongoDBEnvironmentRepositoryImpl.class]: Unsatisfied dependency expressed through constructor argument with index 1 of type [org.ssoup.denv.server.persistence.ApplicationConfigRepository]: : No qualifying bean of type [org.ssoup.denv.server.persistence.ApplicationConfigRepository] is defined: expected single matching bean but found 2: mongoDBImageRepository,mongoDBApplicationConfigRepository; nested exception is org.springframework.beans.factory.NoUniqueBeanDefinitionException: No qualifying bean of type [org.ssoup.denv.server.persistence.ApplicationConfigRepository] is defined: expected single matching bean but found 2: mongoDBImageRepository,mongoDBApplicationConfigRepository
	at org.springframework.beans.factory.support.ConstructorResolver.instantiateUsingFactoryMethod(ConstructorResolver.java:597)
	at org.springframework.beans.factory.support.AbstractAutowireCapableBeanFactory.instantiateUsingFactoryMethod(AbstractAutowireCapableBeanFactory.java:1094)
	at org.springframework.beans.factory.support.AbstractAutowireCapableBeanFactory.createBeanInstance(AbstractAutowireCapableBeanFactory.java:989)
	at org.springframework.beans.factory.support.AbstractAutowireCapableBeanFactory.doCreateBean(AbstractAutowireCapableBeanFactory.java:504)
	at org.springframework.beans.factory.support.AbstractAutowireCapableBeanFactory.createBean(AbstractAutowireCapableBeanFactory.java:475)
	at org.springframework.beans.factory.support.AbstractBeanFactory$1.getObject(AbstractBeanFactory.java:302)
	at org.springframework.beans.factory.support.DefaultSingletonBeanRegistry.getSingleton(DefaultSingletonBeanRegistry.java:228)
	at org.springframework.beans.factory.support.AbstractBeanFactory.doGetBean(AbstractBeanFactory.java:298)
	at org.springframework.beans.factory.support.AbstractBeanFactory.getBean(AbstractBeanFactory.java:193)
	at org.springframework.beans.factory.support.DefaultListableBeanFactory.findAutowireCandidates(DefaultListableBeanFactory.java:1017)
	at org.springframework.beans.factory.support.DefaultListableBeanFactory.doResolveDependency(DefaultListableBeanFactory.java:912)
	at org.springframework.beans.factory.support.DefaultListableBeanFactory.resolveDependency(DefaultListableBeanFactory.java:858)
	at org.springframework.beans.factory.annotation.AutowiredAnnotationBeanPostProcessor$AutowiredFieldElement.inject(AutowiredAnnotationBeanPostProcessor.java:480)
	... 118 common frames omitted
Caused by: org.springframework.beans.factory.BeanDefinitionStoreException: Factory method [public org.springframework.http.converter.json.MappingJackson2HttpMessageConverter org.springframework.data.rest.webmvc.config.RepositoryRestMvcConfiguration.jacksonHttpMessageConverter()] threw exception; nested exception is org.springframework.beans.factory.BeanCreationException: Error creating bean with name &apos;config&apos; defined in class path resource [org/springframework/data/rest/webmvc/config/RepositoryRestMvcConfiguration.class]: Instantiation of bean failed; nested exception is org.springframework.beans.factory.BeanDefinitionStoreException: Factory method [public org.springframework.data.rest.core.config.RepositoryRestConfiguration org.springframework.data.rest.webmvc.config.RepositoryRestMvcConfiguration.config()] threw exception; nested exception is org.springframework.beans.factory.BeanCreationException: Error creating bean with name &apos;repositories&apos; defined in class path resource [org/springframework/data/rest/webmvc/config/RepositoryRestMvcConfiguration.class]: Instantiation of bean failed; nested exception is org.springframework.beans.factory.BeanDefinitionStoreException: Factory method [public org.springframework.data.repository.support.Repositories org.springframework.data.rest.webmvc.config.RepositoryRestMvcConfiguration.repositories()] threw exception; nested exception is org.springframework.beans.factory.UnsatisfiedDependencyException: Error creating bean with name &apos;mongoDBEnvironmentRepositoryImpl&apos; defined in URL [jar:file:/C:/workspaces/denv/denv-server-mongodb/target/denv-server-mongodb-0.1.0.jar!/org/ssoup/denv/server/persistence/mongodb/repository/MongoDBEnvironmentRepositoryImpl.class]: Unsatisfied dependency expressed through constructor argument with index 1 of type [org.ssoup.denv.server.persistence.ApplicationConfigRepository]: : No qualifying bean of type [org.ssoup.denv.server.persistence.ApplicationConfigRepository] is defined: expected single matching bean but found 2: mongoDBImageRepository,mongoDBApplicationConfigRepository; nested exception is org.springframework.beans.factory.NoUniqueBeanDefinitionException: No qualifying bean of type [org.ssoup.denv.server.persistence.ApplicationConfigRepository] is defined: expected single matching bean but found 2: mongoDBImageRepository,mongoDBApplicationConfigRepository
	at org.springframework.beans.factory.support.SimpleInstantiationStrategy.instantiate(SimpleInstantiationStrategy.java:188)
	at org.springframework.beans.factory.support.ConstructorResolver.instantiateUsingFactoryMethod(ConstructorResolver.java:586)
	... 130 common frames omitted
Caused by: org.springframework.beans.factory.BeanCreationException: Error creating bean with name &apos;config&apos; defined in class path resource [org/springframework/data/rest/webmvc/config/RepositoryRestMvcConfiguration.class]: Instantiation of bean failed; nested exception is org.springframework.beans.factory.BeanDefinitionStoreException: Factory method [public org.springframework.data.rest.core.config.RepositoryRestConfiguration org.springframework.data.rest.webmvc.config.RepositoryRestMvcConfiguration.config()] threw exception; nested exception is org.springframework.beans.factory.BeanCreationException: Error creating bean with name &apos;repositories&apos; defined in class path resource [org/springframework/data/rest/webmvc/config/RepositoryRestMvcConfiguration.class]: Instantiation of bean failed; nested exception is org.springframework.beans.factory.BeanDefinitionStoreException: Factory method [public org.springframework.data.repository.support.Repositories org.springframework.data.rest.webmvc.config.RepositoryRestMvcConfiguration.repositories()] threw exception; nested exception is org.springframework.beans.factory.UnsatisfiedDependencyException: Error creating bean with name &apos;mongoDBEnvironmentRepositoryImpl&apos; defined in URL [jar:file:/C:/workspaces/denv/denv-server-mongodb/target/denv-server-mongodb-0.1.0.jar!/org/ssoup/denv/server/persistence/mongodb/repository/MongoDBEnvironmentRepositoryImpl.class]: Unsatisfied dependency expressed through constructor argument with index 1 of type [org.ssoup.denv.server.persistence.ApplicationConfigRepository]: : No qualifying bean of type [org.ssoup.denv.server.persistence.ApplicationConfigRepository] is defined: expected single matching bean but found 2: mongoDBImageRepository,mongoDBApplicationConfigRepository; nested exception is org.springframework.beans.factory.NoUniqueBeanDefinitionException: No qualifying bean of type [org.ssoup.denv.server.persistence.ApplicationConfigRepository] is defined: expected single matching bean but found 2: mongoDBImageRepository,mongoDBApplicationConfigRepository
	at org.springframework.beans.factory.support.ConstructorResolver.instantiateUsingFactoryMethod(ConstructorResolver.java:597)
	at org.springframework.beans.factory.support.AbstractAutowireCapableBeanFactory.instantiateUsingFactoryMethod(AbstractAutowireCapableBeanFactory.java:1094)
	at org.springframework.beans.factory.support.AbstractAutowireCapableBeanFactory.createBeanInstance(AbstractAutowireCapableBeanFactory.java:989)
	at org.springframework.beans.factory.support.AbstractAutowireCapableBeanFactory.doCreateBean(AbstractAutowireCapableBeanFactory.java:504)
	at org.springframework.beans.factory.support.AbstractAutowireCapableBeanFactory.createBean(AbstractAutowireCapableBeanFactory.java:475)
	at org.springframework.beans.factory.support.AbstractBeanFactory$1.getObject(AbstractBeanFactory.java:302)
	at org.springframework.beans.factory.support.DefaultSingletonBeanRegistry.getSingleton(DefaultSingletonBeanRegistry.java:228)
	at org.springframework.beans.factory.support.AbstractBeanFactory.doGetBean(AbstractBeanFactory.java:298)
	at org.springframework.beans.factory.support.AbstractBeanFactory.getBean(AbstractBeanFactory.java:193)
	at org.springframework.context.annotation.ConfigurationClassEnhancer$BeanMethodInterceptor.intercept(ConfigurationClassEnhancer.java:324)
	at org.springframework.data.rest.webmvc.config.RepositoryRestMvcConfiguration$$EnhancerBySpringCGLIB$$2cc48631.config(&lt;generated&gt;)
	at org.springframework.data.rest.webmvc.config.RepositoryRestMvcConfiguration.jacksonHttpMessageConverter(RepositoryRestMvcConfiguration.java:374)
	at org.springframework.data.rest.webmvc.config.RepositoryRestMvcConfiguration$$EnhancerBySpringCGLIB$$2cc48631.CGLIB$jacksonHttpMessageConverter$21(&lt;generated&gt;)
	at org.springframework.data.rest.webmvc.config.RepositoryRestMvcConfiguration$$EnhancerBySpringCGLIB$$2cc48631$$FastClassBySpringCGLIB$$1e60d3fc.invoke(&lt;generated&gt;)
	at org.springframework.cglib.proxy.MethodProxy.invokeSuper(MethodProxy.java:228)
	at org.springframework.context.annotation.ConfigurationClassEnhancer$BeanMethodInterceptor.intercept(ConfigurationClassEnhancer.java:312)
	at org.springframework.data.rest.webmvc.config.RepositoryRestMvcConfiguration$$EnhancerBySpringCGLIB$$2cc48631.jacksonHttpMessageConverter(&lt;generated&gt;)
	at sun.reflect.NativeMethodAccessorImpl.invoke0(Native Method)
	at sun.reflect.NativeMethodAccessorImpl.invoke(NativeMethodAccessorImpl.java:39)
	at sun.reflect.DelegatingMethodAccessorImpl.invoke(DelegatingMethodAccessorImpl.java:25)
	at java.lang.reflect.Method.invoke(Method.java:597)
	at org.springframework.beans.factory.support.SimpleInstantiationStrategy.instantiate(SimpleInstantiationStrategy.java:166)
	... 131 common frames omitted
Caused by: org.springframework.beans.factory.BeanDefinitionStoreException: Factory method [public org.springframework.data.rest.core.config.RepositoryRestConfiguration org.springframework.data.rest.webmvc.config.RepositoryRestMvcConfiguration.config()] threw exception; nested exception is org.springframework.beans.factory.BeanCreationException: Error creating bean with name &apos;repositories&apos; defined in class path resource [org/springframework/data/rest/webmvc/config/RepositoryRestMvcConfiguration.class]: Instantiation of bean failed; nested exception is org.springframework.beans.factory.BeanDefinitionStoreException: Factory method [public org.springframework.data.repository.support.Repositories org.springframework.data.rest.webmvc.config.RepositoryRestMvcConfiguration.repositories()] threw exception; nested exception is org.springframework.beans.factory.UnsatisfiedDependencyException: Error creating bean with name &apos;mongoDBEnvironmentRepositoryImpl&apos; defined in URL [jar:file:/C:/workspaces/denv/denv-server-mongodb/target/denv-server-mongodb-0.1.0.jar!/org/ssoup/denv/server/persistence/mongodb/repository/MongoDBEnvironmentRepositoryImpl.class]: Unsatisfied dependency expressed through constructor argument with index 1 of type [org.ssoup.denv.server.persistence.ApplicationConfigRepository]: : No qualifying bean of type [org.ssoup.denv.server.persistence.ApplicationConfigRepository] is defined: expected single matching bean but found 2: mongoDBImageRepository,mongoDBApplicationConfigRepository; nested exception is org.springframework.beans.factory.NoUniqueBeanDefinitionException: No qualifying bean of type [org.ssoup.denv.server.persistence.ApplicationConfigRepository] is defined: expected single matching bean but found 2: mongoDBImageRepository,mongoDBApplicationConfigRepository
	at org.springframework.beans.factory.support.SimpleInstantiationStrategy.instantiate(SimpleInstantiationStrategy.java:188)
	at org.springframework.beans.factory.support.ConstructorResolver.instantiateUsingFactoryMethod(ConstructorResolver.java:586)
	... 152 common frames omitted
Caused by: org.springframework.beans.factory.BeanCreationException: Error creating bean with name &apos;repositories&apos; defined in class path resource [org/springframework/data/rest/webmvc/config/RepositoryRestMvcConfiguration.class]: Instantiation of bean failed; nested exception is org.springframework.beans.factory.BeanDefinitionStoreException: Factory method [public org.springframework.data.repository.support.Repositories org.springframework.data.rest.webmvc.config.RepositoryRestMvcConfiguration.repositories()] threw exception; nested exception is org.springframework.beans.factory.UnsatisfiedDependencyException: Error creating bean with name &apos;mongoDBEnvironmentRepositoryImpl&apos; defined in URL [jar:file:/C:/workspaces/denv/denv-server-mongodb/target/denv-server-mongodb-0.1.0.jar!/org/ssoup/denv/server/persistence/mongodb/repository/MongoDBEnvironmentRepositoryImpl.class]: Unsatisfied dependency expressed through constructor argument with index 1 of type [org.ssoup.denv.server.persistence.ApplicationConfigRepository]: : No qualifying bean of type [org.ssoup.denv.server.persistence.ApplicationConfigRepository] is defined: expected single matching bean but found 2: mongoDBImageRepository,mongoDBApplicationConfigRepository; nested exception is org.springframework.beans.factory.NoUniqueBeanDefinitionException: No qualifying bean of type [org.ssoup.denv.server.persistence.ApplicationConfigRepository] is defined: expected single matching bean but found 2: mongoDBImageRepository,mongoDBApplicationConfigRepository
	at org.springframework.beans.factory.support.ConstructorResolver.instantiateUsingFactoryMethod(ConstructorResolver.java:597)
	at org.springframework.beans.factory.support.AbstractAutowireCapableBeanFactory.instantiateUsingFactoryMethod(AbstractAutowireCapableBeanFactory.java:1094)
	at org.springframework.beans.factory.support.AbstractAutowireCapableBeanFactory.createBeanInstance(AbstractAutowireCapableBeanFactory.java:989)
	at org.springframework.beans.factory.support.AbstractAutowireCapableBeanFactory.doCreateBean(AbstractAutowireCapableBeanFactory.java:504)
	at org.springframework.beans.factory.support.AbstractAutowireCapableBeanFactory.createBean(AbstractAutowireCapableBeanFactory.java:475)
	at org.springframework.beans.factory.support.AbstractBeanFactory$1.getObject(AbstractBeanFactory.java:302)
	at org.springframework.beans.factory.support.DefaultSingletonBeanRegistry.getSingleton(DefaultSingletonBeanRegistry.java:228)
	at org.springframework.beans.factory.support.AbstractBeanFactory.doGetBean(AbstractBeanFactory.java:298)
	at org.springframework.beans.factory.support.AbstractBeanFactory.getBean(AbstractBeanFactory.java:193)
	at org.springframework.context.annotation.ConfigurationClassEnhancer$BeanMethodInterceptor.intercept(ConfigurationClassEnhancer.java:324)
	at org.springframework.data.rest.webmvc.config.RepositoryRestMvcConfiguration$$EnhancerBySpringCGLIB$$2cc48631.repositories(&lt;generated&gt;)
	at org.springframework.data.rest.webmvc.config.RepositoryRestMvcConfiguration.getProjections(RepositoryRestMvcConfiguration.java:621)
	at org.springframework.data.rest.webmvc.config.RepositoryRestMvcConfiguration.config(RepositoryRestMvcConfiguration.java:224)
	at org.springframework.data.rest.webmvc.config.RepositoryRestMvcConfiguration$$EnhancerBySpringCGLIB$$2cc48631.CGLIB$config$40(&lt;generated&gt;)
	at org.springframework.data.rest.webmvc.config.RepositoryRestMvcConfiguration$$EnhancerBySpringCGLIB$$2cc48631$$FastClassBySpringCGLIB$$1e60d3fc.invoke(&lt;generated&gt;)
	at org.springframework.cglib.proxy.MethodProxy.invokeSuper(MethodProxy.java:228)
	at org.springframework.context.annotation.ConfigurationClassEnhancer$BeanMethodInterceptor.intercept(ConfigurationClassEnhancer.java:312)
	at org.springframework.data.rest.webmvc.config.RepositoryRestMvcConfiguration$$EnhancerBySpringCGLIB$$2cc48631.config(&lt;generated&gt;)
	at sun.reflect.NativeMethodAccessorImpl.invoke0(Native Method)
	at sun.reflect.NativeMethodAccessorImpl.invoke(NativeMethodAccessorImpl.java:39)
	at sun.reflect.DelegatingMethodAccessorImpl.invoke(DelegatingMethodAccessorImpl.java:25)
	at java.lang.reflect.Method.invoke(Method.java:597)
	at org.springframework.beans.factory.support.SimpleInstantiationStrategy.instantiate(SimpleInstantiationStrategy.java:166)
	... 153 common frames omitted
Caused by: org.springframework.beans.factory.BeanDefinitionStoreException: Factory method [public org.springframework.data.repository.support.Repositories org.springframework.data.rest.webmvc.config.RepositoryRestMvcConfiguration.repositories()] threw exception; nested exception is org.springframework.beans.factory.UnsatisfiedDependencyException: Error creating bean with name &apos;mongoDBEnvironmentRepositoryImpl&apos; defined in URL [jar:file:/C:/workspaces/denv/denv-server-mongodb/target/denv-server-mongodb-0.1.0.jar!/org/ssoup/denv/server/persistence/mongodb/repository/MongoDBEnvironmentRepositoryImpl.class]: Unsatisfied dependency expressed through constructor argument with index 1 of type [org.ssoup.denv.server.persistence.ApplicationConfigRepository]: : No qualifying bean of type [org.ssoup.denv.server.persistence.ApplicationConfigRepository] is defined: expected single matching bean but found 2: mongoDBImageRepository,mongoDBApplicationConfigRepository; nested exception is org.springframework.beans.factory.NoUniqueBeanDefinitionException: No qualifying bean of type [org.ssoup.denv.server.persistence.ApplicationConfigRepository] is defined: expected single matching bean but found 2: mongoDBImageRepository,mongoDBApplicationConfigRepository
	at org.springframework.beans.factory.support.SimpleInstantiationStrategy.instantiate(SimpleInstantiationStrategy.java:188)
	at org.springframework.beans.factory.support.ConstructorResolver.instantiateUsingFactoryMethod(ConstructorResolver.java:586)
	... 175 common frames omitted
Caused by: org.springframework.beans.factory.UnsatisfiedDependencyException: Error creating bean with name &apos;mongoDBEnvironmentRepositoryImpl&apos; defined in URL [jar:file:/C:/workspaces/denv/denv-server-mongodb/target/denv-server-mongodb-0.1.0.jar!/org/ssoup/denv/server/persistence/mongodb/repository/MongoDBEnvironmentRepositoryImpl.class]: Unsatisfied dependency expressed through constructor argument with index 1 of type [org.ssoup.denv.server.persistence.ApplicationConfigRepository]: : No qualifying bean of type [org.ssoup.denv.server.persistence.ApplicationConfigRepository] is defined: expected single matching bean but found 2: mongoDBImageRepository,mongoDBApplicationConfigRepository; nested exception is org.springframework.beans.factory.NoUniqueBeanDefinitionException: No qualifying bean of type [org.ssoup.denv.server.persistence.ApplicationConfigRepository] is defined: expected single matching bean but found 2: mongoDBImageRepository,mongoDBApplicationConfigRepository
	at org.springframework.beans.factory.support.ConstructorResolver.createArgumentArray(ConstructorResolver.java:747)
	at org.springframework.beans.factory.support.ConstructorResolver.autowireConstructor(ConstructorResolver.java:185)
	at org.springframework.beans.factory.support.AbstractAutowireCapableBeanFactory.autowireConstructor(AbstractAutowireCapableBeanFactory.java:1114)
	at org.springframework.beans.factory.support.AbstractAutowireCapableBeanFactory.createBeanInstance(AbstractAutowireCapableBeanFactory.java:1017)
	at org.springframework.beans.factory.support.AbstractAutowireCapableBeanFactory.doCreateBean(AbstractAutowireCapableBeanFactory.java:504)
	at org.springframework.beans.factory.support.AbstractAutowireCapableBeanFactory.createBean(AbstractAutowireCapableBeanFactory.java:475)
	at org.springframework.beans.factory.support.AbstractBeanFactory$1.getObject(AbstractBeanFactory.java:302)
	at org.springframework.beans.factory.support.DefaultSingletonBeanRegistry.getSingleton(DefaultSingletonBeanRegistry.java:228)
	at org.springframework.beans.factory.support.AbstractBeanFactory.doGetBean(AbstractBeanFactory.java:298)
	at org.springframework.beans.factory.support.AbstractBeanFactory.getBean(AbstractBeanFactory.java:193)
	at org.springframework.beans.factory.support.AbstractBeanFactory.doGetBean(AbstractBeanFactory.java:292)
	at org.springframework.beans.factory.support.AbstractBeanFactory.getBean(AbstractBeanFactory.java:198)
	at org.springframework.data.repository.support.Repositories.populateRepositoryFactoryInformation(Repositories.java:87)
	at org.springframework.data.repository.support.Repositories.&lt;init&gt;(Repositories.java:78)
	at org.springframework.data.rest.webmvc.config.RepositoryRestMvcConfiguration.repositories(RepositoryRestMvcConfiguration.java:146)
	at org.springframework.data.rest.webmvc.config.RepositoryRestMvcConfiguration$$EnhancerBySpringCGLIB$$2cc48631.CGLIB$repositories$2(&lt;generated&gt;)
	at org.springframework.data.rest.webmvc.config.RepositoryRestMvcConfiguration$$EnhancerBySpringCGLIB$$2cc48631$$FastClassBySpringCGLIB$$1e60d3fc.invoke(&lt;generated&gt;)
	at org.springframework.cglib.proxy.MethodProxy.invokeSuper(MethodProxy.java:228)
	at org.springframework.context.annotation.ConfigurationClassEnhancer$BeanMethodInterceptor.intercept(ConfigurationClassEnhancer.java:312)
	at org.springframework.data.rest.webmvc.config.RepositoryRestMvcConfiguration$$EnhancerBySpringCGLIB$$2cc48631.repositories(&lt;generated&gt;)
	at sun.reflect.NativeMethodAccessorImpl.invoke0(Native Method)
	at sun.reflect.NativeMethodAccessorImpl.invoke(NativeMethodAccessorImpl.java:39)
	at sun.reflect.DelegatingMethodAccessorImpl.invoke(DelegatingMethodAccessorImpl.java:25)
	at java.lang.reflect.Method.invoke(Method.java:597)
	at org.springframework.beans.factory.support.SimpleInstantiationStrategy.instantiate(SimpleInstantiationStrategy.java:166)
	... 176 common frames omitted
Caused by: org.springframework.beans.factory.NoUniqueBeanDefinitionException: No qualifying bean of type [org.ssoup.denv.server.persistence.ApplicationConfigRepository] is defined: expected single matching bean but found 2: mongoDBImageRepository,mongoDBApplicationConfigRepository
	at org.springframework.beans.factory.support.DefaultListableBeanFactory.doResolveDependency(DefaultListableBeanFactory.java:970)
	at org.springframework.beans.factory.support.DefaultListableBeanFactory.resolveDependency(DefaultListableBeanFactory.java:858)
	at org.springframework.beans.factory.support.ConstructorResolver.resolveAutowiredArgument(ConstructorResolver.java:811)
	at org.springframework.beans.factory.support.ConstructorResolver.createArgumentArray(ConstructorResolver.java:739)
	... 200 common frames omitted

</system-out>
  </testcase>
  <testcase time="2.99" classname="org.ssoup.denv.server.test.DenvClientTest" name="registerPanamaxApp">
    <error message="Failed to load ApplicationContext" type="java.lang.IllegalStateException">java.lang.IllegalStateException: Failed to load ApplicationContext
	at org.springframework.test.context.CacheAwareContextLoaderDelegate.loadContext(CacheAwareContextLoaderDelegate.java:99)
	at org.springframework.test.context.DefaultTestContext.getApplicationContext(DefaultTestContext.java:101)
	at org.springframework.test.context.support.DependencyInjectionTestExecutionListener.injectDependencies(DependencyInjectionTestExecutionListener.java:109)
	at org.springframework.test.context.support.DependencyInjectionTestExecutionListener.prepareTestInstance(DependencyInjectionTestExecutionListener.java:75)
	at org.springframework.test.context.TestContextManager.prepareTestInstance(TestContextManager.java:331)
	at org.springframework.test.context.junit4.SpringJUnit4ClassRunner.createTest(SpringJUnit4ClassRunner.java:213)
	at org.springframework.test.context.junit4.SpringJUnit4ClassRunner$1.runReflectiveCall(SpringJUnit4ClassRunner.java:290)
	at org.junit.internal.runners.model.ReflectiveCallable.run(ReflectiveCallable.java:12)
	at org.springframework.test.context.junit4.SpringJUnit4ClassRunner.methodBlock(SpringJUnit4ClassRunner.java:292)
	at org.springframework.test.context.junit4.SpringJUnit4ClassRunner.runChild(SpringJUnit4ClassRunner.java:233)
	at org.springframework.test.context.junit4.SpringJUnit4ClassRunner.runChild(SpringJUnit4ClassRunner.java:87)
	at org.junit.runners.ParentRunner$3.run(ParentRunner.java:238)
	at org.junit.runners.ParentRunner$1.schedule(ParentRunner.java:63)
	at org.junit.runners.ParentRunner.runChildren(ParentRunner.java:236)
	at org.junit.runners.ParentRunner.access$000(ParentRunner.java:53)
	at org.junit.runners.ParentRunner$2.evaluate(ParentRunner.java:229)
	at org.springframework.test.context.junit4.statements.RunBeforeTestClassCallbacks.evaluate(RunBeforeTestClassCallbacks.java:61)
	at org.springframework.test.context.junit4.statements.RunAfterTestClassCallbacks.evaluate(RunAfterTestClassCallbacks.java:71)
	at org.junit.runners.ParentRunner.run(ParentRunner.java:309)
	at org.springframework.test.context.junit4.SpringJUnit4ClassRunner.run(SpringJUnit4ClassRunner.java:176)
	at org.apache.maven.surefire.junit4.JUnit4TestSet.execute(JUnit4TestSet.java:62)
	at org.apache.maven.surefire.suite.AbstractDirectoryTestSuite.executeTestSet(AbstractDirectoryTestSuite.java:140)
	at org.apache.maven.surefire.suite.AbstractDirectoryTestSuite.execute(AbstractDirectoryTestSuite.java:127)
	at org.apache.maven.surefire.Surefire.run(Surefire.java:177)
	at sun.reflect.NativeMethodAccessorImpl.invoke0(Native Method)
	at sun.reflect.NativeMethodAccessorImpl.invoke(NativeMethodAccessorImpl.java:39)
	at sun.reflect.DelegatingMethodAccessorImpl.invoke(DelegatingMethodAccessorImpl.java:25)
	at java.lang.reflect.Method.invoke(Method.java:597)
	at org.apache.maven.surefire.booter.SurefireBooter.runSuitesInProcess(SurefireBooter.java:345)
	at org.apache.maven.surefire.booter.SurefireBooter.main(SurefireBooter.java:1009)
Caused by: org.springframework.context.ApplicationContextException: Unable to start embedded container; nested exception is org.springframework.boot.context.embedded.EmbeddedServletContainerException: Unable to start embedded Tomcat
	at org.springframework.boot.context.embedded.EmbeddedWebApplicationContext.onRefresh(EmbeddedWebApplicationContext.java:135)
	at org.springframework.context.support.AbstractApplicationContext.refresh(AbstractApplicationContext.java:476)
	at org.springframework.boot.context.embedded.EmbeddedWebApplicationContext.refresh(EmbeddedWebApplicationContext.java:120)
	at org.springframework.boot.SpringApplication.refresh(SpringApplication.java:691)
	at org.springframework.boot.SpringApplication.run(SpringApplication.java:320)
	at org.springframework.boot.test.SpringApplicationContextLoader.loadContext(SpringApplicationContextLoader.java:107)
	at org.springframework.test.context.CacheAwareContextLoaderDelegate.loadContextInternal(CacheAwareContextLoaderDelegate.java:64)
	at org.springframework.test.context.CacheAwareContextLoaderDelegate.loadContext(CacheAwareContextLoaderDelegate.java:91)
	... 29 more
Caused by: org.springframework.boot.context.embedded.EmbeddedServletContainerException: Unable to start embedded Tomcat
	at org.springframework.boot.context.embedded.tomcat.TomcatEmbeddedServletContainer.initialize(TomcatEmbeddedServletContainer.java:100)
	at org.springframework.boot.context.embedded.tomcat.TomcatEmbeddedServletContainer.&lt;init&gt;(TomcatEmbeddedServletContainer.java:74)
	at org.springframework.boot.context.embedded.tomcat.TomcatEmbeddedServletContainerFactory.getTomcatEmbeddedServletContainer(TomcatEmbeddedServletContainerFactory.java:289)
	at org.springframework.boot.context.embedded.tomcat.TomcatEmbeddedServletContainerFactory.getEmbeddedServletContainer(TomcatEmbeddedServletContainerFactory.java:146)
	at org.springframework.boot.context.embedded.EmbeddedWebApplicationContext.createEmbeddedServletContainer(EmbeddedWebApplicationContext.java:159)
	at org.springframework.boot.context.embedded.EmbeddedWebApplicationContext.onRefresh(EmbeddedWebApplicationContext.java:132)
	... 36 more
Caused by: org.springframework.beans.factory.BeanCreationException: Error creating bean with name &apos;org.springframework.security.config.annotation.web.configuration.WebSecurityConfiguration&apos;: Injection of autowired dependencies failed; nested exception is org.springframework.beans.factory.BeanCreationException: Could not autowire method: public void org.springframework.security.config.annotation.web.configuration.WebSecurityConfiguration.setFilterChainProxySecurityConfigurer(org.springframework.security.config.annotation.ObjectPostProcessor,java.util.List) throws java.lang.Exception; nested exception is org.springframework.beans.factory.BeanExpressionException: Expression parsing failed; nested exception is org.springframework.beans.factory.BeanCreationException: Error creating bean with name &apos;securityConfig&apos;: Injection of autowired dependencies failed; nested exception is org.springframework.beans.factory.BeanCreationException: Could not autowire method: public void org.springframework.security.config.annotation.web.configuration.WebSecurityConfigurerAdapter.setContentNegotationStrategy(org.springframework.web.accept.ContentNegotiationStrategy); nested exception is org.springframework.beans.factory.BeanCreationException: Error creating bean with name &apos;org.springframework.web.servlet.config.annotation.DelegatingWebMvcConfiguration&apos;: Injection of autowired dependencies failed; nested exception is org.springframework.beans.factory.BeanCreationException: Could not autowire method: public void org.springframework.web.servlet.config.annotation.DelegatingWebMvcConfiguration.setConfigurers(java.util.List); nested exception is org.springframework.beans.factory.BeanCreationException: Error creating bean with name &apos;org.springframework.boot.autoconfigure.web.WebMvcAutoConfiguration$WebMvcAutoConfigurationAdapter&apos;: Injection of autowired dependencies failed; nested exception is org.springframework.beans.factory.BeanCreationException: Could not autowire field: private org.springframework.boot.autoconfigure.web.HttpMessageConverters org.springframework.boot.autoconfigure.web.WebMvcAutoConfiguration$WebMvcAutoConfigurationAdapter.messageConverters; nested exception is org.springframework.beans.factory.BeanCreationException: Error creating bean with name &apos;org.springframework.boot.autoconfigure.web.HttpMessageConvertersAutoConfiguration&apos;: Injection of autowired dependencies failed; nested exception is org.springframework.beans.factory.BeanCreationException: Could not autowire field: private final java.util.List org.springframework.boot.autoconfigure.web.HttpMessageConvertersAutoConfiguration.converters; nested exception is org.springframework.beans.factory.BeanCreationException: Error creating bean with name &apos;jacksonHttpMessageConverter&apos; defined in class path resource [org/springframework/data/rest/webmvc/config/RepositoryRestMvcConfiguration.class]: Instantiation of bean failed; nested exception is org.springframework.beans.factory.BeanDefinitionStoreException: Factory method [public org.springframework.http.converter.json.MappingJackson2HttpMessageConverter org.springframework.data.rest.webmvc.config.RepositoryRestMvcConfiguration.jacksonHttpMessageConverter()] threw exception; nested exception is org.springframework.beans.factory.BeanCreationException: Error creating bean with name &apos;config&apos; defined in class path resource [org/springframework/data/rest/webmvc/config/RepositoryRestMvcConfiguration.class]: Instantiation of bean failed; nested exception is org.springframework.beans.factory.BeanDefinitionStoreException: Factory method [public org.springframework.data.rest.core.config.RepositoryRestConfiguration org.springframework.data.rest.webmvc.config.RepositoryRestMvcConfiguration.config()] threw exception; nested exception is org.springframework.beans.factory.BeanCreationException: Error creating bean with name &apos;repositories&apos; defined in class path resource [org/springframework/data/rest/webmvc/config/RepositoryRestMvcConfiguration.class]: Instantiation of bean failed; nested exception is org.springframework.beans.factory.BeanDefinitionStoreException: Factory method [public org.springframework.data.repository.support.Repositories org.springframework.data.rest.webmvc.config.RepositoryRestMvcConfiguration.repositories()] threw exception; nested exception is org.springframework.beans.factory.UnsatisfiedDependencyException: Error creating bean with name &apos;mongoDBEnvironmentRepositoryImpl&apos; defined in URL [jar:file:/C:/workspaces/denv/denv-server-mongodb/target/denv-server-mongodb-0.1.0.jar!/org/ssoup/denv/server/persistence/mongodb/repository/MongoDBEnvironmentRepositoryImpl.class]: Unsatisfied dependency expressed through constructor argument with index 1 of type [org.ssoup.denv.server.persistence.ApplicationConfigRepository]: : No qualifying bean of type [org.ssoup.denv.server.persistence.ApplicationConfigRepository] is defined: expected single matching bean but found 2: mongoDBImageRepository,mongoDBApplicationConfigRepository; nested exception is org.springframework.beans.factory.NoUniqueBeanDefinitionException: No qualifying bean of type [org.ssoup.denv.server.persistence.ApplicationConfigRepository] is defined: expected single matching bean but found 2: mongoDBImageRepository,mongoDBApplicationConfigRepository
	at org.springframework.beans.factory.annotation.AutowiredAnnotationBeanPostProcessor.postProcessPropertyValues(AutowiredAnnotationBeanPostProcessor.java:292)
	at org.springframework.beans.factory.support.AbstractAutowireCapableBeanFactory.populateBean(AbstractAutowireCapableBeanFactory.java:1185)
	at org.springframework.beans.factory.support.AbstractAutowireCapableBeanFactory.doCreateBean(AbstractAutowireCapableBeanFactory.java:537)
	at org.springframework.beans.factory.support.AbstractAutowireCapableBeanFactory.createBean(AbstractAutowireCapableBeanFactory.java:475)
	at org.springframework.beans.factory.support.AbstractBeanFactory$1.getObject(AbstractBeanFactory.java:302)
	at org.springframework.beans.factory.support.DefaultSingletonBeanRegistry.getSingleton(DefaultSingletonBeanRegistry.java:228)
	at org.springframework.beans.factory.support.AbstractBeanFactory.doGetBean(AbstractBeanFactory.java:298)
	at org.springframework.beans.factory.support.AbstractBeanFactory.getBean(AbstractBeanFactory.java:193)
	at org.springframework.beans.factory.support.ConstructorResolver.instantiateUsingFactoryMethod(ConstructorResolver.java:370)
	at org.springframework.beans.factory.support.AbstractAutowireCapableBeanFactory.instantiateUsingFactoryMethod(AbstractAutowireCapableBeanFactory.java:1094)
	at org.springframework.beans.factory.support.AbstractAutowireCapableBeanFactory.createBeanInstance(AbstractAutowireCapableBeanFactory.java:989)
	at org.springframework.beans.factory.support.AbstractAutowireCapableBeanFactory.doCreateBean(AbstractAutowireCapableBeanFactory.java:504)
	at org.springframework.beans.factory.support.AbstractAutowireCapableBeanFactory.createBean(AbstractAutowireCapableBeanFactory.java:475)
	at org.springframework.beans.factory.support.AbstractBeanFactory$1.getObject(AbstractBeanFactory.java:302)
	at org.springframework.beans.factory.support.DefaultSingletonBeanRegistry.getSingleton(DefaultSingletonBeanRegistry.java:228)
	at org.springframework.beans.factory.support.AbstractBeanFactory.doGetBean(AbstractBeanFactory.java:298)
	at org.springframework.beans.factory.support.AbstractBeanFactory.getBean(AbstractBeanFactory.java:198)
	at org.springframework.boot.context.embedded.EmbeddedWebApplicationContext.getOrderedBeansOfType(EmbeddedWebApplicationContext.java:367)
	at org.springframework.boot.context.embedded.EmbeddedWebApplicationContext.getServletContextInitializerBeans(EmbeddedWebApplicationContext.java:268)
	at org.springframework.boot.context.embedded.EmbeddedWebApplicationContext$1.onStartup(EmbeddedWebApplicationContext.java:213)
	at org.springframework.boot.context.embedded.tomcat.ServletContextInitializerLifecycleListener.lifecycleEvent(ServletContextInitializerLifecycleListener.java:64)
	at org.apache.catalina.util.LifecycleSupport.fireLifecycleEvent(LifecycleSupport.java:117)
	at org.apache.catalina.util.LifecycleBase.fireLifecycleEvent(LifecycleBase.java:90)
	at org.apache.catalina.core.StandardContext.startInternal(StandardContext.java:5355)
	at org.apache.catalina.util.LifecycleBase.start(LifecycleBase.java:150)
	at org.apache.catalina.core.ContainerBase$StartChild.call(ContainerBase.java:1559)
	at org.apache.catalina.core.ContainerBase$StartChild.call(ContainerBase.java:1549)
	at java.util.concurrent.FutureTask$Sync.innerRun(FutureTask.java:303)
	at java.util.concurrent.FutureTask.run(FutureTask.java:138)
	at java.util.concurrent.ThreadPoolExecutor$Worker.runTask(ThreadPoolExecutor.java:886)
	at java.util.concurrent.ThreadPoolExecutor$Worker.run(ThreadPoolExecutor.java:908)
	at java.lang.Thread.run(Thread.java:662)
Caused by: org.springframework.beans.factory.BeanCreationException: Could not autowire method: public void org.springframework.security.config.annotation.web.configuration.WebSecurityConfiguration.setFilterChainProxySecurityConfigurer(org.springframework.security.config.annotation.ObjectPostProcessor,java.util.List) throws java.lang.Exception; nested exception is org.springframework.beans.factory.BeanExpressionException: Expression parsing failed; nested exception is org.springframework.beans.factory.BeanCreationException: Error creating bean with name &apos;securityConfig&apos;: Injection of autowired dependencies failed; nested exception is org.springframework.beans.factory.BeanCreationException: Could not autowire method: public void org.springframework.security.config.annotation.web.configuration.WebSecurityConfigurerAdapter.setContentNegotationStrategy(org.springframework.web.accept.ContentNegotiationStrategy); nested exception is org.springframework.beans.factory.BeanCreationException: Error creating bean with name &apos;org.springframework.web.servlet.config.annotation.DelegatingWebMvcConfiguration&apos;: Injection of autowired dependencies failed; nested exception is org.springframework.beans.factory.BeanCreationException: Could not autowire method: public void org.springframework.web.servlet.config.annotation.DelegatingWebMvcConfiguration.setConfigurers(java.util.List); nested exception is org.springframework.beans.factory.BeanCreationException: Error creating bean with name &apos;org.springframework.boot.autoconfigure.web.WebMvcAutoConfiguration$WebMvcAutoConfigurationAdapter&apos;: Injection of autowired dependencies failed; nested exception is org.springframework.beans.factory.BeanCreationException: Could not autowire field: private org.springframework.boot.autoconfigure.web.HttpMessageConverters org.springframework.boot.autoconfigure.web.WebMvcAutoConfiguration$WebMvcAutoConfigurationAdapter.messageConverters; nested exception is org.springframework.beans.factory.BeanCreationException: Error creating bean with name &apos;org.springframework.boot.autoconfigure.web.HttpMessageConvertersAutoConfiguration&apos;: Injection of autowired dependencies failed; nested exception is org.springframework.beans.factory.BeanCreationException: Could not autowire field: private final java.util.List org.springframework.boot.autoconfigure.web.HttpMessageConvertersAutoConfiguration.converters; nested exception is org.springframework.beans.factory.BeanCreationException: Error creating bean with name &apos;jacksonHttpMessageConverter&apos; defined in class path resource [org/springframework/data/rest/webmvc/config/RepositoryRestMvcConfiguration.class]: Instantiation of bean failed; nested exception is org.springframework.beans.factory.BeanDefinitionStoreException: Factory method [public org.springframework.http.converter.json.MappingJackson2HttpMessageConverter org.springframework.data.rest.webmvc.config.RepositoryRestMvcConfiguration.jacksonHttpMessageConverter()] threw exception; nested exception is org.springframework.beans.factory.BeanCreationException: Error creating bean with name &apos;config&apos; defined in class path resource [org/springframework/data/rest/webmvc/config/RepositoryRestMvcConfiguration.class]: Instantiation of bean failed; nested exception is org.springframework.beans.factory.BeanDefinitionStoreException: Factory method [public org.springframework.data.rest.core.config.RepositoryRestConfiguration org.springframework.data.rest.webmvc.config.RepositoryRestMvcConfiguration.config()] threw exception; nested exception is org.springframework.beans.factory.BeanCreationException: Error creating bean with name &apos;repositories&apos; defined in class path resource [org/springframework/data/rest/webmvc/config/RepositoryRestMvcConfiguration.class]: Instantiation of bean failed; nested exception is org.springframework.beans.factory.BeanDefinitionStoreException: Factory method [public org.springframework.data.repository.support.Repositories org.springframework.data.rest.webmvc.config.RepositoryRestMvcConfiguration.repositories()] threw exception; nested exception is org.springframework.beans.factory.UnsatisfiedDependencyException: Error creating bean with name &apos;mongoDBEnvironmentRepositoryImpl&apos; defined in URL [jar:file:/C:/workspaces/denv/denv-server-mongodb/target/denv-server-mongodb-0.1.0.jar!/org/ssoup/denv/server/persistence/mongodb/repository/MongoDBEnvironmentRepositoryImpl.class]: Unsatisfied dependency expressed through constructor argument with index 1 of type [org.ssoup.denv.server.persistence.ApplicationConfigRepository]: : No qualifying bean of type [org.ssoup.denv.server.persistence.ApplicationConfigRepository] is defined: expected single matching bean but found 2: mongoDBImageRepository,mongoDBApplicationConfigRepository; nested exception is org.springframework.beans.factory.NoUniqueBeanDefinitionException: No qualifying bean of type [org.ssoup.denv.server.persistence.ApplicationConfigRepository] is defined: expected single matching bean but found 2: mongoDBImageRepository,mongoDBApplicationConfigRepository
	at org.springframework.beans.factory.annotation.AutowiredAnnotationBeanPostProcessor$AutowiredMethodElement.inject(AutowiredAnnotationBeanPostProcessor.java:596)
	at org.springframework.beans.factory.annotation.InjectionMetadata.inject(InjectionMetadata.java:87)
	at org.springframework.beans.factory.annotation.AutowiredAnnotationBeanPostProcessor.postProcessPropertyValues(AutowiredAnnotationBeanPostProcessor.java:289)
	... 31 more
Caused by: org.springframework.beans.factory.BeanExpressionException: Expression parsing failed; nested exception is org.springframework.beans.factory.BeanCreationException: Error creating bean with name &apos;securityConfig&apos;: Injection of autowired dependencies failed; nested exception is org.springframework.beans.factory.BeanCreationException: Could not autowire method: public void org.springframework.security.config.annotation.web.configuration.WebSecurityConfigurerAdapter.setContentNegotationStrategy(org.springframework.web.accept.ContentNegotiationStrategy); nested exception is org.springframework.beans.factory.BeanCreationException: Error creating bean with name &apos;org.springframework.web.servlet.config.annotation.DelegatingWebMvcConfiguration&apos;: Injection of autowired dependencies failed; nested exception is org.springframework.beans.factory.BeanCreationException: Could not autowire method: public void org.springframework.web.servlet.config.annotation.DelegatingWebMvcConfiguration.setConfigurers(java.util.List); nested exception is org.springframework.beans.factory.BeanCreationException: Error creating bean with name &apos;org.springframework.boot.autoconfigure.web.WebMvcAutoConfiguration$WebMvcAutoConfigurationAdapter&apos;: Injection of autowired dependencies failed; nested exception is org.springframework.beans.factory.BeanCreationException: Could not autowire field: private org.springframework.boot.autoconfigure.web.HttpMessageConverters org.springframework.boot.autoconfigure.web.WebMvcAutoConfiguration$WebMvcAutoConfigurationAdapter.messageConverters; nested exception is org.springframework.beans.factory.BeanCreationException: Error creating bean with name &apos;org.springframework.boot.autoconfigure.web.HttpMessageConvertersAutoConfiguration&apos;: Injection of autowired dependencies failed; nested exception is org.springframework.beans.factory.BeanCreationException: Could not autowire field: private final java.util.List org.springframework.boot.autoconfigure.web.HttpMessageConvertersAutoConfiguration.converters; nested exception is org.springframework.beans.factory.BeanCreationException: Error creating bean with name &apos;jacksonHttpMessageConverter&apos; defined in class path resource [org/springframework/data/rest/webmvc/config/RepositoryRestMvcConfiguration.class]: Instantiation of bean failed; nested exception is org.springframework.beans.factory.BeanDefinitionStoreException: Factory method [public org.springframework.http.converter.json.MappingJackson2HttpMessageConverter org.springframework.data.rest.webmvc.config.RepositoryRestMvcConfiguration.jacksonHttpMessageConverter()] threw exception; nested exception is org.springframework.beans.factory.BeanCreationException: Error creating bean with name &apos;config&apos; defined in class path resource [org/springframework/data/rest/webmvc/config/RepositoryRestMvcConfiguration.class]: Instantiation of bean failed; nested exception is org.springframework.beans.factory.BeanDefinitionStoreException: Factory method [public org.springframework.data.rest.core.config.RepositoryRestConfiguration org.springframework.data.rest.webmvc.config.RepositoryRestMvcConfiguration.config()] threw exception; nested exception is org.springframework.beans.factory.BeanCreationException: Error creating bean with name &apos;repositories&apos; defined in class path resource [org/springframework/data/rest/webmvc/config/RepositoryRestMvcConfiguration.class]: Instantiation of bean failed; nested exception is org.springframework.beans.factory.BeanDefinitionStoreException: Factory method [public org.springframework.data.repository.support.Repositories org.springframework.data.rest.webmvc.config.RepositoryRestMvcConfiguration.repositories()] threw exception; nested exception is org.springframework.beans.factory.UnsatisfiedDependencyException: Error creating bean with name &apos;mongoDBEnvironmentRepositoryImpl&apos; defined in URL [jar:file:/C:/workspaces/denv/denv-server-mongodb/target/denv-server-mongodb-0.1.0.jar!/org/ssoup/denv/server/persistence/mongodb/repository/MongoDBEnvironmentRepositoryImpl.class]: Unsatisfied dependency expressed through constructor argument with index 1 of type [org.ssoup.denv.server.persistence.ApplicationConfigRepository]: : No qualifying bean of type [org.ssoup.denv.server.persistence.ApplicationConfigRepository] is defined: expected single matching bean but found 2: mongoDBImageRepository,mongoDBApplicationConfigRepository; nested exception is org.springframework.beans.factory.NoUniqueBeanDefinitionException: No qualifying bean of type [org.ssoup.denv.server.persistence.ApplicationConfigRepository] is defined: expected single matching bean but found 2: mongoDBImageRepository,mongoDBApplicationConfigRepository
	at org.springframework.context.expression.StandardBeanExpressionResolver.evaluate(StandardBeanExpressionResolver.java:146)
	at org.springframework.beans.factory.support.AbstractBeanFactory.evaluateBeanDefinitionString(AbstractBeanFactory.java:1362)
	at org.springframework.beans.factory.support.DefaultListableBeanFactory.doResolveDependency(DefaultListableBeanFactory.java:873)
	at org.springframework.beans.factory.support.DefaultListableBeanFactory.resolveDependency(DefaultListableBeanFactory.java:858)
	at org.springframework.beans.factory.annotation.AutowiredAnnotationBeanPostProcessor$AutowiredMethodElement.inject(AutowiredAnnotationBeanPostProcessor.java:553)
	... 33 more
Caused by: org.springframework.beans.factory.BeanCreationException: Error creating bean with name &apos;securityConfig&apos;: Injection of autowired dependencies failed; nested exception is org.springframework.beans.factory.BeanCreationException: Could not autowire method: public void org.springframework.security.config.annotation.web.configuration.WebSecurityConfigurerAdapter.setContentNegotationStrategy(org.springframework.web.accept.ContentNegotiationStrategy); nested exception is org.springframework.beans.factory.BeanCreationException: Error creating bean with name &apos;org.springframework.web.servlet.config.annotation.DelegatingWebMvcConfiguration&apos;: Injection of autowired dependencies failed; nested exception is org.springframework.beans.factory.BeanCreationException: Could not autowire method: public void org.springframework.web.servlet.config.annotation.DelegatingWebMvcConfiguration.setConfigurers(java.util.List); nested exception is org.springframework.beans.factory.BeanCreationException: Error creating bean with name &apos;org.springframework.boot.autoconfigure.web.WebMvcAutoConfiguration$WebMvcAutoConfigurationAdapter&apos;: Injection of autowired dependencies failed; nested exception is org.springframework.beans.factory.BeanCreationException: Could not autowire field: private org.springframework.boot.autoconfigure.web.HttpMessageConverters org.springframework.boot.autoconfigure.web.WebMvcAutoConfiguration$WebMvcAutoConfigurationAdapter.messageConverters; nested exception is org.springframework.beans.factory.BeanCreationException: Error creating bean with name &apos;org.springframework.boot.autoconfigure.web.HttpMessageConvertersAutoConfiguration&apos;: Injection of autowired dependencies failed; nested exception is org.springframework.beans.factory.BeanCreationException: Could not autowire field: private final java.util.List org.springframework.boot.autoconfigure.web.HttpMessageConvertersAutoConfiguration.converters; nested exception is org.springframework.beans.factory.BeanCreationException: Error creating bean with name &apos;jacksonHttpMessageConverter&apos; defined in class path resource [org/springframework/data/rest/webmvc/config/RepositoryRestMvcConfiguration.class]: Instantiation of bean failed; nested exception is org.springframework.beans.factory.BeanDefinitionStoreException: Factory method [public org.springframework.http.converter.json.MappingJackson2HttpMessageConverter org.springframework.data.rest.webmvc.config.RepositoryRestMvcConfiguration.jacksonHttpMessageConverter()] threw exception; nested exception is org.springframework.beans.factory.BeanCreationException: Error creating bean with name &apos;config&apos; defined in class path resource [org/springframework/data/rest/webmvc/config/RepositoryRestMvcConfiguration.class]: Instantiation of bean failed; nested exception is org.springframework.beans.factory.BeanDefinitionStoreException: Factory method [public org.springframework.data.rest.core.config.RepositoryRestConfiguration org.springframework.data.rest.webmvc.config.RepositoryRestMvcConfiguration.config()] threw exception; nested exception is org.springframework.beans.factory.BeanCreationException: Error creating bean with name &apos;repositories&apos; defined in class path resource [org/springframework/data/rest/webmvc/config/RepositoryRestMvcConfiguration.class]: Instantiation of bean failed; nested exception is org.springframework.beans.factory.BeanDefinitionStoreException: Factory method [public org.springframework.data.repository.support.Repositories org.springframework.data.rest.webmvc.config.RepositoryRestMvcConfiguration.repositories()] threw exception; nested exception is org.springframework.beans.factory.UnsatisfiedDependencyException: Error creating bean with name &apos;mongoDBEnvironmentRepositoryImpl&apos; defined in URL [jar:file:/C:/workspaces/denv/denv-server-mongodb/target/denv-server-mongodb-0.1.0.jar!/org/ssoup/denv/server/persistence/mongodb/repository/MongoDBEnvironmentRepositoryImpl.class]: Unsatisfied dependency expressed through constructor argument with index 1 of type [org.ssoup.denv.server.persistence.ApplicationConfigRepository]: : No qualifying bean of type [org.ssoup.denv.server.persistence.ApplicationConfigRepository] is defined: expected single matching bean but found 2: mongoDBImageRepository,mongoDBApplicationConfigRepository; nested exception is org.springframework.beans.factory.NoUniqueBeanDefinitionException: No qualifying bean of type [org.ssoup.denv.server.persistence.ApplicationConfigRepository] is defined: expected single matching bean but found 2: mongoDBImageRepository,mongoDBApplicationConfigRepository
	at org.springframework.beans.factory.annotation.AutowiredAnnotationBeanPostProcessor.postProcessPropertyValues(AutowiredAnnotationBeanPostProcessor.java:292)
	at org.springframework.beans.factory.support.AbstractAutowireCapableBeanFactory.populateBean(AbstractAutowireCapableBeanFactory.java:1185)
	at org.springframework.beans.factory.support.AbstractAutowireCapableBeanFactory.doCreateBean(AbstractAutowireCapableBeanFactory.java:537)
	at org.springframework.beans.factory.support.AbstractAutowireCapableBeanFactory.createBean(AbstractAutowireCapableBeanFactory.java:475)
	at org.springframework.beans.factory.support.AbstractBeanFactory$1.getObject(AbstractBeanFactory.java:302)
	at org.springframework.beans.factory.support.DefaultSingletonBeanRegistry.getSingleton(DefaultSingletonBeanRegistry.java:228)
	at org.springframework.beans.factory.support.AbstractBeanFactory.doGetBean(AbstractBeanFactory.java:298)
	at org.springframework.beans.factory.support.AbstractBeanFactory.getBean(AbstractBeanFactory.java:198)
	at org.springframework.beans.factory.support.DefaultListableBeanFactory.getBeansOfType(DefaultListableBeanFactory.java:470)
	at org.springframework.beans.factory.support.DefaultListableBeanFactory.getBeansOfType(DefaultListableBeanFactory.java:459)
	at org.springframework.security.config.annotation.web.configuration.AutowiredWebSecurityConfigurersIgnoreParents.getWebSecurityConfigurers(AutowiredWebSecurityConfigurersIgnoreParents.java:52)
	at sun.reflect.NativeMethodAccessorImpl.invoke0(Native Method)
	at sun.reflect.NativeMethodAccessorImpl.invoke(NativeMethodAccessorImpl.java:39)
	at sun.reflect.DelegatingMethodAccessorImpl.invoke(DelegatingMethodAccessorImpl.java:25)
	at java.lang.reflect.Method.invoke(Method.java:597)
	at org.springframework.expression.spel.support.ReflectiveMethodExecutor.execute(ReflectiveMethodExecutor.java:63)
	at org.springframework.expression.spel.ast.MethodReference.getValueInternal(MethodReference.java:122)
	at org.springframework.expression.spel.ast.MethodReference.access$000(MethodReference.java:44)
	at org.springframework.expression.spel.ast.MethodReference$MethodValueRef.getValue(MethodReference.java:258)
	at org.springframework.expression.spel.ast.CompoundExpression.getValueInternal(CompoundExpression.java:84)
	at org.springframework.expression.spel.ast.SpelNodeImpl.getValue(SpelNodeImpl.java:103)
	at org.springframework.expression.spel.standard.SpelExpression.getValue(SpelExpression.java:94)
	at org.springframework.context.expression.StandardBeanExpressionResolver.evaluate(StandardBeanExpressionResolver.java:143)
	... 37 more
Caused by: org.springframework.beans.factory.BeanCreationException: Could not autowire method: public void org.springframework.security.config.annotation.web.configuration.WebSecurityConfigurerAdapter.setContentNegotationStrategy(org.springframework.web.accept.ContentNegotiationStrategy); nested exception is org.springframework.beans.factory.BeanCreationException: Error creating bean with name &apos;org.springframework.web.servlet.config.annotation.DelegatingWebMvcConfiguration&apos;: Injection of autowired dependencies failed; nested exception is org.springframework.beans.factory.BeanCreationException: Could not autowire method: public void org.springframework.web.servlet.config.annotation.DelegatingWebMvcConfiguration.setConfigurers(java.util.List); nested exception is org.springframework.beans.factory.BeanCreationException: Error creating bean with name &apos;org.springframework.boot.autoconfigure.web.WebMvcAutoConfiguration$WebMvcAutoConfigurationAdapter&apos;: Injection of autowired dependencies failed; nested exception is org.springframework.beans.factory.BeanCreationException: Could not autowire field: private org.springframework.boot.autoconfigure.web.HttpMessageConverters org.springframework.boot.autoconfigure.web.WebMvcAutoConfiguration$WebMvcAutoConfigurationAdapter.messageConverters; nested exception is org.springframework.beans.factory.BeanCreationException: Error creating bean with name &apos;org.springframework.boot.autoconfigure.web.HttpMessageConvertersAutoConfiguration&apos;: Injection of autowired dependencies failed; nested exception is org.springframework.beans.factory.BeanCreationException: Could not autowire field: private final java.util.List org.springframework.boot.autoconfigure.web.HttpMessageConvertersAutoConfiguration.converters; nested exception is org.springframework.beans.factory.BeanCreationException: Error creating bean with name &apos;jacksonHttpMessageConverter&apos; defined in class path resource [org/springframework/data/rest/webmvc/config/RepositoryRestMvcConfiguration.class]: Instantiation of bean failed; nested exception is org.springframework.beans.factory.BeanDefinitionStoreException: Factory method [public org.springframework.http.converter.json.MappingJackson2HttpMessageConverter org.springframework.data.rest.webmvc.config.RepositoryRestMvcConfiguration.jacksonHttpMessageConverter()] threw exception; nested exception is org.springframework.beans.factory.BeanCreationException: Error creating bean with name &apos;config&apos; defined in class path resource [org/springframework/data/rest/webmvc/config/RepositoryRestMvcConfiguration.class]: Instantiation of bean failed; nested exception is org.springframework.beans.factory.BeanDefinitionStoreException: Factory method [public org.springframework.data.rest.core.config.RepositoryRestConfiguration org.springframework.data.rest.webmvc.config.RepositoryRestMvcConfiguration.config()] threw exception; nested exception is org.springframework.beans.factory.BeanCreationException: Error creating bean with name &apos;repositories&apos; defined in class path resource [org/springframework/data/rest/webmvc/config/RepositoryRestMvcConfiguration.class]: Instantiation of bean failed; nested exception is org.springframework.beans.factory.BeanDefinitionStoreException: Factory method [public org.springframework.data.repository.support.Repositories org.springframework.data.rest.webmvc.config.RepositoryRestMvcConfiguration.repositories()] threw exception; nested exception is org.springframework.beans.factory.UnsatisfiedDependencyException: Error creating bean with name &apos;mongoDBEnvironmentRepositoryImpl&apos; defined in URL [jar:file:/C:/workspaces/denv/denv-server-mongodb/target/denv-server-mongodb-0.1.0.jar!/org/ssoup/denv/server/persistence/mongodb/repository/MongoDBEnvironmentRepositoryImpl.class]: Unsatisfied dependency expressed through constructor argument with index 1 of type [org.ssoup.denv.server.persistence.ApplicationConfigRepository]: : No qualifying bean of type [org.ssoup.denv.server.persistence.ApplicationConfigRepository] is defined: expected single matching bean but found 2: mongoDBImageRepository,mongoDBApplicationConfigRepository; nested exception is org.springframework.beans.factory.NoUniqueBeanDefinitionException: No qualifying bean of type [org.ssoup.denv.server.persistence.ApplicationConfigRepository] is defined: expected single matching bean but found 2: mongoDBImageRepository,mongoDBApplicationConfigRepository
	at org.springframework.beans.factory.annotation.AutowiredAnnotationBeanPostProcessor$AutowiredMethodElement.inject(AutowiredAnnotationBeanPostProcessor.java:596)
	at org.springframework.beans.factory.annotation.InjectionMetadata.inject(InjectionMetadata.java:87)
	at org.springframework.beans.factory.annotation.AutowiredAnnotationBeanPostProcessor.postProcessPropertyValues(AutowiredAnnotationBeanPostProcessor.java:289)
	... 59 more
Caused by: org.springframework.beans.factory.BeanCreationException: Error creating bean with name &apos;org.springframework.web.servlet.config.annotation.DelegatingWebMvcConfiguration&apos;: Injection of autowired dependencies failed; nested exception is org.springframework.beans.factory.BeanCreationException: Could not autowire method: public void org.springframework.web.servlet.config.annotation.DelegatingWebMvcConfiguration.setConfigurers(java.util.List); nested exception is org.springframework.beans.factory.BeanCreationException: Error creating bean with name &apos;org.springframework.boot.autoconfigure.web.WebMvcAutoConfiguration$WebMvcAutoConfigurationAdapter&apos;: Injection of autowired dependencies failed; nested exception is org.springframework.beans.factory.BeanCreationException: Could not autowire field: private org.springframework.boot.autoconfigure.web.HttpMessageConverters org.springframework.boot.autoconfigure.web.WebMvcAutoConfiguration$WebMvcAutoConfigurationAdapter.messageConverters; nested exception is org.springframework.beans.factory.BeanCreationException: Error creating bean with name &apos;org.springframework.boot.autoconfigure.web.HttpMessageConvertersAutoConfiguration&apos;: Injection of autowired dependencies failed; nested exception is org.springframework.beans.factory.BeanCreationException: Could not autowire field: private final java.util.List org.springframework.boot.autoconfigure.web.HttpMessageConvertersAutoConfiguration.converters; nested exception is org.springframework.beans.factory.BeanCreationException: Error creating bean with name &apos;jacksonHttpMessageConverter&apos; defined in class path resource [org/springframework/data/rest/webmvc/config/RepositoryRestMvcConfiguration.class]: Instantiation of bean failed; nested exception is org.springframework.beans.factory.BeanDefinitionStoreException: Factory method [public org.springframework.http.converter.json.MappingJackson2HttpMessageConverter org.springframework.data.rest.webmvc.config.RepositoryRestMvcConfiguration.jacksonHttpMessageConverter()] threw exception; nested exception is org.springframework.beans.factory.BeanCreationException: Error creating bean with name &apos;config&apos; defined in class path resource [org/springframework/data/rest/webmvc/config/RepositoryRestMvcConfiguration.class]: Instantiation of bean failed; nested exception is org.springframework.beans.factory.BeanDefinitionStoreException: Factory method [public org.springframework.data.rest.core.config.RepositoryRestConfiguration org.springframework.data.rest.webmvc.config.RepositoryRestMvcConfiguration.config()] threw exception; nested exception is org.springframework.beans.factory.BeanCreationException: Error creating bean with name &apos;repositories&apos; defined in class path resource [org/springframework/data/rest/webmvc/config/RepositoryRestMvcConfiguration.class]: Instantiation of bean failed; nested exception is org.springframework.beans.factory.BeanDefinitionStoreException: Factory method [public org.springframework.data.repository.support.Repositories org.springframework.data.rest.webmvc.config.RepositoryRestMvcConfiguration.repositories()] threw exception; nested exception is org.springframework.beans.factory.UnsatisfiedDependencyException: Error creating bean with name &apos;mongoDBEnvironmentRepositoryImpl&apos; defined in URL [jar:file:/C:/workspaces/denv/denv-server-mongodb/target/denv-server-mongodb-0.1.0.jar!/org/ssoup/denv/server/persistence/mongodb/repository/MongoDBEnvironmentRepositoryImpl.class]: Unsatisfied dependency expressed through constructor argument with index 1 of type [org.ssoup.denv.server.persistence.ApplicationConfigRepository]: : No qualifying bean of type [org.ssoup.denv.server.persistence.ApplicationConfigRepository] is defined: expected single matching bean but found 2: mongoDBImageRepository,mongoDBApplicationConfigRepository; nested exception is org.springframework.beans.factory.NoUniqueBeanDefinitionException: No qualifying bean of type [org.ssoup.denv.server.persistence.ApplicationConfigRepository] is defined: expected single matching bean but found 2: mongoDBImageRepository,mongoDBApplicationConfigRepository
	at org.springframework.beans.factory.annotation.AutowiredAnnotationBeanPostProcessor.postProcessPropertyValues(AutowiredAnnotationBeanPostProcessor.java:292)
	at org.springframework.beans.factory.support.AbstractAutowireCapableBeanFactory.populateBean(AbstractAutowireCapableBeanFactory.java:1185)
	at org.springframework.beans.factory.support.AbstractAutowireCapableBeanFactory.doCreateBean(AbstractAutowireCapableBeanFactory.java:537)
	at org.springframework.beans.factory.support.AbstractAutowireCapableBeanFactory.createBean(AbstractAutowireCapableBeanFactory.java:475)
	at org.springframework.beans.factory.support.AbstractBeanFactory$1.getObject(AbstractBeanFactory.java:302)
	at org.springframework.beans.factory.support.DefaultSingletonBeanRegistry.getSingleton(DefaultSingletonBeanRegistry.java:228)
	at org.springframework.beans.factory.support.AbstractBeanFactory.doGetBean(AbstractBeanFactory.java:298)
	at org.springframework.beans.factory.support.AbstractBeanFactory.getBean(AbstractBeanFactory.java:193)
	at org.springframework.beans.factory.support.ConstructorResolver.instantiateUsingFactoryMethod(ConstructorResolver.java:370)
	at org.springframework.beans.factory.support.AbstractAutowireCapableBeanFactory.instantiateUsingFactoryMethod(AbstractAutowireCapableBeanFactory.java:1094)
	at org.springframework.beans.factory.support.AbstractAutowireCapableBeanFactory.createBeanInstance(AbstractAutowireCapableBeanFactory.java:989)
	at org.springframework.beans.factory.support.AbstractAutowireCapableBeanFactory.doCreateBean(AbstractAutowireCapableBeanFactory.java:504)
	at org.springframework.beans.factory.support.AbstractAutowireCapableBeanFactory.createBean(AbstractAutowireCapableBeanFactory.java:475)
	at org.springframework.beans.factory.support.AbstractBeanFactory$1.getObject(AbstractBeanFactory.java:302)
	at org.springframework.beans.factory.support.DefaultSingletonBeanRegistry.getSingleton(DefaultSingletonBeanRegistry.java:228)
	at org.springframework.beans.factory.support.AbstractBeanFactory.doGetBean(AbstractBeanFactory.java:298)
	at org.springframework.beans.factory.support.AbstractBeanFactory.getBean(AbstractBeanFactory.java:193)
	at org.springframework.beans.factory.support.DefaultListableBeanFactory.findAutowireCandidates(DefaultListableBeanFactory.java:1017)
	at org.springframework.beans.factory.support.DefaultListableBeanFactory.doResolveDependency(DefaultListableBeanFactory.java:960)
	at org.springframework.beans.factory.support.DefaultListableBeanFactory.resolveDependency(DefaultListableBeanFactory.java:858)
	at org.springframework.beans.factory.annotation.AutowiredAnnotationBeanPostProcessor$AutowiredMethodElement.inject(AutowiredAnnotationBeanPostProcessor.java:553)
	... 61 more
Caused by: org.springframework.beans.factory.BeanCreationException: Could not autowire method: public void org.springframework.web.servlet.config.annotation.DelegatingWebMvcConfiguration.setConfigurers(java.util.List); nested exception is org.springframework.beans.factory.BeanCreationException: Error creating bean with name &apos;org.springframework.boot.autoconfigure.web.WebMvcAutoConfiguration$WebMvcAutoConfigurationAdapter&apos;: Injection of autowired dependencies failed; nested exception is org.springframework.beans.factory.BeanCreationException: Could not autowire field: private org.springframework.boot.autoconfigure.web.HttpMessageConverters org.springframework.boot.autoconfigure.web.WebMvcAutoConfiguration$WebMvcAutoConfigurationAdapter.messageConverters; nested exception is org.springframework.beans.factory.BeanCreationException: Error creating bean with name &apos;org.springframework.boot.autoconfigure.web.HttpMessageConvertersAutoConfiguration&apos;: Injection of autowired dependencies failed; nested exception is org.springframework.beans.factory.BeanCreationException: Could not autowire field: private final java.util.List org.springframework.boot.autoconfigure.web.HttpMessageConvertersAutoConfiguration.converters; nested exception is org.springframework.beans.factory.BeanCreationException: Error creating bean with name &apos;jacksonHttpMessageConverter&apos; defined in class path resource [org/springframework/data/rest/webmvc/config/RepositoryRestMvcConfiguration.class]: Instantiation of bean failed; nested exception is org.springframework.beans.factory.BeanDefinitionStoreException: Factory method [public org.springframework.http.converter.json.MappingJackson2HttpMessageConverter org.springframework.data.rest.webmvc.config.RepositoryRestMvcConfiguration.jacksonHttpMessageConverter()] threw exception; nested exception is org.springframework.beans.factory.BeanCreationException: Error creating bean with name &apos;config&apos; defined in class path resource [org/springframework/data/rest/webmvc/config/RepositoryRestMvcConfiguration.class]: Instantiation of bean failed; nested exception is org.springframework.beans.factory.BeanDefinitionStoreException: Factory method [public org.springframework.data.rest.core.config.RepositoryRestConfiguration org.springframework.data.rest.webmvc.config.RepositoryRestMvcConfiguration.config()] threw exception; nested exception is org.springframework.beans.factory.BeanCreationException: Error creating bean with name &apos;repositories&apos; defined in class path resource [org/springframework/data/rest/webmvc/config/RepositoryRestMvcConfiguration.class]: Instantiation of bean failed; nested exception is org.springframework.beans.factory.BeanDefinitionStoreException: Factory method [public org.springframework.data.repository.support.Repositories org.springframework.data.rest.webmvc.config.RepositoryRestMvcConfiguration.repositories()] threw exception; nested exception is org.springframework.beans.factory.UnsatisfiedDependencyException: Error creating bean with name &apos;mongoDBEnvironmentRepositoryImpl&apos; defined in URL [jar:file:/C:/workspaces/denv/denv-server-mongodb/target/denv-server-mongodb-0.1.0.jar!/org/ssoup/denv/server/persistence/mongodb/repository/MongoDBEnvironmentRepositoryImpl.class]: Unsatisfied dependency expressed through constructor argument with index 1 of type [org.ssoup.denv.server.persistence.ApplicationConfigRepository]: : No qualifying bean of type [org.ssoup.denv.server.persistence.ApplicationConfigRepository] is defined: expected single matching bean but found 2: mongoDBImageRepository,mongoDBApplicationConfigRepository; nested exception is org.springframework.beans.factory.NoUniqueBeanDefinitionException: No qualifying bean of type [org.ssoup.denv.server.persistence.ApplicationConfigRepository] is defined: expected single matching bean but found 2: mongoDBImageRepository,mongoDBApplicationConfigRepository
	at org.springframework.beans.factory.annotation.AutowiredAnnotationBeanPostProcessor$AutowiredMethodElement.inject(AutowiredAnnotationBeanPostProcessor.java:596)
	at org.springframework.beans.factory.annotation.InjectionMetadata.inject(InjectionMetadata.java:87)
	at org.springframework.beans.factory.annotation.AutowiredAnnotationBeanPostProcessor.postProcessPropertyValues(AutowiredAnnotationBeanPostProcessor.java:289)
	... 81 more
Caused by: org.springframework.beans.factory.BeanCreationException: Error creating bean with name &apos;org.springframework.boot.autoconfigure.web.WebMvcAutoConfiguration$WebMvcAutoConfigurationAdapter&apos;: Injection of autowired dependencies failed; nested exception is org.springframework.beans.factory.BeanCreationException: Could not autowire field: private org.springframework.boot.autoconfigure.web.HttpMessageConverters org.springframework.boot.autoconfigure.web.WebMvcAutoConfiguration$WebMvcAutoConfigurationAdapter.messageConverters; nested exception is org.springframework.beans.factory.BeanCreationException: Error creating bean with name &apos;org.springframework.boot.autoconfigure.web.HttpMessageConvertersAutoConfiguration&apos;: Injection of autowired dependencies failed; nested exception is org.springframework.beans.factory.BeanCreationException: Could not autowire field: private final java.util.List org.springframework.boot.autoconfigure.web.HttpMessageConvertersAutoConfiguration.converters; nested exception is org.springframework.beans.factory.BeanCreationException: Error creating bean with name &apos;jacksonHttpMessageConverter&apos; defined in class path resource [org/springframework/data/rest/webmvc/config/RepositoryRestMvcConfiguration.class]: Instantiation of bean failed; nested exception is org.springframework.beans.factory.BeanDefinitionStoreException: Factory method [public org.springframework.http.converter.json.MappingJackson2HttpMessageConverter org.springframework.data.rest.webmvc.config.RepositoryRestMvcConfiguration.jacksonHttpMessageConverter()] threw exception; nested exception is org.springframework.beans.factory.BeanCreationException: Error creating bean with name &apos;config&apos; defined in class path resource [org/springframework/data/rest/webmvc/config/RepositoryRestMvcConfiguration.class]: Instantiation of bean failed; nested exception is org.springframework.beans.factory.BeanDefinitionStoreException: Factory method [public org.springframework.data.rest.core.config.RepositoryRestConfiguration org.springframework.data.rest.webmvc.config.RepositoryRestMvcConfiguration.config()] threw exception; nested exception is org.springframework.beans.factory.BeanCreationException: Error creating bean with name &apos;repositories&apos; defined in class path resource [org/springframework/data/rest/webmvc/config/RepositoryRestMvcConfiguration.class]: Instantiation of bean failed; nested exception is org.springframework.beans.factory.BeanDefinitionStoreException: Factory method [public org.springframework.data.repository.support.Repositories org.springframework.data.rest.webmvc.config.RepositoryRestMvcConfiguration.repositories()] threw exception; nested exception is org.springframework.beans.factory.UnsatisfiedDependencyException: Error creating bean with name &apos;mongoDBEnvironmentRepositoryImpl&apos; defined in URL [jar:file:/C:/workspaces/denv/denv-server-mongodb/target/denv-server-mongodb-0.1.0.jar!/org/ssoup/denv/server/persistence/mongodb/repository/MongoDBEnvironmentRepositoryImpl.class]: Unsatisfied dependency expressed through constructor argument with index 1 of type [org.ssoup.denv.server.persistence.ApplicationConfigRepository]: : No qualifying bean of type [org.ssoup.denv.server.persistence.ApplicationConfigRepository] is defined: expected single matching bean but found 2: mongoDBImageRepository,mongoDBApplicationConfigRepository; nested exception is org.springframework.beans.factory.NoUniqueBeanDefinitionException: No qualifying bean of type [org.ssoup.denv.server.persistence.ApplicationConfigRepository] is defined: expected single matching bean but found 2: mongoDBImageRepository,mongoDBApplicationConfigRepository
	at org.springframework.beans.factory.annotation.AutowiredAnnotationBeanPostProcessor.postProcessPropertyValues(AutowiredAnnotationBeanPostProcessor.java:292)
	at org.springframework.beans.factory.support.AbstractAutowireCapableBeanFactory.populateBean(AbstractAutowireCapableBeanFactory.java:1185)
	at org.springframework.beans.factory.support.AbstractAutowireCapableBeanFactory.doCreateBean(AbstractAutowireCapableBeanFactory.java:537)
	at org.springframework.beans.factory.support.AbstractAutowireCapableBeanFactory.createBean(AbstractAutowireCapableBeanFactory.java:475)
	at org.springframework.beans.factory.support.AbstractBeanFactory$1.getObject(AbstractBeanFactory.java:302)
	at org.springframework.beans.factory.support.DefaultSingletonBeanRegistry.getSingleton(DefaultSingletonBeanRegistry.java:228)
	at org.springframework.beans.factory.support.AbstractBeanFactory.doGetBean(AbstractBeanFactory.java:298)
	at org.springframework.beans.factory.support.AbstractBeanFactory.getBean(AbstractBeanFactory.java:193)
	at org.springframework.beans.factory.support.DefaultListableBeanFactory.findAutowireCandidates(DefaultListableBeanFactory.java:1017)
	at org.springframework.beans.factory.support.DefaultListableBeanFactory.doResolveDependency(DefaultListableBeanFactory.java:912)
	at org.springframework.beans.factory.support.DefaultListableBeanFactory.resolveDependency(DefaultListableBeanFactory.java:858)
	at org.springframework.beans.factory.annotation.AutowiredAnnotationBeanPostProcessor$AutowiredMethodElement.inject(AutowiredAnnotationBeanPostProcessor.java:553)
	... 83 more
Caused by: org.springframework.beans.factory.BeanCreationException: Could not autowire field: private org.springframework.boot.autoconfigure.web.HttpMessageConverters org.springframework.boot.autoconfigure.web.WebMvcAutoConfiguration$WebMvcAutoConfigurationAdapter.messageConverters; nested exception is org.springframework.beans.factory.BeanCreationException: Error creating bean with name &apos;org.springframework.boot.autoconfigure.web.HttpMessageConvertersAutoConfiguration&apos;: Injection of autowired dependencies failed; nested exception is org.springframework.beans.factory.BeanCreationException: Could not autowire field: private final java.util.List org.springframework.boot.autoconfigure.web.HttpMessageConvertersAutoConfiguration.converters; nested exception is org.springframework.beans.factory.BeanCreationException: Error creating bean with name &apos;jacksonHttpMessageConverter&apos; defined in class path resource [org/springframework/data/rest/webmvc/config/RepositoryRestMvcConfiguration.class]: Instantiation of bean failed; nested exception is org.springframework.beans.factory.BeanDefinitionStoreException: Factory method [public org.springframework.http.converter.json.MappingJackson2HttpMessageConverter org.springframework.data.rest.webmvc.config.RepositoryRestMvcConfiguration.jacksonHttpMessageConverter()] threw exception; nested exception is org.springframework.beans.factory.BeanCreationException: Error creating bean with name &apos;config&apos; defined in class path resource [org/springframework/data/rest/webmvc/config/RepositoryRestMvcConfiguration.class]: Instantiation of bean failed; nested exception is org.springframework.beans.factory.BeanDefinitionStoreException: Factory method [public org.springframework.data.rest.core.config.RepositoryRestConfiguration org.springframework.data.rest.webmvc.config.RepositoryRestMvcConfiguration.config()] threw exception; nested exception is org.springframework.beans.factory.BeanCreationException: Error creating bean with name &apos;repositories&apos; defined in class path resource [org/springframework/data/rest/webmvc/config/RepositoryRestMvcConfiguration.class]: Instantiation of bean failed; nested exception is org.springframework.beans.factory.BeanDefinitionStoreException: Factory method [public org.springframework.data.repository.support.Repositories org.springframework.data.rest.webmvc.config.RepositoryRestMvcConfiguration.repositories()] threw exception; nested exception is org.springframework.beans.factory.UnsatisfiedDependencyException: Error creating bean with name &apos;mongoDBEnvironmentRepositoryImpl&apos; defined in URL [jar:file:/C:/workspaces/denv/denv-server-mongodb/target/denv-server-mongodb-0.1.0.jar!/org/ssoup/denv/server/persistence/mongodb/repository/MongoDBEnvironmentRepositoryImpl.class]: Unsatisfied dependency expressed through constructor argument with index 1 of type [org.ssoup.denv.server.persistence.ApplicationConfigRepository]: : No qualifying bean of type [org.ssoup.denv.server.persistence.ApplicationConfigRepository] is defined: expected single matching bean but found 2: mongoDBImageRepository,mongoDBApplicationConfigRepository; nested exception is org.springframework.beans.factory.NoUniqueBeanDefinitionException: No qualifying bean of type [org.ssoup.denv.server.persistence.ApplicationConfigRepository] is defined: expected single matching bean but found 2: mongoDBImageRepository,mongoDBApplicationConfigRepository
	at org.springframework.beans.factory.annotation.AutowiredAnnotationBeanPostProcessor$AutowiredFieldElement.inject(AutowiredAnnotationBeanPostProcessor.java:508)
	at org.springframework.beans.factory.annotation.InjectionMetadata.inject(InjectionMetadata.java:87)
	at org.springframework.beans.factory.annotation.AutowiredAnnotationBeanPostProcessor.postProcessPropertyValues(AutowiredAnnotationBeanPostProcessor.java:289)
	... 94 more
Caused by: org.springframework.beans.factory.BeanCreationException: Error creating bean with name &apos;org.springframework.boot.autoconfigure.web.HttpMessageConvertersAutoConfiguration&apos;: Injection of autowired dependencies failed; nested exception is org.springframework.beans.factory.BeanCreationException: Could not autowire field: private final java.util.List org.springframework.boot.autoconfigure.web.HttpMessageConvertersAutoConfiguration.converters; nested exception is org.springframework.beans.factory.BeanCreationException: Error creating bean with name &apos;jacksonHttpMessageConverter&apos; defined in class path resource [org/springframework/data/rest/webmvc/config/RepositoryRestMvcConfiguration.class]: Instantiation of bean failed; nested exception is org.springframework.beans.factory.BeanDefinitionStoreException: Factory method [public org.springframework.http.converter.json.MappingJackson2HttpMessageConverter org.springframework.data.rest.webmvc.config.RepositoryRestMvcConfiguration.jacksonHttpMessageConverter()] threw exception; nested exception is org.springframework.beans.factory.BeanCreationException: Error creating bean with name &apos;config&apos; defined in class path resource [org/springframework/data/rest/webmvc/config/RepositoryRestMvcConfiguration.class]: Instantiation of bean failed; nested exception is org.springframework.beans.factory.BeanDefinitionStoreException: Factory method [public org.springframework.data.rest.core.config.RepositoryRestConfiguration org.springframework.data.rest.webmvc.config.RepositoryRestMvcConfiguration.config()] threw exception; nested exception is org.springframework.beans.factory.BeanCreationException: Error creating bean with name &apos;repositories&apos; defined in class path resource [org/springframework/data/rest/webmvc/config/RepositoryRestMvcConfiguration.class]: Instantiation of bean failed; nested exception is org.springframework.beans.factory.BeanDefinitionStoreException: Factory method [public org.springframework.data.repository.support.Repositories org.springframework.data.rest.webmvc.config.RepositoryRestMvcConfiguration.repositories()] threw exception; nested exception is org.springframework.beans.factory.UnsatisfiedDependencyException: Error creating bean with name &apos;mongoDBEnvironmentRepositoryImpl&apos; defined in URL [jar:file:/C:/workspaces/denv/denv-server-mongodb/target/denv-server-mongodb-0.1.0.jar!/org/ssoup/denv/server/persistence/mongodb/repository/MongoDBEnvironmentRepositoryImpl.class]: Unsatisfied dependency expressed through constructor argument with index 1 of type [org.ssoup.denv.server.persistence.ApplicationConfigRepository]: : No qualifying bean of type [org.ssoup.denv.server.persistence.ApplicationConfigRepository] is defined: expected single matching bean but found 2: mongoDBImageRepository,mongoDBApplicationConfigRepository; nested exception is org.springframework.beans.factory.NoUniqueBeanDefinitionException: No qualifying bean of type [org.ssoup.denv.server.persistence.ApplicationConfigRepository] is defined: expected single matching bean but found 2: mongoDBImageRepository,mongoDBApplicationConfigRepository
	at org.springframework.beans.factory.annotation.AutowiredAnnotationBeanPostProcessor.postProcessPropertyValues(AutowiredAnnotationBeanPostProcessor.java:292)
	at org.springframework.beans.factory.support.AbstractAutowireCapableBeanFactory.populateBean(AbstractAutowireCapableBeanFactory.java:1185)
	at org.springframework.beans.factory.support.AbstractAutowireCapableBeanFactory.doCreateBean(AbstractAutowireCapableBeanFactory.java:537)
	at org.springframework.beans.factory.support.AbstractAutowireCapableBeanFactory.createBean(AbstractAutowireCapableBeanFactory.java:475)
	at org.springframework.beans.factory.support.AbstractBeanFactory$1.getObject(AbstractBeanFactory.java:302)
	at org.springframework.beans.factory.support.DefaultSingletonBeanRegistry.getSingleton(DefaultSingletonBeanRegistry.java:228)
	at org.springframework.beans.factory.support.AbstractBeanFactory.doGetBean(AbstractBeanFactory.java:298)
	at org.springframework.beans.factory.support.AbstractBeanFactory.getBean(AbstractBeanFactory.java:193)
	at org.springframework.beans.factory.support.ConstructorResolver.instantiateUsingFactoryMethod(ConstructorResolver.java:370)
	at org.springframework.beans.factory.support.AbstractAutowireCapableBeanFactory.instantiateUsingFactoryMethod(AbstractAutowireCapableBeanFactory.java:1094)
	at org.springframework.beans.factory.support.AbstractAutowireCapableBeanFactory.createBeanInstance(AbstractAutowireCapableBeanFactory.java:989)
	at org.springframework.beans.factory.support.AbstractAutowireCapableBeanFactory.doCreateBean(AbstractAutowireCapableBeanFactory.java:504)
	at org.springframework.beans.factory.support.AbstractAutowireCapableBeanFactory.createBean(AbstractAutowireCapableBeanFactory.java:475)
	at org.springframework.beans.factory.support.AbstractBeanFactory$1.getObject(AbstractBeanFactory.java:302)
	at org.springframework.beans.factory.support.DefaultSingletonBeanRegistry.getSingleton(DefaultSingletonBeanRegistry.java:228)
	at org.springframework.beans.factory.support.AbstractBeanFactory.doGetBean(AbstractBeanFactory.java:298)
	at org.springframework.beans.factory.support.AbstractBeanFactory.getBean(AbstractBeanFactory.java:193)
	at org.springframework.beans.factory.support.DefaultListableBeanFactory.findAutowireCandidates(DefaultListableBeanFactory.java:1017)
	at org.springframework.beans.factory.support.DefaultListableBeanFactory.doResolveDependency(DefaultListableBeanFactory.java:960)
	at org.springframework.beans.factory.support.DefaultListableBeanFactory.resolveDependency(DefaultListableBeanFactory.java:858)
	at org.springframework.beans.factory.annotation.AutowiredAnnotationBeanPostProcessor$AutowiredFieldElement.inject(AutowiredAnnotationBeanPostProcessor.java:480)
	... 96 more
Caused by: org.springframework.beans.factory.BeanCreationException: Could not autowire field: private final java.util.List org.springframework.boot.autoconfigure.web.HttpMessageConvertersAutoConfiguration.converters; nested exception is org.springframework.beans.factory.BeanCreationException: Error creating bean with name &apos;jacksonHttpMessageConverter&apos; defined in class path resource [org/springframework/data/rest/webmvc/config/RepositoryRestMvcConfiguration.class]: Instantiation of bean failed; nested exception is org.springframework.beans.factory.BeanDefinitionStoreException: Factory method [public org.springframework.http.converter.json.MappingJackson2HttpMessageConverter org.springframework.data.rest.webmvc.config.RepositoryRestMvcConfiguration.jacksonHttpMessageConverter()] threw exception; nested exception is org.springframework.beans.factory.BeanCreationException: Error creating bean with name &apos;config&apos; defined in class path resource [org/springframework/data/rest/webmvc/config/RepositoryRestMvcConfiguration.class]: Instantiation of bean failed; nested exception is org.springframework.beans.factory.BeanDefinitionStoreException: Factory method [public org.springframework.data.rest.core.config.RepositoryRestConfiguration org.springframework.data.rest.webmvc.config.RepositoryRestMvcConfiguration.config()] threw exception; nested exception is org.springframework.beans.factory.BeanCreationException: Error creating bean with name &apos;repositories&apos; defined in class path resource [org/springframework/data/rest/webmvc/config/RepositoryRestMvcConfiguration.class]: Instantiation of bean failed; nested exception is org.springframework.beans.factory.BeanDefinitionStoreException: Factory method [public org.springframework.data.repository.support.Repositories org.springframework.data.rest.webmvc.config.RepositoryRestMvcConfiguration.repositories()] threw exception; nested exception is org.springframework.beans.factory.UnsatisfiedDependencyException: Error creating bean with name &apos;mongoDBEnvironmentRepositoryImpl&apos; defined in URL [jar:file:/C:/workspaces/denv/denv-server-mongodb/target/denv-server-mongodb-0.1.0.jar!/org/ssoup/denv/server/persistence/mongodb/repository/MongoDBEnvironmentRepositoryImpl.class]: Unsatisfied dependency expressed through constructor argument with index 1 of type [org.ssoup.denv.server.persistence.ApplicationConfigRepository]: : No qualifying bean of type [org.ssoup.denv.server.persistence.ApplicationConfigRepository] is defined: expected single matching bean but found 2: mongoDBImageRepository,mongoDBApplicationConfigRepository; nested exception is org.springframework.beans.factory.NoUniqueBeanDefinitionException: No qualifying bean of type [org.ssoup.denv.server.persistence.ApplicationConfigRepository] is defined: expected single matching bean but found 2: mongoDBImageRepository,mongoDBApplicationConfigRepository
	at org.springframework.beans.factory.annotation.AutowiredAnnotationBeanPostProcessor$AutowiredFieldElement.inject(AutowiredAnnotationBeanPostProcessor.java:508)
	at org.springframework.beans.factory.annotation.InjectionMetadata.inject(InjectionMetadata.java:87)
	at org.springframework.beans.factory.annotation.AutowiredAnnotationBeanPostProcessor.postProcessPropertyValues(AutowiredAnnotationBeanPostProcessor.java:289)
	... 116 more
Caused by: org.springframework.beans.factory.BeanCreationException: Error creating bean with name &apos;jacksonHttpMessageConverter&apos; defined in class path resource [org/springframework/data/rest/webmvc/config/RepositoryRestMvcConfiguration.class]: Instantiation of bean failed; nested exception is org.springframework.beans.factory.BeanDefinitionStoreException: Factory method [public org.springframework.http.converter.json.MappingJackson2HttpMessageConverter org.springframework.data.rest.webmvc.config.RepositoryRestMvcConfiguration.jacksonHttpMessageConverter()] threw exception; nested exception is org.springframework.beans.factory.BeanCreationException: Error creating bean with name &apos;config&apos; defined in class path resource [org/springframework/data/rest/webmvc/config/RepositoryRestMvcConfiguration.class]: Instantiation of bean failed; nested exception is org.springframework.beans.factory.BeanDefinitionStoreException: Factory method [public org.springframework.data.rest.core.config.RepositoryRestConfiguration org.springframework.data.rest.webmvc.config.RepositoryRestMvcConfiguration.config()] threw exception; nested exception is org.springframework.beans.factory.BeanCreationException: Error creating bean with name &apos;repositories&apos; defined in class path resource [org/springframework/data/rest/webmvc/config/RepositoryRestMvcConfiguration.class]: Instantiation of bean failed; nested exception is org.springframework.beans.factory.BeanDefinitionStoreException: Factory method [public org.springframework.data.repository.support.Repositories org.springframework.data.rest.webmvc.config.RepositoryRestMvcConfiguration.repositories()] threw exception; nested exception is org.springframework.beans.factory.UnsatisfiedDependencyException: Error creating bean with name &apos;mongoDBEnvironmentRepositoryImpl&apos; defined in URL [jar:file:/C:/workspaces/denv/denv-server-mongodb/target/denv-server-mongodb-0.1.0.jar!/org/ssoup/denv/server/persistence/mongodb/repository/MongoDBEnvironmentRepositoryImpl.class]: Unsatisfied dependency expressed through constructor argument with index 1 of type [org.ssoup.denv.server.persistence.ApplicationConfigRepository]: : No qualifying bean of type [org.ssoup.denv.server.persistence.ApplicationConfigRepository] is defined: expected single matching bean but found 2: mongoDBImageRepository,mongoDBApplicationConfigRepository; nested exception is org.springframework.beans.factory.NoUniqueBeanDefinitionException: No qualifying bean of type [org.ssoup.denv.server.persistence.ApplicationConfigRepository] is defined: expected single matching bean but found 2: mongoDBImageRepository,mongoDBApplicationConfigRepository
	at org.springframework.beans.factory.support.ConstructorResolver.instantiateUsingFactoryMethod(ConstructorResolver.java:597)
	at org.springframework.beans.factory.support.AbstractAutowireCapableBeanFactory.instantiateUsingFactoryMethod(AbstractAutowireCapableBeanFactory.java:1094)
	at org.springframework.beans.factory.support.AbstractAutowireCapableBeanFactory.createBeanInstance(AbstractAutowireCapableBeanFactory.java:989)
	at org.springframework.beans.factory.support.AbstractAutowireCapableBeanFactory.doCreateBean(AbstractAutowireCapableBeanFactory.java:504)
	at org.springframework.beans.factory.support.AbstractAutowireCapableBeanFactory.createBean(AbstractAutowireCapableBeanFactory.java:475)
	at org.springframework.beans.factory.support.AbstractBeanFactory$1.getObject(AbstractBeanFactory.java:302)
	at org.springframework.beans.factory.support.DefaultSingletonBeanRegistry.getSingleton(DefaultSingletonBeanRegistry.java:228)
	at org.springframework.beans.factory.support.AbstractBeanFactory.doGetBean(AbstractBeanFactory.java:298)
	at org.springframework.beans.factory.support.AbstractBeanFactory.getBean(AbstractBeanFactory.java:193)
	at org.springframework.beans.factory.support.DefaultListableBeanFactory.findAutowireCandidates(DefaultListableBeanFactory.java:1017)
	at org.springframework.beans.factory.support.DefaultListableBeanFactory.doResolveDependency(DefaultListableBeanFactory.java:912)
	at org.springframework.beans.factory.support.DefaultListableBeanFactory.resolveDependency(DefaultListableBeanFactory.java:858)
	at org.springframework.beans.factory.annotation.AutowiredAnnotationBeanPostProcessor$AutowiredFieldElement.inject(AutowiredAnnotationBeanPostProcessor.java:480)
	... 118 more
Caused by: org.springframework.beans.factory.BeanDefinitionStoreException: Factory method [public org.springframework.http.converter.json.MappingJackson2HttpMessageConverter org.springframework.data.rest.webmvc.config.RepositoryRestMvcConfiguration.jacksonHttpMessageConverter()] threw exception; nested exception is org.springframework.beans.factory.BeanCreationException: Error creating bean with name &apos;config&apos; defined in class path resource [org/springframework/data/rest/webmvc/config/RepositoryRestMvcConfiguration.class]: Instantiation of bean failed; nested exception is org.springframework.beans.factory.BeanDefinitionStoreException: Factory method [public org.springframework.data.rest.core.config.RepositoryRestConfiguration org.springframework.data.rest.webmvc.config.RepositoryRestMvcConfiguration.config()] threw exception; nested exception is org.springframework.beans.factory.BeanCreationException: Error creating bean with name &apos;repositories&apos; defined in class path resource [org/springframework/data/rest/webmvc/config/RepositoryRestMvcConfiguration.class]: Instantiation of bean failed; nested exception is org.springframework.beans.factory.BeanDefinitionStoreException: Factory method [public org.springframework.data.repository.support.Repositories org.springframework.data.rest.webmvc.config.RepositoryRestMvcConfiguration.repositories()] threw exception; nested exception is org.springframework.beans.factory.UnsatisfiedDependencyException: Error creating bean with name &apos;mongoDBEnvironmentRepositoryImpl&apos; defined in URL [jar:file:/C:/workspaces/denv/denv-server-mongodb/target/denv-server-mongodb-0.1.0.jar!/org/ssoup/denv/server/persistence/mongodb/repository/MongoDBEnvironmentRepositoryImpl.class]: Unsatisfied dependency expressed through constructor argument with index 1 of type [org.ssoup.denv.server.persistence.ApplicationConfigRepository]: : No qualifying bean of type [org.ssoup.denv.server.persistence.ApplicationConfigRepository] is defined: expected single matching bean but found 2: mongoDBImageRepository,mongoDBApplicationConfigRepository; nested exception is org.springframework.beans.factory.NoUniqueBeanDefinitionException: No qualifying bean of type [org.ssoup.denv.server.persistence.ApplicationConfigRepository] is defined: expected single matching bean but found 2: mongoDBImageRepository,mongoDBApplicationConfigRepository
	at org.springframework.beans.factory.support.SimpleInstantiationStrategy.instantiate(SimpleInstantiationStrategy.java:188)
	at org.springframework.beans.factory.support.ConstructorResolver.instantiateUsingFactoryMethod(ConstructorResolver.java:586)
	... 130 more
Caused by: org.springframework.beans.factory.BeanCreationException: Error creating bean with name &apos;config&apos; defined in class path resource [org/springframework/data/rest/webmvc/config/RepositoryRestMvcConfiguration.class]: Instantiation of bean failed; nested exception is org.springframework.beans.factory.BeanDefinitionStoreException: Factory method [public org.springframework.data.rest.core.config.RepositoryRestConfiguration org.springframework.data.rest.webmvc.config.RepositoryRestMvcConfiguration.config()] threw exception; nested exception is org.springframework.beans.factory.BeanCreationException: Error creating bean with name &apos;repositories&apos; defined in class path resource [org/springframework/data/rest/webmvc/config/RepositoryRestMvcConfiguration.class]: Instantiation of bean failed; nested exception is org.springframework.beans.factory.BeanDefinitionStoreException: Factory method [public org.springframework.data.repository.support.Repositories org.springframework.data.rest.webmvc.config.RepositoryRestMvcConfiguration.repositories()] threw exception; nested exception is org.springframework.beans.factory.UnsatisfiedDependencyException: Error creating bean with name &apos;mongoDBEnvironmentRepositoryImpl&apos; defined in URL [jar:file:/C:/workspaces/denv/denv-server-mongodb/target/denv-server-mongodb-0.1.0.jar!/org/ssoup/denv/server/persistence/mongodb/repository/MongoDBEnvironmentRepositoryImpl.class]: Unsatisfied dependency expressed through constructor argument with index 1 of type [org.ssoup.denv.server.persistence.ApplicationConfigRepository]: : No qualifying bean of type [org.ssoup.denv.server.persistence.ApplicationConfigRepository] is defined: expected single matching bean but found 2: mongoDBImageRepository,mongoDBApplicationConfigRepository; nested exception is org.springframework.beans.factory.NoUniqueBeanDefinitionException: No qualifying bean of type [org.ssoup.denv.server.persistence.ApplicationConfigRepository] is defined: expected single matching bean but found 2: mongoDBImageRepository,mongoDBApplicationConfigRepository
	at org.springframework.beans.factory.support.ConstructorResolver.instantiateUsingFactoryMethod(ConstructorResolver.java:597)
	at org.springframework.beans.factory.support.AbstractAutowireCapableBeanFactory.instantiateUsingFactoryMethod(AbstractAutowireCapableBeanFactory.java:1094)
	at org.springframework.beans.factory.support.AbstractAutowireCapableBeanFactory.createBeanInstance(AbstractAutowireCapableBeanFactory.java:989)
	at org.springframework.beans.factory.support.AbstractAutowireCapableBeanFactory.doCreateBean(AbstractAutowireCapableBeanFactory.java:504)
	at org.springframework.beans.factory.support.AbstractAutowireCapableBeanFactory.createBean(AbstractAutowireCapableBeanFactory.java:475)
	at org.springframework.beans.factory.support.AbstractBeanFactory$1.getObject(AbstractBeanFactory.java:302)
	at org.springframework.beans.factory.support.DefaultSingletonBeanRegistry.getSingleton(DefaultSingletonBeanRegistry.java:228)
	at org.springframework.beans.factory.support.AbstractBeanFactory.doGetBean(AbstractBeanFactory.java:298)
	at org.springframework.beans.factory.support.AbstractBeanFactory.getBean(AbstractBeanFactory.java:193)
	at org.springframework.context.annotation.ConfigurationClassEnhancer$BeanMethodInterceptor.intercept(ConfigurationClassEnhancer.java:324)
	at org.springframework.data.rest.webmvc.config.RepositoryRestMvcConfiguration$$EnhancerBySpringCGLIB$$2cc48631.config(&lt;generated&gt;)
	at org.springframework.data.rest.webmvc.config.RepositoryRestMvcConfiguration.jacksonHttpMessageConverter(RepositoryRestMvcConfiguration.java:374)
	at org.springframework.data.rest.webmvc.config.RepositoryRestMvcConfiguration$$EnhancerBySpringCGLIB$$2cc48631.CGLIB$jacksonHttpMessageConverter$21(&lt;generated&gt;)
	at org.springframework.data.rest.webmvc.config.RepositoryRestMvcConfiguration$$EnhancerBySpringCGLIB$$2cc48631$$FastClassBySpringCGLIB$$1e60d3fc.invoke(&lt;generated&gt;)
	at org.springframework.cglib.proxy.MethodProxy.invokeSuper(MethodProxy.java:228)
	at org.springframework.context.annotation.ConfigurationClassEnhancer$BeanMethodInterceptor.intercept(ConfigurationClassEnhancer.java:312)
	at org.springframework.data.rest.webmvc.config.RepositoryRestMvcConfiguration$$EnhancerBySpringCGLIB$$2cc48631.jacksonHttpMessageConverter(&lt;generated&gt;)
	at sun.reflect.NativeMethodAccessorImpl.invoke0(Native Method)
	at sun.reflect.NativeMethodAccessorImpl.invoke(NativeMethodAccessorImpl.java:39)
	at sun.reflect.DelegatingMethodAccessorImpl.invoke(DelegatingMethodAccessorImpl.java:25)
	at java.lang.reflect.Method.invoke(Method.java:597)
	at org.springframework.beans.factory.support.SimpleInstantiationStrategy.instantiate(SimpleInstantiationStrategy.java:166)
	... 131 more
Caused by: org.springframework.beans.factory.BeanDefinitionStoreException: Factory method [public org.springframework.data.rest.core.config.RepositoryRestConfiguration org.springframework.data.rest.webmvc.config.RepositoryRestMvcConfiguration.config()] threw exception; nested exception is org.springframework.beans.factory.BeanCreationException: Error creating bean with name &apos;repositories&apos; defined in class path resource [org/springframework/data/rest/webmvc/config/RepositoryRestMvcConfiguration.class]: Instantiation of bean failed; nested exception is org.springframework.beans.factory.BeanDefinitionStoreException: Factory method [public org.springframework.data.repository.support.Repositories org.springframework.data.rest.webmvc.config.RepositoryRestMvcConfiguration.repositories()] threw exception; nested exception is org.springframework.beans.factory.UnsatisfiedDependencyException: Error creating bean with name &apos;mongoDBEnvironmentRepositoryImpl&apos; defined in URL [jar:file:/C:/workspaces/denv/denv-server-mongodb/target/denv-server-mongodb-0.1.0.jar!/org/ssoup/denv/server/persistence/mongodb/repository/MongoDBEnvironmentRepositoryImpl.class]: Unsatisfied dependency expressed through constructor argument with index 1 of type [org.ssoup.denv.server.persistence.ApplicationConfigRepository]: : No qualifying bean of type [org.ssoup.denv.server.persistence.ApplicationConfigRepository] is defined: expected single matching bean but found 2: mongoDBImageRepository,mongoDBApplicationConfigRepository; nested exception is org.springframework.beans.factory.NoUniqueBeanDefinitionException: No qualifying bean of type [org.ssoup.denv.server.persistence.ApplicationConfigRepository] is defined: expected single matching bean but found 2: mongoDBImageRepository,mongoDBApplicationConfigRepository
	at org.springframework.beans.factory.support.SimpleInstantiationStrategy.instantiate(SimpleInstantiationStrategy.java:188)
	at org.springframework.beans.factory.support.ConstructorResolver.instantiateUsingFactoryMethod(ConstructorResolver.java:586)
	... 152 more
Caused by: org.springframework.beans.factory.BeanCreationException: Error creating bean with name &apos;repositories&apos; defined in class path resource [org/springframework/data/rest/webmvc/config/RepositoryRestMvcConfiguration.class]: Instantiation of bean failed; nested exception is org.springframework.beans.factory.BeanDefinitionStoreException: Factory method [public org.springframework.data.repository.support.Repositories org.springframework.data.rest.webmvc.config.RepositoryRestMvcConfiguration.repositories()] threw exception; nested exception is org.springframework.beans.factory.UnsatisfiedDependencyException: Error creating bean with name &apos;mongoDBEnvironmentRepositoryImpl&apos; defined in URL [jar:file:/C:/workspaces/denv/denv-server-mongodb/target/denv-server-mongodb-0.1.0.jar!/org/ssoup/denv/server/persistence/mongodb/repository/MongoDBEnvironmentRepositoryImpl.class]: Unsatisfied dependency expressed through constructor argument with index 1 of type [org.ssoup.denv.server.persistence.ApplicationConfigRepository]: : No qualifying bean of type [org.ssoup.denv.server.persistence.ApplicationConfigRepository] is defined: expected single matching bean but found 2: mongoDBImageRepository,mongoDBApplicationConfigRepository; nested exception is org.springframework.beans.factory.NoUniqueBeanDefinitionException: No qualifying bean of type [org.ssoup.denv.server.persistence.ApplicationConfigRepository] is defined: expected single matching bean but found 2: mongoDBImageRepository,mongoDBApplicationConfigRepository
	at org.springframework.beans.factory.support.ConstructorResolver.instantiateUsingFactoryMethod(ConstructorResolver.java:597)
	at org.springframework.beans.factory.support.AbstractAutowireCapableBeanFactory.instantiateUsingFactoryMethod(AbstractAutowireCapableBeanFactory.java:1094)
	at org.springframework.beans.factory.support.AbstractAutowireCapableBeanFactory.createBeanInstance(AbstractAutowireCapableBeanFactory.java:989)
	at org.springframework.beans.factory.support.AbstractAutowireCapableBeanFactory.doCreateBean(AbstractAutowireCapableBeanFactory.java:504)
	at org.springframework.beans.factory.support.AbstractAutowireCapableBeanFactory.createBean(AbstractAutowireCapableBeanFactory.java:475)
	at org.springframework.beans.factory.support.AbstractBeanFactory$1.getObject(AbstractBeanFactory.java:302)
	at org.springframework.beans.factory.support.DefaultSingletonBeanRegistry.getSingleton(DefaultSingletonBeanRegistry.java:228)
	at org.springframework.beans.factory.support.AbstractBeanFactory.doGetBean(AbstractBeanFactory.java:298)
	at org.springframework.beans.factory.support.AbstractBeanFactory.getBean(AbstractBeanFactory.java:193)
	at org.springframework.context.annotation.ConfigurationClassEnhancer$BeanMethodInterceptor.intercept(ConfigurationClassEnhancer.java:324)
	at org.springframework.data.rest.webmvc.config.RepositoryRestMvcConfiguration$$EnhancerBySpringCGLIB$$2cc48631.repositories(&lt;generated&gt;)
	at org.springframework.data.rest.webmvc.config.RepositoryRestMvcConfiguration.getProjections(RepositoryRestMvcConfiguration.java:621)
	at org.springframework.data.rest.webmvc.config.RepositoryRestMvcConfiguration.config(RepositoryRestMvcConfiguration.java:224)
	at org.springframework.data.rest.webmvc.config.RepositoryRestMvcConfiguration$$EnhancerBySpringCGLIB$$2cc48631.CGLIB$config$40(&lt;generated&gt;)
	at org.springframework.data.rest.webmvc.config.RepositoryRestMvcConfiguration$$EnhancerBySpringCGLIB$$2cc48631$$FastClassBySpringCGLIB$$1e60d3fc.invoke(&lt;generated&gt;)
	at org.springframework.cglib.proxy.MethodProxy.invokeSuper(MethodProxy.java:228)
	at org.springframework.context.annotation.ConfigurationClassEnhancer$BeanMethodInterceptor.intercept(ConfigurationClassEnhancer.java:312)
	at org.springframework.data.rest.webmvc.config.RepositoryRestMvcConfiguration$$EnhancerBySpringCGLIB$$2cc48631.config(&lt;generated&gt;)
	at sun.reflect.NativeMethodAccessorImpl.invoke0(Native Method)
	at sun.reflect.NativeMethodAccessorImpl.invoke(NativeMethodAccessorImpl.java:39)
	at sun.reflect.DelegatingMethodAccessorImpl.invoke(DelegatingMethodAccessorImpl.java:25)
	at java.lang.reflect.Method.invoke(Method.java:597)
	at org.springframework.beans.factory.support.SimpleInstantiationStrategy.instantiate(SimpleInstantiationStrategy.java:166)
	... 153 more
Caused by: org.springframework.beans.factory.BeanDefinitionStoreException: Factory method [public org.springframework.data.repository.support.Repositories org.springframework.data.rest.webmvc.config.RepositoryRestMvcConfiguration.repositories()] threw exception; nested exception is org.springframework.beans.factory.UnsatisfiedDependencyException: Error creating bean with name &apos;mongoDBEnvironmentRepositoryImpl&apos; defined in URL [jar:file:/C:/workspaces/denv/denv-server-mongodb/target/denv-server-mongodb-0.1.0.jar!/org/ssoup/denv/server/persistence/mongodb/repository/MongoDBEnvironmentRepositoryImpl.class]: Unsatisfied dependency expressed through constructor argument with index 1 of type [org.ssoup.denv.server.persistence.ApplicationConfigRepository]: : No qualifying bean of type [org.ssoup.denv.server.persistence.ApplicationConfigRepository] is defined: expected single matching bean but found 2: mongoDBImageRepository,mongoDBApplicationConfigRepository; nested exception is org.springframework.beans.factory.NoUniqueBeanDefinitionException: No qualifying bean of type [org.ssoup.denv.server.persistence.ApplicationConfigRepository] is defined: expected single matching bean but found 2: mongoDBImageRepository,mongoDBApplicationConfigRepository
	at org.springframework.beans.factory.support.SimpleInstantiationStrategy.instantiate(SimpleInstantiationStrategy.java:188)
	at org.springframework.beans.factory.support.ConstructorResolver.instantiateUsingFactoryMethod(ConstructorResolver.java:586)
	... 175 more
Caused by: org.springframework.beans.factory.UnsatisfiedDependencyException: Error creating bean with name &apos;mongoDBEnvironmentRepositoryImpl&apos; defined in URL [jar:file:/C:/workspaces/denv/denv-server-mongodb/target/denv-server-mongodb-0.1.0.jar!/org/ssoup/denv/server/persistence/mongodb/repository/MongoDBEnvironmentRepositoryImpl.class]: Unsatisfied dependency expressed through constructor argument with index 1 of type [org.ssoup.denv.server.persistence.ApplicationConfigRepository]: : No qualifying bean of type [org.ssoup.denv.server.persistence.ApplicationConfigRepository] is defined: expected single matching bean but found 2: mongoDBImageRepository,mongoDBApplicationConfigRepository; nested exception is org.springframework.beans.factory.NoUniqueBeanDefinitionException: No qualifying bean of type [org.ssoup.denv.server.persistence.ApplicationConfigRepository] is defined: expected single matching bean but found 2: mongoDBImageRepository,mongoDBApplicationConfigRepository
	at org.springframework.beans.factory.support.ConstructorResolver.createArgumentArray(ConstructorResolver.java:747)
	at org.springframework.beans.factory.support.ConstructorResolver.autowireConstructor(ConstructorResolver.java:185)
	at org.springframework.beans.factory.support.AbstractAutowireCapableBeanFactory.autowireConstructor(AbstractAutowireCapableBeanFactory.java:1114)
	at org.springframework.beans.factory.support.AbstractAutowireCapableBeanFactory.createBeanInstance(AbstractAutowireCapableBeanFactory.java:1017)
	at org.springframework.beans.factory.support.AbstractAutowireCapableBeanFactory.doCreateBean(AbstractAutowireCapableBeanFactory.java:504)
	at org.springframework.beans.factory.support.AbstractAutowireCapableBeanFactory.createBean(AbstractAutowireCapableBeanFactory.java:475)
	at org.springframework.beans.factory.support.AbstractBeanFactory$1.getObject(AbstractBeanFactory.java:302)
	at org.springframework.beans.factory.support.DefaultSingletonBeanRegistry.getSingleton(DefaultSingletonBeanRegistry.java:228)
	at org.springframework.beans.factory.support.AbstractBeanFactory.doGetBean(AbstractBeanFactory.java:298)
	at org.springframework.beans.factory.support.AbstractBeanFactory.getBean(AbstractBeanFactory.java:193)
	at org.springframework.beans.factory.support.AbstractBeanFactory.doGetBean(AbstractBeanFactory.java:292)
	at org.springframework.beans.factory.support.AbstractBeanFactory.getBean(AbstractBeanFactory.java:198)
	at org.springframework.data.repository.support.Repositories.populateRepositoryFactoryInformation(Repositories.java:87)
	at org.springframework.data.repository.support.Repositories.&lt;init&gt;(Repositories.java:78)
	at org.springframework.data.rest.webmvc.config.RepositoryRestMvcConfiguration.repositories(RepositoryRestMvcConfiguration.java:146)
	at org.springframework.data.rest.webmvc.config.RepositoryRestMvcConfiguration$$EnhancerBySpringCGLIB$$2cc48631.CGLIB$repositories$2(&lt;generated&gt;)
	at org.springframework.data.rest.webmvc.config.RepositoryRestMvcConfiguration$$EnhancerBySpringCGLIB$$2cc48631$$FastClassBySpringCGLIB$$1e60d3fc.invoke(&lt;generated&gt;)
	at org.springframework.cglib.proxy.MethodProxy.invokeSuper(MethodProxy.java:228)
	at org.springframework.context.annotation.ConfigurationClassEnhancer$BeanMethodInterceptor.intercept(ConfigurationClassEnhancer.java:312)
	at org.springframework.data.rest.webmvc.config.RepositoryRestMvcConfiguration$$EnhancerBySpringCGLIB$$2cc48631.repositories(&lt;generated&gt;)
	at sun.reflect.NativeMethodAccessorImpl.invoke0(Native Method)
	at sun.reflect.NativeMethodAccessorImpl.invoke(NativeMethodAccessorImpl.java:39)
	at sun.reflect.DelegatingMethodAccessorImpl.invoke(DelegatingMethodAccessorImpl.java:25)
	at java.lang.reflect.Method.invoke(Method.java:597)
	at org.springframework.beans.factory.support.SimpleInstantiationStrategy.instantiate(SimpleInstantiationStrategy.java:166)
	... 176 more
Caused by: org.springframework.beans.factory.NoUniqueBeanDefinitionException: No qualifying bean of type [org.ssoup.denv.server.persistence.ApplicationConfigRepository] is defined: expected single matching bean but found 2: mongoDBImageRepository,mongoDBApplicationConfigRepository
	at org.springframework.beans.factory.support.DefaultListableBeanFactory.doResolveDependency(DefaultListableBeanFactory.java:970)
	at org.springframework.beans.factory.support.DefaultListableBeanFactory.resolveDependency(DefaultListableBeanFactory.java:858)
	at org.springframework.beans.factory.support.ConstructorResolver.resolveAutowiredArgument(ConstructorResolver.java:811)
	at org.springframework.beans.factory.support.ConstructorResolver.createArgumentArray(ConstructorResolver.java:739)
	... 200 more
</error>
    <system-out>2014-09-12 15:54:15.844 DEBUG 10216 --- [           main] o.s.w.c.s.StandardServletEnvironment     : Adding [servletConfigInitParams] PropertySource with lowest search precedence
2014-09-12 15:54:15.844 DEBUG 10216 --- [           main] o.s.w.c.s.StandardServletEnvironment     : Adding [servletContextInitParams] PropertySource with lowest search precedence
2014-09-12 15:54:15.844 DEBUG 10216 --- [           main] o.s.w.c.s.StandardServletEnvironment     : Adding [jndiProperties] PropertySource with lowest search precedence
2014-09-12 15:54:15.844 DEBUG 10216 --- [           main] o.s.w.c.s.StandardServletEnvironment     : Adding [systemProperties] PropertySource with lowest search precedence
2014-09-12 15:54:15.844 DEBUG 10216 --- [           main] o.s.w.c.s.StandardServletEnvironment     : Adding [systemEnvironment] PropertySource with lowest search precedence
2014-09-12 15:54:15.845 DEBUG 10216 --- [           main] o.s.w.c.s.StandardServletEnvironment     : Initialized StandardServletEnvironment with PropertySources [servletConfigInitParams,servletContextInitParams,jndiProperties,systemProperties,systemEnvironment]
2014-09-12 15:54:15.845 DEBUG 10216 --- [           main] o.s.w.c.s.StandardServletEnvironment     : Adding [integrationTest] PropertySource with search precedence immediately lower than [systemEnvironment]

  .   ____          _            __ _ _
 /\\ / ___&apos;_ __ _ _(_)_ __  __ _ \ \ \ \
( ( )\___ | &apos;_ | &apos;_| | &apos;_ \/ _` | \ \ \ \
 \\/  ___)| |_)| | | | | || (_| |  ) ) ) )
  &apos;  |____| .__|_| |_|_| |_\__, | / / / /
 =========|_|==============|___/=/_/_/_/
 :: Spring Boot ::        (v1.1.5.RELEASE)

2014-09-12 15:54:15.913 DEBUG 10216 --- [           main] o.s.w.c.s.StandardServletEnvironment     : Adding [servletConfigInitParams] PropertySource with lowest search precedence
2014-09-12 15:54:15.914 DEBUG 10216 --- [           main] o.s.w.c.s.StandardServletEnvironment     : Adding [servletContextInitParams] PropertySource with lowest search precedence
2014-09-12 15:54:15.914 DEBUG 10216 --- [           main] o.s.w.c.s.StandardServletEnvironment     : Adding [jndiProperties] PropertySource with lowest search precedence
2014-09-12 15:54:15.914 DEBUG 10216 --- [           main] o.s.w.c.s.StandardServletEnvironment     : Adding [systemProperties] PropertySource with lowest search precedence
2014-09-12 15:54:15.914 DEBUG 10216 --- [           main] o.s.w.c.s.StandardServletEnvironment     : Adding [systemEnvironment] PropertySource with lowest search precedence
2014-09-12 15:54:15.914 DEBUG 10216 --- [           main] o.s.w.c.s.StandardServletEnvironment     : Initialized StandardServletEnvironment with PropertySources [servletConfigInitParams,servletContextInitParams,jndiProperties,systemProperties,systemEnvironment]
2014-09-12 15:54:15.917  INFO 10216 --- [           main] o.a.m.surefire.booter.SurefireBooter     : Starting SurefireBooter v2.4.3 on Alderai with PID 10216 (C:\Users\ALB\.m2\repository\org\apache\maven\surefire\surefire-booter\2.4.3\surefire-booter-2.4.3.jar started by ALB in C:\workspaces\denv\denv-server-integration-test)
2014-09-12 15:54:15.919  INFO 10216 --- [           main] ationConfigEmbeddedWebApplicationContext : Refreshing org.springframework.boot.context.embedded.AnnotationConfigEmbeddedWebApplicationContext@1cb0a16: startup date [Fri Sep 12 15:54:15 CEST 2014]; root of context hierarchy
2014-09-12 15:54:16.218 DEBUG 10216 --- [           main] o.s.w.c.s.StandardServletEnvironment     : Adding [class path resource [application.properties]] PropertySource with lowest search precedence
2014-09-12 15:54:16.267  INFO 10216 --- [           main] o.s.b.f.s.DefaultListableBeanFactory     : Overriding bean definition for bean &apos;beanNameViewResolver&apos;: replacing [Root bean: class [null]; scope=; abstract=false; lazyInit=false; autowireMode=3; dependencyCheck=0; autowireCandidate=true; primary=false; factoryBeanName=org.springframework.boot.autoconfigure.web.ErrorMvcAutoConfiguration$WhitelabelErrorViewConfiguration; factoryMethodName=beanNameViewResolver; initMethodName=null; destroyMethodName=(inferred); defined in class path resource [org/springframework/boot/autoconfigure/web/ErrorMvcAutoConfiguration$WhitelabelErrorViewConfiguration.class]] with [Root bean: class [null]; scope=; abstract=false; lazyInit=false; autowireMode=3; dependencyCheck=0; autowireCandidate=true; primary=false; factoryBeanName=org.springframework.boot.autoconfigure.web.WebMvcAutoConfiguration$WebMvcAutoConfigurationAdapter; factoryMethodName=beanNameViewResolver; initMethodName=null; destroyMethodName=(inferred); defined in class path resource [org/springframework/boot/autoconfigure/web/WebMvcAutoConfiguration$WebMvcAutoConfigurationAdapter.class]]
2014-09-12 15:54:17.003 DEBUG 10216 --- [           main] o.s.w.c.s.StandardServletEnvironment     : Adding [applicationConfig: [classpath:/application.properties]] PropertySource with search precedence immediately lower than [applicationConfigurationProperties]
2014-09-12 15:54:17.003 DEBUG 10216 --- [           main] o.s.w.c.s.StandardServletEnvironment     : Removing [applicationConfigurationProperties] PropertySource
2014-09-12 15:54:17.003 DEBUG 10216 --- [           main] o.s.w.c.s.StandardServletEnvironment     : Removing [defaultProperties] PropertySource
2014-09-12 15:54:17.067  INFO 10216 --- [           main] f.a.AutowiredAnnotationBeanPostProcessor : JSR-330 &apos;javax.inject.Inject&apos; annotation found and supported for autowiring
2014-09-12 15:54:17.327  INFO 10216 --- [           main] .t.TomcatEmbeddedServletContainerFactory : Server initialized with port: 8080
2014-09-12 15:54:17.328  INFO 10216 --- [           main] o.apache.catalina.core.StandardService   : Starting service Tomcat
2014-09-12 15:54:17.328  INFO 10216 --- [           main] org.apache.catalina.core.StandardEngine  : Starting Servlet Engine: Apache Tomcat/7.0.54
2014-09-12 15:54:17.333  INFO 10216 --- [ost-startStop-1] o.a.c.c.C.[Tomcat-3].[localhost].[/]     : Initializing Spring embedded WebApplicationContext
2014-09-12 15:54:17.333 DEBUG 10216 --- [ost-startStop-1] o.s.web.context.ContextLoader            : Published root WebApplicationContext as ServletContext attribute with name [org.springframework.web.context.WebApplicationContext.ROOT]
2014-09-12 15:54:17.333  INFO 10216 --- [ost-startStop-1] o.s.web.context.ContextLoader            : Root WebApplicationContext: initialization completed in 1414 ms
2014-09-12 15:54:18.728  WARN 10216 --- [ost-startStop-1] o.s.d.m.c.m.BasicMongoPersistentProperty : Customizing field name for id property not allowed! Custom name will not be considered!
2014-09-12 15:54:18.793 ERROR 10216 --- [ost-startStop-1] rvletContextInitializerLifecycleListener : Error starting Tomcat context: org.springframework.beans.factory.BeanCreationException
2014-09-12 15:54:18.797  INFO 10216 --- [           main] .b.l.ClasspathLoggingApplicationListener : Application failed to start with classpath: [file:/C:/Users/ALB/AppData/Local/Temp/surefirebooter7995350138174825736.jar]
2014-09-12 15:54:18.806 ERROR 10216 --- [           main] o.s.boot.SpringApplication               : Application startup failed

org.springframework.context.ApplicationContextException: Unable to start embedded container; nested exception is org.springframework.boot.context.embedded.EmbeddedServletContainerException: Unable to start embedded Tomcat
	at org.springframework.boot.context.embedded.EmbeddedWebApplicationContext.onRefresh(EmbeddedWebApplicationContext.java:135)
	at org.springframework.context.support.AbstractApplicationContext.refresh(AbstractApplicationContext.java:476)
	at org.springframework.boot.context.embedded.EmbeddedWebApplicationContext.refresh(EmbeddedWebApplicationContext.java:120)
	at org.springframework.boot.SpringApplication.refresh(SpringApplication.java:691)
	at org.springframework.boot.SpringApplication.run(SpringApplication.java:320)
	at org.springframework.boot.test.SpringApplicationContextLoader.loadContext(SpringApplicationContextLoader.java:107)
	at org.springframework.test.context.CacheAwareContextLoaderDelegate.loadContextInternal(CacheAwareContextLoaderDelegate.java:64)
	at org.springframework.test.context.CacheAwareContextLoaderDelegate.loadContext(CacheAwareContextLoaderDelegate.java:91)
	at org.springframework.test.context.DefaultTestContext.getApplicationContext(DefaultTestContext.java:101)
	at org.springframework.test.context.support.DependencyInjectionTestExecutionListener.injectDependencies(DependencyInjectionTestExecutionListener.java:109)
	at org.springframework.test.context.support.DependencyInjectionTestExecutionListener.prepareTestInstance(DependencyInjectionTestExecutionListener.java:75)
	at org.springframework.test.context.TestContextManager.prepareTestInstance(TestContextManager.java:331)
	at org.springframework.test.context.junit4.SpringJUnit4ClassRunner.createTest(SpringJUnit4ClassRunner.java:213)
	at org.springframework.test.context.junit4.SpringJUnit4ClassRunner$1.runReflectiveCall(SpringJUnit4ClassRunner.java:290)
	at org.junit.internal.runners.model.ReflectiveCallable.run(ReflectiveCallable.java:12)
	at org.springframework.test.context.junit4.SpringJUnit4ClassRunner.methodBlock(SpringJUnit4ClassRunner.java:292)
	at org.springframework.test.context.junit4.SpringJUnit4ClassRunner.runChild(SpringJUnit4ClassRunner.java:233)
	at org.springframework.test.context.junit4.SpringJUnit4ClassRunner.runChild(SpringJUnit4ClassRunner.java:87)
	at org.junit.runners.ParentRunner$3.run(ParentRunner.java:238)
	at org.junit.runners.ParentRunner$1.schedule(ParentRunner.java:63)
	at org.junit.runners.ParentRunner.runChildren(ParentRunner.java:236)
	at org.junit.runners.ParentRunner.access$000(ParentRunner.java:53)
	at org.junit.runners.ParentRunner$2.evaluate(ParentRunner.java:229)
	at org.springframework.test.context.junit4.statements.RunBeforeTestClassCallbacks.evaluate(RunBeforeTestClassCallbacks.java:61)
	at org.springframework.test.context.junit4.statements.RunAfterTestClassCallbacks.evaluate(RunAfterTestClassCallbacks.java:71)
	at org.junit.runners.ParentRunner.run(ParentRunner.java:309)
	at org.springframework.test.context.junit4.SpringJUnit4ClassRunner.run(SpringJUnit4ClassRunner.java:176)
	at org.apache.maven.surefire.junit4.JUnit4TestSet.execute(JUnit4TestSet.java:62)
	at org.apache.maven.surefire.suite.AbstractDirectoryTestSuite.executeTestSet(AbstractDirectoryTestSuite.java:140)
	at org.apache.maven.surefire.suite.AbstractDirectoryTestSuite.execute(AbstractDirectoryTestSuite.java:127)
	at org.apache.maven.surefire.Surefire.run(Surefire.java:177)
	at sun.reflect.NativeMethodAccessorImpl.invoke0(Native Method)
	at sun.reflect.NativeMethodAccessorImpl.invoke(NativeMethodAccessorImpl.java:39)
	at sun.reflect.DelegatingMethodAccessorImpl.invoke(DelegatingMethodAccessorImpl.java:25)
	at java.lang.reflect.Method.invoke(Method.java:597)
	at org.apache.maven.surefire.booter.SurefireBooter.runSuitesInProcess(SurefireBooter.java:345)
	at org.apache.maven.surefire.booter.SurefireBooter.main(SurefireBooter.java:1009)
Caused by: org.springframework.boot.context.embedded.EmbeddedServletContainerException: Unable to start embedded Tomcat
	at org.springframework.boot.context.embedded.tomcat.TomcatEmbeddedServletContainer.initialize(TomcatEmbeddedServletContainer.java:100)
	at org.springframework.boot.context.embedded.tomcat.TomcatEmbeddedServletContainer.&lt;init&gt;(TomcatEmbeddedServletContainer.java:74)
	at org.springframework.boot.context.embedded.tomcat.TomcatEmbeddedServletContainerFactory.getTomcatEmbeddedServletContainer(TomcatEmbeddedServletContainerFactory.java:289)
	at org.springframework.boot.context.embedded.tomcat.TomcatEmbeddedServletContainerFactory.getEmbeddedServletContainer(TomcatEmbeddedServletContainerFactory.java:146)
	at org.springframework.boot.context.embedded.EmbeddedWebApplicationContext.createEmbeddedServletContainer(EmbeddedWebApplicationContext.java:159)
	at org.springframework.boot.context.embedded.EmbeddedWebApplicationContext.onRefresh(EmbeddedWebApplicationContext.java:132)
	... 36 common frames omitted
Caused by: org.springframework.beans.factory.BeanCreationException: Error creating bean with name &apos;org.springframework.security.config.annotation.web.configuration.WebSecurityConfiguration&apos;: Injection of autowired dependencies failed; nested exception is org.springframework.beans.factory.BeanCreationException: Could not autowire method: public void org.springframework.security.config.annotation.web.configuration.WebSecurityConfiguration.setFilterChainProxySecurityConfigurer(org.springframework.security.config.annotation.ObjectPostProcessor,java.util.List) throws java.lang.Exception; nested exception is org.springframework.beans.factory.BeanExpressionException: Expression parsing failed; nested exception is org.springframework.beans.factory.BeanCreationException: Error creating bean with name &apos;securityConfig&apos;: Injection of autowired dependencies failed; nested exception is org.springframework.beans.factory.BeanCreationException: Could not autowire method: public void org.springframework.security.config.annotation.web.configuration.WebSecurityConfigurerAdapter.setContentNegotationStrategy(org.springframework.web.accept.ContentNegotiationStrategy); nested exception is org.springframework.beans.factory.BeanCreationException: Error creating bean with name &apos;org.springframework.web.servlet.config.annotation.DelegatingWebMvcConfiguration&apos;: Injection of autowired dependencies failed; nested exception is org.springframework.beans.factory.BeanCreationException: Could not autowire method: public void org.springframework.web.servlet.config.annotation.DelegatingWebMvcConfiguration.setConfigurers(java.util.List); nested exception is org.springframework.beans.factory.BeanCreationException: Error creating bean with name &apos;org.springframework.boot.autoconfigure.web.WebMvcAutoConfiguration$WebMvcAutoConfigurationAdapter&apos;: Injection of autowired dependencies failed; nested exception is org.springframework.beans.factory.BeanCreationException: Could not autowire field: private org.springframework.boot.autoconfigure.web.HttpMessageConverters org.springframework.boot.autoconfigure.web.WebMvcAutoConfiguration$WebMvcAutoConfigurationAdapter.messageConverters; nested exception is org.springframework.beans.factory.BeanCreationException: Error creating bean with name &apos;org.springframework.boot.autoconfigure.web.HttpMessageConvertersAutoConfiguration&apos;: Injection of autowired dependencies failed; nested exception is org.springframework.beans.factory.BeanCreationException: Could not autowire field: private final java.util.List org.springframework.boot.autoconfigure.web.HttpMessageConvertersAutoConfiguration.converters; nested exception is org.springframework.beans.factory.BeanCreationException: Error creating bean with name &apos;jacksonHttpMessageConverter&apos; defined in class path resource [org/springframework/data/rest/webmvc/config/RepositoryRestMvcConfiguration.class]: Instantiation of bean failed; nested exception is org.springframework.beans.factory.BeanDefinitionStoreException: Factory method [public org.springframework.http.converter.json.MappingJackson2HttpMessageConverter org.springframework.data.rest.webmvc.config.RepositoryRestMvcConfiguration.jacksonHttpMessageConverter()] threw exception; nested exception is org.springframework.beans.factory.BeanCreationException: Error creating bean with name &apos;config&apos; defined in class path resource [org/springframework/data/rest/webmvc/config/RepositoryRestMvcConfiguration.class]: Instantiation of bean failed; nested exception is org.springframework.beans.factory.BeanDefinitionStoreException: Factory method [public org.springframework.data.rest.core.config.RepositoryRestConfiguration org.springframework.data.rest.webmvc.config.RepositoryRestMvcConfiguration.config()] threw exception; nested exception is org.springframework.beans.factory.BeanCreationException: Error creating bean with name &apos;repositories&apos; defined in class path resource [org/springframework/data/rest/webmvc/config/RepositoryRestMvcConfiguration.class]: Instantiation of bean failed; nested exception is org.springframework.beans.factory.BeanDefinitionStoreException: Factory method [public org.springframework.data.repository.support.Repositories org.springframework.data.rest.webmvc.config.RepositoryRestMvcConfiguration.repositories()] threw exception; nested exception is org.springframework.beans.factory.UnsatisfiedDependencyException: Error creating bean with name &apos;mongoDBEnvironmentRepositoryImpl&apos; defined in URL [jar:file:/C:/workspaces/denv/denv-server-mongodb/target/denv-server-mongodb-0.1.0.jar!/org/ssoup/denv/server/persistence/mongodb/repository/MongoDBEnvironmentRepositoryImpl.class]: Unsatisfied dependency expressed through constructor argument with index 1 of type [org.ssoup.denv.server.persistence.ApplicationConfigRepository]: : No qualifying bean of type [org.ssoup.denv.server.persistence.ApplicationConfigRepository] is defined: expected single matching bean but found 2: mongoDBImageRepository,mongoDBApplicationConfigRepository; nested exception is org.springframework.beans.factory.NoUniqueBeanDefinitionException: No qualifying bean of type [org.ssoup.denv.server.persistence.ApplicationConfigRepository] is defined: expected single matching bean but found 2: mongoDBImageRepository,mongoDBApplicationConfigRepository
	at org.springframework.beans.factory.annotation.AutowiredAnnotationBeanPostProcessor.postProcessPropertyValues(AutowiredAnnotationBeanPostProcessor.java:292)
	at org.springframework.beans.factory.support.AbstractAutowireCapableBeanFactory.populateBean(AbstractAutowireCapableBeanFactory.java:1185)
	at org.springframework.beans.factory.support.AbstractAutowireCapableBeanFactory.doCreateBean(AbstractAutowireCapableBeanFactory.java:537)
	at org.springframework.beans.factory.support.AbstractAutowireCapableBeanFactory.createBean(AbstractAutowireCapableBeanFactory.java:475)
	at org.springframework.beans.factory.support.AbstractBeanFactory$1.getObject(AbstractBeanFactory.java:302)
	at org.springframework.beans.factory.support.DefaultSingletonBeanRegistry.getSingleton(DefaultSingletonBeanRegistry.java:228)
	at org.springframework.beans.factory.support.AbstractBeanFactory.doGetBean(AbstractBeanFactory.java:298)
	at org.springframework.beans.factory.support.AbstractBeanFactory.getBean(AbstractBeanFactory.java:193)
	at org.springframework.beans.factory.support.ConstructorResolver.instantiateUsingFactoryMethod(ConstructorResolver.java:370)
	at org.springframework.beans.factory.support.AbstractAutowireCapableBeanFactory.instantiateUsingFactoryMethod(AbstractAutowireCapableBeanFactory.java:1094)
	at org.springframework.beans.factory.support.AbstractAutowireCapableBeanFactory.createBeanInstance(AbstractAutowireCapableBeanFactory.java:989)
	at org.springframework.beans.factory.support.AbstractAutowireCapableBeanFactory.doCreateBean(AbstractAutowireCapableBeanFactory.java:504)
	at org.springframework.beans.factory.support.AbstractAutowireCapableBeanFactory.createBean(AbstractAutowireCapableBeanFactory.java:475)
	at org.springframework.beans.factory.support.AbstractBeanFactory$1.getObject(AbstractBeanFactory.java:302)
	at org.springframework.beans.factory.support.DefaultSingletonBeanRegistry.getSingleton(DefaultSingletonBeanRegistry.java:228)
	at org.springframework.beans.factory.support.AbstractBeanFactory.doGetBean(AbstractBeanFactory.java:298)
	at org.springframework.beans.factory.support.AbstractBeanFactory.getBean(AbstractBeanFactory.java:198)
	at org.springframework.boot.context.embedded.EmbeddedWebApplicationContext.getOrderedBeansOfType(EmbeddedWebApplicationContext.java:367)
	at org.springframework.boot.context.embedded.EmbeddedWebApplicationContext.getServletContextInitializerBeans(EmbeddedWebApplicationContext.java:268)
	at org.springframework.boot.context.embedded.EmbeddedWebApplicationContext$1.onStartup(EmbeddedWebApplicationContext.java:213)
	at org.springframework.boot.context.embedded.tomcat.ServletContextInitializerLifecycleListener.lifecycleEvent(ServletContextInitializerLifecycleListener.java:64)
	at org.apache.catalina.util.LifecycleSupport.fireLifecycleEvent(LifecycleSupport.java:117)
	at org.apache.catalina.util.LifecycleBase.fireLifecycleEvent(LifecycleBase.java:90)
	at org.apache.catalina.core.StandardContext.startInternal(StandardContext.java:5355)
	at org.apache.catalina.util.LifecycleBase.start(LifecycleBase.java:150)
	at org.apache.catalina.core.ContainerBase$StartChild.call(ContainerBase.java:1559)
	at org.apache.catalina.core.ContainerBase$StartChild.call(ContainerBase.java:1549)
	at java.util.concurrent.FutureTask$Sync.innerRun(FutureTask.java:303)
	at java.util.concurrent.FutureTask.run(FutureTask.java:138)
	at java.util.concurrent.ThreadPoolExecutor$Worker.runTask(ThreadPoolExecutor.java:886)
	at java.util.concurrent.ThreadPoolExecutor$Worker.run(ThreadPoolExecutor.java:908)
	at java.lang.Thread.run(Thread.java:662)
Caused by: org.springframework.beans.factory.BeanCreationException: Could not autowire method: public void org.springframework.security.config.annotation.web.configuration.WebSecurityConfiguration.setFilterChainProxySecurityConfigurer(org.springframework.security.config.annotation.ObjectPostProcessor,java.util.List) throws java.lang.Exception; nested exception is org.springframework.beans.factory.BeanExpressionException: Expression parsing failed; nested exception is org.springframework.beans.factory.BeanCreationException: Error creating bean with name &apos;securityConfig&apos;: Injection of autowired dependencies failed; nested exception is org.springframework.beans.factory.BeanCreationException: Could not autowire method: public void org.springframework.security.config.annotation.web.configuration.WebSecurityConfigurerAdapter.setContentNegotationStrategy(org.springframework.web.accept.ContentNegotiationStrategy); nested exception is org.springframework.beans.factory.BeanCreationException: Error creating bean with name &apos;org.springframework.web.servlet.config.annotation.DelegatingWebMvcConfiguration&apos;: Injection of autowired dependencies failed; nested exception is org.springframework.beans.factory.BeanCreationException: Could not autowire method: public void org.springframework.web.servlet.config.annotation.DelegatingWebMvcConfiguration.setConfigurers(java.util.List); nested exception is org.springframework.beans.factory.BeanCreationException: Error creating bean with name &apos;org.springframework.boot.autoconfigure.web.WebMvcAutoConfiguration$WebMvcAutoConfigurationAdapter&apos;: Injection of autowired dependencies failed; nested exception is org.springframework.beans.factory.BeanCreationException: Could not autowire field: private org.springframework.boot.autoconfigure.web.HttpMessageConverters org.springframework.boot.autoconfigure.web.WebMvcAutoConfiguration$WebMvcAutoConfigurationAdapter.messageConverters; nested exception is org.springframework.beans.factory.BeanCreationException: Error creating bean with name &apos;org.springframework.boot.autoconfigure.web.HttpMessageConvertersAutoConfiguration&apos;: Injection of autowired dependencies failed; nested exception is org.springframework.beans.factory.BeanCreationException: Could not autowire field: private final java.util.List org.springframework.boot.autoconfigure.web.HttpMessageConvertersAutoConfiguration.converters; nested exception is org.springframework.beans.factory.BeanCreationException: Error creating bean with name &apos;jacksonHttpMessageConverter&apos; defined in class path resource [org/springframework/data/rest/webmvc/config/RepositoryRestMvcConfiguration.class]: Instantiation of bean failed; nested exception is org.springframework.beans.factory.BeanDefinitionStoreException: Factory method [public org.springframework.http.converter.json.MappingJackson2HttpMessageConverter org.springframework.data.rest.webmvc.config.RepositoryRestMvcConfiguration.jacksonHttpMessageConverter()] threw exception; nested exception is org.springframework.beans.factory.BeanCreationException: Error creating bean with name &apos;config&apos; defined in class path resource [org/springframework/data/rest/webmvc/config/RepositoryRestMvcConfiguration.class]: Instantiation of bean failed; nested exception is org.springframework.beans.factory.BeanDefinitionStoreException: Factory method [public org.springframework.data.rest.core.config.RepositoryRestConfiguration org.springframework.data.rest.webmvc.config.RepositoryRestMvcConfiguration.config()] threw exception; nested exception is org.springframework.beans.factory.BeanCreationException: Error creating bean with name &apos;repositories&apos; defined in class path resource [org/springframework/data/rest/webmvc/config/RepositoryRestMvcConfiguration.class]: Instantiation of bean failed; nested exception is org.springframework.beans.factory.BeanDefinitionStoreException: Factory method [public org.springframework.data.repository.support.Repositories org.springframework.data.rest.webmvc.config.RepositoryRestMvcConfiguration.repositories()] threw exception; nested exception is org.springframework.beans.factory.UnsatisfiedDependencyException: Error creating bean with name &apos;mongoDBEnvironmentRepositoryImpl&apos; defined in URL [jar:file:/C:/workspaces/denv/denv-server-mongodb/target/denv-server-mongodb-0.1.0.jar!/org/ssoup/denv/server/persistence/mongodb/repository/MongoDBEnvironmentRepositoryImpl.class]: Unsatisfied dependency expressed through constructor argument with index 1 of type [org.ssoup.denv.server.persistence.ApplicationConfigRepository]: : No qualifying bean of type [org.ssoup.denv.server.persistence.ApplicationConfigRepository] is defined: expected single matching bean but found 2: mongoDBImageRepository,mongoDBApplicationConfigRepository; nested exception is org.springframework.beans.factory.NoUniqueBeanDefinitionException: No qualifying bean of type [org.ssoup.denv.server.persistence.ApplicationConfigRepository] is defined: expected single matching bean but found 2: mongoDBImageRepository,mongoDBApplicationConfigRepository
	at org.springframework.beans.factory.annotation.AutowiredAnnotationBeanPostProcessor$AutowiredMethodElement.inject(AutowiredAnnotationBeanPostProcessor.java:596)
	at org.springframework.beans.factory.annotation.InjectionMetadata.inject(InjectionMetadata.java:87)
	at org.springframework.beans.factory.annotation.AutowiredAnnotationBeanPostProcessor.postProcessPropertyValues(AutowiredAnnotationBeanPostProcessor.java:289)
	... 31 common frames omitted
Caused by: org.springframework.beans.factory.BeanExpressionException: Expression parsing failed; nested exception is org.springframework.beans.factory.BeanCreationException: Error creating bean with name &apos;securityConfig&apos;: Injection of autowired dependencies failed; nested exception is org.springframework.beans.factory.BeanCreationException: Could not autowire method: public void org.springframework.security.config.annotation.web.configuration.WebSecurityConfigurerAdapter.setContentNegotationStrategy(org.springframework.web.accept.ContentNegotiationStrategy); nested exception is org.springframework.beans.factory.BeanCreationException: Error creating bean with name &apos;org.springframework.web.servlet.config.annotation.DelegatingWebMvcConfiguration&apos;: Injection of autowired dependencies failed; nested exception is org.springframework.beans.factory.BeanCreationException: Could not autowire method: public void org.springframework.web.servlet.config.annotation.DelegatingWebMvcConfiguration.setConfigurers(java.util.List); nested exception is org.springframework.beans.factory.BeanCreationException: Error creating bean with name &apos;org.springframework.boot.autoconfigure.web.WebMvcAutoConfiguration$WebMvcAutoConfigurationAdapter&apos;: Injection of autowired dependencies failed; nested exception is org.springframework.beans.factory.BeanCreationException: Could not autowire field: private org.springframework.boot.autoconfigure.web.HttpMessageConverters org.springframework.boot.autoconfigure.web.WebMvcAutoConfiguration$WebMvcAutoConfigurationAdapter.messageConverters; nested exception is org.springframework.beans.factory.BeanCreationException: Error creating bean with name &apos;org.springframework.boot.autoconfigure.web.HttpMessageConvertersAutoConfiguration&apos;: Injection of autowired dependencies failed; nested exception is org.springframework.beans.factory.BeanCreationException: Could not autowire field: private final java.util.List org.springframework.boot.autoconfigure.web.HttpMessageConvertersAutoConfiguration.converters; nested exception is org.springframework.beans.factory.BeanCreationException: Error creating bean with name &apos;jacksonHttpMessageConverter&apos; defined in class path resource [org/springframework/data/rest/webmvc/config/RepositoryRestMvcConfiguration.class]: Instantiation of bean failed; nested exception is org.springframework.beans.factory.BeanDefinitionStoreException: Factory method [public org.springframework.http.converter.json.MappingJackson2HttpMessageConverter org.springframework.data.rest.webmvc.config.RepositoryRestMvcConfiguration.jacksonHttpMessageConverter()] threw exception; nested exception is org.springframework.beans.factory.BeanCreationException: Error creating bean with name &apos;config&apos; defined in class path resource [org/springframework/data/rest/webmvc/config/RepositoryRestMvcConfiguration.class]: Instantiation of bean failed; nested exception is org.springframework.beans.factory.BeanDefinitionStoreException: Factory method [public org.springframework.data.rest.core.config.RepositoryRestConfiguration org.springframework.data.rest.webmvc.config.RepositoryRestMvcConfiguration.config()] threw exception; nested exception is org.springframework.beans.factory.BeanCreationException: Error creating bean with name &apos;repositories&apos; defined in class path resource [org/springframework/data/rest/webmvc/config/RepositoryRestMvcConfiguration.class]: Instantiation of bean failed; nested exception is org.springframework.beans.factory.BeanDefinitionStoreException: Factory method [public org.springframework.data.repository.support.Repositories org.springframework.data.rest.webmvc.config.RepositoryRestMvcConfiguration.repositories()] threw exception; nested exception is org.springframework.beans.factory.UnsatisfiedDependencyException: Error creating bean with name &apos;mongoDBEnvironmentRepositoryImpl&apos; defined in URL [jar:file:/C:/workspaces/denv/denv-server-mongodb/target/denv-server-mongodb-0.1.0.jar!/org/ssoup/denv/server/persistence/mongodb/repository/MongoDBEnvironmentRepositoryImpl.class]: Unsatisfied dependency expressed through constructor argument with index 1 of type [org.ssoup.denv.server.persistence.ApplicationConfigRepository]: : No qualifying bean of type [org.ssoup.denv.server.persistence.ApplicationConfigRepository] is defined: expected single matching bean but found 2: mongoDBImageRepository,mongoDBApplicationConfigRepository; nested exception is org.springframework.beans.factory.NoUniqueBeanDefinitionException: No qualifying bean of type [org.ssoup.denv.server.persistence.ApplicationConfigRepository] is defined: expected single matching bean but found 2: mongoDBImageRepository,mongoDBApplicationConfigRepository
	at org.springframework.context.expression.StandardBeanExpressionResolver.evaluate(StandardBeanExpressionResolver.java:146)
	at org.springframework.beans.factory.support.AbstractBeanFactory.evaluateBeanDefinitionString(AbstractBeanFactory.java:1362)
	at org.springframework.beans.factory.support.DefaultListableBeanFactory.doResolveDependency(DefaultListableBeanFactory.java:873)
	at org.springframework.beans.factory.support.DefaultListableBeanFactory.resolveDependency(DefaultListableBeanFactory.java:858)
	at org.springframework.beans.factory.annotation.AutowiredAnnotationBeanPostProcessor$AutowiredMethodElement.inject(AutowiredAnnotationBeanPostProcessor.java:553)
	... 33 common frames omitted
Caused by: org.springframework.beans.factory.BeanCreationException: Error creating bean with name &apos;securityConfig&apos;: Injection of autowired dependencies failed; nested exception is org.springframework.beans.factory.BeanCreationException: Could not autowire method: public void org.springframework.security.config.annotation.web.configuration.WebSecurityConfigurerAdapter.setContentNegotationStrategy(org.springframework.web.accept.ContentNegotiationStrategy); nested exception is org.springframework.beans.factory.BeanCreationException: Error creating bean with name &apos;org.springframework.web.servlet.config.annotation.DelegatingWebMvcConfiguration&apos;: Injection of autowired dependencies failed; nested exception is org.springframework.beans.factory.BeanCreationException: Could not autowire method: public void org.springframework.web.servlet.config.annotation.DelegatingWebMvcConfiguration.setConfigurers(java.util.List); nested exception is org.springframework.beans.factory.BeanCreationException: Error creating bean with name &apos;org.springframework.boot.autoconfigure.web.WebMvcAutoConfiguration$WebMvcAutoConfigurationAdapter&apos;: Injection of autowired dependencies failed; nested exception is org.springframework.beans.factory.BeanCreationException: Could not autowire field: private org.springframework.boot.autoconfigure.web.HttpMessageConverters org.springframework.boot.autoconfigure.web.WebMvcAutoConfiguration$WebMvcAutoConfigurationAdapter.messageConverters; nested exception is org.springframework.beans.factory.BeanCreationException: Error creating bean with name &apos;org.springframework.boot.autoconfigure.web.HttpMessageConvertersAutoConfiguration&apos;: Injection of autowired dependencies failed; nested exception is org.springframework.beans.factory.BeanCreationException: Could not autowire field: private final java.util.List org.springframework.boot.autoconfigure.web.HttpMessageConvertersAutoConfiguration.converters; nested exception is org.springframework.beans.factory.BeanCreationException: Error creating bean with name &apos;jacksonHttpMessageConverter&apos; defined in class path resource [org/springframework/data/rest/webmvc/config/RepositoryRestMvcConfiguration.class]: Instantiation of bean failed; nested exception is org.springframework.beans.factory.BeanDefinitionStoreException: Factory method [public org.springframework.http.converter.json.MappingJackson2HttpMessageConverter org.springframework.data.rest.webmvc.config.RepositoryRestMvcConfiguration.jacksonHttpMessageConverter()] threw exception; nested exception is org.springframework.beans.factory.BeanCreationException: Error creating bean with name &apos;config&apos; defined in class path resource [org/springframework/data/rest/webmvc/config/RepositoryRestMvcConfiguration.class]: Instantiation of bean failed; nested exception is org.springframework.beans.factory.BeanDefinitionStoreException: Factory method [public org.springframework.data.rest.core.config.RepositoryRestConfiguration org.springframework.data.rest.webmvc.config.RepositoryRestMvcConfiguration.config()] threw exception; nested exception is org.springframework.beans.factory.BeanCreationException: Error creating bean with name &apos;repositories&apos; defined in class path resource [org/springframework/data/rest/webmvc/config/RepositoryRestMvcConfiguration.class]: Instantiation of bean failed; nested exception is org.springframework.beans.factory.BeanDefinitionStoreException: Factory method [public org.springframework.data.repository.support.Repositories org.springframework.data.rest.webmvc.config.RepositoryRestMvcConfiguration.repositories()] threw exception; nested exception is org.springframework.beans.factory.UnsatisfiedDependencyException: Error creating bean with name &apos;mongoDBEnvironmentRepositoryImpl&apos; defined in URL [jar:file:/C:/workspaces/denv/denv-server-mongodb/target/denv-server-mongodb-0.1.0.jar!/org/ssoup/denv/server/persistence/mongodb/repository/MongoDBEnvironmentRepositoryImpl.class]: Unsatisfied dependency expressed through constructor argument with index 1 of type [org.ssoup.denv.server.persistence.ApplicationConfigRepository]: : No qualifying bean of type [org.ssoup.denv.server.persistence.ApplicationConfigRepository] is defined: expected single matching bean but found 2: mongoDBImageRepository,mongoDBApplicationConfigRepository; nested exception is org.springframework.beans.factory.NoUniqueBeanDefinitionException: No qualifying bean of type [org.ssoup.denv.server.persistence.ApplicationConfigRepository] is defined: expected single matching bean but found 2: mongoDBImageRepository,mongoDBApplicationConfigRepository
	at org.springframework.beans.factory.annotation.AutowiredAnnotationBeanPostProcessor.postProcessPropertyValues(AutowiredAnnotationBeanPostProcessor.java:292)
	at org.springframework.beans.factory.support.AbstractAutowireCapableBeanFactory.populateBean(AbstractAutowireCapableBeanFactory.java:1185)
	at org.springframework.beans.factory.support.AbstractAutowireCapableBeanFactory.doCreateBean(AbstractAutowireCapableBeanFactory.java:537)
	at org.springframework.beans.factory.support.AbstractAutowireCapableBeanFactory.createBean(AbstractAutowireCapableBeanFactory.java:475)
	at org.springframework.beans.factory.support.AbstractBeanFactory$1.getObject(AbstractBeanFactory.java:302)
	at org.springframework.beans.factory.support.DefaultSingletonBeanRegistry.getSingleton(DefaultSingletonBeanRegistry.java:228)
	at org.springframework.beans.factory.support.AbstractBeanFactory.doGetBean(AbstractBeanFactory.java:298)
	at org.springframework.beans.factory.support.AbstractBeanFactory.getBean(AbstractBeanFactory.java:198)
	at org.springframework.beans.factory.support.DefaultListableBeanFactory.getBeansOfType(DefaultListableBeanFactory.java:470)
	at org.springframework.beans.factory.support.DefaultListableBeanFactory.getBeansOfType(DefaultListableBeanFactory.java:459)
	at org.springframework.security.config.annotation.web.configuration.AutowiredWebSecurityConfigurersIgnoreParents.getWebSecurityConfigurers(AutowiredWebSecurityConfigurersIgnoreParents.java:52)
	at sun.reflect.NativeMethodAccessorImpl.invoke0(Native Method)
	at sun.reflect.NativeMethodAccessorImpl.invoke(NativeMethodAccessorImpl.java:39)
	at sun.reflect.DelegatingMethodAccessorImpl.invoke(DelegatingMethodAccessorImpl.java:25)
	at java.lang.reflect.Method.invoke(Method.java:597)
	at org.springframework.expression.spel.support.ReflectiveMethodExecutor.execute(ReflectiveMethodExecutor.java:63)
	at org.springframework.expression.spel.ast.MethodReference.getValueInternal(MethodReference.java:122)
	at org.springframework.expression.spel.ast.MethodReference.access$000(MethodReference.java:44)
	at org.springframework.expression.spel.ast.MethodReference$MethodValueRef.getValue(MethodReference.java:258)
	at org.springframework.expression.spel.ast.CompoundExpression.getValueInternal(CompoundExpression.java:84)
	at org.springframework.expression.spel.ast.SpelNodeImpl.getValue(SpelNodeImpl.java:103)
	at org.springframework.expression.spel.standard.SpelExpression.getValue(SpelExpression.java:94)
	at org.springframework.context.expression.StandardBeanExpressionResolver.evaluate(StandardBeanExpressionResolver.java:143)
	... 37 common frames omitted
Caused by: org.springframework.beans.factory.BeanCreationException: Could not autowire method: public void org.springframework.security.config.annotation.web.configuration.WebSecurityConfigurerAdapter.setContentNegotationStrategy(org.springframework.web.accept.ContentNegotiationStrategy); nested exception is org.springframework.beans.factory.BeanCreationException: Error creating bean with name &apos;org.springframework.web.servlet.config.annotation.DelegatingWebMvcConfiguration&apos;: Injection of autowired dependencies failed; nested exception is org.springframework.beans.factory.BeanCreationException: Could not autowire method: public void org.springframework.web.servlet.config.annotation.DelegatingWebMvcConfiguration.setConfigurers(java.util.List); nested exception is org.springframework.beans.factory.BeanCreationException: Error creating bean with name &apos;org.springframework.boot.autoconfigure.web.WebMvcAutoConfiguration$WebMvcAutoConfigurationAdapter&apos;: Injection of autowired dependencies failed; nested exception is org.springframework.beans.factory.BeanCreationException: Could not autowire field: private org.springframework.boot.autoconfigure.web.HttpMessageConverters org.springframework.boot.autoconfigure.web.WebMvcAutoConfiguration$WebMvcAutoConfigurationAdapter.messageConverters; nested exception is org.springframework.beans.factory.BeanCreationException: Error creating bean with name &apos;org.springframework.boot.autoconfigure.web.HttpMessageConvertersAutoConfiguration&apos;: Injection of autowired dependencies failed; nested exception is org.springframework.beans.factory.BeanCreationException: Could not autowire field: private final java.util.List org.springframework.boot.autoconfigure.web.HttpMessageConvertersAutoConfiguration.converters; nested exception is org.springframework.beans.factory.BeanCreationException: Error creating bean with name &apos;jacksonHttpMessageConverter&apos; defined in class path resource [org/springframework/data/rest/webmvc/config/RepositoryRestMvcConfiguration.class]: Instantiation of bean failed; nested exception is org.springframework.beans.factory.BeanDefinitionStoreException: Factory method [public org.springframework.http.converter.json.MappingJackson2HttpMessageConverter org.springframework.data.rest.webmvc.config.RepositoryRestMvcConfiguration.jacksonHttpMessageConverter()] threw exception; nested exception is org.springframework.beans.factory.BeanCreationException: Error creating bean with name &apos;config&apos; defined in class path resource [org/springframework/data/rest/webmvc/config/RepositoryRestMvcConfiguration.class]: Instantiation of bean failed; nested exception is org.springframework.beans.factory.BeanDefinitionStoreException: Factory method [public org.springframework.data.rest.core.config.RepositoryRestConfiguration org.springframework.data.rest.webmvc.config.RepositoryRestMvcConfiguration.config()] threw exception; nested exception is org.springframework.beans.factory.BeanCreationException: Error creating bean with name &apos;repositories&apos; defined in class path resource [org/springframework/data/rest/webmvc/config/RepositoryRestMvcConfiguration.class]: Instantiation of bean failed; nested exception is org.springframework.beans.factory.BeanDefinitionStoreException: Factory method [public org.springframework.data.repository.support.Repositories org.springframework.data.rest.webmvc.config.RepositoryRestMvcConfiguration.repositories()] threw exception; nested exception is org.springframework.beans.factory.UnsatisfiedDependencyException: Error creating bean with name &apos;mongoDBEnvironmentRepositoryImpl&apos; defined in URL [jar:file:/C:/workspaces/denv/denv-server-mongodb/target/denv-server-mongodb-0.1.0.jar!/org/ssoup/denv/server/persistence/mongodb/repository/MongoDBEnvironmentRepositoryImpl.class]: Unsatisfied dependency expressed through constructor argument with index 1 of type [org.ssoup.denv.server.persistence.ApplicationConfigRepository]: : No qualifying bean of type [org.ssoup.denv.server.persistence.ApplicationConfigRepository] is defined: expected single matching bean but found 2: mongoDBImageRepository,mongoDBApplicationConfigRepository; nested exception is org.springframework.beans.factory.NoUniqueBeanDefinitionException: No qualifying bean of type [org.ssoup.denv.server.persistence.ApplicationConfigRepository] is defined: expected single matching bean but found 2: mongoDBImageRepository,mongoDBApplicationConfigRepository
	at org.springframework.beans.factory.annotation.AutowiredAnnotationBeanPostProcessor$AutowiredMethodElement.inject(AutowiredAnnotationBeanPostProcessor.java:596)
	at org.springframework.beans.factory.annotation.InjectionMetadata.inject(InjectionMetadata.java:87)
	at org.springframework.beans.factory.annotation.AutowiredAnnotationBeanPostProcessor.postProcessPropertyValues(AutowiredAnnotationBeanPostProcessor.java:289)
	... 59 common frames omitted
Caused by: org.springframework.beans.factory.BeanCreationException: Error creating bean with name &apos;org.springframework.web.servlet.config.annotation.DelegatingWebMvcConfiguration&apos;: Injection of autowired dependencies failed; nested exception is org.springframework.beans.factory.BeanCreationException: Could not autowire method: public void org.springframework.web.servlet.config.annotation.DelegatingWebMvcConfiguration.setConfigurers(java.util.List); nested exception is org.springframework.beans.factory.BeanCreationException: Error creating bean with name &apos;org.springframework.boot.autoconfigure.web.WebMvcAutoConfiguration$WebMvcAutoConfigurationAdapter&apos;: Injection of autowired dependencies failed; nested exception is org.springframework.beans.factory.BeanCreationException: Could not autowire field: private org.springframework.boot.autoconfigure.web.HttpMessageConverters org.springframework.boot.autoconfigure.web.WebMvcAutoConfiguration$WebMvcAutoConfigurationAdapter.messageConverters; nested exception is org.springframework.beans.factory.BeanCreationException: Error creating bean with name &apos;org.springframework.boot.autoconfigure.web.HttpMessageConvertersAutoConfiguration&apos;: Injection of autowired dependencies failed; nested exception is org.springframework.beans.factory.BeanCreationException: Could not autowire field: private final java.util.List org.springframework.boot.autoconfigure.web.HttpMessageConvertersAutoConfiguration.converters; nested exception is org.springframework.beans.factory.BeanCreationException: Error creating bean with name &apos;jacksonHttpMessageConverter&apos; defined in class path resource [org/springframework/data/rest/webmvc/config/RepositoryRestMvcConfiguration.class]: Instantiation of bean failed; nested exception is org.springframework.beans.factory.BeanDefinitionStoreException: Factory method [public org.springframework.http.converter.json.MappingJackson2HttpMessageConverter org.springframework.data.rest.webmvc.config.RepositoryRestMvcConfiguration.jacksonHttpMessageConverter()] threw exception; nested exception is org.springframework.beans.factory.BeanCreationException: Error creating bean with name &apos;config&apos; defined in class path resource [org/springframework/data/rest/webmvc/config/RepositoryRestMvcConfiguration.class]: Instantiation of bean failed; nested exception is org.springframework.beans.factory.BeanDefinitionStoreException: Factory method [public org.springframework.data.rest.core.config.RepositoryRestConfiguration org.springframework.data.rest.webmvc.config.RepositoryRestMvcConfiguration.config()] threw exception; nested exception is org.springframework.beans.factory.BeanCreationException: Error creating bean with name &apos;repositories&apos; defined in class path resource [org/springframework/data/rest/webmvc/config/RepositoryRestMvcConfiguration.class]: Instantiation of bean failed; nested exception is org.springframework.beans.factory.BeanDefinitionStoreException: Factory method [public org.springframework.data.repository.support.Repositories org.springframework.data.rest.webmvc.config.RepositoryRestMvcConfiguration.repositories()] threw exception; nested exception is org.springframework.beans.factory.UnsatisfiedDependencyException: Error creating bean with name &apos;mongoDBEnvironmentRepositoryImpl&apos; defined in URL [jar:file:/C:/workspaces/denv/denv-server-mongodb/target/denv-server-mongodb-0.1.0.jar!/org/ssoup/denv/server/persistence/mongodb/repository/MongoDBEnvironmentRepositoryImpl.class]: Unsatisfied dependency expressed through constructor argument with index 1 of type [org.ssoup.denv.server.persistence.ApplicationConfigRepository]: : No qualifying bean of type [org.ssoup.denv.server.persistence.ApplicationConfigRepository] is defined: expected single matching bean but found 2: mongoDBImageRepository,mongoDBApplicationConfigRepository; nested exception is org.springframework.beans.factory.NoUniqueBeanDefinitionException: No qualifying bean of type [org.ssoup.denv.server.persistence.ApplicationConfigRepository] is defined: expected single matching bean but found 2: mongoDBImageRepository,mongoDBApplicationConfigRepository
	at org.springframework.beans.factory.annotation.AutowiredAnnotationBeanPostProcessor.postProcessPropertyValues(AutowiredAnnotationBeanPostProcessor.java:292)
	at org.springframework.beans.factory.support.AbstractAutowireCapableBeanFactory.populateBean(AbstractAutowireCapableBeanFactory.java:1185)
	at org.springframework.beans.factory.support.AbstractAutowireCapableBeanFactory.doCreateBean(AbstractAutowireCapableBeanFactory.java:537)
	at org.springframework.beans.factory.support.AbstractAutowireCapableBeanFactory.createBean(AbstractAutowireCapableBeanFactory.java:475)
	at org.springframework.beans.factory.support.AbstractBeanFactory$1.getObject(AbstractBeanFactory.java:302)
	at org.springframework.beans.factory.support.DefaultSingletonBeanRegistry.getSingleton(DefaultSingletonBeanRegistry.java:228)
	at org.springframework.beans.factory.support.AbstractBeanFactory.doGetBean(AbstractBeanFactory.java:298)
	at org.springframework.beans.factory.support.AbstractBeanFactory.getBean(AbstractBeanFactory.java:193)
	at org.springframework.beans.factory.support.ConstructorResolver.instantiateUsingFactoryMethod(ConstructorResolver.java:370)
	at org.springframework.beans.factory.support.AbstractAutowireCapableBeanFactory.instantiateUsingFactoryMethod(AbstractAutowireCapableBeanFactory.java:1094)
	at org.springframework.beans.factory.support.AbstractAutowireCapableBeanFactory.createBeanInstance(AbstractAutowireCapableBeanFactory.java:989)
	at org.springframework.beans.factory.support.AbstractAutowireCapableBeanFactory.doCreateBean(AbstractAutowireCapableBeanFactory.java:504)
	at org.springframework.beans.factory.support.AbstractAutowireCapableBeanFactory.createBean(AbstractAutowireCapableBeanFactory.java:475)
	at org.springframework.beans.factory.support.AbstractBeanFactory$1.getObject(AbstractBeanFactory.java:302)
	at org.springframework.beans.factory.support.DefaultSingletonBeanRegistry.getSingleton(DefaultSingletonBeanRegistry.java:228)
	at org.springframework.beans.factory.support.AbstractBeanFactory.doGetBean(AbstractBeanFactory.java:298)
	at org.springframework.beans.factory.support.AbstractBeanFactory.getBean(AbstractBeanFactory.java:193)
	at org.springframework.beans.factory.support.DefaultListableBeanFactory.findAutowireCandidates(DefaultListableBeanFactory.java:1017)
	at org.springframework.beans.factory.support.DefaultListableBeanFactory.doResolveDependency(DefaultListableBeanFactory.java:960)
	at org.springframework.beans.factory.support.DefaultListableBeanFactory.resolveDependency(DefaultListableBeanFactory.java:858)
	at org.springframework.beans.factory.annotation.AutowiredAnnotationBeanPostProcessor$AutowiredMethodElement.inject(AutowiredAnnotationBeanPostProcessor.java:553)
	... 61 common frames omitted
Caused by: org.springframework.beans.factory.BeanCreationException: Could not autowire method: public void org.springframework.web.servlet.config.annotation.DelegatingWebMvcConfiguration.setConfigurers(java.util.List); nested exception is org.springframework.beans.factory.BeanCreationException: Error creating bean with name &apos;org.springframework.boot.autoconfigure.web.WebMvcAutoConfiguration$WebMvcAutoConfigurationAdapter&apos;: Injection of autowired dependencies failed; nested exception is org.springframework.beans.factory.BeanCreationException: Could not autowire field: private org.springframework.boot.autoconfigure.web.HttpMessageConverters org.springframework.boot.autoconfigure.web.WebMvcAutoConfiguration$WebMvcAutoConfigurationAdapter.messageConverters; nested exception is org.springframework.beans.factory.BeanCreationException: Error creating bean with name &apos;org.springframework.boot.autoconfigure.web.HttpMessageConvertersAutoConfiguration&apos;: Injection of autowired dependencies failed; nested exception is org.springframework.beans.factory.BeanCreationException: Could not autowire field: private final java.util.List org.springframework.boot.autoconfigure.web.HttpMessageConvertersAutoConfiguration.converters; nested exception is org.springframework.beans.factory.BeanCreationException: Error creating bean with name &apos;jacksonHttpMessageConverter&apos; defined in class path resource [org/springframework/data/rest/webmvc/config/RepositoryRestMvcConfiguration.class]: Instantiation of bean failed; nested exception is org.springframework.beans.factory.BeanDefinitionStoreException: Factory method [public org.springframework.http.converter.json.MappingJackson2HttpMessageConverter org.springframework.data.rest.webmvc.config.RepositoryRestMvcConfiguration.jacksonHttpMessageConverter()] threw exception; nested exception is org.springframework.beans.factory.BeanCreationException: Error creating bean with name &apos;config&apos; defined in class path resource [org/springframework/data/rest/webmvc/config/RepositoryRestMvcConfiguration.class]: Instantiation of bean failed; nested exception is org.springframework.beans.factory.BeanDefinitionStoreException: Factory method [public org.springframework.data.rest.core.config.RepositoryRestConfiguration org.springframework.data.rest.webmvc.config.RepositoryRestMvcConfiguration.config()] threw exception; nested exception is org.springframework.beans.factory.BeanCreationException: Error creating bean with name &apos;repositories&apos; defined in class path resource [org/springframework/data/rest/webmvc/config/RepositoryRestMvcConfiguration.class]: Instantiation of bean failed; nested exception is org.springframework.beans.factory.BeanDefinitionStoreException: Factory method [public org.springframework.data.repository.support.Repositories org.springframework.data.rest.webmvc.config.RepositoryRestMvcConfiguration.repositories()] threw exception; nested exception is org.springframework.beans.factory.UnsatisfiedDependencyException: Error creating bean with name &apos;mongoDBEnvironmentRepositoryImpl&apos; defined in URL [jar:file:/C:/workspaces/denv/denv-server-mongodb/target/denv-server-mongodb-0.1.0.jar!/org/ssoup/denv/server/persistence/mongodb/repository/MongoDBEnvironmentRepositoryImpl.class]: Unsatisfied dependency expressed through constructor argument with index 1 of type [org.ssoup.denv.server.persistence.ApplicationConfigRepository]: : No qualifying bean of type [org.ssoup.denv.server.persistence.ApplicationConfigRepository] is defined: expected single matching bean but found 2: mongoDBImageRepository,mongoDBApplicationConfigRepository; nested exception is org.springframework.beans.factory.NoUniqueBeanDefinitionException: No qualifying bean of type [org.ssoup.denv.server.persistence.ApplicationConfigRepository] is defined: expected single matching bean but found 2: mongoDBImageRepository,mongoDBApplicationConfigRepository
	at org.springframework.beans.factory.annotation.AutowiredAnnotationBeanPostProcessor$AutowiredMethodElement.inject(AutowiredAnnotationBeanPostProcessor.java:596)
	at org.springframework.beans.factory.annotation.InjectionMetadata.inject(InjectionMetadata.java:87)
	at org.springframework.beans.factory.annotation.AutowiredAnnotationBeanPostProcessor.postProcessPropertyValues(AutowiredAnnotationBeanPostProcessor.java:289)
	... 81 common frames omitted
Caused by: org.springframework.beans.factory.BeanCreationException: Error creating bean with name &apos;org.springframework.boot.autoconfigure.web.WebMvcAutoConfiguration$WebMvcAutoConfigurationAdapter&apos;: Injection of autowired dependencies failed; nested exception is org.springframework.beans.factory.BeanCreationException: Could not autowire field: private org.springframework.boot.autoconfigure.web.HttpMessageConverters org.springframework.boot.autoconfigure.web.WebMvcAutoConfiguration$WebMvcAutoConfigurationAdapter.messageConverters; nested exception is org.springframework.beans.factory.BeanCreationException: Error creating bean with name &apos;org.springframework.boot.autoconfigure.web.HttpMessageConvertersAutoConfiguration&apos;: Injection of autowired dependencies failed; nested exception is org.springframework.beans.factory.BeanCreationException: Could not autowire field: private final java.util.List org.springframework.boot.autoconfigure.web.HttpMessageConvertersAutoConfiguration.converters; nested exception is org.springframework.beans.factory.BeanCreationException: Error creating bean with name &apos;jacksonHttpMessageConverter&apos; defined in class path resource [org/springframework/data/rest/webmvc/config/RepositoryRestMvcConfiguration.class]: Instantiation of bean failed; nested exception is org.springframework.beans.factory.BeanDefinitionStoreException: Factory method [public org.springframework.http.converter.json.MappingJackson2HttpMessageConverter org.springframework.data.rest.webmvc.config.RepositoryRestMvcConfiguration.jacksonHttpMessageConverter()] threw exception; nested exception is org.springframework.beans.factory.BeanCreationException: Error creating bean with name &apos;config&apos; defined in class path resource [org/springframework/data/rest/webmvc/config/RepositoryRestMvcConfiguration.class]: Instantiation of bean failed; nested exception is org.springframework.beans.factory.BeanDefinitionStoreException: Factory method [public org.springframework.data.rest.core.config.RepositoryRestConfiguration org.springframework.data.rest.webmvc.config.RepositoryRestMvcConfiguration.config()] threw exception; nested exception is org.springframework.beans.factory.BeanCreationException: Error creating bean with name &apos;repositories&apos; defined in class path resource [org/springframework/data/rest/webmvc/config/RepositoryRestMvcConfiguration.class]: Instantiation of bean failed; nested exception is org.springframework.beans.factory.BeanDefinitionStoreException: Factory method [public org.springframework.data.repository.support.Repositories org.springframework.data.rest.webmvc.config.RepositoryRestMvcConfiguration.repositories()] threw exception; nested exception is org.springframework.beans.factory.UnsatisfiedDependencyException: Error creating bean with name &apos;mongoDBEnvironmentRepositoryImpl&apos; defined in URL [jar:file:/C:/workspaces/denv/denv-server-mongodb/target/denv-server-mongodb-0.1.0.jar!/org/ssoup/denv/server/persistence/mongodb/repository/MongoDBEnvironmentRepositoryImpl.class]: Unsatisfied dependency expressed through constructor argument with index 1 of type [org.ssoup.denv.server.persistence.ApplicationConfigRepository]: : No qualifying bean of type [org.ssoup.denv.server.persistence.ApplicationConfigRepository] is defined: expected single matching bean but found 2: mongoDBImageRepository,mongoDBApplicationConfigRepository; nested exception is org.springframework.beans.factory.NoUniqueBeanDefinitionException: No qualifying bean of type [org.ssoup.denv.server.persistence.ApplicationConfigRepository] is defined: expected single matching bean but found 2: mongoDBImageRepository,mongoDBApplicationConfigRepository
	at org.springframework.beans.factory.annotation.AutowiredAnnotationBeanPostProcessor.postProcessPropertyValues(AutowiredAnnotationBeanPostProcessor.java:292)
	at org.springframework.beans.factory.support.AbstractAutowireCapableBeanFactory.populateBean(AbstractAutowireCapableBeanFactory.java:1185)
	at org.springframework.beans.factory.support.AbstractAutowireCapableBeanFactory.doCreateBean(AbstractAutowireCapableBeanFactory.java:537)
	at org.springframework.beans.factory.support.AbstractAutowireCapableBeanFactory.createBean(AbstractAutowireCapableBeanFactory.java:475)
	at org.springframework.beans.factory.support.AbstractBeanFactory$1.getObject(AbstractBeanFactory.java:302)
	at org.springframework.beans.factory.support.DefaultSingletonBeanRegistry.getSingleton(DefaultSingletonBeanRegistry.java:228)
	at org.springframework.beans.factory.support.AbstractBeanFactory.doGetBean(AbstractBeanFactory.java:298)
	at org.springframework.beans.factory.support.AbstractBeanFactory.getBean(AbstractBeanFactory.java:193)
	at org.springframework.beans.factory.support.DefaultListableBeanFactory.findAutowireCandidates(DefaultListableBeanFactory.java:1017)
	at org.springframework.beans.factory.support.DefaultListableBeanFactory.doResolveDependency(DefaultListableBeanFactory.java:912)
	at org.springframework.beans.factory.support.DefaultListableBeanFactory.resolveDependency(DefaultListableBeanFactory.java:858)
	at org.springframework.beans.factory.annotation.AutowiredAnnotationBeanPostProcessor$AutowiredMethodElement.inject(AutowiredAnnotationBeanPostProcessor.java:553)
	... 83 common frames omitted
Caused by: org.springframework.beans.factory.BeanCreationException: Could not autowire field: private org.springframework.boot.autoconfigure.web.HttpMessageConverters org.springframework.boot.autoconfigure.web.WebMvcAutoConfiguration$WebMvcAutoConfigurationAdapter.messageConverters; nested exception is org.springframework.beans.factory.BeanCreationException: Error creating bean with name &apos;org.springframework.boot.autoconfigure.web.HttpMessageConvertersAutoConfiguration&apos;: Injection of autowired dependencies failed; nested exception is org.springframework.beans.factory.BeanCreationException: Could not autowire field: private final java.util.List org.springframework.boot.autoconfigure.web.HttpMessageConvertersAutoConfiguration.converters; nested exception is org.springframework.beans.factory.BeanCreationException: Error creating bean with name &apos;jacksonHttpMessageConverter&apos; defined in class path resource [org/springframework/data/rest/webmvc/config/RepositoryRestMvcConfiguration.class]: Instantiation of bean failed; nested exception is org.springframework.beans.factory.BeanDefinitionStoreException: Factory method [public org.springframework.http.converter.json.MappingJackson2HttpMessageConverter org.springframework.data.rest.webmvc.config.RepositoryRestMvcConfiguration.jacksonHttpMessageConverter()] threw exception; nested exception is org.springframework.beans.factory.BeanCreationException: Error creating bean with name &apos;config&apos; defined in class path resource [org/springframework/data/rest/webmvc/config/RepositoryRestMvcConfiguration.class]: Instantiation of bean failed; nested exception is org.springframework.beans.factory.BeanDefinitionStoreException: Factory method [public org.springframework.data.rest.core.config.RepositoryRestConfiguration org.springframework.data.rest.webmvc.config.RepositoryRestMvcConfiguration.config()] threw exception; nested exception is org.springframework.beans.factory.BeanCreationException: Error creating bean with name &apos;repositories&apos; defined in class path resource [org/springframework/data/rest/webmvc/config/RepositoryRestMvcConfiguration.class]: Instantiation of bean failed; nested exception is org.springframework.beans.factory.BeanDefinitionStoreException: Factory method [public org.springframework.data.repository.support.Repositories org.springframework.data.rest.webmvc.config.RepositoryRestMvcConfiguration.repositories()] threw exception; nested exception is org.springframework.beans.factory.UnsatisfiedDependencyException: Error creating bean with name &apos;mongoDBEnvironmentRepositoryImpl&apos; defined in URL [jar:file:/C:/workspaces/denv/denv-server-mongodb/target/denv-server-mongodb-0.1.0.jar!/org/ssoup/denv/server/persistence/mongodb/repository/MongoDBEnvironmentRepositoryImpl.class]: Unsatisfied dependency expressed through constructor argument with index 1 of type [org.ssoup.denv.server.persistence.ApplicationConfigRepository]: : No qualifying bean of type [org.ssoup.denv.server.persistence.ApplicationConfigRepository] is defined: expected single matching bean but found 2: mongoDBImageRepository,mongoDBApplicationConfigRepository; nested exception is org.springframework.beans.factory.NoUniqueBeanDefinitionException: No qualifying bean of type [org.ssoup.denv.server.persistence.ApplicationConfigRepository] is defined: expected single matching bean but found 2: mongoDBImageRepository,mongoDBApplicationConfigRepository
	at org.springframework.beans.factory.annotation.AutowiredAnnotationBeanPostProcessor$AutowiredFieldElement.inject(AutowiredAnnotationBeanPostProcessor.java:508)
	at org.springframework.beans.factory.annotation.InjectionMetadata.inject(InjectionMetadata.java:87)
	at org.springframework.beans.factory.annotation.AutowiredAnnotationBeanPostProcessor.postProcessPropertyValues(AutowiredAnnotationBeanPostProcessor.java:289)
	... 94 common frames omitted
Caused by: org.springframework.beans.factory.BeanCreationException: Error creating bean with name &apos;org.springframework.boot.autoconfigure.web.HttpMessageConvertersAutoConfiguration&apos;: Injection of autowired dependencies failed; nested exception is org.springframework.beans.factory.BeanCreationException: Could not autowire field: private final java.util.List org.springframework.boot.autoconfigure.web.HttpMessageConvertersAutoConfiguration.converters; nested exception is org.springframework.beans.factory.BeanCreationException: Error creating bean with name &apos;jacksonHttpMessageConverter&apos; defined in class path resource [org/springframework/data/rest/webmvc/config/RepositoryRestMvcConfiguration.class]: Instantiation of bean failed; nested exception is org.springframework.beans.factory.BeanDefinitionStoreException: Factory method [public org.springframework.http.converter.json.MappingJackson2HttpMessageConverter org.springframework.data.rest.webmvc.config.RepositoryRestMvcConfiguration.jacksonHttpMessageConverter()] threw exception; nested exception is org.springframework.beans.factory.BeanCreationException: Error creating bean with name &apos;config&apos; defined in class path resource [org/springframework/data/rest/webmvc/config/RepositoryRestMvcConfiguration.class]: Instantiation of bean failed; nested exception is org.springframework.beans.factory.BeanDefinitionStoreException: Factory method [public org.springframework.data.rest.core.config.RepositoryRestConfiguration org.springframework.data.rest.webmvc.config.RepositoryRestMvcConfiguration.config()] threw exception; nested exception is org.springframework.beans.factory.BeanCreationException: Error creating bean with name &apos;repositories&apos; defined in class path resource [org/springframework/data/rest/webmvc/config/RepositoryRestMvcConfiguration.class]: Instantiation of bean failed; nested exception is org.springframework.beans.factory.BeanDefinitionStoreException: Factory method [public org.springframework.data.repository.support.Repositories org.springframework.data.rest.webmvc.config.RepositoryRestMvcConfiguration.repositories()] threw exception; nested exception is org.springframework.beans.factory.UnsatisfiedDependencyException: Error creating bean with name &apos;mongoDBEnvironmentRepositoryImpl&apos; defined in URL [jar:file:/C:/workspaces/denv/denv-server-mongodb/target/denv-server-mongodb-0.1.0.jar!/org/ssoup/denv/server/persistence/mongodb/repository/MongoDBEnvironmentRepositoryImpl.class]: Unsatisfied dependency expressed through constructor argument with index 1 of type [org.ssoup.denv.server.persistence.ApplicationConfigRepository]: : No qualifying bean of type [org.ssoup.denv.server.persistence.ApplicationConfigRepository] is defined: expected single matching bean but found 2: mongoDBImageRepository,mongoDBApplicationConfigRepository; nested exception is org.springframework.beans.factory.NoUniqueBeanDefinitionException: No qualifying bean of type [org.ssoup.denv.server.persistence.ApplicationConfigRepository] is defined: expected single matching bean but found 2: mongoDBImageRepository,mongoDBApplicationConfigRepository
	at org.springframework.beans.factory.annotation.AutowiredAnnotationBeanPostProcessor.postProcessPropertyValues(AutowiredAnnotationBeanPostProcessor.java:292)
	at org.springframework.beans.factory.support.AbstractAutowireCapableBeanFactory.populateBean(AbstractAutowireCapableBeanFactory.java:1185)
	at org.springframework.beans.factory.support.AbstractAutowireCapableBeanFactory.doCreateBean(AbstractAutowireCapableBeanFactory.java:537)
	at org.springframework.beans.factory.support.AbstractAutowireCapableBeanFactory.createBean(AbstractAutowireCapableBeanFactory.java:475)
	at org.springframework.beans.factory.support.AbstractBeanFactory$1.getObject(AbstractBeanFactory.java:302)
	at org.springframework.beans.factory.support.DefaultSingletonBeanRegistry.getSingleton(DefaultSingletonBeanRegistry.java:228)
	at org.springframework.beans.factory.support.AbstractBeanFactory.doGetBean(AbstractBeanFactory.java:298)
	at org.springframework.beans.factory.support.AbstractBeanFactory.getBean(AbstractBeanFactory.java:193)
	at org.springframework.beans.factory.support.ConstructorResolver.instantiateUsingFactoryMethod(ConstructorResolver.java:370)
	at org.springframework.beans.factory.support.AbstractAutowireCapableBeanFactory.instantiateUsingFactoryMethod(AbstractAutowireCapableBeanFactory.java:1094)
	at org.springframework.beans.factory.support.AbstractAutowireCapableBeanFactory.createBeanInstance(AbstractAutowireCapableBeanFactory.java:989)
	at org.springframework.beans.factory.support.AbstractAutowireCapableBeanFactory.doCreateBean(AbstractAutowireCapableBeanFactory.java:504)
	at org.springframework.beans.factory.support.AbstractAutowireCapableBeanFactory.createBean(AbstractAutowireCapableBeanFactory.java:475)
	at org.springframework.beans.factory.support.AbstractBeanFactory$1.getObject(AbstractBeanFactory.java:302)
	at org.springframework.beans.factory.support.DefaultSingletonBeanRegistry.getSingleton(DefaultSingletonBeanRegistry.java:228)
	at org.springframework.beans.factory.support.AbstractBeanFactory.doGetBean(AbstractBeanFactory.java:298)
	at org.springframework.beans.factory.support.AbstractBeanFactory.getBean(AbstractBeanFactory.java:193)
	at org.springframework.beans.factory.support.DefaultListableBeanFactory.findAutowireCandidates(DefaultListableBeanFactory.java:1017)
	at org.springframework.beans.factory.support.DefaultListableBeanFactory.doResolveDependency(DefaultListableBeanFactory.java:960)
	at org.springframework.beans.factory.support.DefaultListableBeanFactory.resolveDependency(DefaultListableBeanFactory.java:858)
	at org.springframework.beans.factory.annotation.AutowiredAnnotationBeanPostProcessor$AutowiredFieldElement.inject(AutowiredAnnotationBeanPostProcessor.java:480)
	... 96 common frames omitted
Caused by: org.springframework.beans.factory.BeanCreationException: Could not autowire field: private final java.util.List org.springframework.boot.autoconfigure.web.HttpMessageConvertersAutoConfiguration.converters; nested exception is org.springframework.beans.factory.BeanCreationException: Error creating bean with name &apos;jacksonHttpMessageConverter&apos; defined in class path resource [org/springframework/data/rest/webmvc/config/RepositoryRestMvcConfiguration.class]: Instantiation of bean failed; nested exception is org.springframework.beans.factory.BeanDefinitionStoreException: Factory method [public org.springframework.http.converter.json.MappingJackson2HttpMessageConverter org.springframework.data.rest.webmvc.config.RepositoryRestMvcConfiguration.jacksonHttpMessageConverter()] threw exception; nested exception is org.springframework.beans.factory.BeanCreationException: Error creating bean with name &apos;config&apos; defined in class path resource [org/springframework/data/rest/webmvc/config/RepositoryRestMvcConfiguration.class]: Instantiation of bean failed; nested exception is org.springframework.beans.factory.BeanDefinitionStoreException: Factory method [public org.springframework.data.rest.core.config.RepositoryRestConfiguration org.springframework.data.rest.webmvc.config.RepositoryRestMvcConfiguration.config()] threw exception; nested exception is org.springframework.beans.factory.BeanCreationException: Error creating bean with name &apos;repositories&apos; defined in class path resource [org/springframework/data/rest/webmvc/config/RepositoryRestMvcConfiguration.class]: Instantiation of bean failed; nested exception is org.springframework.beans.factory.BeanDefinitionStoreException: Factory method [public org.springframework.data.repository.support.Repositories org.springframework.data.rest.webmvc.config.RepositoryRestMvcConfiguration.repositories()] threw exception; nested exception is org.springframework.beans.factory.UnsatisfiedDependencyException: Error creating bean with name &apos;mongoDBEnvironmentRepositoryImpl&apos; defined in URL [jar:file:/C:/workspaces/denv/denv-server-mongodb/target/denv-server-mongodb-0.1.0.jar!/org/ssoup/denv/server/persistence/mongodb/repository/MongoDBEnvironmentRepositoryImpl.class]: Unsatisfied dependency expressed through constructor argument with index 1 of type [org.ssoup.denv.server.persistence.ApplicationConfigRepository]: : No qualifying bean of type [org.ssoup.denv.server.persistence.ApplicationConfigRepository] is defined: expected single matching bean but found 2: mongoDBImageRepository,mongoDBApplicationConfigRepository; nested exception is org.springframework.beans.factory.NoUniqueBeanDefinitionException: No qualifying bean of type [org.ssoup.denv.server.persistence.ApplicationConfigRepository] is defined: expected single matching bean but found 2: mongoDBImageRepository,mongoDBApplicationConfigRepository
	at org.springframework.beans.factory.annotation.AutowiredAnnotationBeanPostProcessor$AutowiredFieldElement.inject(AutowiredAnnotationBeanPostProcessor.java:508)
	at org.springframework.beans.factory.annotation.InjectionMetadata.inject(InjectionMetadata.java:87)
	at org.springframework.beans.factory.annotation.AutowiredAnnotationBeanPostProcessor.postProcessPropertyValues(AutowiredAnnotationBeanPostProcessor.java:289)
	... 116 common frames omitted
Caused by: org.springframework.beans.factory.BeanCreationException: Error creating bean with name &apos;jacksonHttpMessageConverter&apos; defined in class path resource [org/springframework/data/rest/webmvc/config/RepositoryRestMvcConfiguration.class]: Instantiation of bean failed; nested exception is org.springframework.beans.factory.BeanDefinitionStoreException: Factory method [public org.springframework.http.converter.json.MappingJackson2HttpMessageConverter org.springframework.data.rest.webmvc.config.RepositoryRestMvcConfiguration.jacksonHttpMessageConverter()] threw exception; nested exception is org.springframework.beans.factory.BeanCreationException: Error creating bean with name &apos;config&apos; defined in class path resource [org/springframework/data/rest/webmvc/config/RepositoryRestMvcConfiguration.class]: Instantiation of bean failed; nested exception is org.springframework.beans.factory.BeanDefinitionStoreException: Factory method [public org.springframework.data.rest.core.config.RepositoryRestConfiguration org.springframework.data.rest.webmvc.config.RepositoryRestMvcConfiguration.config()] threw exception; nested exception is org.springframework.beans.factory.BeanCreationException: Error creating bean with name &apos;repositories&apos; defined in class path resource [org/springframework/data/rest/webmvc/config/RepositoryRestMvcConfiguration.class]: Instantiation of bean failed; nested exception is org.springframework.beans.factory.BeanDefinitionStoreException: Factory method [public org.springframework.data.repository.support.Repositories org.springframework.data.rest.webmvc.config.RepositoryRestMvcConfiguration.repositories()] threw exception; nested exception is org.springframework.beans.factory.UnsatisfiedDependencyException: Error creating bean with name &apos;mongoDBEnvironmentRepositoryImpl&apos; defined in URL [jar:file:/C:/workspaces/denv/denv-server-mongodb/target/denv-server-mongodb-0.1.0.jar!/org/ssoup/denv/server/persistence/mongodb/repository/MongoDBEnvironmentRepositoryImpl.class]: Unsatisfied dependency expressed through constructor argument with index 1 of type [org.ssoup.denv.server.persistence.ApplicationConfigRepository]: : No qualifying bean of type [org.ssoup.denv.server.persistence.ApplicationConfigRepository] is defined: expected single matching bean but found 2: mongoDBImageRepository,mongoDBApplicationConfigRepository; nested exception is org.springframework.beans.factory.NoUniqueBeanDefinitionException: No qualifying bean of type [org.ssoup.denv.server.persistence.ApplicationConfigRepository] is defined: expected single matching bean but found 2: mongoDBImageRepository,mongoDBApplicationConfigRepository
	at org.springframework.beans.factory.support.ConstructorResolver.instantiateUsingFactoryMethod(ConstructorResolver.java:597)
	at org.springframework.beans.factory.support.AbstractAutowireCapableBeanFactory.instantiateUsingFactoryMethod(AbstractAutowireCapableBeanFactory.java:1094)
	at org.springframework.beans.factory.support.AbstractAutowireCapableBeanFactory.createBeanInstance(AbstractAutowireCapableBeanFactory.java:989)
	at org.springframework.beans.factory.support.AbstractAutowireCapableBeanFactory.doCreateBean(AbstractAutowireCapableBeanFactory.java:504)
	at org.springframework.beans.factory.support.AbstractAutowireCapableBeanFactory.createBean(AbstractAutowireCapableBeanFactory.java:475)
	at org.springframework.beans.factory.support.AbstractBeanFactory$1.getObject(AbstractBeanFactory.java:302)
	at org.springframework.beans.factory.support.DefaultSingletonBeanRegistry.getSingleton(DefaultSingletonBeanRegistry.java:228)
	at org.springframework.beans.factory.support.AbstractBeanFactory.doGetBean(AbstractBeanFactory.java:298)
	at org.springframework.beans.factory.support.AbstractBeanFactory.getBean(AbstractBeanFactory.java:193)
	at org.springframework.beans.factory.support.DefaultListableBeanFactory.findAutowireCandidates(DefaultListableBeanFactory.java:1017)
	at org.springframework.beans.factory.support.DefaultListableBeanFactory.doResolveDependency(DefaultListableBeanFactory.java:912)
	at org.springframework.beans.factory.support.DefaultListableBeanFactory.resolveDependency(DefaultListableBeanFactory.java:858)
	at org.springframework.beans.factory.annotation.AutowiredAnnotationBeanPostProcessor$AutowiredFieldElement.inject(AutowiredAnnotationBeanPostProcessor.java:480)
	... 118 common frames omitted
Caused by: org.springframework.beans.factory.BeanDefinitionStoreException: Factory method [public org.springframework.http.converter.json.MappingJackson2HttpMessageConverter org.springframework.data.rest.webmvc.config.RepositoryRestMvcConfiguration.jacksonHttpMessageConverter()] threw exception; nested exception is org.springframework.beans.factory.BeanCreationException: Error creating bean with name &apos;config&apos; defined in class path resource [org/springframework/data/rest/webmvc/config/RepositoryRestMvcConfiguration.class]: Instantiation of bean failed; nested exception is org.springframework.beans.factory.BeanDefinitionStoreException: Factory method [public org.springframework.data.rest.core.config.RepositoryRestConfiguration org.springframework.data.rest.webmvc.config.RepositoryRestMvcConfiguration.config()] threw exception; nested exception is org.springframework.beans.factory.BeanCreationException: Error creating bean with name &apos;repositories&apos; defined in class path resource [org/springframework/data/rest/webmvc/config/RepositoryRestMvcConfiguration.class]: Instantiation of bean failed; nested exception is org.springframework.beans.factory.BeanDefinitionStoreException: Factory method [public org.springframework.data.repository.support.Repositories org.springframework.data.rest.webmvc.config.RepositoryRestMvcConfiguration.repositories()] threw exception; nested exception is org.springframework.beans.factory.UnsatisfiedDependencyException: Error creating bean with name &apos;mongoDBEnvironmentRepositoryImpl&apos; defined in URL [jar:file:/C:/workspaces/denv/denv-server-mongodb/target/denv-server-mongodb-0.1.0.jar!/org/ssoup/denv/server/persistence/mongodb/repository/MongoDBEnvironmentRepositoryImpl.class]: Unsatisfied dependency expressed through constructor argument with index 1 of type [org.ssoup.denv.server.persistence.ApplicationConfigRepository]: : No qualifying bean of type [org.ssoup.denv.server.persistence.ApplicationConfigRepository] is defined: expected single matching bean but found 2: mongoDBImageRepository,mongoDBApplicationConfigRepository; nested exception is org.springframework.beans.factory.NoUniqueBeanDefinitionException: No qualifying bean of type [org.ssoup.denv.server.persistence.ApplicationConfigRepository] is defined: expected single matching bean but found 2: mongoDBImageRepository,mongoDBApplicationConfigRepository
	at org.springframework.beans.factory.support.SimpleInstantiationStrategy.instantiate(SimpleInstantiationStrategy.java:188)
	at org.springframework.beans.factory.support.ConstructorResolver.instantiateUsingFactoryMethod(ConstructorResolver.java:586)
	... 130 common frames omitted
Caused by: org.springframework.beans.factory.BeanCreationException: Error creating bean with name &apos;config&apos; defined in class path resource [org/springframework/data/rest/webmvc/config/RepositoryRestMvcConfiguration.class]: Instantiation of bean failed; nested exception is org.springframework.beans.factory.BeanDefinitionStoreException: Factory method [public org.springframework.data.rest.core.config.RepositoryRestConfiguration org.springframework.data.rest.webmvc.config.RepositoryRestMvcConfiguration.config()] threw exception; nested exception is org.springframework.beans.factory.BeanCreationException: Error creating bean with name &apos;repositories&apos; defined in class path resource [org/springframework/data/rest/webmvc/config/RepositoryRestMvcConfiguration.class]: Instantiation of bean failed; nested exception is org.springframework.beans.factory.BeanDefinitionStoreException: Factory method [public org.springframework.data.repository.support.Repositories org.springframework.data.rest.webmvc.config.RepositoryRestMvcConfiguration.repositories()] threw exception; nested exception is org.springframework.beans.factory.UnsatisfiedDependencyException: Error creating bean with name &apos;mongoDBEnvironmentRepositoryImpl&apos; defined in URL [jar:file:/C:/workspaces/denv/denv-server-mongodb/target/denv-server-mongodb-0.1.0.jar!/org/ssoup/denv/server/persistence/mongodb/repository/MongoDBEnvironmentRepositoryImpl.class]: Unsatisfied dependency expressed through constructor argument with index 1 of type [org.ssoup.denv.server.persistence.ApplicationConfigRepository]: : No qualifying bean of type [org.ssoup.denv.server.persistence.ApplicationConfigRepository] is defined: expected single matching bean but found 2: mongoDBImageRepository,mongoDBApplicationConfigRepository; nested exception is org.springframework.beans.factory.NoUniqueBeanDefinitionException: No qualifying bean of type [org.ssoup.denv.server.persistence.ApplicationConfigRepository] is defined: expected single matching bean but found 2: mongoDBImageRepository,mongoDBApplicationConfigRepository
	at org.springframework.beans.factory.support.ConstructorResolver.instantiateUsingFactoryMethod(ConstructorResolver.java:597)
	at org.springframework.beans.factory.support.AbstractAutowireCapableBeanFactory.instantiateUsingFactoryMethod(AbstractAutowireCapableBeanFactory.java:1094)
	at org.springframework.beans.factory.support.AbstractAutowireCapableBeanFactory.createBeanInstance(AbstractAutowireCapableBeanFactory.java:989)
	at org.springframework.beans.factory.support.AbstractAutowireCapableBeanFactory.doCreateBean(AbstractAutowireCapableBeanFactory.java:504)
	at org.springframework.beans.factory.support.AbstractAutowireCapableBeanFactory.createBean(AbstractAutowireCapableBeanFactory.java:475)
	at org.springframework.beans.factory.support.AbstractBeanFactory$1.getObject(AbstractBeanFactory.java:302)
	at org.springframework.beans.factory.support.DefaultSingletonBeanRegistry.getSingleton(DefaultSingletonBeanRegistry.java:228)
	at org.springframework.beans.factory.support.AbstractBeanFactory.doGetBean(AbstractBeanFactory.java:298)
	at org.springframework.beans.factory.support.AbstractBeanFactory.getBean(AbstractBeanFactory.java:193)
	at org.springframework.context.annotation.ConfigurationClassEnhancer$BeanMethodInterceptor.intercept(ConfigurationClassEnhancer.java:324)
	at org.springframework.data.rest.webmvc.config.RepositoryRestMvcConfiguration$$EnhancerBySpringCGLIB$$2cc48631.config(&lt;generated&gt;)
	at org.springframework.data.rest.webmvc.config.RepositoryRestMvcConfiguration.jacksonHttpMessageConverter(RepositoryRestMvcConfiguration.java:374)
	at org.springframework.data.rest.webmvc.config.RepositoryRestMvcConfiguration$$EnhancerBySpringCGLIB$$2cc48631.CGLIB$jacksonHttpMessageConverter$21(&lt;generated&gt;)
	at org.springframework.data.rest.webmvc.config.RepositoryRestMvcConfiguration$$EnhancerBySpringCGLIB$$2cc48631$$FastClassBySpringCGLIB$$1e60d3fc.invoke(&lt;generated&gt;)
	at org.springframework.cglib.proxy.MethodProxy.invokeSuper(MethodProxy.java:228)
	at org.springframework.context.annotation.ConfigurationClassEnhancer$BeanMethodInterceptor.intercept(ConfigurationClassEnhancer.java:312)
	at org.springframework.data.rest.webmvc.config.RepositoryRestMvcConfiguration$$EnhancerBySpringCGLIB$$2cc48631.jacksonHttpMessageConverter(&lt;generated&gt;)
	at sun.reflect.NativeMethodAccessorImpl.invoke0(Native Method)
	at sun.reflect.NativeMethodAccessorImpl.invoke(NativeMethodAccessorImpl.java:39)
	at sun.reflect.DelegatingMethodAccessorImpl.invoke(DelegatingMethodAccessorImpl.java:25)
	at java.lang.reflect.Method.invoke(Method.java:597)
	at org.springframework.beans.factory.support.SimpleInstantiationStrategy.instantiate(SimpleInstantiationStrategy.java:166)
	... 131 common frames omitted
Caused by: org.springframework.beans.factory.BeanDefinitionStoreException: Factory method [public org.springframework.data.rest.core.config.RepositoryRestConfiguration org.springframework.data.rest.webmvc.config.RepositoryRestMvcConfiguration.config()] threw exception; nested exception is org.springframework.beans.factory.BeanCreationException: Error creating bean with name &apos;repositories&apos; defined in class path resource [org/springframework/data/rest/webmvc/config/RepositoryRestMvcConfiguration.class]: Instantiation of bean failed; nested exception is org.springframework.beans.factory.BeanDefinitionStoreException: Factory method [public org.springframework.data.repository.support.Repositories org.springframework.data.rest.webmvc.config.RepositoryRestMvcConfiguration.repositories()] threw exception; nested exception is org.springframework.beans.factory.UnsatisfiedDependencyException: Error creating bean with name &apos;mongoDBEnvironmentRepositoryImpl&apos; defined in URL [jar:file:/C:/workspaces/denv/denv-server-mongodb/target/denv-server-mongodb-0.1.0.jar!/org/ssoup/denv/server/persistence/mongodb/repository/MongoDBEnvironmentRepositoryImpl.class]: Unsatisfied dependency expressed through constructor argument with index 1 of type [org.ssoup.denv.server.persistence.ApplicationConfigRepository]: : No qualifying bean of type [org.ssoup.denv.server.persistence.ApplicationConfigRepository] is defined: expected single matching bean but found 2: mongoDBImageRepository,mongoDBApplicationConfigRepository; nested exception is org.springframework.beans.factory.NoUniqueBeanDefinitionException: No qualifying bean of type [org.ssoup.denv.server.persistence.ApplicationConfigRepository] is defined: expected single matching bean but found 2: mongoDBImageRepository,mongoDBApplicationConfigRepository
	at org.springframework.beans.factory.support.SimpleInstantiationStrategy.instantiate(SimpleInstantiationStrategy.java:188)
	at org.springframework.beans.factory.support.ConstructorResolver.instantiateUsingFactoryMethod(ConstructorResolver.java:586)
	... 152 common frames omitted
Caused by: org.springframework.beans.factory.BeanCreationException: Error creating bean with name &apos;repositories&apos; defined in class path resource [org/springframework/data/rest/webmvc/config/RepositoryRestMvcConfiguration.class]: Instantiation of bean failed; nested exception is org.springframework.beans.factory.BeanDefinitionStoreException: Factory method [public org.springframework.data.repository.support.Repositories org.springframework.data.rest.webmvc.config.RepositoryRestMvcConfiguration.repositories()] threw exception; nested exception is org.springframework.beans.factory.UnsatisfiedDependencyException: Error creating bean with name &apos;mongoDBEnvironmentRepositoryImpl&apos; defined in URL [jar:file:/C:/workspaces/denv/denv-server-mongodb/target/denv-server-mongodb-0.1.0.jar!/org/ssoup/denv/server/persistence/mongodb/repository/MongoDBEnvironmentRepositoryImpl.class]: Unsatisfied dependency expressed through constructor argument with index 1 of type [org.ssoup.denv.server.persistence.ApplicationConfigRepository]: : No qualifying bean of type [org.ssoup.denv.server.persistence.ApplicationConfigRepository] is defined: expected single matching bean but found 2: mongoDBImageRepository,mongoDBApplicationConfigRepository; nested exception is org.springframework.beans.factory.NoUniqueBeanDefinitionException: No qualifying bean of type [org.ssoup.denv.server.persistence.ApplicationConfigRepository] is defined: expected single matching bean but found 2: mongoDBImageRepository,mongoDBApplicationConfigRepository
	at org.springframework.beans.factory.support.ConstructorResolver.instantiateUsingFactoryMethod(ConstructorResolver.java:597)
	at org.springframework.beans.factory.support.AbstractAutowireCapableBeanFactory.instantiateUsingFactoryMethod(AbstractAutowireCapableBeanFactory.java:1094)
	at org.springframework.beans.factory.support.AbstractAutowireCapableBeanFactory.createBeanInstance(AbstractAutowireCapableBeanFactory.java:989)
	at org.springframework.beans.factory.support.AbstractAutowireCapableBeanFactory.doCreateBean(AbstractAutowireCapableBeanFactory.java:504)
	at org.springframework.beans.factory.support.AbstractAutowireCapableBeanFactory.createBean(AbstractAutowireCapableBeanFactory.java:475)
	at org.springframework.beans.factory.support.AbstractBeanFactory$1.getObject(AbstractBeanFactory.java:302)
	at org.springframework.beans.factory.support.DefaultSingletonBeanRegistry.getSingleton(DefaultSingletonBeanRegistry.java:228)
	at org.springframework.beans.factory.support.AbstractBeanFactory.doGetBean(AbstractBeanFactory.java:298)
	at org.springframework.beans.factory.support.AbstractBeanFactory.getBean(AbstractBeanFactory.java:193)
	at org.springframework.context.annotation.ConfigurationClassEnhancer$BeanMethodInterceptor.intercept(ConfigurationClassEnhancer.java:324)
	at org.springframework.data.rest.webmvc.config.RepositoryRestMvcConfiguration$$EnhancerBySpringCGLIB$$2cc48631.repositories(&lt;generated&gt;)
	at org.springframework.data.rest.webmvc.config.RepositoryRestMvcConfiguration.getProjections(RepositoryRestMvcConfiguration.java:621)
	at org.springframework.data.rest.webmvc.config.RepositoryRestMvcConfiguration.config(RepositoryRestMvcConfiguration.java:224)
	at org.springframework.data.rest.webmvc.config.RepositoryRestMvcConfiguration$$EnhancerBySpringCGLIB$$2cc48631.CGLIB$config$40(&lt;generated&gt;)
	at org.springframework.data.rest.webmvc.config.RepositoryRestMvcConfiguration$$EnhancerBySpringCGLIB$$2cc48631$$FastClassBySpringCGLIB$$1e60d3fc.invoke(&lt;generated&gt;)
	at org.springframework.cglib.proxy.MethodProxy.invokeSuper(MethodProxy.java:228)
	at org.springframework.context.annotation.ConfigurationClassEnhancer$BeanMethodInterceptor.intercept(ConfigurationClassEnhancer.java:312)
	at org.springframework.data.rest.webmvc.config.RepositoryRestMvcConfiguration$$EnhancerBySpringCGLIB$$2cc48631.config(&lt;generated&gt;)
	at sun.reflect.NativeMethodAccessorImpl.invoke0(Native Method)
	at sun.reflect.NativeMethodAccessorImpl.invoke(NativeMethodAccessorImpl.java:39)
	at sun.reflect.DelegatingMethodAccessorImpl.invoke(DelegatingMethodAccessorImpl.java:25)
	at java.lang.reflect.Method.invoke(Method.java:597)
	at org.springframework.beans.factory.support.SimpleInstantiationStrategy.instantiate(SimpleInstantiationStrategy.java:166)
	... 153 common frames omitted
Caused by: org.springframework.beans.factory.BeanDefinitionStoreException: Factory method [public org.springframework.data.repository.support.Repositories org.springframework.data.rest.webmvc.config.RepositoryRestMvcConfiguration.repositories()] threw exception; nested exception is org.springframework.beans.factory.UnsatisfiedDependencyException: Error creating bean with name &apos;mongoDBEnvironmentRepositoryImpl&apos; defined in URL [jar:file:/C:/workspaces/denv/denv-server-mongodb/target/denv-server-mongodb-0.1.0.jar!/org/ssoup/denv/server/persistence/mongodb/repository/MongoDBEnvironmentRepositoryImpl.class]: Unsatisfied dependency expressed through constructor argument with index 1 of type [org.ssoup.denv.server.persistence.ApplicationConfigRepository]: : No qualifying bean of type [org.ssoup.denv.server.persistence.ApplicationConfigRepository] is defined: expected single matching bean but found 2: mongoDBImageRepository,mongoDBApplicationConfigRepository; nested exception is org.springframework.beans.factory.NoUniqueBeanDefinitionException: No qualifying bean of type [org.ssoup.denv.server.persistence.ApplicationConfigRepository] is defined: expected single matching bean but found 2: mongoDBImageRepository,mongoDBApplicationConfigRepository
	at org.springframework.beans.factory.support.SimpleInstantiationStrategy.instantiate(SimpleInstantiationStrategy.java:188)
	at org.springframework.beans.factory.support.ConstructorResolver.instantiateUsingFactoryMethod(ConstructorResolver.java:586)
	... 175 common frames omitted
Caused by: org.springframework.beans.factory.UnsatisfiedDependencyException: Error creating bean with name &apos;mongoDBEnvironmentRepositoryImpl&apos; defined in URL [jar:file:/C:/workspaces/denv/denv-server-mongodb/target/denv-server-mongodb-0.1.0.jar!/org/ssoup/denv/server/persistence/mongodb/repository/MongoDBEnvironmentRepositoryImpl.class]: Unsatisfied dependency expressed through constructor argument with index 1 of type [org.ssoup.denv.server.persistence.ApplicationConfigRepository]: : No qualifying bean of type [org.ssoup.denv.server.persistence.ApplicationConfigRepository] is defined: expected single matching bean but found 2: mongoDBImageRepository,mongoDBApplicationConfigRepository; nested exception is org.springframework.beans.factory.NoUniqueBeanDefinitionException: No qualifying bean of type [org.ssoup.denv.server.persistence.ApplicationConfigRepository] is defined: expected single matching bean but found 2: mongoDBImageRepository,mongoDBApplicationConfigRepository
	at org.springframework.beans.factory.support.ConstructorResolver.createArgumentArray(ConstructorResolver.java:747)
	at org.springframework.beans.factory.support.ConstructorResolver.autowireConstructor(ConstructorResolver.java:185)
	at org.springframework.beans.factory.support.AbstractAutowireCapableBeanFactory.autowireConstructor(AbstractAutowireCapableBeanFactory.java:1114)
	at org.springframework.beans.factory.support.AbstractAutowireCapableBeanFactory.createBeanInstance(AbstractAutowireCapableBeanFactory.java:1017)
	at org.springframework.beans.factory.support.AbstractAutowireCapableBeanFactory.doCreateBean(AbstractAutowireCapableBeanFactory.java:504)
	at org.springframework.beans.factory.support.AbstractAutowireCapableBeanFactory.createBean(AbstractAutowireCapableBeanFactory.java:475)
	at org.springframework.beans.factory.support.AbstractBeanFactory$1.getObject(AbstractBeanFactory.java:302)
	at org.springframework.beans.factory.support.DefaultSingletonBeanRegistry.getSingleton(DefaultSingletonBeanRegistry.java:228)
	at org.springframework.beans.factory.support.AbstractBeanFactory.doGetBean(AbstractBeanFactory.java:298)
	at org.springframework.beans.factory.support.AbstractBeanFactory.getBean(AbstractBeanFactory.java:193)
	at org.springframework.beans.factory.support.AbstractBeanFactory.doGetBean(AbstractBeanFactory.java:292)
	at org.springframework.beans.factory.support.AbstractBeanFactory.getBean(AbstractBeanFactory.java:198)
	at org.springframework.data.repository.support.Repositories.populateRepositoryFactoryInformation(Repositories.java:87)
	at org.springframework.data.repository.support.Repositories.&lt;init&gt;(Repositories.java:78)
	at org.springframework.data.rest.webmvc.config.RepositoryRestMvcConfiguration.repositories(RepositoryRestMvcConfiguration.java:146)
	at org.springframework.data.rest.webmvc.config.RepositoryRestMvcConfiguration$$EnhancerBySpringCGLIB$$2cc48631.CGLIB$repositories$2(&lt;generated&gt;)
	at org.springframework.data.rest.webmvc.config.RepositoryRestMvcConfiguration$$EnhancerBySpringCGLIB$$2cc48631$$FastClassBySpringCGLIB$$1e60d3fc.invoke(&lt;generated&gt;)
	at org.springframework.cglib.proxy.MethodProxy.invokeSuper(MethodProxy.java:228)
	at org.springframework.context.annotation.ConfigurationClassEnhancer$BeanMethodInterceptor.intercept(ConfigurationClassEnhancer.java:312)
	at org.springframework.data.rest.webmvc.config.RepositoryRestMvcConfiguration$$EnhancerBySpringCGLIB$$2cc48631.repositories(&lt;generated&gt;)
	at sun.reflect.NativeMethodAccessorImpl.invoke0(Native Method)
	at sun.reflect.NativeMethodAccessorImpl.invoke(NativeMethodAccessorImpl.java:39)
	at sun.reflect.DelegatingMethodAccessorImpl.invoke(DelegatingMethodAccessorImpl.java:25)
	at java.lang.reflect.Method.invoke(Method.java:597)
	at org.springframework.beans.factory.support.SimpleInstantiationStrategy.instantiate(SimpleInstantiationStrategy.java:166)
	... 176 common frames omitted
Caused by: org.springframework.beans.factory.NoUniqueBeanDefinitionException: No qualifying bean of type [org.ssoup.denv.server.persistence.ApplicationConfigRepository] is defined: expected single matching bean but found 2: mongoDBImageRepository,mongoDBApplicationConfigRepository
	at org.springframework.beans.factory.support.DefaultListableBeanFactory.doResolveDependency(DefaultListableBeanFactory.java:970)
	at org.springframework.beans.factory.support.DefaultListableBeanFactory.resolveDependency(DefaultListableBeanFactory.java:858)
	at org.springframework.beans.factory.support.ConstructorResolver.resolveAutowiredArgument(ConstructorResolver.java:811)
	at org.springframework.beans.factory.support.ConstructorResolver.createArgumentArray(ConstructorResolver.java:739)
	... 200 common frames omitted

2014-09-12 15:54:18.821 ERROR 10216 --- [           main] o.s.test.context.TestContextManager      : Caught exception while allowing TestExecutionListener [org.springframework.test.context.support.DependencyInjectionTestExecutionListener@e9493a] to prepare test instance [org.ssoup.denv.server.test.DenvClientTest@feba21]

java.lang.IllegalStateException: Failed to load ApplicationContext
	at org.springframework.test.context.CacheAwareContextLoaderDelegate.loadContext(CacheAwareContextLoaderDelegate.java:99)
	at org.springframework.test.context.DefaultTestContext.getApplicationContext(DefaultTestContext.java:101)
	at org.springframework.test.context.support.DependencyInjectionTestExecutionListener.injectDependencies(DependencyInjectionTestExecutionListener.java:109)
	at org.springframework.test.context.support.DependencyInjectionTestExecutionListener.prepareTestInstance(DependencyInjectionTestExecutionListener.java:75)
	at org.springframework.test.context.TestContextManager.prepareTestInstance(TestContextManager.java:331)
	at org.springframework.test.context.junit4.SpringJUnit4ClassRunner.createTest(SpringJUnit4ClassRunner.java:213)
	at org.springframework.test.context.junit4.SpringJUnit4ClassRunner$1.runReflectiveCall(SpringJUnit4ClassRunner.java:290)
	at org.junit.internal.runners.model.ReflectiveCallable.run(ReflectiveCallable.java:12)
	at org.springframework.test.context.junit4.SpringJUnit4ClassRunner.methodBlock(SpringJUnit4ClassRunner.java:292)
	at org.springframework.test.context.junit4.SpringJUnit4ClassRunner.runChild(SpringJUnit4ClassRunner.java:233)
	at org.springframework.test.context.junit4.SpringJUnit4ClassRunner.runChild(SpringJUnit4ClassRunner.java:87)
	at org.junit.runners.ParentRunner$3.run(ParentRunner.java:238)
	at org.junit.runners.ParentRunner$1.schedule(ParentRunner.java:63)
	at org.junit.runners.ParentRunner.runChildren(ParentRunner.java:236)
	at org.junit.runners.ParentRunner.access$000(ParentRunner.java:53)
	at org.junit.runners.ParentRunner$2.evaluate(ParentRunner.java:229)
	at org.springframework.test.context.junit4.statements.RunBeforeTestClassCallbacks.evaluate(RunBeforeTestClassCallbacks.java:61)
	at org.springframework.test.context.junit4.statements.RunAfterTestClassCallbacks.evaluate(RunAfterTestClassCallbacks.java:71)
	at org.junit.runners.ParentRunner.run(ParentRunner.java:309)
	at org.springframework.test.context.junit4.SpringJUnit4ClassRunner.run(SpringJUnit4ClassRunner.java:176)
	at org.apache.maven.surefire.junit4.JUnit4TestSet.execute(JUnit4TestSet.java:62)
	at org.apache.maven.surefire.suite.AbstractDirectoryTestSuite.executeTestSet(AbstractDirectoryTestSuite.java:140)
	at org.apache.maven.surefire.suite.AbstractDirectoryTestSuite.execute(AbstractDirectoryTestSuite.java:127)
	at org.apache.maven.surefire.Surefire.run(Surefire.java:177)
	at sun.reflect.NativeMethodAccessorImpl.invoke0(Native Method)
	at sun.reflect.NativeMethodAccessorImpl.invoke(NativeMethodAccessorImpl.java:39)
	at sun.reflect.DelegatingMethodAccessorImpl.invoke(DelegatingMethodAccessorImpl.java:25)
	at java.lang.reflect.Method.invoke(Method.java:597)
	at org.apache.maven.surefire.booter.SurefireBooter.runSuitesInProcess(SurefireBooter.java:345)
	at org.apache.maven.surefire.booter.SurefireBooter.main(SurefireBooter.java:1009)
Caused by: org.springframework.context.ApplicationContextException: Unable to start embedded container; nested exception is org.springframework.boot.context.embedded.EmbeddedServletContainerException: Unable to start embedded Tomcat
	at org.springframework.boot.context.embedded.EmbeddedWebApplicationContext.onRefresh(EmbeddedWebApplicationContext.java:135)
	at org.springframework.context.support.AbstractApplicationContext.refresh(AbstractApplicationContext.java:476)
	at org.springframework.boot.context.embedded.EmbeddedWebApplicationContext.refresh(EmbeddedWebApplicationContext.java:120)
	at org.springframework.boot.SpringApplication.refresh(SpringApplication.java:691)
	at org.springframework.boot.SpringApplication.run(SpringApplication.java:320)
	at org.springframework.boot.test.SpringApplicationContextLoader.loadContext(SpringApplicationContextLoader.java:107)
	at org.springframework.test.context.CacheAwareContextLoaderDelegate.loadContextInternal(CacheAwareContextLoaderDelegate.java:64)
	at org.springframework.test.context.CacheAwareContextLoaderDelegate.loadContext(CacheAwareContextLoaderDelegate.java:91)
	... 29 common frames omitted
Caused by: org.springframework.boot.context.embedded.EmbeddedServletContainerException: Unable to start embedded Tomcat
	at org.springframework.boot.context.embedded.tomcat.TomcatEmbeddedServletContainer.initialize(TomcatEmbeddedServletContainer.java:100)
	at org.springframework.boot.context.embedded.tomcat.TomcatEmbeddedServletContainer.&lt;init&gt;(TomcatEmbeddedServletContainer.java:74)
	at org.springframework.boot.context.embedded.tomcat.TomcatEmbeddedServletContainerFactory.getTomcatEmbeddedServletContainer(TomcatEmbeddedServletContainerFactory.java:289)
	at org.springframework.boot.context.embedded.tomcat.TomcatEmbeddedServletContainerFactory.getEmbeddedServletContainer(TomcatEmbeddedServletContainerFactory.java:146)
	at org.springframework.boot.context.embedded.EmbeddedWebApplicationContext.createEmbeddedServletContainer(EmbeddedWebApplicationContext.java:159)
	at org.springframework.boot.context.embedded.EmbeddedWebApplicationContext.onRefresh(EmbeddedWebApplicationContext.java:132)
	... 36 common frames omitted
Caused by: org.springframework.beans.factory.BeanCreationException: Error creating bean with name &apos;org.springframework.security.config.annotation.web.configuration.WebSecurityConfiguration&apos;: Injection of autowired dependencies failed; nested exception is org.springframework.beans.factory.BeanCreationException: Could not autowire method: public void org.springframework.security.config.annotation.web.configuration.WebSecurityConfiguration.setFilterChainProxySecurityConfigurer(org.springframework.security.config.annotation.ObjectPostProcessor,java.util.List) throws java.lang.Exception; nested exception is org.springframework.beans.factory.BeanExpressionException: Expression parsing failed; nested exception is org.springframework.beans.factory.BeanCreationException: Error creating bean with name &apos;securityConfig&apos;: Injection of autowired dependencies failed; nested exception is org.springframework.beans.factory.BeanCreationException: Could not autowire method: public void org.springframework.security.config.annotation.web.configuration.WebSecurityConfigurerAdapter.setContentNegotationStrategy(org.springframework.web.accept.ContentNegotiationStrategy); nested exception is org.springframework.beans.factory.BeanCreationException: Error creating bean with name &apos;org.springframework.web.servlet.config.annotation.DelegatingWebMvcConfiguration&apos;: Injection of autowired dependencies failed; nested exception is org.springframework.beans.factory.BeanCreationException: Could not autowire method: public void org.springframework.web.servlet.config.annotation.DelegatingWebMvcConfiguration.setConfigurers(java.util.List); nested exception is org.springframework.beans.factory.BeanCreationException: Error creating bean with name &apos;org.springframework.boot.autoconfigure.web.WebMvcAutoConfiguration$WebMvcAutoConfigurationAdapter&apos;: Injection of autowired dependencies failed; nested exception is org.springframework.beans.factory.BeanCreationException: Could not autowire field: private org.springframework.boot.autoconfigure.web.HttpMessageConverters org.springframework.boot.autoconfigure.web.WebMvcAutoConfiguration$WebMvcAutoConfigurationAdapter.messageConverters; nested exception is org.springframework.beans.factory.BeanCreationException: Error creating bean with name &apos;org.springframework.boot.autoconfigure.web.HttpMessageConvertersAutoConfiguration&apos;: Injection of autowired dependencies failed; nested exception is org.springframework.beans.factory.BeanCreationException: Could not autowire field: private final java.util.List org.springframework.boot.autoconfigure.web.HttpMessageConvertersAutoConfiguration.converters; nested exception is org.springframework.beans.factory.BeanCreationException: Error creating bean with name &apos;jacksonHttpMessageConverter&apos; defined in class path resource [org/springframework/data/rest/webmvc/config/RepositoryRestMvcConfiguration.class]: Instantiation of bean failed; nested exception is org.springframework.beans.factory.BeanDefinitionStoreException: Factory method [public org.springframework.http.converter.json.MappingJackson2HttpMessageConverter org.springframework.data.rest.webmvc.config.RepositoryRestMvcConfiguration.jacksonHttpMessageConverter()] threw exception; nested exception is org.springframework.beans.factory.BeanCreationException: Error creating bean with name &apos;config&apos; defined in class path resource [org/springframework/data/rest/webmvc/config/RepositoryRestMvcConfiguration.class]: Instantiation of bean failed; nested exception is org.springframework.beans.factory.BeanDefinitionStoreException: Factory method [public org.springframework.data.rest.core.config.RepositoryRestConfiguration org.springframework.data.rest.webmvc.config.RepositoryRestMvcConfiguration.config()] threw exception; nested exception is org.springframework.beans.factory.BeanCreationException: Error creating bean with name &apos;repositories&apos; defined in class path resource [org/springframework/data/rest/webmvc/config/RepositoryRestMvcConfiguration.class]: Instantiation of bean failed; nested exception is org.springframework.beans.factory.BeanDefinitionStoreException: Factory method [public org.springframework.data.repository.support.Repositories org.springframework.data.rest.webmvc.config.RepositoryRestMvcConfiguration.repositories()] threw exception; nested exception is org.springframework.beans.factory.UnsatisfiedDependencyException: Error creating bean with name &apos;mongoDBEnvironmentRepositoryImpl&apos; defined in URL [jar:file:/C:/workspaces/denv/denv-server-mongodb/target/denv-server-mongodb-0.1.0.jar!/org/ssoup/denv/server/persistence/mongodb/repository/MongoDBEnvironmentRepositoryImpl.class]: Unsatisfied dependency expressed through constructor argument with index 1 of type [org.ssoup.denv.server.persistence.ApplicationConfigRepository]: : No qualifying bean of type [org.ssoup.denv.server.persistence.ApplicationConfigRepository] is defined: expected single matching bean but found 2: mongoDBImageRepository,mongoDBApplicationConfigRepository; nested exception is org.springframework.beans.factory.NoUniqueBeanDefinitionException: No qualifying bean of type [org.ssoup.denv.server.persistence.ApplicationConfigRepository] is defined: expected single matching bean but found 2: mongoDBImageRepository,mongoDBApplicationConfigRepository
	at org.springframework.beans.factory.annotation.AutowiredAnnotationBeanPostProcessor.postProcessPropertyValues(AutowiredAnnotationBeanPostProcessor.java:292)
	at org.springframework.beans.factory.support.AbstractAutowireCapableBeanFactory.populateBean(AbstractAutowireCapableBeanFactory.java:1185)
	at org.springframework.beans.factory.support.AbstractAutowireCapableBeanFactory.doCreateBean(AbstractAutowireCapableBeanFactory.java:537)
	at org.springframework.beans.factory.support.AbstractAutowireCapableBeanFactory.createBean(AbstractAutowireCapableBeanFactory.java:475)
	at org.springframework.beans.factory.support.AbstractBeanFactory$1.getObject(AbstractBeanFactory.java:302)
	at org.springframework.beans.factory.support.DefaultSingletonBeanRegistry.getSingleton(DefaultSingletonBeanRegistry.java:228)
	at org.springframework.beans.factory.support.AbstractBeanFactory.doGetBean(AbstractBeanFactory.java:298)
	at org.springframework.beans.factory.support.AbstractBeanFactory.getBean(AbstractBeanFactory.java:193)
	at org.springframework.beans.factory.support.ConstructorResolver.instantiateUsingFactoryMethod(ConstructorResolver.java:370)
	at org.springframework.beans.factory.support.AbstractAutowireCapableBeanFactory.instantiateUsingFactoryMethod(AbstractAutowireCapableBeanFactory.java:1094)
	at org.springframework.beans.factory.support.AbstractAutowireCapableBeanFactory.createBeanInstance(AbstractAutowireCapableBeanFactory.java:989)
	at org.springframework.beans.factory.support.AbstractAutowireCapableBeanFactory.doCreateBean(AbstractAutowireCapableBeanFactory.java:504)
	at org.springframework.beans.factory.support.AbstractAutowireCapableBeanFactory.createBean(AbstractAutowireCapableBeanFactory.java:475)
	at org.springframework.beans.factory.support.AbstractBeanFactory$1.getObject(AbstractBeanFactory.java:302)
	at org.springframework.beans.factory.support.DefaultSingletonBeanRegistry.getSingleton(DefaultSingletonBeanRegistry.java:228)
	at org.springframework.beans.factory.support.AbstractBeanFactory.doGetBean(AbstractBeanFactory.java:298)
	at org.springframework.beans.factory.support.AbstractBeanFactory.getBean(AbstractBeanFactory.java:198)
	at org.springframework.boot.context.embedded.EmbeddedWebApplicationContext.getOrderedBeansOfType(EmbeddedWebApplicationContext.java:367)
	at org.springframework.boot.context.embedded.EmbeddedWebApplicationContext.getServletContextInitializerBeans(EmbeddedWebApplicationContext.java:268)
	at org.springframework.boot.context.embedded.EmbeddedWebApplicationContext$1.onStartup(EmbeddedWebApplicationContext.java:213)
	at org.springframework.boot.context.embedded.tomcat.ServletContextInitializerLifecycleListener.lifecycleEvent(ServletContextInitializerLifecycleListener.java:64)
	at org.apache.catalina.util.LifecycleSupport.fireLifecycleEvent(LifecycleSupport.java:117)
	at org.apache.catalina.util.LifecycleBase.fireLifecycleEvent(LifecycleBase.java:90)
	at org.apache.catalina.core.StandardContext.startInternal(StandardContext.java:5355)
	at org.apache.catalina.util.LifecycleBase.start(LifecycleBase.java:150)
	at org.apache.catalina.core.ContainerBase$StartChild.call(ContainerBase.java:1559)
	at org.apache.catalina.core.ContainerBase$StartChild.call(ContainerBase.java:1549)
	at java.util.concurrent.FutureTask$Sync.innerRun(FutureTask.java:303)
	at java.util.concurrent.FutureTask.run(FutureTask.java:138)
	at java.util.concurrent.ThreadPoolExecutor$Worker.runTask(ThreadPoolExecutor.java:886)
	at java.util.concurrent.ThreadPoolExecutor$Worker.run(ThreadPoolExecutor.java:908)
	at java.lang.Thread.run(Thread.java:662)
Caused by: org.springframework.beans.factory.BeanCreationException: Could not autowire method: public void org.springframework.security.config.annotation.web.configuration.WebSecurityConfiguration.setFilterChainProxySecurityConfigurer(org.springframework.security.config.annotation.ObjectPostProcessor,java.util.List) throws java.lang.Exception; nested exception is org.springframework.beans.factory.BeanExpressionException: Expression parsing failed; nested exception is org.springframework.beans.factory.BeanCreationException: Error creating bean with name &apos;securityConfig&apos;: Injection of autowired dependencies failed; nested exception is org.springframework.beans.factory.BeanCreationException: Could not autowire method: public void org.springframework.security.config.annotation.web.configuration.WebSecurityConfigurerAdapter.setContentNegotationStrategy(org.springframework.web.accept.ContentNegotiationStrategy); nested exception is org.springframework.beans.factory.BeanCreationException: Error creating bean with name &apos;org.springframework.web.servlet.config.annotation.DelegatingWebMvcConfiguration&apos;: Injection of autowired dependencies failed; nested exception is org.springframework.beans.factory.BeanCreationException: Could not autowire method: public void org.springframework.web.servlet.config.annotation.DelegatingWebMvcConfiguration.setConfigurers(java.util.List); nested exception is org.springframework.beans.factory.BeanCreationException: Error creating bean with name &apos;org.springframework.boot.autoconfigure.web.WebMvcAutoConfiguration$WebMvcAutoConfigurationAdapter&apos;: Injection of autowired dependencies failed; nested exception is org.springframework.beans.factory.BeanCreationException: Could not autowire field: private org.springframework.boot.autoconfigure.web.HttpMessageConverters org.springframework.boot.autoconfigure.web.WebMvcAutoConfiguration$WebMvcAutoConfigurationAdapter.messageConverters; nested exception is org.springframework.beans.factory.BeanCreationException: Error creating bean with name &apos;org.springframework.boot.autoconfigure.web.HttpMessageConvertersAutoConfiguration&apos;: Injection of autowired dependencies failed; nested exception is org.springframework.beans.factory.BeanCreationException: Could not autowire field: private final java.util.List org.springframework.boot.autoconfigure.web.HttpMessageConvertersAutoConfiguration.converters; nested exception is org.springframework.beans.factory.BeanCreationException: Error creating bean with name &apos;jacksonHttpMessageConverter&apos; defined in class path resource [org/springframework/data/rest/webmvc/config/RepositoryRestMvcConfiguration.class]: Instantiation of bean failed; nested exception is org.springframework.beans.factory.BeanDefinitionStoreException: Factory method [public org.springframework.http.converter.json.MappingJackson2HttpMessageConverter org.springframework.data.rest.webmvc.config.RepositoryRestMvcConfiguration.jacksonHttpMessageConverter()] threw exception; nested exception is org.springframework.beans.factory.BeanCreationException: Error creating bean with name &apos;config&apos; defined in class path resource [org/springframework/data/rest/webmvc/config/RepositoryRestMvcConfiguration.class]: Instantiation of bean failed; nested exception is org.springframework.beans.factory.BeanDefinitionStoreException: Factory method [public org.springframework.data.rest.core.config.RepositoryRestConfiguration org.springframework.data.rest.webmvc.config.RepositoryRestMvcConfiguration.config()] threw exception; nested exception is org.springframework.beans.factory.BeanCreationException: Error creating bean with name &apos;repositories&apos; defined in class path resource [org/springframework/data/rest/webmvc/config/RepositoryRestMvcConfiguration.class]: Instantiation of bean failed; nested exception is org.springframework.beans.factory.BeanDefinitionStoreException: Factory method [public org.springframework.data.repository.support.Repositories org.springframework.data.rest.webmvc.config.RepositoryRestMvcConfiguration.repositories()] threw exception; nested exception is org.springframework.beans.factory.UnsatisfiedDependencyException: Error creating bean with name &apos;mongoDBEnvironmentRepositoryImpl&apos; defined in URL [jar:file:/C:/workspaces/denv/denv-server-mongodb/target/denv-server-mongodb-0.1.0.jar!/org/ssoup/denv/server/persistence/mongodb/repository/MongoDBEnvironmentRepositoryImpl.class]: Unsatisfied dependency expressed through constructor argument with index 1 of type [org.ssoup.denv.server.persistence.ApplicationConfigRepository]: : No qualifying bean of type [org.ssoup.denv.server.persistence.ApplicationConfigRepository] is defined: expected single matching bean but found 2: mongoDBImageRepository,mongoDBApplicationConfigRepository; nested exception is org.springframework.beans.factory.NoUniqueBeanDefinitionException: No qualifying bean of type [org.ssoup.denv.server.persistence.ApplicationConfigRepository] is defined: expected single matching bean but found 2: mongoDBImageRepository,mongoDBApplicationConfigRepository
	at org.springframework.beans.factory.annotation.AutowiredAnnotationBeanPostProcessor$AutowiredMethodElement.inject(AutowiredAnnotationBeanPostProcessor.java:596)
	at org.springframework.beans.factory.annotation.InjectionMetadata.inject(InjectionMetadata.java:87)
	at org.springframework.beans.factory.annotation.AutowiredAnnotationBeanPostProcessor.postProcessPropertyValues(AutowiredAnnotationBeanPostProcessor.java:289)
	... 31 common frames omitted
Caused by: org.springframework.beans.factory.BeanExpressionException: Expression parsing failed; nested exception is org.springframework.beans.factory.BeanCreationException: Error creating bean with name &apos;securityConfig&apos;: Injection of autowired dependencies failed; nested exception is org.springframework.beans.factory.BeanCreationException: Could not autowire method: public void org.springframework.security.config.annotation.web.configuration.WebSecurityConfigurerAdapter.setContentNegotationStrategy(org.springframework.web.accept.ContentNegotiationStrategy); nested exception is org.springframework.beans.factory.BeanCreationException: Error creating bean with name &apos;org.springframework.web.servlet.config.annotation.DelegatingWebMvcConfiguration&apos;: Injection of autowired dependencies failed; nested exception is org.springframework.beans.factory.BeanCreationException: Could not autowire method: public void org.springframework.web.servlet.config.annotation.DelegatingWebMvcConfiguration.setConfigurers(java.util.List); nested exception is org.springframework.beans.factory.BeanCreationException: Error creating bean with name &apos;org.springframework.boot.autoconfigure.web.WebMvcAutoConfiguration$WebMvcAutoConfigurationAdapter&apos;: Injection of autowired dependencies failed; nested exception is org.springframework.beans.factory.BeanCreationException: Could not autowire field: private org.springframework.boot.autoconfigure.web.HttpMessageConverters org.springframework.boot.autoconfigure.web.WebMvcAutoConfiguration$WebMvcAutoConfigurationAdapter.messageConverters; nested exception is org.springframework.beans.factory.BeanCreationException: Error creating bean with name &apos;org.springframework.boot.autoconfigure.web.HttpMessageConvertersAutoConfiguration&apos;: Injection of autowired dependencies failed; nested exception is org.springframework.beans.factory.BeanCreationException: Could not autowire field: private final java.util.List org.springframework.boot.autoconfigure.web.HttpMessageConvertersAutoConfiguration.converters; nested exception is org.springframework.beans.factory.BeanCreationException: Error creating bean with name &apos;jacksonHttpMessageConverter&apos; defined in class path resource [org/springframework/data/rest/webmvc/config/RepositoryRestMvcConfiguration.class]: Instantiation of bean failed; nested exception is org.springframework.beans.factory.BeanDefinitionStoreException: Factory method [public org.springframework.http.converter.json.MappingJackson2HttpMessageConverter org.springframework.data.rest.webmvc.config.RepositoryRestMvcConfiguration.jacksonHttpMessageConverter()] threw exception; nested exception is org.springframework.beans.factory.BeanCreationException: Error creating bean with name &apos;config&apos; defined in class path resource [org/springframework/data/rest/webmvc/config/RepositoryRestMvcConfiguration.class]: Instantiation of bean failed; nested exception is org.springframework.beans.factory.BeanDefinitionStoreException: Factory method [public org.springframework.data.rest.core.config.RepositoryRestConfiguration org.springframework.data.rest.webmvc.config.RepositoryRestMvcConfiguration.config()] threw exception; nested exception is org.springframework.beans.factory.BeanCreationException: Error creating bean with name &apos;repositories&apos; defined in class path resource [org/springframework/data/rest/webmvc/config/RepositoryRestMvcConfiguration.class]: Instantiation of bean failed; nested exception is org.springframework.beans.factory.BeanDefinitionStoreException: Factory method [public org.springframework.data.repository.support.Repositories org.springframework.data.rest.webmvc.config.RepositoryRestMvcConfiguration.repositories()] threw exception; nested exception is org.springframework.beans.factory.UnsatisfiedDependencyException: Error creating bean with name &apos;mongoDBEnvironmentRepositoryImpl&apos; defined in URL [jar:file:/C:/workspaces/denv/denv-server-mongodb/target/denv-server-mongodb-0.1.0.jar!/org/ssoup/denv/server/persistence/mongodb/repository/MongoDBEnvironmentRepositoryImpl.class]: Unsatisfied dependency expressed through constructor argument with index 1 of type [org.ssoup.denv.server.persistence.ApplicationConfigRepository]: : No qualifying bean of type [org.ssoup.denv.server.persistence.ApplicationConfigRepository] is defined: expected single matching bean but found 2: mongoDBImageRepository,mongoDBApplicationConfigRepository; nested exception is org.springframework.beans.factory.NoUniqueBeanDefinitionException: No qualifying bean of type [org.ssoup.denv.server.persistence.ApplicationConfigRepository] is defined: expected single matching bean but found 2: mongoDBImageRepository,mongoDBApplicationConfigRepository
	at org.springframework.context.expression.StandardBeanExpressionResolver.evaluate(StandardBeanExpressionResolver.java:146)
	at org.springframework.beans.factory.support.AbstractBeanFactory.evaluateBeanDefinitionString(AbstractBeanFactory.java:1362)
	at org.springframework.beans.factory.support.DefaultListableBeanFactory.doResolveDependency(DefaultListableBeanFactory.java:873)
	at org.springframework.beans.factory.support.DefaultListableBeanFactory.resolveDependency(DefaultListableBeanFactory.java:858)
	at org.springframework.beans.factory.annotation.AutowiredAnnotationBeanPostProcessor$AutowiredMethodElement.inject(AutowiredAnnotationBeanPostProcessor.java:553)
	... 33 common frames omitted
Caused by: org.springframework.beans.factory.BeanCreationException: Error creating bean with name &apos;securityConfig&apos;: Injection of autowired dependencies failed; nested exception is org.springframework.beans.factory.BeanCreationException: Could not autowire method: public void org.springframework.security.config.annotation.web.configuration.WebSecurityConfigurerAdapter.setContentNegotationStrategy(org.springframework.web.accept.ContentNegotiationStrategy); nested exception is org.springframework.beans.factory.BeanCreationException: Error creating bean with name &apos;org.springframework.web.servlet.config.annotation.DelegatingWebMvcConfiguration&apos;: Injection of autowired dependencies failed; nested exception is org.springframework.beans.factory.BeanCreationException: Could not autowire method: public void org.springframework.web.servlet.config.annotation.DelegatingWebMvcConfiguration.setConfigurers(java.util.List); nested exception is org.springframework.beans.factory.BeanCreationException: Error creating bean with name &apos;org.springframework.boot.autoconfigure.web.WebMvcAutoConfiguration$WebMvcAutoConfigurationAdapter&apos;: Injection of autowired dependencies failed; nested exception is org.springframework.beans.factory.BeanCreationException: Could not autowire field: private org.springframework.boot.autoconfigure.web.HttpMessageConverters org.springframework.boot.autoconfigure.web.WebMvcAutoConfiguration$WebMvcAutoConfigurationAdapter.messageConverters; nested exception is org.springframework.beans.factory.BeanCreationException: Error creating bean with name &apos;org.springframework.boot.autoconfigure.web.HttpMessageConvertersAutoConfiguration&apos;: Injection of autowired dependencies failed; nested exception is org.springframework.beans.factory.BeanCreationException: Could not autowire field: private final java.util.List org.springframework.boot.autoconfigure.web.HttpMessageConvertersAutoConfiguration.converters; nested exception is org.springframework.beans.factory.BeanCreationException: Error creating bean with name &apos;jacksonHttpMessageConverter&apos; defined in class path resource [org/springframework/data/rest/webmvc/config/RepositoryRestMvcConfiguration.class]: Instantiation of bean failed; nested exception is org.springframework.beans.factory.BeanDefinitionStoreException: Factory method [public org.springframework.http.converter.json.MappingJackson2HttpMessageConverter org.springframework.data.rest.webmvc.config.RepositoryRestMvcConfiguration.jacksonHttpMessageConverter()] threw exception; nested exception is org.springframework.beans.factory.BeanCreationException: Error creating bean with name &apos;config&apos; defined in class path resource [org/springframework/data/rest/webmvc/config/RepositoryRestMvcConfiguration.class]: Instantiation of bean failed; nested exception is org.springframework.beans.factory.BeanDefinitionStoreException: Factory method [public org.springframework.data.rest.core.config.RepositoryRestConfiguration org.springframework.data.rest.webmvc.config.RepositoryRestMvcConfiguration.config()] threw exception; nested exception is org.springframework.beans.factory.BeanCreationException: Error creating bean with name &apos;repositories&apos; defined in class path resource [org/springframework/data/rest/webmvc/config/RepositoryRestMvcConfiguration.class]: Instantiation of bean failed; nested exception is org.springframework.beans.factory.BeanDefinitionStoreException: Factory method [public org.springframework.data.repository.support.Repositories org.springframework.data.rest.webmvc.config.RepositoryRestMvcConfiguration.repositories()] threw exception; nested exception is org.springframework.beans.factory.UnsatisfiedDependencyException: Error creating bean with name &apos;mongoDBEnvironmentRepositoryImpl&apos; defined in URL [jar:file:/C:/workspaces/denv/denv-server-mongodb/target/denv-server-mongodb-0.1.0.jar!/org/ssoup/denv/server/persistence/mongodb/repository/MongoDBEnvironmentRepositoryImpl.class]: Unsatisfied dependency expressed through constructor argument with index 1 of type [org.ssoup.denv.server.persistence.ApplicationConfigRepository]: : No qualifying bean of type [org.ssoup.denv.server.persistence.ApplicationConfigRepository] is defined: expected single matching bean but found 2: mongoDBImageRepository,mongoDBApplicationConfigRepository; nested exception is org.springframework.beans.factory.NoUniqueBeanDefinitionException: No qualifying bean of type [org.ssoup.denv.server.persistence.ApplicationConfigRepository] is defined: expected single matching bean but found 2: mongoDBImageRepository,mongoDBApplicationConfigRepository
	at org.springframework.beans.factory.annotation.AutowiredAnnotationBeanPostProcessor.postProcessPropertyValues(AutowiredAnnotationBeanPostProcessor.java:292)
	at org.springframework.beans.factory.support.AbstractAutowireCapableBeanFactory.populateBean(AbstractAutowireCapableBeanFactory.java:1185)
	at org.springframework.beans.factory.support.AbstractAutowireCapableBeanFactory.doCreateBean(AbstractAutowireCapableBeanFactory.java:537)
	at org.springframework.beans.factory.support.AbstractAutowireCapableBeanFactory.createBean(AbstractAutowireCapableBeanFactory.java:475)
	at org.springframework.beans.factory.support.AbstractBeanFactory$1.getObject(AbstractBeanFactory.java:302)
	at org.springframework.beans.factory.support.DefaultSingletonBeanRegistry.getSingleton(DefaultSingletonBeanRegistry.java:228)
	at org.springframework.beans.factory.support.AbstractBeanFactory.doGetBean(AbstractBeanFactory.java:298)
	at org.springframework.beans.factory.support.AbstractBeanFactory.getBean(AbstractBeanFactory.java:198)
	at org.springframework.beans.factory.support.DefaultListableBeanFactory.getBeansOfType(DefaultListableBeanFactory.java:470)
	at org.springframework.beans.factory.support.DefaultListableBeanFactory.getBeansOfType(DefaultListableBeanFactory.java:459)
	at org.springframework.security.config.annotation.web.configuration.AutowiredWebSecurityConfigurersIgnoreParents.getWebSecurityConfigurers(AutowiredWebSecurityConfigurersIgnoreParents.java:52)
	at sun.reflect.NativeMethodAccessorImpl.invoke0(Native Method)
	at sun.reflect.NativeMethodAccessorImpl.invoke(NativeMethodAccessorImpl.java:39)
	at sun.reflect.DelegatingMethodAccessorImpl.invoke(DelegatingMethodAccessorImpl.java:25)
	at java.lang.reflect.Method.invoke(Method.java:597)
	at org.springframework.expression.spel.support.ReflectiveMethodExecutor.execute(ReflectiveMethodExecutor.java:63)
	at org.springframework.expression.spel.ast.MethodReference.getValueInternal(MethodReference.java:122)
	at org.springframework.expression.spel.ast.MethodReference.access$000(MethodReference.java:44)
	at org.springframework.expression.spel.ast.MethodReference$MethodValueRef.getValue(MethodReference.java:258)
	at org.springframework.expression.spel.ast.CompoundExpression.getValueInternal(CompoundExpression.java:84)
	at org.springframework.expression.spel.ast.SpelNodeImpl.getValue(SpelNodeImpl.java:103)
	at org.springframework.expression.spel.standard.SpelExpression.getValue(SpelExpression.java:94)
	at org.springframework.context.expression.StandardBeanExpressionResolver.evaluate(StandardBeanExpressionResolver.java:143)
	... 37 common frames omitted
Caused by: org.springframework.beans.factory.BeanCreationException: Could not autowire method: public void org.springframework.security.config.annotation.web.configuration.WebSecurityConfigurerAdapter.setContentNegotationStrategy(org.springframework.web.accept.ContentNegotiationStrategy); nested exception is org.springframework.beans.factory.BeanCreationException: Error creating bean with name &apos;org.springframework.web.servlet.config.annotation.DelegatingWebMvcConfiguration&apos;: Injection of autowired dependencies failed; nested exception is org.springframework.beans.factory.BeanCreationException: Could not autowire method: public void org.springframework.web.servlet.config.annotation.DelegatingWebMvcConfiguration.setConfigurers(java.util.List); nested exception is org.springframework.beans.factory.BeanCreationException: Error creating bean with name &apos;org.springframework.boot.autoconfigure.web.WebMvcAutoConfiguration$WebMvcAutoConfigurationAdapter&apos;: Injection of autowired dependencies failed; nested exception is org.springframework.beans.factory.BeanCreationException: Could not autowire field: private org.springframework.boot.autoconfigure.web.HttpMessageConverters org.springframework.boot.autoconfigure.web.WebMvcAutoConfiguration$WebMvcAutoConfigurationAdapter.messageConverters; nested exception is org.springframework.beans.factory.BeanCreationException: Error creating bean with name &apos;org.springframework.boot.autoconfigure.web.HttpMessageConvertersAutoConfiguration&apos;: Injection of autowired dependencies failed; nested exception is org.springframework.beans.factory.BeanCreationException: Could not autowire field: private final java.util.List org.springframework.boot.autoconfigure.web.HttpMessageConvertersAutoConfiguration.converters; nested exception is org.springframework.beans.factory.BeanCreationException: Error creating bean with name &apos;jacksonHttpMessageConverter&apos; defined in class path resource [org/springframework/data/rest/webmvc/config/RepositoryRestMvcConfiguration.class]: Instantiation of bean failed; nested exception is org.springframework.beans.factory.BeanDefinitionStoreException: Factory method [public org.springframework.http.converter.json.MappingJackson2HttpMessageConverter org.springframework.data.rest.webmvc.config.RepositoryRestMvcConfiguration.jacksonHttpMessageConverter()] threw exception; nested exception is org.springframework.beans.factory.BeanCreationException: Error creating bean with name &apos;config&apos; defined in class path resource [org/springframework/data/rest/webmvc/config/RepositoryRestMvcConfiguration.class]: Instantiation of bean failed; nested exception is org.springframework.beans.factory.BeanDefinitionStoreException: Factory method [public org.springframework.data.rest.core.config.RepositoryRestConfiguration org.springframework.data.rest.webmvc.config.RepositoryRestMvcConfiguration.config()] threw exception; nested exception is org.springframework.beans.factory.BeanCreationException: Error creating bean with name &apos;repositories&apos; defined in class path resource [org/springframework/data/rest/webmvc/config/RepositoryRestMvcConfiguration.class]: Instantiation of bean failed; nested exception is org.springframework.beans.factory.BeanDefinitionStoreException: Factory method [public org.springframework.data.repository.support.Repositories org.springframework.data.rest.webmvc.config.RepositoryRestMvcConfiguration.repositories()] threw exception; nested exception is org.springframework.beans.factory.UnsatisfiedDependencyException: Error creating bean with name &apos;mongoDBEnvironmentRepositoryImpl&apos; defined in URL [jar:file:/C:/workspaces/denv/denv-server-mongodb/target/denv-server-mongodb-0.1.0.jar!/org/ssoup/denv/server/persistence/mongodb/repository/MongoDBEnvironmentRepositoryImpl.class]: Unsatisfied dependency expressed through constructor argument with index 1 of type [org.ssoup.denv.server.persistence.ApplicationConfigRepository]: : No qualifying bean of type [org.ssoup.denv.server.persistence.ApplicationConfigRepository] is defined: expected single matching bean but found 2: mongoDBImageRepository,mongoDBApplicationConfigRepository; nested exception is org.springframework.beans.factory.NoUniqueBeanDefinitionException: No qualifying bean of type [org.ssoup.denv.server.persistence.ApplicationConfigRepository] is defined: expected single matching bean but found 2: mongoDBImageRepository,mongoDBApplicationConfigRepository
	at org.springframework.beans.factory.annotation.AutowiredAnnotationBeanPostProcessor$AutowiredMethodElement.inject(AutowiredAnnotationBeanPostProcessor.java:596)
	at org.springframework.beans.factory.annotation.InjectionMetadata.inject(InjectionMetadata.java:87)
	at org.springframework.beans.factory.annotation.AutowiredAnnotationBeanPostProcessor.postProcessPropertyValues(AutowiredAnnotationBeanPostProcessor.java:289)
	... 59 common frames omitted
Caused by: org.springframework.beans.factory.BeanCreationException: Error creating bean with name &apos;org.springframework.web.servlet.config.annotation.DelegatingWebMvcConfiguration&apos;: Injection of autowired dependencies failed; nested exception is org.springframework.beans.factory.BeanCreationException: Could not autowire method: public void org.springframework.web.servlet.config.annotation.DelegatingWebMvcConfiguration.setConfigurers(java.util.List); nested exception is org.springframework.beans.factory.BeanCreationException: Error creating bean with name &apos;org.springframework.boot.autoconfigure.web.WebMvcAutoConfiguration$WebMvcAutoConfigurationAdapter&apos;: Injection of autowired dependencies failed; nested exception is org.springframework.beans.factory.BeanCreationException: Could not autowire field: private org.springframework.boot.autoconfigure.web.HttpMessageConverters org.springframework.boot.autoconfigure.web.WebMvcAutoConfiguration$WebMvcAutoConfigurationAdapter.messageConverters; nested exception is org.springframework.beans.factory.BeanCreationException: Error creating bean with name &apos;org.springframework.boot.autoconfigure.web.HttpMessageConvertersAutoConfiguration&apos;: Injection of autowired dependencies failed; nested exception is org.springframework.beans.factory.BeanCreationException: Could not autowire field: private final java.util.List org.springframework.boot.autoconfigure.web.HttpMessageConvertersAutoConfiguration.converters; nested exception is org.springframework.beans.factory.BeanCreationException: Error creating bean with name &apos;jacksonHttpMessageConverter&apos; defined in class path resource [org/springframework/data/rest/webmvc/config/RepositoryRestMvcConfiguration.class]: Instantiation of bean failed; nested exception is org.springframework.beans.factory.BeanDefinitionStoreException: Factory method [public org.springframework.http.converter.json.MappingJackson2HttpMessageConverter org.springframework.data.rest.webmvc.config.RepositoryRestMvcConfiguration.jacksonHttpMessageConverter()] threw exception; nested exception is org.springframework.beans.factory.BeanCreationException: Error creating bean with name &apos;config&apos; defined in class path resource [org/springframework/data/rest/webmvc/config/RepositoryRestMvcConfiguration.class]: Instantiation of bean failed; nested exception is org.springframework.beans.factory.BeanDefinitionStoreException: Factory method [public org.springframework.data.rest.core.config.RepositoryRestConfiguration org.springframework.data.rest.webmvc.config.RepositoryRestMvcConfiguration.config()] threw exception; nested exception is org.springframework.beans.factory.BeanCreationException: Error creating bean with name &apos;repositories&apos; defined in class path resource [org/springframework/data/rest/webmvc/config/RepositoryRestMvcConfiguration.class]: Instantiation of bean failed; nested exception is org.springframework.beans.factory.BeanDefinitionStoreException: Factory method [public org.springframework.data.repository.support.Repositories org.springframework.data.rest.webmvc.config.RepositoryRestMvcConfiguration.repositories()] threw exception; nested exception is org.springframework.beans.factory.UnsatisfiedDependencyException: Error creating bean with name &apos;mongoDBEnvironmentRepositoryImpl&apos; defined in URL [jar:file:/C:/workspaces/denv/denv-server-mongodb/target/denv-server-mongodb-0.1.0.jar!/org/ssoup/denv/server/persistence/mongodb/repository/MongoDBEnvironmentRepositoryImpl.class]: Unsatisfied dependency expressed through constructor argument with index 1 of type [org.ssoup.denv.server.persistence.ApplicationConfigRepository]: : No qualifying bean of type [org.ssoup.denv.server.persistence.ApplicationConfigRepository] is defined: expected single matching bean but found 2: mongoDBImageRepository,mongoDBApplicationConfigRepository; nested exception is org.springframework.beans.factory.NoUniqueBeanDefinitionException: No qualifying bean of type [org.ssoup.denv.server.persistence.ApplicationConfigRepository] is defined: expected single matching bean but found 2: mongoDBImageRepository,mongoDBApplicationConfigRepository
	at org.springframework.beans.factory.annotation.AutowiredAnnotationBeanPostProcessor.postProcessPropertyValues(AutowiredAnnotationBeanPostProcessor.java:292)
	at org.springframework.beans.factory.support.AbstractAutowireCapableBeanFactory.populateBean(AbstractAutowireCapableBeanFactory.java:1185)
	at org.springframework.beans.factory.support.AbstractAutowireCapableBeanFactory.doCreateBean(AbstractAutowireCapableBeanFactory.java:537)
	at org.springframework.beans.factory.support.AbstractAutowireCapableBeanFactory.createBean(AbstractAutowireCapableBeanFactory.java:475)
	at org.springframework.beans.factory.support.AbstractBeanFactory$1.getObject(AbstractBeanFactory.java:302)
	at org.springframework.beans.factory.support.DefaultSingletonBeanRegistry.getSingleton(DefaultSingletonBeanRegistry.java:228)
	at org.springframework.beans.factory.support.AbstractBeanFactory.doGetBean(AbstractBeanFactory.java:298)
	at org.springframework.beans.factory.support.AbstractBeanFactory.getBean(AbstractBeanFactory.java:193)
	at org.springframework.beans.factory.support.ConstructorResolver.instantiateUsingFactoryMethod(ConstructorResolver.java:370)
	at org.springframework.beans.factory.support.AbstractAutowireCapableBeanFactory.instantiateUsingFactoryMethod(AbstractAutowireCapableBeanFactory.java:1094)
	at org.springframework.beans.factory.support.AbstractAutowireCapableBeanFactory.createBeanInstance(AbstractAutowireCapableBeanFactory.java:989)
	at org.springframework.beans.factory.support.AbstractAutowireCapableBeanFactory.doCreateBean(AbstractAutowireCapableBeanFactory.java:504)
	at org.springframework.beans.factory.support.AbstractAutowireCapableBeanFactory.createBean(AbstractAutowireCapableBeanFactory.java:475)
	at org.springframework.beans.factory.support.AbstractBeanFactory$1.getObject(AbstractBeanFactory.java:302)
	at org.springframework.beans.factory.support.DefaultSingletonBeanRegistry.getSingleton(DefaultSingletonBeanRegistry.java:228)
	at org.springframework.beans.factory.support.AbstractBeanFactory.doGetBean(AbstractBeanFactory.java:298)
	at org.springframework.beans.factory.support.AbstractBeanFactory.getBean(AbstractBeanFactory.java:193)
	at org.springframework.beans.factory.support.DefaultListableBeanFactory.findAutowireCandidates(DefaultListableBeanFactory.java:1017)
	at org.springframework.beans.factory.support.DefaultListableBeanFactory.doResolveDependency(DefaultListableBeanFactory.java:960)
	at org.springframework.beans.factory.support.DefaultListableBeanFactory.resolveDependency(DefaultListableBeanFactory.java:858)
	at org.springframework.beans.factory.annotation.AutowiredAnnotationBeanPostProcessor$AutowiredMethodElement.inject(AutowiredAnnotationBeanPostProcessor.java:553)
	... 61 common frames omitted
Caused by: org.springframework.beans.factory.BeanCreationException: Could not autowire method: public void org.springframework.web.servlet.config.annotation.DelegatingWebMvcConfiguration.setConfigurers(java.util.List); nested exception is org.springframework.beans.factory.BeanCreationException: Error creating bean with name &apos;org.springframework.boot.autoconfigure.web.WebMvcAutoConfiguration$WebMvcAutoConfigurationAdapter&apos;: Injection of autowired dependencies failed; nested exception is org.springframework.beans.factory.BeanCreationException: Could not autowire field: private org.springframework.boot.autoconfigure.web.HttpMessageConverters org.springframework.boot.autoconfigure.web.WebMvcAutoConfiguration$WebMvcAutoConfigurationAdapter.messageConverters; nested exception is org.springframework.beans.factory.BeanCreationException: Error creating bean with name &apos;org.springframework.boot.autoconfigure.web.HttpMessageConvertersAutoConfiguration&apos;: Injection of autowired dependencies failed; nested exception is org.springframework.beans.factory.BeanCreationException: Could not autowire field: private final java.util.List org.springframework.boot.autoconfigure.web.HttpMessageConvertersAutoConfiguration.converters; nested exception is org.springframework.beans.factory.BeanCreationException: Error creating bean with name &apos;jacksonHttpMessageConverter&apos; defined in class path resource [org/springframework/data/rest/webmvc/config/RepositoryRestMvcConfiguration.class]: Instantiation of bean failed; nested exception is org.springframework.beans.factory.BeanDefinitionStoreException: Factory method [public org.springframework.http.converter.json.MappingJackson2HttpMessageConverter org.springframework.data.rest.webmvc.config.RepositoryRestMvcConfiguration.jacksonHttpMessageConverter()] threw exception; nested exception is org.springframework.beans.factory.BeanCreationException: Error creating bean with name &apos;config&apos; defined in class path resource [org/springframework/data/rest/webmvc/config/RepositoryRestMvcConfiguration.class]: Instantiation of bean failed; nested exception is org.springframework.beans.factory.BeanDefinitionStoreException: Factory method [public org.springframework.data.rest.core.config.RepositoryRestConfiguration org.springframework.data.rest.webmvc.config.RepositoryRestMvcConfiguration.config()] threw exception; nested exception is org.springframework.beans.factory.BeanCreationException: Error creating bean with name &apos;repositories&apos; defined in class path resource [org/springframework/data/rest/webmvc/config/RepositoryRestMvcConfiguration.class]: Instantiation of bean failed; nested exception is org.springframework.beans.factory.BeanDefinitionStoreException: Factory method [public org.springframework.data.repository.support.Repositories org.springframework.data.rest.webmvc.config.RepositoryRestMvcConfiguration.repositories()] threw exception; nested exception is org.springframework.beans.factory.UnsatisfiedDependencyException: Error creating bean with name &apos;mongoDBEnvironmentRepositoryImpl&apos; defined in URL [jar:file:/C:/workspaces/denv/denv-server-mongodb/target/denv-server-mongodb-0.1.0.jar!/org/ssoup/denv/server/persistence/mongodb/repository/MongoDBEnvironmentRepositoryImpl.class]: Unsatisfied dependency expressed through constructor argument with index 1 of type [org.ssoup.denv.server.persistence.ApplicationConfigRepository]: : No qualifying bean of type [org.ssoup.denv.server.persistence.ApplicationConfigRepository] is defined: expected single matching bean but found 2: mongoDBImageRepository,mongoDBApplicationConfigRepository; nested exception is org.springframework.beans.factory.NoUniqueBeanDefinitionException: No qualifying bean of type [org.ssoup.denv.server.persistence.ApplicationConfigRepository] is defined: expected single matching bean but found 2: mongoDBImageRepository,mongoDBApplicationConfigRepository
	at org.springframework.beans.factory.annotation.AutowiredAnnotationBeanPostProcessor$AutowiredMethodElement.inject(AutowiredAnnotationBeanPostProcessor.java:596)
	at org.springframework.beans.factory.annotation.InjectionMetadata.inject(InjectionMetadata.java:87)
	at org.springframework.beans.factory.annotation.AutowiredAnnotationBeanPostProcessor.postProcessPropertyValues(AutowiredAnnotationBeanPostProcessor.java:289)
	... 81 common frames omitted
Caused by: org.springframework.beans.factory.BeanCreationException: Error creating bean with name &apos;org.springframework.boot.autoconfigure.web.WebMvcAutoConfiguration$WebMvcAutoConfigurationAdapter&apos;: Injection of autowired dependencies failed; nested exception is org.springframework.beans.factory.BeanCreationException: Could not autowire field: private org.springframework.boot.autoconfigure.web.HttpMessageConverters org.springframework.boot.autoconfigure.web.WebMvcAutoConfiguration$WebMvcAutoConfigurationAdapter.messageConverters; nested exception is org.springframework.beans.factory.BeanCreationException: Error creating bean with name &apos;org.springframework.boot.autoconfigure.web.HttpMessageConvertersAutoConfiguration&apos;: Injection of autowired dependencies failed; nested exception is org.springframework.beans.factory.BeanCreationException: Could not autowire field: private final java.util.List org.springframework.boot.autoconfigure.web.HttpMessageConvertersAutoConfiguration.converters; nested exception is org.springframework.beans.factory.BeanCreationException: Error creating bean with name &apos;jacksonHttpMessageConverter&apos; defined in class path resource [org/springframework/data/rest/webmvc/config/RepositoryRestMvcConfiguration.class]: Instantiation of bean failed; nested exception is org.springframework.beans.factory.BeanDefinitionStoreException: Factory method [public org.springframework.http.converter.json.MappingJackson2HttpMessageConverter org.springframework.data.rest.webmvc.config.RepositoryRestMvcConfiguration.jacksonHttpMessageConverter()] threw exception; nested exception is org.springframework.beans.factory.BeanCreationException: Error creating bean with name &apos;config&apos; defined in class path resource [org/springframework/data/rest/webmvc/config/RepositoryRestMvcConfiguration.class]: Instantiation of bean failed; nested exception is org.springframework.beans.factory.BeanDefinitionStoreException: Factory method [public org.springframework.data.rest.core.config.RepositoryRestConfiguration org.springframework.data.rest.webmvc.config.RepositoryRestMvcConfiguration.config()] threw exception; nested exception is org.springframework.beans.factory.BeanCreationException: Error creating bean with name &apos;repositories&apos; defined in class path resource [org/springframework/data/rest/webmvc/config/RepositoryRestMvcConfiguration.class]: Instantiation of bean failed; nested exception is org.springframework.beans.factory.BeanDefinitionStoreException: Factory method [public org.springframework.data.repository.support.Repositories org.springframework.data.rest.webmvc.config.RepositoryRestMvcConfiguration.repositories()] threw exception; nested exception is org.springframework.beans.factory.UnsatisfiedDependencyException: Error creating bean with name &apos;mongoDBEnvironmentRepositoryImpl&apos; defined in URL [jar:file:/C:/workspaces/denv/denv-server-mongodb/target/denv-server-mongodb-0.1.0.jar!/org/ssoup/denv/server/persistence/mongodb/repository/MongoDBEnvironmentRepositoryImpl.class]: Unsatisfied dependency expressed through constructor argument with index 1 of type [org.ssoup.denv.server.persistence.ApplicationConfigRepository]: : No qualifying bean of type [org.ssoup.denv.server.persistence.ApplicationConfigRepository] is defined: expected single matching bean but found 2: mongoDBImageRepository,mongoDBApplicationConfigRepository; nested exception is org.springframework.beans.factory.NoUniqueBeanDefinitionException: No qualifying bean of type [org.ssoup.denv.server.persistence.ApplicationConfigRepository] is defined: expected single matching bean but found 2: mongoDBImageRepository,mongoDBApplicationConfigRepository
	at org.springframework.beans.factory.annotation.AutowiredAnnotationBeanPostProcessor.postProcessPropertyValues(AutowiredAnnotationBeanPostProcessor.java:292)
	at org.springframework.beans.factory.support.AbstractAutowireCapableBeanFactory.populateBean(AbstractAutowireCapableBeanFactory.java:1185)
	at org.springframework.beans.factory.support.AbstractAutowireCapableBeanFactory.doCreateBean(AbstractAutowireCapableBeanFactory.java:537)
	at org.springframework.beans.factory.support.AbstractAutowireCapableBeanFactory.createBean(AbstractAutowireCapableBeanFactory.java:475)
	at org.springframework.beans.factory.support.AbstractBeanFactory$1.getObject(AbstractBeanFactory.java:302)
	at org.springframework.beans.factory.support.DefaultSingletonBeanRegistry.getSingleton(DefaultSingletonBeanRegistry.java:228)
	at org.springframework.beans.factory.support.AbstractBeanFactory.doGetBean(AbstractBeanFactory.java:298)
	at org.springframework.beans.factory.support.AbstractBeanFactory.getBean(AbstractBeanFactory.java:193)
	at org.springframework.beans.factory.support.DefaultListableBeanFactory.findAutowireCandidates(DefaultListableBeanFactory.java:1017)
	at org.springframework.beans.factory.support.DefaultListableBeanFactory.doResolveDependency(DefaultListableBeanFactory.java:912)
	at org.springframework.beans.factory.support.DefaultListableBeanFactory.resolveDependency(DefaultListableBeanFactory.java:858)
	at org.springframework.beans.factory.annotation.AutowiredAnnotationBeanPostProcessor$AutowiredMethodElement.inject(AutowiredAnnotationBeanPostProcessor.java:553)
	... 83 common frames omitted
Caused by: org.springframework.beans.factory.BeanCreationException: Could not autowire field: private org.springframework.boot.autoconfigure.web.HttpMessageConverters org.springframework.boot.autoconfigure.web.WebMvcAutoConfiguration$WebMvcAutoConfigurationAdapter.messageConverters; nested exception is org.springframework.beans.factory.BeanCreationException: Error creating bean with name &apos;org.springframework.boot.autoconfigure.web.HttpMessageConvertersAutoConfiguration&apos;: Injection of autowired dependencies failed; nested exception is org.springframework.beans.factory.BeanCreationException: Could not autowire field: private final java.util.List org.springframework.boot.autoconfigure.web.HttpMessageConvertersAutoConfiguration.converters; nested exception is org.springframework.beans.factory.BeanCreationException: Error creating bean with name &apos;jacksonHttpMessageConverter&apos; defined in class path resource [org/springframework/data/rest/webmvc/config/RepositoryRestMvcConfiguration.class]: Instantiation of bean failed; nested exception is org.springframework.beans.factory.BeanDefinitionStoreException: Factory method [public org.springframework.http.converter.json.MappingJackson2HttpMessageConverter org.springframework.data.rest.webmvc.config.RepositoryRestMvcConfiguration.jacksonHttpMessageConverter()] threw exception; nested exception is org.springframework.beans.factory.BeanCreationException: Error creating bean with name &apos;config&apos; defined in class path resource [org/springframework/data/rest/webmvc/config/RepositoryRestMvcConfiguration.class]: Instantiation of bean failed; nested exception is org.springframework.beans.factory.BeanDefinitionStoreException: Factory method [public org.springframework.data.rest.core.config.RepositoryRestConfiguration org.springframework.data.rest.webmvc.config.RepositoryRestMvcConfiguration.config()] threw exception; nested exception is org.springframework.beans.factory.BeanCreationException: Error creating bean with name &apos;repositories&apos; defined in class path resource [org/springframework/data/rest/webmvc/config/RepositoryRestMvcConfiguration.class]: Instantiation of bean failed; nested exception is org.springframework.beans.factory.BeanDefinitionStoreException: Factory method [public org.springframework.data.repository.support.Repositories org.springframework.data.rest.webmvc.config.RepositoryRestMvcConfiguration.repositories()] threw exception; nested exception is org.springframework.beans.factory.UnsatisfiedDependencyException: Error creating bean with name &apos;mongoDBEnvironmentRepositoryImpl&apos; defined in URL [jar:file:/C:/workspaces/denv/denv-server-mongodb/target/denv-server-mongodb-0.1.0.jar!/org/ssoup/denv/server/persistence/mongodb/repository/MongoDBEnvironmentRepositoryImpl.class]: Unsatisfied dependency expressed through constructor argument with index 1 of type [org.ssoup.denv.server.persistence.ApplicationConfigRepository]: : No qualifying bean of type [org.ssoup.denv.server.persistence.ApplicationConfigRepository] is defined: expected single matching bean but found 2: mongoDBImageRepository,mongoDBApplicationConfigRepository; nested exception is org.springframework.beans.factory.NoUniqueBeanDefinitionException: No qualifying bean of type [org.ssoup.denv.server.persistence.ApplicationConfigRepository] is defined: expected single matching bean but found 2: mongoDBImageRepository,mongoDBApplicationConfigRepository
	at org.springframework.beans.factory.annotation.AutowiredAnnotationBeanPostProcessor$AutowiredFieldElement.inject(AutowiredAnnotationBeanPostProcessor.java:508)
	at org.springframework.beans.factory.annotation.InjectionMetadata.inject(InjectionMetadata.java:87)
	at org.springframework.beans.factory.annotation.AutowiredAnnotationBeanPostProcessor.postProcessPropertyValues(AutowiredAnnotationBeanPostProcessor.java:289)
	... 94 common frames omitted
Caused by: org.springframework.beans.factory.BeanCreationException: Error creating bean with name &apos;org.springframework.boot.autoconfigure.web.HttpMessageConvertersAutoConfiguration&apos;: Injection of autowired dependencies failed; nested exception is org.springframework.beans.factory.BeanCreationException: Could not autowire field: private final java.util.List org.springframework.boot.autoconfigure.web.HttpMessageConvertersAutoConfiguration.converters; nested exception is org.springframework.beans.factory.BeanCreationException: Error creating bean with name &apos;jacksonHttpMessageConverter&apos; defined in class path resource [org/springframework/data/rest/webmvc/config/RepositoryRestMvcConfiguration.class]: Instantiation of bean failed; nested exception is org.springframework.beans.factory.BeanDefinitionStoreException: Factory method [public org.springframework.http.converter.json.MappingJackson2HttpMessageConverter org.springframework.data.rest.webmvc.config.RepositoryRestMvcConfiguration.jacksonHttpMessageConverter()] threw exception; nested exception is org.springframework.beans.factory.BeanCreationException: Error creating bean with name &apos;config&apos; defined in class path resource [org/springframework/data/rest/webmvc/config/RepositoryRestMvcConfiguration.class]: Instantiation of bean failed; nested exception is org.springframework.beans.factory.BeanDefinitionStoreException: Factory method [public org.springframework.data.rest.core.config.RepositoryRestConfiguration org.springframework.data.rest.webmvc.config.RepositoryRestMvcConfiguration.config()] threw exception; nested exception is org.springframework.beans.factory.BeanCreationException: Error creating bean with name &apos;repositories&apos; defined in class path resource [org/springframework/data/rest/webmvc/config/RepositoryRestMvcConfiguration.class]: Instantiation of bean failed; nested exception is org.springframework.beans.factory.BeanDefinitionStoreException: Factory method [public org.springframework.data.repository.support.Repositories org.springframework.data.rest.webmvc.config.RepositoryRestMvcConfiguration.repositories()] threw exception; nested exception is org.springframework.beans.factory.UnsatisfiedDependencyException: Error creating bean with name &apos;mongoDBEnvironmentRepositoryImpl&apos; defined in URL [jar:file:/C:/workspaces/denv/denv-server-mongodb/target/denv-server-mongodb-0.1.0.jar!/org/ssoup/denv/server/persistence/mongodb/repository/MongoDBEnvironmentRepositoryImpl.class]: Unsatisfied dependency expressed through constructor argument with index 1 of type [org.ssoup.denv.server.persistence.ApplicationConfigRepository]: : No qualifying bean of type [org.ssoup.denv.server.persistence.ApplicationConfigRepository] is defined: expected single matching bean but found 2: mongoDBImageRepository,mongoDBApplicationConfigRepository; nested exception is org.springframework.beans.factory.NoUniqueBeanDefinitionException: No qualifying bean of type [org.ssoup.denv.server.persistence.ApplicationConfigRepository] is defined: expected single matching bean but found 2: mongoDBImageRepository,mongoDBApplicationConfigRepository
	at org.springframework.beans.factory.annotation.AutowiredAnnotationBeanPostProcessor.postProcessPropertyValues(AutowiredAnnotationBeanPostProcessor.java:292)
	at org.springframework.beans.factory.support.AbstractAutowireCapableBeanFactory.populateBean(AbstractAutowireCapableBeanFactory.java:1185)
	at org.springframework.beans.factory.support.AbstractAutowireCapableBeanFactory.doCreateBean(AbstractAutowireCapableBeanFactory.java:537)
	at org.springframework.beans.factory.support.AbstractAutowireCapableBeanFactory.createBean(AbstractAutowireCapableBeanFactory.java:475)
	at org.springframework.beans.factory.support.AbstractBeanFactory$1.getObject(AbstractBeanFactory.java:302)
	at org.springframework.beans.factory.support.DefaultSingletonBeanRegistry.getSingleton(DefaultSingletonBeanRegistry.java:228)
	at org.springframework.beans.factory.support.AbstractBeanFactory.doGetBean(AbstractBeanFactory.java:298)
	at org.springframework.beans.factory.support.AbstractBeanFactory.getBean(AbstractBeanFactory.java:193)
	at org.springframework.beans.factory.support.ConstructorResolver.instantiateUsingFactoryMethod(ConstructorResolver.java:370)
	at org.springframework.beans.factory.support.AbstractAutowireCapableBeanFactory.instantiateUsingFactoryMethod(AbstractAutowireCapableBeanFactory.java:1094)
	at org.springframework.beans.factory.support.AbstractAutowireCapableBeanFactory.createBeanInstance(AbstractAutowireCapableBeanFactory.java:989)
	at org.springframework.beans.factory.support.AbstractAutowireCapableBeanFactory.doCreateBean(AbstractAutowireCapableBeanFactory.java:504)
	at org.springframework.beans.factory.support.AbstractAutowireCapableBeanFactory.createBean(AbstractAutowireCapableBeanFactory.java:475)
	at org.springframework.beans.factory.support.AbstractBeanFactory$1.getObject(AbstractBeanFactory.java:302)
	at org.springframework.beans.factory.support.DefaultSingletonBeanRegistry.getSingleton(DefaultSingletonBeanRegistry.java:228)
	at org.springframework.beans.factory.support.AbstractBeanFactory.doGetBean(AbstractBeanFactory.java:298)
	at org.springframework.beans.factory.support.AbstractBeanFactory.getBean(AbstractBeanFactory.java:193)
	at org.springframework.beans.factory.support.DefaultListableBeanFactory.findAutowireCandidates(DefaultListableBeanFactory.java:1017)
	at org.springframework.beans.factory.support.DefaultListableBeanFactory.doResolveDependency(DefaultListableBeanFactory.java:960)
	at org.springframework.beans.factory.support.DefaultListableBeanFactory.resolveDependency(DefaultListableBeanFactory.java:858)
	at org.springframework.beans.factory.annotation.AutowiredAnnotationBeanPostProcessor$AutowiredFieldElement.inject(AutowiredAnnotationBeanPostProcessor.java:480)
	... 96 common frames omitted
Caused by: org.springframework.beans.factory.BeanCreationException: Could not autowire field: private final java.util.List org.springframework.boot.autoconfigure.web.HttpMessageConvertersAutoConfiguration.converters; nested exception is org.springframework.beans.factory.BeanCreationException: Error creating bean with name &apos;jacksonHttpMessageConverter&apos; defined in class path resource [org/springframework/data/rest/webmvc/config/RepositoryRestMvcConfiguration.class]: Instantiation of bean failed; nested exception is org.springframework.beans.factory.BeanDefinitionStoreException: Factory method [public org.springframework.http.converter.json.MappingJackson2HttpMessageConverter org.springframework.data.rest.webmvc.config.RepositoryRestMvcConfiguration.jacksonHttpMessageConverter()] threw exception; nested exception is org.springframework.beans.factory.BeanCreationException: Error creating bean with name &apos;config&apos; defined in class path resource [org/springframework/data/rest/webmvc/config/RepositoryRestMvcConfiguration.class]: Instantiation of bean failed; nested exception is org.springframework.beans.factory.BeanDefinitionStoreException: Factory method [public org.springframework.data.rest.core.config.RepositoryRestConfiguration org.springframework.data.rest.webmvc.config.RepositoryRestMvcConfiguration.config()] threw exception; nested exception is org.springframework.beans.factory.BeanCreationException: Error creating bean with name &apos;repositories&apos; defined in class path resource [org/springframework/data/rest/webmvc/config/RepositoryRestMvcConfiguration.class]: Instantiation of bean failed; nested exception is org.springframework.beans.factory.BeanDefinitionStoreException: Factory method [public org.springframework.data.repository.support.Repositories org.springframework.data.rest.webmvc.config.RepositoryRestMvcConfiguration.repositories()] threw exception; nested exception is org.springframework.beans.factory.UnsatisfiedDependencyException: Error creating bean with name &apos;mongoDBEnvironmentRepositoryImpl&apos; defined in URL [jar:file:/C:/workspaces/denv/denv-server-mongodb/target/denv-server-mongodb-0.1.0.jar!/org/ssoup/denv/server/persistence/mongodb/repository/MongoDBEnvironmentRepositoryImpl.class]: Unsatisfied dependency expressed through constructor argument with index 1 of type [org.ssoup.denv.server.persistence.ApplicationConfigRepository]: : No qualifying bean of type [org.ssoup.denv.server.persistence.ApplicationConfigRepository] is defined: expected single matching bean but found 2: mongoDBImageRepository,mongoDBApplicationConfigRepository; nested exception is org.springframework.beans.factory.NoUniqueBeanDefinitionException: No qualifying bean of type [org.ssoup.denv.server.persistence.ApplicationConfigRepository] is defined: expected single matching bean but found 2: mongoDBImageRepository,mongoDBApplicationConfigRepository
	at org.springframework.beans.factory.annotation.AutowiredAnnotationBeanPostProcessor$AutowiredFieldElement.inject(AutowiredAnnotationBeanPostProcessor.java:508)
	at org.springframework.beans.factory.annotation.InjectionMetadata.inject(InjectionMetadata.java:87)
	at org.springframework.beans.factory.annotation.AutowiredAnnotationBeanPostProcessor.postProcessPropertyValues(AutowiredAnnotationBeanPostProcessor.java:289)
	... 116 common frames omitted
Caused by: org.springframework.beans.factory.BeanCreationException: Error creating bean with name &apos;jacksonHttpMessageConverter&apos; defined in class path resource [org/springframework/data/rest/webmvc/config/RepositoryRestMvcConfiguration.class]: Instantiation of bean failed; nested exception is org.springframework.beans.factory.BeanDefinitionStoreException: Factory method [public org.springframework.http.converter.json.MappingJackson2HttpMessageConverter org.springframework.data.rest.webmvc.config.RepositoryRestMvcConfiguration.jacksonHttpMessageConverter()] threw exception; nested exception is org.springframework.beans.factory.BeanCreationException: Error creating bean with name &apos;config&apos; defined in class path resource [org/springframework/data/rest/webmvc/config/RepositoryRestMvcConfiguration.class]: Instantiation of bean failed; nested exception is org.springframework.beans.factory.BeanDefinitionStoreException: Factory method [public org.springframework.data.rest.core.config.RepositoryRestConfiguration org.springframework.data.rest.webmvc.config.RepositoryRestMvcConfiguration.config()] threw exception; nested exception is org.springframework.beans.factory.BeanCreationException: Error creating bean with name &apos;repositories&apos; defined in class path resource [org/springframework/data/rest/webmvc/config/RepositoryRestMvcConfiguration.class]: Instantiation of bean failed; nested exception is org.springframework.beans.factory.BeanDefinitionStoreException: Factory method [public org.springframework.data.repository.support.Repositories org.springframework.data.rest.webmvc.config.RepositoryRestMvcConfiguration.repositories()] threw exception; nested exception is org.springframework.beans.factory.UnsatisfiedDependencyException: Error creating bean with name &apos;mongoDBEnvironmentRepositoryImpl&apos; defined in URL [jar:file:/C:/workspaces/denv/denv-server-mongodb/target/denv-server-mongodb-0.1.0.jar!/org/ssoup/denv/server/persistence/mongodb/repository/MongoDBEnvironmentRepositoryImpl.class]: Unsatisfied dependency expressed through constructor argument with index 1 of type [org.ssoup.denv.server.persistence.ApplicationConfigRepository]: : No qualifying bean of type [org.ssoup.denv.server.persistence.ApplicationConfigRepository] is defined: expected single matching bean but found 2: mongoDBImageRepository,mongoDBApplicationConfigRepository; nested exception is org.springframework.beans.factory.NoUniqueBeanDefinitionException: No qualifying bean of type [org.ssoup.denv.server.persistence.ApplicationConfigRepository] is defined: expected single matching bean but found 2: mongoDBImageRepository,mongoDBApplicationConfigRepository
	at org.springframework.beans.factory.support.ConstructorResolver.instantiateUsingFactoryMethod(ConstructorResolver.java:597)
	at org.springframework.beans.factory.support.AbstractAutowireCapableBeanFactory.instantiateUsingFactoryMethod(AbstractAutowireCapableBeanFactory.java:1094)
	at org.springframework.beans.factory.support.AbstractAutowireCapableBeanFactory.createBeanInstance(AbstractAutowireCapableBeanFactory.java:989)
	at org.springframework.beans.factory.support.AbstractAutowireCapableBeanFactory.doCreateBean(AbstractAutowireCapableBeanFactory.java:504)
	at org.springframework.beans.factory.support.AbstractAutowireCapableBeanFactory.createBean(AbstractAutowireCapableBeanFactory.java:475)
	at org.springframework.beans.factory.support.AbstractBeanFactory$1.getObject(AbstractBeanFactory.java:302)
	at org.springframework.beans.factory.support.DefaultSingletonBeanRegistry.getSingleton(DefaultSingletonBeanRegistry.java:228)
	at org.springframework.beans.factory.support.AbstractBeanFactory.doGetBean(AbstractBeanFactory.java:298)
	at org.springframework.beans.factory.support.AbstractBeanFactory.getBean(AbstractBeanFactory.java:193)
	at org.springframework.beans.factory.support.DefaultListableBeanFactory.findAutowireCandidates(DefaultListableBeanFactory.java:1017)
	at org.springframework.beans.factory.support.DefaultListableBeanFactory.doResolveDependency(DefaultListableBeanFactory.java:912)
	at org.springframework.beans.factory.support.DefaultListableBeanFactory.resolveDependency(DefaultListableBeanFactory.java:858)
	at org.springframework.beans.factory.annotation.AutowiredAnnotationBeanPostProcessor$AutowiredFieldElement.inject(AutowiredAnnotationBeanPostProcessor.java:480)
	... 118 common frames omitted
Caused by: org.springframework.beans.factory.BeanDefinitionStoreException: Factory method [public org.springframework.http.converter.json.MappingJackson2HttpMessageConverter org.springframework.data.rest.webmvc.config.RepositoryRestMvcConfiguration.jacksonHttpMessageConverter()] threw exception; nested exception is org.springframework.beans.factory.BeanCreationException: Error creating bean with name &apos;config&apos; defined in class path resource [org/springframework/data/rest/webmvc/config/RepositoryRestMvcConfiguration.class]: Instantiation of bean failed; nested exception is org.springframework.beans.factory.BeanDefinitionStoreException: Factory method [public org.springframework.data.rest.core.config.RepositoryRestConfiguration org.springframework.data.rest.webmvc.config.RepositoryRestMvcConfiguration.config()] threw exception; nested exception is org.springframework.beans.factory.BeanCreationException: Error creating bean with name &apos;repositories&apos; defined in class path resource [org/springframework/data/rest/webmvc/config/RepositoryRestMvcConfiguration.class]: Instantiation of bean failed; nested exception is org.springframework.beans.factory.BeanDefinitionStoreException: Factory method [public org.springframework.data.repository.support.Repositories org.springframework.data.rest.webmvc.config.RepositoryRestMvcConfiguration.repositories()] threw exception; nested exception is org.springframework.beans.factory.UnsatisfiedDependencyException: Error creating bean with name &apos;mongoDBEnvironmentRepositoryImpl&apos; defined in URL [jar:file:/C:/workspaces/denv/denv-server-mongodb/target/denv-server-mongodb-0.1.0.jar!/org/ssoup/denv/server/persistence/mongodb/repository/MongoDBEnvironmentRepositoryImpl.class]: Unsatisfied dependency expressed through constructor argument with index 1 of type [org.ssoup.denv.server.persistence.ApplicationConfigRepository]: : No qualifying bean of type [org.ssoup.denv.server.persistence.ApplicationConfigRepository] is defined: expected single matching bean but found 2: mongoDBImageRepository,mongoDBApplicationConfigRepository; nested exception is org.springframework.beans.factory.NoUniqueBeanDefinitionException: No qualifying bean of type [org.ssoup.denv.server.persistence.ApplicationConfigRepository] is defined: expected single matching bean but found 2: mongoDBImageRepository,mongoDBApplicationConfigRepository
	at org.springframework.beans.factory.support.SimpleInstantiationStrategy.instantiate(SimpleInstantiationStrategy.java:188)
	at org.springframework.beans.factory.support.ConstructorResolver.instantiateUsingFactoryMethod(ConstructorResolver.java:586)
	... 130 common frames omitted
Caused by: org.springframework.beans.factory.BeanCreationException: Error creating bean with name &apos;config&apos; defined in class path resource [org/springframework/data/rest/webmvc/config/RepositoryRestMvcConfiguration.class]: Instantiation of bean failed; nested exception is org.springframework.beans.factory.BeanDefinitionStoreException: Factory method [public org.springframework.data.rest.core.config.RepositoryRestConfiguration org.springframework.data.rest.webmvc.config.RepositoryRestMvcConfiguration.config()] threw exception; nested exception is org.springframework.beans.factory.BeanCreationException: Error creating bean with name &apos;repositories&apos; defined in class path resource [org/springframework/data/rest/webmvc/config/RepositoryRestMvcConfiguration.class]: Instantiation of bean failed; nested exception is org.springframework.beans.factory.BeanDefinitionStoreException: Factory method [public org.springframework.data.repository.support.Repositories org.springframework.data.rest.webmvc.config.RepositoryRestMvcConfiguration.repositories()] threw exception; nested exception is org.springframework.beans.factory.UnsatisfiedDependencyException: Error creating bean with name &apos;mongoDBEnvironmentRepositoryImpl&apos; defined in URL [jar:file:/C:/workspaces/denv/denv-server-mongodb/target/denv-server-mongodb-0.1.0.jar!/org/ssoup/denv/server/persistence/mongodb/repository/MongoDBEnvironmentRepositoryImpl.class]: Unsatisfied dependency expressed through constructor argument with index 1 of type [org.ssoup.denv.server.persistence.ApplicationConfigRepository]: : No qualifying bean of type [org.ssoup.denv.server.persistence.ApplicationConfigRepository] is defined: expected single matching bean but found 2: mongoDBImageRepository,mongoDBApplicationConfigRepository; nested exception is org.springframework.beans.factory.NoUniqueBeanDefinitionException: No qualifying bean of type [org.ssoup.denv.server.persistence.ApplicationConfigRepository] is defined: expected single matching bean but found 2: mongoDBImageRepository,mongoDBApplicationConfigRepository
	at org.springframework.beans.factory.support.ConstructorResolver.instantiateUsingFactoryMethod(ConstructorResolver.java:597)
	at org.springframework.beans.factory.support.AbstractAutowireCapableBeanFactory.instantiateUsingFactoryMethod(AbstractAutowireCapableBeanFactory.java:1094)
	at org.springframework.beans.factory.support.AbstractAutowireCapableBeanFactory.createBeanInstance(AbstractAutowireCapableBeanFactory.java:989)
	at org.springframework.beans.factory.support.AbstractAutowireCapableBeanFactory.doCreateBean(AbstractAutowireCapableBeanFactory.java:504)
	at org.springframework.beans.factory.support.AbstractAutowireCapableBeanFactory.createBean(AbstractAutowireCapableBeanFactory.java:475)
	at org.springframework.beans.factory.support.AbstractBeanFactory$1.getObject(AbstractBeanFactory.java:302)
	at org.springframework.beans.factory.support.DefaultSingletonBeanRegistry.getSingleton(DefaultSingletonBeanRegistry.java:228)
	at org.springframework.beans.factory.support.AbstractBeanFactory.doGetBean(AbstractBeanFactory.java:298)
	at org.springframework.beans.factory.support.AbstractBeanFactory.getBean(AbstractBeanFactory.java:193)
	at org.springframework.context.annotation.ConfigurationClassEnhancer$BeanMethodInterceptor.intercept(ConfigurationClassEnhancer.java:324)
	at org.springframework.data.rest.webmvc.config.RepositoryRestMvcConfiguration$$EnhancerBySpringCGLIB$$2cc48631.config(&lt;generated&gt;)
	at org.springframework.data.rest.webmvc.config.RepositoryRestMvcConfiguration.jacksonHttpMessageConverter(RepositoryRestMvcConfiguration.java:374)
	at org.springframework.data.rest.webmvc.config.RepositoryRestMvcConfiguration$$EnhancerBySpringCGLIB$$2cc48631.CGLIB$jacksonHttpMessageConverter$21(&lt;generated&gt;)
	at org.springframework.data.rest.webmvc.config.RepositoryRestMvcConfiguration$$EnhancerBySpringCGLIB$$2cc48631$$FastClassBySpringCGLIB$$1e60d3fc.invoke(&lt;generated&gt;)
	at org.springframework.cglib.proxy.MethodProxy.invokeSuper(MethodProxy.java:228)
	at org.springframework.context.annotation.ConfigurationClassEnhancer$BeanMethodInterceptor.intercept(ConfigurationClassEnhancer.java:312)
	at org.springframework.data.rest.webmvc.config.RepositoryRestMvcConfiguration$$EnhancerBySpringCGLIB$$2cc48631.jacksonHttpMessageConverter(&lt;generated&gt;)
	at sun.reflect.NativeMethodAccessorImpl.invoke0(Native Method)
	at sun.reflect.NativeMethodAccessorImpl.invoke(NativeMethodAccessorImpl.java:39)
	at sun.reflect.DelegatingMethodAccessorImpl.invoke(DelegatingMethodAccessorImpl.java:25)
	at java.lang.reflect.Method.invoke(Method.java:597)
	at org.springframework.beans.factory.support.SimpleInstantiationStrategy.instantiate(SimpleInstantiationStrategy.java:166)
	... 131 common frames omitted
Caused by: org.springframework.beans.factory.BeanDefinitionStoreException: Factory method [public org.springframework.data.rest.core.config.RepositoryRestConfiguration org.springframework.data.rest.webmvc.config.RepositoryRestMvcConfiguration.config()] threw exception; nested exception is org.springframework.beans.factory.BeanCreationException: Error creating bean with name &apos;repositories&apos; defined in class path resource [org/springframework/data/rest/webmvc/config/RepositoryRestMvcConfiguration.class]: Instantiation of bean failed; nested exception is org.springframework.beans.factory.BeanDefinitionStoreException: Factory method [public org.springframework.data.repository.support.Repositories org.springframework.data.rest.webmvc.config.RepositoryRestMvcConfiguration.repositories()] threw exception; nested exception is org.springframework.beans.factory.UnsatisfiedDependencyException: Error creating bean with name &apos;mongoDBEnvironmentRepositoryImpl&apos; defined in URL [jar:file:/C:/workspaces/denv/denv-server-mongodb/target/denv-server-mongodb-0.1.0.jar!/org/ssoup/denv/server/persistence/mongodb/repository/MongoDBEnvironmentRepositoryImpl.class]: Unsatisfied dependency expressed through constructor argument with index 1 of type [org.ssoup.denv.server.persistence.ApplicationConfigRepository]: : No qualifying bean of type [org.ssoup.denv.server.persistence.ApplicationConfigRepository] is defined: expected single matching bean but found 2: mongoDBImageRepository,mongoDBApplicationConfigRepository; nested exception is org.springframework.beans.factory.NoUniqueBeanDefinitionException: No qualifying bean of type [org.ssoup.denv.server.persistence.ApplicationConfigRepository] is defined: expected single matching bean but found 2: mongoDBImageRepository,mongoDBApplicationConfigRepository
	at org.springframework.beans.factory.support.SimpleInstantiationStrategy.instantiate(SimpleInstantiationStrategy.java:188)
	at org.springframework.beans.factory.support.ConstructorResolver.instantiateUsingFactoryMethod(ConstructorResolver.java:586)
	... 152 common frames omitted
Caused by: org.springframework.beans.factory.BeanCreationException: Error creating bean with name &apos;repositories&apos; defined in class path resource [org/springframework/data/rest/webmvc/config/RepositoryRestMvcConfiguration.class]: Instantiation of bean failed; nested exception is org.springframework.beans.factory.BeanDefinitionStoreException: Factory method [public org.springframework.data.repository.support.Repositories org.springframework.data.rest.webmvc.config.RepositoryRestMvcConfiguration.repositories()] threw exception; nested exception is org.springframework.beans.factory.UnsatisfiedDependencyException: Error creating bean with name &apos;mongoDBEnvironmentRepositoryImpl&apos; defined in URL [jar:file:/C:/workspaces/denv/denv-server-mongodb/target/denv-server-mongodb-0.1.0.jar!/org/ssoup/denv/server/persistence/mongodb/repository/MongoDBEnvironmentRepositoryImpl.class]: Unsatisfied dependency expressed through constructor argument with index 1 of type [org.ssoup.denv.server.persistence.ApplicationConfigRepository]: : No qualifying bean of type [org.ssoup.denv.server.persistence.ApplicationConfigRepository] is defined: expected single matching bean but found 2: mongoDBImageRepository,mongoDBApplicationConfigRepository; nested exception is org.springframework.beans.factory.NoUniqueBeanDefinitionException: No qualifying bean of type [org.ssoup.denv.server.persistence.ApplicationConfigRepository] is defined: expected single matching bean but found 2: mongoDBImageRepository,mongoDBApplicationConfigRepository
	at org.springframework.beans.factory.support.ConstructorResolver.instantiateUsingFactoryMethod(ConstructorResolver.java:597)
	at org.springframework.beans.factory.support.AbstractAutowireCapableBeanFactory.instantiateUsingFactoryMethod(AbstractAutowireCapableBeanFactory.java:1094)
	at org.springframework.beans.factory.support.AbstractAutowireCapableBeanFactory.createBeanInstance(AbstractAutowireCapableBeanFactory.java:989)
	at org.springframework.beans.factory.support.AbstractAutowireCapableBeanFactory.doCreateBean(AbstractAutowireCapableBeanFactory.java:504)
	at org.springframework.beans.factory.support.AbstractAutowireCapableBeanFactory.createBean(AbstractAutowireCapableBeanFactory.java:475)
	at org.springframework.beans.factory.support.AbstractBeanFactory$1.getObject(AbstractBeanFactory.java:302)
	at org.springframework.beans.factory.support.DefaultSingletonBeanRegistry.getSingleton(DefaultSingletonBeanRegistry.java:228)
	at org.springframework.beans.factory.support.AbstractBeanFactory.doGetBean(AbstractBeanFactory.java:298)
	at org.springframework.beans.factory.support.AbstractBeanFactory.getBean(AbstractBeanFactory.java:193)
	at org.springframework.context.annotation.ConfigurationClassEnhancer$BeanMethodInterceptor.intercept(ConfigurationClassEnhancer.java:324)
	at org.springframework.data.rest.webmvc.config.RepositoryRestMvcConfiguration$$EnhancerBySpringCGLIB$$2cc48631.repositories(&lt;generated&gt;)
	at org.springframework.data.rest.webmvc.config.RepositoryRestMvcConfiguration.getProjections(RepositoryRestMvcConfiguration.java:621)
	at org.springframework.data.rest.webmvc.config.RepositoryRestMvcConfiguration.config(RepositoryRestMvcConfiguration.java:224)
	at org.springframework.data.rest.webmvc.config.RepositoryRestMvcConfiguration$$EnhancerBySpringCGLIB$$2cc48631.CGLIB$config$40(&lt;generated&gt;)
	at org.springframework.data.rest.webmvc.config.RepositoryRestMvcConfiguration$$EnhancerBySpringCGLIB$$2cc48631$$FastClassBySpringCGLIB$$1e60d3fc.invoke(&lt;generated&gt;)
	at org.springframework.cglib.proxy.MethodProxy.invokeSuper(MethodProxy.java:228)
	at org.springframework.context.annotation.ConfigurationClassEnhancer$BeanMethodInterceptor.intercept(ConfigurationClassEnhancer.java:312)
	at org.springframework.data.rest.webmvc.config.RepositoryRestMvcConfiguration$$EnhancerBySpringCGLIB$$2cc48631.config(&lt;generated&gt;)
	at sun.reflect.NativeMethodAccessorImpl.invoke0(Native Method)
	at sun.reflect.NativeMethodAccessorImpl.invoke(NativeMethodAccessorImpl.java:39)
	at sun.reflect.DelegatingMethodAccessorImpl.invoke(DelegatingMethodAccessorImpl.java:25)
	at java.lang.reflect.Method.invoke(Method.java:597)
	at org.springframework.beans.factory.support.SimpleInstantiationStrategy.instantiate(SimpleInstantiationStrategy.java:166)
	... 153 common frames omitted
Caused by: org.springframework.beans.factory.BeanDefinitionStoreException: Factory method [public org.springframework.data.repository.support.Repositories org.springframework.data.rest.webmvc.config.RepositoryRestMvcConfiguration.repositories()] threw exception; nested exception is org.springframework.beans.factory.UnsatisfiedDependencyException: Error creating bean with name &apos;mongoDBEnvironmentRepositoryImpl&apos; defined in URL [jar:file:/C:/workspaces/denv/denv-server-mongodb/target/denv-server-mongodb-0.1.0.jar!/org/ssoup/denv/server/persistence/mongodb/repository/MongoDBEnvironmentRepositoryImpl.class]: Unsatisfied dependency expressed through constructor argument with index 1 of type [org.ssoup.denv.server.persistence.ApplicationConfigRepository]: : No qualifying bean of type [org.ssoup.denv.server.persistence.ApplicationConfigRepository] is defined: expected single matching bean but found 2: mongoDBImageRepository,mongoDBApplicationConfigRepository; nested exception is org.springframework.beans.factory.NoUniqueBeanDefinitionException: No qualifying bean of type [org.ssoup.denv.server.persistence.ApplicationConfigRepository] is defined: expected single matching bean but found 2: mongoDBImageRepository,mongoDBApplicationConfigRepository
	at org.springframework.beans.factory.support.SimpleInstantiationStrategy.instantiate(SimpleInstantiationStrategy.java:188)
	at org.springframework.beans.factory.support.ConstructorResolver.instantiateUsingFactoryMethod(ConstructorResolver.java:586)
	... 175 common frames omitted
Caused by: org.springframework.beans.factory.UnsatisfiedDependencyException: Error creating bean with name &apos;mongoDBEnvironmentRepositoryImpl&apos; defined in URL [jar:file:/C:/workspaces/denv/denv-server-mongodb/target/denv-server-mongodb-0.1.0.jar!/org/ssoup/denv/server/persistence/mongodb/repository/MongoDBEnvironmentRepositoryImpl.class]: Unsatisfied dependency expressed through constructor argument with index 1 of type [org.ssoup.denv.server.persistence.ApplicationConfigRepository]: : No qualifying bean of type [org.ssoup.denv.server.persistence.ApplicationConfigRepository] is defined: expected single matching bean but found 2: mongoDBImageRepository,mongoDBApplicationConfigRepository; nested exception is org.springframework.beans.factory.NoUniqueBeanDefinitionException: No qualifying bean of type [org.ssoup.denv.server.persistence.ApplicationConfigRepository] is defined: expected single matching bean but found 2: mongoDBImageRepository,mongoDBApplicationConfigRepository
	at org.springframework.beans.factory.support.ConstructorResolver.createArgumentArray(ConstructorResolver.java:747)
	at org.springframework.beans.factory.support.ConstructorResolver.autowireConstructor(ConstructorResolver.java:185)
	at org.springframework.beans.factory.support.AbstractAutowireCapableBeanFactory.autowireConstructor(AbstractAutowireCapableBeanFactory.java:1114)
	at org.springframework.beans.factory.support.AbstractAutowireCapableBeanFactory.createBeanInstance(AbstractAutowireCapableBeanFactory.java:1017)
	at org.springframework.beans.factory.support.AbstractAutowireCapableBeanFactory.doCreateBean(AbstractAutowireCapableBeanFactory.java:504)
	at org.springframework.beans.factory.support.AbstractAutowireCapableBeanFactory.createBean(AbstractAutowireCapableBeanFactory.java:475)
	at org.springframework.beans.factory.support.AbstractBeanFactory$1.getObject(AbstractBeanFactory.java:302)
	at org.springframework.beans.factory.support.DefaultSingletonBeanRegistry.getSingleton(DefaultSingletonBeanRegistry.java:228)
	at org.springframework.beans.factory.support.AbstractBeanFactory.doGetBean(AbstractBeanFactory.java:298)
	at org.springframework.beans.factory.support.AbstractBeanFactory.getBean(AbstractBeanFactory.java:193)
	at org.springframework.beans.factory.support.AbstractBeanFactory.doGetBean(AbstractBeanFactory.java:292)
	at org.springframework.beans.factory.support.AbstractBeanFactory.getBean(AbstractBeanFactory.java:198)
	at org.springframework.data.repository.support.Repositories.populateRepositoryFactoryInformation(Repositories.java:87)
	at org.springframework.data.repository.support.Repositories.&lt;init&gt;(Repositories.java:78)
	at org.springframework.data.rest.webmvc.config.RepositoryRestMvcConfiguration.repositories(RepositoryRestMvcConfiguration.java:146)
	at org.springframework.data.rest.webmvc.config.RepositoryRestMvcConfiguration$$EnhancerBySpringCGLIB$$2cc48631.CGLIB$repositories$2(&lt;generated&gt;)
	at org.springframework.data.rest.webmvc.config.RepositoryRestMvcConfiguration$$EnhancerBySpringCGLIB$$2cc48631$$FastClassBySpringCGLIB$$1e60d3fc.invoke(&lt;generated&gt;)
	at org.springframework.cglib.proxy.MethodProxy.invokeSuper(MethodProxy.java:228)
	at org.springframework.context.annotation.ConfigurationClassEnhancer$BeanMethodInterceptor.intercept(ConfigurationClassEnhancer.java:312)
	at org.springframework.data.rest.webmvc.config.RepositoryRestMvcConfiguration$$EnhancerBySpringCGLIB$$2cc48631.repositories(&lt;generated&gt;)
	at sun.reflect.NativeMethodAccessorImpl.invoke0(Native Method)
	at sun.reflect.NativeMethodAccessorImpl.invoke(NativeMethodAccessorImpl.java:39)
	at sun.reflect.DelegatingMethodAccessorImpl.invoke(DelegatingMethodAccessorImpl.java:25)
	at java.lang.reflect.Method.invoke(Method.java:597)
	at org.springframework.beans.factory.support.SimpleInstantiationStrategy.instantiate(SimpleInstantiationStrategy.java:166)
	... 176 common frames omitted
Caused by: org.springframework.beans.factory.NoUniqueBeanDefinitionException: No qualifying bean of type [org.ssoup.denv.server.persistence.ApplicationConfigRepository] is defined: expected single matching bean but found 2: mongoDBImageRepository,mongoDBApplicationConfigRepository
	at org.springframework.beans.factory.support.DefaultListableBeanFactory.doResolveDependency(DefaultListableBeanFactory.java:970)
	at org.springframework.beans.factory.support.DefaultListableBeanFactory.resolveDependency(DefaultListableBeanFactory.java:858)
	at org.springframework.beans.factory.support.ConstructorResolver.resolveAutowiredArgument(ConstructorResolver.java:811)
	at org.springframework.beans.factory.support.ConstructorResolver.createArgumentArray(ConstructorResolver.java:739)
	... 200 common frames omitted

</system-out>
  </testcase>
  <testcase time="2.937" classname="org.ssoup.denv.server.test.DenvClientTest" name="registerFigApp">
    <error message="Failed to load ApplicationContext" type="java.lang.IllegalStateException">java.lang.IllegalStateException: Failed to load ApplicationContext
	at org.springframework.test.context.CacheAwareContextLoaderDelegate.loadContext(CacheAwareContextLoaderDelegate.java:99)
	at org.springframework.test.context.DefaultTestContext.getApplicationContext(DefaultTestContext.java:101)
	at org.springframework.test.context.support.DependencyInjectionTestExecutionListener.injectDependencies(DependencyInjectionTestExecutionListener.java:109)
	at org.springframework.test.context.support.DependencyInjectionTestExecutionListener.prepareTestInstance(DependencyInjectionTestExecutionListener.java:75)
	at org.springframework.test.context.TestContextManager.prepareTestInstance(TestContextManager.java:331)
	at org.springframework.test.context.junit4.SpringJUnit4ClassRunner.createTest(SpringJUnit4ClassRunner.java:213)
	at org.springframework.test.context.junit4.SpringJUnit4ClassRunner$1.runReflectiveCall(SpringJUnit4ClassRunner.java:290)
	at org.junit.internal.runners.model.ReflectiveCallable.run(ReflectiveCallable.java:12)
	at org.springframework.test.context.junit4.SpringJUnit4ClassRunner.methodBlock(SpringJUnit4ClassRunner.java:292)
	at org.springframework.test.context.junit4.SpringJUnit4ClassRunner.runChild(SpringJUnit4ClassRunner.java:233)
	at org.springframework.test.context.junit4.SpringJUnit4ClassRunner.runChild(SpringJUnit4ClassRunner.java:87)
	at org.junit.runners.ParentRunner$3.run(ParentRunner.java:238)
	at org.junit.runners.ParentRunner$1.schedule(ParentRunner.java:63)
	at org.junit.runners.ParentRunner.runChildren(ParentRunner.java:236)
	at org.junit.runners.ParentRunner.access$000(ParentRunner.java:53)
	at org.junit.runners.ParentRunner$2.evaluate(ParentRunner.java:229)
	at org.springframework.test.context.junit4.statements.RunBeforeTestClassCallbacks.evaluate(RunBeforeTestClassCallbacks.java:61)
	at org.springframework.test.context.junit4.statements.RunAfterTestClassCallbacks.evaluate(RunAfterTestClassCallbacks.java:71)
	at org.junit.runners.ParentRunner.run(ParentRunner.java:309)
	at org.springframework.test.context.junit4.SpringJUnit4ClassRunner.run(SpringJUnit4ClassRunner.java:176)
	at org.apache.maven.surefire.junit4.JUnit4TestSet.execute(JUnit4TestSet.java:62)
	at org.apache.maven.surefire.suite.AbstractDirectoryTestSuite.executeTestSet(AbstractDirectoryTestSuite.java:140)
	at org.apache.maven.surefire.suite.AbstractDirectoryTestSuite.execute(AbstractDirectoryTestSuite.java:127)
	at org.apache.maven.surefire.Surefire.run(Surefire.java:177)
	at sun.reflect.NativeMethodAccessorImpl.invoke0(Native Method)
	at sun.reflect.NativeMethodAccessorImpl.invoke(NativeMethodAccessorImpl.java:39)
	at sun.reflect.DelegatingMethodAccessorImpl.invoke(DelegatingMethodAccessorImpl.java:25)
	at java.lang.reflect.Method.invoke(Method.java:597)
	at org.apache.maven.surefire.booter.SurefireBooter.runSuitesInProcess(SurefireBooter.java:345)
	at org.apache.maven.surefire.booter.SurefireBooter.main(SurefireBooter.java:1009)
Caused by: org.springframework.context.ApplicationContextException: Unable to start embedded container; nested exception is org.springframework.boot.context.embedded.EmbeddedServletContainerException: Unable to start embedded Tomcat
	at org.springframework.boot.context.embedded.EmbeddedWebApplicationContext.onRefresh(EmbeddedWebApplicationContext.java:135)
	at org.springframework.context.support.AbstractApplicationContext.refresh(AbstractApplicationContext.java:476)
	at org.springframework.boot.context.embedded.EmbeddedWebApplicationContext.refresh(EmbeddedWebApplicationContext.java:120)
	at org.springframework.boot.SpringApplication.refresh(SpringApplication.java:691)
	at org.springframework.boot.SpringApplication.run(SpringApplication.java:320)
	at org.springframework.boot.test.SpringApplicationContextLoader.loadContext(SpringApplicationContextLoader.java:107)
	at org.springframework.test.context.CacheAwareContextLoaderDelegate.loadContextInternal(CacheAwareContextLoaderDelegate.java:64)
	at org.springframework.test.context.CacheAwareContextLoaderDelegate.loadContext(CacheAwareContextLoaderDelegate.java:91)
	... 29 more
Caused by: org.springframework.boot.context.embedded.EmbeddedServletContainerException: Unable to start embedded Tomcat
	at org.springframework.boot.context.embedded.tomcat.TomcatEmbeddedServletContainer.initialize(TomcatEmbeddedServletContainer.java:100)
	at org.springframework.boot.context.embedded.tomcat.TomcatEmbeddedServletContainer.&lt;init&gt;(TomcatEmbeddedServletContainer.java:74)
	at org.springframework.boot.context.embedded.tomcat.TomcatEmbeddedServletContainerFactory.getTomcatEmbeddedServletContainer(TomcatEmbeddedServletContainerFactory.java:289)
	at org.springframework.boot.context.embedded.tomcat.TomcatEmbeddedServletContainerFactory.getEmbeddedServletContainer(TomcatEmbeddedServletContainerFactory.java:146)
	at org.springframework.boot.context.embedded.EmbeddedWebApplicationContext.createEmbeddedServletContainer(EmbeddedWebApplicationContext.java:159)
	at org.springframework.boot.context.embedded.EmbeddedWebApplicationContext.onRefresh(EmbeddedWebApplicationContext.java:132)
	... 36 more
Caused by: org.springframework.beans.factory.BeanCreationException: Error creating bean with name &apos;org.springframework.security.config.annotation.web.configuration.WebSecurityConfiguration&apos;: Injection of autowired dependencies failed; nested exception is org.springframework.beans.factory.BeanCreationException: Could not autowire method: public void org.springframework.security.config.annotation.web.configuration.WebSecurityConfiguration.setFilterChainProxySecurityConfigurer(org.springframework.security.config.annotation.ObjectPostProcessor,java.util.List) throws java.lang.Exception; nested exception is org.springframework.beans.factory.BeanExpressionException: Expression parsing failed; nested exception is org.springframework.beans.factory.BeanCreationException: Error creating bean with name &apos;securityConfig&apos;: Injection of autowired dependencies failed; nested exception is org.springframework.beans.factory.BeanCreationException: Could not autowire method: public void org.springframework.security.config.annotation.web.configuration.WebSecurityConfigurerAdapter.setContentNegotationStrategy(org.springframework.web.accept.ContentNegotiationStrategy); nested exception is org.springframework.beans.factory.BeanCreationException: Error creating bean with name &apos;org.springframework.web.servlet.config.annotation.DelegatingWebMvcConfiguration&apos;: Injection of autowired dependencies failed; nested exception is org.springframework.beans.factory.BeanCreationException: Could not autowire method: public void org.springframework.web.servlet.config.annotation.DelegatingWebMvcConfiguration.setConfigurers(java.util.List); nested exception is org.springframework.beans.factory.BeanCreationException: Error creating bean with name &apos;org.springframework.boot.autoconfigure.web.WebMvcAutoConfiguration$WebMvcAutoConfigurationAdapter&apos;: Injection of autowired dependencies failed; nested exception is org.springframework.beans.factory.BeanCreationException: Could not autowire field: private org.springframework.boot.autoconfigure.web.HttpMessageConverters org.springframework.boot.autoconfigure.web.WebMvcAutoConfiguration$WebMvcAutoConfigurationAdapter.messageConverters; nested exception is org.springframework.beans.factory.BeanCreationException: Error creating bean with name &apos;org.springframework.boot.autoconfigure.web.HttpMessageConvertersAutoConfiguration&apos;: Injection of autowired dependencies failed; nested exception is org.springframework.beans.factory.BeanCreationException: Could not autowire field: private final java.util.List org.springframework.boot.autoconfigure.web.HttpMessageConvertersAutoConfiguration.converters; nested exception is org.springframework.beans.factory.BeanCreationException: Error creating bean with name &apos;jacksonHttpMessageConverter&apos; defined in class path resource [org/springframework/data/rest/webmvc/config/RepositoryRestMvcConfiguration.class]: Instantiation of bean failed; nested exception is org.springframework.beans.factory.BeanDefinitionStoreException: Factory method [public org.springframework.http.converter.json.MappingJackson2HttpMessageConverter org.springframework.data.rest.webmvc.config.RepositoryRestMvcConfiguration.jacksonHttpMessageConverter()] threw exception; nested exception is org.springframework.beans.factory.BeanCreationException: Error creating bean with name &apos;config&apos; defined in class path resource [org/springframework/data/rest/webmvc/config/RepositoryRestMvcConfiguration.class]: Instantiation of bean failed; nested exception is org.springframework.beans.factory.BeanDefinitionStoreException: Factory method [public org.springframework.data.rest.core.config.RepositoryRestConfiguration org.springframework.data.rest.webmvc.config.RepositoryRestMvcConfiguration.config()] threw exception; nested exception is org.springframework.beans.factory.BeanCreationException: Error creating bean with name &apos;repositories&apos; defined in class path resource [org/springframework/data/rest/webmvc/config/RepositoryRestMvcConfiguration.class]: Instantiation of bean failed; nested exception is org.springframework.beans.factory.BeanDefinitionStoreException: Factory method [public org.springframework.data.repository.support.Repositories org.springframework.data.rest.webmvc.config.RepositoryRestMvcConfiguration.repositories()] threw exception; nested exception is org.springframework.beans.factory.UnsatisfiedDependencyException: Error creating bean with name &apos;mongoDBEnvironmentRepositoryImpl&apos; defined in URL [jar:file:/C:/workspaces/denv/denv-server-mongodb/target/denv-server-mongodb-0.1.0.jar!/org/ssoup/denv/server/persistence/mongodb/repository/MongoDBEnvironmentRepositoryImpl.class]: Unsatisfied dependency expressed through constructor argument with index 1 of type [org.ssoup.denv.server.persistence.ApplicationConfigRepository]: : No qualifying bean of type [org.ssoup.denv.server.persistence.ApplicationConfigRepository] is defined: expected single matching bean but found 2: mongoDBImageRepository,mongoDBApplicationConfigRepository; nested exception is org.springframework.beans.factory.NoUniqueBeanDefinitionException: No qualifying bean of type [org.ssoup.denv.server.persistence.ApplicationConfigRepository] is defined: expected single matching bean but found 2: mongoDBImageRepository,mongoDBApplicationConfigRepository
	at org.springframework.beans.factory.annotation.AutowiredAnnotationBeanPostProcessor.postProcessPropertyValues(AutowiredAnnotationBeanPostProcessor.java:292)
	at org.springframework.beans.factory.support.AbstractAutowireCapableBeanFactory.populateBean(AbstractAutowireCapableBeanFactory.java:1185)
	at org.springframework.beans.factory.support.AbstractAutowireCapableBeanFactory.doCreateBean(AbstractAutowireCapableBeanFactory.java:537)
	at org.springframework.beans.factory.support.AbstractAutowireCapableBeanFactory.createBean(AbstractAutowireCapableBeanFactory.java:475)
	at org.springframework.beans.factory.support.AbstractBeanFactory$1.getObject(AbstractBeanFactory.java:302)
	at org.springframework.beans.factory.support.DefaultSingletonBeanRegistry.getSingleton(DefaultSingletonBeanRegistry.java:228)
	at org.springframework.beans.factory.support.AbstractBeanFactory.doGetBean(AbstractBeanFactory.java:298)
	at org.springframework.beans.factory.support.AbstractBeanFactory.getBean(AbstractBeanFactory.java:193)
	at org.springframework.beans.factory.support.ConstructorResolver.instantiateUsingFactoryMethod(ConstructorResolver.java:370)
	at org.springframework.beans.factory.support.AbstractAutowireCapableBeanFactory.instantiateUsingFactoryMethod(AbstractAutowireCapableBeanFactory.java:1094)
	at org.springframework.beans.factory.support.AbstractAutowireCapableBeanFactory.createBeanInstance(AbstractAutowireCapableBeanFactory.java:989)
	at org.springframework.beans.factory.support.AbstractAutowireCapableBeanFactory.doCreateBean(AbstractAutowireCapableBeanFactory.java:504)
	at org.springframework.beans.factory.support.AbstractAutowireCapableBeanFactory.createBean(AbstractAutowireCapableBeanFactory.java:475)
	at org.springframework.beans.factory.support.AbstractBeanFactory$1.getObject(AbstractBeanFactory.java:302)
	at org.springframework.beans.factory.support.DefaultSingletonBeanRegistry.getSingleton(DefaultSingletonBeanRegistry.java:228)
	at org.springframework.beans.factory.support.AbstractBeanFactory.doGetBean(AbstractBeanFactory.java:298)
	at org.springframework.beans.factory.support.AbstractBeanFactory.getBean(AbstractBeanFactory.java:198)
	at org.springframework.boot.context.embedded.EmbeddedWebApplicationContext.getOrderedBeansOfType(EmbeddedWebApplicationContext.java:367)
	at org.springframework.boot.context.embedded.EmbeddedWebApplicationContext.getServletContextInitializerBeans(EmbeddedWebApplicationContext.java:268)
	at org.springframework.boot.context.embedded.EmbeddedWebApplicationContext$1.onStartup(EmbeddedWebApplicationContext.java:213)
	at org.springframework.boot.context.embedded.tomcat.ServletContextInitializerLifecycleListener.lifecycleEvent(ServletContextInitializerLifecycleListener.java:64)
	at org.apache.catalina.util.LifecycleSupport.fireLifecycleEvent(LifecycleSupport.java:117)
	at org.apache.catalina.util.LifecycleBase.fireLifecycleEvent(LifecycleBase.java:90)
	at org.apache.catalina.core.StandardContext.startInternal(StandardContext.java:5355)
	at org.apache.catalina.util.LifecycleBase.start(LifecycleBase.java:150)
	at org.apache.catalina.core.ContainerBase$StartChild.call(ContainerBase.java:1559)
	at org.apache.catalina.core.ContainerBase$StartChild.call(ContainerBase.java:1549)
	at java.util.concurrent.FutureTask$Sync.innerRun(FutureTask.java:303)
	at java.util.concurrent.FutureTask.run(FutureTask.java:138)
	at java.util.concurrent.ThreadPoolExecutor$Worker.runTask(ThreadPoolExecutor.java:886)
	at java.util.concurrent.ThreadPoolExecutor$Worker.run(ThreadPoolExecutor.java:908)
	at java.lang.Thread.run(Thread.java:662)
Caused by: org.springframework.beans.factory.BeanCreationException: Could not autowire method: public void org.springframework.security.config.annotation.web.configuration.WebSecurityConfiguration.setFilterChainProxySecurityConfigurer(org.springframework.security.config.annotation.ObjectPostProcessor,java.util.List) throws java.lang.Exception; nested exception is org.springframework.beans.factory.BeanExpressionException: Expression parsing failed; nested exception is org.springframework.beans.factory.BeanCreationException: Error creating bean with name &apos;securityConfig&apos;: Injection of autowired dependencies failed; nested exception is org.springframework.beans.factory.BeanCreationException: Could not autowire method: public void org.springframework.security.config.annotation.web.configuration.WebSecurityConfigurerAdapter.setContentNegotationStrategy(org.springframework.web.accept.ContentNegotiationStrategy); nested exception is org.springframework.beans.factory.BeanCreationException: Error creating bean with name &apos;org.springframework.web.servlet.config.annotation.DelegatingWebMvcConfiguration&apos;: Injection of autowired dependencies failed; nested exception is org.springframework.beans.factory.BeanCreationException: Could not autowire method: public void org.springframework.web.servlet.config.annotation.DelegatingWebMvcConfiguration.setConfigurers(java.util.List); nested exception is org.springframework.beans.factory.BeanCreationException: Error creating bean with name &apos;org.springframework.boot.autoconfigure.web.WebMvcAutoConfiguration$WebMvcAutoConfigurationAdapter&apos;: Injection of autowired dependencies failed; nested exception is org.springframework.beans.factory.BeanCreationException: Could not autowire field: private org.springframework.boot.autoconfigure.web.HttpMessageConverters org.springframework.boot.autoconfigure.web.WebMvcAutoConfiguration$WebMvcAutoConfigurationAdapter.messageConverters; nested exception is org.springframework.beans.factory.BeanCreationException: Error creating bean with name &apos;org.springframework.boot.autoconfigure.web.HttpMessageConvertersAutoConfiguration&apos;: Injection of autowired dependencies failed; nested exception is org.springframework.beans.factory.BeanCreationException: Could not autowire field: private final java.util.List org.springframework.boot.autoconfigure.web.HttpMessageConvertersAutoConfiguration.converters; nested exception is org.springframework.beans.factory.BeanCreationException: Error creating bean with name &apos;jacksonHttpMessageConverter&apos; defined in class path resource [org/springframework/data/rest/webmvc/config/RepositoryRestMvcConfiguration.class]: Instantiation of bean failed; nested exception is org.springframework.beans.factory.BeanDefinitionStoreException: Factory method [public org.springframework.http.converter.json.MappingJackson2HttpMessageConverter org.springframework.data.rest.webmvc.config.RepositoryRestMvcConfiguration.jacksonHttpMessageConverter()] threw exception; nested exception is org.springframework.beans.factory.BeanCreationException: Error creating bean with name &apos;config&apos; defined in class path resource [org/springframework/data/rest/webmvc/config/RepositoryRestMvcConfiguration.class]: Instantiation of bean failed; nested exception is org.springframework.beans.factory.BeanDefinitionStoreException: Factory method [public org.springframework.data.rest.core.config.RepositoryRestConfiguration org.springframework.data.rest.webmvc.config.RepositoryRestMvcConfiguration.config()] threw exception; nested exception is org.springframework.beans.factory.BeanCreationException: Error creating bean with name &apos;repositories&apos; defined in class path resource [org/springframework/data/rest/webmvc/config/RepositoryRestMvcConfiguration.class]: Instantiation of bean failed; nested exception is org.springframework.beans.factory.BeanDefinitionStoreException: Factory method [public org.springframework.data.repository.support.Repositories org.springframework.data.rest.webmvc.config.RepositoryRestMvcConfiguration.repositories()] threw exception; nested exception is org.springframework.beans.factory.UnsatisfiedDependencyException: Error creating bean with name &apos;mongoDBEnvironmentRepositoryImpl&apos; defined in URL [jar:file:/C:/workspaces/denv/denv-server-mongodb/target/denv-server-mongodb-0.1.0.jar!/org/ssoup/denv/server/persistence/mongodb/repository/MongoDBEnvironmentRepositoryImpl.class]: Unsatisfied dependency expressed through constructor argument with index 1 of type [org.ssoup.denv.server.persistence.ApplicationConfigRepository]: : No qualifying bean of type [org.ssoup.denv.server.persistence.ApplicationConfigRepository] is defined: expected single matching bean but found 2: mongoDBImageRepository,mongoDBApplicationConfigRepository; nested exception is org.springframework.beans.factory.NoUniqueBeanDefinitionException: No qualifying bean of type [org.ssoup.denv.server.persistence.ApplicationConfigRepository] is defined: expected single matching bean but found 2: mongoDBImageRepository,mongoDBApplicationConfigRepository
	at org.springframework.beans.factory.annotation.AutowiredAnnotationBeanPostProcessor$AutowiredMethodElement.inject(AutowiredAnnotationBeanPostProcessor.java:596)
	at org.springframework.beans.factory.annotation.InjectionMetadata.inject(InjectionMetadata.java:87)
	at org.springframework.beans.factory.annotation.AutowiredAnnotationBeanPostProcessor.postProcessPropertyValues(AutowiredAnnotationBeanPostProcessor.java:289)
	... 31 more
Caused by: org.springframework.beans.factory.BeanExpressionException: Expression parsing failed; nested exception is org.springframework.beans.factory.BeanCreationException: Error creating bean with name &apos;securityConfig&apos;: Injection of autowired dependencies failed; nested exception is org.springframework.beans.factory.BeanCreationException: Could not autowire method: public void org.springframework.security.config.annotation.web.configuration.WebSecurityConfigurerAdapter.setContentNegotationStrategy(org.springframework.web.accept.ContentNegotiationStrategy); nested exception is org.springframework.beans.factory.BeanCreationException: Error creating bean with name &apos;org.springframework.web.servlet.config.annotation.DelegatingWebMvcConfiguration&apos;: Injection of autowired dependencies failed; nested exception is org.springframework.beans.factory.BeanCreationException: Could not autowire method: public void org.springframework.web.servlet.config.annotation.DelegatingWebMvcConfiguration.setConfigurers(java.util.List); nested exception is org.springframework.beans.factory.BeanCreationException: Error creating bean with name &apos;org.springframework.boot.autoconfigure.web.WebMvcAutoConfiguration$WebMvcAutoConfigurationAdapter&apos;: Injection of autowired dependencies failed; nested exception is org.springframework.beans.factory.BeanCreationException: Could not autowire field: private org.springframework.boot.autoconfigure.web.HttpMessageConverters org.springframework.boot.autoconfigure.web.WebMvcAutoConfiguration$WebMvcAutoConfigurationAdapter.messageConverters; nested exception is org.springframework.beans.factory.BeanCreationException: Error creating bean with name &apos;org.springframework.boot.autoconfigure.web.HttpMessageConvertersAutoConfiguration&apos;: Injection of autowired dependencies failed; nested exception is org.springframework.beans.factory.BeanCreationException: Could not autowire field: private final java.util.List org.springframework.boot.autoconfigure.web.HttpMessageConvertersAutoConfiguration.converters; nested exception is org.springframework.beans.factory.BeanCreationException: Error creating bean with name &apos;jacksonHttpMessageConverter&apos; defined in class path resource [org/springframework/data/rest/webmvc/config/RepositoryRestMvcConfiguration.class]: Instantiation of bean failed; nested exception is org.springframework.beans.factory.BeanDefinitionStoreException: Factory method [public org.springframework.http.converter.json.MappingJackson2HttpMessageConverter org.springframework.data.rest.webmvc.config.RepositoryRestMvcConfiguration.jacksonHttpMessageConverter()] threw exception; nested exception is org.springframework.beans.factory.BeanCreationException: Error creating bean with name &apos;config&apos; defined in class path resource [org/springframework/data/rest/webmvc/config/RepositoryRestMvcConfiguration.class]: Instantiation of bean failed; nested exception is org.springframework.beans.factory.BeanDefinitionStoreException: Factory method [public org.springframework.data.rest.core.config.RepositoryRestConfiguration org.springframework.data.rest.webmvc.config.RepositoryRestMvcConfiguration.config()] threw exception; nested exception is org.springframework.beans.factory.BeanCreationException: Error creating bean with name &apos;repositories&apos; defined in class path resource [org/springframework/data/rest/webmvc/config/RepositoryRestMvcConfiguration.class]: Instantiation of bean failed; nested exception is org.springframework.beans.factory.BeanDefinitionStoreException: Factory method [public org.springframework.data.repository.support.Repositories org.springframework.data.rest.webmvc.config.RepositoryRestMvcConfiguration.repositories()] threw exception; nested exception is org.springframework.beans.factory.UnsatisfiedDependencyException: Error creating bean with name &apos;mongoDBEnvironmentRepositoryImpl&apos; defined in URL [jar:file:/C:/workspaces/denv/denv-server-mongodb/target/denv-server-mongodb-0.1.0.jar!/org/ssoup/denv/server/persistence/mongodb/repository/MongoDBEnvironmentRepositoryImpl.class]: Unsatisfied dependency expressed through constructor argument with index 1 of type [org.ssoup.denv.server.persistence.ApplicationConfigRepository]: : No qualifying bean of type [org.ssoup.denv.server.persistence.ApplicationConfigRepository] is defined: expected single matching bean but found 2: mongoDBImageRepository,mongoDBApplicationConfigRepository; nested exception is org.springframework.beans.factory.NoUniqueBeanDefinitionException: No qualifying bean of type [org.ssoup.denv.server.persistence.ApplicationConfigRepository] is defined: expected single matching bean but found 2: mongoDBImageRepository,mongoDBApplicationConfigRepository
	at org.springframework.context.expression.StandardBeanExpressionResolver.evaluate(StandardBeanExpressionResolver.java:146)
	at org.springframework.beans.factory.support.AbstractBeanFactory.evaluateBeanDefinitionString(AbstractBeanFactory.java:1362)
	at org.springframework.beans.factory.support.DefaultListableBeanFactory.doResolveDependency(DefaultListableBeanFactory.java:873)
	at org.springframework.beans.factory.support.DefaultListableBeanFactory.resolveDependency(DefaultListableBeanFactory.java:858)
	at org.springframework.beans.factory.annotation.AutowiredAnnotationBeanPostProcessor$AutowiredMethodElement.inject(AutowiredAnnotationBeanPostProcessor.java:553)
	... 33 more
Caused by: org.springframework.beans.factory.BeanCreationException: Error creating bean with name &apos;securityConfig&apos;: Injection of autowired dependencies failed; nested exception is org.springframework.beans.factory.BeanCreationException: Could not autowire method: public void org.springframework.security.config.annotation.web.configuration.WebSecurityConfigurerAdapter.setContentNegotationStrategy(org.springframework.web.accept.ContentNegotiationStrategy); nested exception is org.springframework.beans.factory.BeanCreationException: Error creating bean with name &apos;org.springframework.web.servlet.config.annotation.DelegatingWebMvcConfiguration&apos;: Injection of autowired dependencies failed; nested exception is org.springframework.beans.factory.BeanCreationException: Could not autowire method: public void org.springframework.web.servlet.config.annotation.DelegatingWebMvcConfiguration.setConfigurers(java.util.List); nested exception is org.springframework.beans.factory.BeanCreationException: Error creating bean with name &apos;org.springframework.boot.autoconfigure.web.WebMvcAutoConfiguration$WebMvcAutoConfigurationAdapter&apos;: Injection of autowired dependencies failed; nested exception is org.springframework.beans.factory.BeanCreationException: Could not autowire field: private org.springframework.boot.autoconfigure.web.HttpMessageConverters org.springframework.boot.autoconfigure.web.WebMvcAutoConfiguration$WebMvcAutoConfigurationAdapter.messageConverters; nested exception is org.springframework.beans.factory.BeanCreationException: Error creating bean with name &apos;org.springframework.boot.autoconfigure.web.HttpMessageConvertersAutoConfiguration&apos;: Injection of autowired dependencies failed; nested exception is org.springframework.beans.factory.BeanCreationException: Could not autowire field: private final java.util.List org.springframework.boot.autoconfigure.web.HttpMessageConvertersAutoConfiguration.converters; nested exception is org.springframework.beans.factory.BeanCreationException: Error creating bean with name &apos;jacksonHttpMessageConverter&apos; defined in class path resource [org/springframework/data/rest/webmvc/config/RepositoryRestMvcConfiguration.class]: Instantiation of bean failed; nested exception is org.springframework.beans.factory.BeanDefinitionStoreException: Factory method [public org.springframework.http.converter.json.MappingJackson2HttpMessageConverter org.springframework.data.rest.webmvc.config.RepositoryRestMvcConfiguration.jacksonHttpMessageConverter()] threw exception; nested exception is org.springframework.beans.factory.BeanCreationException: Error creating bean with name &apos;config&apos; defined in class path resource [org/springframework/data/rest/webmvc/config/RepositoryRestMvcConfiguration.class]: Instantiation of bean failed; nested exception is org.springframework.beans.factory.BeanDefinitionStoreException: Factory method [public org.springframework.data.rest.core.config.RepositoryRestConfiguration org.springframework.data.rest.webmvc.config.RepositoryRestMvcConfiguration.config()] threw exception; nested exception is org.springframework.beans.factory.BeanCreationException: Error creating bean with name &apos;repositories&apos; defined in class path resource [org/springframework/data/rest/webmvc/config/RepositoryRestMvcConfiguration.class]: Instantiation of bean failed; nested exception is org.springframework.beans.factory.BeanDefinitionStoreException: Factory method [public org.springframework.data.repository.support.Repositories org.springframework.data.rest.webmvc.config.RepositoryRestMvcConfiguration.repositories()] threw exception; nested exception is org.springframework.beans.factory.UnsatisfiedDependencyException: Error creating bean with name &apos;mongoDBEnvironmentRepositoryImpl&apos; defined in URL [jar:file:/C:/workspaces/denv/denv-server-mongodb/target/denv-server-mongodb-0.1.0.jar!/org/ssoup/denv/server/persistence/mongodb/repository/MongoDBEnvironmentRepositoryImpl.class]: Unsatisfied dependency expressed through constructor argument with index 1 of type [org.ssoup.denv.server.persistence.ApplicationConfigRepository]: : No qualifying bean of type [org.ssoup.denv.server.persistence.ApplicationConfigRepository] is defined: expected single matching bean but found 2: mongoDBImageRepository,mongoDBApplicationConfigRepository; nested exception is org.springframework.beans.factory.NoUniqueBeanDefinitionException: No qualifying bean of type [org.ssoup.denv.server.persistence.ApplicationConfigRepository] is defined: expected single matching bean but found 2: mongoDBImageRepository,mongoDBApplicationConfigRepository
	at org.springframework.beans.factory.annotation.AutowiredAnnotationBeanPostProcessor.postProcessPropertyValues(AutowiredAnnotationBeanPostProcessor.java:292)
	at org.springframework.beans.factory.support.AbstractAutowireCapableBeanFactory.populateBean(AbstractAutowireCapableBeanFactory.java:1185)
	at org.springframework.beans.factory.support.AbstractAutowireCapableBeanFactory.doCreateBean(AbstractAutowireCapableBeanFactory.java:537)
	at org.springframework.beans.factory.support.AbstractAutowireCapableBeanFactory.createBean(AbstractAutowireCapableBeanFactory.java:475)
	at org.springframework.beans.factory.support.AbstractBeanFactory$1.getObject(AbstractBeanFactory.java:302)
	at org.springframework.beans.factory.support.DefaultSingletonBeanRegistry.getSingleton(DefaultSingletonBeanRegistry.java:228)
	at org.springframework.beans.factory.support.AbstractBeanFactory.doGetBean(AbstractBeanFactory.java:298)
	at org.springframework.beans.factory.support.AbstractBeanFactory.getBean(AbstractBeanFactory.java:198)
	at org.springframework.beans.factory.support.DefaultListableBeanFactory.getBeansOfType(DefaultListableBeanFactory.java:470)
	at org.springframework.beans.factory.support.DefaultListableBeanFactory.getBeansOfType(DefaultListableBeanFactory.java:459)
	at org.springframework.security.config.annotation.web.configuration.AutowiredWebSecurityConfigurersIgnoreParents.getWebSecurityConfigurers(AutowiredWebSecurityConfigurersIgnoreParents.java:52)
	at sun.reflect.NativeMethodAccessorImpl.invoke0(Native Method)
	at sun.reflect.NativeMethodAccessorImpl.invoke(NativeMethodAccessorImpl.java:39)
	at sun.reflect.DelegatingMethodAccessorImpl.invoke(DelegatingMethodAccessorImpl.java:25)
	at java.lang.reflect.Method.invoke(Method.java:597)
	at org.springframework.expression.spel.support.ReflectiveMethodExecutor.execute(ReflectiveMethodExecutor.java:63)
	at org.springframework.expression.spel.ast.MethodReference.getValueInternal(MethodReference.java:122)
	at org.springframework.expression.spel.ast.MethodReference.access$000(MethodReference.java:44)
	at org.springframework.expression.spel.ast.MethodReference$MethodValueRef.getValue(MethodReference.java:258)
	at org.springframework.expression.spel.ast.CompoundExpression.getValueInternal(CompoundExpression.java:84)
	at org.springframework.expression.spel.ast.SpelNodeImpl.getValue(SpelNodeImpl.java:103)
	at org.springframework.expression.spel.standard.SpelExpression.getValue(SpelExpression.java:94)
	at org.springframework.context.expression.StandardBeanExpressionResolver.evaluate(StandardBeanExpressionResolver.java:143)
	... 37 more
Caused by: org.springframework.beans.factory.BeanCreationException: Could not autowire method: public void org.springframework.security.config.annotation.web.configuration.WebSecurityConfigurerAdapter.setContentNegotationStrategy(org.springframework.web.accept.ContentNegotiationStrategy); nested exception is org.springframework.beans.factory.BeanCreationException: Error creating bean with name &apos;org.springframework.web.servlet.config.annotation.DelegatingWebMvcConfiguration&apos;: Injection of autowired dependencies failed; nested exception is org.springframework.beans.factory.BeanCreationException: Could not autowire method: public void org.springframework.web.servlet.config.annotation.DelegatingWebMvcConfiguration.setConfigurers(java.util.List); nested exception is org.springframework.beans.factory.BeanCreationException: Error creating bean with name &apos;org.springframework.boot.autoconfigure.web.WebMvcAutoConfiguration$WebMvcAutoConfigurationAdapter&apos;: Injection of autowired dependencies failed; nested exception is org.springframework.beans.factory.BeanCreationException: Could not autowire field: private org.springframework.boot.autoconfigure.web.HttpMessageConverters org.springframework.boot.autoconfigure.web.WebMvcAutoConfiguration$WebMvcAutoConfigurationAdapter.messageConverters; nested exception is org.springframework.beans.factory.BeanCreationException: Error creating bean with name &apos;org.springframework.boot.autoconfigure.web.HttpMessageConvertersAutoConfiguration&apos;: Injection of autowired dependencies failed; nested exception is org.springframework.beans.factory.BeanCreationException: Could not autowire field: private final java.util.List org.springframework.boot.autoconfigure.web.HttpMessageConvertersAutoConfiguration.converters; nested exception is org.springframework.beans.factory.BeanCreationException: Error creating bean with name &apos;jacksonHttpMessageConverter&apos; defined in class path resource [org/springframework/data/rest/webmvc/config/RepositoryRestMvcConfiguration.class]: Instantiation of bean failed; nested exception is org.springframework.beans.factory.BeanDefinitionStoreException: Factory method [public org.springframework.http.converter.json.MappingJackson2HttpMessageConverter org.springframework.data.rest.webmvc.config.RepositoryRestMvcConfiguration.jacksonHttpMessageConverter()] threw exception; nested exception is org.springframework.beans.factory.BeanCreationException: Error creating bean with name &apos;config&apos; defined in class path resource [org/springframework/data/rest/webmvc/config/RepositoryRestMvcConfiguration.class]: Instantiation of bean failed; nested exception is org.springframework.beans.factory.BeanDefinitionStoreException: Factory method [public org.springframework.data.rest.core.config.RepositoryRestConfiguration org.springframework.data.rest.webmvc.config.RepositoryRestMvcConfiguration.config()] threw exception; nested exception is org.springframework.beans.factory.BeanCreationException: Error creating bean with name &apos;repositories&apos; defined in class path resource [org/springframework/data/rest/webmvc/config/RepositoryRestMvcConfiguration.class]: Instantiation of bean failed; nested exception is org.springframework.beans.factory.BeanDefinitionStoreException: Factory method [public org.springframework.data.repository.support.Repositories org.springframework.data.rest.webmvc.config.RepositoryRestMvcConfiguration.repositories()] threw exception; nested exception is org.springframework.beans.factory.UnsatisfiedDependencyException: Error creating bean with name &apos;mongoDBEnvironmentRepositoryImpl&apos; defined in URL [jar:file:/C:/workspaces/denv/denv-server-mongodb/target/denv-server-mongodb-0.1.0.jar!/org/ssoup/denv/server/persistence/mongodb/repository/MongoDBEnvironmentRepositoryImpl.class]: Unsatisfied dependency expressed through constructor argument with index 1 of type [org.ssoup.denv.server.persistence.ApplicationConfigRepository]: : No qualifying bean of type [org.ssoup.denv.server.persistence.ApplicationConfigRepository] is defined: expected single matching bean but found 2: mongoDBImageRepository,mongoDBApplicationConfigRepository; nested exception is org.springframework.beans.factory.NoUniqueBeanDefinitionException: No qualifying bean of type [org.ssoup.denv.server.persistence.ApplicationConfigRepository] is defined: expected single matching bean but found 2: mongoDBImageRepository,mongoDBApplicationConfigRepository
	at org.springframework.beans.factory.annotation.AutowiredAnnotationBeanPostProcessor$AutowiredMethodElement.inject(AutowiredAnnotationBeanPostProcessor.java:596)
	at org.springframework.beans.factory.annotation.InjectionMetadata.inject(InjectionMetadata.java:87)
	at org.springframework.beans.factory.annotation.AutowiredAnnotationBeanPostProcessor.postProcessPropertyValues(AutowiredAnnotationBeanPostProcessor.java:289)
	... 59 more
Caused by: org.springframework.beans.factory.BeanCreationException: Error creating bean with name &apos;org.springframework.web.servlet.config.annotation.DelegatingWebMvcConfiguration&apos;: Injection of autowired dependencies failed; nested exception is org.springframework.beans.factory.BeanCreationException: Could not autowire method: public void org.springframework.web.servlet.config.annotation.DelegatingWebMvcConfiguration.setConfigurers(java.util.List); nested exception is org.springframework.beans.factory.BeanCreationException: Error creating bean with name &apos;org.springframework.boot.autoconfigure.web.WebMvcAutoConfiguration$WebMvcAutoConfigurationAdapter&apos;: Injection of autowired dependencies failed; nested exception is org.springframework.beans.factory.BeanCreationException: Could not autowire field: private org.springframework.boot.autoconfigure.web.HttpMessageConverters org.springframework.boot.autoconfigure.web.WebMvcAutoConfiguration$WebMvcAutoConfigurationAdapter.messageConverters; nested exception is org.springframework.beans.factory.BeanCreationException: Error creating bean with name &apos;org.springframework.boot.autoconfigure.web.HttpMessageConvertersAutoConfiguration&apos;: Injection of autowired dependencies failed; nested exception is org.springframework.beans.factory.BeanCreationException: Could not autowire field: private final java.util.List org.springframework.boot.autoconfigure.web.HttpMessageConvertersAutoConfiguration.converters; nested exception is org.springframework.beans.factory.BeanCreationException: Error creating bean with name &apos;jacksonHttpMessageConverter&apos; defined in class path resource [org/springframework/data/rest/webmvc/config/RepositoryRestMvcConfiguration.class]: Instantiation of bean failed; nested exception is org.springframework.beans.factory.BeanDefinitionStoreException: Factory method [public org.springframework.http.converter.json.MappingJackson2HttpMessageConverter org.springframework.data.rest.webmvc.config.RepositoryRestMvcConfiguration.jacksonHttpMessageConverter()] threw exception; nested exception is org.springframework.beans.factory.BeanCreationException: Error creating bean with name &apos;config&apos; defined in class path resource [org/springframework/data/rest/webmvc/config/RepositoryRestMvcConfiguration.class]: Instantiation of bean failed; nested exception is org.springframework.beans.factory.BeanDefinitionStoreException: Factory method [public org.springframework.data.rest.core.config.RepositoryRestConfiguration org.springframework.data.rest.webmvc.config.RepositoryRestMvcConfiguration.config()] threw exception; nested exception is org.springframework.beans.factory.BeanCreationException: Error creating bean with name &apos;repositories&apos; defined in class path resource [org/springframework/data/rest/webmvc/config/RepositoryRestMvcConfiguration.class]: Instantiation of bean failed; nested exception is org.springframework.beans.factory.BeanDefinitionStoreException: Factory method [public org.springframework.data.repository.support.Repositories org.springframework.data.rest.webmvc.config.RepositoryRestMvcConfiguration.repositories()] threw exception; nested exception is org.springframework.beans.factory.UnsatisfiedDependencyException: Error creating bean with name &apos;mongoDBEnvironmentRepositoryImpl&apos; defined in URL [jar:file:/C:/workspaces/denv/denv-server-mongodb/target/denv-server-mongodb-0.1.0.jar!/org/ssoup/denv/server/persistence/mongodb/repository/MongoDBEnvironmentRepositoryImpl.class]: Unsatisfied dependency expressed through constructor argument with index 1 of type [org.ssoup.denv.server.persistence.ApplicationConfigRepository]: : No qualifying bean of type [org.ssoup.denv.server.persistence.ApplicationConfigRepository] is defined: expected single matching bean but found 2: mongoDBImageRepository,mongoDBApplicationConfigRepository; nested exception is org.springframework.beans.factory.NoUniqueBeanDefinitionException: No qualifying bean of type [org.ssoup.denv.server.persistence.ApplicationConfigRepository] is defined: expected single matching bean but found 2: mongoDBImageRepository,mongoDBApplicationConfigRepository
	at org.springframework.beans.factory.annotation.AutowiredAnnotationBeanPostProcessor.postProcessPropertyValues(AutowiredAnnotationBeanPostProcessor.java:292)
	at org.springframework.beans.factory.support.AbstractAutowireCapableBeanFactory.populateBean(AbstractAutowireCapableBeanFactory.java:1185)
	at org.springframework.beans.factory.support.AbstractAutowireCapableBeanFactory.doCreateBean(AbstractAutowireCapableBeanFactory.java:537)
	at org.springframework.beans.factory.support.AbstractAutowireCapableBeanFactory.createBean(AbstractAutowireCapableBeanFactory.java:475)
	at org.springframework.beans.factory.support.AbstractBeanFactory$1.getObject(AbstractBeanFactory.java:302)
	at org.springframework.beans.factory.support.DefaultSingletonBeanRegistry.getSingleton(DefaultSingletonBeanRegistry.java:228)
	at org.springframework.beans.factory.support.AbstractBeanFactory.doGetBean(AbstractBeanFactory.java:298)
	at org.springframework.beans.factory.support.AbstractBeanFactory.getBean(AbstractBeanFactory.java:193)
	at org.springframework.beans.factory.support.ConstructorResolver.instantiateUsingFactoryMethod(ConstructorResolver.java:370)
	at org.springframework.beans.factory.support.AbstractAutowireCapableBeanFactory.instantiateUsingFactoryMethod(AbstractAutowireCapableBeanFactory.java:1094)
	at org.springframework.beans.factory.support.AbstractAutowireCapableBeanFactory.createBeanInstance(AbstractAutowireCapableBeanFactory.java:989)
	at org.springframework.beans.factory.support.AbstractAutowireCapableBeanFactory.doCreateBean(AbstractAutowireCapableBeanFactory.java:504)
	at org.springframework.beans.factory.support.AbstractAutowireCapableBeanFactory.createBean(AbstractAutowireCapableBeanFactory.java:475)
	at org.springframework.beans.factory.support.AbstractBeanFactory$1.getObject(AbstractBeanFactory.java:302)
	at org.springframework.beans.factory.support.DefaultSingletonBeanRegistry.getSingleton(DefaultSingletonBeanRegistry.java:228)
	at org.springframework.beans.factory.support.AbstractBeanFactory.doGetBean(AbstractBeanFactory.java:298)
	at org.springframework.beans.factory.support.AbstractBeanFactory.getBean(AbstractBeanFactory.java:193)
	at org.springframework.beans.factory.support.DefaultListableBeanFactory.findAutowireCandidates(DefaultListableBeanFactory.java:1017)
	at org.springframework.beans.factory.support.DefaultListableBeanFactory.doResolveDependency(DefaultListableBeanFactory.java:960)
	at org.springframework.beans.factory.support.DefaultListableBeanFactory.resolveDependency(DefaultListableBeanFactory.java:858)
	at org.springframework.beans.factory.annotation.AutowiredAnnotationBeanPostProcessor$AutowiredMethodElement.inject(AutowiredAnnotationBeanPostProcessor.java:553)
	... 61 more
Caused by: org.springframework.beans.factory.BeanCreationException: Could not autowire method: public void org.springframework.web.servlet.config.annotation.DelegatingWebMvcConfiguration.setConfigurers(java.util.List); nested exception is org.springframework.beans.factory.BeanCreationException: Error creating bean with name &apos;org.springframework.boot.autoconfigure.web.WebMvcAutoConfiguration$WebMvcAutoConfigurationAdapter&apos;: Injection of autowired dependencies failed; nested exception is org.springframework.beans.factory.BeanCreationException: Could not autowire field: private org.springframework.boot.autoconfigure.web.HttpMessageConverters org.springframework.boot.autoconfigure.web.WebMvcAutoConfiguration$WebMvcAutoConfigurationAdapter.messageConverters; nested exception is org.springframework.beans.factory.BeanCreationException: Error creating bean with name &apos;org.springframework.boot.autoconfigure.web.HttpMessageConvertersAutoConfiguration&apos;: Injection of autowired dependencies failed; nested exception is org.springframework.beans.factory.BeanCreationException: Could not autowire field: private final java.util.List org.springframework.boot.autoconfigure.web.HttpMessageConvertersAutoConfiguration.converters; nested exception is org.springframework.beans.factory.BeanCreationException: Error creating bean with name &apos;jacksonHttpMessageConverter&apos; defined in class path resource [org/springframework/data/rest/webmvc/config/RepositoryRestMvcConfiguration.class]: Instantiation of bean failed; nested exception is org.springframework.beans.factory.BeanDefinitionStoreException: Factory method [public org.springframework.http.converter.json.MappingJackson2HttpMessageConverter org.springframework.data.rest.webmvc.config.RepositoryRestMvcConfiguration.jacksonHttpMessageConverter()] threw exception; nested exception is org.springframework.beans.factory.BeanCreationException: Error creating bean with name &apos;config&apos; defined in class path resource [org/springframework/data/rest/webmvc/config/RepositoryRestMvcConfiguration.class]: Instantiation of bean failed; nested exception is org.springframework.beans.factory.BeanDefinitionStoreException: Factory method [public org.springframework.data.rest.core.config.RepositoryRestConfiguration org.springframework.data.rest.webmvc.config.RepositoryRestMvcConfiguration.config()] threw exception; nested exception is org.springframework.beans.factory.BeanCreationException: Error creating bean with name &apos;repositories&apos; defined in class path resource [org/springframework/data/rest/webmvc/config/RepositoryRestMvcConfiguration.class]: Instantiation of bean failed; nested exception is org.springframework.beans.factory.BeanDefinitionStoreException: Factory method [public org.springframework.data.repository.support.Repositories org.springframework.data.rest.webmvc.config.RepositoryRestMvcConfiguration.repositories()] threw exception; nested exception is org.springframework.beans.factory.UnsatisfiedDependencyException: Error creating bean with name &apos;mongoDBEnvironmentRepositoryImpl&apos; defined in URL [jar:file:/C:/workspaces/denv/denv-server-mongodb/target/denv-server-mongodb-0.1.0.jar!/org/ssoup/denv/server/persistence/mongodb/repository/MongoDBEnvironmentRepositoryImpl.class]: Unsatisfied dependency expressed through constructor argument with index 1 of type [org.ssoup.denv.server.persistence.ApplicationConfigRepository]: : No qualifying bean of type [org.ssoup.denv.server.persistence.ApplicationConfigRepository] is defined: expected single matching bean but found 2: mongoDBImageRepository,mongoDBApplicationConfigRepository; nested exception is org.springframework.beans.factory.NoUniqueBeanDefinitionException: No qualifying bean of type [org.ssoup.denv.server.persistence.ApplicationConfigRepository] is defined: expected single matching bean but found 2: mongoDBImageRepository,mongoDBApplicationConfigRepository
	at org.springframework.beans.factory.annotation.AutowiredAnnotationBeanPostProcessor$AutowiredMethodElement.inject(AutowiredAnnotationBeanPostProcessor.java:596)
	at org.springframework.beans.factory.annotation.InjectionMetadata.inject(InjectionMetadata.java:87)
	at org.springframework.beans.factory.annotation.AutowiredAnnotationBeanPostProcessor.postProcessPropertyValues(AutowiredAnnotationBeanPostProcessor.java:289)
	... 81 more
Caused by: org.springframework.beans.factory.BeanCreationException: Error creating bean with name &apos;org.springframework.boot.autoconfigure.web.WebMvcAutoConfiguration$WebMvcAutoConfigurationAdapter&apos;: Injection of autowired dependencies failed; nested exception is org.springframework.beans.factory.BeanCreationException: Could not autowire field: private org.springframework.boot.autoconfigure.web.HttpMessageConverters org.springframework.boot.autoconfigure.web.WebMvcAutoConfiguration$WebMvcAutoConfigurationAdapter.messageConverters; nested exception is org.springframework.beans.factory.BeanCreationException: Error creating bean with name &apos;org.springframework.boot.autoconfigure.web.HttpMessageConvertersAutoConfiguration&apos;: Injection of autowired dependencies failed; nested exception is org.springframework.beans.factory.BeanCreationException: Could not autowire field: private final java.util.List org.springframework.boot.autoconfigure.web.HttpMessageConvertersAutoConfiguration.converters; nested exception is org.springframework.beans.factory.BeanCreationException: Error creating bean with name &apos;jacksonHttpMessageConverter&apos; defined in class path resource [org/springframework/data/rest/webmvc/config/RepositoryRestMvcConfiguration.class]: Instantiation of bean failed; nested exception is org.springframework.beans.factory.BeanDefinitionStoreException: Factory method [public org.springframework.http.converter.json.MappingJackson2HttpMessageConverter org.springframework.data.rest.webmvc.config.RepositoryRestMvcConfiguration.jacksonHttpMessageConverter()] threw exception; nested exception is org.springframework.beans.factory.BeanCreationException: Error creating bean with name &apos;config&apos; defined in class path resource [org/springframework/data/rest/webmvc/config/RepositoryRestMvcConfiguration.class]: Instantiation of bean failed; nested exception is org.springframework.beans.factory.BeanDefinitionStoreException: Factory method [public org.springframework.data.rest.core.config.RepositoryRestConfiguration org.springframework.data.rest.webmvc.config.RepositoryRestMvcConfiguration.config()] threw exception; nested exception is org.springframework.beans.factory.BeanCreationException: Error creating bean with name &apos;repositories&apos; defined in class path resource [org/springframework/data/rest/webmvc/config/RepositoryRestMvcConfiguration.class]: Instantiation of bean failed; nested exception is org.springframework.beans.factory.BeanDefinitionStoreException: Factory method [public org.springframework.data.repository.support.Repositories org.springframework.data.rest.webmvc.config.RepositoryRestMvcConfiguration.repositories()] threw exception; nested exception is org.springframework.beans.factory.UnsatisfiedDependencyException: Error creating bean with name &apos;mongoDBEnvironmentRepositoryImpl&apos; defined in URL [jar:file:/C:/workspaces/denv/denv-server-mongodb/target/denv-server-mongodb-0.1.0.jar!/org/ssoup/denv/server/persistence/mongodb/repository/MongoDBEnvironmentRepositoryImpl.class]: Unsatisfied dependency expressed through constructor argument with index 1 of type [org.ssoup.denv.server.persistence.ApplicationConfigRepository]: : No qualifying bean of type [org.ssoup.denv.server.persistence.ApplicationConfigRepository] is defined: expected single matching bean but found 2: mongoDBImageRepository,mongoDBApplicationConfigRepository; nested exception is org.springframework.beans.factory.NoUniqueBeanDefinitionException: No qualifying bean of type [org.ssoup.denv.server.persistence.ApplicationConfigRepository] is defined: expected single matching bean but found 2: mongoDBImageRepository,mongoDBApplicationConfigRepository
	at org.springframework.beans.factory.annotation.AutowiredAnnotationBeanPostProcessor.postProcessPropertyValues(AutowiredAnnotationBeanPostProcessor.java:292)
	at org.springframework.beans.factory.support.AbstractAutowireCapableBeanFactory.populateBean(AbstractAutowireCapableBeanFactory.java:1185)
	at org.springframework.beans.factory.support.AbstractAutowireCapableBeanFactory.doCreateBean(AbstractAutowireCapableBeanFactory.java:537)
	at org.springframework.beans.factory.support.AbstractAutowireCapableBeanFactory.createBean(AbstractAutowireCapableBeanFactory.java:475)
	at org.springframework.beans.factory.support.AbstractBeanFactory$1.getObject(AbstractBeanFactory.java:302)
	at org.springframework.beans.factory.support.DefaultSingletonBeanRegistry.getSingleton(DefaultSingletonBeanRegistry.java:228)
	at org.springframework.beans.factory.support.AbstractBeanFactory.doGetBean(AbstractBeanFactory.java:298)
	at org.springframework.beans.factory.support.AbstractBeanFactory.getBean(AbstractBeanFactory.java:193)
	at org.springframework.beans.factory.support.DefaultListableBeanFactory.findAutowireCandidates(DefaultListableBeanFactory.java:1017)
	at org.springframework.beans.factory.support.DefaultListableBeanFactory.doResolveDependency(DefaultListableBeanFactory.java:912)
	at org.springframework.beans.factory.support.DefaultListableBeanFactory.resolveDependency(DefaultListableBeanFactory.java:858)
	at org.springframework.beans.factory.annotation.AutowiredAnnotationBeanPostProcessor$AutowiredMethodElement.inject(AutowiredAnnotationBeanPostProcessor.java:553)
	... 83 more
Caused by: org.springframework.beans.factory.BeanCreationException: Could not autowire field: private org.springframework.boot.autoconfigure.web.HttpMessageConverters org.springframework.boot.autoconfigure.web.WebMvcAutoConfiguration$WebMvcAutoConfigurationAdapter.messageConverters; nested exception is org.springframework.beans.factory.BeanCreationException: Error creating bean with name &apos;org.springframework.boot.autoconfigure.web.HttpMessageConvertersAutoConfiguration&apos;: Injection of autowired dependencies failed; nested exception is org.springframework.beans.factory.BeanCreationException: Could not autowire field: private final java.util.List org.springframework.boot.autoconfigure.web.HttpMessageConvertersAutoConfiguration.converters; nested exception is org.springframework.beans.factory.BeanCreationException: Error creating bean with name &apos;jacksonHttpMessageConverter&apos; defined in class path resource [org/springframework/data/rest/webmvc/config/RepositoryRestMvcConfiguration.class]: Instantiation of bean failed; nested exception is org.springframework.beans.factory.BeanDefinitionStoreException: Factory method [public org.springframework.http.converter.json.MappingJackson2HttpMessageConverter org.springframework.data.rest.webmvc.config.RepositoryRestMvcConfiguration.jacksonHttpMessageConverter()] threw exception; nested exception is org.springframework.beans.factory.BeanCreationException: Error creating bean with name &apos;config&apos; defined in class path resource [org/springframework/data/rest/webmvc/config/RepositoryRestMvcConfiguration.class]: Instantiation of bean failed; nested exception is org.springframework.beans.factory.BeanDefinitionStoreException: Factory method [public org.springframework.data.rest.core.config.RepositoryRestConfiguration org.springframework.data.rest.webmvc.config.RepositoryRestMvcConfiguration.config()] threw exception; nested exception is org.springframework.beans.factory.BeanCreationException: Error creating bean with name &apos;repositories&apos; defined in class path resource [org/springframework/data/rest/webmvc/config/RepositoryRestMvcConfiguration.class]: Instantiation of bean failed; nested exception is org.springframework.beans.factory.BeanDefinitionStoreException: Factory method [public org.springframework.data.repository.support.Repositories org.springframework.data.rest.webmvc.config.RepositoryRestMvcConfiguration.repositories()] threw exception; nested exception is org.springframework.beans.factory.UnsatisfiedDependencyException: Error creating bean with name &apos;mongoDBEnvironmentRepositoryImpl&apos; defined in URL [jar:file:/C:/workspaces/denv/denv-server-mongodb/target/denv-server-mongodb-0.1.0.jar!/org/ssoup/denv/server/persistence/mongodb/repository/MongoDBEnvironmentRepositoryImpl.class]: Unsatisfied dependency expressed through constructor argument with index 1 of type [org.ssoup.denv.server.persistence.ApplicationConfigRepository]: : No qualifying bean of type [org.ssoup.denv.server.persistence.ApplicationConfigRepository] is defined: expected single matching bean but found 2: mongoDBImageRepository,mongoDBApplicationConfigRepository; nested exception is org.springframework.beans.factory.NoUniqueBeanDefinitionException: No qualifying bean of type [org.ssoup.denv.server.persistence.ApplicationConfigRepository] is defined: expected single matching bean but found 2: mongoDBImageRepository,mongoDBApplicationConfigRepository
	at org.springframework.beans.factory.annotation.AutowiredAnnotationBeanPostProcessor$AutowiredFieldElement.inject(AutowiredAnnotationBeanPostProcessor.java:508)
	at org.springframework.beans.factory.annotation.InjectionMetadata.inject(InjectionMetadata.java:87)
	at org.springframework.beans.factory.annotation.AutowiredAnnotationBeanPostProcessor.postProcessPropertyValues(AutowiredAnnotationBeanPostProcessor.java:289)
	... 94 more
Caused by: org.springframework.beans.factory.BeanCreationException: Error creating bean with name &apos;org.springframework.boot.autoconfigure.web.HttpMessageConvertersAutoConfiguration&apos;: Injection of autowired dependencies failed; nested exception is org.springframework.beans.factory.BeanCreationException: Could not autowire field: private final java.util.List org.springframework.boot.autoconfigure.web.HttpMessageConvertersAutoConfiguration.converters; nested exception is org.springframework.beans.factory.BeanCreationException: Error creating bean with name &apos;jacksonHttpMessageConverter&apos; defined in class path resource [org/springframework/data/rest/webmvc/config/RepositoryRestMvcConfiguration.class]: Instantiation of bean failed; nested exception is org.springframework.beans.factory.BeanDefinitionStoreException: Factory method [public org.springframework.http.converter.json.MappingJackson2HttpMessageConverter org.springframework.data.rest.webmvc.config.RepositoryRestMvcConfiguration.jacksonHttpMessageConverter()] threw exception; nested exception is org.springframework.beans.factory.BeanCreationException: Error creating bean with name &apos;config&apos; defined in class path resource [org/springframework/data/rest/webmvc/config/RepositoryRestMvcConfiguration.class]: Instantiation of bean failed; nested exception is org.springframework.beans.factory.BeanDefinitionStoreException: Factory method [public org.springframework.data.rest.core.config.RepositoryRestConfiguration org.springframework.data.rest.webmvc.config.RepositoryRestMvcConfiguration.config()] threw exception; nested exception is org.springframework.beans.factory.BeanCreationException: Error creating bean with name &apos;repositories&apos; defined in class path resource [org/springframework/data/rest/webmvc/config/RepositoryRestMvcConfiguration.class]: Instantiation of bean failed; nested exception is org.springframework.beans.factory.BeanDefinitionStoreException: Factory method [public org.springframework.data.repository.support.Repositories org.springframework.data.rest.webmvc.config.RepositoryRestMvcConfiguration.repositories()] threw exception; nested exception is org.springframework.beans.factory.UnsatisfiedDependencyException: Error creating bean with name &apos;mongoDBEnvironmentRepositoryImpl&apos; defined in URL [jar:file:/C:/workspaces/denv/denv-server-mongodb/target/denv-server-mongodb-0.1.0.jar!/org/ssoup/denv/server/persistence/mongodb/repository/MongoDBEnvironmentRepositoryImpl.class]: Unsatisfied dependency expressed through constructor argument with index 1 of type [org.ssoup.denv.server.persistence.ApplicationConfigRepository]: : No qualifying bean of type [org.ssoup.denv.server.persistence.ApplicationConfigRepository] is defined: expected single matching bean but found 2: mongoDBImageRepository,mongoDBApplicationConfigRepository; nested exception is org.springframework.beans.factory.NoUniqueBeanDefinitionException: No qualifying bean of type [org.ssoup.denv.server.persistence.ApplicationConfigRepository] is defined: expected single matching bean but found 2: mongoDBImageRepository,mongoDBApplicationConfigRepository
	at org.springframework.beans.factory.annotation.AutowiredAnnotationBeanPostProcessor.postProcessPropertyValues(AutowiredAnnotationBeanPostProcessor.java:292)
	at org.springframework.beans.factory.support.AbstractAutowireCapableBeanFactory.populateBean(AbstractAutowireCapableBeanFactory.java:1185)
	at org.springframework.beans.factory.support.AbstractAutowireCapableBeanFactory.doCreateBean(AbstractAutowireCapableBeanFactory.java:537)
	at org.springframework.beans.factory.support.AbstractAutowireCapableBeanFactory.createBean(AbstractAutowireCapableBeanFactory.java:475)
	at org.springframework.beans.factory.support.AbstractBeanFactory$1.getObject(AbstractBeanFactory.java:302)
	at org.springframework.beans.factory.support.DefaultSingletonBeanRegistry.getSingleton(DefaultSingletonBeanRegistry.java:228)
	at org.springframework.beans.factory.support.AbstractBeanFactory.doGetBean(AbstractBeanFactory.java:298)
	at org.springframework.beans.factory.support.AbstractBeanFactory.getBean(AbstractBeanFactory.java:193)
	at org.springframework.beans.factory.support.ConstructorResolver.instantiateUsingFactoryMethod(ConstructorResolver.java:370)
	at org.springframework.beans.factory.support.AbstractAutowireCapableBeanFactory.instantiateUsingFactoryMethod(AbstractAutowireCapableBeanFactory.java:1094)
	at org.springframework.beans.factory.support.AbstractAutowireCapableBeanFactory.createBeanInstance(AbstractAutowireCapableBeanFactory.java:989)
	at org.springframework.beans.factory.support.AbstractAutowireCapableBeanFactory.doCreateBean(AbstractAutowireCapableBeanFactory.java:504)
	at org.springframework.beans.factory.support.AbstractAutowireCapableBeanFactory.createBean(AbstractAutowireCapableBeanFactory.java:475)
	at org.springframework.beans.factory.support.AbstractBeanFactory$1.getObject(AbstractBeanFactory.java:302)
	at org.springframework.beans.factory.support.DefaultSingletonBeanRegistry.getSingleton(DefaultSingletonBeanRegistry.java:228)
	at org.springframework.beans.factory.support.AbstractBeanFactory.doGetBean(AbstractBeanFactory.java:298)
	at org.springframework.beans.factory.support.AbstractBeanFactory.getBean(AbstractBeanFactory.java:193)
	at org.springframework.beans.factory.support.DefaultListableBeanFactory.findAutowireCandidates(DefaultListableBeanFactory.java:1017)
	at org.springframework.beans.factory.support.DefaultListableBeanFactory.doResolveDependency(DefaultListableBeanFactory.java:960)
	at org.springframework.beans.factory.support.DefaultListableBeanFactory.resolveDependency(DefaultListableBeanFactory.java:858)
	at org.springframework.beans.factory.annotation.AutowiredAnnotationBeanPostProcessor$AutowiredFieldElement.inject(AutowiredAnnotationBeanPostProcessor.java:480)
	... 96 more
Caused by: org.springframework.beans.factory.BeanCreationException: Could not autowire field: private final java.util.List org.springframework.boot.autoconfigure.web.HttpMessageConvertersAutoConfiguration.converters; nested exception is org.springframework.beans.factory.BeanCreationException: Error creating bean with name &apos;jacksonHttpMessageConverter&apos; defined in class path resource [org/springframework/data/rest/webmvc/config/RepositoryRestMvcConfiguration.class]: Instantiation of bean failed; nested exception is org.springframework.beans.factory.BeanDefinitionStoreException: Factory method [public org.springframework.http.converter.json.MappingJackson2HttpMessageConverter org.springframework.data.rest.webmvc.config.RepositoryRestMvcConfiguration.jacksonHttpMessageConverter()] threw exception; nested exception is org.springframework.beans.factory.BeanCreationException: Error creating bean with name &apos;config&apos; defined in class path resource [org/springframework/data/rest/webmvc/config/RepositoryRestMvcConfiguration.class]: Instantiation of bean failed; nested exception is org.springframework.beans.factory.BeanDefinitionStoreException: Factory method [public org.springframework.data.rest.core.config.RepositoryRestConfiguration org.springframework.data.rest.webmvc.config.RepositoryRestMvcConfiguration.config()] threw exception; nested exception is org.springframework.beans.factory.BeanCreationException: Error creating bean with name &apos;repositories&apos; defined in class path resource [org/springframework/data/rest/webmvc/config/RepositoryRestMvcConfiguration.class]: Instantiation of bean failed; nested exception is org.springframework.beans.factory.BeanDefinitionStoreException: Factory method [public org.springframework.data.repository.support.Repositories org.springframework.data.rest.webmvc.config.RepositoryRestMvcConfiguration.repositories()] threw exception; nested exception is org.springframework.beans.factory.UnsatisfiedDependencyException: Error creating bean with name &apos;mongoDBEnvironmentRepositoryImpl&apos; defined in URL [jar:file:/C:/workspaces/denv/denv-server-mongodb/target/denv-server-mongodb-0.1.0.jar!/org/ssoup/denv/server/persistence/mongodb/repository/MongoDBEnvironmentRepositoryImpl.class]: Unsatisfied dependency expressed through constructor argument with index 1 of type [org.ssoup.denv.server.persistence.ApplicationConfigRepository]: : No qualifying bean of type [org.ssoup.denv.server.persistence.ApplicationConfigRepository] is defined: expected single matching bean but found 2: mongoDBImageRepository,mongoDBApplicationConfigRepository; nested exception is org.springframework.beans.factory.NoUniqueBeanDefinitionException: No qualifying bean of type [org.ssoup.denv.server.persistence.ApplicationConfigRepository] is defined: expected single matching bean but found 2: mongoDBImageRepository,mongoDBApplicationConfigRepository
	at org.springframework.beans.factory.annotation.AutowiredAnnotationBeanPostProcessor$AutowiredFieldElement.inject(AutowiredAnnotationBeanPostProcessor.java:508)
	at org.springframework.beans.factory.annotation.InjectionMetadata.inject(InjectionMetadata.java:87)
	at org.springframework.beans.factory.annotation.AutowiredAnnotationBeanPostProcessor.postProcessPropertyValues(AutowiredAnnotationBeanPostProcessor.java:289)
	... 116 more
Caused by: org.springframework.beans.factory.BeanCreationException: Error creating bean with name &apos;jacksonHttpMessageConverter&apos; defined in class path resource [org/springframework/data/rest/webmvc/config/RepositoryRestMvcConfiguration.class]: Instantiation of bean failed; nested exception is org.springframework.beans.factory.BeanDefinitionStoreException: Factory method [public org.springframework.http.converter.json.MappingJackson2HttpMessageConverter org.springframework.data.rest.webmvc.config.RepositoryRestMvcConfiguration.jacksonHttpMessageConverter()] threw exception; nested exception is org.springframework.beans.factory.BeanCreationException: Error creating bean with name &apos;config&apos; defined in class path resource [org/springframework/data/rest/webmvc/config/RepositoryRestMvcConfiguration.class]: Instantiation of bean failed; nested exception is org.springframework.beans.factory.BeanDefinitionStoreException: Factory method [public org.springframework.data.rest.core.config.RepositoryRestConfiguration org.springframework.data.rest.webmvc.config.RepositoryRestMvcConfiguration.config()] threw exception; nested exception is org.springframework.beans.factory.BeanCreationException: Error creating bean with name &apos;repositories&apos; defined in class path resource [org/springframework/data/rest/webmvc/config/RepositoryRestMvcConfiguration.class]: Instantiation of bean failed; nested exception is org.springframework.beans.factory.BeanDefinitionStoreException: Factory method [public org.springframework.data.repository.support.Repositories org.springframework.data.rest.webmvc.config.RepositoryRestMvcConfiguration.repositories()] threw exception; nested exception is org.springframework.beans.factory.UnsatisfiedDependencyException: Error creating bean with name &apos;mongoDBEnvironmentRepositoryImpl&apos; defined in URL [jar:file:/C:/workspaces/denv/denv-server-mongodb/target/denv-server-mongodb-0.1.0.jar!/org/ssoup/denv/server/persistence/mongodb/repository/MongoDBEnvironmentRepositoryImpl.class]: Unsatisfied dependency expressed through constructor argument with index 1 of type [org.ssoup.denv.server.persistence.ApplicationConfigRepository]: : No qualifying bean of type [org.ssoup.denv.server.persistence.ApplicationConfigRepository] is defined: expected single matching bean but found 2: mongoDBImageRepository,mongoDBApplicationConfigRepository; nested exception is org.springframework.beans.factory.NoUniqueBeanDefinitionException: No qualifying bean of type [org.ssoup.denv.server.persistence.ApplicationConfigRepository] is defined: expected single matching bean but found 2: mongoDBImageRepository,mongoDBApplicationConfigRepository
	at org.springframework.beans.factory.support.ConstructorResolver.instantiateUsingFactoryMethod(ConstructorResolver.java:597)
	at org.springframework.beans.factory.support.AbstractAutowireCapableBeanFactory.instantiateUsingFactoryMethod(AbstractAutowireCapableBeanFactory.java:1094)
	at org.springframework.beans.factory.support.AbstractAutowireCapableBeanFactory.createBeanInstance(AbstractAutowireCapableBeanFactory.java:989)
	at org.springframework.beans.factory.support.AbstractAutowireCapableBeanFactory.doCreateBean(AbstractAutowireCapableBeanFactory.java:504)
	at org.springframework.beans.factory.support.AbstractAutowireCapableBeanFactory.createBean(AbstractAutowireCapableBeanFactory.java:475)
	at org.springframework.beans.factory.support.AbstractBeanFactory$1.getObject(AbstractBeanFactory.java:302)
	at org.springframework.beans.factory.support.DefaultSingletonBeanRegistry.getSingleton(DefaultSingletonBeanRegistry.java:228)
	at org.springframework.beans.factory.support.AbstractBeanFactory.doGetBean(AbstractBeanFactory.java:298)
	at org.springframework.beans.factory.support.AbstractBeanFactory.getBean(AbstractBeanFactory.java:193)
	at org.springframework.beans.factory.support.DefaultListableBeanFactory.findAutowireCandidates(DefaultListableBeanFactory.java:1017)
	at org.springframework.beans.factory.support.DefaultListableBeanFactory.doResolveDependency(DefaultListableBeanFactory.java:912)
	at org.springframework.beans.factory.support.DefaultListableBeanFactory.resolveDependency(DefaultListableBeanFactory.java:858)
	at org.springframework.beans.factory.annotation.AutowiredAnnotationBeanPostProcessor$AutowiredFieldElement.inject(AutowiredAnnotationBeanPostProcessor.java:480)
	... 118 more
Caused by: org.springframework.beans.factory.BeanDefinitionStoreException: Factory method [public org.springframework.http.converter.json.MappingJackson2HttpMessageConverter org.springframework.data.rest.webmvc.config.RepositoryRestMvcConfiguration.jacksonHttpMessageConverter()] threw exception; nested exception is org.springframework.beans.factory.BeanCreationException: Error creating bean with name &apos;config&apos; defined in class path resource [org/springframework/data/rest/webmvc/config/RepositoryRestMvcConfiguration.class]: Instantiation of bean failed; nested exception is org.springframework.beans.factory.BeanDefinitionStoreException: Factory method [public org.springframework.data.rest.core.config.RepositoryRestConfiguration org.springframework.data.rest.webmvc.config.RepositoryRestMvcConfiguration.config()] threw exception; nested exception is org.springframework.beans.factory.BeanCreationException: Error creating bean with name &apos;repositories&apos; defined in class path resource [org/springframework/data/rest/webmvc/config/RepositoryRestMvcConfiguration.class]: Instantiation of bean failed; nested exception is org.springframework.beans.factory.BeanDefinitionStoreException: Factory method [public org.springframework.data.repository.support.Repositories org.springframework.data.rest.webmvc.config.RepositoryRestMvcConfiguration.repositories()] threw exception; nested exception is org.springframework.beans.factory.UnsatisfiedDependencyException: Error creating bean with name &apos;mongoDBEnvironmentRepositoryImpl&apos; defined in URL [jar:file:/C:/workspaces/denv/denv-server-mongodb/target/denv-server-mongodb-0.1.0.jar!/org/ssoup/denv/server/persistence/mongodb/repository/MongoDBEnvironmentRepositoryImpl.class]: Unsatisfied dependency expressed through constructor argument with index 1 of type [org.ssoup.denv.server.persistence.ApplicationConfigRepository]: : No qualifying bean of type [org.ssoup.denv.server.persistence.ApplicationConfigRepository] is defined: expected single matching bean but found 2: mongoDBImageRepository,mongoDBApplicationConfigRepository; nested exception is org.springframework.beans.factory.NoUniqueBeanDefinitionException: No qualifying bean of type [org.ssoup.denv.server.persistence.ApplicationConfigRepository] is defined: expected single matching bean but found 2: mongoDBImageRepository,mongoDBApplicationConfigRepository
	at org.springframework.beans.factory.support.SimpleInstantiationStrategy.instantiate(SimpleInstantiationStrategy.java:188)
	at org.springframework.beans.factory.support.ConstructorResolver.instantiateUsingFactoryMethod(ConstructorResolver.java:586)
	... 130 more
Caused by: org.springframework.beans.factory.BeanCreationException: Error creating bean with name &apos;config&apos; defined in class path resource [org/springframework/data/rest/webmvc/config/RepositoryRestMvcConfiguration.class]: Instantiation of bean failed; nested exception is org.springframework.beans.factory.BeanDefinitionStoreException: Factory method [public org.springframework.data.rest.core.config.RepositoryRestConfiguration org.springframework.data.rest.webmvc.config.RepositoryRestMvcConfiguration.config()] threw exception; nested exception is org.springframework.beans.factory.BeanCreationException: Error creating bean with name &apos;repositories&apos; defined in class path resource [org/springframework/data/rest/webmvc/config/RepositoryRestMvcConfiguration.class]: Instantiation of bean failed; nested exception is org.springframework.beans.factory.BeanDefinitionStoreException: Factory method [public org.springframework.data.repository.support.Repositories org.springframework.data.rest.webmvc.config.RepositoryRestMvcConfiguration.repositories()] threw exception; nested exception is org.springframework.beans.factory.UnsatisfiedDependencyException: Error creating bean with name &apos;mongoDBEnvironmentRepositoryImpl&apos; defined in URL [jar:file:/C:/workspaces/denv/denv-server-mongodb/target/denv-server-mongodb-0.1.0.jar!/org/ssoup/denv/server/persistence/mongodb/repository/MongoDBEnvironmentRepositoryImpl.class]: Unsatisfied dependency expressed through constructor argument with index 1 of type [org.ssoup.denv.server.persistence.ApplicationConfigRepository]: : No qualifying bean of type [org.ssoup.denv.server.persistence.ApplicationConfigRepository] is defined: expected single matching bean but found 2: mongoDBImageRepository,mongoDBApplicationConfigRepository; nested exception is org.springframework.beans.factory.NoUniqueBeanDefinitionException: No qualifying bean of type [org.ssoup.denv.server.persistence.ApplicationConfigRepository] is defined: expected single matching bean but found 2: mongoDBImageRepository,mongoDBApplicationConfigRepository
	at org.springframework.beans.factory.support.ConstructorResolver.instantiateUsingFactoryMethod(ConstructorResolver.java:597)
	at org.springframework.beans.factory.support.AbstractAutowireCapableBeanFactory.instantiateUsingFactoryMethod(AbstractAutowireCapableBeanFactory.java:1094)
	at org.springframework.beans.factory.support.AbstractAutowireCapableBeanFactory.createBeanInstance(AbstractAutowireCapableBeanFactory.java:989)
	at org.springframework.beans.factory.support.AbstractAutowireCapableBeanFactory.doCreateBean(AbstractAutowireCapableBeanFactory.java:504)
	at org.springframework.beans.factory.support.AbstractAutowireCapableBeanFactory.createBean(AbstractAutowireCapableBeanFactory.java:475)
	at org.springframework.beans.factory.support.AbstractBeanFactory$1.getObject(AbstractBeanFactory.java:302)
	at org.springframework.beans.factory.support.DefaultSingletonBeanRegistry.getSingleton(DefaultSingletonBeanRegistry.java:228)
	at org.springframework.beans.factory.support.AbstractBeanFactory.doGetBean(AbstractBeanFactory.java:298)
	at org.springframework.beans.factory.support.AbstractBeanFactory.getBean(AbstractBeanFactory.java:193)
	at org.springframework.context.annotation.ConfigurationClassEnhancer$BeanMethodInterceptor.intercept(ConfigurationClassEnhancer.java:324)
	at org.springframework.data.rest.webmvc.config.RepositoryRestMvcConfiguration$$EnhancerBySpringCGLIB$$2cc48631.config(&lt;generated&gt;)
	at org.springframework.data.rest.webmvc.config.RepositoryRestMvcConfiguration.jacksonHttpMessageConverter(RepositoryRestMvcConfiguration.java:374)
	at org.springframework.data.rest.webmvc.config.RepositoryRestMvcConfiguration$$EnhancerBySpringCGLIB$$2cc48631.CGLIB$jacksonHttpMessageConverter$21(&lt;generated&gt;)
	at org.springframework.data.rest.webmvc.config.RepositoryRestMvcConfiguration$$EnhancerBySpringCGLIB$$2cc48631$$FastClassBySpringCGLIB$$1e60d3fc.invoke(&lt;generated&gt;)
	at org.springframework.cglib.proxy.MethodProxy.invokeSuper(MethodProxy.java:228)
	at org.springframework.context.annotation.ConfigurationClassEnhancer$BeanMethodInterceptor.intercept(ConfigurationClassEnhancer.java:312)
	at org.springframework.data.rest.webmvc.config.RepositoryRestMvcConfiguration$$EnhancerBySpringCGLIB$$2cc48631.jacksonHttpMessageConverter(&lt;generated&gt;)
	at sun.reflect.NativeMethodAccessorImpl.invoke0(Native Method)
	at sun.reflect.NativeMethodAccessorImpl.invoke(NativeMethodAccessorImpl.java:39)
	at sun.reflect.DelegatingMethodAccessorImpl.invoke(DelegatingMethodAccessorImpl.java:25)
	at java.lang.reflect.Method.invoke(Method.java:597)
	at org.springframework.beans.factory.support.SimpleInstantiationStrategy.instantiate(SimpleInstantiationStrategy.java:166)
	... 131 more
Caused by: org.springframework.beans.factory.BeanDefinitionStoreException: Factory method [public org.springframework.data.rest.core.config.RepositoryRestConfiguration org.springframework.data.rest.webmvc.config.RepositoryRestMvcConfiguration.config()] threw exception; nested exception is org.springframework.beans.factory.BeanCreationException: Error creating bean with name &apos;repositories&apos; defined in class path resource [org/springframework/data/rest/webmvc/config/RepositoryRestMvcConfiguration.class]: Instantiation of bean failed; nested exception is org.springframework.beans.factory.BeanDefinitionStoreException: Factory method [public org.springframework.data.repository.support.Repositories org.springframework.data.rest.webmvc.config.RepositoryRestMvcConfiguration.repositories()] threw exception; nested exception is org.springframework.beans.factory.UnsatisfiedDependencyException: Error creating bean with name &apos;mongoDBEnvironmentRepositoryImpl&apos; defined in URL [jar:file:/C:/workspaces/denv/denv-server-mongodb/target/denv-server-mongodb-0.1.0.jar!/org/ssoup/denv/server/persistence/mongodb/repository/MongoDBEnvironmentRepositoryImpl.class]: Unsatisfied dependency expressed through constructor argument with index 1 of type [org.ssoup.denv.server.persistence.ApplicationConfigRepository]: : No qualifying bean of type [org.ssoup.denv.server.persistence.ApplicationConfigRepository] is defined: expected single matching bean but found 2: mongoDBImageRepository,mongoDBApplicationConfigRepository; nested exception is org.springframework.beans.factory.NoUniqueBeanDefinitionException: No qualifying bean of type [org.ssoup.denv.server.persistence.ApplicationConfigRepository] is defined: expected single matching bean but found 2: mongoDBImageRepository,mongoDBApplicationConfigRepository
	at org.springframework.beans.factory.support.SimpleInstantiationStrategy.instantiate(SimpleInstantiationStrategy.java:188)
	at org.springframework.beans.factory.support.ConstructorResolver.instantiateUsingFactoryMethod(ConstructorResolver.java:586)
	... 152 more
Caused by: org.springframework.beans.factory.BeanCreationException: Error creating bean with name &apos;repositories&apos; defined in class path resource [org/springframework/data/rest/webmvc/config/RepositoryRestMvcConfiguration.class]: Instantiation of bean failed; nested exception is org.springframework.beans.factory.BeanDefinitionStoreException: Factory method [public org.springframework.data.repository.support.Repositories org.springframework.data.rest.webmvc.config.RepositoryRestMvcConfiguration.repositories()] threw exception; nested exception is org.springframework.beans.factory.UnsatisfiedDependencyException: Error creating bean with name &apos;mongoDBEnvironmentRepositoryImpl&apos; defined in URL [jar:file:/C:/workspaces/denv/denv-server-mongodb/target/denv-server-mongodb-0.1.0.jar!/org/ssoup/denv/server/persistence/mongodb/repository/MongoDBEnvironmentRepositoryImpl.class]: Unsatisfied dependency expressed through constructor argument with index 1 of type [org.ssoup.denv.server.persistence.ApplicationConfigRepository]: : No qualifying bean of type [org.ssoup.denv.server.persistence.ApplicationConfigRepository] is defined: expected single matching bean but found 2: mongoDBImageRepository,mongoDBApplicationConfigRepository; nested exception is org.springframework.beans.factory.NoUniqueBeanDefinitionException: No qualifying bean of type [org.ssoup.denv.server.persistence.ApplicationConfigRepository] is defined: expected single matching bean but found 2: mongoDBImageRepository,mongoDBApplicationConfigRepository
	at org.springframework.beans.factory.support.ConstructorResolver.instantiateUsingFactoryMethod(ConstructorResolver.java:597)
	at org.springframework.beans.factory.support.AbstractAutowireCapableBeanFactory.instantiateUsingFactoryMethod(AbstractAutowireCapableBeanFactory.java:1094)
	at org.springframework.beans.factory.support.AbstractAutowireCapableBeanFactory.createBeanInstance(AbstractAutowireCapableBeanFactory.java:989)
	at org.springframework.beans.factory.support.AbstractAutowireCapableBeanFactory.doCreateBean(AbstractAutowireCapableBeanFactory.java:504)
	at org.springframework.beans.factory.support.AbstractAutowireCapableBeanFactory.createBean(AbstractAutowireCapableBeanFactory.java:475)
	at org.springframework.beans.factory.support.AbstractBeanFactory$1.getObject(AbstractBeanFactory.java:302)
	at org.springframework.beans.factory.support.DefaultSingletonBeanRegistry.getSingleton(DefaultSingletonBeanRegistry.java:228)
	at org.springframework.beans.factory.support.AbstractBeanFactory.doGetBean(AbstractBeanFactory.java:298)
	at org.springframework.beans.factory.support.AbstractBeanFactory.getBean(AbstractBeanFactory.java:193)
	at org.springframework.context.annotation.ConfigurationClassEnhancer$BeanMethodInterceptor.intercept(ConfigurationClassEnhancer.java:324)
	at org.springframework.data.rest.webmvc.config.RepositoryRestMvcConfiguration$$EnhancerBySpringCGLIB$$2cc48631.repositories(&lt;generated&gt;)
	at org.springframework.data.rest.webmvc.config.RepositoryRestMvcConfiguration.getProjections(RepositoryRestMvcConfiguration.java:621)
	at org.springframework.data.rest.webmvc.config.RepositoryRestMvcConfiguration.config(RepositoryRestMvcConfiguration.java:224)
	at org.springframework.data.rest.webmvc.config.RepositoryRestMvcConfiguration$$EnhancerBySpringCGLIB$$2cc48631.CGLIB$config$40(&lt;generated&gt;)
	at org.springframework.data.rest.webmvc.config.RepositoryRestMvcConfiguration$$EnhancerBySpringCGLIB$$2cc48631$$FastClassBySpringCGLIB$$1e60d3fc.invoke(&lt;generated&gt;)
	at org.springframework.cglib.proxy.MethodProxy.invokeSuper(MethodProxy.java:228)
	at org.springframework.context.annotation.ConfigurationClassEnhancer$BeanMethodInterceptor.intercept(ConfigurationClassEnhancer.java:312)
	at org.springframework.data.rest.webmvc.config.RepositoryRestMvcConfiguration$$EnhancerBySpringCGLIB$$2cc48631.config(&lt;generated&gt;)
	at sun.reflect.NativeMethodAccessorImpl.invoke0(Native Method)
	at sun.reflect.NativeMethodAccessorImpl.invoke(NativeMethodAccessorImpl.java:39)
	at sun.reflect.DelegatingMethodAccessorImpl.invoke(DelegatingMethodAccessorImpl.java:25)
	at java.lang.reflect.Method.invoke(Method.java:597)
	at org.springframework.beans.factory.support.SimpleInstantiationStrategy.instantiate(SimpleInstantiationStrategy.java:166)
	... 153 more
Caused by: org.springframework.beans.factory.BeanDefinitionStoreException: Factory method [public org.springframework.data.repository.support.Repositories org.springframework.data.rest.webmvc.config.RepositoryRestMvcConfiguration.repositories()] threw exception; nested exception is org.springframework.beans.factory.UnsatisfiedDependencyException: Error creating bean with name &apos;mongoDBEnvironmentRepositoryImpl&apos; defined in URL [jar:file:/C:/workspaces/denv/denv-server-mongodb/target/denv-server-mongodb-0.1.0.jar!/org/ssoup/denv/server/persistence/mongodb/repository/MongoDBEnvironmentRepositoryImpl.class]: Unsatisfied dependency expressed through constructor argument with index 1 of type [org.ssoup.denv.server.persistence.ApplicationConfigRepository]: : No qualifying bean of type [org.ssoup.denv.server.persistence.ApplicationConfigRepository] is defined: expected single matching bean but found 2: mongoDBImageRepository,mongoDBApplicationConfigRepository; nested exception is org.springframework.beans.factory.NoUniqueBeanDefinitionException: No qualifying bean of type [org.ssoup.denv.server.persistence.ApplicationConfigRepository] is defined: expected single matching bean but found 2: mongoDBImageRepository,mongoDBApplicationConfigRepository
	at org.springframework.beans.factory.support.SimpleInstantiationStrategy.instantiate(SimpleInstantiationStrategy.java:188)
	at org.springframework.beans.factory.support.ConstructorResolver.instantiateUsingFactoryMethod(ConstructorResolver.java:586)
	... 175 more
Caused by: org.springframework.beans.factory.UnsatisfiedDependencyException: Error creating bean with name &apos;mongoDBEnvironmentRepositoryImpl&apos; defined in URL [jar:file:/C:/workspaces/denv/denv-server-mongodb/target/denv-server-mongodb-0.1.0.jar!/org/ssoup/denv/server/persistence/mongodb/repository/MongoDBEnvironmentRepositoryImpl.class]: Unsatisfied dependency expressed through constructor argument with index 1 of type [org.ssoup.denv.server.persistence.ApplicationConfigRepository]: : No qualifying bean of type [org.ssoup.denv.server.persistence.ApplicationConfigRepository] is defined: expected single matching bean but found 2: mongoDBImageRepository,mongoDBApplicationConfigRepository; nested exception is org.springframework.beans.factory.NoUniqueBeanDefinitionException: No qualifying bean of type [org.ssoup.denv.server.persistence.ApplicationConfigRepository] is defined: expected single matching bean but found 2: mongoDBImageRepository,mongoDBApplicationConfigRepository
	at org.springframework.beans.factory.support.ConstructorResolver.createArgumentArray(ConstructorResolver.java:747)
	at org.springframework.beans.factory.support.ConstructorResolver.autowireConstructor(ConstructorResolver.java:185)
	at org.springframework.beans.factory.support.AbstractAutowireCapableBeanFactory.autowireConstructor(AbstractAutowireCapableBeanFactory.java:1114)
	at org.springframework.beans.factory.support.AbstractAutowireCapableBeanFactory.createBeanInstance(AbstractAutowireCapableBeanFactory.java:1017)
	at org.springframework.beans.factory.support.AbstractAutowireCapableBeanFactory.doCreateBean(AbstractAutowireCapableBeanFactory.java:504)
	at org.springframework.beans.factory.support.AbstractAutowireCapableBeanFactory.createBean(AbstractAutowireCapableBeanFactory.java:475)
	at org.springframework.beans.factory.support.AbstractBeanFactory$1.getObject(AbstractBeanFactory.java:302)
	at org.springframework.beans.factory.support.DefaultSingletonBeanRegistry.getSingleton(DefaultSingletonBeanRegistry.java:228)
	at org.springframework.beans.factory.support.AbstractBeanFactory.doGetBean(AbstractBeanFactory.java:298)
	at org.springframework.beans.factory.support.AbstractBeanFactory.getBean(AbstractBeanFactory.java:193)
	at org.springframework.beans.factory.support.AbstractBeanFactory.doGetBean(AbstractBeanFactory.java:292)
	at org.springframework.beans.factory.support.AbstractBeanFactory.getBean(AbstractBeanFactory.java:198)
	at org.springframework.data.repository.support.Repositories.populateRepositoryFactoryInformation(Repositories.java:87)
	at org.springframework.data.repository.support.Repositories.&lt;init&gt;(Repositories.java:78)
	at org.springframework.data.rest.webmvc.config.RepositoryRestMvcConfiguration.repositories(RepositoryRestMvcConfiguration.java:146)
	at org.springframework.data.rest.webmvc.config.RepositoryRestMvcConfiguration$$EnhancerBySpringCGLIB$$2cc48631.CGLIB$repositories$2(&lt;generated&gt;)
	at org.springframework.data.rest.webmvc.config.RepositoryRestMvcConfiguration$$EnhancerBySpringCGLIB$$2cc48631$$FastClassBySpringCGLIB$$1e60d3fc.invoke(&lt;generated&gt;)
	at org.springframework.cglib.proxy.MethodProxy.invokeSuper(MethodProxy.java:228)
	at org.springframework.context.annotation.ConfigurationClassEnhancer$BeanMethodInterceptor.intercept(ConfigurationClassEnhancer.java:312)
	at org.springframework.data.rest.webmvc.config.RepositoryRestMvcConfiguration$$EnhancerBySpringCGLIB$$2cc48631.repositories(&lt;generated&gt;)
	at sun.reflect.NativeMethodAccessorImpl.invoke0(Native Method)
	at sun.reflect.NativeMethodAccessorImpl.invoke(NativeMethodAccessorImpl.java:39)
	at sun.reflect.DelegatingMethodAccessorImpl.invoke(DelegatingMethodAccessorImpl.java:25)
	at java.lang.reflect.Method.invoke(Method.java:597)
	at org.springframework.beans.factory.support.SimpleInstantiationStrategy.instantiate(SimpleInstantiationStrategy.java:166)
	... 176 more
Caused by: org.springframework.beans.factory.NoUniqueBeanDefinitionException: No qualifying bean of type [org.ssoup.denv.server.persistence.ApplicationConfigRepository] is defined: expected single matching bean but found 2: mongoDBImageRepository,mongoDBApplicationConfigRepository
	at org.springframework.beans.factory.support.DefaultListableBeanFactory.doResolveDependency(DefaultListableBeanFactory.java:970)
	at org.springframework.beans.factory.support.DefaultListableBeanFactory.resolveDependency(DefaultListableBeanFactory.java:858)
	at org.springframework.beans.factory.support.ConstructorResolver.resolveAutowiredArgument(ConstructorResolver.java:811)
	at org.springframework.beans.factory.support.ConstructorResolver.createArgumentArray(ConstructorResolver.java:739)
	... 200 more
</error>
    <system-out>2014-09-12 15:54:18.843 DEBUG 10216 --- [           main] o.s.w.c.s.StandardServletEnvironment     : Adding [servletConfigInitParams] PropertySource with lowest search precedence
2014-09-12 15:54:18.844 DEBUG 10216 --- [           main] o.s.w.c.s.StandardServletEnvironment     : Adding [servletContextInitParams] PropertySource with lowest search precedence
2014-09-12 15:54:18.844 DEBUG 10216 --- [           main] o.s.w.c.s.StandardServletEnvironment     : Adding [jndiProperties] PropertySource with lowest search precedence
2014-09-12 15:54:18.844 DEBUG 10216 --- [           main] o.s.w.c.s.StandardServletEnvironment     : Adding [systemProperties] PropertySource with lowest search precedence
2014-09-12 15:54:18.844 DEBUG 10216 --- [           main] o.s.w.c.s.StandardServletEnvironment     : Adding [systemEnvironment] PropertySource with lowest search precedence
2014-09-12 15:54:18.844 DEBUG 10216 --- [           main] o.s.w.c.s.StandardServletEnvironment     : Initialized StandardServletEnvironment with PropertySources [servletConfigInitParams,servletContextInitParams,jndiProperties,systemProperties,systemEnvironment]
2014-09-12 15:54:18.845 DEBUG 10216 --- [           main] o.s.w.c.s.StandardServletEnvironment     : Adding [integrationTest] PropertySource with search precedence immediately lower than [systemEnvironment]

  .   ____          _            __ _ _
 /\\ / ___&apos;_ __ _ _(_)_ __  __ _ \ \ \ \
( ( )\___ | &apos;_ | &apos;_| | &apos;_ \/ _` | \ \ \ \
 \\/  ___)| |_)| | | | | || (_| |  ) ) ) )
  &apos;  |____| .__|_| |_|_| |_\__, | / / / /
 =========|_|==============|___/=/_/_/_/
 :: Spring Boot ::        (v1.1.5.RELEASE)

2014-09-12 15:54:18.902 DEBUG 10216 --- [           main] o.s.w.c.s.StandardServletEnvironment     : Adding [servletConfigInitParams] PropertySource with lowest search precedence
2014-09-12 15:54:18.903 DEBUG 10216 --- [           main] o.s.w.c.s.StandardServletEnvironment     : Adding [servletContextInitParams] PropertySource with lowest search precedence
2014-09-12 15:54:18.903 DEBUG 10216 --- [           main] o.s.w.c.s.StandardServletEnvironment     : Adding [jndiProperties] PropertySource with lowest search precedence
2014-09-12 15:54:18.903 DEBUG 10216 --- [           main] o.s.w.c.s.StandardServletEnvironment     : Adding [systemProperties] PropertySource with lowest search precedence
2014-09-12 15:54:18.903 DEBUG 10216 --- [           main] o.s.w.c.s.StandardServletEnvironment     : Adding [systemEnvironment] PropertySource with lowest search precedence
2014-09-12 15:54:18.903 DEBUG 10216 --- [           main] o.s.w.c.s.StandardServletEnvironment     : Initialized StandardServletEnvironment with PropertySources [servletConfigInitParams,servletContextInitParams,jndiProperties,systemProperties,systemEnvironment]
2014-09-12 15:54:18.905  INFO 10216 --- [           main] o.a.m.surefire.booter.SurefireBooter     : Starting SurefireBooter v2.4.3 on Alderai with PID 10216 (C:\Users\ALB\.m2\repository\org\apache\maven\surefire\surefire-booter\2.4.3\surefire-booter-2.4.3.jar started by ALB in C:\workspaces\denv\denv-server-integration-test)
2014-09-12 15:54:18.907  INFO 10216 --- [           main] ationConfigEmbeddedWebApplicationContext : Refreshing org.springframework.boot.context.embedded.AnnotationConfigEmbeddedWebApplicationContext@e5f1d: startup date [Fri Sep 12 15:54:18 CEST 2014]; root of context hierarchy
2014-09-12 15:54:19.116 DEBUG 10216 --- [           main] o.s.w.c.s.StandardServletEnvironment     : Adding [class path resource [application.properties]] PropertySource with lowest search precedence
2014-09-12 15:54:19.160  INFO 10216 --- [           main] o.s.b.f.s.DefaultListableBeanFactory     : Overriding bean definition for bean &apos;beanNameViewResolver&apos;: replacing [Root bean: class [null]; scope=; abstract=false; lazyInit=false; autowireMode=3; dependencyCheck=0; autowireCandidate=true; primary=false; factoryBeanName=org.springframework.boot.autoconfigure.web.ErrorMvcAutoConfiguration$WhitelabelErrorViewConfiguration; factoryMethodName=beanNameViewResolver; initMethodName=null; destroyMethodName=(inferred); defined in class path resource [org/springframework/boot/autoconfigure/web/ErrorMvcAutoConfiguration$WhitelabelErrorViewConfiguration.class]] with [Root bean: class [null]; scope=; abstract=false; lazyInit=false; autowireMode=3; dependencyCheck=0; autowireCandidate=true; primary=false; factoryBeanName=org.springframework.boot.autoconfigure.web.WebMvcAutoConfiguration$WebMvcAutoConfigurationAdapter; factoryMethodName=beanNameViewResolver; initMethodName=null; destroyMethodName=(inferred); defined in class path resource [org/springframework/boot/autoconfigure/web/WebMvcAutoConfiguration$WebMvcAutoConfigurationAdapter.class]]
2014-09-12 15:54:19.911 DEBUG 10216 --- [           main] o.s.w.c.s.StandardServletEnvironment     : Adding [applicationConfig: [classpath:/application.properties]] PropertySource with search precedence immediately lower than [applicationConfigurationProperties]
2014-09-12 15:54:19.912 DEBUG 10216 --- [           main] o.s.w.c.s.StandardServletEnvironment     : Removing [applicationConfigurationProperties] PropertySource
2014-09-12 15:54:19.912 DEBUG 10216 --- [           main] o.s.w.c.s.StandardServletEnvironment     : Removing [defaultProperties] PropertySource
2014-09-12 15:54:19.973  INFO 10216 --- [           main] f.a.AutowiredAnnotationBeanPostProcessor : JSR-330 &apos;javax.inject.Inject&apos; annotation found and supported for autowiring
2014-09-12 15:54:20.235  INFO 10216 --- [           main] .t.TomcatEmbeddedServletContainerFactory : Server initialized with port: 8080
2014-09-12 15:54:20.236  INFO 10216 --- [           main] o.apache.catalina.core.StandardService   : Starting service Tomcat
2014-09-12 15:54:20.236  INFO 10216 --- [           main] org.apache.catalina.core.StandardEngine  : Starting Servlet Engine: Apache Tomcat/7.0.54
2014-09-12 15:54:20.242  INFO 10216 --- [ost-startStop-1] o.a.c.c.C.[Tomcat-4].[localhost].[/]     : Initializing Spring embedded WebApplicationContext
2014-09-12 15:54:20.243 DEBUG 10216 --- [ost-startStop-1] o.s.web.context.ContextLoader            : Published root WebApplicationContext as ServletContext attribute with name [org.springframework.web.context.WebApplicationContext.ROOT]
2014-09-12 15:54:20.243  INFO 10216 --- [ost-startStop-1] o.s.web.context.ContextLoader            : Root WebApplicationContext: initialization completed in 1336 ms
2014-09-12 15:54:21.674  WARN 10216 --- [ost-startStop-1] o.s.d.m.c.m.BasicMongoPersistentProperty : Customizing field name for id property not allowed! Custom name will not be considered!
2014-09-12 15:54:21.739 ERROR 10216 --- [ost-startStop-1] rvletContextInitializerLifecycleListener : Error starting Tomcat context: org.springframework.beans.factory.BeanCreationException
2014-09-12 15:54:21.742  INFO 10216 --- [           main] .b.l.ClasspathLoggingApplicationListener : Application failed to start with classpath: [file:/C:/Users/ALB/AppData/Local/Temp/surefirebooter7995350138174825736.jar]
2014-09-12 15:54:21.751 ERROR 10216 --- [           main] o.s.boot.SpringApplication               : Application startup failed

org.springframework.context.ApplicationContextException: Unable to start embedded container; nested exception is org.springframework.boot.context.embedded.EmbeddedServletContainerException: Unable to start embedded Tomcat
	at org.springframework.boot.context.embedded.EmbeddedWebApplicationContext.onRefresh(EmbeddedWebApplicationContext.java:135)
	at org.springframework.context.support.AbstractApplicationContext.refresh(AbstractApplicationContext.java:476)
	at org.springframework.boot.context.embedded.EmbeddedWebApplicationContext.refresh(EmbeddedWebApplicationContext.java:120)
	at org.springframework.boot.SpringApplication.refresh(SpringApplication.java:691)
	at org.springframework.boot.SpringApplication.run(SpringApplication.java:320)
	at org.springframework.boot.test.SpringApplicationContextLoader.loadContext(SpringApplicationContextLoader.java:107)
	at org.springframework.test.context.CacheAwareContextLoaderDelegate.loadContextInternal(CacheAwareContextLoaderDelegate.java:64)
	at org.springframework.test.context.CacheAwareContextLoaderDelegate.loadContext(CacheAwareContextLoaderDelegate.java:91)
	at org.springframework.test.context.DefaultTestContext.getApplicationContext(DefaultTestContext.java:101)
	at org.springframework.test.context.support.DependencyInjectionTestExecutionListener.injectDependencies(DependencyInjectionTestExecutionListener.java:109)
	at org.springframework.test.context.support.DependencyInjectionTestExecutionListener.prepareTestInstance(DependencyInjectionTestExecutionListener.java:75)
	at org.springframework.test.context.TestContextManager.prepareTestInstance(TestContextManager.java:331)
	at org.springframework.test.context.junit4.SpringJUnit4ClassRunner.createTest(SpringJUnit4ClassRunner.java:213)
	at org.springframework.test.context.junit4.SpringJUnit4ClassRunner$1.runReflectiveCall(SpringJUnit4ClassRunner.java:290)
	at org.junit.internal.runners.model.ReflectiveCallable.run(ReflectiveCallable.java:12)
	at org.springframework.test.context.junit4.SpringJUnit4ClassRunner.methodBlock(SpringJUnit4ClassRunner.java:292)
	at org.springframework.test.context.junit4.SpringJUnit4ClassRunner.runChild(SpringJUnit4ClassRunner.java:233)
	at org.springframework.test.context.junit4.SpringJUnit4ClassRunner.runChild(SpringJUnit4ClassRunner.java:87)
	at org.junit.runners.ParentRunner$3.run(ParentRunner.java:238)
	at org.junit.runners.ParentRunner$1.schedule(ParentRunner.java:63)
	at org.junit.runners.ParentRunner.runChildren(ParentRunner.java:236)
	at org.junit.runners.ParentRunner.access$000(ParentRunner.java:53)
	at org.junit.runners.ParentRunner$2.evaluate(ParentRunner.java:229)
	at org.springframework.test.context.junit4.statements.RunBeforeTestClassCallbacks.evaluate(RunBeforeTestClassCallbacks.java:61)
	at org.springframework.test.context.junit4.statements.RunAfterTestClassCallbacks.evaluate(RunAfterTestClassCallbacks.java:71)
	at org.junit.runners.ParentRunner.run(ParentRunner.java:309)
	at org.springframework.test.context.junit4.SpringJUnit4ClassRunner.run(SpringJUnit4ClassRunner.java:176)
	at org.apache.maven.surefire.junit4.JUnit4TestSet.execute(JUnit4TestSet.java:62)
	at org.apache.maven.surefire.suite.AbstractDirectoryTestSuite.executeTestSet(AbstractDirectoryTestSuite.java:140)
	at org.apache.maven.surefire.suite.AbstractDirectoryTestSuite.execute(AbstractDirectoryTestSuite.java:127)
	at org.apache.maven.surefire.Surefire.run(Surefire.java:177)
	at sun.reflect.NativeMethodAccessorImpl.invoke0(Native Method)
	at sun.reflect.NativeMethodAccessorImpl.invoke(NativeMethodAccessorImpl.java:39)
	at sun.reflect.DelegatingMethodAccessorImpl.invoke(DelegatingMethodAccessorImpl.java:25)
	at java.lang.reflect.Method.invoke(Method.java:597)
	at org.apache.maven.surefire.booter.SurefireBooter.runSuitesInProcess(SurefireBooter.java:345)
	at org.apache.maven.surefire.booter.SurefireBooter.main(SurefireBooter.java:1009)
Caused by: org.springframework.boot.context.embedded.EmbeddedServletContainerException: Unable to start embedded Tomcat
	at org.springframework.boot.context.embedded.tomcat.TomcatEmbeddedServletContainer.initialize(TomcatEmbeddedServletContainer.java:100)
	at org.springframework.boot.context.embedded.tomcat.TomcatEmbeddedServletContainer.&lt;init&gt;(TomcatEmbeddedServletContainer.java:74)
	at org.springframework.boot.context.embedded.tomcat.TomcatEmbeddedServletContainerFactory.getTomcatEmbeddedServletContainer(TomcatEmbeddedServletContainerFactory.java:289)
	at org.springframework.boot.context.embedded.tomcat.TomcatEmbeddedServletContainerFactory.getEmbeddedServletContainer(TomcatEmbeddedServletContainerFactory.java:146)
	at org.springframework.boot.context.embedded.EmbeddedWebApplicationContext.createEmbeddedServletContainer(EmbeddedWebApplicationContext.java:159)
	at org.springframework.boot.context.embedded.EmbeddedWebApplicationContext.onRefresh(EmbeddedWebApplicationContext.java:132)
	... 36 common frames omitted
Caused by: org.springframework.beans.factory.BeanCreationException: Error creating bean with name &apos;org.springframework.security.config.annotation.web.configuration.WebSecurityConfiguration&apos;: Injection of autowired dependencies failed; nested exception is org.springframework.beans.factory.BeanCreationException: Could not autowire method: public void org.springframework.security.config.annotation.web.configuration.WebSecurityConfiguration.setFilterChainProxySecurityConfigurer(org.springframework.security.config.annotation.ObjectPostProcessor,java.util.List) throws java.lang.Exception; nested exception is org.springframework.beans.factory.BeanExpressionException: Expression parsing failed; nested exception is org.springframework.beans.factory.BeanCreationException: Error creating bean with name &apos;securityConfig&apos;: Injection of autowired dependencies failed; nested exception is org.springframework.beans.factory.BeanCreationException: Could not autowire method: public void org.springframework.security.config.annotation.web.configuration.WebSecurityConfigurerAdapter.setContentNegotationStrategy(org.springframework.web.accept.ContentNegotiationStrategy); nested exception is org.springframework.beans.factory.BeanCreationException: Error creating bean with name &apos;org.springframework.web.servlet.config.annotation.DelegatingWebMvcConfiguration&apos;: Injection of autowired dependencies failed; nested exception is org.springframework.beans.factory.BeanCreationException: Could not autowire method: public void org.springframework.web.servlet.config.annotation.DelegatingWebMvcConfiguration.setConfigurers(java.util.List); nested exception is org.springframework.beans.factory.BeanCreationException: Error creating bean with name &apos;org.springframework.boot.autoconfigure.web.WebMvcAutoConfiguration$WebMvcAutoConfigurationAdapter&apos;: Injection of autowired dependencies failed; nested exception is org.springframework.beans.factory.BeanCreationException: Could not autowire field: private org.springframework.boot.autoconfigure.web.HttpMessageConverters org.springframework.boot.autoconfigure.web.WebMvcAutoConfiguration$WebMvcAutoConfigurationAdapter.messageConverters; nested exception is org.springframework.beans.factory.BeanCreationException: Error creating bean with name &apos;org.springframework.boot.autoconfigure.web.HttpMessageConvertersAutoConfiguration&apos;: Injection of autowired dependencies failed; nested exception is org.springframework.beans.factory.BeanCreationException: Could not autowire field: private final java.util.List org.springframework.boot.autoconfigure.web.HttpMessageConvertersAutoConfiguration.converters; nested exception is org.springframework.beans.factory.BeanCreationException: Error creating bean with name &apos;jacksonHttpMessageConverter&apos; defined in class path resource [org/springframework/data/rest/webmvc/config/RepositoryRestMvcConfiguration.class]: Instantiation of bean failed; nested exception is org.springframework.beans.factory.BeanDefinitionStoreException: Factory method [public org.springframework.http.converter.json.MappingJackson2HttpMessageConverter org.springframework.data.rest.webmvc.config.RepositoryRestMvcConfiguration.jacksonHttpMessageConverter()] threw exception; nested exception is org.springframework.beans.factory.BeanCreationException: Error creating bean with name &apos;config&apos; defined in class path resource [org/springframework/data/rest/webmvc/config/RepositoryRestMvcConfiguration.class]: Instantiation of bean failed; nested exception is org.springframework.beans.factory.BeanDefinitionStoreException: Factory method [public org.springframework.data.rest.core.config.RepositoryRestConfiguration org.springframework.data.rest.webmvc.config.RepositoryRestMvcConfiguration.config()] threw exception; nested exception is org.springframework.beans.factory.BeanCreationException: Error creating bean with name &apos;repositories&apos; defined in class path resource [org/springframework/data/rest/webmvc/config/RepositoryRestMvcConfiguration.class]: Instantiation of bean failed; nested exception is org.springframework.beans.factory.BeanDefinitionStoreException: Factory method [public org.springframework.data.repository.support.Repositories org.springframework.data.rest.webmvc.config.RepositoryRestMvcConfiguration.repositories()] threw exception; nested exception is org.springframework.beans.factory.UnsatisfiedDependencyException: Error creating bean with name &apos;mongoDBEnvironmentRepositoryImpl&apos; defined in URL [jar:file:/C:/workspaces/denv/denv-server-mongodb/target/denv-server-mongodb-0.1.0.jar!/org/ssoup/denv/server/persistence/mongodb/repository/MongoDBEnvironmentRepositoryImpl.class]: Unsatisfied dependency expressed through constructor argument with index 1 of type [org.ssoup.denv.server.persistence.ApplicationConfigRepository]: : No qualifying bean of type [org.ssoup.denv.server.persistence.ApplicationConfigRepository] is defined: expected single matching bean but found 2: mongoDBImageRepository,mongoDBApplicationConfigRepository; nested exception is org.springframework.beans.factory.NoUniqueBeanDefinitionException: No qualifying bean of type [org.ssoup.denv.server.persistence.ApplicationConfigRepository] is defined: expected single matching bean but found 2: mongoDBImageRepository,mongoDBApplicationConfigRepository
	at org.springframework.beans.factory.annotation.AutowiredAnnotationBeanPostProcessor.postProcessPropertyValues(AutowiredAnnotationBeanPostProcessor.java:292)
	at org.springframework.beans.factory.support.AbstractAutowireCapableBeanFactory.populateBean(AbstractAutowireCapableBeanFactory.java:1185)
	at org.springframework.beans.factory.support.AbstractAutowireCapableBeanFactory.doCreateBean(AbstractAutowireCapableBeanFactory.java:537)
	at org.springframework.beans.factory.support.AbstractAutowireCapableBeanFactory.createBean(AbstractAutowireCapableBeanFactory.java:475)
	at org.springframework.beans.factory.support.AbstractBeanFactory$1.getObject(AbstractBeanFactory.java:302)
	at org.springframework.beans.factory.support.DefaultSingletonBeanRegistry.getSingleton(DefaultSingletonBeanRegistry.java:228)
	at org.springframework.beans.factory.support.AbstractBeanFactory.doGetBean(AbstractBeanFactory.java:298)
	at org.springframework.beans.factory.support.AbstractBeanFactory.getBean(AbstractBeanFactory.java:193)
	at org.springframework.beans.factory.support.ConstructorResolver.instantiateUsingFactoryMethod(ConstructorResolver.java:370)
	at org.springframework.beans.factory.support.AbstractAutowireCapableBeanFactory.instantiateUsingFactoryMethod(AbstractAutowireCapableBeanFactory.java:1094)
	at org.springframework.beans.factory.support.AbstractAutowireCapableBeanFactory.createBeanInstance(AbstractAutowireCapableBeanFactory.java:989)
	at org.springframework.beans.factory.support.AbstractAutowireCapableBeanFactory.doCreateBean(AbstractAutowireCapableBeanFactory.java:504)
	at org.springframework.beans.factory.support.AbstractAutowireCapableBeanFactory.createBean(AbstractAutowireCapableBeanFactory.java:475)
	at org.springframework.beans.factory.support.AbstractBeanFactory$1.getObject(AbstractBeanFactory.java:302)
	at org.springframework.beans.factory.support.DefaultSingletonBeanRegistry.getSingleton(DefaultSingletonBeanRegistry.java:228)
	at org.springframework.beans.factory.support.AbstractBeanFactory.doGetBean(AbstractBeanFactory.java:298)
	at org.springframework.beans.factory.support.AbstractBeanFactory.getBean(AbstractBeanFactory.java:198)
	at org.springframework.boot.context.embedded.EmbeddedWebApplicationContext.getOrderedBeansOfType(EmbeddedWebApplicationContext.java:367)
	at org.springframework.boot.context.embedded.EmbeddedWebApplicationContext.getServletContextInitializerBeans(EmbeddedWebApplicationContext.java:268)
	at org.springframework.boot.context.embedded.EmbeddedWebApplicationContext$1.onStartup(EmbeddedWebApplicationContext.java:213)
	at org.springframework.boot.context.embedded.tomcat.ServletContextInitializerLifecycleListener.lifecycleEvent(ServletContextInitializerLifecycleListener.java:64)
	at org.apache.catalina.util.LifecycleSupport.fireLifecycleEvent(LifecycleSupport.java:117)
	at org.apache.catalina.util.LifecycleBase.fireLifecycleEvent(LifecycleBase.java:90)
	at org.apache.catalina.core.StandardContext.startInternal(StandardContext.java:5355)
	at org.apache.catalina.util.LifecycleBase.start(LifecycleBase.java:150)
	at org.apache.catalina.core.ContainerBase$StartChild.call(ContainerBase.java:1559)
	at org.apache.catalina.core.ContainerBase$StartChild.call(ContainerBase.java:1549)
	at java.util.concurrent.FutureTask$Sync.innerRun(FutureTask.java:303)
	at java.util.concurrent.FutureTask.run(FutureTask.java:138)
	at java.util.concurrent.ThreadPoolExecutor$Worker.runTask(ThreadPoolExecutor.java:886)
	at java.util.concurrent.ThreadPoolExecutor$Worker.run(ThreadPoolExecutor.java:908)
	at java.lang.Thread.run(Thread.java:662)
Caused by: org.springframework.beans.factory.BeanCreationException: Could not autowire method: public void org.springframework.security.config.annotation.web.configuration.WebSecurityConfiguration.setFilterChainProxySecurityConfigurer(org.springframework.security.config.annotation.ObjectPostProcessor,java.util.List) throws java.lang.Exception; nested exception is org.springframework.beans.factory.BeanExpressionException: Expression parsing failed; nested exception is org.springframework.beans.factory.BeanCreationException: Error creating bean with name &apos;securityConfig&apos;: Injection of autowired dependencies failed; nested exception is org.springframework.beans.factory.BeanCreationException: Could not autowire method: public void org.springframework.security.config.annotation.web.configuration.WebSecurityConfigurerAdapter.setContentNegotationStrategy(org.springframework.web.accept.ContentNegotiationStrategy); nested exception is org.springframework.beans.factory.BeanCreationException: Error creating bean with name &apos;org.springframework.web.servlet.config.annotation.DelegatingWebMvcConfiguration&apos;: Injection of autowired dependencies failed; nested exception is org.springframework.beans.factory.BeanCreationException: Could not autowire method: public void org.springframework.web.servlet.config.annotation.DelegatingWebMvcConfiguration.setConfigurers(java.util.List); nested exception is org.springframework.beans.factory.BeanCreationException: Error creating bean with name &apos;org.springframework.boot.autoconfigure.web.WebMvcAutoConfiguration$WebMvcAutoConfigurationAdapter&apos;: Injection of autowired dependencies failed; nested exception is org.springframework.beans.factory.BeanCreationException: Could not autowire field: private org.springframework.boot.autoconfigure.web.HttpMessageConverters org.springframework.boot.autoconfigure.web.WebMvcAutoConfiguration$WebMvcAutoConfigurationAdapter.messageConverters; nested exception is org.springframework.beans.factory.BeanCreationException: Error creating bean with name &apos;org.springframework.boot.autoconfigure.web.HttpMessageConvertersAutoConfiguration&apos;: Injection of autowired dependencies failed; nested exception is org.springframework.beans.factory.BeanCreationException: Could not autowire field: private final java.util.List org.springframework.boot.autoconfigure.web.HttpMessageConvertersAutoConfiguration.converters; nested exception is org.springframework.beans.factory.BeanCreationException: Error creating bean with name &apos;jacksonHttpMessageConverter&apos; defined in class path resource [org/springframework/data/rest/webmvc/config/RepositoryRestMvcConfiguration.class]: Instantiation of bean failed; nested exception is org.springframework.beans.factory.BeanDefinitionStoreException: Factory method [public org.springframework.http.converter.json.MappingJackson2HttpMessageConverter org.springframework.data.rest.webmvc.config.RepositoryRestMvcConfiguration.jacksonHttpMessageConverter()] threw exception; nested exception is org.springframework.beans.factory.BeanCreationException: Error creating bean with name &apos;config&apos; defined in class path resource [org/springframework/data/rest/webmvc/config/RepositoryRestMvcConfiguration.class]: Instantiation of bean failed; nested exception is org.springframework.beans.factory.BeanDefinitionStoreException: Factory method [public org.springframework.data.rest.core.config.RepositoryRestConfiguration org.springframework.data.rest.webmvc.config.RepositoryRestMvcConfiguration.config()] threw exception; nested exception is org.springframework.beans.factory.BeanCreationException: Error creating bean with name &apos;repositories&apos; defined in class path resource [org/springframework/data/rest/webmvc/config/RepositoryRestMvcConfiguration.class]: Instantiation of bean failed; nested exception is org.springframework.beans.factory.BeanDefinitionStoreException: Factory method [public org.springframework.data.repository.support.Repositories org.springframework.data.rest.webmvc.config.RepositoryRestMvcConfiguration.repositories()] threw exception; nested exception is org.springframework.beans.factory.UnsatisfiedDependencyException: Error creating bean with name &apos;mongoDBEnvironmentRepositoryImpl&apos; defined in URL [jar:file:/C:/workspaces/denv/denv-server-mongodb/target/denv-server-mongodb-0.1.0.jar!/org/ssoup/denv/server/persistence/mongodb/repository/MongoDBEnvironmentRepositoryImpl.class]: Unsatisfied dependency expressed through constructor argument with index 1 of type [org.ssoup.denv.server.persistence.ApplicationConfigRepository]: : No qualifying bean of type [org.ssoup.denv.server.persistence.ApplicationConfigRepository] is defined: expected single matching bean but found 2: mongoDBImageRepository,mongoDBApplicationConfigRepository; nested exception is org.springframework.beans.factory.NoUniqueBeanDefinitionException: No qualifying bean of type [org.ssoup.denv.server.persistence.ApplicationConfigRepository] is defined: expected single matching bean but found 2: mongoDBImageRepository,mongoDBApplicationConfigRepository
	at org.springframework.beans.factory.annotation.AutowiredAnnotationBeanPostProcessor$AutowiredMethodElement.inject(AutowiredAnnotationBeanPostProcessor.java:596)
	at org.springframework.beans.factory.annotation.InjectionMetadata.inject(InjectionMetadata.java:87)
	at org.springframework.beans.factory.annotation.AutowiredAnnotationBeanPostProcessor.postProcessPropertyValues(AutowiredAnnotationBeanPostProcessor.java:289)
	... 31 common frames omitted
Caused by: org.springframework.beans.factory.BeanExpressionException: Expression parsing failed; nested exception is org.springframework.beans.factory.BeanCreationException: Error creating bean with name &apos;securityConfig&apos;: Injection of autowired dependencies failed; nested exception is org.springframework.beans.factory.BeanCreationException: Could not autowire method: public void org.springframework.security.config.annotation.web.configuration.WebSecurityConfigurerAdapter.setContentNegotationStrategy(org.springframework.web.accept.ContentNegotiationStrategy); nested exception is org.springframework.beans.factory.BeanCreationException: Error creating bean with name &apos;org.springframework.web.servlet.config.annotation.DelegatingWebMvcConfiguration&apos;: Injection of autowired dependencies failed; nested exception is org.springframework.beans.factory.BeanCreationException: Could not autowire method: public void org.springframework.web.servlet.config.annotation.DelegatingWebMvcConfiguration.setConfigurers(java.util.List); nested exception is org.springframework.beans.factory.BeanCreationException: Error creating bean with name &apos;org.springframework.boot.autoconfigure.web.WebMvcAutoConfiguration$WebMvcAutoConfigurationAdapter&apos;: Injection of autowired dependencies failed; nested exception is org.springframework.beans.factory.BeanCreationException: Could not autowire field: private org.springframework.boot.autoconfigure.web.HttpMessageConverters org.springframework.boot.autoconfigure.web.WebMvcAutoConfiguration$WebMvcAutoConfigurationAdapter.messageConverters; nested exception is org.springframework.beans.factory.BeanCreationException: Error creating bean with name &apos;org.springframework.boot.autoconfigure.web.HttpMessageConvertersAutoConfiguration&apos;: Injection of autowired dependencies failed; nested exception is org.springframework.beans.factory.BeanCreationException: Could not autowire field: private final java.util.List org.springframework.boot.autoconfigure.web.HttpMessageConvertersAutoConfiguration.converters; nested exception is org.springframework.beans.factory.BeanCreationException: Error creating bean with name &apos;jacksonHttpMessageConverter&apos; defined in class path resource [org/springframework/data/rest/webmvc/config/RepositoryRestMvcConfiguration.class]: Instantiation of bean failed; nested exception is org.springframework.beans.factory.BeanDefinitionStoreException: Factory method [public org.springframework.http.converter.json.MappingJackson2HttpMessageConverter org.springframework.data.rest.webmvc.config.RepositoryRestMvcConfiguration.jacksonHttpMessageConverter()] threw exception; nested exception is org.springframework.beans.factory.BeanCreationException: Error creating bean with name &apos;config&apos; defined in class path resource [org/springframework/data/rest/webmvc/config/RepositoryRestMvcConfiguration.class]: Instantiation of bean failed; nested exception is org.springframework.beans.factory.BeanDefinitionStoreException: Factory method [public org.springframework.data.rest.core.config.RepositoryRestConfiguration org.springframework.data.rest.webmvc.config.RepositoryRestMvcConfiguration.config()] threw exception; nested exception is org.springframework.beans.factory.BeanCreationException: Error creating bean with name &apos;repositories&apos; defined in class path resource [org/springframework/data/rest/webmvc/config/RepositoryRestMvcConfiguration.class]: Instantiation of bean failed; nested exception is org.springframework.beans.factory.BeanDefinitionStoreException: Factory method [public org.springframework.data.repository.support.Repositories org.springframework.data.rest.webmvc.config.RepositoryRestMvcConfiguration.repositories()] threw exception; nested exception is org.springframework.beans.factory.UnsatisfiedDependencyException: Error creating bean with name &apos;mongoDBEnvironmentRepositoryImpl&apos; defined in URL [jar:file:/C:/workspaces/denv/denv-server-mongodb/target/denv-server-mongodb-0.1.0.jar!/org/ssoup/denv/server/persistence/mongodb/repository/MongoDBEnvironmentRepositoryImpl.class]: Unsatisfied dependency expressed through constructor argument with index 1 of type [org.ssoup.denv.server.persistence.ApplicationConfigRepository]: : No qualifying bean of type [org.ssoup.denv.server.persistence.ApplicationConfigRepository] is defined: expected single matching bean but found 2: mongoDBImageRepository,mongoDBApplicationConfigRepository; nested exception is org.springframework.beans.factory.NoUniqueBeanDefinitionException: No qualifying bean of type [org.ssoup.denv.server.persistence.ApplicationConfigRepository] is defined: expected single matching bean but found 2: mongoDBImageRepository,mongoDBApplicationConfigRepository
	at org.springframework.context.expression.StandardBeanExpressionResolver.evaluate(StandardBeanExpressionResolver.java:146)
	at org.springframework.beans.factory.support.AbstractBeanFactory.evaluateBeanDefinitionString(AbstractBeanFactory.java:1362)
	at org.springframework.beans.factory.support.DefaultListableBeanFactory.doResolveDependency(DefaultListableBeanFactory.java:873)
	at org.springframework.beans.factory.support.DefaultListableBeanFactory.resolveDependency(DefaultListableBeanFactory.java:858)
	at org.springframework.beans.factory.annotation.AutowiredAnnotationBeanPostProcessor$AutowiredMethodElement.inject(AutowiredAnnotationBeanPostProcessor.java:553)
	... 33 common frames omitted
Caused by: org.springframework.beans.factory.BeanCreationException: Error creating bean with name &apos;securityConfig&apos;: Injection of autowired dependencies failed; nested exception is org.springframework.beans.factory.BeanCreationException: Could not autowire method: public void org.springframework.security.config.annotation.web.configuration.WebSecurityConfigurerAdapter.setContentNegotationStrategy(org.springframework.web.accept.ContentNegotiationStrategy); nested exception is org.springframework.beans.factory.BeanCreationException: Error creating bean with name &apos;org.springframework.web.servlet.config.annotation.DelegatingWebMvcConfiguration&apos;: Injection of autowired dependencies failed; nested exception is org.springframework.beans.factory.BeanCreationException: Could not autowire method: public void org.springframework.web.servlet.config.annotation.DelegatingWebMvcConfiguration.setConfigurers(java.util.List); nested exception is org.springframework.beans.factory.BeanCreationException: Error creating bean with name &apos;org.springframework.boot.autoconfigure.web.WebMvcAutoConfiguration$WebMvcAutoConfigurationAdapter&apos;: Injection of autowired dependencies failed; nested exception is org.springframework.beans.factory.BeanCreationException: Could not autowire field: private org.springframework.boot.autoconfigure.web.HttpMessageConverters org.springframework.boot.autoconfigure.web.WebMvcAutoConfiguration$WebMvcAutoConfigurationAdapter.messageConverters; nested exception is org.springframework.beans.factory.BeanCreationException: Error creating bean with name &apos;org.springframework.boot.autoconfigure.web.HttpMessageConvertersAutoConfiguration&apos;: Injection of autowired dependencies failed; nested exception is org.springframework.beans.factory.BeanCreationException: Could not autowire field: private final java.util.List org.springframework.boot.autoconfigure.web.HttpMessageConvertersAutoConfiguration.converters; nested exception is org.springframework.beans.factory.BeanCreationException: Error creating bean with name &apos;jacksonHttpMessageConverter&apos; defined in class path resource [org/springframework/data/rest/webmvc/config/RepositoryRestMvcConfiguration.class]: Instantiation of bean failed; nested exception is org.springframework.beans.factory.BeanDefinitionStoreException: Factory method [public org.springframework.http.converter.json.MappingJackson2HttpMessageConverter org.springframework.data.rest.webmvc.config.RepositoryRestMvcConfiguration.jacksonHttpMessageConverter()] threw exception; nested exception is org.springframework.beans.factory.BeanCreationException: Error creating bean with name &apos;config&apos; defined in class path resource [org/springframework/data/rest/webmvc/config/RepositoryRestMvcConfiguration.class]: Instantiation of bean failed; nested exception is org.springframework.beans.factory.BeanDefinitionStoreException: Factory method [public org.springframework.data.rest.core.config.RepositoryRestConfiguration org.springframework.data.rest.webmvc.config.RepositoryRestMvcConfiguration.config()] threw exception; nested exception is org.springframework.beans.factory.BeanCreationException: Error creating bean with name &apos;repositories&apos; defined in class path resource [org/springframework/data/rest/webmvc/config/RepositoryRestMvcConfiguration.class]: Instantiation of bean failed; nested exception is org.springframework.beans.factory.BeanDefinitionStoreException: Factory method [public org.springframework.data.repository.support.Repositories org.springframework.data.rest.webmvc.config.RepositoryRestMvcConfiguration.repositories()] threw exception; nested exception is org.springframework.beans.factory.UnsatisfiedDependencyException: Error creating bean with name &apos;mongoDBEnvironmentRepositoryImpl&apos; defined in URL [jar:file:/C:/workspaces/denv/denv-server-mongodb/target/denv-server-mongodb-0.1.0.jar!/org/ssoup/denv/server/persistence/mongodb/repository/MongoDBEnvironmentRepositoryImpl.class]: Unsatisfied dependency expressed through constructor argument with index 1 of type [org.ssoup.denv.server.persistence.ApplicationConfigRepository]: : No qualifying bean of type [org.ssoup.denv.server.persistence.ApplicationConfigRepository] is defined: expected single matching bean but found 2: mongoDBImageRepository,mongoDBApplicationConfigRepository; nested exception is org.springframework.beans.factory.NoUniqueBeanDefinitionException: No qualifying bean of type [org.ssoup.denv.server.persistence.ApplicationConfigRepository] is defined: expected single matching bean but found 2: mongoDBImageRepository,mongoDBApplicationConfigRepository
	at org.springframework.beans.factory.annotation.AutowiredAnnotationBeanPostProcessor.postProcessPropertyValues(AutowiredAnnotationBeanPostProcessor.java:292)
	at org.springframework.beans.factory.support.AbstractAutowireCapableBeanFactory.populateBean(AbstractAutowireCapableBeanFactory.java:1185)
	at org.springframework.beans.factory.support.AbstractAutowireCapableBeanFactory.doCreateBean(AbstractAutowireCapableBeanFactory.java:537)
	at org.springframework.beans.factory.support.AbstractAutowireCapableBeanFactory.createBean(AbstractAutowireCapableBeanFactory.java:475)
	at org.springframework.beans.factory.support.AbstractBeanFactory$1.getObject(AbstractBeanFactory.java:302)
	at org.springframework.beans.factory.support.DefaultSingletonBeanRegistry.getSingleton(DefaultSingletonBeanRegistry.java:228)
	at org.springframework.beans.factory.support.AbstractBeanFactory.doGetBean(AbstractBeanFactory.java:298)
	at org.springframework.beans.factory.support.AbstractBeanFactory.getBean(AbstractBeanFactory.java:198)
	at org.springframework.beans.factory.support.DefaultListableBeanFactory.getBeansOfType(DefaultListableBeanFactory.java:470)
	at org.springframework.beans.factory.support.DefaultListableBeanFactory.getBeansOfType(DefaultListableBeanFactory.java:459)
	at org.springframework.security.config.annotation.web.configuration.AutowiredWebSecurityConfigurersIgnoreParents.getWebSecurityConfigurers(AutowiredWebSecurityConfigurersIgnoreParents.java:52)
	at sun.reflect.NativeMethodAccessorImpl.invoke0(Native Method)
	at sun.reflect.NativeMethodAccessorImpl.invoke(NativeMethodAccessorImpl.java:39)
	at sun.reflect.DelegatingMethodAccessorImpl.invoke(DelegatingMethodAccessorImpl.java:25)
	at java.lang.reflect.Method.invoke(Method.java:597)
	at org.springframework.expression.spel.support.ReflectiveMethodExecutor.execute(ReflectiveMethodExecutor.java:63)
	at org.springframework.expression.spel.ast.MethodReference.getValueInternal(MethodReference.java:122)
	at org.springframework.expression.spel.ast.MethodReference.access$000(MethodReference.java:44)
	at org.springframework.expression.spel.ast.MethodReference$MethodValueRef.getValue(MethodReference.java:258)
	at org.springframework.expression.spel.ast.CompoundExpression.getValueInternal(CompoundExpression.java:84)
	at org.springframework.expression.spel.ast.SpelNodeImpl.getValue(SpelNodeImpl.java:103)
	at org.springframework.expression.spel.standard.SpelExpression.getValue(SpelExpression.java:94)
	at org.springframework.context.expression.StandardBeanExpressionResolver.evaluate(StandardBeanExpressionResolver.java:143)
	... 37 common frames omitted
Caused by: org.springframework.beans.factory.BeanCreationException: Could not autowire method: public void org.springframework.security.config.annotation.web.configuration.WebSecurityConfigurerAdapter.setContentNegotationStrategy(org.springframework.web.accept.ContentNegotiationStrategy); nested exception is org.springframework.beans.factory.BeanCreationException: Error creating bean with name &apos;org.springframework.web.servlet.config.annotation.DelegatingWebMvcConfiguration&apos;: Injection of autowired dependencies failed; nested exception is org.springframework.beans.factory.BeanCreationException: Could not autowire method: public void org.springframework.web.servlet.config.annotation.DelegatingWebMvcConfiguration.setConfigurers(java.util.List); nested exception is org.springframework.beans.factory.BeanCreationException: Error creating bean with name &apos;org.springframework.boot.autoconfigure.web.WebMvcAutoConfiguration$WebMvcAutoConfigurationAdapter&apos;: Injection of autowired dependencies failed; nested exception is org.springframework.beans.factory.BeanCreationException: Could not autowire field: private org.springframework.boot.autoconfigure.web.HttpMessageConverters org.springframework.boot.autoconfigure.web.WebMvcAutoConfiguration$WebMvcAutoConfigurationAdapter.messageConverters; nested exception is org.springframework.beans.factory.BeanCreationException: Error creating bean with name &apos;org.springframework.boot.autoconfigure.web.HttpMessageConvertersAutoConfiguration&apos;: Injection of autowired dependencies failed; nested exception is org.springframework.beans.factory.BeanCreationException: Could not autowire field: private final java.util.List org.springframework.boot.autoconfigure.web.HttpMessageConvertersAutoConfiguration.converters; nested exception is org.springframework.beans.factory.BeanCreationException: Error creating bean with name &apos;jacksonHttpMessageConverter&apos; defined in class path resource [org/springframework/data/rest/webmvc/config/RepositoryRestMvcConfiguration.class]: Instantiation of bean failed; nested exception is org.springframework.beans.factory.BeanDefinitionStoreException: Factory method [public org.springframework.http.converter.json.MappingJackson2HttpMessageConverter org.springframework.data.rest.webmvc.config.RepositoryRestMvcConfiguration.jacksonHttpMessageConverter()] threw exception; nested exception is org.springframework.beans.factory.BeanCreationException: Error creating bean with name &apos;config&apos; defined in class path resource [org/springframework/data/rest/webmvc/config/RepositoryRestMvcConfiguration.class]: Instantiation of bean failed; nested exception is org.springframework.beans.factory.BeanDefinitionStoreException: Factory method [public org.springframework.data.rest.core.config.RepositoryRestConfiguration org.springframework.data.rest.webmvc.config.RepositoryRestMvcConfiguration.config()] threw exception; nested exception is org.springframework.beans.factory.BeanCreationException: Error creating bean with name &apos;repositories&apos; defined in class path resource [org/springframework/data/rest/webmvc/config/RepositoryRestMvcConfiguration.class]: Instantiation of bean failed; nested exception is org.springframework.beans.factory.BeanDefinitionStoreException: Factory method [public org.springframework.data.repository.support.Repositories org.springframework.data.rest.webmvc.config.RepositoryRestMvcConfiguration.repositories()] threw exception; nested exception is org.springframework.beans.factory.UnsatisfiedDependencyException: Error creating bean with name &apos;mongoDBEnvironmentRepositoryImpl&apos; defined in URL [jar:file:/C:/workspaces/denv/denv-server-mongodb/target/denv-server-mongodb-0.1.0.jar!/org/ssoup/denv/server/persistence/mongodb/repository/MongoDBEnvironmentRepositoryImpl.class]: Unsatisfied dependency expressed through constructor argument with index 1 of type [org.ssoup.denv.server.persistence.ApplicationConfigRepository]: : No qualifying bean of type [org.ssoup.denv.server.persistence.ApplicationConfigRepository] is defined: expected single matching bean but found 2: mongoDBImageRepository,mongoDBApplicationConfigRepository; nested exception is org.springframework.beans.factory.NoUniqueBeanDefinitionException: No qualifying bean of type [org.ssoup.denv.server.persistence.ApplicationConfigRepository] is defined: expected single matching bean but found 2: mongoDBImageRepository,mongoDBApplicationConfigRepository
	at org.springframework.beans.factory.annotation.AutowiredAnnotationBeanPostProcessor$AutowiredMethodElement.inject(AutowiredAnnotationBeanPostProcessor.java:596)
	at org.springframework.beans.factory.annotation.InjectionMetadata.inject(InjectionMetadata.java:87)
	at org.springframework.beans.factory.annotation.AutowiredAnnotationBeanPostProcessor.postProcessPropertyValues(AutowiredAnnotationBeanPostProcessor.java:289)
	... 59 common frames omitted
Caused by: org.springframework.beans.factory.BeanCreationException: Error creating bean with name &apos;org.springframework.web.servlet.config.annotation.DelegatingWebMvcConfiguration&apos;: Injection of autowired dependencies failed; nested exception is org.springframework.beans.factory.BeanCreationException: Could not autowire method: public void org.springframework.web.servlet.config.annotation.DelegatingWebMvcConfiguration.setConfigurers(java.util.List); nested exception is org.springframework.beans.factory.BeanCreationException: Error creating bean with name &apos;org.springframework.boot.autoconfigure.web.WebMvcAutoConfiguration$WebMvcAutoConfigurationAdapter&apos;: Injection of autowired dependencies failed; nested exception is org.springframework.beans.factory.BeanCreationException: Could not autowire field: private org.springframework.boot.autoconfigure.web.HttpMessageConverters org.springframework.boot.autoconfigure.web.WebMvcAutoConfiguration$WebMvcAutoConfigurationAdapter.messageConverters; nested exception is org.springframework.beans.factory.BeanCreationException: Error creating bean with name &apos;org.springframework.boot.autoconfigure.web.HttpMessageConvertersAutoConfiguration&apos;: Injection of autowired dependencies failed; nested exception is org.springframework.beans.factory.BeanCreationException: Could not autowire field: private final java.util.List org.springframework.boot.autoconfigure.web.HttpMessageConvertersAutoConfiguration.converters; nested exception is org.springframework.beans.factory.BeanCreationException: Error creating bean with name &apos;jacksonHttpMessageConverter&apos; defined in class path resource [org/springframework/data/rest/webmvc/config/RepositoryRestMvcConfiguration.class]: Instantiation of bean failed; nested exception is org.springframework.beans.factory.BeanDefinitionStoreException: Factory method [public org.springframework.http.converter.json.MappingJackson2HttpMessageConverter org.springframework.data.rest.webmvc.config.RepositoryRestMvcConfiguration.jacksonHttpMessageConverter()] threw exception; nested exception is org.springframework.beans.factory.BeanCreationException: Error creating bean with name &apos;config&apos; defined in class path resource [org/springframework/data/rest/webmvc/config/RepositoryRestMvcConfiguration.class]: Instantiation of bean failed; nested exception is org.springframework.beans.factory.BeanDefinitionStoreException: Factory method [public org.springframework.data.rest.core.config.RepositoryRestConfiguration org.springframework.data.rest.webmvc.config.RepositoryRestMvcConfiguration.config()] threw exception; nested exception is org.springframework.beans.factory.BeanCreationException: Error creating bean with name &apos;repositories&apos; defined in class path resource [org/springframework/data/rest/webmvc/config/RepositoryRestMvcConfiguration.class]: Instantiation of bean failed; nested exception is org.springframework.beans.factory.BeanDefinitionStoreException: Factory method [public org.springframework.data.repository.support.Repositories org.springframework.data.rest.webmvc.config.RepositoryRestMvcConfiguration.repositories()] threw exception; nested exception is org.springframework.beans.factory.UnsatisfiedDependencyException: Error creating bean with name &apos;mongoDBEnvironmentRepositoryImpl&apos; defined in URL [jar:file:/C:/workspaces/denv/denv-server-mongodb/target/denv-server-mongodb-0.1.0.jar!/org/ssoup/denv/server/persistence/mongodb/repository/MongoDBEnvironmentRepositoryImpl.class]: Unsatisfied dependency expressed through constructor argument with index 1 of type [org.ssoup.denv.server.persistence.ApplicationConfigRepository]: : No qualifying bean of type [org.ssoup.denv.server.persistence.ApplicationConfigRepository] is defined: expected single matching bean but found 2: mongoDBImageRepository,mongoDBApplicationConfigRepository; nested exception is org.springframework.beans.factory.NoUniqueBeanDefinitionException: No qualifying bean of type [org.ssoup.denv.server.persistence.ApplicationConfigRepository] is defined: expected single matching bean but found 2: mongoDBImageRepository,mongoDBApplicationConfigRepository
	at org.springframework.beans.factory.annotation.AutowiredAnnotationBeanPostProcessor.postProcessPropertyValues(AutowiredAnnotationBeanPostProcessor.java:292)
	at org.springframework.beans.factory.support.AbstractAutowireCapableBeanFactory.populateBean(AbstractAutowireCapableBeanFactory.java:1185)
	at org.springframework.beans.factory.support.AbstractAutowireCapableBeanFactory.doCreateBean(AbstractAutowireCapableBeanFactory.java:537)
	at org.springframework.beans.factory.support.AbstractAutowireCapableBeanFactory.createBean(AbstractAutowireCapableBeanFactory.java:475)
	at org.springframework.beans.factory.support.AbstractBeanFactory$1.getObject(AbstractBeanFactory.java:302)
	at org.springframework.beans.factory.support.DefaultSingletonBeanRegistry.getSingleton(DefaultSingletonBeanRegistry.java:228)
	at org.springframework.beans.factory.support.AbstractBeanFactory.doGetBean(AbstractBeanFactory.java:298)
	at org.springframework.beans.factory.support.AbstractBeanFactory.getBean(AbstractBeanFactory.java:193)
	at org.springframework.beans.factory.support.ConstructorResolver.instantiateUsingFactoryMethod(ConstructorResolver.java:370)
	at org.springframework.beans.factory.support.AbstractAutowireCapableBeanFactory.instantiateUsingFactoryMethod(AbstractAutowireCapableBeanFactory.java:1094)
	at org.springframework.beans.factory.support.AbstractAutowireCapableBeanFactory.createBeanInstance(AbstractAutowireCapableBeanFactory.java:989)
	at org.springframework.beans.factory.support.AbstractAutowireCapableBeanFactory.doCreateBean(AbstractAutowireCapableBeanFactory.java:504)
	at org.springframework.beans.factory.support.AbstractAutowireCapableBeanFactory.createBean(AbstractAutowireCapableBeanFactory.java:475)
	at org.springframework.beans.factory.support.AbstractBeanFactory$1.getObject(AbstractBeanFactory.java:302)
	at org.springframework.beans.factory.support.DefaultSingletonBeanRegistry.getSingleton(DefaultSingletonBeanRegistry.java:228)
	at org.springframework.beans.factory.support.AbstractBeanFactory.doGetBean(AbstractBeanFactory.java:298)
	at org.springframework.beans.factory.support.AbstractBeanFactory.getBean(AbstractBeanFactory.java:193)
	at org.springframework.beans.factory.support.DefaultListableBeanFactory.findAutowireCandidates(DefaultListableBeanFactory.java:1017)
	at org.springframework.beans.factory.support.DefaultListableBeanFactory.doResolveDependency(DefaultListableBeanFactory.java:960)
	at org.springframework.beans.factory.support.DefaultListableBeanFactory.resolveDependency(DefaultListableBeanFactory.java:858)
	at org.springframework.beans.factory.annotation.AutowiredAnnotationBeanPostProcessor$AutowiredMethodElement.inject(AutowiredAnnotationBeanPostProcessor.java:553)
	... 61 common frames omitted
Caused by: org.springframework.beans.factory.BeanCreationException: Could not autowire method: public void org.springframework.web.servlet.config.annotation.DelegatingWebMvcConfiguration.setConfigurers(java.util.List); nested exception is org.springframework.beans.factory.BeanCreationException: Error creating bean with name &apos;org.springframework.boot.autoconfigure.web.WebMvcAutoConfiguration$WebMvcAutoConfigurationAdapter&apos;: Injection of autowired dependencies failed; nested exception is org.springframework.beans.factory.BeanCreationException: Could not autowire field: private org.springframework.boot.autoconfigure.web.HttpMessageConverters org.springframework.boot.autoconfigure.web.WebMvcAutoConfiguration$WebMvcAutoConfigurationAdapter.messageConverters; nested exception is org.springframework.beans.factory.BeanCreationException: Error creating bean with name &apos;org.springframework.boot.autoconfigure.web.HttpMessageConvertersAutoConfiguration&apos;: Injection of autowired dependencies failed; nested exception is org.springframework.beans.factory.BeanCreationException: Could not autowire field: private final java.util.List org.springframework.boot.autoconfigure.web.HttpMessageConvertersAutoConfiguration.converters; nested exception is org.springframework.beans.factory.BeanCreationException: Error creating bean with name &apos;jacksonHttpMessageConverter&apos; defined in class path resource [org/springframework/data/rest/webmvc/config/RepositoryRestMvcConfiguration.class]: Instantiation of bean failed; nested exception is org.springframework.beans.factory.BeanDefinitionStoreException: Factory method [public org.springframework.http.converter.json.MappingJackson2HttpMessageConverter org.springframework.data.rest.webmvc.config.RepositoryRestMvcConfiguration.jacksonHttpMessageConverter()] threw exception; nested exception is org.springframework.beans.factory.BeanCreationException: Error creating bean with name &apos;config&apos; defined in class path resource [org/springframework/data/rest/webmvc/config/RepositoryRestMvcConfiguration.class]: Instantiation of bean failed; nested exception is org.springframework.beans.factory.BeanDefinitionStoreException: Factory method [public org.springframework.data.rest.core.config.RepositoryRestConfiguration org.springframework.data.rest.webmvc.config.RepositoryRestMvcConfiguration.config()] threw exception; nested exception is org.springframework.beans.factory.BeanCreationException: Error creating bean with name &apos;repositories&apos; defined in class path resource [org/springframework/data/rest/webmvc/config/RepositoryRestMvcConfiguration.class]: Instantiation of bean failed; nested exception is org.springframework.beans.factory.BeanDefinitionStoreException: Factory method [public org.springframework.data.repository.support.Repositories org.springframework.data.rest.webmvc.config.RepositoryRestMvcConfiguration.repositories()] threw exception; nested exception is org.springframework.beans.factory.UnsatisfiedDependencyException: Error creating bean with name &apos;mongoDBEnvironmentRepositoryImpl&apos; defined in URL [jar:file:/C:/workspaces/denv/denv-server-mongodb/target/denv-server-mongodb-0.1.0.jar!/org/ssoup/denv/server/persistence/mongodb/repository/MongoDBEnvironmentRepositoryImpl.class]: Unsatisfied dependency expressed through constructor argument with index 1 of type [org.ssoup.denv.server.persistence.ApplicationConfigRepository]: : No qualifying bean of type [org.ssoup.denv.server.persistence.ApplicationConfigRepository] is defined: expected single matching bean but found 2: mongoDBImageRepository,mongoDBApplicationConfigRepository; nested exception is org.springframework.beans.factory.NoUniqueBeanDefinitionException: No qualifying bean of type [org.ssoup.denv.server.persistence.ApplicationConfigRepository] is defined: expected single matching bean but found 2: mongoDBImageRepository,mongoDBApplicationConfigRepository
	at org.springframework.beans.factory.annotation.AutowiredAnnotationBeanPostProcessor$AutowiredMethodElement.inject(AutowiredAnnotationBeanPostProcessor.java:596)
	at org.springframework.beans.factory.annotation.InjectionMetadata.inject(InjectionMetadata.java:87)
	at org.springframework.beans.factory.annotation.AutowiredAnnotationBeanPostProcessor.postProcessPropertyValues(AutowiredAnnotationBeanPostProcessor.java:289)
	... 81 common frames omitted
Caused by: org.springframework.beans.factory.BeanCreationException: Error creating bean with name &apos;org.springframework.boot.autoconfigure.web.WebMvcAutoConfiguration$WebMvcAutoConfigurationAdapter&apos;: Injection of autowired dependencies failed; nested exception is org.springframework.beans.factory.BeanCreationException: Could not autowire field: private org.springframework.boot.autoconfigure.web.HttpMessageConverters org.springframework.boot.autoconfigure.web.WebMvcAutoConfiguration$WebMvcAutoConfigurationAdapter.messageConverters; nested exception is org.springframework.beans.factory.BeanCreationException: Error creating bean with name &apos;org.springframework.boot.autoconfigure.web.HttpMessageConvertersAutoConfiguration&apos;: Injection of autowired dependencies failed; nested exception is org.springframework.beans.factory.BeanCreationException: Could not autowire field: private final java.util.List org.springframework.boot.autoconfigure.web.HttpMessageConvertersAutoConfiguration.converters; nested exception is org.springframework.beans.factory.BeanCreationException: Error creating bean with name &apos;jacksonHttpMessageConverter&apos; defined in class path resource [org/springframework/data/rest/webmvc/config/RepositoryRestMvcConfiguration.class]: Instantiation of bean failed; nested exception is org.springframework.beans.factory.BeanDefinitionStoreException: Factory method [public org.springframework.http.converter.json.MappingJackson2HttpMessageConverter org.springframework.data.rest.webmvc.config.RepositoryRestMvcConfiguration.jacksonHttpMessageConverter()] threw exception; nested exception is org.springframework.beans.factory.BeanCreationException: Error creating bean with name &apos;config&apos; defined in class path resource [org/springframework/data/rest/webmvc/config/RepositoryRestMvcConfiguration.class]: Instantiation of bean failed; nested exception is org.springframework.beans.factory.BeanDefinitionStoreException: Factory method [public org.springframework.data.rest.core.config.RepositoryRestConfiguration org.springframework.data.rest.webmvc.config.RepositoryRestMvcConfiguration.config()] threw exception; nested exception is org.springframework.beans.factory.BeanCreationException: Error creating bean with name &apos;repositories&apos; defined in class path resource [org/springframework/data/rest/webmvc/config/RepositoryRestMvcConfiguration.class]: Instantiation of bean failed; nested exception is org.springframework.beans.factory.BeanDefinitionStoreException: Factory method [public org.springframework.data.repository.support.Repositories org.springframework.data.rest.webmvc.config.RepositoryRestMvcConfiguration.repositories()] threw exception; nested exception is org.springframework.beans.factory.UnsatisfiedDependencyException: Error creating bean with name &apos;mongoDBEnvironmentRepositoryImpl&apos; defined in URL [jar:file:/C:/workspaces/denv/denv-server-mongodb/target/denv-server-mongodb-0.1.0.jar!/org/ssoup/denv/server/persistence/mongodb/repository/MongoDBEnvironmentRepositoryImpl.class]: Unsatisfied dependency expressed through constructor argument with index 1 of type [org.ssoup.denv.server.persistence.ApplicationConfigRepository]: : No qualifying bean of type [org.ssoup.denv.server.persistence.ApplicationConfigRepository] is defined: expected single matching bean but found 2: mongoDBImageRepository,mongoDBApplicationConfigRepository; nested exception is org.springframework.beans.factory.NoUniqueBeanDefinitionException: No qualifying bean of type [org.ssoup.denv.server.persistence.ApplicationConfigRepository] is defined: expected single matching bean but found 2: mongoDBImageRepository,mongoDBApplicationConfigRepository
	at org.springframework.beans.factory.annotation.AutowiredAnnotationBeanPostProcessor.postProcessPropertyValues(AutowiredAnnotationBeanPostProcessor.java:292)
	at org.springframework.beans.factory.support.AbstractAutowireCapableBeanFactory.populateBean(AbstractAutowireCapableBeanFactory.java:1185)
	at org.springframework.beans.factory.support.AbstractAutowireCapableBeanFactory.doCreateBean(AbstractAutowireCapableBeanFactory.java:537)
	at org.springframework.beans.factory.support.AbstractAutowireCapableBeanFactory.createBean(AbstractAutowireCapableBeanFactory.java:475)
	at org.springframework.beans.factory.support.AbstractBeanFactory$1.getObject(AbstractBeanFactory.java:302)
	at org.springframework.beans.factory.support.DefaultSingletonBeanRegistry.getSingleton(DefaultSingletonBeanRegistry.java:228)
	at org.springframework.beans.factory.support.AbstractBeanFactory.doGetBean(AbstractBeanFactory.java:298)
	at org.springframework.beans.factory.support.AbstractBeanFactory.getBean(AbstractBeanFactory.java:193)
	at org.springframework.beans.factory.support.DefaultListableBeanFactory.findAutowireCandidates(DefaultListableBeanFactory.java:1017)
	at org.springframework.beans.factory.support.DefaultListableBeanFactory.doResolveDependency(DefaultListableBeanFactory.java:912)
	at org.springframework.beans.factory.support.DefaultListableBeanFactory.resolveDependency(DefaultListableBeanFactory.java:858)
	at org.springframework.beans.factory.annotation.AutowiredAnnotationBeanPostProcessor$AutowiredMethodElement.inject(AutowiredAnnotationBeanPostProcessor.java:553)
	... 83 common frames omitted
Caused by: org.springframework.beans.factory.BeanCreationException: Could not autowire field: private org.springframework.boot.autoconfigure.web.HttpMessageConverters org.springframework.boot.autoconfigure.web.WebMvcAutoConfiguration$WebMvcAutoConfigurationAdapter.messageConverters; nested exception is org.springframework.beans.factory.BeanCreationException: Error creating bean with name &apos;org.springframework.boot.autoconfigure.web.HttpMessageConvertersAutoConfiguration&apos;: Injection of autowired dependencies failed; nested exception is org.springframework.beans.factory.BeanCreationException: Could not autowire field: private final java.util.List org.springframework.boot.autoconfigure.web.HttpMessageConvertersAutoConfiguration.converters; nested exception is org.springframework.beans.factory.BeanCreationException: Error creating bean with name &apos;jacksonHttpMessageConverter&apos; defined in class path resource [org/springframework/data/rest/webmvc/config/RepositoryRestMvcConfiguration.class]: Instantiation of bean failed; nested exception is org.springframework.beans.factory.BeanDefinitionStoreException: Factory method [public org.springframework.http.converter.json.MappingJackson2HttpMessageConverter org.springframework.data.rest.webmvc.config.RepositoryRestMvcConfiguration.jacksonHttpMessageConverter()] threw exception; nested exception is org.springframework.beans.factory.BeanCreationException: Error creating bean with name &apos;config&apos; defined in class path resource [org/springframework/data/rest/webmvc/config/RepositoryRestMvcConfiguration.class]: Instantiation of bean failed; nested exception is org.springframework.beans.factory.BeanDefinitionStoreException: Factory method [public org.springframework.data.rest.core.config.RepositoryRestConfiguration org.springframework.data.rest.webmvc.config.RepositoryRestMvcConfiguration.config()] threw exception; nested exception is org.springframework.beans.factory.BeanCreationException: Error creating bean with name &apos;repositories&apos; defined in class path resource [org/springframework/data/rest/webmvc/config/RepositoryRestMvcConfiguration.class]: Instantiation of bean failed; nested exception is org.springframework.beans.factory.BeanDefinitionStoreException: Factory method [public org.springframework.data.repository.support.Repositories org.springframework.data.rest.webmvc.config.RepositoryRestMvcConfiguration.repositories()] threw exception; nested exception is org.springframework.beans.factory.UnsatisfiedDependencyException: Error creating bean with name &apos;mongoDBEnvironmentRepositoryImpl&apos; defined in URL [jar:file:/C:/workspaces/denv/denv-server-mongodb/target/denv-server-mongodb-0.1.0.jar!/org/ssoup/denv/server/persistence/mongodb/repository/MongoDBEnvironmentRepositoryImpl.class]: Unsatisfied dependency expressed through constructor argument with index 1 of type [org.ssoup.denv.server.persistence.ApplicationConfigRepository]: : No qualifying bean of type [org.ssoup.denv.server.persistence.ApplicationConfigRepository] is defined: expected single matching bean but found 2: mongoDBImageRepository,mongoDBApplicationConfigRepository; nested exception is org.springframework.beans.factory.NoUniqueBeanDefinitionException: No qualifying bean of type [org.ssoup.denv.server.persistence.ApplicationConfigRepository] is defined: expected single matching bean but found 2: mongoDBImageRepository,mongoDBApplicationConfigRepository
	at org.springframework.beans.factory.annotation.AutowiredAnnotationBeanPostProcessor$AutowiredFieldElement.inject(AutowiredAnnotationBeanPostProcessor.java:508)
	at org.springframework.beans.factory.annotation.InjectionMetadata.inject(InjectionMetadata.java:87)
	at org.springframework.beans.factory.annotation.AutowiredAnnotationBeanPostProcessor.postProcessPropertyValues(AutowiredAnnotationBeanPostProcessor.java:289)
	... 94 common frames omitted
Caused by: org.springframework.beans.factory.BeanCreationException: Error creating bean with name &apos;org.springframework.boot.autoconfigure.web.HttpMessageConvertersAutoConfiguration&apos;: Injection of autowired dependencies failed; nested exception is org.springframework.beans.factory.BeanCreationException: Could not autowire field: private final java.util.List org.springframework.boot.autoconfigure.web.HttpMessageConvertersAutoConfiguration.converters; nested exception is org.springframework.beans.factory.BeanCreationException: Error creating bean with name &apos;jacksonHttpMessageConverter&apos; defined in class path resource [org/springframework/data/rest/webmvc/config/RepositoryRestMvcConfiguration.class]: Instantiation of bean failed; nested exception is org.springframework.beans.factory.BeanDefinitionStoreException: Factory method [public org.springframework.http.converter.json.MappingJackson2HttpMessageConverter org.springframework.data.rest.webmvc.config.RepositoryRestMvcConfiguration.jacksonHttpMessageConverter()] threw exception; nested exception is org.springframework.beans.factory.BeanCreationException: Error creating bean with name &apos;config&apos; defined in class path resource [org/springframework/data/rest/webmvc/config/RepositoryRestMvcConfiguration.class]: Instantiation of bean failed; nested exception is org.springframework.beans.factory.BeanDefinitionStoreException: Factory method [public org.springframework.data.rest.core.config.RepositoryRestConfiguration org.springframework.data.rest.webmvc.config.RepositoryRestMvcConfiguration.config()] threw exception; nested exception is org.springframework.beans.factory.BeanCreationException: Error creating bean with name &apos;repositories&apos; defined in class path resource [org/springframework/data/rest/webmvc/config/RepositoryRestMvcConfiguration.class]: Instantiation of bean failed; nested exception is org.springframework.beans.factory.BeanDefinitionStoreException: Factory method [public org.springframework.data.repository.support.Repositories org.springframework.data.rest.webmvc.config.RepositoryRestMvcConfiguration.repositories()] threw exception; nested exception is org.springframework.beans.factory.UnsatisfiedDependencyException: Error creating bean with name &apos;mongoDBEnvironmentRepositoryImpl&apos; defined in URL [jar:file:/C:/workspaces/denv/denv-server-mongodb/target/denv-server-mongodb-0.1.0.jar!/org/ssoup/denv/server/persistence/mongodb/repository/MongoDBEnvironmentRepositoryImpl.class]: Unsatisfied dependency expressed through constructor argument with index 1 of type [org.ssoup.denv.server.persistence.ApplicationConfigRepository]: : No qualifying bean of type [org.ssoup.denv.server.persistence.ApplicationConfigRepository] is defined: expected single matching bean but found 2: mongoDBImageRepository,mongoDBApplicationConfigRepository; nested exception is org.springframework.beans.factory.NoUniqueBeanDefinitionException: No qualifying bean of type [org.ssoup.denv.server.persistence.ApplicationConfigRepository] is defined: expected single matching bean but found 2: mongoDBImageRepository,mongoDBApplicationConfigRepository
	at org.springframework.beans.factory.annotation.AutowiredAnnotationBeanPostProcessor.postProcessPropertyValues(AutowiredAnnotationBeanPostProcessor.java:292)
	at org.springframework.beans.factory.support.AbstractAutowireCapableBeanFactory.populateBean(AbstractAutowireCapableBeanFactory.java:1185)
	at org.springframework.beans.factory.support.AbstractAutowireCapableBeanFactory.doCreateBean(AbstractAutowireCapableBeanFactory.java:537)
	at org.springframework.beans.factory.support.AbstractAutowireCapableBeanFactory.createBean(AbstractAutowireCapableBeanFactory.java:475)
	at org.springframework.beans.factory.support.AbstractBeanFactory$1.getObject(AbstractBeanFactory.java:302)
	at org.springframework.beans.factory.support.DefaultSingletonBeanRegistry.getSingleton(DefaultSingletonBeanRegistry.java:228)
	at org.springframework.beans.factory.support.AbstractBeanFactory.doGetBean(AbstractBeanFactory.java:298)
	at org.springframework.beans.factory.support.AbstractBeanFactory.getBean(AbstractBeanFactory.java:193)
	at org.springframework.beans.factory.support.ConstructorResolver.instantiateUsingFactoryMethod(ConstructorResolver.java:370)
	at org.springframework.beans.factory.support.AbstractAutowireCapableBeanFactory.instantiateUsingFactoryMethod(AbstractAutowireCapableBeanFactory.java:1094)
	at org.springframework.beans.factory.support.AbstractAutowireCapableBeanFactory.createBeanInstance(AbstractAutowireCapableBeanFactory.java:989)
	at org.springframework.beans.factory.support.AbstractAutowireCapableBeanFactory.doCreateBean(AbstractAutowireCapableBeanFactory.java:504)
	at org.springframework.beans.factory.support.AbstractAutowireCapableBeanFactory.createBean(AbstractAutowireCapableBeanFactory.java:475)
	at org.springframework.beans.factory.support.AbstractBeanFactory$1.getObject(AbstractBeanFactory.java:302)
	at org.springframework.beans.factory.support.DefaultSingletonBeanRegistry.getSingleton(DefaultSingletonBeanRegistry.java:228)
	at org.springframework.beans.factory.support.AbstractBeanFactory.doGetBean(AbstractBeanFactory.java:298)
	at org.springframework.beans.factory.support.AbstractBeanFactory.getBean(AbstractBeanFactory.java:193)
	at org.springframework.beans.factory.support.DefaultListableBeanFactory.findAutowireCandidates(DefaultListableBeanFactory.java:1017)
	at org.springframework.beans.factory.support.DefaultListableBeanFactory.doResolveDependency(DefaultListableBeanFactory.java:960)
	at org.springframework.beans.factory.support.DefaultListableBeanFactory.resolveDependency(DefaultListableBeanFactory.java:858)
	at org.springframework.beans.factory.annotation.AutowiredAnnotationBeanPostProcessor$AutowiredFieldElement.inject(AutowiredAnnotationBeanPostProcessor.java:480)
	... 96 common frames omitted
Caused by: org.springframework.beans.factory.BeanCreationException: Could not autowire field: private final java.util.List org.springframework.boot.autoconfigure.web.HttpMessageConvertersAutoConfiguration.converters; nested exception is org.springframework.beans.factory.BeanCreationException: Error creating bean with name &apos;jacksonHttpMessageConverter&apos; defined in class path resource [org/springframework/data/rest/webmvc/config/RepositoryRestMvcConfiguration.class]: Instantiation of bean failed; nested exception is org.springframework.beans.factory.BeanDefinitionStoreException: Factory method [public org.springframework.http.converter.json.MappingJackson2HttpMessageConverter org.springframework.data.rest.webmvc.config.RepositoryRestMvcConfiguration.jacksonHttpMessageConverter()] threw exception; nested exception is org.springframework.beans.factory.BeanCreationException: Error creating bean with name &apos;config&apos; defined in class path resource [org/springframework/data/rest/webmvc/config/RepositoryRestMvcConfiguration.class]: Instantiation of bean failed; nested exception is org.springframework.beans.factory.BeanDefinitionStoreException: Factory method [public org.springframework.data.rest.core.config.RepositoryRestConfiguration org.springframework.data.rest.webmvc.config.RepositoryRestMvcConfiguration.config()] threw exception; nested exception is org.springframework.beans.factory.BeanCreationException: Error creating bean with name &apos;repositories&apos; defined in class path resource [org/springframework/data/rest/webmvc/config/RepositoryRestMvcConfiguration.class]: Instantiation of bean failed; nested exception is org.springframework.beans.factory.BeanDefinitionStoreException: Factory method [public org.springframework.data.repository.support.Repositories org.springframework.data.rest.webmvc.config.RepositoryRestMvcConfiguration.repositories()] threw exception; nested exception is org.springframework.beans.factory.UnsatisfiedDependencyException: Error creating bean with name &apos;mongoDBEnvironmentRepositoryImpl&apos; defined in URL [jar:file:/C:/workspaces/denv/denv-server-mongodb/target/denv-server-mongodb-0.1.0.jar!/org/ssoup/denv/server/persistence/mongodb/repository/MongoDBEnvironmentRepositoryImpl.class]: Unsatisfied dependency expressed through constructor argument with index 1 of type [org.ssoup.denv.server.persistence.ApplicationConfigRepository]: : No qualifying bean of type [org.ssoup.denv.server.persistence.ApplicationConfigRepository] is defined: expected single matching bean but found 2: mongoDBImageRepository,mongoDBApplicationConfigRepository; nested exception is org.springframework.beans.factory.NoUniqueBeanDefinitionException: No qualifying bean of type [org.ssoup.denv.server.persistence.ApplicationConfigRepository] is defined: expected single matching bean but found 2: mongoDBImageRepository,mongoDBApplicationConfigRepository
	at org.springframework.beans.factory.annotation.AutowiredAnnotationBeanPostProcessor$AutowiredFieldElement.inject(AutowiredAnnotationBeanPostProcessor.java:508)
	at org.springframework.beans.factory.annotation.InjectionMetadata.inject(InjectionMetadata.java:87)
	at org.springframework.beans.factory.annotation.AutowiredAnnotationBeanPostProcessor.postProcessPropertyValues(AutowiredAnnotationBeanPostProcessor.java:289)
	... 116 common frames omitted
Caused by: org.springframework.beans.factory.BeanCreationException: Error creating bean with name &apos;jacksonHttpMessageConverter&apos; defined in class path resource [org/springframework/data/rest/webmvc/config/RepositoryRestMvcConfiguration.class]: Instantiation of bean failed; nested exception is org.springframework.beans.factory.BeanDefinitionStoreException: Factory method [public org.springframework.http.converter.json.MappingJackson2HttpMessageConverter org.springframework.data.rest.webmvc.config.RepositoryRestMvcConfiguration.jacksonHttpMessageConverter()] threw exception; nested exception is org.springframework.beans.factory.BeanCreationException: Error creating bean with name &apos;config&apos; defined in class path resource [org/springframework/data/rest/webmvc/config/RepositoryRestMvcConfiguration.class]: Instantiation of bean failed; nested exception is org.springframework.beans.factory.BeanDefinitionStoreException: Factory method [public org.springframework.data.rest.core.config.RepositoryRestConfiguration org.springframework.data.rest.webmvc.config.RepositoryRestMvcConfiguration.config()] threw exception; nested exception is org.springframework.beans.factory.BeanCreationException: Error creating bean with name &apos;repositories&apos; defined in class path resource [org/springframework/data/rest/webmvc/config/RepositoryRestMvcConfiguration.class]: Instantiation of bean failed; nested exception is org.springframework.beans.factory.BeanDefinitionStoreException: Factory method [public org.springframework.data.repository.support.Repositories org.springframework.data.rest.webmvc.config.RepositoryRestMvcConfiguration.repositories()] threw exception; nested exception is org.springframework.beans.factory.UnsatisfiedDependencyException: Error creating bean with name &apos;mongoDBEnvironmentRepositoryImpl&apos; defined in URL [jar:file:/C:/workspaces/denv/denv-server-mongodb/target/denv-server-mongodb-0.1.0.jar!/org/ssoup/denv/server/persistence/mongodb/repository/MongoDBEnvironmentRepositoryImpl.class]: Unsatisfied dependency expressed through constructor argument with index 1 of type [org.ssoup.denv.server.persistence.ApplicationConfigRepository]: : No qualifying bean of type [org.ssoup.denv.server.persistence.ApplicationConfigRepository] is defined: expected single matching bean but found 2: mongoDBImageRepository,mongoDBApplicationConfigRepository; nested exception is org.springframework.beans.factory.NoUniqueBeanDefinitionException: No qualifying bean of type [org.ssoup.denv.server.persistence.ApplicationConfigRepository] is defined: expected single matching bean but found 2: mongoDBImageRepository,mongoDBApplicationConfigRepository
	at org.springframework.beans.factory.support.ConstructorResolver.instantiateUsingFactoryMethod(ConstructorResolver.java:597)
	at org.springframework.beans.factory.support.AbstractAutowireCapableBeanFactory.instantiateUsingFactoryMethod(AbstractAutowireCapableBeanFactory.java:1094)
	at org.springframework.beans.factory.support.AbstractAutowireCapableBeanFactory.createBeanInstance(AbstractAutowireCapableBeanFactory.java:989)
	at org.springframework.beans.factory.support.AbstractAutowireCapableBeanFactory.doCreateBean(AbstractAutowireCapableBeanFactory.java:504)
	at org.springframework.beans.factory.support.AbstractAutowireCapableBeanFactory.createBean(AbstractAutowireCapableBeanFactory.java:475)
	at org.springframework.beans.factory.support.AbstractBeanFactory$1.getObject(AbstractBeanFactory.java:302)
	at org.springframework.beans.factory.support.DefaultSingletonBeanRegistry.getSingleton(DefaultSingletonBeanRegistry.java:228)
	at org.springframework.beans.factory.support.AbstractBeanFactory.doGetBean(AbstractBeanFactory.java:298)
	at org.springframework.beans.factory.support.AbstractBeanFactory.getBean(AbstractBeanFactory.java:193)
	at org.springframework.beans.factory.support.DefaultListableBeanFactory.findAutowireCandidates(DefaultListableBeanFactory.java:1017)
	at org.springframework.beans.factory.support.DefaultListableBeanFactory.doResolveDependency(DefaultListableBeanFactory.java:912)
	at org.springframework.beans.factory.support.DefaultListableBeanFactory.resolveDependency(DefaultListableBeanFactory.java:858)
	at org.springframework.beans.factory.annotation.AutowiredAnnotationBeanPostProcessor$AutowiredFieldElement.inject(AutowiredAnnotationBeanPostProcessor.java:480)
	... 118 common frames omitted
Caused by: org.springframework.beans.factory.BeanDefinitionStoreException: Factory method [public org.springframework.http.converter.json.MappingJackson2HttpMessageConverter org.springframework.data.rest.webmvc.config.RepositoryRestMvcConfiguration.jacksonHttpMessageConverter()] threw exception; nested exception is org.springframework.beans.factory.BeanCreationException: Error creating bean with name &apos;config&apos; defined in class path resource [org/springframework/data/rest/webmvc/config/RepositoryRestMvcConfiguration.class]: Instantiation of bean failed; nested exception is org.springframework.beans.factory.BeanDefinitionStoreException: Factory method [public org.springframework.data.rest.core.config.RepositoryRestConfiguration org.springframework.data.rest.webmvc.config.RepositoryRestMvcConfiguration.config()] threw exception; nested exception is org.springframework.beans.factory.BeanCreationException: Error creating bean with name &apos;repositories&apos; defined in class path resource [org/springframework/data/rest/webmvc/config/RepositoryRestMvcConfiguration.class]: Instantiation of bean failed; nested exception is org.springframework.beans.factory.BeanDefinitionStoreException: Factory method [public org.springframework.data.repository.support.Repositories org.springframework.data.rest.webmvc.config.RepositoryRestMvcConfiguration.repositories()] threw exception; nested exception is org.springframework.beans.factory.UnsatisfiedDependencyException: Error creating bean with name &apos;mongoDBEnvironmentRepositoryImpl&apos; defined in URL [jar:file:/C:/workspaces/denv/denv-server-mongodb/target/denv-server-mongodb-0.1.0.jar!/org/ssoup/denv/server/persistence/mongodb/repository/MongoDBEnvironmentRepositoryImpl.class]: Unsatisfied dependency expressed through constructor argument with index 1 of type [org.ssoup.denv.server.persistence.ApplicationConfigRepository]: : No qualifying bean of type [org.ssoup.denv.server.persistence.ApplicationConfigRepository] is defined: expected single matching bean but found 2: mongoDBImageRepository,mongoDBApplicationConfigRepository; nested exception is org.springframework.beans.factory.NoUniqueBeanDefinitionException: No qualifying bean of type [org.ssoup.denv.server.persistence.ApplicationConfigRepository] is defined: expected single matching bean but found 2: mongoDBImageRepository,mongoDBApplicationConfigRepository
	at org.springframework.beans.factory.support.SimpleInstantiationStrategy.instantiate(SimpleInstantiationStrategy.java:188)
	at org.springframework.beans.factory.support.ConstructorResolver.instantiateUsingFactoryMethod(ConstructorResolver.java:586)
	... 130 common frames omitted
Caused by: org.springframework.beans.factory.BeanCreationException: Error creating bean with name &apos;config&apos; defined in class path resource [org/springframework/data/rest/webmvc/config/RepositoryRestMvcConfiguration.class]: Instantiation of bean failed; nested exception is org.springframework.beans.factory.BeanDefinitionStoreException: Factory method [public org.springframework.data.rest.core.config.RepositoryRestConfiguration org.springframework.data.rest.webmvc.config.RepositoryRestMvcConfiguration.config()] threw exception; nested exception is org.springframework.beans.factory.BeanCreationException: Error creating bean with name &apos;repositories&apos; defined in class path resource [org/springframework/data/rest/webmvc/config/RepositoryRestMvcConfiguration.class]: Instantiation of bean failed; nested exception is org.springframework.beans.factory.BeanDefinitionStoreException: Factory method [public org.springframework.data.repository.support.Repositories org.springframework.data.rest.webmvc.config.RepositoryRestMvcConfiguration.repositories()] threw exception; nested exception is org.springframework.beans.factory.UnsatisfiedDependencyException: Error creating bean with name &apos;mongoDBEnvironmentRepositoryImpl&apos; defined in URL [jar:file:/C:/workspaces/denv/denv-server-mongodb/target/denv-server-mongodb-0.1.0.jar!/org/ssoup/denv/server/persistence/mongodb/repository/MongoDBEnvironmentRepositoryImpl.class]: Unsatisfied dependency expressed through constructor argument with index 1 of type [org.ssoup.denv.server.persistence.ApplicationConfigRepository]: : No qualifying bean of type [org.ssoup.denv.server.persistence.ApplicationConfigRepository] is defined: expected single matching bean but found 2: mongoDBImageRepository,mongoDBApplicationConfigRepository; nested exception is org.springframework.beans.factory.NoUniqueBeanDefinitionException: No qualifying bean of type [org.ssoup.denv.server.persistence.ApplicationConfigRepository] is defined: expected single matching bean but found 2: mongoDBImageRepository,mongoDBApplicationConfigRepository
	at org.springframework.beans.factory.support.ConstructorResolver.instantiateUsingFactoryMethod(ConstructorResolver.java:597)
	at org.springframework.beans.factory.support.AbstractAutowireCapableBeanFactory.instantiateUsingFactoryMethod(AbstractAutowireCapableBeanFactory.java:1094)
	at org.springframework.beans.factory.support.AbstractAutowireCapableBeanFactory.createBeanInstance(AbstractAutowireCapableBeanFactory.java:989)
	at org.springframework.beans.factory.support.AbstractAutowireCapableBeanFactory.doCreateBean(AbstractAutowireCapableBeanFactory.java:504)
	at org.springframework.beans.factory.support.AbstractAutowireCapableBeanFactory.createBean(AbstractAutowireCapableBeanFactory.java:475)
	at org.springframework.beans.factory.support.AbstractBeanFactory$1.getObject(AbstractBeanFactory.java:302)
	at org.springframework.beans.factory.support.DefaultSingletonBeanRegistry.getSingleton(DefaultSingletonBeanRegistry.java:228)
	at org.springframework.beans.factory.support.AbstractBeanFactory.doGetBean(AbstractBeanFactory.java:298)
	at org.springframework.beans.factory.support.AbstractBeanFactory.getBean(AbstractBeanFactory.java:193)
	at org.springframework.context.annotation.ConfigurationClassEnhancer$BeanMethodInterceptor.intercept(ConfigurationClassEnhancer.java:324)
	at org.springframework.data.rest.webmvc.config.RepositoryRestMvcConfiguration$$EnhancerBySpringCGLIB$$2cc48631.config(&lt;generated&gt;)
	at org.springframework.data.rest.webmvc.config.RepositoryRestMvcConfiguration.jacksonHttpMessageConverter(RepositoryRestMvcConfiguration.java:374)
	at org.springframework.data.rest.webmvc.config.RepositoryRestMvcConfiguration$$EnhancerBySpringCGLIB$$2cc48631.CGLIB$jacksonHttpMessageConverter$21(&lt;generated&gt;)
	at org.springframework.data.rest.webmvc.config.RepositoryRestMvcConfiguration$$EnhancerBySpringCGLIB$$2cc48631$$FastClassBySpringCGLIB$$1e60d3fc.invoke(&lt;generated&gt;)
	at org.springframework.cglib.proxy.MethodProxy.invokeSuper(MethodProxy.java:228)
	at org.springframework.context.annotation.ConfigurationClassEnhancer$BeanMethodInterceptor.intercept(ConfigurationClassEnhancer.java:312)
	at org.springframework.data.rest.webmvc.config.RepositoryRestMvcConfiguration$$EnhancerBySpringCGLIB$$2cc48631.jacksonHttpMessageConverter(&lt;generated&gt;)
	at sun.reflect.NativeMethodAccessorImpl.invoke0(Native Method)
	at sun.reflect.NativeMethodAccessorImpl.invoke(NativeMethodAccessorImpl.java:39)
	at sun.reflect.DelegatingMethodAccessorImpl.invoke(DelegatingMethodAccessorImpl.java:25)
	at java.lang.reflect.Method.invoke(Method.java:597)
	at org.springframework.beans.factory.support.SimpleInstantiationStrategy.instantiate(SimpleInstantiationStrategy.java:166)
	... 131 common frames omitted
Caused by: org.springframework.beans.factory.BeanDefinitionStoreException: Factory method [public org.springframework.data.rest.core.config.RepositoryRestConfiguration org.springframework.data.rest.webmvc.config.RepositoryRestMvcConfiguration.config()] threw exception; nested exception is org.springframework.beans.factory.BeanCreationException: Error creating bean with name &apos;repositories&apos; defined in class path resource [org/springframework/data/rest/webmvc/config/RepositoryRestMvcConfiguration.class]: Instantiation of bean failed; nested exception is org.springframework.beans.factory.BeanDefinitionStoreException: Factory method [public org.springframework.data.repository.support.Repositories org.springframework.data.rest.webmvc.config.RepositoryRestMvcConfiguration.repositories()] threw exception; nested exception is org.springframework.beans.factory.UnsatisfiedDependencyException: Error creating bean with name &apos;mongoDBEnvironmentRepositoryImpl&apos; defined in URL [jar:file:/C:/workspaces/denv/denv-server-mongodb/target/denv-server-mongodb-0.1.0.jar!/org/ssoup/denv/server/persistence/mongodb/repository/MongoDBEnvironmentRepositoryImpl.class]: Unsatisfied dependency expressed through constructor argument with index 1 of type [org.ssoup.denv.server.persistence.ApplicationConfigRepository]: : No qualifying bean of type [org.ssoup.denv.server.persistence.ApplicationConfigRepository] is defined: expected single matching bean but found 2: mongoDBImageRepository,mongoDBApplicationConfigRepository; nested exception is org.springframework.beans.factory.NoUniqueBeanDefinitionException: No qualifying bean of type [org.ssoup.denv.server.persistence.ApplicationConfigRepository] is defined: expected single matching bean but found 2: mongoDBImageRepository,mongoDBApplicationConfigRepository
	at org.springframework.beans.factory.support.SimpleInstantiationStrategy.instantiate(SimpleInstantiationStrategy.java:188)
	at org.springframework.beans.factory.support.ConstructorResolver.instantiateUsingFactoryMethod(ConstructorResolver.java:586)
	... 152 common frames omitted
Caused by: org.springframework.beans.factory.BeanCreationException: Error creating bean with name &apos;repositories&apos; defined in class path resource [org/springframework/data/rest/webmvc/config/RepositoryRestMvcConfiguration.class]: Instantiation of bean failed; nested exception is org.springframework.beans.factory.BeanDefinitionStoreException: Factory method [public org.springframework.data.repository.support.Repositories org.springframework.data.rest.webmvc.config.RepositoryRestMvcConfiguration.repositories()] threw exception; nested exception is org.springframework.beans.factory.UnsatisfiedDependencyException: Error creating bean with name &apos;mongoDBEnvironmentRepositoryImpl&apos; defined in URL [jar:file:/C:/workspaces/denv/denv-server-mongodb/target/denv-server-mongodb-0.1.0.jar!/org/ssoup/denv/server/persistence/mongodb/repository/MongoDBEnvironmentRepositoryImpl.class]: Unsatisfied dependency expressed through constructor argument with index 1 of type [org.ssoup.denv.server.persistence.ApplicationConfigRepository]: : No qualifying bean of type [org.ssoup.denv.server.persistence.ApplicationConfigRepository] is defined: expected single matching bean but found 2: mongoDBImageRepository,mongoDBApplicationConfigRepository; nested exception is org.springframework.beans.factory.NoUniqueBeanDefinitionException: No qualifying bean of type [org.ssoup.denv.server.persistence.ApplicationConfigRepository] is defined: expected single matching bean but found 2: mongoDBImageRepository,mongoDBApplicationConfigRepository
	at org.springframework.beans.factory.support.ConstructorResolver.instantiateUsingFactoryMethod(ConstructorResolver.java:597)
	at org.springframework.beans.factory.support.AbstractAutowireCapableBeanFactory.instantiateUsingFactoryMethod(AbstractAutowireCapableBeanFactory.java:1094)
	at org.springframework.beans.factory.support.AbstractAutowireCapableBeanFactory.createBeanInstance(AbstractAutowireCapableBeanFactory.java:989)
	at org.springframework.beans.factory.support.AbstractAutowireCapableBeanFactory.doCreateBean(AbstractAutowireCapableBeanFactory.java:504)
	at org.springframework.beans.factory.support.AbstractAutowireCapableBeanFactory.createBean(AbstractAutowireCapableBeanFactory.java:475)
	at org.springframework.beans.factory.support.AbstractBeanFactory$1.getObject(AbstractBeanFactory.java:302)
	at org.springframework.beans.factory.support.DefaultSingletonBeanRegistry.getSingleton(DefaultSingletonBeanRegistry.java:228)
	at org.springframework.beans.factory.support.AbstractBeanFactory.doGetBean(AbstractBeanFactory.java:298)
	at org.springframework.beans.factory.support.AbstractBeanFactory.getBean(AbstractBeanFactory.java:193)
	at org.springframework.context.annotation.ConfigurationClassEnhancer$BeanMethodInterceptor.intercept(ConfigurationClassEnhancer.java:324)
	at org.springframework.data.rest.webmvc.config.RepositoryRestMvcConfiguration$$EnhancerBySpringCGLIB$$2cc48631.repositories(&lt;generated&gt;)
	at org.springframework.data.rest.webmvc.config.RepositoryRestMvcConfiguration.getProjections(RepositoryRestMvcConfiguration.java:621)
	at org.springframework.data.rest.webmvc.config.RepositoryRestMvcConfiguration.config(RepositoryRestMvcConfiguration.java:224)
	at org.springframework.data.rest.webmvc.config.RepositoryRestMvcConfiguration$$EnhancerBySpringCGLIB$$2cc48631.CGLIB$config$40(&lt;generated&gt;)
	at org.springframework.data.rest.webmvc.config.RepositoryRestMvcConfiguration$$EnhancerBySpringCGLIB$$2cc48631$$FastClassBySpringCGLIB$$1e60d3fc.invoke(&lt;generated&gt;)
	at org.springframework.cglib.proxy.MethodProxy.invokeSuper(MethodProxy.java:228)
	at org.springframework.context.annotation.ConfigurationClassEnhancer$BeanMethodInterceptor.intercept(ConfigurationClassEnhancer.java:312)
	at org.springframework.data.rest.webmvc.config.RepositoryRestMvcConfiguration$$EnhancerBySpringCGLIB$$2cc48631.config(&lt;generated&gt;)
	at sun.reflect.NativeMethodAccessorImpl.invoke0(Native Method)
	at sun.reflect.NativeMethodAccessorImpl.invoke(NativeMethodAccessorImpl.java:39)
	at sun.reflect.DelegatingMethodAccessorImpl.invoke(DelegatingMethodAccessorImpl.java:25)
	at java.lang.reflect.Method.invoke(Method.java:597)
	at org.springframework.beans.factory.support.SimpleInstantiationStrategy.instantiate(SimpleInstantiationStrategy.java:166)
	... 153 common frames omitted
Caused by: org.springframework.beans.factory.BeanDefinitionStoreException: Factory method [public org.springframework.data.repository.support.Repositories org.springframework.data.rest.webmvc.config.RepositoryRestMvcConfiguration.repositories()] threw exception; nested exception is org.springframework.beans.factory.UnsatisfiedDependencyException: Error creating bean with name &apos;mongoDBEnvironmentRepositoryImpl&apos; defined in URL [jar:file:/C:/workspaces/denv/denv-server-mongodb/target/denv-server-mongodb-0.1.0.jar!/org/ssoup/denv/server/persistence/mongodb/repository/MongoDBEnvironmentRepositoryImpl.class]: Unsatisfied dependency expressed through constructor argument with index 1 of type [org.ssoup.denv.server.persistence.ApplicationConfigRepository]: : No qualifying bean of type [org.ssoup.denv.server.persistence.ApplicationConfigRepository] is defined: expected single matching bean but found 2: mongoDBImageRepository,mongoDBApplicationConfigRepository; nested exception is org.springframework.beans.factory.NoUniqueBeanDefinitionException: No qualifying bean of type [org.ssoup.denv.server.persistence.ApplicationConfigRepository] is defined: expected single matching bean but found 2: mongoDBImageRepository,mongoDBApplicationConfigRepository
	at org.springframework.beans.factory.support.SimpleInstantiationStrategy.instantiate(SimpleInstantiationStrategy.java:188)
	at org.springframework.beans.factory.support.ConstructorResolver.instantiateUsingFactoryMethod(ConstructorResolver.java:586)
	... 175 common frames omitted
Caused by: org.springframework.beans.factory.UnsatisfiedDependencyException: Error creating bean with name &apos;mongoDBEnvironmentRepositoryImpl&apos; defined in URL [jar:file:/C:/workspaces/denv/denv-server-mongodb/target/denv-server-mongodb-0.1.0.jar!/org/ssoup/denv/server/persistence/mongodb/repository/MongoDBEnvironmentRepositoryImpl.class]: Unsatisfied dependency expressed through constructor argument with index 1 of type [org.ssoup.denv.server.persistence.ApplicationConfigRepository]: : No qualifying bean of type [org.ssoup.denv.server.persistence.ApplicationConfigRepository] is defined: expected single matching bean but found 2: mongoDBImageRepository,mongoDBApplicationConfigRepository; nested exception is org.springframework.beans.factory.NoUniqueBeanDefinitionException: No qualifying bean of type [org.ssoup.denv.server.persistence.ApplicationConfigRepository] is defined: expected single matching bean but found 2: mongoDBImageRepository,mongoDBApplicationConfigRepository
	at org.springframework.beans.factory.support.ConstructorResolver.createArgumentArray(ConstructorResolver.java:747)
	at org.springframework.beans.factory.support.ConstructorResolver.autowireConstructor(ConstructorResolver.java:185)
	at org.springframework.beans.factory.support.AbstractAutowireCapableBeanFactory.autowireConstructor(AbstractAutowireCapableBeanFactory.java:1114)
	at org.springframework.beans.factory.support.AbstractAutowireCapableBeanFactory.createBeanInstance(AbstractAutowireCapableBeanFactory.java:1017)
	at org.springframework.beans.factory.support.AbstractAutowireCapableBeanFactory.doCreateBean(AbstractAutowireCapableBeanFactory.java:504)
	at org.springframework.beans.factory.support.AbstractAutowireCapableBeanFactory.createBean(AbstractAutowireCapableBeanFactory.java:475)
	at org.springframework.beans.factory.support.AbstractBeanFactory$1.getObject(AbstractBeanFactory.java:302)
	at org.springframework.beans.factory.support.DefaultSingletonBeanRegistry.getSingleton(DefaultSingletonBeanRegistry.java:228)
	at org.springframework.beans.factory.support.AbstractBeanFactory.doGetBean(AbstractBeanFactory.java:298)
	at org.springframework.beans.factory.support.AbstractBeanFactory.getBean(AbstractBeanFactory.java:193)
	at org.springframework.beans.factory.support.AbstractBeanFactory.doGetBean(AbstractBeanFactory.java:292)
	at org.springframework.beans.factory.support.AbstractBeanFactory.getBean(AbstractBeanFactory.java:198)
	at org.springframework.data.repository.support.Repositories.populateRepositoryFactoryInformation(Repositories.java:87)
	at org.springframework.data.repository.support.Repositories.&lt;init&gt;(Repositories.java:78)
	at org.springframework.data.rest.webmvc.config.RepositoryRestMvcConfiguration.repositories(RepositoryRestMvcConfiguration.java:146)
	at org.springframework.data.rest.webmvc.config.RepositoryRestMvcConfiguration$$EnhancerBySpringCGLIB$$2cc48631.CGLIB$repositories$2(&lt;generated&gt;)
	at org.springframework.data.rest.webmvc.config.RepositoryRestMvcConfiguration$$EnhancerBySpringCGLIB$$2cc48631$$FastClassBySpringCGLIB$$1e60d3fc.invoke(&lt;generated&gt;)
	at org.springframework.cglib.proxy.MethodProxy.invokeSuper(MethodProxy.java:228)
	at org.springframework.context.annotation.ConfigurationClassEnhancer$BeanMethodInterceptor.intercept(ConfigurationClassEnhancer.java:312)
	at org.springframework.data.rest.webmvc.config.RepositoryRestMvcConfiguration$$EnhancerBySpringCGLIB$$2cc48631.repositories(&lt;generated&gt;)
	at sun.reflect.NativeMethodAccessorImpl.invoke0(Native Method)
	at sun.reflect.NativeMethodAccessorImpl.invoke(NativeMethodAccessorImpl.java:39)
	at sun.reflect.DelegatingMethodAccessorImpl.invoke(DelegatingMethodAccessorImpl.java:25)
	at java.lang.reflect.Method.invoke(Method.java:597)
	at org.springframework.beans.factory.support.SimpleInstantiationStrategy.instantiate(SimpleInstantiationStrategy.java:166)
	... 176 common frames omitted
Caused by: org.springframework.beans.factory.NoUniqueBeanDefinitionException: No qualifying bean of type [org.ssoup.denv.server.persistence.ApplicationConfigRepository] is defined: expected single matching bean but found 2: mongoDBImageRepository,mongoDBApplicationConfigRepository
	at org.springframework.beans.factory.support.DefaultListableBeanFactory.doResolveDependency(DefaultListableBeanFactory.java:970)
	at org.springframework.beans.factory.support.DefaultListableBeanFactory.resolveDependency(DefaultListableBeanFactory.java:858)
	at org.springframework.beans.factory.support.ConstructorResolver.resolveAutowiredArgument(ConstructorResolver.java:811)
	at org.springframework.beans.factory.support.ConstructorResolver.createArgumentArray(ConstructorResolver.java:739)
	... 200 common frames omitted

2014-09-12 15:54:21.767 ERROR 10216 --- [           main] o.s.test.context.TestContextManager      : Caught exception while allowing TestExecutionListener [org.springframework.test.context.support.DependencyInjectionTestExecutionListener@e9493a] to prepare test instance [org.ssoup.denv.server.test.DenvClientTest@f917bd]

java.lang.IllegalStateException: Failed to load ApplicationContext
	at org.springframework.test.context.CacheAwareContextLoaderDelegate.loadContext(CacheAwareContextLoaderDelegate.java:99)
	at org.springframework.test.context.DefaultTestContext.getApplicationContext(DefaultTestContext.java:101)
	at org.springframework.test.context.support.DependencyInjectionTestExecutionListener.injectDependencies(DependencyInjectionTestExecutionListener.java:109)
	at org.springframework.test.context.support.DependencyInjectionTestExecutionListener.prepareTestInstance(DependencyInjectionTestExecutionListener.java:75)
	at org.springframework.test.context.TestContextManager.prepareTestInstance(TestContextManager.java:331)
	at org.springframework.test.context.junit4.SpringJUnit4ClassRunner.createTest(SpringJUnit4ClassRunner.java:213)
	at org.springframework.test.context.junit4.SpringJUnit4ClassRunner$1.runReflectiveCall(SpringJUnit4ClassRunner.java:290)
	at org.junit.internal.runners.model.ReflectiveCallable.run(ReflectiveCallable.java:12)
	at org.springframework.test.context.junit4.SpringJUnit4ClassRunner.methodBlock(SpringJUnit4ClassRunner.java:292)
	at org.springframework.test.context.junit4.SpringJUnit4ClassRunner.runChild(SpringJUnit4ClassRunner.java:233)
	at org.springframework.test.context.junit4.SpringJUnit4ClassRunner.runChild(SpringJUnit4ClassRunner.java:87)
	at org.junit.runners.ParentRunner$3.run(ParentRunner.java:238)
	at org.junit.runners.ParentRunner$1.schedule(ParentRunner.java:63)
	at org.junit.runners.ParentRunner.runChildren(ParentRunner.java:236)
	at org.junit.runners.ParentRunner.access$000(ParentRunner.java:53)
	at org.junit.runners.ParentRunner$2.evaluate(ParentRunner.java:229)
	at org.springframework.test.context.junit4.statements.RunBeforeTestClassCallbacks.evaluate(RunBeforeTestClassCallbacks.java:61)
	at org.springframework.test.context.junit4.statements.RunAfterTestClassCallbacks.evaluate(RunAfterTestClassCallbacks.java:71)
	at org.junit.runners.ParentRunner.run(ParentRunner.java:309)
	at org.springframework.test.context.junit4.SpringJUnit4ClassRunner.run(SpringJUnit4ClassRunner.java:176)
	at org.apache.maven.surefire.junit4.JUnit4TestSet.execute(JUnit4TestSet.java:62)
	at org.apache.maven.surefire.suite.AbstractDirectoryTestSuite.executeTestSet(AbstractDirectoryTestSuite.java:140)
	at org.apache.maven.surefire.suite.AbstractDirectoryTestSuite.execute(AbstractDirectoryTestSuite.java:127)
	at org.apache.maven.surefire.Surefire.run(Surefire.java:177)
	at sun.reflect.NativeMethodAccessorImpl.invoke0(Native Method)
	at sun.reflect.NativeMethodAccessorImpl.invoke(NativeMethodAccessorImpl.java:39)
	at sun.reflect.DelegatingMethodAccessorImpl.invoke(DelegatingMethodAccessorImpl.java:25)
	at java.lang.reflect.Method.invoke(Method.java:597)
	at org.apache.maven.surefire.booter.SurefireBooter.runSuitesInProcess(SurefireBooter.java:345)
	at org.apache.maven.surefire.booter.SurefireBooter.main(SurefireBooter.java:1009)
Caused by: org.springframework.context.ApplicationContextException: Unable to start embedded container; nested exception is org.springframework.boot.context.embedded.EmbeddedServletContainerException: Unable to start embedded Tomcat
	at org.springframework.boot.context.embedded.EmbeddedWebApplicationContext.onRefresh(EmbeddedWebApplicationContext.java:135)
	at org.springframework.context.support.AbstractApplicationContext.refresh(AbstractApplicationContext.java:476)
	at org.springframework.boot.context.embedded.EmbeddedWebApplicationContext.refresh(EmbeddedWebApplicationContext.java:120)
	at org.springframework.boot.SpringApplication.refresh(SpringApplication.java:691)
	at org.springframework.boot.SpringApplication.run(SpringApplication.java:320)
	at org.springframework.boot.test.SpringApplicationContextLoader.loadContext(SpringApplicationContextLoader.java:107)
	at org.springframework.test.context.CacheAwareContextLoaderDelegate.loadContextInternal(CacheAwareContextLoaderDelegate.java:64)
	at org.springframework.test.context.CacheAwareContextLoaderDelegate.loadContext(CacheAwareContextLoaderDelegate.java:91)
	... 29 common frames omitted
Caused by: org.springframework.boot.context.embedded.EmbeddedServletContainerException: Unable to start embedded Tomcat
	at org.springframework.boot.context.embedded.tomcat.TomcatEmbeddedServletContainer.initialize(TomcatEmbeddedServletContainer.java:100)
	at org.springframework.boot.context.embedded.tomcat.TomcatEmbeddedServletContainer.&lt;init&gt;(TomcatEmbeddedServletContainer.java:74)
	at org.springframework.boot.context.embedded.tomcat.TomcatEmbeddedServletContainerFactory.getTomcatEmbeddedServletContainer(TomcatEmbeddedServletContainerFactory.java:289)
	at org.springframework.boot.context.embedded.tomcat.TomcatEmbeddedServletContainerFactory.getEmbeddedServletContainer(TomcatEmbeddedServletContainerFactory.java:146)
	at org.springframework.boot.context.embedded.EmbeddedWebApplicationContext.createEmbeddedServletContainer(EmbeddedWebApplicationContext.java:159)
	at org.springframework.boot.context.embedded.EmbeddedWebApplicationContext.onRefresh(EmbeddedWebApplicationContext.java:132)
	... 36 common frames omitted
Caused by: org.springframework.beans.factory.BeanCreationException: Error creating bean with name &apos;org.springframework.security.config.annotation.web.configuration.WebSecurityConfiguration&apos;: Injection of autowired dependencies failed; nested exception is org.springframework.beans.factory.BeanCreationException: Could not autowire method: public void org.springframework.security.config.annotation.web.configuration.WebSecurityConfiguration.setFilterChainProxySecurityConfigurer(org.springframework.security.config.annotation.ObjectPostProcessor,java.util.List) throws java.lang.Exception; nested exception is org.springframework.beans.factory.BeanExpressionException: Expression parsing failed; nested exception is org.springframework.beans.factory.BeanCreationException: Error creating bean with name &apos;securityConfig&apos;: Injection of autowired dependencies failed; nested exception is org.springframework.beans.factory.BeanCreationException: Could not autowire method: public void org.springframework.security.config.annotation.web.configuration.WebSecurityConfigurerAdapter.setContentNegotationStrategy(org.springframework.web.accept.ContentNegotiationStrategy); nested exception is org.springframework.beans.factory.BeanCreationException: Error creating bean with name &apos;org.springframework.web.servlet.config.annotation.DelegatingWebMvcConfiguration&apos;: Injection of autowired dependencies failed; nested exception is org.springframework.beans.factory.BeanCreationException: Could not autowire method: public void org.springframework.web.servlet.config.annotation.DelegatingWebMvcConfiguration.setConfigurers(java.util.List); nested exception is org.springframework.beans.factory.BeanCreationException: Error creating bean with name &apos;org.springframework.boot.autoconfigure.web.WebMvcAutoConfiguration$WebMvcAutoConfigurationAdapter&apos;: Injection of autowired dependencies failed; nested exception is org.springframework.beans.factory.BeanCreationException: Could not autowire field: private org.springframework.boot.autoconfigure.web.HttpMessageConverters org.springframework.boot.autoconfigure.web.WebMvcAutoConfiguration$WebMvcAutoConfigurationAdapter.messageConverters; nested exception is org.springframework.beans.factory.BeanCreationException: Error creating bean with name &apos;org.springframework.boot.autoconfigure.web.HttpMessageConvertersAutoConfiguration&apos;: Injection of autowired dependencies failed; nested exception is org.springframework.beans.factory.BeanCreationException: Could not autowire field: private final java.util.List org.springframework.boot.autoconfigure.web.HttpMessageConvertersAutoConfiguration.converters; nested exception is org.springframework.beans.factory.BeanCreationException: Error creating bean with name &apos;jacksonHttpMessageConverter&apos; defined in class path resource [org/springframework/data/rest/webmvc/config/RepositoryRestMvcConfiguration.class]: Instantiation of bean failed; nested exception is org.springframework.beans.factory.BeanDefinitionStoreException: Factory method [public org.springframework.http.converter.json.MappingJackson2HttpMessageConverter org.springframework.data.rest.webmvc.config.RepositoryRestMvcConfiguration.jacksonHttpMessageConverter()] threw exception; nested exception is org.springframework.beans.factory.BeanCreationException: Error creating bean with name &apos;config&apos; defined in class path resource [org/springframework/data/rest/webmvc/config/RepositoryRestMvcConfiguration.class]: Instantiation of bean failed; nested exception is org.springframework.beans.factory.BeanDefinitionStoreException: Factory method [public org.springframework.data.rest.core.config.RepositoryRestConfiguration org.springframework.data.rest.webmvc.config.RepositoryRestMvcConfiguration.config()] threw exception; nested exception is org.springframework.beans.factory.BeanCreationException: Error creating bean with name &apos;repositories&apos; defined in class path resource [org/springframework/data/rest/webmvc/config/RepositoryRestMvcConfiguration.class]: Instantiation of bean failed; nested exception is org.springframework.beans.factory.BeanDefinitionStoreException: Factory method [public org.springframework.data.repository.support.Repositories org.springframework.data.rest.webmvc.config.RepositoryRestMvcConfiguration.repositories()] threw exception; nested exception is org.springframework.beans.factory.UnsatisfiedDependencyException: Error creating bean with name &apos;mongoDBEnvironmentRepositoryImpl&apos; defined in URL [jar:file:/C:/workspaces/denv/denv-server-mongodb/target/denv-server-mongodb-0.1.0.jar!/org/ssoup/denv/server/persistence/mongodb/repository/MongoDBEnvironmentRepositoryImpl.class]: Unsatisfied dependency expressed through constructor argument with index 1 of type [org.ssoup.denv.server.persistence.ApplicationConfigRepository]: : No qualifying bean of type [org.ssoup.denv.server.persistence.ApplicationConfigRepository] is defined: expected single matching bean but found 2: mongoDBImageRepository,mongoDBApplicationConfigRepository; nested exception is org.springframework.beans.factory.NoUniqueBeanDefinitionException: No qualifying bean of type [org.ssoup.denv.server.persistence.ApplicationConfigRepository] is defined: expected single matching bean but found 2: mongoDBImageRepository,mongoDBApplicationConfigRepository
	at org.springframework.beans.factory.annotation.AutowiredAnnotationBeanPostProcessor.postProcessPropertyValues(AutowiredAnnotationBeanPostProcessor.java:292)
	at org.springframework.beans.factory.support.AbstractAutowireCapableBeanFactory.populateBean(AbstractAutowireCapableBeanFactory.java:1185)
	at org.springframework.beans.factory.support.AbstractAutowireCapableBeanFactory.doCreateBean(AbstractAutowireCapableBeanFactory.java:537)
	at org.springframework.beans.factory.support.AbstractAutowireCapableBeanFactory.createBean(AbstractAutowireCapableBeanFactory.java:475)
	at org.springframework.beans.factory.support.AbstractBeanFactory$1.getObject(AbstractBeanFactory.java:302)
	at org.springframework.beans.factory.support.DefaultSingletonBeanRegistry.getSingleton(DefaultSingletonBeanRegistry.java:228)
	at org.springframework.beans.factory.support.AbstractBeanFactory.doGetBean(AbstractBeanFactory.java:298)
	at org.springframework.beans.factory.support.AbstractBeanFactory.getBean(AbstractBeanFactory.java:193)
	at org.springframework.beans.factory.support.ConstructorResolver.instantiateUsingFactoryMethod(ConstructorResolver.java:370)
	at org.springframework.beans.factory.support.AbstractAutowireCapableBeanFactory.instantiateUsingFactoryMethod(AbstractAutowireCapableBeanFactory.java:1094)
	at org.springframework.beans.factory.support.AbstractAutowireCapableBeanFactory.createBeanInstance(AbstractAutowireCapableBeanFactory.java:989)
	at org.springframework.beans.factory.support.AbstractAutowireCapableBeanFactory.doCreateBean(AbstractAutowireCapableBeanFactory.java:504)
	at org.springframework.beans.factory.support.AbstractAutowireCapableBeanFactory.createBean(AbstractAutowireCapableBeanFactory.java:475)
	at org.springframework.beans.factory.support.AbstractBeanFactory$1.getObject(AbstractBeanFactory.java:302)
	at org.springframework.beans.factory.support.DefaultSingletonBeanRegistry.getSingleton(DefaultSingletonBeanRegistry.java:228)
	at org.springframework.beans.factory.support.AbstractBeanFactory.doGetBean(AbstractBeanFactory.java:298)
	at org.springframework.beans.factory.support.AbstractBeanFactory.getBean(AbstractBeanFactory.java:198)
	at org.springframework.boot.context.embedded.EmbeddedWebApplicationContext.getOrderedBeansOfType(EmbeddedWebApplicationContext.java:367)
	at org.springframework.boot.context.embedded.EmbeddedWebApplicationContext.getServletContextInitializerBeans(EmbeddedWebApplicationContext.java:268)
	at org.springframework.boot.context.embedded.EmbeddedWebApplicationContext$1.onStartup(EmbeddedWebApplicationContext.java:213)
	at org.springframework.boot.context.embedded.tomcat.ServletContextInitializerLifecycleListener.lifecycleEvent(ServletContextInitializerLifecycleListener.java:64)
	at org.apache.catalina.util.LifecycleSupport.fireLifecycleEvent(LifecycleSupport.java:117)
	at org.apache.catalina.util.LifecycleBase.fireLifecycleEvent(LifecycleBase.java:90)
	at org.apache.catalina.core.StandardContext.startInternal(StandardContext.java:5355)
	at org.apache.catalina.util.LifecycleBase.start(LifecycleBase.java:150)
	at org.apache.catalina.core.ContainerBase$StartChild.call(ContainerBase.java:1559)
	at org.apache.catalina.core.ContainerBase$StartChild.call(ContainerBase.java:1549)
	at java.util.concurrent.FutureTask$Sync.innerRun(FutureTask.java:303)
	at java.util.concurrent.FutureTask.run(FutureTask.java:138)
	at java.util.concurrent.ThreadPoolExecutor$Worker.runTask(ThreadPoolExecutor.java:886)
	at java.util.concurrent.ThreadPoolExecutor$Worker.run(ThreadPoolExecutor.java:908)
	at java.lang.Thread.run(Thread.java:662)
Caused by: org.springframework.beans.factory.BeanCreationException: Could not autowire method: public void org.springframework.security.config.annotation.web.configuration.WebSecurityConfiguration.setFilterChainProxySecurityConfigurer(org.springframework.security.config.annotation.ObjectPostProcessor,java.util.List) throws java.lang.Exception; nested exception is org.springframework.beans.factory.BeanExpressionException: Expression parsing failed; nested exception is org.springframework.beans.factory.BeanCreationException: Error creating bean with name &apos;securityConfig&apos;: Injection of autowired dependencies failed; nested exception is org.springframework.beans.factory.BeanCreationException: Could not autowire method: public void org.springframework.security.config.annotation.web.configuration.WebSecurityConfigurerAdapter.setContentNegotationStrategy(org.springframework.web.accept.ContentNegotiationStrategy); nested exception is org.springframework.beans.factory.BeanCreationException: Error creating bean with name &apos;org.springframework.web.servlet.config.annotation.DelegatingWebMvcConfiguration&apos;: Injection of autowired dependencies failed; nested exception is org.springframework.beans.factory.BeanCreationException: Could not autowire method: public void org.springframework.web.servlet.config.annotation.DelegatingWebMvcConfiguration.setConfigurers(java.util.List); nested exception is org.springframework.beans.factory.BeanCreationException: Error creating bean with name &apos;org.springframework.boot.autoconfigure.web.WebMvcAutoConfiguration$WebMvcAutoConfigurationAdapter&apos;: Injection of autowired dependencies failed; nested exception is org.springframework.beans.factory.BeanCreationException: Could not autowire field: private org.springframework.boot.autoconfigure.web.HttpMessageConverters org.springframework.boot.autoconfigure.web.WebMvcAutoConfiguration$WebMvcAutoConfigurationAdapter.messageConverters; nested exception is org.springframework.beans.factory.BeanCreationException: Error creating bean with name &apos;org.springframework.boot.autoconfigure.web.HttpMessageConvertersAutoConfiguration&apos;: Injection of autowired dependencies failed; nested exception is org.springframework.beans.factory.BeanCreationException: Could not autowire field: private final java.util.List org.springframework.boot.autoconfigure.web.HttpMessageConvertersAutoConfiguration.converters; nested exception is org.springframework.beans.factory.BeanCreationException: Error creating bean with name &apos;jacksonHttpMessageConverter&apos; defined in class path resource [org/springframework/data/rest/webmvc/config/RepositoryRestMvcConfiguration.class]: Instantiation of bean failed; nested exception is org.springframework.beans.factory.BeanDefinitionStoreException: Factory method [public org.springframework.http.converter.json.MappingJackson2HttpMessageConverter org.springframework.data.rest.webmvc.config.RepositoryRestMvcConfiguration.jacksonHttpMessageConverter()] threw exception; nested exception is org.springframework.beans.factory.BeanCreationException: Error creating bean with name &apos;config&apos; defined in class path resource [org/springframework/data/rest/webmvc/config/RepositoryRestMvcConfiguration.class]: Instantiation of bean failed; nested exception is org.springframework.beans.factory.BeanDefinitionStoreException: Factory method [public org.springframework.data.rest.core.config.RepositoryRestConfiguration org.springframework.data.rest.webmvc.config.RepositoryRestMvcConfiguration.config()] threw exception; nested exception is org.springframework.beans.factory.BeanCreationException: Error creating bean with name &apos;repositories&apos; defined in class path resource [org/springframework/data/rest/webmvc/config/RepositoryRestMvcConfiguration.class]: Instantiation of bean failed; nested exception is org.springframework.beans.factory.BeanDefinitionStoreException: Factory method [public org.springframework.data.repository.support.Repositories org.springframework.data.rest.webmvc.config.RepositoryRestMvcConfiguration.repositories()] threw exception; nested exception is org.springframework.beans.factory.UnsatisfiedDependencyException: Error creating bean with name &apos;mongoDBEnvironmentRepositoryImpl&apos; defined in URL [jar:file:/C:/workspaces/denv/denv-server-mongodb/target/denv-server-mongodb-0.1.0.jar!/org/ssoup/denv/server/persistence/mongodb/repository/MongoDBEnvironmentRepositoryImpl.class]: Unsatisfied dependency expressed through constructor argument with index 1 of type [org.ssoup.denv.server.persistence.ApplicationConfigRepository]: : No qualifying bean of type [org.ssoup.denv.server.persistence.ApplicationConfigRepository] is defined: expected single matching bean but found 2: mongoDBImageRepository,mongoDBApplicationConfigRepository; nested exception is org.springframework.beans.factory.NoUniqueBeanDefinitionException: No qualifying bean of type [org.ssoup.denv.server.persistence.ApplicationConfigRepository] is defined: expected single matching bean but found 2: mongoDBImageRepository,mongoDBApplicationConfigRepository
	at org.springframework.beans.factory.annotation.AutowiredAnnotationBeanPostProcessor$AutowiredMethodElement.inject(AutowiredAnnotationBeanPostProcessor.java:596)
	at org.springframework.beans.factory.annotation.InjectionMetadata.inject(InjectionMetadata.java:87)
	at org.springframework.beans.factory.annotation.AutowiredAnnotationBeanPostProcessor.postProcessPropertyValues(AutowiredAnnotationBeanPostProcessor.java:289)
	... 31 common frames omitted
Caused by: org.springframework.beans.factory.BeanExpressionException: Expression parsing failed; nested exception is org.springframework.beans.factory.BeanCreationException: Error creating bean with name &apos;securityConfig&apos;: Injection of autowired dependencies failed; nested exception is org.springframework.beans.factory.BeanCreationException: Could not autowire method: public void org.springframework.security.config.annotation.web.configuration.WebSecurityConfigurerAdapter.setContentNegotationStrategy(org.springframework.web.accept.ContentNegotiationStrategy); nested exception is org.springframework.beans.factory.BeanCreationException: Error creating bean with name &apos;org.springframework.web.servlet.config.annotation.DelegatingWebMvcConfiguration&apos;: Injection of autowired dependencies failed; nested exception is org.springframework.beans.factory.BeanCreationException: Could not autowire method: public void org.springframework.web.servlet.config.annotation.DelegatingWebMvcConfiguration.setConfigurers(java.util.List); nested exception is org.springframework.beans.factory.BeanCreationException: Error creating bean with name &apos;org.springframework.boot.autoconfigure.web.WebMvcAutoConfiguration$WebMvcAutoConfigurationAdapter&apos;: Injection of autowired dependencies failed; nested exception is org.springframework.beans.factory.BeanCreationException: Could not autowire field: private org.springframework.boot.autoconfigure.web.HttpMessageConverters org.springframework.boot.autoconfigure.web.WebMvcAutoConfiguration$WebMvcAutoConfigurationAdapter.messageConverters; nested exception is org.springframework.beans.factory.BeanCreationException: Error creating bean with name &apos;org.springframework.boot.autoconfigure.web.HttpMessageConvertersAutoConfiguration&apos;: Injection of autowired dependencies failed; nested exception is org.springframework.beans.factory.BeanCreationException: Could not autowire field: private final java.util.List org.springframework.boot.autoconfigure.web.HttpMessageConvertersAutoConfiguration.converters; nested exception is org.springframework.beans.factory.BeanCreationException: Error creating bean with name &apos;jacksonHttpMessageConverter&apos; defined in class path resource [org/springframework/data/rest/webmvc/config/RepositoryRestMvcConfiguration.class]: Instantiation of bean failed; nested exception is org.springframework.beans.factory.BeanDefinitionStoreException: Factory method [public org.springframework.http.converter.json.MappingJackson2HttpMessageConverter org.springframework.data.rest.webmvc.config.RepositoryRestMvcConfiguration.jacksonHttpMessageConverter()] threw exception; nested exception is org.springframework.beans.factory.BeanCreationException: Error creating bean with name &apos;config&apos; defined in class path resource [org/springframework/data/rest/webmvc/config/RepositoryRestMvcConfiguration.class]: Instantiation of bean failed; nested exception is org.springframework.beans.factory.BeanDefinitionStoreException: Factory method [public org.springframework.data.rest.core.config.RepositoryRestConfiguration org.springframework.data.rest.webmvc.config.RepositoryRestMvcConfiguration.config()] threw exception; nested exception is org.springframework.beans.factory.BeanCreationException: Error creating bean with name &apos;repositories&apos; defined in class path resource [org/springframework/data/rest/webmvc/config/RepositoryRestMvcConfiguration.class]: Instantiation of bean failed; nested exception is org.springframework.beans.factory.BeanDefinitionStoreException: Factory method [public org.springframework.data.repository.support.Repositories org.springframework.data.rest.webmvc.config.RepositoryRestMvcConfiguration.repositories()] threw exception; nested exception is org.springframework.beans.factory.UnsatisfiedDependencyException: Error creating bean with name &apos;mongoDBEnvironmentRepositoryImpl&apos; defined in URL [jar:file:/C:/workspaces/denv/denv-server-mongodb/target/denv-server-mongodb-0.1.0.jar!/org/ssoup/denv/server/persistence/mongodb/repository/MongoDBEnvironmentRepositoryImpl.class]: Unsatisfied dependency expressed through constructor argument with index 1 of type [org.ssoup.denv.server.persistence.ApplicationConfigRepository]: : No qualifying bean of type [org.ssoup.denv.server.persistence.ApplicationConfigRepository] is defined: expected single matching bean but found 2: mongoDBImageRepository,mongoDBApplicationConfigRepository; nested exception is org.springframework.beans.factory.NoUniqueBeanDefinitionException: No qualifying bean of type [org.ssoup.denv.server.persistence.ApplicationConfigRepository] is defined: expected single matching bean but found 2: mongoDBImageRepository,mongoDBApplicationConfigRepository
	at org.springframework.context.expression.StandardBeanExpressionResolver.evaluate(StandardBeanExpressionResolver.java:146)
	at org.springframework.beans.factory.support.AbstractBeanFactory.evaluateBeanDefinitionString(AbstractBeanFactory.java:1362)
	at org.springframework.beans.factory.support.DefaultListableBeanFactory.doResolveDependency(DefaultListableBeanFactory.java:873)
	at org.springframework.beans.factory.support.DefaultListableBeanFactory.resolveDependency(DefaultListableBeanFactory.java:858)
	at org.springframework.beans.factory.annotation.AutowiredAnnotationBeanPostProcessor$AutowiredMethodElement.inject(AutowiredAnnotationBeanPostProcessor.java:553)
	... 33 common frames omitted
Caused by: org.springframework.beans.factory.BeanCreationException: Error creating bean with name &apos;securityConfig&apos;: Injection of autowired dependencies failed; nested exception is org.springframework.beans.factory.BeanCreationException: Could not autowire method: public void org.springframework.security.config.annotation.web.configuration.WebSecurityConfigurerAdapter.setContentNegotationStrategy(org.springframework.web.accept.ContentNegotiationStrategy); nested exception is org.springframework.beans.factory.BeanCreationException: Error creating bean with name &apos;org.springframework.web.servlet.config.annotation.DelegatingWebMvcConfiguration&apos;: Injection of autowired dependencies failed; nested exception is org.springframework.beans.factory.BeanCreationException: Could not autowire method: public void org.springframework.web.servlet.config.annotation.DelegatingWebMvcConfiguration.setConfigurers(java.util.List); nested exception is org.springframework.beans.factory.BeanCreationException: Error creating bean with name &apos;org.springframework.boot.autoconfigure.web.WebMvcAutoConfiguration$WebMvcAutoConfigurationAdapter&apos;: Injection of autowired dependencies failed; nested exception is org.springframework.beans.factory.BeanCreationException: Could not autowire field: private org.springframework.boot.autoconfigure.web.HttpMessageConverters org.springframework.boot.autoconfigure.web.WebMvcAutoConfiguration$WebMvcAutoConfigurationAdapter.messageConverters; nested exception is org.springframework.beans.factory.BeanCreationException: Error creating bean with name &apos;org.springframework.boot.autoconfigure.web.HttpMessageConvertersAutoConfiguration&apos;: Injection of autowired dependencies failed; nested exception is org.springframework.beans.factory.BeanCreationException: Could not autowire field: private final java.util.List org.springframework.boot.autoconfigure.web.HttpMessageConvertersAutoConfiguration.converters; nested exception is org.springframework.beans.factory.BeanCreationException: Error creating bean with name &apos;jacksonHttpMessageConverter&apos; defined in class path resource [org/springframework/data/rest/webmvc/config/RepositoryRestMvcConfiguration.class]: Instantiation of bean failed; nested exception is org.springframework.beans.factory.BeanDefinitionStoreException: Factory method [public org.springframework.http.converter.json.MappingJackson2HttpMessageConverter org.springframework.data.rest.webmvc.config.RepositoryRestMvcConfiguration.jacksonHttpMessageConverter()] threw exception; nested exception is org.springframework.beans.factory.BeanCreationException: Error creating bean with name &apos;config&apos; defined in class path resource [org/springframework/data/rest/webmvc/config/RepositoryRestMvcConfiguration.class]: Instantiation of bean failed; nested exception is org.springframework.beans.factory.BeanDefinitionStoreException: Factory method [public org.springframework.data.rest.core.config.RepositoryRestConfiguration org.springframework.data.rest.webmvc.config.RepositoryRestMvcConfiguration.config()] threw exception; nested exception is org.springframework.beans.factory.BeanCreationException: Error creating bean with name &apos;repositories&apos; defined in class path resource [org/springframework/data/rest/webmvc/config/RepositoryRestMvcConfiguration.class]: Instantiation of bean failed; nested exception is org.springframework.beans.factory.BeanDefinitionStoreException: Factory method [public org.springframework.data.repository.support.Repositories org.springframework.data.rest.webmvc.config.RepositoryRestMvcConfiguration.repositories()] threw exception; nested exception is org.springframework.beans.factory.UnsatisfiedDependencyException: Error creating bean with name &apos;mongoDBEnvironmentRepositoryImpl&apos; defined in URL [jar:file:/C:/workspaces/denv/denv-server-mongodb/target/denv-server-mongodb-0.1.0.jar!/org/ssoup/denv/server/persistence/mongodb/repository/MongoDBEnvironmentRepositoryImpl.class]: Unsatisfied dependency expressed through constructor argument with index 1 of type [org.ssoup.denv.server.persistence.ApplicationConfigRepository]: : No qualifying bean of type [org.ssoup.denv.server.persistence.ApplicationConfigRepository] is defined: expected single matching bean but found 2: mongoDBImageRepository,mongoDBApplicationConfigRepository; nested exception is org.springframework.beans.factory.NoUniqueBeanDefinitionException: No qualifying bean of type [org.ssoup.denv.server.persistence.ApplicationConfigRepository] is defined: expected single matching bean but found 2: mongoDBImageRepository,mongoDBApplicationConfigRepository
	at org.springframework.beans.factory.annotation.AutowiredAnnotationBeanPostProcessor.postProcessPropertyValues(AutowiredAnnotationBeanPostProcessor.java:292)
	at org.springframework.beans.factory.support.AbstractAutowireCapableBeanFactory.populateBean(AbstractAutowireCapableBeanFactory.java:1185)
	at org.springframework.beans.factory.support.AbstractAutowireCapableBeanFactory.doCreateBean(AbstractAutowireCapableBeanFactory.java:537)
	at org.springframework.beans.factory.support.AbstractAutowireCapableBeanFactory.createBean(AbstractAutowireCapableBeanFactory.java:475)
	at org.springframework.beans.factory.support.AbstractBeanFactory$1.getObject(AbstractBeanFactory.java:302)
	at org.springframework.beans.factory.support.DefaultSingletonBeanRegistry.getSingleton(DefaultSingletonBeanRegistry.java:228)
	at org.springframework.beans.factory.support.AbstractBeanFactory.doGetBean(AbstractBeanFactory.java:298)
	at org.springframework.beans.factory.support.AbstractBeanFactory.getBean(AbstractBeanFactory.java:198)
	at org.springframework.beans.factory.support.DefaultListableBeanFactory.getBeansOfType(DefaultListableBeanFactory.java:470)
	at org.springframework.beans.factory.support.DefaultListableBeanFactory.getBeansOfType(DefaultListableBeanFactory.java:459)
	at org.springframework.security.config.annotation.web.configuration.AutowiredWebSecurityConfigurersIgnoreParents.getWebSecurityConfigurers(AutowiredWebSecurityConfigurersIgnoreParents.java:52)
	at sun.reflect.NativeMethodAccessorImpl.invoke0(Native Method)
	at sun.reflect.NativeMethodAccessorImpl.invoke(NativeMethodAccessorImpl.java:39)
	at sun.reflect.DelegatingMethodAccessorImpl.invoke(DelegatingMethodAccessorImpl.java:25)
	at java.lang.reflect.Method.invoke(Method.java:597)
	at org.springframework.expression.spel.support.ReflectiveMethodExecutor.execute(ReflectiveMethodExecutor.java:63)
	at org.springframework.expression.spel.ast.MethodReference.getValueInternal(MethodReference.java:122)
	at org.springframework.expression.spel.ast.MethodReference.access$000(MethodReference.java:44)
	at org.springframework.expression.spel.ast.MethodReference$MethodValueRef.getValue(MethodReference.java:258)
	at org.springframework.expression.spel.ast.CompoundExpression.getValueInternal(CompoundExpression.java:84)
	at org.springframework.expression.spel.ast.SpelNodeImpl.getValue(SpelNodeImpl.java:103)
	at org.springframework.expression.spel.standard.SpelExpression.getValue(SpelExpression.java:94)
	at org.springframework.context.expression.StandardBeanExpressionResolver.evaluate(StandardBeanExpressionResolver.java:143)
	... 37 common frames omitted
Caused by: org.springframework.beans.factory.BeanCreationException: Could not autowire method: public void org.springframework.security.config.annotation.web.configuration.WebSecurityConfigurerAdapter.setContentNegotationStrategy(org.springframework.web.accept.ContentNegotiationStrategy); nested exception is org.springframework.beans.factory.BeanCreationException: Error creating bean with name &apos;org.springframework.web.servlet.config.annotation.DelegatingWebMvcConfiguration&apos;: Injection of autowired dependencies failed; nested exception is org.springframework.beans.factory.BeanCreationException: Could not autowire method: public void org.springframework.web.servlet.config.annotation.DelegatingWebMvcConfiguration.setConfigurers(java.util.List); nested exception is org.springframework.beans.factory.BeanCreationException: Error creating bean with name &apos;org.springframework.boot.autoconfigure.web.WebMvcAutoConfiguration$WebMvcAutoConfigurationAdapter&apos;: Injection of autowired dependencies failed; nested exception is org.springframework.beans.factory.BeanCreationException: Could not autowire field: private org.springframework.boot.autoconfigure.web.HttpMessageConverters org.springframework.boot.autoconfigure.web.WebMvcAutoConfiguration$WebMvcAutoConfigurationAdapter.messageConverters; nested exception is org.springframework.beans.factory.BeanCreationException: Error creating bean with name &apos;org.springframework.boot.autoconfigure.web.HttpMessageConvertersAutoConfiguration&apos;: Injection of autowired dependencies failed; nested exception is org.springframework.beans.factory.BeanCreationException: Could not autowire field: private final java.util.List org.springframework.boot.autoconfigure.web.HttpMessageConvertersAutoConfiguration.converters; nested exception is org.springframework.beans.factory.BeanCreationException: Error creating bean with name &apos;jacksonHttpMessageConverter&apos; defined in class path resource [org/springframework/data/rest/webmvc/config/RepositoryRestMvcConfiguration.class]: Instantiation of bean failed; nested exception is org.springframework.beans.factory.BeanDefinitionStoreException: Factory method [public org.springframework.http.converter.json.MappingJackson2HttpMessageConverter org.springframework.data.rest.webmvc.config.RepositoryRestMvcConfiguration.jacksonHttpMessageConverter()] threw exception; nested exception is org.springframework.beans.factory.BeanCreationException: Error creating bean with name &apos;config&apos; defined in class path resource [org/springframework/data/rest/webmvc/config/RepositoryRestMvcConfiguration.class]: Instantiation of bean failed; nested exception is org.springframework.beans.factory.BeanDefinitionStoreException: Factory method [public org.springframework.data.rest.core.config.RepositoryRestConfiguration org.springframework.data.rest.webmvc.config.RepositoryRestMvcConfiguration.config()] threw exception; nested exception is org.springframework.beans.factory.BeanCreationException: Error creating bean with name &apos;repositories&apos; defined in class path resource [org/springframework/data/rest/webmvc/config/RepositoryRestMvcConfiguration.class]: Instantiation of bean failed; nested exception is org.springframework.beans.factory.BeanDefinitionStoreException: Factory method [public org.springframework.data.repository.support.Repositories org.springframework.data.rest.webmvc.config.RepositoryRestMvcConfiguration.repositories()] threw exception; nested exception is org.springframework.beans.factory.UnsatisfiedDependencyException: Error creating bean with name &apos;mongoDBEnvironmentRepositoryImpl&apos; defined in URL [jar:file:/C:/workspaces/denv/denv-server-mongodb/target/denv-server-mongodb-0.1.0.jar!/org/ssoup/denv/server/persistence/mongodb/repository/MongoDBEnvironmentRepositoryImpl.class]: Unsatisfied dependency expressed through constructor argument with index 1 of type [org.ssoup.denv.server.persistence.ApplicationConfigRepository]: : No qualifying bean of type [org.ssoup.denv.server.persistence.ApplicationConfigRepository] is defined: expected single matching bean but found 2: mongoDBImageRepository,mongoDBApplicationConfigRepository; nested exception is org.springframework.beans.factory.NoUniqueBeanDefinitionException: No qualifying bean of type [org.ssoup.denv.server.persistence.ApplicationConfigRepository] is defined: expected single matching bean but found 2: mongoDBImageRepository,mongoDBApplicationConfigRepository
	at org.springframework.beans.factory.annotation.AutowiredAnnotationBeanPostProcessor$AutowiredMethodElement.inject(AutowiredAnnotationBeanPostProcessor.java:596)
	at org.springframework.beans.factory.annotation.InjectionMetadata.inject(InjectionMetadata.java:87)
	at org.springframework.beans.factory.annotation.AutowiredAnnotationBeanPostProcessor.postProcessPropertyValues(AutowiredAnnotationBeanPostProcessor.java:289)
	... 59 common frames omitted
Caused by: org.springframework.beans.factory.BeanCreationException: Error creating bean with name &apos;org.springframework.web.servlet.config.annotation.DelegatingWebMvcConfiguration&apos;: Injection of autowired dependencies failed; nested exception is org.springframework.beans.factory.BeanCreationException: Could not autowire method: public void org.springframework.web.servlet.config.annotation.DelegatingWebMvcConfiguration.setConfigurers(java.util.List); nested exception is org.springframework.beans.factory.BeanCreationException: Error creating bean with name &apos;org.springframework.boot.autoconfigure.web.WebMvcAutoConfiguration$WebMvcAutoConfigurationAdapter&apos;: Injection of autowired dependencies failed; nested exception is org.springframework.beans.factory.BeanCreationException: Could not autowire field: private org.springframework.boot.autoconfigure.web.HttpMessageConverters org.springframework.boot.autoconfigure.web.WebMvcAutoConfiguration$WebMvcAutoConfigurationAdapter.messageConverters; nested exception is org.springframework.beans.factory.BeanCreationException: Error creating bean with name &apos;org.springframework.boot.autoconfigure.web.HttpMessageConvertersAutoConfiguration&apos;: Injection of autowired dependencies failed; nested exception is org.springframework.beans.factory.BeanCreationException: Could not autowire field: private final java.util.List org.springframework.boot.autoconfigure.web.HttpMessageConvertersAutoConfiguration.converters; nested exception is org.springframework.beans.factory.BeanCreationException: Error creating bean with name &apos;jacksonHttpMessageConverter&apos; defined in class path resource [org/springframework/data/rest/webmvc/config/RepositoryRestMvcConfiguration.class]: Instantiation of bean failed; nested exception is org.springframework.beans.factory.BeanDefinitionStoreException: Factory method [public org.springframework.http.converter.json.MappingJackson2HttpMessageConverter org.springframework.data.rest.webmvc.config.RepositoryRestMvcConfiguration.jacksonHttpMessageConverter()] threw exception; nested exception is org.springframework.beans.factory.BeanCreationException: Error creating bean with name &apos;config&apos; defined in class path resource [org/springframework/data/rest/webmvc/config/RepositoryRestMvcConfiguration.class]: Instantiation of bean failed; nested exception is org.springframework.beans.factory.BeanDefinitionStoreException: Factory method [public org.springframework.data.rest.core.config.RepositoryRestConfiguration org.springframework.data.rest.webmvc.config.RepositoryRestMvcConfiguration.config()] threw exception; nested exception is org.springframework.beans.factory.BeanCreationException: Error creating bean with name &apos;repositories&apos; defined in class path resource [org/springframework/data/rest/webmvc/config/RepositoryRestMvcConfiguration.class]: Instantiation of bean failed; nested exception is org.springframework.beans.factory.BeanDefinitionStoreException: Factory method [public org.springframework.data.repository.support.Repositories org.springframework.data.rest.webmvc.config.RepositoryRestMvcConfiguration.repositories()] threw exception; nested exception is org.springframework.beans.factory.UnsatisfiedDependencyException: Error creating bean with name &apos;mongoDBEnvironmentRepositoryImpl&apos; defined in URL [jar:file:/C:/workspaces/denv/denv-server-mongodb/target/denv-server-mongodb-0.1.0.jar!/org/ssoup/denv/server/persistence/mongodb/repository/MongoDBEnvironmentRepositoryImpl.class]: Unsatisfied dependency expressed through constructor argument with index 1 of type [org.ssoup.denv.server.persistence.ApplicationConfigRepository]: : No qualifying bean of type [org.ssoup.denv.server.persistence.ApplicationConfigRepository] is defined: expected single matching bean but found 2: mongoDBImageRepository,mongoDBApplicationConfigRepository; nested exception is org.springframework.beans.factory.NoUniqueBeanDefinitionException: No qualifying bean of type [org.ssoup.denv.server.persistence.ApplicationConfigRepository] is defined: expected single matching bean but found 2: mongoDBImageRepository,mongoDBApplicationConfigRepository
	at org.springframework.beans.factory.annotation.AutowiredAnnotationBeanPostProcessor.postProcessPropertyValues(AutowiredAnnotationBeanPostProcessor.java:292)
	at org.springframework.beans.factory.support.AbstractAutowireCapableBeanFactory.populateBean(AbstractAutowireCapableBeanFactory.java:1185)
	at org.springframework.beans.factory.support.AbstractAutowireCapableBeanFactory.doCreateBean(AbstractAutowireCapableBeanFactory.java:537)
	at org.springframework.beans.factory.support.AbstractAutowireCapableBeanFactory.createBean(AbstractAutowireCapableBeanFactory.java:475)
	at org.springframework.beans.factory.support.AbstractBeanFactory$1.getObject(AbstractBeanFactory.java:302)
	at org.springframework.beans.factory.support.DefaultSingletonBeanRegistry.getSingleton(DefaultSingletonBeanRegistry.java:228)
	at org.springframework.beans.factory.support.AbstractBeanFactory.doGetBean(AbstractBeanFactory.java:298)
	at org.springframework.beans.factory.support.AbstractBeanFactory.getBean(AbstractBeanFactory.java:193)
	at org.springframework.beans.factory.support.ConstructorResolver.instantiateUsingFactoryMethod(ConstructorResolver.java:370)
	at org.springframework.beans.factory.support.AbstractAutowireCapableBeanFactory.instantiateUsingFactoryMethod(AbstractAutowireCapableBeanFactory.java:1094)
	at org.springframework.beans.factory.support.AbstractAutowireCapableBeanFactory.createBeanInstance(AbstractAutowireCapableBeanFactory.java:989)
	at org.springframework.beans.factory.support.AbstractAutowireCapableBeanFactory.doCreateBean(AbstractAutowireCapableBeanFactory.java:504)
	at org.springframework.beans.factory.support.AbstractAutowireCapableBeanFactory.createBean(AbstractAutowireCapableBeanFactory.java:475)
	at org.springframework.beans.factory.support.AbstractBeanFactory$1.getObject(AbstractBeanFactory.java:302)
	at org.springframework.beans.factory.support.DefaultSingletonBeanRegistry.getSingleton(DefaultSingletonBeanRegistry.java:228)
	at org.springframework.beans.factory.support.AbstractBeanFactory.doGetBean(AbstractBeanFactory.java:298)
	at org.springframework.beans.factory.support.AbstractBeanFactory.getBean(AbstractBeanFactory.java:193)
	at org.springframework.beans.factory.support.DefaultListableBeanFactory.findAutowireCandidates(DefaultListableBeanFactory.java:1017)
	at org.springframework.beans.factory.support.DefaultListableBeanFactory.doResolveDependency(DefaultListableBeanFactory.java:960)
	at org.springframework.beans.factory.support.DefaultListableBeanFactory.resolveDependency(DefaultListableBeanFactory.java:858)
	at org.springframework.beans.factory.annotation.AutowiredAnnotationBeanPostProcessor$AutowiredMethodElement.inject(AutowiredAnnotationBeanPostProcessor.java:553)
	... 61 common frames omitted
Caused by: org.springframework.beans.factory.BeanCreationException: Could not autowire method: public void org.springframework.web.servlet.config.annotation.DelegatingWebMvcConfiguration.setConfigurers(java.util.List); nested exception is org.springframework.beans.factory.BeanCreationException: Error creating bean with name &apos;org.springframework.boot.autoconfigure.web.WebMvcAutoConfiguration$WebMvcAutoConfigurationAdapter&apos;: Injection of autowired dependencies failed; nested exception is org.springframework.beans.factory.BeanCreationException: Could not autowire field: private org.springframework.boot.autoconfigure.web.HttpMessageConverters org.springframework.boot.autoconfigure.web.WebMvcAutoConfiguration$WebMvcAutoConfigurationAdapter.messageConverters; nested exception is org.springframework.beans.factory.BeanCreationException: Error creating bean with name &apos;org.springframework.boot.autoconfigure.web.HttpMessageConvertersAutoConfiguration&apos;: Injection of autowired dependencies failed; nested exception is org.springframework.beans.factory.BeanCreationException: Could not autowire field: private final java.util.List org.springframework.boot.autoconfigure.web.HttpMessageConvertersAutoConfiguration.converters; nested exception is org.springframework.beans.factory.BeanCreationException: Error creating bean with name &apos;jacksonHttpMessageConverter&apos; defined in class path resource [org/springframework/data/rest/webmvc/config/RepositoryRestMvcConfiguration.class]: Instantiation of bean failed; nested exception is org.springframework.beans.factory.BeanDefinitionStoreException: Factory method [public org.springframework.http.converter.json.MappingJackson2HttpMessageConverter org.springframework.data.rest.webmvc.config.RepositoryRestMvcConfiguration.jacksonHttpMessageConverter()] threw exception; nested exception is org.springframework.beans.factory.BeanCreationException: Error creating bean with name &apos;config&apos; defined in class path resource [org/springframework/data/rest/webmvc/config/RepositoryRestMvcConfiguration.class]: Instantiation of bean failed; nested exception is org.springframework.beans.factory.BeanDefinitionStoreException: Factory method [public org.springframework.data.rest.core.config.RepositoryRestConfiguration org.springframework.data.rest.webmvc.config.RepositoryRestMvcConfiguration.config()] threw exception; nested exception is org.springframework.beans.factory.BeanCreationException: Error creating bean with name &apos;repositories&apos; defined in class path resource [org/springframework/data/rest/webmvc/config/RepositoryRestMvcConfiguration.class]: Instantiation of bean failed; nested exception is org.springframework.beans.factory.BeanDefinitionStoreException: Factory method [public org.springframework.data.repository.support.Repositories org.springframework.data.rest.webmvc.config.RepositoryRestMvcConfiguration.repositories()] threw exception; nested exception is org.springframework.beans.factory.UnsatisfiedDependencyException: Error creating bean with name &apos;mongoDBEnvironmentRepositoryImpl&apos; defined in URL [jar:file:/C:/workspaces/denv/denv-server-mongodb/target/denv-server-mongodb-0.1.0.jar!/org/ssoup/denv/server/persistence/mongodb/repository/MongoDBEnvironmentRepositoryImpl.class]: Unsatisfied dependency expressed through constructor argument with index 1 of type [org.ssoup.denv.server.persistence.ApplicationConfigRepository]: : No qualifying bean of type [org.ssoup.denv.server.persistence.ApplicationConfigRepository] is defined: expected single matching bean but found 2: mongoDBImageRepository,mongoDBApplicationConfigRepository; nested exception is org.springframework.beans.factory.NoUniqueBeanDefinitionException: No qualifying bean of type [org.ssoup.denv.server.persistence.ApplicationConfigRepository] is defined: expected single matching bean but found 2: mongoDBImageRepository,mongoDBApplicationConfigRepository
	at org.springframework.beans.factory.annotation.AutowiredAnnotationBeanPostProcessor$AutowiredMethodElement.inject(AutowiredAnnotationBeanPostProcessor.java:596)
	at org.springframework.beans.factory.annotation.InjectionMetadata.inject(InjectionMetadata.java:87)
	at org.springframework.beans.factory.annotation.AutowiredAnnotationBeanPostProcessor.postProcessPropertyValues(AutowiredAnnotationBeanPostProcessor.java:289)
	... 81 common frames omitted
Caused by: org.springframework.beans.factory.BeanCreationException: Error creating bean with name &apos;org.springframework.boot.autoconfigure.web.WebMvcAutoConfiguration$WebMvcAutoConfigurationAdapter&apos;: Injection of autowired dependencies failed; nested exception is org.springframework.beans.factory.BeanCreationException: Could not autowire field: private org.springframework.boot.autoconfigure.web.HttpMessageConverters org.springframework.boot.autoconfigure.web.WebMvcAutoConfiguration$WebMvcAutoConfigurationAdapter.messageConverters; nested exception is org.springframework.beans.factory.BeanCreationException: Error creating bean with name &apos;org.springframework.boot.autoconfigure.web.HttpMessageConvertersAutoConfiguration&apos;: Injection of autowired dependencies failed; nested exception is org.springframework.beans.factory.BeanCreationException: Could not autowire field: private final java.util.List org.springframework.boot.autoconfigure.web.HttpMessageConvertersAutoConfiguration.converters; nested exception is org.springframework.beans.factory.BeanCreationException: Error creating bean with name &apos;jacksonHttpMessageConverter&apos; defined in class path resource [org/springframework/data/rest/webmvc/config/RepositoryRestMvcConfiguration.class]: Instantiation of bean failed; nested exception is org.springframework.beans.factory.BeanDefinitionStoreException: Factory method [public org.springframework.http.converter.json.MappingJackson2HttpMessageConverter org.springframework.data.rest.webmvc.config.RepositoryRestMvcConfiguration.jacksonHttpMessageConverter()] threw exception; nested exception is org.springframework.beans.factory.BeanCreationException: Error creating bean with name &apos;config&apos; defined in class path resource [org/springframework/data/rest/webmvc/config/RepositoryRestMvcConfiguration.class]: Instantiation of bean failed; nested exception is org.springframework.beans.factory.BeanDefinitionStoreException: Factory method [public org.springframework.data.rest.core.config.RepositoryRestConfiguration org.springframework.data.rest.webmvc.config.RepositoryRestMvcConfiguration.config()] threw exception; nested exception is org.springframework.beans.factory.BeanCreationException: Error creating bean with name &apos;repositories&apos; defined in class path resource [org/springframework/data/rest/webmvc/config/RepositoryRestMvcConfiguration.class]: Instantiation of bean failed; nested exception is org.springframework.beans.factory.BeanDefinitionStoreException: Factory method [public org.springframework.data.repository.support.Repositories org.springframework.data.rest.webmvc.config.RepositoryRestMvcConfiguration.repositories()] threw exception; nested exception is org.springframework.beans.factory.UnsatisfiedDependencyException: Error creating bean with name &apos;mongoDBEnvironmentRepositoryImpl&apos; defined in URL [jar:file:/C:/workspaces/denv/denv-server-mongodb/target/denv-server-mongodb-0.1.0.jar!/org/ssoup/denv/server/persistence/mongodb/repository/MongoDBEnvironmentRepositoryImpl.class]: Unsatisfied dependency expressed through constructor argument with index 1 of type [org.ssoup.denv.server.persistence.ApplicationConfigRepository]: : No qualifying bean of type [org.ssoup.denv.server.persistence.ApplicationConfigRepository] is defined: expected single matching bean but found 2: mongoDBImageRepository,mongoDBApplicationConfigRepository; nested exception is org.springframework.beans.factory.NoUniqueBeanDefinitionException: No qualifying bean of type [org.ssoup.denv.server.persistence.ApplicationConfigRepository] is defined: expected single matching bean but found 2: mongoDBImageRepository,mongoDBApplicationConfigRepository
	at org.springframework.beans.factory.annotation.AutowiredAnnotationBeanPostProcessor.postProcessPropertyValues(AutowiredAnnotationBeanPostProcessor.java:292)
	at org.springframework.beans.factory.support.AbstractAutowireCapableBeanFactory.populateBean(AbstractAutowireCapableBeanFactory.java:1185)
	at org.springframework.beans.factory.support.AbstractAutowireCapableBeanFactory.doCreateBean(AbstractAutowireCapableBeanFactory.java:537)
	at org.springframework.beans.factory.support.AbstractAutowireCapableBeanFactory.createBean(AbstractAutowireCapableBeanFactory.java:475)
	at org.springframework.beans.factory.support.AbstractBeanFactory$1.getObject(AbstractBeanFactory.java:302)
	at org.springframework.beans.factory.support.DefaultSingletonBeanRegistry.getSingleton(DefaultSingletonBeanRegistry.java:228)
	at org.springframework.beans.factory.support.AbstractBeanFactory.doGetBean(AbstractBeanFactory.java:298)
	at org.springframework.beans.factory.support.AbstractBeanFactory.getBean(AbstractBeanFactory.java:193)
	at org.springframework.beans.factory.support.DefaultListableBeanFactory.findAutowireCandidates(DefaultListableBeanFactory.java:1017)
	at org.springframework.beans.factory.support.DefaultListableBeanFactory.doResolveDependency(DefaultListableBeanFactory.java:912)
	at org.springframework.beans.factory.support.DefaultListableBeanFactory.resolveDependency(DefaultListableBeanFactory.java:858)
	at org.springframework.beans.factory.annotation.AutowiredAnnotationBeanPostProcessor$AutowiredMethodElement.inject(AutowiredAnnotationBeanPostProcessor.java:553)
	... 83 common frames omitted
Caused by: org.springframework.beans.factory.BeanCreationException: Could not autowire field: private org.springframework.boot.autoconfigure.web.HttpMessageConverters org.springframework.boot.autoconfigure.web.WebMvcAutoConfiguration$WebMvcAutoConfigurationAdapter.messageConverters; nested exception is org.springframework.beans.factory.BeanCreationException: Error creating bean with name &apos;org.springframework.boot.autoconfigure.web.HttpMessageConvertersAutoConfiguration&apos;: Injection of autowired dependencies failed; nested exception is org.springframework.beans.factory.BeanCreationException: Could not autowire field: private final java.util.List org.springframework.boot.autoconfigure.web.HttpMessageConvertersAutoConfiguration.converters; nested exception is org.springframework.beans.factory.BeanCreationException: Error creating bean with name &apos;jacksonHttpMessageConverter&apos; defined in class path resource [org/springframework/data/rest/webmvc/config/RepositoryRestMvcConfiguration.class]: Instantiation of bean failed; nested exception is org.springframework.beans.factory.BeanDefinitionStoreException: Factory method [public org.springframework.http.converter.json.MappingJackson2HttpMessageConverter org.springframework.data.rest.webmvc.config.RepositoryRestMvcConfiguration.jacksonHttpMessageConverter()] threw exception; nested exception is org.springframework.beans.factory.BeanCreationException: Error creating bean with name &apos;config&apos; defined in class path resource [org/springframework/data/rest/webmvc/config/RepositoryRestMvcConfiguration.class]: Instantiation of bean failed; nested exception is org.springframework.beans.factory.BeanDefinitionStoreException: Factory method [public org.springframework.data.rest.core.config.RepositoryRestConfiguration org.springframework.data.rest.webmvc.config.RepositoryRestMvcConfiguration.config()] threw exception; nested exception is org.springframework.beans.factory.BeanCreationException: Error creating bean with name &apos;repositories&apos; defined in class path resource [org/springframework/data/rest/webmvc/config/RepositoryRestMvcConfiguration.class]: Instantiation of bean failed; nested exception is org.springframework.beans.factory.BeanDefinitionStoreException: Factory method [public org.springframework.data.repository.support.Repositories org.springframework.data.rest.webmvc.config.RepositoryRestMvcConfiguration.repositories()] threw exception; nested exception is org.springframework.beans.factory.UnsatisfiedDependencyException: Error creating bean with name &apos;mongoDBEnvironmentRepositoryImpl&apos; defined in URL [jar:file:/C:/workspaces/denv/denv-server-mongodb/target/denv-server-mongodb-0.1.0.jar!/org/ssoup/denv/server/persistence/mongodb/repository/MongoDBEnvironmentRepositoryImpl.class]: Unsatisfied dependency expressed through constructor argument with index 1 of type [org.ssoup.denv.server.persistence.ApplicationConfigRepository]: : No qualifying bean of type [org.ssoup.denv.server.persistence.ApplicationConfigRepository] is defined: expected single matching bean but found 2: mongoDBImageRepository,mongoDBApplicationConfigRepository; nested exception is org.springframework.beans.factory.NoUniqueBeanDefinitionException: No qualifying bean of type [org.ssoup.denv.server.persistence.ApplicationConfigRepository] is defined: expected single matching bean but found 2: mongoDBImageRepository,mongoDBApplicationConfigRepository
	at org.springframework.beans.factory.annotation.AutowiredAnnotationBeanPostProcessor$AutowiredFieldElement.inject(AutowiredAnnotationBeanPostProcessor.java:508)
	at org.springframework.beans.factory.annotation.InjectionMetadata.inject(InjectionMetadata.java:87)
	at org.springframework.beans.factory.annotation.AutowiredAnnotationBeanPostProcessor.postProcessPropertyValues(AutowiredAnnotationBeanPostProcessor.java:289)
	... 94 common frames omitted
Caused by: org.springframework.beans.factory.BeanCreationException: Error creating bean with name &apos;org.springframework.boot.autoconfigure.web.HttpMessageConvertersAutoConfiguration&apos;: Injection of autowired dependencies failed; nested exception is org.springframework.beans.factory.BeanCreationException: Could not autowire field: private final java.util.List org.springframework.boot.autoconfigure.web.HttpMessageConvertersAutoConfiguration.converters; nested exception is org.springframework.beans.factory.BeanCreationException: Error creating bean with name &apos;jacksonHttpMessageConverter&apos; defined in class path resource [org/springframework/data/rest/webmvc/config/RepositoryRestMvcConfiguration.class]: Instantiation of bean failed; nested exception is org.springframework.beans.factory.BeanDefinitionStoreException: Factory method [public org.springframework.http.converter.json.MappingJackson2HttpMessageConverter org.springframework.data.rest.webmvc.config.RepositoryRestMvcConfiguration.jacksonHttpMessageConverter()] threw exception; nested exception is org.springframework.beans.factory.BeanCreationException: Error creating bean with name &apos;config&apos; defined in class path resource [org/springframework/data/rest/webmvc/config/RepositoryRestMvcConfiguration.class]: Instantiation of bean failed; nested exception is org.springframework.beans.factory.BeanDefinitionStoreException: Factory method [public org.springframework.data.rest.core.config.RepositoryRestConfiguration org.springframework.data.rest.webmvc.config.RepositoryRestMvcConfiguration.config()] threw exception; nested exception is org.springframework.beans.factory.BeanCreationException: Error creating bean with name &apos;repositories&apos; defined in class path resource [org/springframework/data/rest/webmvc/config/RepositoryRestMvcConfiguration.class]: Instantiation of bean failed; nested exception is org.springframework.beans.factory.BeanDefinitionStoreException: Factory method [public org.springframework.data.repository.support.Repositories org.springframework.data.rest.webmvc.config.RepositoryRestMvcConfiguration.repositories()] threw exception; nested exception is org.springframework.beans.factory.UnsatisfiedDependencyException: Error creating bean with name &apos;mongoDBEnvironmentRepositoryImpl&apos; defined in URL [jar:file:/C:/workspaces/denv/denv-server-mongodb/target/denv-server-mongodb-0.1.0.jar!/org/ssoup/denv/server/persistence/mongodb/repository/MongoDBEnvironmentRepositoryImpl.class]: Unsatisfied dependency expressed through constructor argument with index 1 of type [org.ssoup.denv.server.persistence.ApplicationConfigRepository]: : No qualifying bean of type [org.ssoup.denv.server.persistence.ApplicationConfigRepository] is defined: expected single matching bean but found 2: mongoDBImageRepository,mongoDBApplicationConfigRepository; nested exception is org.springframework.beans.factory.NoUniqueBeanDefinitionException: No qualifying bean of type [org.ssoup.denv.server.persistence.ApplicationConfigRepository] is defined: expected single matching bean but found 2: mongoDBImageRepository,mongoDBApplicationConfigRepository
	at org.springframework.beans.factory.annotation.AutowiredAnnotationBeanPostProcessor.postProcessPropertyValues(AutowiredAnnotationBeanPostProcessor.java:292)
	at org.springframework.beans.factory.support.AbstractAutowireCapableBeanFactory.populateBean(AbstractAutowireCapableBeanFactory.java:1185)
	at org.springframework.beans.factory.support.AbstractAutowireCapableBeanFactory.doCreateBean(AbstractAutowireCapableBeanFactory.java:537)
	at org.springframework.beans.factory.support.AbstractAutowireCapableBeanFactory.createBean(AbstractAutowireCapableBeanFactory.java:475)
	at org.springframework.beans.factory.support.AbstractBeanFactory$1.getObject(AbstractBeanFactory.java:302)
	at org.springframework.beans.factory.support.DefaultSingletonBeanRegistry.getSingleton(DefaultSingletonBeanRegistry.java:228)
	at org.springframework.beans.factory.support.AbstractBeanFactory.doGetBean(AbstractBeanFactory.java:298)
	at org.springframework.beans.factory.support.AbstractBeanFactory.getBean(AbstractBeanFactory.java:193)
	at org.springframework.beans.factory.support.ConstructorResolver.instantiateUsingFactoryMethod(ConstructorResolver.java:370)
	at org.springframework.beans.factory.support.AbstractAutowireCapableBeanFactory.instantiateUsingFactoryMethod(AbstractAutowireCapableBeanFactory.java:1094)
	at org.springframework.beans.factory.support.AbstractAutowireCapableBeanFactory.createBeanInstance(AbstractAutowireCapableBeanFactory.java:989)
	at org.springframework.beans.factory.support.AbstractAutowireCapableBeanFactory.doCreateBean(AbstractAutowireCapableBeanFactory.java:504)
	at org.springframework.beans.factory.support.AbstractAutowireCapableBeanFactory.createBean(AbstractAutowireCapableBeanFactory.java:475)
	at org.springframework.beans.factory.support.AbstractBeanFactory$1.getObject(AbstractBeanFactory.java:302)
	at org.springframework.beans.factory.support.DefaultSingletonBeanRegistry.getSingleton(DefaultSingletonBeanRegistry.java:228)
	at org.springframework.beans.factory.support.AbstractBeanFactory.doGetBean(AbstractBeanFactory.java:298)
	at org.springframework.beans.factory.support.AbstractBeanFactory.getBean(AbstractBeanFactory.java:193)
	at org.springframework.beans.factory.support.DefaultListableBeanFactory.findAutowireCandidates(DefaultListableBeanFactory.java:1017)
	at org.springframework.beans.factory.support.DefaultListableBeanFactory.doResolveDependency(DefaultListableBeanFactory.java:960)
	at org.springframework.beans.factory.support.DefaultListableBeanFactory.resolveDependency(DefaultListableBeanFactory.java:858)
	at org.springframework.beans.factory.annotation.AutowiredAnnotationBeanPostProcessor$AutowiredFieldElement.inject(AutowiredAnnotationBeanPostProcessor.java:480)
	... 96 common frames omitted
Caused by: org.springframework.beans.factory.BeanCreationException: Could not autowire field: private final java.util.List org.springframework.boot.autoconfigure.web.HttpMessageConvertersAutoConfiguration.converters; nested exception is org.springframework.beans.factory.BeanCreationException: Error creating bean with name &apos;jacksonHttpMessageConverter&apos; defined in class path resource [org/springframework/data/rest/webmvc/config/RepositoryRestMvcConfiguration.class]: Instantiation of bean failed; nested exception is org.springframework.beans.factory.BeanDefinitionStoreException: Factory method [public org.springframework.http.converter.json.MappingJackson2HttpMessageConverter org.springframework.data.rest.webmvc.config.RepositoryRestMvcConfiguration.jacksonHttpMessageConverter()] threw exception; nested exception is org.springframework.beans.factory.BeanCreationException: Error creating bean with name &apos;config&apos; defined in class path resource [org/springframework/data/rest/webmvc/config/RepositoryRestMvcConfiguration.class]: Instantiation of bean failed; nested exception is org.springframework.beans.factory.BeanDefinitionStoreException: Factory method [public org.springframework.data.rest.core.config.RepositoryRestConfiguration org.springframework.data.rest.webmvc.config.RepositoryRestMvcConfiguration.config()] threw exception; nested exception is org.springframework.beans.factory.BeanCreationException: Error creating bean with name &apos;repositories&apos; defined in class path resource [org/springframework/data/rest/webmvc/config/RepositoryRestMvcConfiguration.class]: Instantiation of bean failed; nested exception is org.springframework.beans.factory.BeanDefinitionStoreException: Factory method [public org.springframework.data.repository.support.Repositories org.springframework.data.rest.webmvc.config.RepositoryRestMvcConfiguration.repositories()] threw exception; nested exception is org.springframework.beans.factory.UnsatisfiedDependencyException: Error creating bean with name &apos;mongoDBEnvironmentRepositoryImpl&apos; defined in URL [jar:file:/C:/workspaces/denv/denv-server-mongodb/target/denv-server-mongodb-0.1.0.jar!/org/ssoup/denv/server/persistence/mongodb/repository/MongoDBEnvironmentRepositoryImpl.class]: Unsatisfied dependency expressed through constructor argument with index 1 of type [org.ssoup.denv.server.persistence.ApplicationConfigRepository]: : No qualifying bean of type [org.ssoup.denv.server.persistence.ApplicationConfigRepository] is defined: expected single matching bean but found 2: mongoDBImageRepository,mongoDBApplicationConfigRepository; nested exception is org.springframework.beans.factory.NoUniqueBeanDefinitionException: No qualifying bean of type [org.ssoup.denv.server.persistence.ApplicationConfigRepository] is defined: expected single matching bean but found 2: mongoDBImageRepository,mongoDBApplicationConfigRepository
	at org.springframework.beans.factory.annotation.AutowiredAnnotationBeanPostProcessor$AutowiredFieldElement.inject(AutowiredAnnotationBeanPostProcessor.java:508)
	at org.springframework.beans.factory.annotation.InjectionMetadata.inject(InjectionMetadata.java:87)
	at org.springframework.beans.factory.annotation.AutowiredAnnotationBeanPostProcessor.postProcessPropertyValues(AutowiredAnnotationBeanPostProcessor.java:289)
	... 116 common frames omitted
Caused by: org.springframework.beans.factory.BeanCreationException: Error creating bean with name &apos;jacksonHttpMessageConverter&apos; defined in class path resource [org/springframework/data/rest/webmvc/config/RepositoryRestMvcConfiguration.class]: Instantiation of bean failed; nested exception is org.springframework.beans.factory.BeanDefinitionStoreException: Factory method [public org.springframework.http.converter.json.MappingJackson2HttpMessageConverter org.springframework.data.rest.webmvc.config.RepositoryRestMvcConfiguration.jacksonHttpMessageConverter()] threw exception; nested exception is org.springframework.beans.factory.BeanCreationException: Error creating bean with name &apos;config&apos; defined in class path resource [org/springframework/data/rest/webmvc/config/RepositoryRestMvcConfiguration.class]: Instantiation of bean failed; nested exception is org.springframework.beans.factory.BeanDefinitionStoreException: Factory method [public org.springframework.data.rest.core.config.RepositoryRestConfiguration org.springframework.data.rest.webmvc.config.RepositoryRestMvcConfiguration.config()] threw exception; nested exception is org.springframework.beans.factory.BeanCreationException: Error creating bean with name &apos;repositories&apos; defined in class path resource [org/springframework/data/rest/webmvc/config/RepositoryRestMvcConfiguration.class]: Instantiation of bean failed; nested exception is org.springframework.beans.factory.BeanDefinitionStoreException: Factory method [public org.springframework.data.repository.support.Repositories org.springframework.data.rest.webmvc.config.RepositoryRestMvcConfiguration.repositories()] threw exception; nested exception is org.springframework.beans.factory.UnsatisfiedDependencyException: Error creating bean with name &apos;mongoDBEnvironmentRepositoryImpl&apos; defined in URL [jar:file:/C:/workspaces/denv/denv-server-mongodb/target/denv-server-mongodb-0.1.0.jar!/org/ssoup/denv/server/persistence/mongodb/repository/MongoDBEnvironmentRepositoryImpl.class]: Unsatisfied dependency expressed through constructor argument with index 1 of type [org.ssoup.denv.server.persistence.ApplicationConfigRepository]: : No qualifying bean of type [org.ssoup.denv.server.persistence.ApplicationConfigRepository] is defined: expected single matching bean but found 2: mongoDBImageRepository,mongoDBApplicationConfigRepository; nested exception is org.springframework.beans.factory.NoUniqueBeanDefinitionException: No qualifying bean of type [org.ssoup.denv.server.persistence.ApplicationConfigRepository] is defined: expected single matching bean but found 2: mongoDBImageRepository,mongoDBApplicationConfigRepository
	at org.springframework.beans.factory.support.ConstructorResolver.instantiateUsingFactoryMethod(ConstructorResolver.java:597)
	at org.springframework.beans.factory.support.AbstractAutowireCapableBeanFactory.instantiateUsingFactoryMethod(AbstractAutowireCapableBeanFactory.java:1094)
	at org.springframework.beans.factory.support.AbstractAutowireCapableBeanFactory.createBeanInstance(AbstractAutowireCapableBeanFactory.java:989)
	at org.springframework.beans.factory.support.AbstractAutowireCapableBeanFactory.doCreateBean(AbstractAutowireCapableBeanFactory.java:504)
	at org.springframework.beans.factory.support.AbstractAutowireCapableBeanFactory.createBean(AbstractAutowireCapableBeanFactory.java:475)
	at org.springframework.beans.factory.support.AbstractBeanFactory$1.getObject(AbstractBeanFactory.java:302)
	at org.springframework.beans.factory.support.DefaultSingletonBeanRegistry.getSingleton(DefaultSingletonBeanRegistry.java:228)
	at org.springframework.beans.factory.support.AbstractBeanFactory.doGetBean(AbstractBeanFactory.java:298)
	at org.springframework.beans.factory.support.AbstractBeanFactory.getBean(AbstractBeanFactory.java:193)
	at org.springframework.beans.factory.support.DefaultListableBeanFactory.findAutowireCandidates(DefaultListableBeanFactory.java:1017)
	at org.springframework.beans.factory.support.DefaultListableBeanFactory.doResolveDependency(DefaultListableBeanFactory.java:912)
	at org.springframework.beans.factory.support.DefaultListableBeanFactory.resolveDependency(DefaultListableBeanFactory.java:858)
	at org.springframework.beans.factory.annotation.AutowiredAnnotationBeanPostProcessor$AutowiredFieldElement.inject(AutowiredAnnotationBeanPostProcessor.java:480)
	... 118 common frames omitted
Caused by: org.springframework.beans.factory.BeanDefinitionStoreException: Factory method [public org.springframework.http.converter.json.MappingJackson2HttpMessageConverter org.springframework.data.rest.webmvc.config.RepositoryRestMvcConfiguration.jacksonHttpMessageConverter()] threw exception; nested exception is org.springframework.beans.factory.BeanCreationException: Error creating bean with name &apos;config&apos; defined in class path resource [org/springframework/data/rest/webmvc/config/RepositoryRestMvcConfiguration.class]: Instantiation of bean failed; nested exception is org.springframework.beans.factory.BeanDefinitionStoreException: Factory method [public org.springframework.data.rest.core.config.RepositoryRestConfiguration org.springframework.data.rest.webmvc.config.RepositoryRestMvcConfiguration.config()] threw exception; nested exception is org.springframework.beans.factory.BeanCreationException: Error creating bean with name &apos;repositories&apos; defined in class path resource [org/springframework/data/rest/webmvc/config/RepositoryRestMvcConfiguration.class]: Instantiation of bean failed; nested exception is org.springframework.beans.factory.BeanDefinitionStoreException: Factory method [public org.springframework.data.repository.support.Repositories org.springframework.data.rest.webmvc.config.RepositoryRestMvcConfiguration.repositories()] threw exception; nested exception is org.springframework.beans.factory.UnsatisfiedDependencyException: Error creating bean with name &apos;mongoDBEnvironmentRepositoryImpl&apos; defined in URL [jar:file:/C:/workspaces/denv/denv-server-mongodb/target/denv-server-mongodb-0.1.0.jar!/org/ssoup/denv/server/persistence/mongodb/repository/MongoDBEnvironmentRepositoryImpl.class]: Unsatisfied dependency expressed through constructor argument with index 1 of type [org.ssoup.denv.server.persistence.ApplicationConfigRepository]: : No qualifying bean of type [org.ssoup.denv.server.persistence.ApplicationConfigRepository] is defined: expected single matching bean but found 2: mongoDBImageRepository,mongoDBApplicationConfigRepository; nested exception is org.springframework.beans.factory.NoUniqueBeanDefinitionException: No qualifying bean of type [org.ssoup.denv.server.persistence.ApplicationConfigRepository] is defined: expected single matching bean but found 2: mongoDBImageRepository,mongoDBApplicationConfigRepository
	at org.springframework.beans.factory.support.SimpleInstantiationStrategy.instantiate(SimpleInstantiationStrategy.java:188)
	at org.springframework.beans.factory.support.ConstructorResolver.instantiateUsingFactoryMethod(ConstructorResolver.java:586)
	... 130 common frames omitted
Caused by: org.springframework.beans.factory.BeanCreationException: Error creating bean with name &apos;config&apos; defined in class path resource [org/springframework/data/rest/webmvc/config/RepositoryRestMvcConfiguration.class]: Instantiation of bean failed; nested exception is org.springframework.beans.factory.BeanDefinitionStoreException: Factory method [public org.springframework.data.rest.core.config.RepositoryRestConfiguration org.springframework.data.rest.webmvc.config.RepositoryRestMvcConfiguration.config()] threw exception; nested exception is org.springframework.beans.factory.BeanCreationException: Error creating bean with name &apos;repositories&apos; defined in class path resource [org/springframework/data/rest/webmvc/config/RepositoryRestMvcConfiguration.class]: Instantiation of bean failed; nested exception is org.springframework.beans.factory.BeanDefinitionStoreException: Factory method [public org.springframework.data.repository.support.Repositories org.springframework.data.rest.webmvc.config.RepositoryRestMvcConfiguration.repositories()] threw exception; nested exception is org.springframework.beans.factory.UnsatisfiedDependencyException: Error creating bean with name &apos;mongoDBEnvironmentRepositoryImpl&apos; defined in URL [jar:file:/C:/workspaces/denv/denv-server-mongodb/target/denv-server-mongodb-0.1.0.jar!/org/ssoup/denv/server/persistence/mongodb/repository/MongoDBEnvironmentRepositoryImpl.class]: Unsatisfied dependency expressed through constructor argument with index 1 of type [org.ssoup.denv.server.persistence.ApplicationConfigRepository]: : No qualifying bean of type [org.ssoup.denv.server.persistence.ApplicationConfigRepository] is defined: expected single matching bean but found 2: mongoDBImageRepository,mongoDBApplicationConfigRepository; nested exception is org.springframework.beans.factory.NoUniqueBeanDefinitionException: No qualifying bean of type [org.ssoup.denv.server.persistence.ApplicationConfigRepository] is defined: expected single matching bean but found 2: mongoDBImageRepository,mongoDBApplicationConfigRepository
	at org.springframework.beans.factory.support.ConstructorResolver.instantiateUsingFactoryMethod(ConstructorResolver.java:597)
	at org.springframework.beans.factory.support.AbstractAutowireCapableBeanFactory.instantiateUsingFactoryMethod(AbstractAutowireCapableBeanFactory.java:1094)
	at org.springframework.beans.factory.support.AbstractAutowireCapableBeanFactory.createBeanInstance(AbstractAutowireCapableBeanFactory.java:989)
	at org.springframework.beans.factory.support.AbstractAutowireCapableBeanFactory.doCreateBean(AbstractAutowireCapableBeanFactory.java:504)
	at org.springframework.beans.factory.support.AbstractAutowireCapableBeanFactory.createBean(AbstractAutowireCapableBeanFactory.java:475)
	at org.springframework.beans.factory.support.AbstractBeanFactory$1.getObject(AbstractBeanFactory.java:302)
	at org.springframework.beans.factory.support.DefaultSingletonBeanRegistry.getSingleton(DefaultSingletonBeanRegistry.java:228)
	at org.springframework.beans.factory.support.AbstractBeanFactory.doGetBean(AbstractBeanFactory.java:298)
	at org.springframework.beans.factory.support.AbstractBeanFactory.getBean(AbstractBeanFactory.java:193)
	at org.springframework.context.annotation.ConfigurationClassEnhancer$BeanMethodInterceptor.intercept(ConfigurationClassEnhancer.java:324)
	at org.springframework.data.rest.webmvc.config.RepositoryRestMvcConfiguration$$EnhancerBySpringCGLIB$$2cc48631.config(&lt;generated&gt;)
	at org.springframework.data.rest.webmvc.config.RepositoryRestMvcConfiguration.jacksonHttpMessageConverter(RepositoryRestMvcConfiguration.java:374)
	at org.springframework.data.rest.webmvc.config.RepositoryRestMvcConfiguration$$EnhancerBySpringCGLIB$$2cc48631.CGLIB$jacksonHttpMessageConverter$21(&lt;generated&gt;)
	at org.springframework.data.rest.webmvc.config.RepositoryRestMvcConfiguration$$EnhancerBySpringCGLIB$$2cc48631$$FastClassBySpringCGLIB$$1e60d3fc.invoke(&lt;generated&gt;)
	at org.springframework.cglib.proxy.MethodProxy.invokeSuper(MethodProxy.java:228)
	at org.springframework.context.annotation.ConfigurationClassEnhancer$BeanMethodInterceptor.intercept(ConfigurationClassEnhancer.java:312)
	at org.springframework.data.rest.webmvc.config.RepositoryRestMvcConfiguration$$EnhancerBySpringCGLIB$$2cc48631.jacksonHttpMessageConverter(&lt;generated&gt;)
	at sun.reflect.NativeMethodAccessorImpl.invoke0(Native Method)
	at sun.reflect.NativeMethodAccessorImpl.invoke(NativeMethodAccessorImpl.java:39)
	at sun.reflect.DelegatingMethodAccessorImpl.invoke(DelegatingMethodAccessorImpl.java:25)
	at java.lang.reflect.Method.invoke(Method.java:597)
	at org.springframework.beans.factory.support.SimpleInstantiationStrategy.instantiate(SimpleInstantiationStrategy.java:166)
	... 131 common frames omitted
Caused by: org.springframework.beans.factory.BeanDefinitionStoreException: Factory method [public org.springframework.data.rest.core.config.RepositoryRestConfiguration org.springframework.data.rest.webmvc.config.RepositoryRestMvcConfiguration.config()] threw exception; nested exception is org.springframework.beans.factory.BeanCreationException: Error creating bean with name &apos;repositories&apos; defined in class path resource [org/springframework/data/rest/webmvc/config/RepositoryRestMvcConfiguration.class]: Instantiation of bean failed; nested exception is org.springframework.beans.factory.BeanDefinitionStoreException: Factory method [public org.springframework.data.repository.support.Repositories org.springframework.data.rest.webmvc.config.RepositoryRestMvcConfiguration.repositories()] threw exception; nested exception is org.springframework.beans.factory.UnsatisfiedDependencyException: Error creating bean with name &apos;mongoDBEnvironmentRepositoryImpl&apos; defined in URL [jar:file:/C:/workspaces/denv/denv-server-mongodb/target/denv-server-mongodb-0.1.0.jar!/org/ssoup/denv/server/persistence/mongodb/repository/MongoDBEnvironmentRepositoryImpl.class]: Unsatisfied dependency expressed through constructor argument with index 1 of type [org.ssoup.denv.server.persistence.ApplicationConfigRepository]: : No qualifying bean of type [org.ssoup.denv.server.persistence.ApplicationConfigRepository] is defined: expected single matching bean but found 2: mongoDBImageRepository,mongoDBApplicationConfigRepository; nested exception is org.springframework.beans.factory.NoUniqueBeanDefinitionException: No qualifying bean of type [org.ssoup.denv.server.persistence.ApplicationConfigRepository] is defined: expected single matching bean but found 2: mongoDBImageRepository,mongoDBApplicationConfigRepository
	at org.springframework.beans.factory.support.SimpleInstantiationStrategy.instantiate(SimpleInstantiationStrategy.java:188)
	at org.springframework.beans.factory.support.ConstructorResolver.instantiateUsingFactoryMethod(ConstructorResolver.java:586)
	... 152 common frames omitted
Caused by: org.springframework.beans.factory.BeanCreationException: Error creating bean with name &apos;repositories&apos; defined in class path resource [org/springframework/data/rest/webmvc/config/RepositoryRestMvcConfiguration.class]: Instantiation of bean failed; nested exception is org.springframework.beans.factory.BeanDefinitionStoreException: Factory method [public org.springframework.data.repository.support.Repositories org.springframework.data.rest.webmvc.config.RepositoryRestMvcConfiguration.repositories()] threw exception; nested exception is org.springframework.beans.factory.UnsatisfiedDependencyException: Error creating bean with name &apos;mongoDBEnvironmentRepositoryImpl&apos; defined in URL [jar:file:/C:/workspaces/denv/denv-server-mongodb/target/denv-server-mongodb-0.1.0.jar!/org/ssoup/denv/server/persistence/mongodb/repository/MongoDBEnvironmentRepositoryImpl.class]: Unsatisfied dependency expressed through constructor argument with index 1 of type [org.ssoup.denv.server.persistence.ApplicationConfigRepository]: : No qualifying bean of type [org.ssoup.denv.server.persistence.ApplicationConfigRepository] is defined: expected single matching bean but found 2: mongoDBImageRepository,mongoDBApplicationConfigRepository; nested exception is org.springframework.beans.factory.NoUniqueBeanDefinitionException: No qualifying bean of type [org.ssoup.denv.server.persistence.ApplicationConfigRepository] is defined: expected single matching bean but found 2: mongoDBImageRepository,mongoDBApplicationConfigRepository
	at org.springframework.beans.factory.support.ConstructorResolver.instantiateUsingFactoryMethod(ConstructorResolver.java:597)
	at org.springframework.beans.factory.support.AbstractAutowireCapableBeanFactory.instantiateUsingFactoryMethod(AbstractAutowireCapableBeanFactory.java:1094)
	at org.springframework.beans.factory.support.AbstractAutowireCapableBeanFactory.createBeanInstance(AbstractAutowireCapableBeanFactory.java:989)
	at org.springframework.beans.factory.support.AbstractAutowireCapableBeanFactory.doCreateBean(AbstractAutowireCapableBeanFactory.java:504)
	at org.springframework.beans.factory.support.AbstractAutowireCapableBeanFactory.createBean(AbstractAutowireCapableBeanFactory.java:475)
	at org.springframework.beans.factory.support.AbstractBeanFactory$1.getObject(AbstractBeanFactory.java:302)
	at org.springframework.beans.factory.support.DefaultSingletonBeanRegistry.getSingleton(DefaultSingletonBeanRegistry.java:228)
	at org.springframework.beans.factory.support.AbstractBeanFactory.doGetBean(AbstractBeanFactory.java:298)
	at org.springframework.beans.factory.support.AbstractBeanFactory.getBean(AbstractBeanFactory.java:193)
	at org.springframework.context.annotation.ConfigurationClassEnhancer$BeanMethodInterceptor.intercept(ConfigurationClassEnhancer.java:324)
	at org.springframework.data.rest.webmvc.config.RepositoryRestMvcConfiguration$$EnhancerBySpringCGLIB$$2cc48631.repositories(&lt;generated&gt;)
	at org.springframework.data.rest.webmvc.config.RepositoryRestMvcConfiguration.getProjections(RepositoryRestMvcConfiguration.java:621)
	at org.springframework.data.rest.webmvc.config.RepositoryRestMvcConfiguration.config(RepositoryRestMvcConfiguration.java:224)
	at org.springframework.data.rest.webmvc.config.RepositoryRestMvcConfiguration$$EnhancerBySpringCGLIB$$2cc48631.CGLIB$config$40(&lt;generated&gt;)
	at org.springframework.data.rest.webmvc.config.RepositoryRestMvcConfiguration$$EnhancerBySpringCGLIB$$2cc48631$$FastClassBySpringCGLIB$$1e60d3fc.invoke(&lt;generated&gt;)
	at org.springframework.cglib.proxy.MethodProxy.invokeSuper(MethodProxy.java:228)
	at org.springframework.context.annotation.ConfigurationClassEnhancer$BeanMethodInterceptor.intercept(ConfigurationClassEnhancer.java:312)
	at org.springframework.data.rest.webmvc.config.RepositoryRestMvcConfiguration$$EnhancerBySpringCGLIB$$2cc48631.config(&lt;generated&gt;)
	at sun.reflect.NativeMethodAccessorImpl.invoke0(Native Method)
	at sun.reflect.NativeMethodAccessorImpl.invoke(NativeMethodAccessorImpl.java:39)
	at sun.reflect.DelegatingMethodAccessorImpl.invoke(DelegatingMethodAccessorImpl.java:25)
	at java.lang.reflect.Method.invoke(Method.java:597)
	at org.springframework.beans.factory.support.SimpleInstantiationStrategy.instantiate(SimpleInstantiationStrategy.java:166)
	... 153 common frames omitted
Caused by: org.springframework.beans.factory.BeanDefinitionStoreException: Factory method [public org.springframework.data.repository.support.Repositories org.springframework.data.rest.webmvc.config.RepositoryRestMvcConfiguration.repositories()] threw exception; nested exception is org.springframework.beans.factory.UnsatisfiedDependencyException: Error creating bean with name &apos;mongoDBEnvironmentRepositoryImpl&apos; defined in URL [jar:file:/C:/workspaces/denv/denv-server-mongodb/target/denv-server-mongodb-0.1.0.jar!/org/ssoup/denv/server/persistence/mongodb/repository/MongoDBEnvironmentRepositoryImpl.class]: Unsatisfied dependency expressed through constructor argument with index 1 of type [org.ssoup.denv.server.persistence.ApplicationConfigRepository]: : No qualifying bean of type [org.ssoup.denv.server.persistence.ApplicationConfigRepository] is defined: expected single matching bean but found 2: mongoDBImageRepository,mongoDBApplicationConfigRepository; nested exception is org.springframework.beans.factory.NoUniqueBeanDefinitionException: No qualifying bean of type [org.ssoup.denv.server.persistence.ApplicationConfigRepository] is defined: expected single matching bean but found 2: mongoDBImageRepository,mongoDBApplicationConfigRepository
	at org.springframework.beans.factory.support.SimpleInstantiationStrategy.instantiate(SimpleInstantiationStrategy.java:188)
	at org.springframework.beans.factory.support.ConstructorResolver.instantiateUsingFactoryMethod(ConstructorResolver.java:586)
	... 175 common frames omitted
Caused by: org.springframework.beans.factory.UnsatisfiedDependencyException: Error creating bean with name &apos;mongoDBEnvironmentRepositoryImpl&apos; defined in URL [jar:file:/C:/workspaces/denv/denv-server-mongodb/target/denv-server-mongodb-0.1.0.jar!/org/ssoup/denv/server/persistence/mongodb/repository/MongoDBEnvironmentRepositoryImpl.class]: Unsatisfied dependency expressed through constructor argument with index 1 of type [org.ssoup.denv.server.persistence.ApplicationConfigRepository]: : No qualifying bean of type [org.ssoup.denv.server.persistence.ApplicationConfigRepository] is defined: expected single matching bean but found 2: mongoDBImageRepository,mongoDBApplicationConfigRepository; nested exception is org.springframework.beans.factory.NoUniqueBeanDefinitionException: No qualifying bean of type [org.ssoup.denv.server.persistence.ApplicationConfigRepository] is defined: expected single matching bean but found 2: mongoDBImageRepository,mongoDBApplicationConfigRepository
	at org.springframework.beans.factory.support.ConstructorResolver.createArgumentArray(ConstructorResolver.java:747)
	at org.springframework.beans.factory.support.ConstructorResolver.autowireConstructor(ConstructorResolver.java:185)
	at org.springframework.beans.factory.support.AbstractAutowireCapableBeanFactory.autowireConstructor(AbstractAutowireCapableBeanFactory.java:1114)
	at org.springframework.beans.factory.support.AbstractAutowireCapableBeanFactory.createBeanInstance(AbstractAutowireCapableBeanFactory.java:1017)
	at org.springframework.beans.factory.support.AbstractAutowireCapableBeanFactory.doCreateBean(AbstractAutowireCapableBeanFactory.java:504)
	at org.springframework.beans.factory.support.AbstractAutowireCapableBeanFactory.createBean(AbstractAutowireCapableBeanFactory.java:475)
	at org.springframework.beans.factory.support.AbstractBeanFactory$1.getObject(AbstractBeanFactory.java:302)
	at org.springframework.beans.factory.support.DefaultSingletonBeanRegistry.getSingleton(DefaultSingletonBeanRegistry.java:228)
	at org.springframework.beans.factory.support.AbstractBeanFactory.doGetBean(AbstractBeanFactory.java:298)
	at org.springframework.beans.factory.support.AbstractBeanFactory.getBean(AbstractBeanFactory.java:193)
	at org.springframework.beans.factory.support.AbstractBeanFactory.doGetBean(AbstractBeanFactory.java:292)
	at org.springframework.beans.factory.support.AbstractBeanFactory.getBean(AbstractBeanFactory.java:198)
	at org.springframework.data.repository.support.Repositories.populateRepositoryFactoryInformation(Repositories.java:87)
	at org.springframework.data.repository.support.Repositories.&lt;init&gt;(Repositories.java:78)
	at org.springframework.data.rest.webmvc.config.RepositoryRestMvcConfiguration.repositories(RepositoryRestMvcConfiguration.java:146)
	at org.springframework.data.rest.webmvc.config.RepositoryRestMvcConfiguration$$EnhancerBySpringCGLIB$$2cc48631.CGLIB$repositories$2(&lt;generated&gt;)
	at org.springframework.data.rest.webmvc.config.RepositoryRestMvcConfiguration$$EnhancerBySpringCGLIB$$2cc48631$$FastClassBySpringCGLIB$$1e60d3fc.invoke(&lt;generated&gt;)
	at org.springframework.cglib.proxy.MethodProxy.invokeSuper(MethodProxy.java:228)
	at org.springframework.context.annotation.ConfigurationClassEnhancer$BeanMethodInterceptor.intercept(ConfigurationClassEnhancer.java:312)
	at org.springframework.data.rest.webmvc.config.RepositoryRestMvcConfiguration$$EnhancerBySpringCGLIB$$2cc48631.repositories(&lt;generated&gt;)
	at sun.reflect.NativeMethodAccessorImpl.invoke0(Native Method)
	at sun.reflect.NativeMethodAccessorImpl.invoke(NativeMethodAccessorImpl.java:39)
	at sun.reflect.DelegatingMethodAccessorImpl.invoke(DelegatingMethodAccessorImpl.java:25)
	at java.lang.reflect.Method.invoke(Method.java:597)
	at org.springframework.beans.factory.support.SimpleInstantiationStrategy.instantiate(SimpleInstantiationStrategy.java:166)
	... 176 common frames omitted
Caused by: org.springframework.beans.factory.NoUniqueBeanDefinitionException: No qualifying bean of type [org.ssoup.denv.server.persistence.ApplicationConfigRepository] is defined: expected single matching bean but found 2: mongoDBImageRepository,mongoDBApplicationConfigRepository
	at org.springframework.beans.factory.support.DefaultListableBeanFactory.doResolveDependency(DefaultListableBeanFactory.java:970)
	at org.springframework.beans.factory.support.DefaultListableBeanFactory.resolveDependency(DefaultListableBeanFactory.java:858)
	at org.springframework.beans.factory.support.ConstructorResolver.resolveAutowiredArgument(ConstructorResolver.java:811)
	at org.springframework.beans.factory.support.ConstructorResolver.createArgumentArray(ConstructorResolver.java:739)
	... 200 common frames omitted

</system-out>
  </testcase>
</testsuite>