<?xml version="1.0" encoding="UTF-8" ?>
<testsuite failures="0" time="50.822" errors="0" skipped="0" tests="1" name="org.ssoup.denv.server.test.DenvCLITest">
  <properties>
    <property name="java.runtime.name" value="Java(TM) SE Runtime Environment"/>
    <property name="sun.boot.library.path" value="C:\myDeveloper\jdk1.7.0_21\jre\bin"/>
    <property name="java.vm.version" value="23.21-b01"/>
    <property name="java.vm.vendor" value="Oracle Corporation"/>
    <property name="java.vendor.url" value="http://java.oracle.com/"/>
    <property name="path.separator" value=";"/>
    <property name="java.vm.name" value="Java HotSpot(TM) 64-Bit Server VM"/>
    <property name="file.encoding.pkg" value="sun.io"/>
    <property name="user.script" value=""/>
    <property name="user.country" value="GB"/>
    <property name="sun.java.launcher" value="SUN_STANDARD"/>
    <property name="sun.os.patch.level" value="Service Pack 1"/>
    <property name="java.vm.specification.name" value="Java Virtual Machine Specification"/>
    <property name="user.dir" value="C:\workspaces\denv\denv-server-integration-test"/>
    <property name="PID" value="10348"/>
    <property name="java.runtime.version" value="1.7.0_21-b11"/>
    <property name="java.awt.graphicsenv" value="sun.awt.Win32GraphicsEnvironment"/>
    <property name="basedir" value="C:\workspaces\denv\denv-server-integration-test"/>
    <property name="java.endorsed.dirs" value="C:\myDeveloper\jdk1.7.0_21\jre\lib\endorsed"/>
    <property name="os.arch" value="amd64"/>
    <property name="surefire.real.class.path" value="C:\Users\ALB\AppData\Local\Temp\surefirebooter3249523899058326053.jar"/>
    <property name="java.io.tmpdir" value="C:\Users\ALB\AppData\Local\Temp\"/>
    <property name="line.separator" value="
"/>
    <property name="java.vm.specification.vendor" value="Oracle Corporation"/>
    <property name="LOG_TEMP" value="C:/Users/ALB/AppData/Local/Temp"/>
    <property name="user.variant" value=""/>
    <property name="os.name" value="Windows 7"/>
    <property name="sun.jnu.encoding" value="Cp1252"/>
    <property name="java.library.path" value="C:\myDeveloper\jdk1.7.0_21\jre\bin;C:\windows\Sun\Java\bin;C:\windows\system32;C:\windows;C:\Program Files (x86)\PC Connectivity Solution\;C:\Program Files\Common Files\Microsoft Shared\Windows Live;C:\windows\system32;C:\windows;C:\windows\System32\Wbem;C:\windows\System32\WindowsPowerShell\v1.0\;C:\Program Files (x86)\Common Files\Roxio Shared\DLLShared\;C:\Program Files\WIDCOMM\Bluetooth Software\;C:\Program Files\WIDCOMM\Bluetooth Software\syswow64;C:\Program Files\Broadcom\Broadcom 802.11;C:\Program Files (x86)\ATI Technologies\ATI.ACE\Core-Static;C:\Program Files (x86)\Common Files\Roxio Shared\OEM\DLLShared\;C:\Program Files (x86)\Common Files\Roxio Shared\OEM\DLLShared\;C:\Program Files (x86)\Common Files\Roxio Shared\OEM\12.0\DLLShared\;C:\Program Files (x86)\Roxio\OEM\AudioCore\;C:\Program Files (x86)\Intel\Services\IPT\;C:\Program Files (x86)\Common Files\Acronis\SnapAPI\;C:\myDeveloper\jdk1.6.0_30\bin;C:\myDeveloper\apache-maven-2.2.1\bin;C:\myDeveloper\mySQL\MySQL Server 5.5\bin;C:\Program Files (x86)\Heroku\bin;C:\Program Files (x86)\ruby-1.9.3\bin;C:\Program Files (x86)\git\bin;C:\Program Files (x86)\git\cmd;C:\myDeveloper\apache-ant-1.8.4\bin;C:\myDeveloper\grails-2.0.4\bin;C:\Program Files (x86)\QuickTime\QTSystem\;C:\Program Files\TortoiseHg\;c:\svn;C:\Program Files\TortoiseSVN\bin;C:\librerie\android-sdk\sdk\platform-tools;C:\librerie\android-sdk\sdk\tools;C:\Program Files\nodejs\;C:\Program Files (x86)\Git\cmd;C:\Program Files (x86)\Vagrant\bin;C:\Go\bin;C:\Program Files\MongoDB 2.6 Standard\bin;C:\Users\ALB\AppData\Roaming\npm;C:\myDeveloper\nginx-1.6.0;C:\Program Files\MySQL\MySQL Server 5.6\bin;C:\Program Files\Oracle\VirtualBox;c:\workspaces\go\bin;."/>
    <property name="surefire.test.class.path" value="C:\workspaces\denv\denv-server-integration-test\target\test-classes;C:\workspaces\denv\denv-server-integration-test\target\classes;C:\workspaces\denv\denv-server-mongodb\target\denv-server-mongodb-0.1.0.jar;C:\workspaces\denv\denv-server-docker\target\denv-server-docker-0.1.0.jar;C:\workspaces\denv\denv-server-containerization\target\denv-server-containerization-0.1.0.jar;C:\workspaces\denv\denv-server\target\denv-server-0.1.0.jar;C:\workspaces\denv\denv-core\target\denv-core-0.1.0.jar;C:\Users\ALB\.m2\repository\org\springframework\boot\spring-boot-starter\1.1.5.RELEASE\spring-boot-starter-1.1.5.RELEASE.jar;C:\Users\ALB\.m2\repository\org\springframework\boot\spring-boot\1.1.5.RELEASE\spring-boot-1.1.5.RELEASE.jar;C:\Users\ALB\.m2\repository\org\springframework\spring-core\4.0.6.RELEASE\spring-core-4.0.6.RELEASE.jar;C:\Users\ALB\.m2\repository\org\springframework\spring-context\4.0.6.RELEASE\spring-context-4.0.6.RELEASE.jar;C:\Users\ALB\.m2\repository\org\springframework\spring-aop\4.0.6.RELEASE\spring-aop-4.0.6.RELEASE.jar;C:\Users\ALB\.m2\repository\aopalliance\aopalliance\1.0\aopalliance-1.0.jar;C:\Users\ALB\.m2\repository\org\springframework\spring-beans\4.0.6.RELEASE\spring-beans-4.0.6.RELEASE.jar;C:\Users\ALB\.m2\repository\org\springframework\spring-expression\4.0.6.RELEASE\spring-expression-4.0.6.RELEASE.jar;C:\Users\ALB\.m2\repository\org\springframework\boot\spring-boot-autoconfigure\1.1.5.RELEASE\spring-boot-autoconfigure-1.1.5.RELEASE.jar;C:\Users\ALB\.m2\repository\org\springframework\boot\spring-boot-starter-logging\1.1.5.RELEASE\spring-boot-starter-logging-1.1.5.RELEASE.jar;C:\Users\ALB\.m2\repository\org\slf4j\jcl-over-slf4j\1.7.7\jcl-over-slf4j-1.7.7.jar;C:\Users\ALB\.m2\repository\org\slf4j\slf4j-api\1.7.7\slf4j-api-1.7.7.jar;C:\Users\ALB\.m2\repository\org\slf4j\jul-to-slf4j\1.7.7\jul-to-slf4j-1.7.7.jar;C:\Users\ALB\.m2\repository\org\slf4j\log4j-over-slf4j\1.7.7\log4j-over-slf4j-1.7.7.jar;C:\Users\ALB\.m2\repository\ch\qos\logback\logback-classic\1.1.2\logback-classic-1.1.2.jar;C:\Users\ALB\.m2\repository\ch\qos\logback\logback-core\1.1.2\logback-core-1.1.2.jar;C:\Users\ALB\.m2\repository\org\yaml\snakeyaml\1.13\snakeyaml-1.13.jar;C:\Users\ALB\.m2\repository\org\springframework\data\spring-data-commons\1.8.2.RELEASE\spring-data-commons-1.8.2.RELEASE.jar;C:\Users\ALB\.m2\repository\org\springframework\integration\spring-integration-http\4.0.2.RELEASE\spring-integration-http-4.0.2.RELEASE.jar;C:\Users\ALB\.m2\repository\org\springframework\spring-webmvc\4.0.6.RELEASE\spring-webmvc-4.0.6.RELEASE.jar;C:\Users\ALB\.m2\repository\org\springframework\spring-web\4.0.6.RELEASE\spring-web-4.0.6.RELEASE.jar;C:\Users\ALB\.m2\repository\net\java\dev\rome\rome-fetcher\1.0.0\rome-fetcher-1.0.0.jar;C:\Users\ALB\.m2\repository\jdom\jdom\1.0\jdom-1.0.jar;C:\Users\ALB\.m2\repository\xerces\xercesImpl\2.4.0\xercesImpl-2.4.0.jar;C:\Users\ALB\.m2\repository\net\java\dev\rome\rome\1.0.0\rome-1.0.0.jar;C:\Users\ALB\.m2\repository\commons-httpclient\commons-httpclient\3.0.1\commons-httpclient-3.0.1.jar;C:\Users\ALB\.m2\repository\commons-codec\commons-codec\1.8\commons-codec-1.8.jar;C:\Users\ALB\.m2\repository\org\springframework\integration\spring-integration-core\4.0.2.RELEASE\spring-integration-core-4.0.2.RELEASE.jar;C:\Users\ALB\.m2\repository\org\springframework\retry\spring-retry\1.1.0.RELEASE\spring-retry-1.1.0.RELEASE.jar;C:\Users\ALB\.m2\repository\org\springframework\spring-tx\4.0.6.RELEASE\spring-tx-4.0.6.RELEASE.jar;C:\Users\ALB\.m2\repository\org\springframework\spring-messaging\4.0.6.RELEASE\spring-messaging-4.0.6.RELEASE.jar;C:\Users\ALB\.m2\repository\com\fasterxml\jackson\core\jackson-core\2.3.3\jackson-core-2.3.3.jar;C:\Users\ALB\.m2\repository\com\fasterxml\jackson\core\jackson-databind\2.3.3\jackson-databind-2.3.3.jar;C:\Users\ALB\.m2\repository\com\fasterxml\jackson\core\jackson-annotations\2.3.3\jackson-annotations-2.3.3.jar;C:\Users\ALB\.m2\repository\org\springframework\boot\spring-boot-starter-web\1.1.5.RELEASE\spring-boot-starter-web-1.1.5.RELEASE.jar;C:\Users\ALB\.m2\repository\org\springframework\boot\spring-boot-starter-tomcat\1.1.5.RELEASE\spring-boot-starter-tomcat-1.1.5.RELEASE.jar;C:\Users\ALB\.m2\repository\org\apache\tomcat\embed\tomcat-embed-core\7.0.54\tomcat-embed-core-7.0.54.jar;C:\Users\ALB\.m2\repository\org\apache\tomcat\embed\tomcat-embed-el\7.0.54\tomcat-embed-el-7.0.54.jar;C:\Users\ALB\.m2\repository\org\apache\tomcat\embed\tomcat-embed-logging-juli\7.0.54\tomcat-embed-logging-juli-7.0.54.jar;C:\Users\ALB\.m2\repository\org\hibernate\hibernate-validator\5.0.3.Final\hibernate-validator-5.0.3.Final.jar;C:\Users\ALB\.m2\repository\javax\validation\validation-api\1.1.0.Final\validation-api-1.1.0.Final.jar;C:\Users\ALB\.m2\repository\org\jboss\logging\jboss-logging\3.1.1.GA\jboss-logging-3.1.1.GA.jar;C:\Users\ALB\.m2\repository\com\fasterxml\classmate\1.0.0\classmate-1.0.0.jar;C:\Users\ALB\.m2\repository\org\springframework\boot\spring-boot-starter-security\1.1.5.RELEASE\spring-boot-starter-security-1.1.5.RELEASE.jar;C:\Users\ALB\.m2\repository\org\springframework\security\spring-security-config\3.2.4.RELEASE\spring-security-config-3.2.4.RELEASE.jar;C:\Users\ALB\.m2\repository\org\springframework\security\spring-security-core\3.2.4.RELEASE\spring-security-core-3.2.4.RELEASE.jar;C:\Users\ALB\.m2\repository\org\springframework\security\spring-security-web\3.2.4.RELEASE\spring-security-web-3.2.4.RELEASE.jar;C:\Users\ALB\.m2\repository\org\springframework\boot\spring-boot-starter-actuator\1.1.5.RELEASE\spring-boot-starter-actuator-1.1.5.RELEASE.jar;C:\Users\ALB\.m2\repository\org\springframework\boot\spring-boot-actuator\1.1.5.RELEASE\spring-boot-actuator-1.1.5.RELEASE.jar;C:\Users\ALB\.m2\repository\org\springframework\boot\spring-boot-starter-data-rest\1.1.5.RELEASE\spring-boot-starter-data-rest-1.1.5.RELEASE.jar;C:\Users\ALB\.m2\repository\org\springframework\data\spring-data-rest-webmvc\2.1.2.RELEASE\spring-data-rest-webmvc-2.1.2.RELEASE.jar;C:\Users\ALB\.m2\repository\org\springframework\data\spring-data-rest-core\2.1.2.RELEASE\spring-data-rest-core-2.1.2.RELEASE.jar;C:\Users\ALB\.m2\repository\org\springframework\hateoas\spring-hateoas\0.16.0.RELEASE\spring-hateoas-0.16.0.RELEASE.jar;C:\Users\ALB\.m2\repository\org\objenesis\objenesis\2.1\objenesis-2.1.jar;C:\Users\ALB\.m2\repository\org\springframework\plugin\spring-plugin-core\1.1.0.RELEASE\spring-plugin-core-1.1.0.RELEASE.jar;C:\Users\ALB\.m2\repository\org\atteo\evo-inflector\1.2\evo-inflector-1.2.jar;C:\workspaces\denv\denv-core-containerization\target\denv-core-containerization-0.1.0.jar;C:\Users\ALB\.m2\repository\com\github\docker-java\docker-java\0.10.0\docker-java-0.10.0.jar;C:\Users\ALB\.m2\repository\com\fasterxml\jackson\jaxrs\jackson-jaxrs-json-provider\2.3.3\jackson-jaxrs-json-provider-2.3.3.jar;C:\Users\ALB\.m2\repository\com\fasterxml\jackson\jaxrs\jackson-jaxrs-base\2.3.3\jackson-jaxrs-base-2.3.3.jar;C:\Users\ALB\.m2\repository\com\fasterxml\jackson\module\jackson-module-jaxb-annotations\2.3.3\jackson-module-jaxb-annotations-2.3.3.jar;C:\Users\ALB\.m2\repository\org\glassfish\jersey\connectors\jersey-jetty-connector\2.11\jersey-jetty-connector-2.11.jar;C:\Users\ALB\.m2\repository\org\eclipse\jetty\jetty-client\9.1.1.v20140108\jetty-client-9.1.1.v20140108.jar;C:\Users\ALB\.m2\repository\org\eclipse\jetty\jetty-http\9.1.1.v20140108\jetty-http-9.1.1.v20140108.jar;C:\Users\ALB\.m2\repository\org\eclipse\jetty\jetty-util\8.1.15.v20140411\jetty-util-8.1.15.v20140411.jar;C:\Users\ALB\.m2\repository\org\eclipse\jetty\jetty-io\9.1.1.v20140108\jetty-io-9.1.1.v20140108.jar;C:\Users\ALB\.m2\repository\org\glassfish\jersey\core\jersey-common\2.11\jersey-common-2.11.jar;C:\Users\ALB\.m2\repository\javax\ws\rs\javax.ws.rs-api\2.0\javax.ws.rs-api-2.0.jar;C:\Users\ALB\.m2\repository\javax\annotation\javax.annotation-api\1.2\javax.annotation-api-1.2.jar;C:\Users\ALB\.m2\repository\org\glassfish\jersey\bundles\repackaged\jersey-guava\2.11\jersey-guava-2.11.jar;C:\Users\ALB\.m2\repository\org\glassfish\hk2\hk2-api\2.3.0-b05\hk2-api-2.3.0-b05.jar;C:\Users\ALB\.m2\repository\org\glassfish\hk2\hk2-utils\2.3.0-b05\hk2-utils-2.3.0-b05.jar;C:\Users\ALB\.m2\repository\org\glassfish\hk2\external\aopalliance-repackaged\2.3.0-b05\aopalliance-repackaged-2.3.0-b05.jar;C:\Users\ALB\.m2\repository\org\glassfish\hk2\external\javax.inject\2.3.0-b05\javax.inject-2.3.0-b05.jar;C:\Users\ALB\.m2\repository\org\glassfish\hk2\hk2-locator\2.3.0-b05\hk2-locator-2.3.0-b05.jar;C:\Users\ALB\.m2\repository\org\javassist\javassist\3.18.1-GA\javassist-3.18.1-GA.jar;C:\Users\ALB\.m2\repository\org\glassfish\hk2\osgi-resource-locator\1.0.1\osgi-resource-locator-1.0.1.jar;C:\Users\ALB\.m2\repository\org\glassfish\jersey\core\jersey-client\2.11\jersey-client-2.11.jar;C:\Users\ALB\.m2\repository\org\apache\commons\commons-compress\1.5\commons-compress-1.5.jar;C:\Users\ALB\.m2\repository\org\tukaani\xz\1.2\xz-1.2.jar;C:\Users\ALB\.m2\repository\commons-lang\commons-lang\2.6\commons-lang-2.6.jar;C:\Users\ALB\.m2\repository\commons-io\commons-io\2.3\commons-io-2.3.jar;C:\Users\ALB\.m2\repository\com\github\jnr\jnr-unixsocket\0.3\jnr-unixsocket-0.3.jar;C:\Users\ALB\.m2\repository\com\github\jnr\jnr-ffi\1.0.3\jnr-ffi-1.0.3.jar;C:\Users\ALB\.m2\repository\com\github\jnr\jffi\1.2.7\jffi-1.2.7.jar;C:\Users\ALB\.m2\repository\com\github\jnr\jffi\1.2.7\jffi-1.2.7-native.jar;C:\Users\ALB\.m2\repository\org\ow2\asm\asm\4.0\asm-4.0.jar;C:\Users\ALB\.m2\repository\org\ow2\asm\asm-commons\4.0\asm-commons-4.0.jar;C:\Users\ALB\.m2\repository\org\ow2\asm\asm-tree\4.0\asm-tree-4.0.jar;C:\Users\ALB\.m2\repository\org\ow2\asm\asm-analysis\4.0\asm-analysis-4.0.jar;C:\Users\ALB\.m2\repository\org\ow2\asm\asm-util\4.0\asm-util-4.0.jar;C:\Users\ALB\.m2\repository\com\github\jnr\jnr-x86asm\1.0.2\jnr-x86asm-1.0.2.jar;C:\Users\ALB\.m2\repository\com\github\jnr\jnr-constants\0.8.4\jnr-constants-0.8.4.jar;C:\Users\ALB\.m2\repository\com\github\jnr\jnr-enxio\0.4\jnr-enxio-0.4.jar;C:\Users\ALB\.m2\repository\com\google\guava\guava\11.0.1\guava-11.0.1.jar;C:\Users\ALB\.m2\repository\com\google\code\findbugs\jsr305\1.3.9\jsr305-1.3.9.jar;C:\Users\ALB\.m2\repository\org\springframework\boot\spring-boot-starter-data-mongodb\1.1.5.RELEASE\spring-boot-starter-data-mongodb-1.1.5.RELEASE.jar;C:\Users\ALB\.m2\repository\org\mongodb\mongo-java-driver\2.12.2\mongo-java-driver-2.12.2.jar;C:\Users\ALB\.m2\repository\org\springframework\data\spring-data-mongodb\1.5.2.RELEASE\spring-data-mongodb-1.5.2.RELEASE.jar;C:\workspaces\denv\denv-server-rundeck\target\denv-server-rundeck-0.1.0.jar;C:\workspaces\denv\denv-server-panamax\target\denv-server-panamax-0.1.0.jar;C:\workspaces\denv\denv-server-fig\target\denv-server-fig-0.1.0.jar;C:\workspaces\denv\denv-client\target\denv-client-0.1.0.jar;C:\Users\ALB\.m2\repository\org\springframework\boot\spring-boot-starter-test\1.1.5.RELEASE\spring-boot-starter-test-1.1.5.RELEASE.jar;C:\Users\ALB\.m2\repository\junit\junit\4.11\junit-4.11.jar;C:\Users\ALB\.m2\repository\org\hamcrest\hamcrest-core\1.3\hamcrest-core-1.3.jar;C:\Users\ALB\.m2\repository\org\mockito\mockito-core\1.9.5\mockito-core-1.9.5.jar;C:\Users\ALB\.m2\repository\org\hamcrest\hamcrest-library\1.3\hamcrest-library-1.3.jar;C:\Users\ALB\.m2\repository\org\springframework\spring-test\4.0.6.RELEASE\spring-test-4.0.6.RELEASE.jar;C:\workspaces\denv\denv-cli\target\denv-cli-0.1.0.jar;C:\Users\ALB\.m2\repository\com\beust\jcommander\1.30\jcommander-1.30.jar;"/>
    <property name="java.specification.name" value="Java Platform API Specification"/>
    <property name="java.class.version" value="51.0"/>
    <property name="sun.management.compiler" value="HotSpot 64-Bit Tiered Compilers"/>
    <property name="os.version" value="6.1"/>
    <property name="user.home" value="C:\Users\ALB"/>
    <property name="user.timezone" value="Europe/Paris"/>
    <property name="catalina.useNaming" value="false"/>
    <property name="java.awt.printerjob" value="sun.awt.windows.WPrinterJob"/>
    <property name="java.specification.version" value="1.7"/>
    <property name="file.encoding" value="Cp1252"/>
    <property name="catalina.home" value="C:\Users\ALB\AppData\Local\Temp\tomcat.9000480252329413613.8080"/>
    <property name="user.name" value="ALB"/>
    <property name="java.class.path" value="C:\workspaces\denv\denv-server-integration-test\target\test-classes;C:\workspaces\denv\denv-server-integration-test\target\classes;C:\workspaces\denv\denv-server-mongodb\target\denv-server-mongodb-0.1.0.jar;C:\workspaces\denv\denv-server-docker\target\denv-server-docker-0.1.0.jar;C:\workspaces\denv\denv-server-containerization\target\denv-server-containerization-0.1.0.jar;C:\workspaces\denv\denv-server\target\denv-server-0.1.0.jar;C:\workspaces\denv\denv-core\target\denv-core-0.1.0.jar;C:\Users\ALB\.m2\repository\org\springframework\boot\spring-boot-starter\1.1.5.RELEASE\spring-boot-starter-1.1.5.RELEASE.jar;C:\Users\ALB\.m2\repository\org\springframework\boot\spring-boot\1.1.5.RELEASE\spring-boot-1.1.5.RELEASE.jar;C:\Users\ALB\.m2\repository\org\springframework\spring-core\4.0.6.RELEASE\spring-core-4.0.6.RELEASE.jar;C:\Users\ALB\.m2\repository\org\springframework\spring-context\4.0.6.RELEASE\spring-context-4.0.6.RELEASE.jar;C:\Users\ALB\.m2\repository\org\springframework\spring-aop\4.0.6.RELEASE\spring-aop-4.0.6.RELEASE.jar;C:\Users\ALB\.m2\repository\aopalliance\aopalliance\1.0\aopalliance-1.0.jar;C:\Users\ALB\.m2\repository\org\springframework\spring-beans\4.0.6.RELEASE\spring-beans-4.0.6.RELEASE.jar;C:\Users\ALB\.m2\repository\org\springframework\spring-expression\4.0.6.RELEASE\spring-expression-4.0.6.RELEASE.jar;C:\Users\ALB\.m2\repository\org\springframework\boot\spring-boot-autoconfigure\1.1.5.RELEASE\spring-boot-autoconfigure-1.1.5.RELEASE.jar;C:\Users\ALB\.m2\repository\org\springframework\boot\spring-boot-starter-logging\1.1.5.RELEASE\spring-boot-starter-logging-1.1.5.RELEASE.jar;C:\Users\ALB\.m2\repository\org\slf4j\jcl-over-slf4j\1.7.7\jcl-over-slf4j-1.7.7.jar;C:\Users\ALB\.m2\repository\org\slf4j\slf4j-api\1.7.7\slf4j-api-1.7.7.jar;C:\Users\ALB\.m2\repository\org\slf4j\jul-to-slf4j\1.7.7\jul-to-slf4j-1.7.7.jar;C:\Users\ALB\.m2\repository\org\slf4j\log4j-over-slf4j\1.7.7\log4j-over-slf4j-1.7.7.jar;C:\Users\ALB\.m2\repository\ch\qos\logback\logback-classic\1.1.2\logback-classic-1.1.2.jar;C:\Users\ALB\.m2\repository\ch\qos\logback\logback-core\1.1.2\logback-core-1.1.2.jar;C:\Users\ALB\.m2\repository\org\yaml\snakeyaml\1.13\snakeyaml-1.13.jar;C:\Users\ALB\.m2\repository\org\springframework\data\spring-data-commons\1.8.2.RELEASE\spring-data-commons-1.8.2.RELEASE.jar;C:\Users\ALB\.m2\repository\org\springframework\integration\spring-integration-http\4.0.2.RELEASE\spring-integration-http-4.0.2.RELEASE.jar;C:\Users\ALB\.m2\repository\org\springframework\spring-webmvc\4.0.6.RELEASE\spring-webmvc-4.0.6.RELEASE.jar;C:\Users\ALB\.m2\repository\org\springframework\spring-web\4.0.6.RELEASE\spring-web-4.0.6.RELEASE.jar;C:\Users\ALB\.m2\repository\net\java\dev\rome\rome-fetcher\1.0.0\rome-fetcher-1.0.0.jar;C:\Users\ALB\.m2\repository\jdom\jdom\1.0\jdom-1.0.jar;C:\Users\ALB\.m2\repository\xerces\xercesImpl\2.4.0\xercesImpl-2.4.0.jar;C:\Users\ALB\.m2\repository\net\java\dev\rome\rome\1.0.0\rome-1.0.0.jar;C:\Users\ALB\.m2\repository\commons-httpclient\commons-httpclient\3.0.1\commons-httpclient-3.0.1.jar;C:\Users\ALB\.m2\repository\commons-codec\commons-codec\1.8\commons-codec-1.8.jar;C:\Users\ALB\.m2\repository\org\springframework\integration\spring-integration-core\4.0.2.RELEASE\spring-integration-core-4.0.2.RELEASE.jar;C:\Users\ALB\.m2\repository\org\springframework\retry\spring-retry\1.1.0.RELEASE\spring-retry-1.1.0.RELEASE.jar;C:\Users\ALB\.m2\repository\org\springframework\spring-tx\4.0.6.RELEASE\spring-tx-4.0.6.RELEASE.jar;C:\Users\ALB\.m2\repository\org\springframework\spring-messaging\4.0.6.RELEASE\spring-messaging-4.0.6.RELEASE.jar;C:\Users\ALB\.m2\repository\com\fasterxml\jackson\core\jackson-core\2.3.3\jackson-core-2.3.3.jar;C:\Users\ALB\.m2\repository\com\fasterxml\jackson\core\jackson-databind\2.3.3\jackson-databind-2.3.3.jar;C:\Users\ALB\.m2\repository\com\fasterxml\jackson\core\jackson-annotations\2.3.3\jackson-annotations-2.3.3.jar;C:\Users\ALB\.m2\repository\org\springframework\boot\spring-boot-starter-web\1.1.5.RELEASE\spring-boot-starter-web-1.1.5.RELEASE.jar;C:\Users\ALB\.m2\repository\org\springframework\boot\spring-boot-starter-tomcat\1.1.5.RELEASE\spring-boot-starter-tomcat-1.1.5.RELEASE.jar;C:\Users\ALB\.m2\repository\org\apache\tomcat\embed\tomcat-embed-core\7.0.54\tomcat-embed-core-7.0.54.jar;C:\Users\ALB\.m2\repository\org\apache\tomcat\embed\tomcat-embed-el\7.0.54\tomcat-embed-el-7.0.54.jar;C:\Users\ALB\.m2\repository\org\apache\tomcat\embed\tomcat-embed-logging-juli\7.0.54\tomcat-embed-logging-juli-7.0.54.jar;C:\Users\ALB\.m2\repository\org\hibernate\hibernate-validator\5.0.3.Final\hibernate-validator-5.0.3.Final.jar;C:\Users\ALB\.m2\repository\javax\validation\validation-api\1.1.0.Final\validation-api-1.1.0.Final.jar;C:\Users\ALB\.m2\repository\org\jboss\logging\jboss-logging\3.1.1.GA\jboss-logging-3.1.1.GA.jar;C:\Users\ALB\.m2\repository\com\fasterxml\classmate\1.0.0\classmate-1.0.0.jar;C:\Users\ALB\.m2\repository\org\springframework\boot\spring-boot-starter-security\1.1.5.RELEASE\spring-boot-starter-security-1.1.5.RELEASE.jar;C:\Users\ALB\.m2\repository\org\springframework\security\spring-security-config\3.2.4.RELEASE\spring-security-config-3.2.4.RELEASE.jar;C:\Users\ALB\.m2\repository\org\springframework\security\spring-security-core\3.2.4.RELEASE\spring-security-core-3.2.4.RELEASE.jar;C:\Users\ALB\.m2\repository\org\springframework\security\spring-security-web\3.2.4.RELEASE\spring-security-web-3.2.4.RELEASE.jar;C:\Users\ALB\.m2\repository\org\springframework\boot\spring-boot-starter-actuator\1.1.5.RELEASE\spring-boot-starter-actuator-1.1.5.RELEASE.jar;C:\Users\ALB\.m2\repository\org\springframework\boot\spring-boot-actuator\1.1.5.RELEASE\spring-boot-actuator-1.1.5.RELEASE.jar;C:\Users\ALB\.m2\repository\org\springframework\boot\spring-boot-starter-data-rest\1.1.5.RELEASE\spring-boot-starter-data-rest-1.1.5.RELEASE.jar;C:\Users\ALB\.m2\repository\org\springframework\data\spring-data-rest-webmvc\2.1.2.RELEASE\spring-data-rest-webmvc-2.1.2.RELEASE.jar;C:\Users\ALB\.m2\repository\org\springframework\data\spring-data-rest-core\2.1.2.RELEASE\spring-data-rest-core-2.1.2.RELEASE.jar;C:\Users\ALB\.m2\repository\org\springframework\hateoas\spring-hateoas\0.16.0.RELEASE\spring-hateoas-0.16.0.RELEASE.jar;C:\Users\ALB\.m2\repository\org\objenesis\objenesis\2.1\objenesis-2.1.jar;C:\Users\ALB\.m2\repository\org\springframework\plugin\spring-plugin-core\1.1.0.RELEASE\spring-plugin-core-1.1.0.RELEASE.jar;C:\Users\ALB\.m2\repository\org\atteo\evo-inflector\1.2\evo-inflector-1.2.jar;C:\workspaces\denv\denv-core-containerization\target\denv-core-containerization-0.1.0.jar;C:\Users\ALB\.m2\repository\com\github\docker-java\docker-java\0.10.0\docker-java-0.10.0.jar;C:\Users\ALB\.m2\repository\com\fasterxml\jackson\jaxrs\jackson-jaxrs-json-provider\2.3.3\jackson-jaxrs-json-provider-2.3.3.jar;C:\Users\ALB\.m2\repository\com\fasterxml\jackson\jaxrs\jackson-jaxrs-base\2.3.3\jackson-jaxrs-base-2.3.3.jar;C:\Users\ALB\.m2\repository\com\fasterxml\jackson\module\jackson-module-jaxb-annotations\2.3.3\jackson-module-jaxb-annotations-2.3.3.jar;C:\Users\ALB\.m2\repository\org\glassfish\jersey\connectors\jersey-jetty-connector\2.11\jersey-jetty-connector-2.11.jar;C:\Users\ALB\.m2\repository\org\eclipse\jetty\jetty-client\9.1.1.v20140108\jetty-client-9.1.1.v20140108.jar;C:\Users\ALB\.m2\repository\org\eclipse\jetty\jetty-http\9.1.1.v20140108\jetty-http-9.1.1.v20140108.jar;C:\Users\ALB\.m2\repository\org\eclipse\jetty\jetty-util\8.1.15.v20140411\jetty-util-8.1.15.v20140411.jar;C:\Users\ALB\.m2\repository\org\eclipse\jetty\jetty-io\9.1.1.v20140108\jetty-io-9.1.1.v20140108.jar;C:\Users\ALB\.m2\repository\org\glassfish\jersey\core\jersey-common\2.11\jersey-common-2.11.jar;C:\Users\ALB\.m2\repository\javax\ws\rs\javax.ws.rs-api\2.0\javax.ws.rs-api-2.0.jar;C:\Users\ALB\.m2\repository\javax\annotation\javax.annotation-api\1.2\javax.annotation-api-1.2.jar;C:\Users\ALB\.m2\repository\org\glassfish\jersey\bundles\repackaged\jersey-guava\2.11\jersey-guava-2.11.jar;C:\Users\ALB\.m2\repository\org\glassfish\hk2\hk2-api\2.3.0-b05\hk2-api-2.3.0-b05.jar;C:\Users\ALB\.m2\repository\org\glassfish\hk2\hk2-utils\2.3.0-b05\hk2-utils-2.3.0-b05.jar;C:\Users\ALB\.m2\repository\org\glassfish\hk2\external\aopalliance-repackaged\2.3.0-b05\aopalliance-repackaged-2.3.0-b05.jar;C:\Users\ALB\.m2\repository\org\glassfish\hk2\external\javax.inject\2.3.0-b05\javax.inject-2.3.0-b05.jar;C:\Users\ALB\.m2\repository\org\glassfish\hk2\hk2-locator\2.3.0-b05\hk2-locator-2.3.0-b05.jar;C:\Users\ALB\.m2\repository\org\javassist\javassist\3.18.1-GA\javassist-3.18.1-GA.jar;C:\Users\ALB\.m2\repository\org\glassfish\hk2\osgi-resource-locator\1.0.1\osgi-resource-locator-1.0.1.jar;C:\Users\ALB\.m2\repository\org\glassfish\jersey\core\jersey-client\2.11\jersey-client-2.11.jar;C:\Users\ALB\.m2\repository\org\apache\commons\commons-compress\1.5\commons-compress-1.5.jar;C:\Users\ALB\.m2\repository\org\tukaani\xz\1.2\xz-1.2.jar;C:\Users\ALB\.m2\repository\commons-lang\commons-lang\2.6\commons-lang-2.6.jar;C:\Users\ALB\.m2\repository\commons-io\commons-io\2.3\commons-io-2.3.jar;C:\Users\ALB\.m2\repository\com\github\jnr\jnr-unixsocket\0.3\jnr-unixsocket-0.3.jar;C:\Users\ALB\.m2\repository\com\github\jnr\jnr-ffi\1.0.3\jnr-ffi-1.0.3.jar;C:\Users\ALB\.m2\repository\com\github\jnr\jffi\1.2.7\jffi-1.2.7.jar;C:\Users\ALB\.m2\repository\com\github\jnr\jffi\1.2.7\jffi-1.2.7-native.jar;C:\Users\ALB\.m2\repository\org\ow2\asm\asm\4.0\asm-4.0.jar;C:\Users\ALB\.m2\repository\org\ow2\asm\asm-commons\4.0\asm-commons-4.0.jar;C:\Users\ALB\.m2\repository\org\ow2\asm\asm-tree\4.0\asm-tree-4.0.jar;C:\Users\ALB\.m2\repository\org\ow2\asm\asm-analysis\4.0\asm-analysis-4.0.jar;C:\Users\ALB\.m2\repository\org\ow2\asm\asm-util\4.0\asm-util-4.0.jar;C:\Users\ALB\.m2\repository\com\github\jnr\jnr-x86asm\1.0.2\jnr-x86asm-1.0.2.jar;C:\Users\ALB\.m2\repository\com\github\jnr\jnr-constants\0.8.4\jnr-constants-0.8.4.jar;C:\Users\ALB\.m2\repository\com\github\jnr\jnr-enxio\0.4\jnr-enxio-0.4.jar;C:\Users\ALB\.m2\repository\com\google\guava\guava\11.0.1\guava-11.0.1.jar;C:\Users\ALB\.m2\repository\com\google\code\findbugs\jsr305\1.3.9\jsr305-1.3.9.jar;C:\Users\ALB\.m2\repository\org\springframework\boot\spring-boot-starter-data-mongodb\1.1.5.RELEASE\spring-boot-starter-data-mongodb-1.1.5.RELEASE.jar;C:\Users\ALB\.m2\repository\org\mongodb\mongo-java-driver\2.12.2\mongo-java-driver-2.12.2.jar;C:\Users\ALB\.m2\repository\org\springframework\data\spring-data-mongodb\1.5.2.RELEASE\spring-data-mongodb-1.5.2.RELEASE.jar;C:\workspaces\denv\denv-server-rundeck\target\denv-server-rundeck-0.1.0.jar;C:\workspaces\denv\denv-server-panamax\target\denv-server-panamax-0.1.0.jar;C:\workspaces\denv\denv-server-fig\target\denv-server-fig-0.1.0.jar;C:\workspaces\denv\denv-client\target\denv-client-0.1.0.jar;C:\Users\ALB\.m2\repository\org\springframework\boot\spring-boot-starter-test\1.1.5.RELEASE\spring-boot-starter-test-1.1.5.RELEASE.jar;C:\Users\ALB\.m2\repository\junit\junit\4.11\junit-4.11.jar;C:\Users\ALB\.m2\repository\org\hamcrest\hamcrest-core\1.3\hamcrest-core-1.3.jar;C:\Users\ALB\.m2\repository\org\mockito\mockito-core\1.9.5\mockito-core-1.9.5.jar;C:\Users\ALB\.m2\repository\org\hamcrest\hamcrest-library\1.3\hamcrest-library-1.3.jar;C:\Users\ALB\.m2\repository\org\springframework\spring-test\4.0.6.RELEASE\spring-test-4.0.6.RELEASE.jar;C:\workspaces\denv\denv-cli\target\denv-cli-0.1.0.jar;C:\Users\ALB\.m2\repository\com\beust\jcommander\1.30\jcommander-1.30.jar;"/>
    <property name="java.vm.specification.version" value="1.7"/>
    <property name="sun.arch.data.model" value="64"/>
    <property name="java.home" value="C:\myDeveloper\jdk1.7.0_21\jre"/>
    <property name="sun.java.command" value="C:\Users\ALB\AppData\Local\Temp\surefirebooter3249523899058326053.jar C:\Users\ALB\AppData\Local\Temp\surefire6517448607339319057tmp C:\Users\ALB\AppData\Local\Temp\surefire5406349053993292773tmp"/>
    <property name="java.specification.vendor" value="Oracle Corporation"/>
    <property name="user.language" value="en"/>
    <property name="awt.toolkit" value="sun.awt.windows.WToolkit"/>
    <property name="java.vm.info" value="mixed mode"/>
    <property name="java.version" value="1.7.0_21"/>
    <property name="java.ext.dirs" value="C:\myDeveloper\jdk1.7.0_21\jre\lib\ext;C:\windows\Sun\Java\lib\ext"/>
    <property name="sun.boot.class.path" value="C:\myDeveloper\jdk1.7.0_21\jre\lib\resources.jar;C:\myDeveloper\jdk1.7.0_21\jre\lib\rt.jar;C:\myDeveloper\jdk1.7.0_21\jre\lib\sunrsasign.jar;C:\myDeveloper\jdk1.7.0_21\jre\lib\jsse.jar;C:\myDeveloper\jdk1.7.0_21\jre\lib\jce.jar;C:\myDeveloper\jdk1.7.0_21\jre\lib\charsets.jar;C:\myDeveloper\jdk1.7.0_21\jre\lib\jfr.jar;C:\myDeveloper\jdk1.7.0_21\jre\classes"/>
    <property name="java.vendor" value="Oracle Corporation"/>
    <property name="java.awt.headless" value="true"/>
    <property name="catalina.base" value="C:\Users\ALB\AppData\Local\Temp\tomcat.9000480252329413613.8080"/>
    <property name="localRepository" value="C:\Users\ALB\.m2\repository"/>
    <property name="file.separator" value="\"/>
    <property name="java.vendor.url.bug" value="http://bugreport.sun.com/bugreport/"/>
    <property name="sun.cpu.endian" value="little"/>
    <property name="sun.io.unicode.encoding" value="UnicodeLittle"/>
    <property name="sun.desktop" value="windows"/>
    <property name="sun.cpu.isalist" value="amd64"/>
  </properties>
  <testcase time="50.684" classname="org.ssoup.denv.server.test.DenvCLITest" name="testListEnvs"/>
</testsuite>